ARM GAS  C:\Users\Phuong\AppData\Local\Temp\ccMA8gCn.s 			page 1


   1              		.syntax unified
   2              		.cpu cortex-m0plus
   3              		.fpu softvfp
   4              		.eabi_attribute 20, 1
   5              		.eabi_attribute 21, 1
   6              		.eabi_attribute 23, 3
   7              		.eabi_attribute 24, 1
   8              		.eabi_attribute 25, 1
   9              		.eabi_attribute 26, 1
  10              		.eabi_attribute 30, 1
  11              		.eabi_attribute 34, 0
  12              		.eabi_attribute 18, 4
  13              		.thumb
  14              		.syntax unified
  15              		.file	"async_operation.c"
  16              		.text
  17              	.Ltext0:
  18              		.cfi_sections	.debug_frame
  19              		.section	.text.async_operation_create,"ax",%progbits
  20              		.align	2
  21              		.global	async_operation_create
  22              		.code	16
  23              		.thumb_func
  24              		.type	async_operation_create, %function
  25              	async_operation_create:
  26              	.LFB1:
  27              		.file 1 "Source\\azure_iot_sdk\\uamqp\\src\\async_operation.c"
   1:Source\azure_iot_sdk\uamqp\src/async_operation.c **** // Copyright (c) Microsoft. All rights reserved.
   2:Source\azure_iot_sdk\uamqp\src/async_operation.c **** // Licensed under the MIT license. See LICENSE file in the project root for full license informatio
   3:Source\azure_iot_sdk\uamqp\src/async_operation.c **** 
   4:Source\azure_iot_sdk\uamqp\src/async_operation.c **** #include <stdlib.h>
   5:Source\azure_iot_sdk\uamqp\src/async_operation.c **** #include <stdint.h>
   6:Source\azure_iot_sdk\uamqp\src/async_operation.c **** #include <stddef.h>
   7:Source\azure_iot_sdk\uamqp\src/async_operation.c **** #include <string.h>
   8:Source\azure_iot_sdk\uamqp\src/async_operation.c **** #include "azure_c_shared_utility/optimize_size.h"
   9:Source\azure_iot_sdk\uamqp\src/async_operation.c **** #include "azure_c_shared_utility/gballoc.h"
  10:Source\azure_iot_sdk\uamqp\src/async_operation.c **** #include "azure_c_shared_utility/xlogging.h"
  11:Source\azure_iot_sdk\uamqp\src/async_operation.c **** #include "azure_uamqp_c/async_operation.h"
  12:Source\azure_iot_sdk\uamqp\src/async_operation.c **** 
  13:Source\azure_iot_sdk\uamqp\src/async_operation.c **** typedef struct ASYNC_OPERATION_INSTANCE_TAG
  14:Source\azure_iot_sdk\uamqp\src/async_operation.c **** {
  15:Source\azure_iot_sdk\uamqp\src/async_operation.c ****     ASYNC_OPERATION_CANCEL_HANDLER_FUNC async_operation_cancel_handler;
  16:Source\azure_iot_sdk\uamqp\src/async_operation.c **** } ASYNC_OPERATION_INSTANCE;
  17:Source\azure_iot_sdk\uamqp\src/async_operation.c **** 
  18:Source\azure_iot_sdk\uamqp\src/async_operation.c **** ASYNC_OPERATION_HANDLE async_operation_create(ASYNC_OPERATION_CANCEL_HANDLER_FUNC async_operation_c
  19:Source\azure_iot_sdk\uamqp\src/async_operation.c **** {
  28              		.loc 1 19 0
  29              		.cfi_startproc
  30              		@ args = 0, pretend = 0, frame = 0
  31              		@ frame_needed = 0, uses_anonymous_args = 0
  32              	.LVL0:
  33 0000 30B5     		push	{r4, r5, lr}
  34              		.cfi_def_cfa_offset 12
  35              		.cfi_offset 4, -12
  36              		.cfi_offset 5, -8
  37              		.cfi_offset 14, -4
  38 0002 83B0     		sub	sp, sp, #12
ARM GAS  C:\Users\Phuong\AppData\Local\Temp\ccMA8gCn.s 			page 2


  39              		.cfi_def_cfa_offset 24
  40 0004 051E     		subs	r5, r0, #0
  20:Source\azure_iot_sdk\uamqp\src/async_operation.c ****     ASYNC_OPERATION_INSTANCE* async_operation;
  21:Source\azure_iot_sdk\uamqp\src/async_operation.c **** 
  22:Source\azure_iot_sdk\uamqp\src/async_operation.c ****     if (async_operation_cancel_handler == NULL)
  41              		.loc 1 22 0
  42 0006 0ED1     		bne	.L2
  43              	.LBB2:
  23:Source\azure_iot_sdk\uamqp\src/async_operation.c ****     {
  24:Source\azure_iot_sdk\uamqp\src/async_operation.c ****         /* Codes_SRS_ASYNC_OPERATION_01_002: [ If `async_operation_cancel_handler` is NULL, `async_
  25:Source\azure_iot_sdk\uamqp\src/async_operation.c ****         LogError("Cannot allocate memory for async operation");
  44              		.loc 1 25 0 discriminator 3
  45 0008 FFF7FEFF 		bl	xlogging_get_log_function
  46              	.LVL1:
  47 000c 041E     		subs	r4, r0, #0
  48              	.LVL2:
  49 000e 30D0     		beq	.L6
  50              		.loc 1 25 0 is_stmt 0 discriminator 4
  51 0010 1B4B     		ldr	r3, .L8
  52 0012 0193     		str	r3, [sp, #4]
  53 0014 0123     		movs	r3, #1
  54 0016 0093     		str	r3, [sp]
  55 0018 1833     		adds	r3, r3, #24
  56 001a 1A4A     		ldr	r2, .L8+4
  57 001c 1A49     		ldr	r1, .L8+8
  58 001e 0020     		movs	r0, #0
  59              	.LVL3:
  60 0020 A047     		blx	r4
  61              	.LVL4:
  62              	.LBE2:
  26:Source\azure_iot_sdk\uamqp\src/async_operation.c ****         async_operation = NULL;
  63              		.loc 1 26 0 is_stmt 1 discriminator 4
  64 0022 0024     		movs	r4, #0
  65              	.LVL5:
  66 0024 28E0     		b	.L3
  67              	.LVL6:
  68              	.L2:
  27:Source\azure_iot_sdk\uamqp\src/async_operation.c ****     }
  28:Source\azure_iot_sdk\uamqp\src/async_operation.c ****     else if (context_size < sizeof(ASYNC_OPERATION_INSTANCE))
  69              		.loc 1 28 0
  70 0026 0329     		cmp	r1, #3
  71 0028 0ED8     		bhi	.L4
  72              	.LBB3:
  29:Source\azure_iot_sdk\uamqp\src/async_operation.c ****     {
  30:Source\azure_iot_sdk\uamqp\src/async_operation.c ****         /* Codes_SRS_ASYNC_OPERATION_01_003: [ If `context_size` is less than the size of the `asyn
  31:Source\azure_iot_sdk\uamqp\src/async_operation.c ****         LogError("Context size too small");
  73              		.loc 1 31 0 discriminator 3
  74 002a FFF7FEFF 		bl	xlogging_get_log_function
  75              	.LVL7:
  76 002e 041E     		subs	r4, r0, #0
  77              	.LVL8:
  78 0030 21D0     		beq	.L7
  79              		.loc 1 31 0 is_stmt 0 discriminator 4
  80 0032 164B     		ldr	r3, .L8+12
  81 0034 0193     		str	r3, [sp, #4]
  82 0036 0123     		movs	r3, #1
  83 0038 0093     		str	r3, [sp]
ARM GAS  C:\Users\Phuong\AppData\Local\Temp\ccMA8gCn.s 			page 3


  84 003a 1E33     		adds	r3, r3, #30
  85 003c 114A     		ldr	r2, .L8+4
  86 003e 1249     		ldr	r1, .L8+8
  87 0040 0020     		movs	r0, #0
  88              	.LVL9:
  89 0042 A047     		blx	r4
  90              	.LVL10:
  91              	.LBE3:
  32:Source\azure_iot_sdk\uamqp\src/async_operation.c ****         async_operation = NULL;
  92              		.loc 1 32 0 is_stmt 1 discriminator 4
  93 0044 0024     		movs	r4, #0
  94              	.LVL11:
  95 0046 17E0     		b	.L3
  96              	.LVL12:
  97              	.L4:
  33:Source\azure_iot_sdk\uamqp\src/async_operation.c ****     }
  34:Source\azure_iot_sdk\uamqp\src/async_operation.c ****     else
  35:Source\azure_iot_sdk\uamqp\src/async_operation.c ****     {
  36:Source\azure_iot_sdk\uamqp\src/async_operation.c ****         async_operation = (ASYNC_OPERATION_INSTANCE*)malloc(context_size);
  98              		.loc 1 36 0
  99 0048 0800     		movs	r0, r1
 100              	.LVL13:
 101 004a FFF7FEFF 		bl	malloc
 102              	.LVL14:
 103 004e 041E     		subs	r4, r0, #0
 104              	.LVL15:
  37:Source\azure_iot_sdk\uamqp\src/async_operation.c ****         if (async_operation == NULL)
 105              		.loc 1 37 0
 106 0050 0DD1     		bne	.L5
 107              	.LBB4:
  38:Source\azure_iot_sdk\uamqp\src/async_operation.c ****         {
  39:Source\azure_iot_sdk\uamqp\src/async_operation.c ****             /* Codes_SRS_ASYNC_OPERATION_01_004: [ If allocating memory for the new asynchronous op
  40:Source\azure_iot_sdk\uamqp\src/async_operation.c ****             LogError("Cannot allocate memory for async operation");
 108              		.loc 1 40 0 discriminator 3
 109 0052 FFF7FEFF 		bl	xlogging_get_log_function
 110              	.LVL16:
 111 0056 051E     		subs	r5, r0, #0
 112              	.LVL17:
 113 0058 0ED0     		beq	.L3
 114              		.loc 1 40 0 is_stmt 0 discriminator 4
 115 005a 094B     		ldr	r3, .L8
 116 005c 0193     		str	r3, [sp, #4]
 117 005e 0123     		movs	r3, #1
 118 0060 0093     		str	r3, [sp]
 119 0062 2733     		adds	r3, r3, #39
 120 0064 074A     		ldr	r2, .L8+4
 121 0066 0849     		ldr	r1, .L8+8
 122 0068 0020     		movs	r0, #0
 123              	.LVL18:
 124 006a A847     		blx	r5
 125              	.LVL19:
 126 006c 04E0     		b	.L3
 127              	.LVL20:
 128              	.L5:
 129              	.LBE4:
  41:Source\azure_iot_sdk\uamqp\src/async_operation.c ****         }
  42:Source\azure_iot_sdk\uamqp\src/async_operation.c ****         else
ARM GAS  C:\Users\Phuong\AppData\Local\Temp\ccMA8gCn.s 			page 4


  43:Source\azure_iot_sdk\uamqp\src/async_operation.c ****         {
  44:Source\azure_iot_sdk\uamqp\src/async_operation.c ****             /* Codes_SRS_ASYNC_OPERATION_01_001: [ `async_operation_create` shall return a non-NULL
  45:Source\azure_iot_sdk\uamqp\src/async_operation.c ****             async_operation->async_operation_cancel_handler = async_operation_cancel_handler;
 130              		.loc 1 45 0 is_stmt 1
 131 006e 0560     		str	r5, [r0]
 132 0070 02E0     		b	.L3
 133              	.LVL21:
 134              	.L6:
  26:Source\azure_iot_sdk\uamqp\src/async_operation.c ****     }
 135              		.loc 1 26 0
 136 0072 0024     		movs	r4, #0
 137 0074 00E0     		b	.L3
 138              	.LVL22:
 139              	.L7:
  32:Source\azure_iot_sdk\uamqp\src/async_operation.c ****     }
 140              		.loc 1 32 0
 141 0076 0024     		movs	r4, #0
 142              	.LVL23:
 143              	.L3:
  46:Source\azure_iot_sdk\uamqp\src/async_operation.c ****         }
  47:Source\azure_iot_sdk\uamqp\src/async_operation.c ****     }
  48:Source\azure_iot_sdk\uamqp\src/async_operation.c **** 
  49:Source\azure_iot_sdk\uamqp\src/async_operation.c ****     return async_operation;
  50:Source\azure_iot_sdk\uamqp\src/async_operation.c **** }
 144              		.loc 1 50 0
 145 0078 2000     		movs	r0, r4
 146 007a 03B0     		add	sp, sp, #12
 147              		@ sp needed
 148              	.LVL24:
 149 007c 30BD     		pop	{r4, r5, pc}
 150              	.L9:
 151 007e C046     		.align	2
 152              	.L8:
 153 0080 34000000 		.word	.LC3
 154 0084 00000000 		.word	.LANCHOR0
 155 0088 00000000 		.word	.LC1
 156 008c 60000000 		.word	.LC5
 157              		.cfi_endproc
 158              	.LFE1:
 159              		.size	async_operation_create, .-async_operation_create
 160              		.section	.text.async_operation_destroy,"ax",%progbits
 161              		.align	2
 162              		.global	async_operation_destroy
 163              		.code	16
 164              		.thumb_func
 165              		.type	async_operation_destroy, %function
 166              	async_operation_destroy:
 167              	.LFB2:
  51:Source\azure_iot_sdk\uamqp\src/async_operation.c **** 
  52:Source\azure_iot_sdk\uamqp\src/async_operation.c **** void async_operation_destroy(ASYNC_OPERATION_HANDLE async_operation)
  53:Source\azure_iot_sdk\uamqp\src/async_operation.c **** {
 168              		.loc 1 53 0
 169              		.cfi_startproc
 170              		@ args = 0, pretend = 0, frame = 0
 171              		@ frame_needed = 0, uses_anonymous_args = 0
 172              	.LVL25:
 173 0000 10B5     		push	{r4, lr}
ARM GAS  C:\Users\Phuong\AppData\Local\Temp\ccMA8gCn.s 			page 5


 174              		.cfi_def_cfa_offset 8
 175              		.cfi_offset 4, -8
 176              		.cfi_offset 14, -4
 177 0002 82B0     		sub	sp, sp, #8
 178              		.cfi_def_cfa_offset 16
  54:Source\azure_iot_sdk\uamqp\src/async_operation.c ****     if (async_operation == NULL)
 179              		.loc 1 54 0
 180 0004 0028     		cmp	r0, #0
 181 0006 0ED1     		bne	.L11
 182              	.LBB5:
  55:Source\azure_iot_sdk\uamqp\src/async_operation.c ****     {
  56:Source\azure_iot_sdk\uamqp\src/async_operation.c ****         /* Codes_SRS_ASYNC_OPERATION_01_006: [ If `async_operation` is NULL, `async_operation_destr
  57:Source\azure_iot_sdk\uamqp\src/async_operation.c ****         LogError("NULL async_operation");
 183              		.loc 1 57 0 discriminator 3
 184 0008 FFF7FEFF 		bl	xlogging_get_log_function
 185              	.LVL26:
 186 000c 041E     		subs	r4, r0, #0
 187              	.LVL27:
 188 000e 0CD0     		beq	.L10
 189              		.loc 1 57 0 is_stmt 0 discriminator 4
 190 0010 074B     		ldr	r3, .L13
 191 0012 0193     		str	r3, [sp, #4]
 192 0014 0123     		movs	r3, #1
 193 0016 0093     		str	r3, [sp]
 194 0018 3833     		adds	r3, r3, #56
 195 001a 064A     		ldr	r2, .L13+4
 196 001c 1832     		adds	r2, r2, #24
 197 001e 0649     		ldr	r1, .L13+8
 198 0020 0020     		movs	r0, #0
 199              	.LVL28:
 200 0022 A047     		blx	r4
 201              	.LVL29:
 202 0024 01E0     		b	.L10
 203              	.LVL30:
 204              	.L11:
 205              	.LBE5:
  58:Source\azure_iot_sdk\uamqp\src/async_operation.c ****     }
  59:Source\azure_iot_sdk\uamqp\src/async_operation.c ****     else
  60:Source\azure_iot_sdk\uamqp\src/async_operation.c ****     {
  61:Source\azure_iot_sdk\uamqp\src/async_operation.c ****         /* Codes_SRS_ASYNC_OPERATION_01_005: [ `async_operation_destroy` shall free all recources a
  62:Source\azure_iot_sdk\uamqp\src/async_operation.c ****         free(async_operation);
 206              		.loc 1 62 0 is_stmt 1
 207 0026 FFF7FEFF 		bl	free
 208              	.LVL31:
 209              	.L10:
  63:Source\azure_iot_sdk\uamqp\src/async_operation.c ****     }
  64:Source\azure_iot_sdk\uamqp\src/async_operation.c **** }
 210              		.loc 1 64 0
 211 002a 02B0     		add	sp, sp, #8
 212              		@ sp needed
 213 002c 10BD     		pop	{r4, pc}
 214              	.L14:
 215 002e C046     		.align	2
 216              	.L13:
 217 0030 78000000 		.word	.LC9
 218 0034 00000000 		.word	.LANCHOR0
 219 0038 00000000 		.word	.LC1
ARM GAS  C:\Users\Phuong\AppData\Local\Temp\ccMA8gCn.s 			page 6


 220              		.cfi_endproc
 221              	.LFE2:
 222              		.size	async_operation_destroy, .-async_operation_destroy
 223              		.section	.text.async_operation_cancel,"ax",%progbits
 224              		.align	2
 225              		.global	async_operation_cancel
 226              		.code	16
 227              		.thumb_func
 228              		.type	async_operation_cancel, %function
 229              	async_operation_cancel:
 230              	.LFB3:
  65:Source\azure_iot_sdk\uamqp\src/async_operation.c **** 
  66:Source\azure_iot_sdk\uamqp\src/async_operation.c **** int async_operation_cancel(ASYNC_OPERATION_HANDLE async_operation)
  67:Source\azure_iot_sdk\uamqp\src/async_operation.c **** {
 231              		.loc 1 67 0
 232              		.cfi_startproc
 233              		@ args = 0, pretend = 0, frame = 0
 234              		@ frame_needed = 0, uses_anonymous_args = 0
 235              	.LVL32:
 236 0000 10B5     		push	{r4, lr}
 237              		.cfi_def_cfa_offset 8
 238              		.cfi_offset 4, -8
 239              		.cfi_offset 14, -4
 240 0002 82B0     		sub	sp, sp, #8
 241              		.cfi_def_cfa_offset 16
  68:Source\azure_iot_sdk\uamqp\src/async_operation.c ****     int result;
  69:Source\azure_iot_sdk\uamqp\src/async_operation.c **** 
  70:Source\azure_iot_sdk\uamqp\src/async_operation.c ****     if (async_operation == NULL)
 242              		.loc 1 70 0
 243 0004 0028     		cmp	r0, #0
 244 0006 0FD1     		bne	.L16
 245              	.LBB6:
  71:Source\azure_iot_sdk\uamqp\src/async_operation.c ****     {
  72:Source\azure_iot_sdk\uamqp\src/async_operation.c ****         LogError("NULL async_operation");
 246              		.loc 1 72 0 discriminator 3
 247 0008 FFF7FEFF 		bl	xlogging_get_log_function
 248              	.LVL33:
 249 000c 041E     		subs	r4, r0, #0
 250              	.LVL34:
 251 000e 0FD0     		beq	.L18
 252              		.loc 1 72 0 is_stmt 0 discriminator 4
 253 0010 094B     		ldr	r3, .L19
 254 0012 0193     		str	r3, [sp, #4]
 255 0014 0123     		movs	r3, #1
 256 0016 0093     		str	r3, [sp]
 257 0018 4733     		adds	r3, r3, #71
 258 001a 084A     		ldr	r2, .L19+4
 259 001c 3032     		adds	r2, r2, #48
 260 001e 0849     		ldr	r1, .L19+8
 261 0020 0020     		movs	r0, #0
 262              	.LVL35:
 263 0022 A047     		blx	r4
 264              	.LVL36:
 265              	.LBE6:
  73:Source\azure_iot_sdk\uamqp\src/async_operation.c ****         result = __FAILURE__;
 266              		.loc 1 73 0 is_stmt 1 discriminator 4
 267 0024 4920     		movs	r0, #73
ARM GAS  C:\Users\Phuong\AppData\Local\Temp\ccMA8gCn.s 			page 7


 268 0026 04E0     		b	.L17
 269              	.LVL37:
 270              	.L16:
  74:Source\azure_iot_sdk\uamqp\src/async_operation.c ****     }
  75:Source\azure_iot_sdk\uamqp\src/async_operation.c ****     else
  76:Source\azure_iot_sdk\uamqp\src/async_operation.c ****     {
  77:Source\azure_iot_sdk\uamqp\src/async_operation.c ****         /* Codes_SRS_ASYNC_OPERATION_01_007: [ `async_operation_cancel` shall cancel the operation 
  78:Source\azure_iot_sdk\uamqp\src/async_operation.c ****         async_operation->async_operation_cancel_handler(async_operation);
 271              		.loc 1 78 0
 272 0028 0368     		ldr	r3, [r0]
 273 002a 9847     		blx	r3
 274              	.LVL38:
  79:Source\azure_iot_sdk\uamqp\src/async_operation.c **** 
  80:Source\azure_iot_sdk\uamqp\src/async_operation.c ****         /* Codes_SRS_ASYNC_OPERATION_01_008: [ On success `async_operation_cancel` shall return 0.]
  81:Source\azure_iot_sdk\uamqp\src/async_operation.c ****         result = 0;
 275              		.loc 1 81 0
 276 002c 0020     		movs	r0, #0
 277 002e 00E0     		b	.L17
 278              	.LVL39:
 279              	.L18:
  73:Source\azure_iot_sdk\uamqp\src/async_operation.c ****     }
 280              		.loc 1 73 0
 281 0030 4920     		movs	r0, #73
 282              	.LVL40:
 283              	.L17:
  82:Source\azure_iot_sdk\uamqp\src/async_operation.c ****     }
  83:Source\azure_iot_sdk\uamqp\src/async_operation.c **** 
  84:Source\azure_iot_sdk\uamqp\src/async_operation.c ****     return result;
  85:Source\azure_iot_sdk\uamqp\src/async_operation.c **** }
 284              		.loc 1 85 0
 285 0032 02B0     		add	sp, sp, #8
 286              		@ sp needed
 287 0034 10BD     		pop	{r4, pc}
 288              	.L20:
 289 0036 C046     		.align	2
 290              	.L19:
 291 0038 78000000 		.word	.LC9
 292 003c 00000000 		.word	.LANCHOR0
 293 0040 00000000 		.word	.LC1
 294              		.cfi_endproc
 295              	.LFE3:
 296              		.size	async_operation_cancel, .-async_operation_cancel
 297              		.section	.rodata
 298              		.align	2
 299              		.set	.LANCHOR0,. + 0
 300              		.type	__func__.5871, %object
 301              		.size	__func__.5871, 23
 302              	__func__.5871:
 303 0000 6173796E 		.ascii	"async_operation_create\000"
 303      635F6F70 
 303      65726174 
 303      696F6E5F 
 303      63726561 
 304 0017 00       		.space	1
 305              		.type	__func__.5884, %object
 306              		.size	__func__.5884, 24
 307              	__func__.5884:
ARM GAS  C:\Users\Phuong\AppData\Local\Temp\ccMA8gCn.s 			page 8


 308 0018 6173796E 		.ascii	"async_operation_destroy\000"
 308      635F6F70 
 308      65726174 
 308      696F6E5F 
 308      64657374 
 309              		.type	__func__.5892, %object
 310              		.size	__func__.5892, 23
 311              	__func__.5892:
 312 0030 6173796E 		.ascii	"async_operation_cancel\000"
 312      635F6F70 
 312      65726174 
 312      696F6E5F 
 312      63616E63 
 313              		.section	.rodata.str1.4,"aMS",%progbits,1
 314              		.align	2
 315              	.LC1:
 316 0000 536F7572 		.ascii	"Source\\azure_iot_sdk\\uamqp\\src\\async_operation."
 316      63655C61 
 316      7A757265 
 316      5F696F74 
 316      5F73646B 
 317 002f 6300     		.ascii	"c\000"
 318 0031 000000   		.space	3
 319              	.LC3:
 320 0034 43616E6E 		.ascii	"Cannot allocate memory for async operation\000"
 320      6F742061 
 320      6C6C6F63 
 320      61746520 
 320      6D656D6F 
 321 005f 00       		.space	1
 322              	.LC5:
 323 0060 436F6E74 		.ascii	"Context size too small\000"
 323      65787420 
 323      73697A65 
 323      20746F6F 
 323      20736D61 
 324 0077 00       		.space	1
 325              	.LC9:
 326 0078 4E554C4C 		.ascii	"NULL async_operation\000"
 326      20617379 
 326      6E635F6F 
 326      70657261 
 326      74696F6E 
 327              		.text
 328              	.Letext0:
 329              		.file 2 "c:\\program files (x86)\\cypress\\psoc creator\\4.2\\psoc creator\\import\\gnu\\arm\\5.4.
 330              		.file 3 ".\\Source\\azure_iot_sdk\\c-utility\\inc/azure_c_shared_utility/xlogging.h"
 331              		.file 4 ".\\Source\\azure_iot_sdk\\uamqp\\inc/azure_uamqp_c/async_operation.h"
 332              		.file 5 "c:\\program files (x86)\\cypress\\psoc creator\\4.2\\psoc creator\\import\\gnu\\arm\\5.4.
 333              		.section	.debug_info,"",%progbits
 334              	.Ldebug_info0:
 335 0000 56040000 		.4byte	0x456
 336 0004 0400     		.2byte	0x4
 337 0006 00000000 		.4byte	.Ldebug_abbrev0
 338 000a 04       		.byte	0x4
 339 000b 01       		.uleb128 0x1
 340 000c E0020000 		.4byte	.LASF31
ARM GAS  C:\Users\Phuong\AppData\Local\Temp\ccMA8gCn.s 			page 9


 341 0010 0C       		.byte	0xc
 342 0011 71010000 		.4byte	.LASF32
 343 0015 2C000000 		.4byte	.LASF33
 344 0019 00000000 		.4byte	.Ldebug_ranges0+0
 345 001d 00000000 		.4byte	0
 346 0021 00000000 		.4byte	.Ldebug_line0
 347 0025 02       		.uleb128 0x2
 348 0026 1A000000 		.4byte	.LASF15
 349 002a 02       		.byte	0x2
 350 002b D8       		.byte	0xd8
 351 002c 30000000 		.4byte	0x30
 352 0030 03       		.uleb128 0x3
 353 0031 04       		.byte	0x4
 354 0032 07       		.byte	0x7
 355 0033 10020000 		.4byte	.LASF0
 356 0037 04       		.uleb128 0x4
 357 0038 04       		.byte	0x4
 358 0039 05       		.byte	0x5
 359 003a 696E7400 		.ascii	"int\000"
 360 003e 03       		.uleb128 0x3
 361 003f 08       		.byte	0x8
 362 0040 05       		.byte	0x5
 363 0041 7E020000 		.4byte	.LASF1
 364 0045 03       		.uleb128 0x3
 365 0046 08       		.byte	0x8
 366 0047 04       		.byte	0x4
 367 0048 D4020000 		.4byte	.LASF2
 368 004c 03       		.uleb128 0x3
 369 004d 01       		.byte	0x1
 370 004e 06       		.byte	0x6
 371 004f 72030000 		.4byte	.LASF3
 372 0053 03       		.uleb128 0x3
 373 0054 01       		.byte	0x1
 374 0055 08       		.byte	0x8
 375 0056 02020000 		.4byte	.LASF4
 376 005a 03       		.uleb128 0x3
 377 005b 02       		.byte	0x2
 378 005c 05       		.byte	0x5
 379 005d 9E020000 		.4byte	.LASF5
 380 0061 03       		.uleb128 0x3
 381 0062 02       		.byte	0x2
 382 0063 07       		.byte	0x7
 383 0064 D2010000 		.4byte	.LASF6
 384 0068 03       		.uleb128 0x3
 385 0069 04       		.byte	0x4
 386 006a 05       		.byte	0x5
 387 006b CB020000 		.4byte	.LASF7
 388 006f 03       		.uleb128 0x3
 389 0070 04       		.byte	0x4
 390 0071 07       		.byte	0x7
 391 0072 AF010000 		.4byte	.LASF8
 392 0076 03       		.uleb128 0x3
 393 0077 08       		.byte	0x8
 394 0078 07       		.byte	0x7
 395 0079 35020000 		.4byte	.LASF9
 396 007d 03       		.uleb128 0x3
 397 007e 04       		.byte	0x4
ARM GAS  C:\Users\Phuong\AppData\Local\Temp\ccMA8gCn.s 			page 10


 398 007f 07       		.byte	0x7
 399 0080 53020000 		.4byte	.LASF10
 400 0084 03       		.uleb128 0x3
 401 0085 01       		.byte	0x1
 402 0086 08       		.byte	0x8
 403 0087 8C020000 		.4byte	.LASF11
 404 008b 05       		.uleb128 0x5
 405 008c 04       		.byte	0x4
 406 008d 91000000 		.4byte	0x91
 407 0091 06       		.uleb128 0x6
 408 0092 84000000 		.4byte	0x84
 409 0096 07       		.uleb128 0x7
 410 0097 C1010000 		.4byte	.LASF34
 411 009b 01       		.byte	0x1
 412 009c 53000000 		.4byte	0x53
 413 00a0 03       		.byte	0x3
 414 00a1 22       		.byte	0x22
 415 00a2 B9000000 		.4byte	0xb9
 416 00a6 08       		.uleb128 0x8
 417 00a7 2D010000 		.4byte	.LASF12
 418 00ab 00       		.byte	0
 419 00ac 08       		.uleb128 0x8
 420 00ad A8020000 		.4byte	.LASF13
 421 00b1 01       		.byte	0x1
 422 00b2 08       		.uleb128 0x8
 423 00b3 A2010000 		.4byte	.LASF14
 424 00b7 02       		.byte	0x2
 425 00b8 00       		.byte	0
 426 00b9 02       		.uleb128 0x2
 427 00ba E5010000 		.4byte	.LASF16
 428 00be 03       		.byte	0x3
 429 00bf 27       		.byte	0x27
 430 00c0 96000000 		.4byte	0x96
 431 00c4 02       		.uleb128 0x2
 432 00c5 21000000 		.4byte	.LASF17
 433 00c9 03       		.byte	0x3
 434 00ca 2F       		.byte	0x2f
 435 00cb CF000000 		.4byte	0xcf
 436 00cf 05       		.uleb128 0x5
 437 00d0 04       		.byte	0x4
 438 00d1 D5000000 		.4byte	0xd5
 439 00d5 09       		.uleb128 0x9
 440 00d6 FA000000 		.4byte	0xfa
 441 00da 0A       		.uleb128 0xa
 442 00db B9000000 		.4byte	0xb9
 443 00df 0A       		.uleb128 0xa
 444 00e0 8B000000 		.4byte	0x8b
 445 00e4 0A       		.uleb128 0xa
 446 00e5 8B000000 		.4byte	0x8b
 447 00e9 0A       		.uleb128 0xa
 448 00ea 37000000 		.4byte	0x37
 449 00ee 0A       		.uleb128 0xa
 450 00ef 30000000 		.4byte	0x30
 451 00f3 0A       		.uleb128 0xa
 452 00f4 8B000000 		.4byte	0x8b
 453 00f8 0B       		.uleb128 0xb
 454 00f9 00       		.byte	0
ARM GAS  C:\Users\Phuong\AppData\Local\Temp\ccMA8gCn.s 			page 11


 455 00fa 02       		.uleb128 0x2
 456 00fb 3A010000 		.4byte	.LASF18
 457 00ff 04       		.byte	0x4
 458 0100 12       		.byte	0x12
 459 0101 05010000 		.4byte	0x105
 460 0105 05       		.uleb128 0x5
 461 0106 04       		.byte	0x4
 462 0107 0B010000 		.4byte	0x10b
 463 010b 0C       		.uleb128 0xc
 464 010c 5C020000 		.4byte	.LASF35
 465 0110 04       		.byte	0x4
 466 0111 01       		.byte	0x1
 467 0112 0D       		.byte	0xd
 468 0113 24010000 		.4byte	0x124
 469 0117 0D       		.uleb128 0xd
 470 0118 0E010000 		.4byte	.LASF21
 471 011c 01       		.byte	0x1
 472 011d 0F       		.byte	0xf
 473 011e 24010000 		.4byte	0x124
 474 0122 00       		.byte	0
 475 0123 00       		.byte	0
 476 0124 02       		.uleb128 0x2
 477 0125 EA000000 		.4byte	.LASF19
 478 0129 04       		.byte	0x4
 479 012a 14       		.byte	0x14
 480 012b 2F010000 		.4byte	0x12f
 481 012f 05       		.uleb128 0x5
 482 0130 04       		.byte	0x4
 483 0131 35010000 		.4byte	0x135
 484 0135 09       		.uleb128 0x9
 485 0136 40010000 		.4byte	0x140
 486 013a 0A       		.uleb128 0xa
 487 013b FA000000 		.4byte	0xfa
 488 013f 00       		.byte	0
 489 0140 02       		.uleb128 0x2
 490 0141 D1000000 		.4byte	.LASF20
 491 0145 01       		.byte	0x1
 492 0146 10       		.byte	0x10
 493 0147 0B010000 		.4byte	0x10b
 494 014b 0E       		.uleb128 0xe
 495 014c 5A010000 		.4byte	.LASF25
 496 0150 01       		.byte	0x1
 497 0151 12       		.byte	0x12
 498 0152 FA000000 		.4byte	0xfa
 499 0156 00000000 		.4byte	.LFB1
 500 015a 90000000 		.4byte	.LFE1-.LFB1
 501 015e 01       		.uleb128 0x1
 502 015f 9C       		.byte	0x9c
 503 0160 BE020000 		.4byte	0x2be
 504 0164 0F       		.uleb128 0xf
 505 0165 0E010000 		.4byte	.LASF21
 506 0169 01       		.byte	0x1
 507 016a 12       		.byte	0x12
 508 016b 24010000 		.4byte	0x124
 509 016f 00000000 		.4byte	.LLST0
 510 0173 0F       		.uleb128 0xf
 511 0174 91020000 		.4byte	.LASF22
ARM GAS  C:\Users\Phuong\AppData\Local\Temp\ccMA8gCn.s 			page 12


 512 0178 01       		.byte	0x1
 513 0179 12       		.byte	0x12
 514 017a 25000000 		.4byte	0x25
 515 017e 71000000 		.4byte	.LLST1
 516 0182 10       		.uleb128 0x10
 517 0183 F2010000 		.4byte	.LASF23
 518 0187 01       		.byte	0x1
 519 0188 14       		.byte	0x14
 520 0189 BE020000 		.4byte	0x2be
 521 018d C4000000 		.4byte	.LLST2
 522 0191 11       		.uleb128 0x11
 523 0192 51010000 		.4byte	.LASF24
 524 0196 D4020000 		.4byte	0x2d4
 525 019a 05       		.uleb128 0x5
 526 019b 03       		.byte	0x3
 527 019c 00000000 		.4byte	__func__.5871
 528 01a0 12       		.uleb128 0x12
 529 01a1 08000000 		.4byte	.LBB2
 530 01a5 1A000000 		.4byte	.LBE2-.LBB2
 531 01a9 F9010000 		.4byte	0x1f9
 532 01ad 13       		.uleb128 0x13
 533 01ae 6C00     		.ascii	"l\000"
 534 01b0 01       		.byte	0x1
 535 01b1 19       		.byte	0x19
 536 01b2 C4000000 		.4byte	0xc4
 537 01b6 03010000 		.4byte	.LLST3
 538 01ba 14       		.uleb128 0x14
 539 01bb 0C000000 		.4byte	.LVL1
 540 01bf 38040000 		.4byte	0x438
 541 01c3 15       		.uleb128 0x15
 542 01c4 22000000 		.4byte	.LVL4
 543 01c8 02       		.uleb128 0x2
 544 01c9 74       		.byte	0x74
 545 01ca 00       		.sleb128 0
 546 01cb 16       		.uleb128 0x16
 547 01cc 01       		.uleb128 0x1
 548 01cd 50       		.byte	0x50
 549 01ce 01       		.uleb128 0x1
 550 01cf 30       		.byte	0x30
 551 01d0 16       		.uleb128 0x16
 552 01d1 01       		.uleb128 0x1
 553 01d2 51       		.byte	0x51
 554 01d3 05       		.uleb128 0x5
 555 01d4 03       		.byte	0x3
 556 01d5 00000000 		.4byte	.LC1
 557 01d9 16       		.uleb128 0x16
 558 01da 01       		.uleb128 0x1
 559 01db 52       		.byte	0x52
 560 01dc 05       		.uleb128 0x5
 561 01dd 03       		.byte	0x3
 562 01de 00000000 		.4byte	.LANCHOR0
 563 01e2 16       		.uleb128 0x16
 564 01e3 01       		.uleb128 0x1
 565 01e4 53       		.byte	0x53
 566 01e5 01       		.uleb128 0x1
 567 01e6 49       		.byte	0x49
 568 01e7 16       		.uleb128 0x16
ARM GAS  C:\Users\Phuong\AppData\Local\Temp\ccMA8gCn.s 			page 13


 569 01e8 02       		.uleb128 0x2
 570 01e9 7D       		.byte	0x7d
 571 01ea 00       		.sleb128 0
 572 01eb 01       		.uleb128 0x1
 573 01ec 31       		.byte	0x31
 574 01ed 16       		.uleb128 0x16
 575 01ee 02       		.uleb128 0x2
 576 01ef 7D       		.byte	0x7d
 577 01f0 04       		.sleb128 4
 578 01f1 05       		.uleb128 0x5
 579 01f2 03       		.byte	0x3
 580 01f3 34000000 		.4byte	.LC3
 581 01f7 00       		.byte	0
 582 01f8 00       		.byte	0
 583 01f9 12       		.uleb128 0x12
 584 01fa 2A000000 		.4byte	.LBB3
 585 01fe 1A000000 		.4byte	.LBE3-.LBB3
 586 0202 52020000 		.4byte	0x252
 587 0206 13       		.uleb128 0x13
 588 0207 6C00     		.ascii	"l\000"
 589 0209 01       		.byte	0x1
 590 020a 1F       		.byte	0x1f
 591 020b C4000000 		.4byte	0xc4
 592 020f 2C010000 		.4byte	.LLST4
 593 0213 14       		.uleb128 0x14
 594 0214 2E000000 		.4byte	.LVL7
 595 0218 38040000 		.4byte	0x438
 596 021c 15       		.uleb128 0x15
 597 021d 44000000 		.4byte	.LVL10
 598 0221 02       		.uleb128 0x2
 599 0222 74       		.byte	0x74
 600 0223 00       		.sleb128 0
 601 0224 16       		.uleb128 0x16
 602 0225 01       		.uleb128 0x1
 603 0226 50       		.byte	0x50
 604 0227 01       		.uleb128 0x1
 605 0228 30       		.byte	0x30
 606 0229 16       		.uleb128 0x16
 607 022a 01       		.uleb128 0x1
 608 022b 51       		.byte	0x51
 609 022c 05       		.uleb128 0x5
 610 022d 03       		.byte	0x3
 611 022e 00000000 		.4byte	.LC1
 612 0232 16       		.uleb128 0x16
 613 0233 01       		.uleb128 0x1
 614 0234 52       		.byte	0x52
 615 0235 05       		.uleb128 0x5
 616 0236 03       		.byte	0x3
 617 0237 00000000 		.4byte	.LANCHOR0
 618 023b 16       		.uleb128 0x16
 619 023c 01       		.uleb128 0x1
 620 023d 53       		.byte	0x53
 621 023e 01       		.uleb128 0x1
 622 023f 4F       		.byte	0x4f
 623 0240 16       		.uleb128 0x16
 624 0241 02       		.uleb128 0x2
 625 0242 7D       		.byte	0x7d
ARM GAS  C:\Users\Phuong\AppData\Local\Temp\ccMA8gCn.s 			page 14


 626 0243 00       		.sleb128 0
 627 0244 01       		.uleb128 0x1
 628 0245 31       		.byte	0x31
 629 0246 16       		.uleb128 0x16
 630 0247 02       		.uleb128 0x2
 631 0248 7D       		.byte	0x7d
 632 0249 04       		.sleb128 4
 633 024a 05       		.uleb128 0x5
 634 024b 03       		.byte	0x3
 635 024c 60000000 		.4byte	.LC5
 636 0250 00       		.byte	0
 637 0251 00       		.byte	0
 638 0252 12       		.uleb128 0x12
 639 0253 52000000 		.4byte	.LBB4
 640 0257 1C000000 		.4byte	.LBE4-.LBB4
 641 025b AC020000 		.4byte	0x2ac
 642 025f 13       		.uleb128 0x13
 643 0260 6C00     		.ascii	"l\000"
 644 0262 01       		.byte	0x1
 645 0263 28       		.byte	0x28
 646 0264 C4000000 		.4byte	0xc4
 647 0268 55010000 		.4byte	.LLST5
 648 026c 14       		.uleb128 0x14
 649 026d 56000000 		.4byte	.LVL16
 650 0271 38040000 		.4byte	0x438
 651 0275 15       		.uleb128 0x15
 652 0276 6C000000 		.4byte	.LVL19
 653 027a 02       		.uleb128 0x2
 654 027b 75       		.byte	0x75
 655 027c 00       		.sleb128 0
 656 027d 16       		.uleb128 0x16
 657 027e 01       		.uleb128 0x1
 658 027f 50       		.byte	0x50
 659 0280 01       		.uleb128 0x1
 660 0281 30       		.byte	0x30
 661 0282 16       		.uleb128 0x16
 662 0283 01       		.uleb128 0x1
 663 0284 51       		.byte	0x51
 664 0285 05       		.uleb128 0x5
 665 0286 03       		.byte	0x3
 666 0287 00000000 		.4byte	.LC1
 667 028b 16       		.uleb128 0x16
 668 028c 01       		.uleb128 0x1
 669 028d 52       		.byte	0x52
 670 028e 05       		.uleb128 0x5
 671 028f 03       		.byte	0x3
 672 0290 00000000 		.4byte	.LANCHOR0
 673 0294 16       		.uleb128 0x16
 674 0295 01       		.uleb128 0x1
 675 0296 53       		.byte	0x53
 676 0297 02       		.uleb128 0x2
 677 0298 08       		.byte	0x8
 678 0299 28       		.byte	0x28
 679 029a 16       		.uleb128 0x16
 680 029b 02       		.uleb128 0x2
 681 029c 7D       		.byte	0x7d
 682 029d 00       		.sleb128 0
ARM GAS  C:\Users\Phuong\AppData\Local\Temp\ccMA8gCn.s 			page 15


 683 029e 01       		.uleb128 0x1
 684 029f 31       		.byte	0x31
 685 02a0 16       		.uleb128 0x16
 686 02a1 02       		.uleb128 0x2
 687 02a2 7D       		.byte	0x7d
 688 02a3 04       		.sleb128 4
 689 02a4 05       		.uleb128 0x5
 690 02a5 03       		.byte	0x3
 691 02a6 34000000 		.4byte	.LC3
 692 02aa 00       		.byte	0
 693 02ab 00       		.byte	0
 694 02ac 17       		.uleb128 0x17
 695 02ad 4E000000 		.4byte	.LVL14
 696 02b1 43040000 		.4byte	0x443
 697 02b5 16       		.uleb128 0x16
 698 02b6 01       		.uleb128 0x1
 699 02b7 50       		.byte	0x50
 700 02b8 03       		.uleb128 0x3
 701 02b9 F3       		.byte	0xf3
 702 02ba 01       		.uleb128 0x1
 703 02bb 51       		.byte	0x51
 704 02bc 00       		.byte	0
 705 02bd 00       		.byte	0
 706 02be 05       		.uleb128 0x5
 707 02bf 04       		.byte	0x4
 708 02c0 40010000 		.4byte	0x140
 709 02c4 18       		.uleb128 0x18
 710 02c5 91000000 		.4byte	0x91
 711 02c9 D4020000 		.4byte	0x2d4
 712 02cd 19       		.uleb128 0x19
 713 02ce 7D000000 		.4byte	0x7d
 714 02d2 16       		.byte	0x16
 715 02d3 00       		.byte	0
 716 02d4 06       		.uleb128 0x6
 717 02d5 C4020000 		.4byte	0x2c4
 718 02d9 1A       		.uleb128 0x1a
 719 02da 1D020000 		.4byte	.LASF36
 720 02de 01       		.byte	0x1
 721 02df 34       		.byte	0x34
 722 02e0 00000000 		.4byte	.LFB2
 723 02e4 3C000000 		.4byte	.LFE2-.LFB2
 724 02e8 01       		.uleb128 0x1
 725 02e9 9C       		.byte	0x9c
 726 02ea 70030000 		.4byte	0x370
 727 02ee 0F       		.uleb128 0xf
 728 02ef F2010000 		.4byte	.LASF23
 729 02f3 01       		.byte	0x1
 730 02f4 34       		.byte	0x34
 731 02f5 FA000000 		.4byte	0xfa
 732 02f9 73010000 		.4byte	.LLST6
 733 02fd 11       		.uleb128 0x11
 734 02fe 51010000 		.4byte	.LASF24
 735 0302 80030000 		.4byte	0x380
 736 0306 05       		.uleb128 0x5
 737 0307 03       		.byte	0x3
 738 0308 18000000 		.4byte	__func__.5884
 739 030c 12       		.uleb128 0x12
ARM GAS  C:\Users\Phuong\AppData\Local\Temp\ccMA8gCn.s 			page 16


 740 030d 08000000 		.4byte	.LBB5
 741 0311 1E000000 		.4byte	.LBE5-.LBB5
 742 0315 66030000 		.4byte	0x366
 743 0319 13       		.uleb128 0x13
 744 031a 6C00     		.ascii	"l\000"
 745 031c 01       		.byte	0x1
 746 031d 39       		.byte	0x39
 747 031e C4000000 		.4byte	0xc4
 748 0322 AD010000 		.4byte	.LLST7
 749 0326 14       		.uleb128 0x14
 750 0327 0C000000 		.4byte	.LVL26
 751 032b 38040000 		.4byte	0x438
 752 032f 15       		.uleb128 0x15
 753 0330 24000000 		.4byte	.LVL29
 754 0334 02       		.uleb128 0x2
 755 0335 74       		.byte	0x74
 756 0336 00       		.sleb128 0
 757 0337 16       		.uleb128 0x16
 758 0338 01       		.uleb128 0x1
 759 0339 50       		.byte	0x50
 760 033a 01       		.uleb128 0x1
 761 033b 30       		.byte	0x30
 762 033c 16       		.uleb128 0x16
 763 033d 01       		.uleb128 0x1
 764 033e 51       		.byte	0x51
 765 033f 05       		.uleb128 0x5
 766 0340 03       		.byte	0x3
 767 0341 00000000 		.4byte	.LC1
 768 0345 16       		.uleb128 0x16
 769 0346 01       		.uleb128 0x1
 770 0347 52       		.byte	0x52
 771 0348 05       		.uleb128 0x5
 772 0349 03       		.byte	0x3
 773 034a 18000000 		.4byte	.LANCHOR0+24
 774 034e 16       		.uleb128 0x16
 775 034f 01       		.uleb128 0x1
 776 0350 53       		.byte	0x53
 777 0351 02       		.uleb128 0x2
 778 0352 08       		.byte	0x8
 779 0353 39       		.byte	0x39
 780 0354 16       		.uleb128 0x16
 781 0355 02       		.uleb128 0x2
 782 0356 7D       		.byte	0x7d
 783 0357 00       		.sleb128 0
 784 0358 01       		.uleb128 0x1
 785 0359 31       		.byte	0x31
 786 035a 16       		.uleb128 0x16
 787 035b 02       		.uleb128 0x2
 788 035c 7D       		.byte	0x7d
 789 035d 04       		.sleb128 4
 790 035e 05       		.uleb128 0x5
 791 035f 03       		.byte	0x3
 792 0360 78000000 		.4byte	.LC9
 793 0364 00       		.byte	0
 794 0365 00       		.byte	0
 795 0366 14       		.uleb128 0x14
 796 0367 2A000000 		.4byte	.LVL31
ARM GAS  C:\Users\Phuong\AppData\Local\Temp\ccMA8gCn.s 			page 17


 797 036b 4E040000 		.4byte	0x44e
 798 036f 00       		.byte	0
 799 0370 18       		.uleb128 0x18
 800 0371 91000000 		.4byte	0x91
 801 0375 80030000 		.4byte	0x380
 802 0379 19       		.uleb128 0x19
 803 037a 7D000000 		.4byte	0x7d
 804 037e 17       		.byte	0x17
 805 037f 00       		.byte	0
 806 0380 06       		.uleb128 0x6
 807 0381 70030000 		.4byte	0x370
 808 0385 0E       		.uleb128 0xe
 809 0386 B4020000 		.4byte	.LASF26
 810 038a 01       		.byte	0x1
 811 038b 42       		.byte	0x42
 812 038c 37000000 		.4byte	0x37
 813 0390 00000000 		.4byte	.LFB3
 814 0394 44000000 		.4byte	.LFE3-.LFB3
 815 0398 01       		.uleb128 0x1
 816 0399 9C       		.byte	0x9c
 817 039a 33040000 		.4byte	0x433
 818 039e 0F       		.uleb128 0xf
 819 039f F2010000 		.4byte	.LASF23
 820 03a3 01       		.byte	0x1
 821 03a4 42       		.byte	0x42
 822 03a5 FA000000 		.4byte	0xfa
 823 03a9 CB010000 		.4byte	.LLST8
 824 03ad 10       		.uleb128 0x10
 825 03ae 4C020000 		.4byte	.LASF27
 826 03b2 01       		.byte	0x1
 827 03b3 44       		.byte	0x44
 828 03b4 37000000 		.4byte	0x37
 829 03b8 05020000 		.4byte	.LLST9
 830 03bc 11       		.uleb128 0x11
 831 03bd 51010000 		.4byte	.LASF24
 832 03c1 33040000 		.4byte	0x433
 833 03c5 05       		.uleb128 0x5
 834 03c6 03       		.byte	0x3
 835 03c7 30000000 		.4byte	__func__.5892
 836 03cb 12       		.uleb128 0x12
 837 03cc 08000000 		.4byte	.LBB6
 838 03d0 1C000000 		.4byte	.LBE6-.LBB6
 839 03d4 25040000 		.4byte	0x425
 840 03d8 13       		.uleb128 0x13
 841 03d9 6C00     		.ascii	"l\000"
 842 03db 01       		.byte	0x1
 843 03dc 48       		.byte	0x48
 844 03dd C4000000 		.4byte	0xc4
 845 03e1 24020000 		.4byte	.LLST10
 846 03e5 14       		.uleb128 0x14
 847 03e6 0C000000 		.4byte	.LVL33
 848 03ea 38040000 		.4byte	0x438
 849 03ee 15       		.uleb128 0x15
 850 03ef 24000000 		.4byte	.LVL36
 851 03f3 02       		.uleb128 0x2
 852 03f4 74       		.byte	0x74
 853 03f5 00       		.sleb128 0
ARM GAS  C:\Users\Phuong\AppData\Local\Temp\ccMA8gCn.s 			page 18


 854 03f6 16       		.uleb128 0x16
 855 03f7 01       		.uleb128 0x1
 856 03f8 50       		.byte	0x50
 857 03f9 01       		.uleb128 0x1
 858 03fa 30       		.byte	0x30
 859 03fb 16       		.uleb128 0x16
 860 03fc 01       		.uleb128 0x1
 861 03fd 51       		.byte	0x51
 862 03fe 05       		.uleb128 0x5
 863 03ff 03       		.byte	0x3
 864 0400 00000000 		.4byte	.LC1
 865 0404 16       		.uleb128 0x16
 866 0405 01       		.uleb128 0x1
 867 0406 52       		.byte	0x52
 868 0407 05       		.uleb128 0x5
 869 0408 03       		.byte	0x3
 870 0409 30000000 		.4byte	.LANCHOR0+48
 871 040d 16       		.uleb128 0x16
 872 040e 01       		.uleb128 0x1
 873 040f 53       		.byte	0x53
 874 0410 02       		.uleb128 0x2
 875 0411 08       		.byte	0x8
 876 0412 48       		.byte	0x48
 877 0413 16       		.uleb128 0x16
 878 0414 02       		.uleb128 0x2
 879 0415 7D       		.byte	0x7d
 880 0416 00       		.sleb128 0
 881 0417 01       		.uleb128 0x1
 882 0418 31       		.byte	0x31
 883 0419 16       		.uleb128 0x16
 884 041a 02       		.uleb128 0x2
 885 041b 7D       		.byte	0x7d
 886 041c 04       		.sleb128 4
 887 041d 05       		.uleb128 0x5
 888 041e 03       		.byte	0x3
 889 041f 78000000 		.4byte	.LC9
 890 0423 00       		.byte	0
 891 0424 00       		.byte	0
 892 0425 1B       		.uleb128 0x1b
 893 0426 2C000000 		.4byte	.LVL38
 894 042a 16       		.uleb128 0x16
 895 042b 01       		.uleb128 0x1
 896 042c 50       		.byte	0x50
 897 042d 03       		.uleb128 0x3
 898 042e F3       		.byte	0xf3
 899 042f 01       		.uleb128 0x1
 900 0430 50       		.byte	0x50
 901 0431 00       		.byte	0
 902 0432 00       		.byte	0
 903 0433 06       		.uleb128 0x6
 904 0434 C4020000 		.4byte	0x2c4
 905 0438 1C       		.uleb128 0x1c
 906 0439 00000000 		.4byte	.LASF28
 907 043d 00000000 		.4byte	.LASF28
 908 0441 03       		.byte	0x3
 909 0442 9D       		.byte	0x9d
 910 0443 1C       		.uleb128 0x1c
ARM GAS  C:\Users\Phuong\AppData\Local\Temp\ccMA8gCn.s 			page 19


 911 0444 7E030000 		.4byte	.LASF29
 912 0448 7E030000 		.4byte	.LASF29
 913 044c 05       		.byte	0x5
 914 044d 64       		.byte	0x64
 915 044e 1C       		.uleb128 0x1c
 916 044f 79020000 		.4byte	.LASF30
 917 0453 79020000 		.4byte	.LASF30
 918 0457 05       		.byte	0x5
 919 0458 59       		.byte	0x59
 920 0459 00       		.byte	0
 921              		.section	.debug_abbrev,"",%progbits
 922              	.Ldebug_abbrev0:
 923 0000 01       		.uleb128 0x1
 924 0001 11       		.uleb128 0x11
 925 0002 01       		.byte	0x1
 926 0003 25       		.uleb128 0x25
 927 0004 0E       		.uleb128 0xe
 928 0005 13       		.uleb128 0x13
 929 0006 0B       		.uleb128 0xb
 930 0007 03       		.uleb128 0x3
 931 0008 0E       		.uleb128 0xe
 932 0009 1B       		.uleb128 0x1b
 933 000a 0E       		.uleb128 0xe
 934 000b 55       		.uleb128 0x55
 935 000c 17       		.uleb128 0x17
 936 000d 11       		.uleb128 0x11
 937 000e 01       		.uleb128 0x1
 938 000f 10       		.uleb128 0x10
 939 0010 17       		.uleb128 0x17
 940 0011 00       		.byte	0
 941 0012 00       		.byte	0
 942 0013 02       		.uleb128 0x2
 943 0014 16       		.uleb128 0x16
 944 0015 00       		.byte	0
 945 0016 03       		.uleb128 0x3
 946 0017 0E       		.uleb128 0xe
 947 0018 3A       		.uleb128 0x3a
 948 0019 0B       		.uleb128 0xb
 949 001a 3B       		.uleb128 0x3b
 950 001b 0B       		.uleb128 0xb
 951 001c 49       		.uleb128 0x49
 952 001d 13       		.uleb128 0x13
 953 001e 00       		.byte	0
 954 001f 00       		.byte	0
 955 0020 03       		.uleb128 0x3
 956 0021 24       		.uleb128 0x24
 957 0022 00       		.byte	0
 958 0023 0B       		.uleb128 0xb
 959 0024 0B       		.uleb128 0xb
 960 0025 3E       		.uleb128 0x3e
 961 0026 0B       		.uleb128 0xb
 962 0027 03       		.uleb128 0x3
 963 0028 0E       		.uleb128 0xe
 964 0029 00       		.byte	0
 965 002a 00       		.byte	0
 966 002b 04       		.uleb128 0x4
 967 002c 24       		.uleb128 0x24
ARM GAS  C:\Users\Phuong\AppData\Local\Temp\ccMA8gCn.s 			page 20


 968 002d 00       		.byte	0
 969 002e 0B       		.uleb128 0xb
 970 002f 0B       		.uleb128 0xb
 971 0030 3E       		.uleb128 0x3e
 972 0031 0B       		.uleb128 0xb
 973 0032 03       		.uleb128 0x3
 974 0033 08       		.uleb128 0x8
 975 0034 00       		.byte	0
 976 0035 00       		.byte	0
 977 0036 05       		.uleb128 0x5
 978 0037 0F       		.uleb128 0xf
 979 0038 00       		.byte	0
 980 0039 0B       		.uleb128 0xb
 981 003a 0B       		.uleb128 0xb
 982 003b 49       		.uleb128 0x49
 983 003c 13       		.uleb128 0x13
 984 003d 00       		.byte	0
 985 003e 00       		.byte	0
 986 003f 06       		.uleb128 0x6
 987 0040 26       		.uleb128 0x26
 988 0041 00       		.byte	0
 989 0042 49       		.uleb128 0x49
 990 0043 13       		.uleb128 0x13
 991 0044 00       		.byte	0
 992 0045 00       		.byte	0
 993 0046 07       		.uleb128 0x7
 994 0047 04       		.uleb128 0x4
 995 0048 01       		.byte	0x1
 996 0049 03       		.uleb128 0x3
 997 004a 0E       		.uleb128 0xe
 998 004b 0B       		.uleb128 0xb
 999 004c 0B       		.uleb128 0xb
 1000 004d 49       		.uleb128 0x49
 1001 004e 13       		.uleb128 0x13
 1002 004f 3A       		.uleb128 0x3a
 1003 0050 0B       		.uleb128 0xb
 1004 0051 3B       		.uleb128 0x3b
 1005 0052 0B       		.uleb128 0xb
 1006 0053 01       		.uleb128 0x1
 1007 0054 13       		.uleb128 0x13
 1008 0055 00       		.byte	0
 1009 0056 00       		.byte	0
 1010 0057 08       		.uleb128 0x8
 1011 0058 28       		.uleb128 0x28
 1012 0059 00       		.byte	0
 1013 005a 03       		.uleb128 0x3
 1014 005b 0E       		.uleb128 0xe
 1015 005c 1C       		.uleb128 0x1c
 1016 005d 0B       		.uleb128 0xb
 1017 005e 00       		.byte	0
 1018 005f 00       		.byte	0
 1019 0060 09       		.uleb128 0x9
 1020 0061 15       		.uleb128 0x15
 1021 0062 01       		.byte	0x1
 1022 0063 27       		.uleb128 0x27
 1023 0064 19       		.uleb128 0x19
 1024 0065 01       		.uleb128 0x1
ARM GAS  C:\Users\Phuong\AppData\Local\Temp\ccMA8gCn.s 			page 21


 1025 0066 13       		.uleb128 0x13
 1026 0067 00       		.byte	0
 1027 0068 00       		.byte	0
 1028 0069 0A       		.uleb128 0xa
 1029 006a 05       		.uleb128 0x5
 1030 006b 00       		.byte	0
 1031 006c 49       		.uleb128 0x49
 1032 006d 13       		.uleb128 0x13
 1033 006e 00       		.byte	0
 1034 006f 00       		.byte	0
 1035 0070 0B       		.uleb128 0xb
 1036 0071 18       		.uleb128 0x18
 1037 0072 00       		.byte	0
 1038 0073 00       		.byte	0
 1039 0074 00       		.byte	0
 1040 0075 0C       		.uleb128 0xc
 1041 0076 13       		.uleb128 0x13
 1042 0077 01       		.byte	0x1
 1043 0078 03       		.uleb128 0x3
 1044 0079 0E       		.uleb128 0xe
 1045 007a 0B       		.uleb128 0xb
 1046 007b 0B       		.uleb128 0xb
 1047 007c 3A       		.uleb128 0x3a
 1048 007d 0B       		.uleb128 0xb
 1049 007e 3B       		.uleb128 0x3b
 1050 007f 0B       		.uleb128 0xb
 1051 0080 01       		.uleb128 0x1
 1052 0081 13       		.uleb128 0x13
 1053 0082 00       		.byte	0
 1054 0083 00       		.byte	0
 1055 0084 0D       		.uleb128 0xd
 1056 0085 0D       		.uleb128 0xd
 1057 0086 00       		.byte	0
 1058 0087 03       		.uleb128 0x3
 1059 0088 0E       		.uleb128 0xe
 1060 0089 3A       		.uleb128 0x3a
 1061 008a 0B       		.uleb128 0xb
 1062 008b 3B       		.uleb128 0x3b
 1063 008c 0B       		.uleb128 0xb
 1064 008d 49       		.uleb128 0x49
 1065 008e 13       		.uleb128 0x13
 1066 008f 38       		.uleb128 0x38
 1067 0090 0B       		.uleb128 0xb
 1068 0091 00       		.byte	0
 1069 0092 00       		.byte	0
 1070 0093 0E       		.uleb128 0xe
 1071 0094 2E       		.uleb128 0x2e
 1072 0095 01       		.byte	0x1
 1073 0096 3F       		.uleb128 0x3f
 1074 0097 19       		.uleb128 0x19
 1075 0098 03       		.uleb128 0x3
 1076 0099 0E       		.uleb128 0xe
 1077 009a 3A       		.uleb128 0x3a
 1078 009b 0B       		.uleb128 0xb
 1079 009c 3B       		.uleb128 0x3b
 1080 009d 0B       		.uleb128 0xb
 1081 009e 27       		.uleb128 0x27
ARM GAS  C:\Users\Phuong\AppData\Local\Temp\ccMA8gCn.s 			page 22


 1082 009f 19       		.uleb128 0x19
 1083 00a0 49       		.uleb128 0x49
 1084 00a1 13       		.uleb128 0x13
 1085 00a2 11       		.uleb128 0x11
 1086 00a3 01       		.uleb128 0x1
 1087 00a4 12       		.uleb128 0x12
 1088 00a5 06       		.uleb128 0x6
 1089 00a6 40       		.uleb128 0x40
 1090 00a7 18       		.uleb128 0x18
 1091 00a8 9742     		.uleb128 0x2117
 1092 00aa 19       		.uleb128 0x19
 1093 00ab 01       		.uleb128 0x1
 1094 00ac 13       		.uleb128 0x13
 1095 00ad 00       		.byte	0
 1096 00ae 00       		.byte	0
 1097 00af 0F       		.uleb128 0xf
 1098 00b0 05       		.uleb128 0x5
 1099 00b1 00       		.byte	0
 1100 00b2 03       		.uleb128 0x3
 1101 00b3 0E       		.uleb128 0xe
 1102 00b4 3A       		.uleb128 0x3a
 1103 00b5 0B       		.uleb128 0xb
 1104 00b6 3B       		.uleb128 0x3b
 1105 00b7 0B       		.uleb128 0xb
 1106 00b8 49       		.uleb128 0x49
 1107 00b9 13       		.uleb128 0x13
 1108 00ba 02       		.uleb128 0x2
 1109 00bb 17       		.uleb128 0x17
 1110 00bc 00       		.byte	0
 1111 00bd 00       		.byte	0
 1112 00be 10       		.uleb128 0x10
 1113 00bf 34       		.uleb128 0x34
 1114 00c0 00       		.byte	0
 1115 00c1 03       		.uleb128 0x3
 1116 00c2 0E       		.uleb128 0xe
 1117 00c3 3A       		.uleb128 0x3a
 1118 00c4 0B       		.uleb128 0xb
 1119 00c5 3B       		.uleb128 0x3b
 1120 00c6 0B       		.uleb128 0xb
 1121 00c7 49       		.uleb128 0x49
 1122 00c8 13       		.uleb128 0x13
 1123 00c9 02       		.uleb128 0x2
 1124 00ca 17       		.uleb128 0x17
 1125 00cb 00       		.byte	0
 1126 00cc 00       		.byte	0
 1127 00cd 11       		.uleb128 0x11
 1128 00ce 34       		.uleb128 0x34
 1129 00cf 00       		.byte	0
 1130 00d0 03       		.uleb128 0x3
 1131 00d1 0E       		.uleb128 0xe
 1132 00d2 49       		.uleb128 0x49
 1133 00d3 13       		.uleb128 0x13
 1134 00d4 34       		.uleb128 0x34
 1135 00d5 19       		.uleb128 0x19
 1136 00d6 02       		.uleb128 0x2
 1137 00d7 18       		.uleb128 0x18
 1138 00d8 00       		.byte	0
ARM GAS  C:\Users\Phuong\AppData\Local\Temp\ccMA8gCn.s 			page 23


 1139 00d9 00       		.byte	0
 1140 00da 12       		.uleb128 0x12
 1141 00db 0B       		.uleb128 0xb
 1142 00dc 01       		.byte	0x1
 1143 00dd 11       		.uleb128 0x11
 1144 00de 01       		.uleb128 0x1
 1145 00df 12       		.uleb128 0x12
 1146 00e0 06       		.uleb128 0x6
 1147 00e1 01       		.uleb128 0x1
 1148 00e2 13       		.uleb128 0x13
 1149 00e3 00       		.byte	0
 1150 00e4 00       		.byte	0
 1151 00e5 13       		.uleb128 0x13
 1152 00e6 34       		.uleb128 0x34
 1153 00e7 00       		.byte	0
 1154 00e8 03       		.uleb128 0x3
 1155 00e9 08       		.uleb128 0x8
 1156 00ea 3A       		.uleb128 0x3a
 1157 00eb 0B       		.uleb128 0xb
 1158 00ec 3B       		.uleb128 0x3b
 1159 00ed 0B       		.uleb128 0xb
 1160 00ee 49       		.uleb128 0x49
 1161 00ef 13       		.uleb128 0x13
 1162 00f0 02       		.uleb128 0x2
 1163 00f1 17       		.uleb128 0x17
 1164 00f2 00       		.byte	0
 1165 00f3 00       		.byte	0
 1166 00f4 14       		.uleb128 0x14
 1167 00f5 898201   		.uleb128 0x4109
 1168 00f8 00       		.byte	0
 1169 00f9 11       		.uleb128 0x11
 1170 00fa 01       		.uleb128 0x1
 1171 00fb 31       		.uleb128 0x31
 1172 00fc 13       		.uleb128 0x13
 1173 00fd 00       		.byte	0
 1174 00fe 00       		.byte	0
 1175 00ff 15       		.uleb128 0x15
 1176 0100 898201   		.uleb128 0x4109
 1177 0103 01       		.byte	0x1
 1178 0104 11       		.uleb128 0x11
 1179 0105 01       		.uleb128 0x1
 1180 0106 9342     		.uleb128 0x2113
 1181 0108 18       		.uleb128 0x18
 1182 0109 00       		.byte	0
 1183 010a 00       		.byte	0
 1184 010b 16       		.uleb128 0x16
 1185 010c 8A8201   		.uleb128 0x410a
 1186 010f 00       		.byte	0
 1187 0110 02       		.uleb128 0x2
 1188 0111 18       		.uleb128 0x18
 1189 0112 9142     		.uleb128 0x2111
 1190 0114 18       		.uleb128 0x18
 1191 0115 00       		.byte	0
 1192 0116 00       		.byte	0
 1193 0117 17       		.uleb128 0x17
 1194 0118 898201   		.uleb128 0x4109
 1195 011b 01       		.byte	0x1
ARM GAS  C:\Users\Phuong\AppData\Local\Temp\ccMA8gCn.s 			page 24


 1196 011c 11       		.uleb128 0x11
 1197 011d 01       		.uleb128 0x1
 1198 011e 31       		.uleb128 0x31
 1199 011f 13       		.uleb128 0x13
 1200 0120 00       		.byte	0
 1201 0121 00       		.byte	0
 1202 0122 18       		.uleb128 0x18
 1203 0123 01       		.uleb128 0x1
 1204 0124 01       		.byte	0x1
 1205 0125 49       		.uleb128 0x49
 1206 0126 13       		.uleb128 0x13
 1207 0127 01       		.uleb128 0x1
 1208 0128 13       		.uleb128 0x13
 1209 0129 00       		.byte	0
 1210 012a 00       		.byte	0
 1211 012b 19       		.uleb128 0x19
 1212 012c 21       		.uleb128 0x21
 1213 012d 00       		.byte	0
 1214 012e 49       		.uleb128 0x49
 1215 012f 13       		.uleb128 0x13
 1216 0130 2F       		.uleb128 0x2f
 1217 0131 0B       		.uleb128 0xb
 1218 0132 00       		.byte	0
 1219 0133 00       		.byte	0
 1220 0134 1A       		.uleb128 0x1a
 1221 0135 2E       		.uleb128 0x2e
 1222 0136 01       		.byte	0x1
 1223 0137 3F       		.uleb128 0x3f
 1224 0138 19       		.uleb128 0x19
 1225 0139 03       		.uleb128 0x3
 1226 013a 0E       		.uleb128 0xe
 1227 013b 3A       		.uleb128 0x3a
 1228 013c 0B       		.uleb128 0xb
 1229 013d 3B       		.uleb128 0x3b
 1230 013e 0B       		.uleb128 0xb
 1231 013f 27       		.uleb128 0x27
 1232 0140 19       		.uleb128 0x19
 1233 0141 11       		.uleb128 0x11
 1234 0142 01       		.uleb128 0x1
 1235 0143 12       		.uleb128 0x12
 1236 0144 06       		.uleb128 0x6
 1237 0145 40       		.uleb128 0x40
 1238 0146 18       		.uleb128 0x18
 1239 0147 9742     		.uleb128 0x2117
 1240 0149 19       		.uleb128 0x19
 1241 014a 01       		.uleb128 0x1
 1242 014b 13       		.uleb128 0x13
 1243 014c 00       		.byte	0
 1244 014d 00       		.byte	0
 1245 014e 1B       		.uleb128 0x1b
 1246 014f 898201   		.uleb128 0x4109
 1247 0152 01       		.byte	0x1
 1248 0153 11       		.uleb128 0x11
 1249 0154 01       		.uleb128 0x1
 1250 0155 00       		.byte	0
 1251 0156 00       		.byte	0
 1252 0157 1C       		.uleb128 0x1c
ARM GAS  C:\Users\Phuong\AppData\Local\Temp\ccMA8gCn.s 			page 25


 1253 0158 2E       		.uleb128 0x2e
 1254 0159 00       		.byte	0
 1255 015a 3F       		.uleb128 0x3f
 1256 015b 19       		.uleb128 0x19
 1257 015c 3C       		.uleb128 0x3c
 1258 015d 19       		.uleb128 0x19
 1259 015e 6E       		.uleb128 0x6e
 1260 015f 0E       		.uleb128 0xe
 1261 0160 03       		.uleb128 0x3
 1262 0161 0E       		.uleb128 0xe
 1263 0162 3A       		.uleb128 0x3a
 1264 0163 0B       		.uleb128 0xb
 1265 0164 3B       		.uleb128 0x3b
 1266 0165 0B       		.uleb128 0xb
 1267 0166 00       		.byte	0
 1268 0167 00       		.byte	0
 1269 0168 00       		.byte	0
 1270              		.section	.debug_loc,"",%progbits
 1271              	.Ldebug_loc0:
 1272              	.LLST0:
 1273 0000 00000000 		.4byte	.LVL0
 1274 0004 0B000000 		.4byte	.LVL1-1
 1275 0008 0100     		.2byte	0x1
 1276 000a 50       		.byte	0x50
 1277 000b 0B000000 		.4byte	.LVL1-1
 1278 000f 26000000 		.4byte	.LVL6
 1279 0013 0100     		.2byte	0x1
 1280 0015 55       		.byte	0x55
 1281 0016 26000000 		.4byte	.LVL6
 1282 001a 2D000000 		.4byte	.LVL7-1
 1283 001e 0100     		.2byte	0x1
 1284 0020 50       		.byte	0x50
 1285 0021 2D000000 		.4byte	.LVL7-1
 1286 0025 48000000 		.4byte	.LVL12
 1287 0029 0100     		.2byte	0x1
 1288 002b 55       		.byte	0x55
 1289 002c 48000000 		.4byte	.LVL12
 1290 0030 4A000000 		.4byte	.LVL13
 1291 0034 0100     		.2byte	0x1
 1292 0036 50       		.byte	0x50
 1293 0037 4A000000 		.4byte	.LVL13
 1294 003b 58000000 		.4byte	.LVL17
 1295 003f 0100     		.2byte	0x1
 1296 0041 55       		.byte	0x55
 1297 0042 58000000 		.4byte	.LVL17
 1298 0046 6E000000 		.4byte	.LVL20
 1299 004a 0400     		.2byte	0x4
 1300 004c F3       		.byte	0xf3
 1301 004d 01       		.uleb128 0x1
 1302 004e 50       		.byte	0x50
 1303 004f 9F       		.byte	0x9f
 1304 0050 6E000000 		.4byte	.LVL20
 1305 0054 78000000 		.4byte	.LVL23
 1306 0058 0100     		.2byte	0x1
 1307 005a 55       		.byte	0x55
 1308 005b 78000000 		.4byte	.LVL23
 1309 005f 90000000 		.4byte	.LFE1
ARM GAS  C:\Users\Phuong\AppData\Local\Temp\ccMA8gCn.s 			page 26


 1310 0063 0400     		.2byte	0x4
 1311 0065 F3       		.byte	0xf3
 1312 0066 01       		.uleb128 0x1
 1313 0067 50       		.byte	0x50
 1314 0068 9F       		.byte	0x9f
 1315 0069 00000000 		.4byte	0
 1316 006d 00000000 		.4byte	0
 1317              	.LLST1:
 1318 0071 00000000 		.4byte	.LVL0
 1319 0075 0B000000 		.4byte	.LVL1-1
 1320 0079 0100     		.2byte	0x1
 1321 007b 51       		.byte	0x51
 1322 007c 0B000000 		.4byte	.LVL1-1
 1323 0080 26000000 		.4byte	.LVL6
 1324 0084 0400     		.2byte	0x4
 1325 0086 F3       		.byte	0xf3
 1326 0087 01       		.uleb128 0x1
 1327 0088 51       		.byte	0x51
 1328 0089 9F       		.byte	0x9f
 1329 008a 26000000 		.4byte	.LVL6
 1330 008e 2D000000 		.4byte	.LVL7-1
 1331 0092 0100     		.2byte	0x1
 1332 0094 51       		.byte	0x51
 1333 0095 2D000000 		.4byte	.LVL7-1
 1334 0099 48000000 		.4byte	.LVL12
 1335 009d 0400     		.2byte	0x4
 1336 009f F3       		.byte	0xf3
 1337 00a0 01       		.uleb128 0x1
 1338 00a1 51       		.byte	0x51
 1339 00a2 9F       		.byte	0x9f
 1340 00a3 48000000 		.4byte	.LVL12
 1341 00a7 4D000000 		.4byte	.LVL14-1
 1342 00ab 0100     		.2byte	0x1
 1343 00ad 51       		.byte	0x51
 1344 00ae 4D000000 		.4byte	.LVL14-1
 1345 00b2 90000000 		.4byte	.LFE1
 1346 00b6 0400     		.2byte	0x4
 1347 00b8 F3       		.byte	0xf3
 1348 00b9 01       		.uleb128 0x1
 1349 00ba 51       		.byte	0x51
 1350 00bb 9F       		.byte	0x9f
 1351 00bc 00000000 		.4byte	0
 1352 00c0 00000000 		.4byte	0
 1353              	.LLST2:
 1354 00c4 50000000 		.4byte	.LVL15
 1355 00c8 55000000 		.4byte	.LVL16-1
 1356 00cc 0100     		.2byte	0x1
 1357 00ce 50       		.byte	0x50
 1358 00cf 55000000 		.4byte	.LVL16-1
 1359 00d3 6E000000 		.4byte	.LVL20
 1360 00d7 0100     		.2byte	0x1
 1361 00d9 54       		.byte	0x54
 1362 00da 6E000000 		.4byte	.LVL20
 1363 00de 72000000 		.4byte	.LVL21
 1364 00e2 0100     		.2byte	0x1
 1365 00e4 50       		.byte	0x50
 1366 00e5 78000000 		.4byte	.LVL23
ARM GAS  C:\Users\Phuong\AppData\Local\Temp\ccMA8gCn.s 			page 27


 1367 00e9 7C000000 		.4byte	.LVL24
 1368 00ed 0100     		.2byte	0x1
 1369 00ef 54       		.byte	0x54
 1370 00f0 7C000000 		.4byte	.LVL24
 1371 00f4 90000000 		.4byte	.LFE1
 1372 00f8 0100     		.2byte	0x1
 1373 00fa 50       		.byte	0x50
 1374 00fb 00000000 		.4byte	0
 1375 00ff 00000000 		.4byte	0
 1376              	.LLST3:
 1377 0103 0E000000 		.4byte	.LVL2
 1378 0107 20000000 		.4byte	.LVL3
 1379 010b 0100     		.2byte	0x1
 1380 010d 50       		.byte	0x50
 1381 010e 20000000 		.4byte	.LVL3
 1382 0112 24000000 		.4byte	.LVL5
 1383 0116 0100     		.2byte	0x1
 1384 0118 54       		.byte	0x54
 1385 0119 72000000 		.4byte	.LVL21
 1386 011d 76000000 		.4byte	.LVL22
 1387 0121 0100     		.2byte	0x1
 1388 0123 50       		.byte	0x50
 1389 0124 00000000 		.4byte	0
 1390 0128 00000000 		.4byte	0
 1391              	.LLST4:
 1392 012c 30000000 		.4byte	.LVL8
 1393 0130 42000000 		.4byte	.LVL9
 1394 0134 0100     		.2byte	0x1
 1395 0136 50       		.byte	0x50
 1396 0137 42000000 		.4byte	.LVL9
 1397 013b 46000000 		.4byte	.LVL11
 1398 013f 0100     		.2byte	0x1
 1399 0141 54       		.byte	0x54
 1400 0142 76000000 		.4byte	.LVL22
 1401 0146 78000000 		.4byte	.LVL23
 1402 014a 0100     		.2byte	0x1
 1403 014c 50       		.byte	0x50
 1404 014d 00000000 		.4byte	0
 1405 0151 00000000 		.4byte	0
 1406              	.LLST5:
 1407 0155 58000000 		.4byte	.LVL17
 1408 0159 6A000000 		.4byte	.LVL18
 1409 015d 0100     		.2byte	0x1
 1410 015f 50       		.byte	0x50
 1411 0160 6A000000 		.4byte	.LVL18
 1412 0164 6E000000 		.4byte	.LVL20
 1413 0168 0100     		.2byte	0x1
 1414 016a 55       		.byte	0x55
 1415 016b 00000000 		.4byte	0
 1416 016f 00000000 		.4byte	0
 1417              	.LLST6:
 1418 0173 00000000 		.4byte	.LVL25
 1419 0177 0B000000 		.4byte	.LVL26-1
 1420 017b 0100     		.2byte	0x1
 1421 017d 50       		.byte	0x50
 1422 017e 0B000000 		.4byte	.LVL26-1
 1423 0182 26000000 		.4byte	.LVL30
ARM GAS  C:\Users\Phuong\AppData\Local\Temp\ccMA8gCn.s 			page 28


 1424 0186 0400     		.2byte	0x4
 1425 0188 F3       		.byte	0xf3
 1426 0189 01       		.uleb128 0x1
 1427 018a 50       		.byte	0x50
 1428 018b 9F       		.byte	0x9f
 1429 018c 26000000 		.4byte	.LVL30
 1430 0190 29000000 		.4byte	.LVL31-1
 1431 0194 0100     		.2byte	0x1
 1432 0196 50       		.byte	0x50
 1433 0197 29000000 		.4byte	.LVL31-1
 1434 019b 3C000000 		.4byte	.LFE2
 1435 019f 0400     		.2byte	0x4
 1436 01a1 F3       		.byte	0xf3
 1437 01a2 01       		.uleb128 0x1
 1438 01a3 50       		.byte	0x50
 1439 01a4 9F       		.byte	0x9f
 1440 01a5 00000000 		.4byte	0
 1441 01a9 00000000 		.4byte	0
 1442              	.LLST7:
 1443 01ad 0E000000 		.4byte	.LVL27
 1444 01b1 22000000 		.4byte	.LVL28
 1445 01b5 0100     		.2byte	0x1
 1446 01b7 50       		.byte	0x50
 1447 01b8 22000000 		.4byte	.LVL28
 1448 01bc 26000000 		.4byte	.LVL30
 1449 01c0 0100     		.2byte	0x1
 1450 01c2 54       		.byte	0x54
 1451 01c3 00000000 		.4byte	0
 1452 01c7 00000000 		.4byte	0
 1453              	.LLST8:
 1454 01cb 00000000 		.4byte	.LVL32
 1455 01cf 0B000000 		.4byte	.LVL33-1
 1456 01d3 0100     		.2byte	0x1
 1457 01d5 50       		.byte	0x50
 1458 01d6 0B000000 		.4byte	.LVL33-1
 1459 01da 28000000 		.4byte	.LVL37
 1460 01de 0400     		.2byte	0x4
 1461 01e0 F3       		.byte	0xf3
 1462 01e1 01       		.uleb128 0x1
 1463 01e2 50       		.byte	0x50
 1464 01e3 9F       		.byte	0x9f
 1465 01e4 28000000 		.4byte	.LVL37
 1466 01e8 2B000000 		.4byte	.LVL38-1
 1467 01ec 0100     		.2byte	0x1
 1468 01ee 50       		.byte	0x50
 1469 01ef 2B000000 		.4byte	.LVL38-1
 1470 01f3 44000000 		.4byte	.LFE3
 1471 01f7 0400     		.2byte	0x4
 1472 01f9 F3       		.byte	0xf3
 1473 01fa 01       		.uleb128 0x1
 1474 01fb 50       		.byte	0x50
 1475 01fc 9F       		.byte	0x9f
 1476 01fd 00000000 		.4byte	0
 1477 0201 00000000 		.4byte	0
 1478              	.LLST9:
 1479 0205 2C000000 		.4byte	.LVL38
 1480 0209 30000000 		.4byte	.LVL39
ARM GAS  C:\Users\Phuong\AppData\Local\Temp\ccMA8gCn.s 			page 29


 1481 020d 0200     		.2byte	0x2
 1482 020f 30       		.byte	0x30
 1483 0210 9F       		.byte	0x9f
 1484 0211 32000000 		.4byte	.LVL40
 1485 0215 44000000 		.4byte	.LFE3
 1486 0219 0100     		.2byte	0x1
 1487 021b 50       		.byte	0x50
 1488 021c 00000000 		.4byte	0
 1489 0220 00000000 		.4byte	0
 1490              	.LLST10:
 1491 0224 0E000000 		.4byte	.LVL34
 1492 0228 22000000 		.4byte	.LVL35
 1493 022c 0100     		.2byte	0x1
 1494 022e 50       		.byte	0x50
 1495 022f 22000000 		.4byte	.LVL35
 1496 0233 28000000 		.4byte	.LVL37
 1497 0237 0100     		.2byte	0x1
 1498 0239 54       		.byte	0x54
 1499 023a 30000000 		.4byte	.LVL39
 1500 023e 32000000 		.4byte	.LVL40
 1501 0242 0100     		.2byte	0x1
 1502 0244 50       		.byte	0x50
 1503 0245 00000000 		.4byte	0
 1504 0249 00000000 		.4byte	0
 1505              		.section	.debug_aranges,"",%progbits
 1506 0000 2C000000 		.4byte	0x2c
 1507 0004 0200     		.2byte	0x2
 1508 0006 00000000 		.4byte	.Ldebug_info0
 1509 000a 04       		.byte	0x4
 1510 000b 00       		.byte	0
 1511 000c 0000     		.2byte	0
 1512 000e 0000     		.2byte	0
 1513 0010 00000000 		.4byte	.LFB1
 1514 0014 90000000 		.4byte	.LFE1-.LFB1
 1515 0018 00000000 		.4byte	.LFB2
 1516 001c 3C000000 		.4byte	.LFE2-.LFB2
 1517 0020 00000000 		.4byte	.LFB3
 1518 0024 44000000 		.4byte	.LFE3-.LFB3
 1519 0028 00000000 		.4byte	0
 1520 002c 00000000 		.4byte	0
 1521              		.section	.debug_ranges,"",%progbits
 1522              	.Ldebug_ranges0:
 1523 0000 00000000 		.4byte	.LFB1
 1524 0004 90000000 		.4byte	.LFE1
 1525 0008 00000000 		.4byte	.LFB2
 1526 000c 3C000000 		.4byte	.LFE2
 1527 0010 00000000 		.4byte	.LFB3
 1528 0014 44000000 		.4byte	.LFE3
 1529 0018 00000000 		.4byte	0
 1530 001c 00000000 		.4byte	0
 1531              		.section	.debug_line,"",%progbits
 1532              	.Ldebug_line0:
 1533 0000 62020000 		.section	.debug_str,"MS",%progbits,1
 1533      0200CB01 
 1533      00000201 
 1533      FB0E0D00 
 1533      01010101 
ARM GAS  C:\Users\Phuong\AppData\Local\Temp\ccMA8gCn.s 			page 30


 1534              	.LASF28:
 1535 0000 786C6F67 		.ascii	"xlogging_get_log_function\000"
 1535      67696E67 
 1535      5F676574 
 1535      5F6C6F67 
 1535      5F66756E 
 1536              	.LASF15:
 1537 001a 73697A65 		.ascii	"size_t\000"
 1537      5F7400
 1538              	.LASF17:
 1539 0021 4C4F4747 		.ascii	"LOGGER_LOG\000"
 1539      45525F4C 
 1539      4F4700
 1540              	.LASF33:
 1541 002c 433A5C55 		.ascii	"C:\\Users\\Phuong\\Documents\\PSoC Creator\\Dec0820"
 1541      73657273 
 1541      5C506875 
 1541      6F6E675C 
 1541      446F6375 
 1542 005a 31385C69 		.ascii	"18\\iot-sdk-iot-dev\\PSOC6_FreeRTOS+LwIP+MbedTLS_Az"
 1542      6F742D73 
 1542      646B2D69 
 1542      6F742D64 
 1542      65765C50 
 1543 008b 7572652D 		.ascii	"ure-IOT-Hub-Demo\\PSOC6_FreeRTOS+LwIP+MbedTLS_Azure"
 1543      494F542D 
 1543      4875622D 
 1543      44656D6F 
 1543      5C50534F 
 1544 00bd 2D494F54 		.ascii	"-IOT-Hub-Demo.cydsn\000"
 1544      2D487562 
 1544      2D44656D 
 1544      6F2E6379 
 1544      64736E00 
 1545              	.LASF20:
 1546 00d1 4153594E 		.ascii	"ASYNC_OPERATION_INSTANCE\000"
 1546      435F4F50 
 1546      45524154 
 1546      494F4E5F 
 1546      494E5354 
 1547              	.LASF19:
 1548 00ea 4153594E 		.ascii	"ASYNC_OPERATION_CANCEL_HANDLER_FUNC\000"
 1548      435F4F50 
 1548      45524154 
 1548      494F4E5F 
 1548      43414E43 
 1549              	.LASF21:
 1550 010e 6173796E 		.ascii	"async_operation_cancel_handler\000"
 1550      635F6F70 
 1550      65726174 
 1550      696F6E5F 
 1550      63616E63 
 1551              	.LASF12:
 1552 012d 415A5F4C 		.ascii	"AZ_LOG_ERROR\000"
 1552      4F475F45 
 1552      52524F52 
 1552      00
ARM GAS  C:\Users\Phuong\AppData\Local\Temp\ccMA8gCn.s 			page 31


 1553              	.LASF18:
 1554 013a 4153594E 		.ascii	"ASYNC_OPERATION_HANDLE\000"
 1554      435F4F50 
 1554      45524154 
 1554      494F4E5F 
 1554      48414E44 
 1555              	.LASF24:
 1556 0151 5F5F6675 		.ascii	"__func__\000"
 1556      6E635F5F 
 1556      00
 1557              	.LASF25:
 1558 015a 6173796E 		.ascii	"async_operation_create\000"
 1558      635F6F70 
 1558      65726174 
 1558      696F6E5F 
 1558      63726561 
 1559              	.LASF32:
 1560 0171 536F7572 		.ascii	"Source\\azure_iot_sdk\\uamqp\\src\\async_operation."
 1560      63655C61 
 1560      7A757265 
 1560      5F696F74 
 1560      5F73646B 
 1561 01a0 6300     		.ascii	"c\000"
 1562              	.LASF14:
 1563 01a2 415A5F4C 		.ascii	"AZ_LOG_TRACE\000"
 1563      4F475F54 
 1563      52414345 
 1563      00
 1564              	.LASF8:
 1565 01af 6C6F6E67 		.ascii	"long unsigned int\000"
 1565      20756E73 
 1565      69676E65 
 1565      6420696E 
 1565      7400
 1566              	.LASF34:
 1567 01c1 4C4F475F 		.ascii	"LOG_CATEGORY_TAG\000"
 1567      43415445 
 1567      474F5259 
 1567      5F544147 
 1567      00
 1568              	.LASF6:
 1569 01d2 73686F72 		.ascii	"short unsigned int\000"
 1569      7420756E 
 1569      7369676E 
 1569      65642069 
 1569      6E7400
 1570              	.LASF16:
 1571 01e5 4C4F475F 		.ascii	"LOG_CATEGORY\000"
 1571      43415445 
 1571      474F5259 
 1571      00
 1572              	.LASF23:
 1573 01f2 6173796E 		.ascii	"async_operation\000"
 1573      635F6F70 
 1573      65726174 
 1573      696F6E00 
 1574              	.LASF4:
ARM GAS  C:\Users\Phuong\AppData\Local\Temp\ccMA8gCn.s 			page 32


 1575 0202 756E7369 		.ascii	"unsigned char\000"
 1575      676E6564 
 1575      20636861 
 1575      7200
 1576              	.LASF0:
 1577 0210 756E7369 		.ascii	"unsigned int\000"
 1577      676E6564 
 1577      20696E74 
 1577      00
 1578              	.LASF36:
 1579 021d 6173796E 		.ascii	"async_operation_destroy\000"
 1579      635F6F70 
 1579      65726174 
 1579      696F6E5F 
 1579      64657374 
 1580              	.LASF9:
 1581 0235 6C6F6E67 		.ascii	"long long unsigned int\000"
 1581      206C6F6E 
 1581      6720756E 
 1581      7369676E 
 1581      65642069 
 1582              	.LASF27:
 1583 024c 72657375 		.ascii	"result\000"
 1583      6C7400
 1584              	.LASF10:
 1585 0253 73697A65 		.ascii	"sizetype\000"
 1585      74797065 
 1585      00
 1586              	.LASF35:
 1587 025c 4153594E 		.ascii	"ASYNC_OPERATION_INSTANCE_TAG\000"
 1587      435F4F50 
 1587      45524154 
 1587      494F4E5F 
 1587      494E5354 
 1588              	.LASF30:
 1589 0279 66726565 		.ascii	"free\000"
 1589      00
 1590              	.LASF1:
 1591 027e 6C6F6E67 		.ascii	"long long int\000"
 1591      206C6F6E 
 1591      6720696E 
 1591      7400
 1592              	.LASF11:
 1593 028c 63686172 		.ascii	"char\000"
 1593      00
 1594              	.LASF22:
 1595 0291 636F6E74 		.ascii	"context_size\000"
 1595      6578745F 
 1595      73697A65 
 1595      00
 1596              	.LASF5:
 1597 029e 73686F72 		.ascii	"short int\000"
 1597      7420696E 
 1597      7400
 1598              	.LASF13:
 1599 02a8 415A5F4C 		.ascii	"AZ_LOG_INFO\000"
 1599      4F475F49 
ARM GAS  C:\Users\Phuong\AppData\Local\Temp\ccMA8gCn.s 			page 33


 1599      4E464F00 
 1600              	.LASF26:
 1601 02b4 6173796E 		.ascii	"async_operation_cancel\000"
 1601      635F6F70 
 1601      65726174 
 1601      696F6E5F 
 1601      63616E63 
 1602              	.LASF7:
 1603 02cb 6C6F6E67 		.ascii	"long int\000"
 1603      20696E74 
 1603      00
 1604              	.LASF2:
 1605 02d4 6C6F6E67 		.ascii	"long double\000"
 1605      20646F75 
 1605      626C6500 
 1606              	.LASF31:
 1607 02e0 474E5520 		.ascii	"GNU C11 5.4.1 20160609 (release) [ARM/embedded-5-br"
 1607      43313120 
 1607      352E342E 
 1607      31203230 
 1607      31363036 
 1608 0313 616E6368 		.ascii	"anch revision 237715] -mcpu=cortex-m0plus -mthumb -"
 1608      20726576 
 1608      6973696F 
 1608      6E203233 
 1608      37373135 
 1609 0346 67202D4F 		.ascii	"g -Og -ffunction-sections -ffat-lto-objects\000"
 1609      67202D66 
 1609      66756E63 
 1609      74696F6E 
 1609      2D736563 
 1610              	.LASF3:
 1611 0372 7369676E 		.ascii	"signed char\000"
 1611      65642063 
 1611      68617200 
 1612              	.LASF29:
 1613 037e 6D616C6C 		.ascii	"malloc\000"
 1613      6F6300
 1614              		.ident	"GCC: (GNU Tools for ARM Embedded Processors) 5.4.1 20160609 (release) [ARM/embedded-5-bran
