ARM GAS  C:\Users\Phuong\AppData\Local\Temp\cc2EfCRh.s 			page 1


   1              		.syntax unified
   2              		.cpu cortex-m0plus
   3              		.fpu softvfp
   4              		.eabi_attribute 20, 1
   5              		.eabi_attribute 21, 1
   6              		.eabi_attribute 23, 3
   7              		.eabi_attribute 24, 1
   8              		.eabi_attribute 25, 1
   9              		.eabi_attribute 26, 1
  10              		.eabi_attribute 30, 1
  11              		.eabi_attribute 34, 0
  12              		.eabi_attribute 18, 4
  13              		.thumb
  14              		.syntax unified
  15              		.file	"cyfitter_sysint_cfg.c"
  16              		.text
  17              	.Ltext0:
  18              		.cfi_sections	.debug_frame
  19              		.global	UART_1_SCB_IRQ_cfg
  20              		.global	I2C_SCB_IRQ_cfg
  21              		.global	UART_2_SCB_IRQ_cfg
  22              		.section	.rodata
  23              		.align	2
  24              		.type	UART_1_SCB_IRQ_cfg, %object
  25              		.size	UART_1_SCB_IRQ_cfg, 8
  26              	UART_1_SCB_IRQ_cfg:
  27 0000 0900     		.short	9
  28 0002 2E       		.byte	46
  29 0003 00       		.space	1
  30 0004 03000000 		.word	3
  31              		.type	I2C_SCB_IRQ_cfg, %object
  32              		.size	I2C_SCB_IRQ_cfg, 8
  33              	I2C_SCB_IRQ_cfg:
  34 0008 0800     		.short	8
  35 000a 2C       		.byte	44
  36 000b 00       		.space	1
  37 000c 03000000 		.word	3
  38              		.type	UART_2_SCB_IRQ_cfg, %object
  39              		.size	UART_2_SCB_IRQ_cfg, 8
  40              	UART_2_SCB_IRQ_cfg:
  41 0010 0A00     		.short	10
  42 0012 2A       		.byte	42
  43 0013 00       		.space	1
  44 0014 03000000 		.word	3
  45              		.text
  46              	.Letext0:
  47              		.file 1 "Generated_Source\\PSoC6\\pdl\\devices/psoc6/psoc62/include/cy8c6247bzi_d54.h"
  48              		.file 2 "c:\\program files (x86)\\cypress\\psoc creator\\4.2\\psoc creator\\import\\gnu\\arm\\5.4.
  49              		.file 3 "c:\\program files (x86)\\cypress\\psoc creator\\4.2\\psoc creator\\import\\gnu\\arm\\5.4.
  50              		.file 4 "Generated_Source\\PSoC6\\pdl\\drivers/peripheral/sysint/cy_sysint.h"
  51              		.file 5 "Generated_Source\\PSoC6\\cyfitter_sysint_cfg.c"
  52              		.section	.debug_info,"",%progbits
  53              	.Ldebug_info0:
  54 0000 9C050000 		.4byte	0x59c
  55 0004 0400     		.2byte	0x4
  56 0006 00000000 		.4byte	.Ldebug_abbrev0
  57 000a 04       		.byte	0x4
ARM GAS  C:\Users\Phuong\AppData\Local\Temp\cc2EfCRh.s 			page 2


  58 000b 01       		.uleb128 0x1
  59 000c 6F0E0000 		.4byte	.LASF212
  60 0010 0C       		.byte	0xc
  61 0011 2D0F0000 		.4byte	.LASF213
  62 0015 42090000 		.4byte	.LASF214
  63 0019 00000000 		.4byte	.Ldebug_line0
  64 001d 02       		.uleb128 0x2
  65 001e 02       		.byte	0x2
  66 001f 14010000 		.4byte	0x114
  67 0023 01       		.byte	0x1
  68 0024 24       		.byte	0x24
  69 0025 14010000 		.4byte	0x114
  70 0029 03       		.uleb128 0x3
  71 002a 6F020000 		.4byte	.LASF0
  72 002e 71       		.sleb128 -15
  73 002f 03       		.uleb128 0x3
  74 0030 F10F0000 		.4byte	.LASF1
  75 0034 72       		.sleb128 -14
  76 0035 03       		.uleb128 0x3
  77 0036 86100000 		.4byte	.LASF2
  78 003a 73       		.sleb128 -13
  79 003b 03       		.uleb128 0x3
  80 003c 26090000 		.4byte	.LASF3
  81 0040 7B       		.sleb128 -5
  82 0041 03       		.uleb128 0x3
  83 0042 AB0F0000 		.4byte	.LASF4
  84 0046 7E       		.sleb128 -2
  85 0047 03       		.uleb128 0x3
  86 0048 2C080000 		.4byte	.LASF5
  87 004c 7F       		.sleb128 -1
  88 004d 04       		.uleb128 0x4
  89 004e EE080000 		.4byte	.LASF6
  90 0052 00       		.byte	0
  91 0053 04       		.uleb128 0x4
  92 0054 6C120000 		.4byte	.LASF7
  93 0058 01       		.byte	0x1
  94 0059 04       		.uleb128 0x4
  95 005a BA000000 		.4byte	.LASF8
  96 005e 02       		.byte	0x2
  97 005f 04       		.uleb128 0x4
  98 0060 18030000 		.4byte	.LASF9
  99 0064 03       		.byte	0x3
 100 0065 04       		.uleb128 0x4
 101 0066 23050000 		.4byte	.LASF10
 102 006a 04       		.byte	0x4
 103 006b 04       		.uleb128 0x4
 104 006c C40D0000 		.4byte	.LASF11
 105 0070 05       		.byte	0x5
 106 0071 04       		.uleb128 0x4
 107 0072 B1100000 		.4byte	.LASF12
 108 0076 06       		.byte	0x6
 109 0077 04       		.uleb128 0x4
 110 0078 540D0000 		.4byte	.LASF13
 111 007c 07       		.byte	0x7
 112 007d 04       		.uleb128 0x4
 113 007e F8060000 		.4byte	.LASF14
 114 0082 08       		.byte	0x8
ARM GAS  C:\Users\Phuong\AppData\Local\Temp\cc2EfCRh.s 			page 3


 115 0083 04       		.uleb128 0x4
 116 0084 18090000 		.4byte	.LASF15
 117 0088 09       		.byte	0x9
 118 0089 04       		.uleb128 0x4
 119 008a 35100000 		.4byte	.LASF16
 120 008e 0A       		.byte	0xa
 121 008f 04       		.uleb128 0x4
 122 0090 92120000 		.4byte	.LASF17
 123 0094 0B       		.byte	0xb
 124 0095 04       		.uleb128 0x4
 125 0096 8B060000 		.4byte	.LASF18
 126 009a 0C       		.byte	0xc
 127 009b 04       		.uleb128 0x4
 128 009c 83080000 		.4byte	.LASF19
 129 00a0 0D       		.byte	0xd
 130 00a1 04       		.uleb128 0x4
 131 00a2 560B0000 		.4byte	.LASF20
 132 00a6 0E       		.byte	0xe
 133 00a7 04       		.uleb128 0x4
 134 00a8 4C000000 		.4byte	.LASF21
 135 00ac 0F       		.byte	0xf
 136 00ad 04       		.uleb128 0x4
 137 00ae CB020000 		.4byte	.LASF22
 138 00b2 10       		.byte	0x10
 139 00b3 04       		.uleb128 0x4
 140 00b4 DA040000 		.4byte	.LASF23
 141 00b8 11       		.byte	0x11
 142 00b9 04       		.uleb128 0x4
 143 00ba 620D0000 		.4byte	.LASF24
 144 00be 12       		.byte	0x12
 145 00bf 04       		.uleb128 0x4
 146 00c0 44100000 		.4byte	.LASF25
 147 00c4 13       		.byte	0x13
 148 00c5 04       		.uleb128 0x4
 149 00c6 E7050000 		.4byte	.LASF26
 150 00ca 14       		.byte	0x14
 151 00cb 04       		.uleb128 0x4
 152 00cc 06080000 		.4byte	.LASF27
 153 00d0 15       		.byte	0x15
 154 00d1 04       		.uleb128 0x4
 155 00d2 81110000 		.4byte	.LASF28
 156 00d6 16       		.byte	0x16
 157 00d7 04       		.uleb128 0x4
 158 00d8 FA130000 		.4byte	.LASF29
 159 00dc 17       		.byte	0x17
 160 00dd 04       		.uleb128 0x4
 161 00de 60020000 		.4byte	.LASF30
 162 00e2 18       		.byte	0x18
 163 00e3 04       		.uleb128 0x4
 164 00e4 6C0A0000 		.4byte	.LASF31
 165 00e8 19       		.byte	0x19
 166 00e9 04       		.uleb128 0x4
 167 00ea B4060000 		.4byte	.LASF32
 168 00ee 1A       		.byte	0x1a
 169 00ef 04       		.uleb128 0x4
 170 00f0 E20F0000 		.4byte	.LASF33
 171 00f4 1B       		.byte	0x1b
ARM GAS  C:\Users\Phuong\AppData\Local\Temp\cc2EfCRh.s 			page 4


 172 00f5 04       		.uleb128 0x4
 173 00f6 EA030000 		.4byte	.LASF34
 174 00fa 1C       		.byte	0x1c
 175 00fb 04       		.uleb128 0x4
 176 00fc A5110000 		.4byte	.LASF35
 177 0100 1D       		.byte	0x1d
 178 0101 04       		.uleb128 0x4
 179 0102 D2100000 		.4byte	.LASF36
 180 0106 1E       		.byte	0x1e
 181 0107 04       		.uleb128 0x4
 182 0108 CB040000 		.4byte	.LASF37
 183 010c 1F       		.byte	0x1f
 184 010d 04       		.uleb128 0x4
 185 010e CB0C0000 		.4byte	.LASF38
 186 0112 F0       		.byte	0xf0
 187 0113 00       		.byte	0
 188 0114 05       		.uleb128 0x5
 189 0115 02       		.byte	0x2
 190 0116 05       		.byte	0x5
 191 0117 DC0C0000 		.4byte	.LASF187
 192 011b 06       		.uleb128 0x6
 193 011c D20D0000 		.4byte	.LASF189
 194 0120 01       		.byte	0x1
 195 0121 F4       		.byte	0xf4
 196 0122 1D000000 		.4byte	0x1d
 197 0126 02       		.uleb128 0x2
 198 0127 01       		.byte	0x1
 199 0128 AB040000 		.4byte	0x4ab
 200 012c 01       		.byte	0x1
 201 012d FD       		.byte	0xfd
 202 012e AB040000 		.4byte	0x4ab
 203 0132 04       		.uleb128 0x4
 204 0133 CC010000 		.4byte	.LASF39
 205 0137 00       		.byte	0
 206 0138 04       		.uleb128 0x4
 207 0139 6A100000 		.4byte	.LASF40
 208 013d 01       		.byte	0x1
 209 013e 04       		.uleb128 0x4
 210 013f 1B000000 		.4byte	.LASF41
 211 0143 02       		.byte	0x2
 212 0144 04       		.uleb128 0x4
 213 0145 770F0000 		.4byte	.LASF42
 214 0149 03       		.byte	0x3
 215 014a 04       		.uleb128 0x4
 216 014b CF110000 		.4byte	.LASF43
 217 014f 04       		.byte	0x4
 218 0150 04       		.uleb128 0x4
 219 0151 7C050000 		.4byte	.LASF44
 220 0155 05       		.byte	0x5
 221 0156 04       		.uleb128 0x4
 222 0157 B7070000 		.4byte	.LASF45
 223 015b 06       		.byte	0x6
 224 015c 04       		.uleb128 0x4
 225 015d AB0A0000 		.4byte	.LASF46
 226 0161 07       		.byte	0x7
 227 0162 04       		.uleb128 0x4
 228 0163 8F130000 		.4byte	.LASF47
ARM GAS  C:\Users\Phuong\AppData\Local\Temp\cc2EfCRh.s 			page 5


 229 0167 08       		.byte	0x8
 230 0168 04       		.uleb128 0x4
 231 0169 08020000 		.4byte	.LASF48
 232 016d 09       		.byte	0x9
 233 016e 04       		.uleb128 0x4
 234 016f 980C0000 		.4byte	.LASF49
 235 0173 0A       		.byte	0xa
 236 0174 04       		.uleb128 0x4
 237 0175 390B0000 		.4byte	.LASF50
 238 0179 0B       		.byte	0xb
 239 017a 04       		.uleb128 0x4
 240 017b FF110000 		.4byte	.LASF51
 241 017f 0C       		.byte	0xc
 242 0180 04       		.uleb128 0x4
 243 0181 CA050000 		.4byte	.LASF52
 244 0185 0D       		.byte	0xd
 245 0186 04       		.uleb128 0x4
 246 0187 E9070000 		.4byte	.LASF53
 247 018b 0E       		.byte	0xe
 248 018c 04       		.uleb128 0x4
 249 018d 38040000 		.4byte	.LASF54
 250 0191 0F       		.byte	0xf
 251 0192 04       		.uleb128 0x4
 252 0193 7A120000 		.4byte	.LASF55
 253 0197 10       		.byte	0x10
 254 0198 04       		.uleb128 0x4
 255 0199 26030000 		.4byte	.LASF56
 256 019d 11       		.byte	0x11
 257 019e 04       		.uleb128 0x4
 258 019f 89000000 		.4byte	.LASF57
 259 01a3 12       		.byte	0x12
 260 01a4 04       		.uleb128 0x4
 261 01a5 51040000 		.4byte	.LASF58
 262 01a9 13       		.byte	0x13
 263 01aa 04       		.uleb128 0x4
 264 01ab 53060000 		.4byte	.LASF59
 265 01af 14       		.byte	0x14
 266 01b0 04       		.uleb128 0x4
 267 01b1 D8120000 		.4byte	.LASF60
 268 01b5 15       		.byte	0x15
 269 01b6 04       		.uleb128 0x4
 270 01b7 75000000 		.4byte	.LASF61
 271 01bb 16       		.byte	0x16
 272 01bc 04       		.uleb128 0x4
 273 01bd 31050000 		.4byte	.LASF62
 274 01c1 17       		.byte	0x17
 275 01c2 04       		.uleb128 0x4
 276 01c3 C8000000 		.4byte	.LASF63
 277 01c7 18       		.byte	0x18
 278 01c8 04       		.uleb128 0x4
 279 01c9 8B0D0000 		.4byte	.LASF64
 280 01cd 19       		.byte	0x19
 281 01ce 04       		.uleb128 0x4
 282 01cf 33070000 		.4byte	.LASF65
 283 01d3 1A       		.byte	0x1a
 284 01d4 04       		.uleb128 0x4
 285 01d5 1E0A0000 		.4byte	.LASF66
ARM GAS  C:\Users\Phuong\AppData\Local\Temp\cc2EfCRh.s 			page 6


 286 01d9 1B       		.byte	0x1b
 287 01da 04       		.uleb128 0x4
 288 01db 5F0C0000 		.4byte	.LASF67
 289 01df 1C       		.byte	0x1c
 290 01e0 04       		.uleb128 0x4
 291 01e1 22010000 		.4byte	.LASF68
 292 01e5 1D       		.byte	0x1d
 293 01e6 04       		.uleb128 0x4
 294 01e7 79030000 		.4byte	.LASF69
 295 01eb 1E       		.byte	0x1e
 296 01ec 04       		.uleb128 0x4
 297 01ed 98050000 		.4byte	.LASF70
 298 01f1 1F       		.byte	0x1f
 299 01f2 04       		.uleb128 0x4
 300 01f3 1A0E0000 		.4byte	.LASF71
 301 01f7 20       		.byte	0x20
 302 01f8 04       		.uleb128 0x4
 303 01f9 16110000 		.4byte	.LASF72
 304 01fd 21       		.byte	0x21
 305 01fe 04       		.uleb128 0x4
 306 01ff AB130000 		.4byte	.LASF73
 307 0203 22       		.byte	0x22
 308 0204 04       		.uleb128 0x4
 309 0205 F3120000 		.4byte	.LASF74
 310 0209 23       		.byte	0x23
 311 020a 04       		.uleb128 0x4
 312 020b 3E010000 		.4byte	.LASF75
 313 020f 24       		.byte	0x24
 314 0210 04       		.uleb128 0x4
 315 0211 B1030000 		.4byte	.LASF76
 316 0215 25       		.byte	0x25
 317 0216 04       		.uleb128 0x4
 318 0217 DD130000 		.4byte	.LASF77
 319 021b 26       		.byte	0x26
 320 021c 04       		.uleb128 0x4
 321 021d 520E0000 		.4byte	.LASF78
 322 0221 27       		.byte	0x27
 323 0222 04       		.uleb128 0x4
 324 0223 4E110000 		.4byte	.LASF79
 325 0227 28       		.byte	0x28
 326 0228 04       		.uleb128 0x4
 327 0229 F3000000 		.4byte	.LASF80
 328 022d 29       		.byte	0x29
 329 022e 04       		.uleb128 0x4
 330 022f 0E050000 		.4byte	.LASF81
 331 0233 2A       		.byte	0x2a
 332 0234 04       		.uleb128 0x4
 333 0235 4A050000 		.4byte	.LASF82
 334 0239 2B       		.byte	0x2b
 335 023a 04       		.uleb128 0x4
 336 023b B70F0000 		.4byte	.LASF83
 337 023f 2C       		.byte	0x2c
 338 0240 04       		.uleb128 0x4
 339 0241 960A0000 		.4byte	.LASF84
 340 0245 2D       		.byte	0x2d
 341 0246 04       		.uleb128 0x4
 342 0247 37000000 		.4byte	.LASF85
ARM GAS  C:\Users\Phuong\AppData\Local\Temp\cc2EfCRh.s 			page 7


 343 024b 2E       		.byte	0x2e
 344 024c 04       		.uleb128 0x4
 345 024d 20100000 		.4byte	.LASF86
 346 0251 2F       		.byte	0x2f
 347 0252 04       		.uleb128 0x4
 348 0253 90110000 		.4byte	.LASF87
 349 0257 30       		.byte	0x30
 350 0258 04       		.uleb128 0x4
 351 0259 BF100000 		.4byte	.LASF88
 352 025d 31       		.byte	0x31
 353 025e 04       		.uleb128 0x4
 354 025f 50120000 		.4byte	.LASF89
 355 0263 32       		.byte	0x32
 356 0264 04       		.uleb128 0x4
 357 0265 9E000000 		.4byte	.LASF90
 358 0269 33       		.byte	0x33
 359 026a 04       		.uleb128 0x4
 360 026b 6F060000 		.4byte	.LASF91
 361 026f 34       		.byte	0x34
 362 0270 04       		.uleb128 0x4
 363 0271 1D0B0000 		.4byte	.LASF92
 364 0275 35       		.byte	0x35
 365 0276 04       		.uleb128 0x4
 366 0277 1C040000 		.4byte	.LASF93
 367 027b 36       		.byte	0x36
 368 027c 04       		.uleb128 0x4
 369 027d 95100000 		.4byte	.LASF94
 370 0281 37       		.byte	0x37
 371 0282 04       		.uleb128 0x4
 372 0283 8F040000 		.4byte	.LASF95
 373 0287 38       		.byte	0x38
 374 0288 04       		.uleb128 0x4
 375 0289 2C130000 		.4byte	.LASF96
 376 028d 39       		.byte	0x39
 377 028e 04       		.uleb128 0x4
 378 028f FC080000 		.4byte	.LASF97
 379 0293 3A       		.byte	0x3a
 380 0294 04       		.uleb128 0x4
 381 0295 E70B0000 		.4byte	.LASF98
 382 0299 3B       		.byte	0x3b
 383 029a 04       		.uleb128 0x4
 384 029b E7090000 		.4byte	.LASF99
 385 029f 3C       		.byte	0x3c
 386 02a0 04       		.uleb128 0x4
 387 02a1 280C0000 		.4byte	.LASF100
 388 02a5 3D       		.byte	0x3d
 389 02a6 04       		.uleb128 0x4
 390 02a7 5A0F0000 		.4byte	.LASF101
 391 02ab 3E       		.byte	0x3e
 392 02ac 04       		.uleb128 0x4
 393 02ad C70A0000 		.4byte	.LASF102
 394 02b1 3F       		.byte	0x3f
 395 02b2 04       		.uleb128 0x4
 396 02b3 5F050000 		.4byte	.LASF103
 397 02b7 40       		.byte	0x40
 398 02b8 04       		.uleb128 0x4
 399 02b9 9A070000 		.4byte	.LASF104
ARM GAS  C:\Users\Phuong\AppData\Local\Temp\cc2EfCRh.s 			page 8


 400 02bd 41       		.byte	0x41
 401 02be 04       		.uleb128 0x4
 402 02bf B40B0000 		.4byte	.LASF105
 403 02c3 42       		.byte	0x42
 404 02c4 04       		.uleb128 0x4
 405 02c5 360E0000 		.4byte	.LASF106
 406 02c9 43       		.byte	0x43
 407 02ca 04       		.uleb128 0x4
 408 02cb 32110000 		.4byte	.LASF107
 409 02cf 44       		.byte	0x44
 410 02d0 04       		.uleb128 0x4
 411 02d1 380D0000 		.4byte	.LASF108
 412 02d5 45       		.byte	0x45
 413 02d6 04       		.uleb128 0x4
 414 02d7 4F070000 		.4byte	.LASF109
 415 02db 46       		.byte	0x46
 416 02dc 04       		.uleb128 0x4
 417 02dd 3A0A0000 		.4byte	.LASF110
 418 02e1 47       		.byte	0x47
 419 02e2 04       		.uleb128 0x4
 420 02e3 10130000 		.4byte	.LASF111
 421 02e7 48       		.byte	0x48
 422 02e8 04       		.uleb128 0x4
 423 02e9 95030000 		.4byte	.LASF112
 424 02ed 49       		.byte	0x49
 425 02ee 04       		.uleb128 0x4
 426 02ef CE030000 		.4byte	.LASF113
 427 02f3 4A       		.byte	0x4a
 428 02f4 04       		.uleb128 0x4
 429 02f5 F4020000 		.4byte	.LASF114
 430 02f9 4B       		.byte	0x4b
 431 02fa 04       		.uleb128 0x4
 432 02fb BB120000 		.4byte	.LASF115
 433 02ff 4C       		.byte	0x4c
 434 0300 04       		.uleb128 0x4
 435 0301 A70D0000 		.4byte	.LASF116
 436 0305 4D       		.byte	0x4d
 437 0306 04       		.uleb128 0x4
 438 0307 33120000 		.4byte	.LASF117
 439 030b 4E       		.byte	0x4e
 440 030c 04       		.uleb128 0x4
 441 030d 24060000 		.4byte	.LASF118
 442 0311 4F       		.byte	0x4f
 443 0312 04       		.uleb128 0x4
 444 0313 39080000 		.4byte	.LASF119
 445 0317 50       		.byte	0x50
 446 0318 04       		.uleb128 0x4
 447 0319 E40A0000 		.4byte	.LASF120
 448 031d 51       		.byte	0x51
 449 031e 04       		.uleb128 0x4
 450 031f DA060000 		.4byte	.LASF121
 451 0323 52       		.byte	0x52
 452 0324 04       		.uleb128 0x4
 453 0325 C7080000 		.4byte	.LASF122
 454 0329 53       		.byte	0x53
 455 032a 04       		.uleb128 0x4
 456 032b 95020000 		.4byte	.LASF123
ARM GAS  C:\Users\Phuong\AppData\Local\Temp\cc2EfCRh.s 			page 9


 457 032f 54       		.byte	0x54
 458 0330 04       		.uleb128 0x4
 459 0331 6B070000 		.4byte	.LASF124
 460 0335 55       		.byte	0x55
 461 0336 04       		.uleb128 0x4
 462 0337 6F130000 		.4byte	.LASF125
 463 033b 56       		.byte	0x56
 464 033c 04       		.uleb128 0x4
 465 033d E8010000 		.4byte	.LASF126
 466 0341 57       		.byte	0x57
 467 0342 04       		.uleb128 0x4
 468 0343 E60C0000 		.4byte	.LASF127
 469 0347 58       		.byte	0x58
 470 0348 04       		.uleb128 0x4
 471 0349 AB040000 		.4byte	.LASF128
 472 034d 59       		.byte	0x59
 473 034e 04       		.uleb128 0x4
 474 034f A1120000 		.4byte	.LASF129
 475 0353 5A       		.byte	0x5a
 476 0354 04       		.uleb128 0x4
 477 0355 9A060000 		.4byte	.LASF130
 478 0359 5B       		.byte	0x5b
 479 035a 04       		.uleb128 0x4
 480 035b 92080000 		.4byte	.LASF131
 481 035f 5C       		.byte	0x5c
 482 0360 04       		.uleb128 0x4
 483 0361 650B0000 		.4byte	.LASF132
 484 0365 5D       		.byte	0x5d
 485 0366 04       		.uleb128 0x4
 486 0367 5B000000 		.4byte	.LASF133
 487 036b 5E       		.byte	0x5e
 488 036c 04       		.uleb128 0x4
 489 036d DA020000 		.4byte	.LASF134
 490 0371 5F       		.byte	0x5f
 491 0372 04       		.uleb128 0x4
 492 0373 E9040000 		.4byte	.LASF135
 493 0377 60       		.byte	0x60
 494 0378 04       		.uleb128 0x4
 495 0379 710D0000 		.4byte	.LASF136
 496 037d 61       		.byte	0x61
 497 037e 04       		.uleb128 0x4
 498 037f 3C030000 		.4byte	.LASF137
 499 0383 62       		.byte	0x62
 500 0384 04       		.uleb128 0x4
 501 0385 9A0B0000 		.4byte	.LASF138
 502 0389 63       		.byte	0x63
 503 038a 04       		.uleb128 0x4
 504 038b 000E0000 		.4byte	.LASF139
 505 038f 64       		.byte	0x64
 506 0390 04       		.uleb128 0x4
 507 0391 FC100000 		.4byte	.LASF140
 508 0395 65       		.byte	0x65
 509 0396 04       		.uleb128 0x4
 510 0397 55130000 		.4byte	.LASF141
 511 039b 66       		.byte	0x66
 512 039c 04       		.uleb128 0x4
 513 039d 19070000 		.4byte	.LASF142
ARM GAS  C:\Users\Phuong\AppData\Local\Temp\cc2EfCRh.s 			page 10


 514 03a1 67       		.byte	0x67
 515 03a2 04       		.uleb128 0x4
 516 03a3 040A0000 		.4byte	.LASF143
 517 03a7 68       		.byte	0x68
 518 03a8 04       		.uleb128 0x4
 519 03a9 450C0000 		.4byte	.LASF144
 520 03ad 69       		.byte	0x69
 521 03ae 04       		.uleb128 0x4
 522 03af 08010000 		.4byte	.LASF145
 523 03b3 6A       		.byte	0x6a
 524 03b4 04       		.uleb128 0x4
 525 03b5 5F030000 		.4byte	.LASF146
 526 03b9 6B       		.byte	0x6b
 527 03ba 04       		.uleb128 0x4
 528 03bb B1010000 		.4byte	.LASF147
 529 03bf 6C       		.byte	0x6c
 530 03c0 04       		.uleb128 0x4
 531 03c1 01040000 		.4byte	.LASF148
 532 03c5 6D       		.byte	0x6d
 533 03c6 04       		.uleb128 0x4
 534 03c7 09060000 		.4byte	.LASF149
 535 03cb 6E       		.byte	0x6e
 536 03cc 04       		.uleb128 0x4
 537 03cd AC080000 		.4byte	.LASF150
 538 03d1 6F       		.byte	0x6f
 539 03d2 04       		.uleb128 0x4
 540 03d3 B4110000 		.4byte	.LASF151
 541 03d7 70       		.byte	0x70
 542 03d8 04       		.uleb128 0x4
 543 03d9 00000000 		.4byte	.LASF152
 544 03dd 71       		.byte	0x71
 545 03de 04       		.uleb128 0x4
 546 03df 7A020000 		.4byte	.LASF153
 547 03e3 72       		.byte	0x72
 548 03e4 04       		.uleb128 0x4
 549 03e5 7B0A0000 		.4byte	.LASF154
 550 03e9 73       		.byte	0x73
 551 03ea 04       		.uleb128 0x4
 552 03eb 060D0000 		.4byte	.LASF155
 553 03ef 74       		.byte	0x74
 554 03f0 04       		.uleb128 0x4
 555 03f1 05100000 		.4byte	.LASF156
 556 03f5 75       		.byte	0x75
 557 03f6 04       		.uleb128 0x4
 558 03f7 7F0B0000 		.4byte	.LASF157
 559 03fb 76       		.byte	0x76
 560 03fc 04       		.uleb128 0x4
 561 03fd DC0D0000 		.4byte	.LASF158
 562 0401 77       		.byte	0x77
 563 0402 04       		.uleb128 0x4
 564 0403 E1100000 		.4byte	.LASF159
 565 0407 78       		.byte	0x78
 566 0408 04       		.uleb128 0x4
 567 0409 68080000 		.4byte	.LASF160
 568 040d 79       		.byte	0x79
 569 040e 04       		.uleb128 0x4
 570 040f 5B010000 		.4byte	.LASF161
ARM GAS  C:\Users\Phuong\AppData\Local\Temp\cc2EfCRh.s 			page 11


 571 0413 7A       		.byte	0x7a
 572 0414 04       		.uleb128 0x4
 573 0415 DD000000 		.4byte	.LASF162
 574 0419 7B       		.byte	0x7b
 575 041a 04       		.uleb128 0x4
 576 041b B4050000 		.4byte	.LASF163
 577 041f 7C       		.byte	0x7c
 578 0420 04       		.uleb128 0x4
 579 0421 D3070000 		.4byte	.LASF164
 580 0425 7D       		.byte	0x7d
 581 0426 04       		.uleb128 0x4
 582 0427 6B110000 		.4byte	.LASF165
 583 042b 7E       		.byte	0x7e
 584 042c 04       		.uleb128 0x4
 585 042d C7130000 		.4byte	.LASF166
 586 0431 7F       		.byte	0x7f
 587 0432 04       		.uleb128 0x4
 588 0433 3D020000 		.4byte	.LASF167
 589 0437 80       		.byte	0x80
 590 0438 04       		.uleb128 0x4
 591 0439 560A0000 		.4byte	.LASF168
 592 043d 81       		.byte	0x81
 593 043e 04       		.uleb128 0x4
 594 043f B50C0000 		.4byte	.LASF169
 595 0443 82       		.byte	0x82
 596 0444 04       		.uleb128 0x4
 597 0445 CC0F0000 		.4byte	.LASF170
 598 0449 83       		.byte	0x83
 599 044a 04       		.uleb128 0x4
 600 044b 53100000 		.4byte	.LASF171
 601 044f 84       		.byte	0x84
 602 0450 04       		.uleb128 0x4
 603 0451 D00B0000 		.4byte	.LASF172
 604 0455 85       		.byte	0x85
 605 0456 04       		.uleb128 0x4
 606 0457 1C120000 		.4byte	.LASF173
 607 045b 86       		.byte	0x86
 608 045c 04       		.uleb128 0x4
 609 045d 210D0000 		.4byte	.LASF174
 610 0461 87       		.byte	0x87
 611 0462 04       		.uleb128 0x4
 612 0463 15080000 		.4byte	.LASF175
 613 0467 88       		.byte	0x88
 614 0468 04       		.uleb128 0x4
 615 0469 030C0000 		.4byte	.LASF176
 616 046d 89       		.byte	0x89
 617 046e 04       		.uleb128 0x4
 618 046f 930F0000 		.4byte	.LASF177
 619 0473 8A       		.byte	0x8a
 620 0474 04       		.uleb128 0x4
 621 0475 74040000 		.4byte	.LASF178
 622 0479 8B       		.byte	0x8b
 623 047a 04       		.uleb128 0x4
 624 047b 010F0000 		.4byte	.LASF179
 625 047f 8C       		.byte	0x8c
 626 0480 04       		.uleb128 0x4
 627 0481 83070000 		.4byte	.LASF180
ARM GAS  C:\Users\Phuong\AppData\Local\Temp\cc2EfCRh.s 			page 12


 628 0485 8D       		.byte	0x8d
 629 0486 04       		.uleb128 0x4
 630 0487 EB110000 		.4byte	.LASF181
 631 048b 8E       		.byte	0x8e
 632 048c 04       		.uleb128 0x4
 633 048d 010B0000 		.4byte	.LASF182
 634 0491 8F       		.byte	0x8f
 635 0492 04       		.uleb128 0x4
 636 0493 C3060000 		.4byte	.LASF183
 637 0497 90       		.byte	0x90
 638 0498 04       		.uleb128 0x4
 639 0499 9B010000 		.4byte	.LASF184
 640 049d 91       		.byte	0x91
 641 049e 04       		.uleb128 0x4
 642 049f 24020000 		.4byte	.LASF185
 643 04a3 92       		.byte	0x92
 644 04a4 04       		.uleb128 0x4
 645 04a5 56080000 		.4byte	.LASF186
 646 04a9 F0       		.byte	0xf0
 647 04aa 00       		.byte	0
 648 04ab 05       		.uleb128 0x5
 649 04ac 01       		.byte	0x1
 650 04ad 08       		.byte	0x8
 651 04ae 1A0C0000 		.4byte	.LASF188
 652 04b2 07       		.uleb128 0x7
 653 04b3 53020000 		.4byte	.LASF190
 654 04b7 01       		.byte	0x1
 655 04b8 9201     		.2byte	0x192
 656 04ba 26010000 		.4byte	0x126
 657 04be 05       		.uleb128 0x5
 658 04bf 01       		.byte	0x1
 659 04c0 06       		.byte	0x6
 660 04c1 BF020000 		.4byte	.LASF191
 661 04c5 05       		.uleb128 0x5
 662 04c6 02       		.byte	0x2
 663 04c7 07       		.byte	0x7
 664 04c8 06070000 		.4byte	.LASF192
 665 04cc 05       		.uleb128 0x5
 666 04cd 04       		.byte	0x4
 667 04ce 05       		.byte	0x5
 668 04cf 56030000 		.4byte	.LASF193
 669 04d3 06       		.uleb128 0x6
 670 04d4 03050000 		.4byte	.LASF194
 671 04d8 02       		.byte	0x2
 672 04d9 41       		.byte	0x41
 673 04da DE040000 		.4byte	0x4de
 674 04de 05       		.uleb128 0x5
 675 04df 04       		.byte	0x4
 676 04e0 07       		.byte	0x7
 677 04e1 41060000 		.4byte	.LASF195
 678 04e5 05       		.uleb128 0x5
 679 04e6 08       		.byte	0x8
 680 04e7 05       		.byte	0x5
 681 04e8 B1020000 		.4byte	.LASF196
 682 04ec 05       		.uleb128 0x5
 683 04ed 08       		.byte	0x8
 684 04ee 07       		.byte	0x7
ARM GAS  C:\Users\Phuong\AppData\Local\Temp\cc2EfCRh.s 			page 13


 685 04ef 84010000 		.4byte	.LASF197
 686 04f3 08       		.uleb128 0x8
 687 04f4 04       		.byte	0x4
 688 04f5 05       		.byte	0x5
 689 04f6 696E7400 		.ascii	"int\000"
 690 04fa 05       		.uleb128 0x5
 691 04fb 04       		.byte	0x4
 692 04fc 07       		.byte	0x7
 693 04fd 8B0C0000 		.4byte	.LASF198
 694 0501 06       		.uleb128 0x6
 695 0502 F70D0000 		.4byte	.LASF199
 696 0506 03       		.byte	0x3
 697 0507 30       		.byte	0x30
 698 0508 D3040000 		.4byte	0x4d3
 699 050c 05       		.uleb128 0x5
 700 050d 04       		.byte	0x4
 701 050e 07       		.byte	0x7
 702 050f E5080000 		.4byte	.LASF200
 703 0513 05       		.uleb128 0x5
 704 0514 08       		.byte	0x8
 705 0515 04       		.byte	0x4
 706 0516 1C0F0000 		.4byte	.LASF201
 707 051a 05       		.uleb128 0x5
 708 051b 01       		.byte	0x1
 709 051c 08       		.byte	0x8
 710 051d 280F0000 		.4byte	.LASF202
 711 0521 05       		.uleb128 0x5
 712 0522 04       		.byte	0x4
 713 0523 04       		.byte	0x4
 714 0524 170B0000 		.4byte	.LASF203
 715 0528 05       		.uleb128 0x5
 716 0529 08       		.byte	0x8
 717 052a 04       		.byte	0x4
 718 052b 6D040000 		.4byte	.LASF204
 719 052f 09       		.uleb128 0x9
 720 0530 08       		.byte	0x8
 721 0531 04       		.byte	0x4
 722 0532 EB       		.byte	0xeb
 723 0533 5C050000 		.4byte	0x55c
 724 0537 0A       		.uleb128 0xa
 725 0538 F9030000 		.4byte	.LASF205
 726 053c 04       		.byte	0x4
 727 053d EC       		.byte	0xec
 728 053e 1B010000 		.4byte	0x11b
 729 0542 00       		.byte	0
 730 0543 0A       		.uleb128 0xa
 731 0544 10030000 		.4byte	.LASF206
 732 0548 04       		.byte	0x4
 733 0549 EE       		.byte	0xee
 734 054a B2040000 		.4byte	0x4b2
 735 054e 02       		.byte	0x2
 736 054f 0A       		.uleb128 0xa
 737 0550 48130000 		.4byte	.LASF207
 738 0554 04       		.byte	0x4
 739 0555 F0       		.byte	0xf0
 740 0556 01050000 		.4byte	0x501
 741 055a 04       		.byte	0x4
ARM GAS  C:\Users\Phuong\AppData\Local\Temp\cc2EfCRh.s 			page 14


 742 055b 00       		.byte	0
 743 055c 06       		.uleb128 0x6
 744 055d 32090000 		.4byte	.LASF208
 745 0561 04       		.byte	0x4
 746 0562 F1       		.byte	0xf1
 747 0563 2F050000 		.4byte	0x52f
 748 0567 0B       		.uleb128 0xb
 749 0568 F6050000 		.4byte	.LASF209
 750 056c 05       		.byte	0x5
 751 056d 18       		.byte	0x18
 752 056e 78050000 		.4byte	0x578
 753 0572 05       		.uleb128 0x5
 754 0573 03       		.byte	0x3
 755 0574 00000000 		.4byte	UART_2_SCB_IRQ_cfg
 756 0578 0C       		.uleb128 0xc
 757 0579 5C050000 		.4byte	0x55c
 758 057d 0B       		.uleb128 0xb
 759 057e 7B0C0000 		.4byte	.LASF210
 760 0582 05       		.byte	0x5
 761 0583 1F       		.byte	0x1f
 762 0584 78050000 		.4byte	0x578
 763 0588 05       		.uleb128 0x5
 764 0589 03       		.byte	0x3
 765 058a 00000000 		.4byte	I2C_SCB_IRQ_cfg
 766 058e 0B       		.uleb128 0xb
 767 058f 71010000 		.4byte	.LASF211
 768 0593 05       		.byte	0x5
 769 0594 26       		.byte	0x26
 770 0595 78050000 		.4byte	0x578
 771 0599 05       		.uleb128 0x5
 772 059a 03       		.byte	0x3
 773 059b 00000000 		.4byte	UART_1_SCB_IRQ_cfg
 774 059f 00       		.byte	0
 775              		.section	.debug_abbrev,"",%progbits
 776              	.Ldebug_abbrev0:
 777 0000 01       		.uleb128 0x1
 778 0001 11       		.uleb128 0x11
 779 0002 01       		.byte	0x1
 780 0003 25       		.uleb128 0x25
 781 0004 0E       		.uleb128 0xe
 782 0005 13       		.uleb128 0x13
 783 0006 0B       		.uleb128 0xb
 784 0007 03       		.uleb128 0x3
 785 0008 0E       		.uleb128 0xe
 786 0009 1B       		.uleb128 0x1b
 787 000a 0E       		.uleb128 0xe
 788 000b 10       		.uleb128 0x10
 789 000c 17       		.uleb128 0x17
 790 000d 00       		.byte	0
 791 000e 00       		.byte	0
 792 000f 02       		.uleb128 0x2
 793 0010 04       		.uleb128 0x4
 794 0011 01       		.byte	0x1
 795 0012 0B       		.uleb128 0xb
 796 0013 0B       		.uleb128 0xb
 797 0014 49       		.uleb128 0x49
 798 0015 13       		.uleb128 0x13
ARM GAS  C:\Users\Phuong\AppData\Local\Temp\cc2EfCRh.s 			page 15


 799 0016 3A       		.uleb128 0x3a
 800 0017 0B       		.uleb128 0xb
 801 0018 3B       		.uleb128 0x3b
 802 0019 0B       		.uleb128 0xb
 803 001a 01       		.uleb128 0x1
 804 001b 13       		.uleb128 0x13
 805 001c 00       		.byte	0
 806 001d 00       		.byte	0
 807 001e 03       		.uleb128 0x3
 808 001f 28       		.uleb128 0x28
 809 0020 00       		.byte	0
 810 0021 03       		.uleb128 0x3
 811 0022 0E       		.uleb128 0xe
 812 0023 1C       		.uleb128 0x1c
 813 0024 0D       		.uleb128 0xd
 814 0025 00       		.byte	0
 815 0026 00       		.byte	0
 816 0027 04       		.uleb128 0x4
 817 0028 28       		.uleb128 0x28
 818 0029 00       		.byte	0
 819 002a 03       		.uleb128 0x3
 820 002b 0E       		.uleb128 0xe
 821 002c 1C       		.uleb128 0x1c
 822 002d 0B       		.uleb128 0xb
 823 002e 00       		.byte	0
 824 002f 00       		.byte	0
 825 0030 05       		.uleb128 0x5
 826 0031 24       		.uleb128 0x24
 827 0032 00       		.byte	0
 828 0033 0B       		.uleb128 0xb
 829 0034 0B       		.uleb128 0xb
 830 0035 3E       		.uleb128 0x3e
 831 0036 0B       		.uleb128 0xb
 832 0037 03       		.uleb128 0x3
 833 0038 0E       		.uleb128 0xe
 834 0039 00       		.byte	0
 835 003a 00       		.byte	0
 836 003b 06       		.uleb128 0x6
 837 003c 16       		.uleb128 0x16
 838 003d 00       		.byte	0
 839 003e 03       		.uleb128 0x3
 840 003f 0E       		.uleb128 0xe
 841 0040 3A       		.uleb128 0x3a
 842 0041 0B       		.uleb128 0xb
 843 0042 3B       		.uleb128 0x3b
 844 0043 0B       		.uleb128 0xb
 845 0044 49       		.uleb128 0x49
 846 0045 13       		.uleb128 0x13
 847 0046 00       		.byte	0
 848 0047 00       		.byte	0
 849 0048 07       		.uleb128 0x7
 850 0049 16       		.uleb128 0x16
 851 004a 00       		.byte	0
 852 004b 03       		.uleb128 0x3
 853 004c 0E       		.uleb128 0xe
 854 004d 3A       		.uleb128 0x3a
 855 004e 0B       		.uleb128 0xb
ARM GAS  C:\Users\Phuong\AppData\Local\Temp\cc2EfCRh.s 			page 16


 856 004f 3B       		.uleb128 0x3b
 857 0050 05       		.uleb128 0x5
 858 0051 49       		.uleb128 0x49
 859 0052 13       		.uleb128 0x13
 860 0053 00       		.byte	0
 861 0054 00       		.byte	0
 862 0055 08       		.uleb128 0x8
 863 0056 24       		.uleb128 0x24
 864 0057 00       		.byte	0
 865 0058 0B       		.uleb128 0xb
 866 0059 0B       		.uleb128 0xb
 867 005a 3E       		.uleb128 0x3e
 868 005b 0B       		.uleb128 0xb
 869 005c 03       		.uleb128 0x3
 870 005d 08       		.uleb128 0x8
 871 005e 00       		.byte	0
 872 005f 00       		.byte	0
 873 0060 09       		.uleb128 0x9
 874 0061 13       		.uleb128 0x13
 875 0062 01       		.byte	0x1
 876 0063 0B       		.uleb128 0xb
 877 0064 0B       		.uleb128 0xb
 878 0065 3A       		.uleb128 0x3a
 879 0066 0B       		.uleb128 0xb
 880 0067 3B       		.uleb128 0x3b
 881 0068 0B       		.uleb128 0xb
 882 0069 01       		.uleb128 0x1
 883 006a 13       		.uleb128 0x13
 884 006b 00       		.byte	0
 885 006c 00       		.byte	0
 886 006d 0A       		.uleb128 0xa
 887 006e 0D       		.uleb128 0xd
 888 006f 00       		.byte	0
 889 0070 03       		.uleb128 0x3
 890 0071 0E       		.uleb128 0xe
 891 0072 3A       		.uleb128 0x3a
 892 0073 0B       		.uleb128 0xb
 893 0074 3B       		.uleb128 0x3b
 894 0075 0B       		.uleb128 0xb
 895 0076 49       		.uleb128 0x49
 896 0077 13       		.uleb128 0x13
 897 0078 38       		.uleb128 0x38
 898 0079 0B       		.uleb128 0xb
 899 007a 00       		.byte	0
 900 007b 00       		.byte	0
 901 007c 0B       		.uleb128 0xb
 902 007d 34       		.uleb128 0x34
 903 007e 00       		.byte	0
 904 007f 03       		.uleb128 0x3
 905 0080 0E       		.uleb128 0xe
 906 0081 3A       		.uleb128 0x3a
 907 0082 0B       		.uleb128 0xb
 908 0083 3B       		.uleb128 0x3b
 909 0084 0B       		.uleb128 0xb
 910 0085 49       		.uleb128 0x49
 911 0086 13       		.uleb128 0x13
 912 0087 3F       		.uleb128 0x3f
ARM GAS  C:\Users\Phuong\AppData\Local\Temp\cc2EfCRh.s 			page 17


 913 0088 19       		.uleb128 0x19
 914 0089 02       		.uleb128 0x2
 915 008a 18       		.uleb128 0x18
 916 008b 00       		.byte	0
 917 008c 00       		.byte	0
 918 008d 0C       		.uleb128 0xc
 919 008e 26       		.uleb128 0x26
 920 008f 00       		.byte	0
 921 0090 49       		.uleb128 0x49
 922 0091 13       		.uleb128 0x13
 923 0092 00       		.byte	0
 924 0093 00       		.byte	0
 925 0094 00       		.byte	0
 926              		.section	.debug_aranges,"",%progbits
 927 0000 14000000 		.4byte	0x14
 928 0004 0200     		.2byte	0x2
 929 0006 00000000 		.4byte	.Ldebug_info0
 930 000a 04       		.byte	0x4
 931 000b 00       		.byte	0
 932 000c 0000     		.2byte	0
 933 000e 0000     		.2byte	0
 934 0010 00000000 		.4byte	0
 935 0014 00000000 		.4byte	0
 936              		.section	.debug_line,"",%progbits
 937              	.Ldebug_line0:
 938 0000 D7010000 		.section	.debug_str,"MS",%progbits,1
 938      0200D101 
 938      00000201 
 938      FB0E0D00 
 938      01010101 
 939              	.LASF152:
 940 0000 74637077 		.ascii	"tcpwm_1_interrupts_15_IRQn\000"
 940      6D5F315F 
 940      696E7465 
 940      72727570 
 940      74735F31 
 941              	.LASF41:
 942 001b 696F7373 		.ascii	"ioss_interrupts_gpio_2_IRQn\000"
 942      5F696E74 
 942      65727275 
 942      7074735F 
 942      6770696F 
 943              	.LASF85:
 944 0037 7363625F 		.ascii	"scb_5_interrupt_IRQn\000"
 944      355F696E 
 944      74657272 
 944      7570745F 
 944      4952516E 
 945              	.LASF21:
 946 004c 4E766963 		.ascii	"NvicMux15_IRQn\000"
 946      4D757831 
 946      355F4952 
 946      516E00
 947              	.LASF133:
 948 005b 74637077 		.ascii	"tcpwm_0_interrupts_4_IRQn\000"
 948      6D5F305F 
 948      696E7465 
ARM GAS  C:\Users\Phuong\AppData\Local\Temp\cc2EfCRh.s 			page 18


 948      72727570 
 948      74735F34 
 949              	.LASF61:
 950 0075 73727373 		.ascii	"srss_interrupt_IRQn\000"
 950      5F696E74 
 950      65727275 
 950      70745F49 
 950      52516E00 
 951              	.LASF57:
 952 0089 7363625F 		.ascii	"scb_8_interrupt_IRQn\000"
 952      385F696E 
 952      74657272 
 952      7570745F 
 952      4952516E 
 953              	.LASF90:
 954 009e 63707573 		.ascii	"cpuss_interrupts_dw0_1_IRQn\000"
 954      735F696E 
 954      74657272 
 954      75707473 
 954      5F647730 
 955              	.LASF8:
 956 00ba 4E766963 		.ascii	"NvicMux2_IRQn\000"
 956      4D757832 
 956      5F495251 
 956      6E00
 957              	.LASF63:
 958 00c8 626C6573 		.ascii	"bless_interrupt_IRQn\000"
 958      735F696E 
 958      74657272 
 958      7570745F 
 958      4952516E 
 959              	.LASF162:
 960 00dd 7564625F 		.ascii	"udb_interrupts_1_IRQn\000"
 960      696E7465 
 960      72727570 
 960      74735F31 
 960      5F495251 
 961              	.LASF80:
 962 00f3 7363625F 		.ascii	"scb_0_interrupt_IRQn\000"
 962      305F696E 
 962      74657272 
 962      7570745F 
 962      4952516E 
 963              	.LASF145:
 964 0108 74637077 		.ascii	"tcpwm_1_interrupts_8_IRQn\000"
 964      6D5F315F 
 964      696E7465 
 964      72727570 
 964      74735F38 
 965              	.LASF68:
 966 0122 63707573 		.ascii	"cpuss_interrupts_ipc_4_IRQn\000"
 966      735F696E 
 966      74657272 
 966      75707473 
 966      5F697063 
 967              	.LASF75:
 968 013e 63707573 		.ascii	"cpuss_interrupts_ipc_11_IRQn\000"
ARM GAS  C:\Users\Phuong\AppData\Local\Temp\cc2EfCRh.s 			page 19


 968      735F696E 
 968      74657272 
 968      75707473 
 968      5F697063 
 969              	.LASF161:
 970 015b 7564625F 		.ascii	"udb_interrupts_0_IRQn\000"
 970      696E7465 
 970      72727570 
 970      74735F30 
 970      5F495251 
 971              	.LASF211:
 972 0171 55415254 		.ascii	"UART_1_SCB_IRQ_cfg\000"
 972      5F315F53 
 972      43425F49 
 972      52515F63 
 972      666700
 973              	.LASF197:
 974 0184 6C6F6E67 		.ascii	"long long unsigned int\000"
 974      206C6F6E 
 974      6720756E 
 974      7369676E 
 974      65642069 
 975              	.LASF184:
 976 019b 7573625F 		.ascii	"usb_interrupt_lo_IRQn\000"
 976      696E7465 
 976      72727570 
 976      745F6C6F 
 976      5F495251 
 977              	.LASF147:
 978 01b1 74637077 		.ascii	"tcpwm_1_interrupts_10_IRQn\000"
 978      6D5F315F 
 978      696E7465 
 978      72727570 
 978      74735F31 
 979              	.LASF39:
 980 01cc 696F7373 		.ascii	"ioss_interrupts_gpio_0_IRQn\000"
 980      5F696E74 
 980      65727275 
 980      7074735F 
 980      6770696F 
 981              	.LASF126:
 982 01e8 63707573 		.ascii	"cpuss_interrupts_cm0_cti_1_IRQn\000"
 982      735F696E 
 982      74657272 
 982      75707473 
 982      5F636D30 
 983              	.LASF48:
 984 0208 696F7373 		.ascii	"ioss_interrupts_gpio_9_IRQn\000"
 984      5F696E74 
 984      65727275 
 984      7074735F 
 984      6770696F 
 985              	.LASF185:
 986 0224 70617373 		.ascii	"pass_interrupt_dacs_IRQn\000"
 986      5F696E74 
 986      65727275 
 986      70745F64 
ARM GAS  C:\Users\Phuong\AppData\Local\Temp\cc2EfCRh.s 			page 20


 986      6163735F 
 987              	.LASF167:
 988 023d 7564625F 		.ascii	"udb_interrupts_6_IRQn\000"
 988      696E7465 
 988      72727570 
 988      74735F36 
 988      5F495251 
 989              	.LASF190:
 990 0253 63795F65 		.ascii	"cy_en_intr_t\000"
 990      6E5F696E 
 990      74725F74 
 990      00
 991              	.LASF30:
 992 0260 4E766963 		.ascii	"NvicMux24_IRQn\000"
 992      4D757832 
 992      345F4952 
 992      516E00
 993              	.LASF0:
 994 026f 52657365 		.ascii	"Reset_IRQn\000"
 994      745F4952 
 994      516E00
 995              	.LASF153:
 996 027a 74637077 		.ascii	"tcpwm_1_interrupts_16_IRQn\000"
 996      6D5F315F 
 996      696E7465 
 996      72727570 
 996      74735F31 
 997              	.LASF123:
 998 0295 63707573 		.ascii	"cpuss_interrupt_crypto_IRQn\000"
 998      735F696E 
 998      74657272 
 998      7570745F 
 998      63727970 
 999              	.LASF196:
 1000 02b1 6C6F6E67 		.ascii	"long long int\000"
 1000      206C6F6E 
 1000      6720696E 
 1000      7400
 1001              	.LASF191:
 1002 02bf 7369676E 		.ascii	"signed char\000"
 1002      65642063 
 1002      68617200 
 1003              	.LASF22:
 1004 02cb 4E766963 		.ascii	"NvicMux16_IRQn\000"
 1004      4D757831 
 1004      365F4952 
 1004      516E00
 1005              	.LASF134:
 1006 02da 74637077 		.ascii	"tcpwm_0_interrupts_5_IRQn\000"
 1006      6D5F305F 
 1006      696E7465 
 1006      72727570 
 1006      74735F35 
 1007              	.LASF114:
 1008 02f4 63707573 		.ascii	"cpuss_interrupts_dw1_9_IRQn\000"
 1008      735F696E 
 1008      74657272 
ARM GAS  C:\Users\Phuong\AppData\Local\Temp\cc2EfCRh.s 			page 21


 1008      75707473 
 1008      5F647731 
 1009              	.LASF206:
 1010 0310 636D3070 		.ascii	"cm0pSrc\000"
 1010      53726300 
 1011              	.LASF9:
 1012 0318 4E766963 		.ascii	"NvicMux3_IRQn\000"
 1012      4D757833 
 1012      5F495251 
 1012      6E00
 1013              	.LASF56:
 1014 0326 6C70636F 		.ascii	"lpcomp_interrupt_IRQn\000"
 1014      6D705F69 
 1014      6E746572 
 1014      72757074 
 1014      5F495251 
 1015              	.LASF137:
 1016 033c 74637077 		.ascii	"tcpwm_1_interrupts_0_IRQn\000"
 1016      6D5F315F 
 1016      696E7465 
 1016      72727570 
 1016      74735F30 
 1017              	.LASF193:
 1018 0356 6C6F6E67 		.ascii	"long int\000"
 1018      20696E74 
 1018      00
 1019              	.LASF146:
 1020 035f 74637077 		.ascii	"tcpwm_1_interrupts_9_IRQn\000"
 1020      6D5F315F 
 1020      696E7465 
 1020      72727570 
 1020      74735F39 
 1021              	.LASF69:
 1022 0379 63707573 		.ascii	"cpuss_interrupts_ipc_5_IRQn\000"
 1022      735F696E 
 1022      74657272 
 1022      75707473 
 1022      5F697063 
 1023              	.LASF112:
 1024 0395 63707573 		.ascii	"cpuss_interrupts_dw1_7_IRQn\000"
 1024      735F696E 
 1024      74657272 
 1024      75707473 
 1024      5F647731 
 1025              	.LASF76:
 1026 03b1 63707573 		.ascii	"cpuss_interrupts_ipc_12_IRQn\000"
 1026      735F696E 
 1026      74657272 
 1026      75707473 
 1026      5F697063 
 1027              	.LASF113:
 1028 03ce 63707573 		.ascii	"cpuss_interrupts_dw1_8_IRQn\000"
 1028      735F696E 
 1028      74657272 
 1028      75707473 
 1028      5F647731 
 1029              	.LASF34:
ARM GAS  C:\Users\Phuong\AppData\Local\Temp\cc2EfCRh.s 			page 22


 1030 03ea 4E766963 		.ascii	"NvicMux28_IRQn\000"
 1030      4D757832 
 1030      385F4952 
 1030      516E00
 1031              	.LASF205:
 1032 03f9 696E7472 		.ascii	"intrSrc\000"
 1032      53726300 
 1033              	.LASF148:
 1034 0401 74637077 		.ascii	"tcpwm_1_interrupts_11_IRQn\000"
 1034      6D5F315F 
 1034      696E7465 
 1034      72727570 
 1034      74735F31 
 1035              	.LASF93:
 1036 041c 63707573 		.ascii	"cpuss_interrupts_dw0_4_IRQn\000"
 1036      735F696E 
 1036      74657272 
 1036      75707473 
 1036      5F647730 
 1037              	.LASF54:
 1038 0438 696F7373 		.ascii	"ioss_interrupt_gpio_IRQn\000"
 1038      5F696E74 
 1038      65727275 
 1038      70745F67 
 1038      70696F5F 
 1039              	.LASF58:
 1040 0451 73727373 		.ascii	"srss_interrupt_mcwdt_0_IRQn\000"
 1040      5F696E74 
 1040      65727275 
 1040      70745F6D 
 1040      63776474 
 1041              	.LASF204:
 1042 046d 646F7562 		.ascii	"double\000"
 1042      6C6500
 1043              	.LASF178:
 1044 0474 61756469 		.ascii	"audioss_interrupt_i2s_IRQn\000"
 1044      6F73735F 
 1044      696E7465 
 1044      72727570 
 1044      745F6932 
 1045              	.LASF95:
 1046 048f 63707573 		.ascii	"cpuss_interrupts_dw0_6_IRQn\000"
 1046      735F696E 
 1046      74657272 
 1046      75707473 
 1046      5F647730 
 1047              	.LASF128:
 1048 04ab 63707573 		.ascii	"cpuss_interrupts_cm4_cti_1_IRQn\000"
 1048      735F696E 
 1048      74657272 
 1048      75707473 
 1048      5F636D34 
 1049              	.LASF37:
 1050 04cb 4E766963 		.ascii	"NvicMux31_IRQn\000"
 1050      4D757833 
 1050      315F4952 
 1050      516E00
ARM GAS  C:\Users\Phuong\AppData\Local\Temp\cc2EfCRh.s 			page 23


 1051              	.LASF23:
 1052 04da 4E766963 		.ascii	"NvicMux17_IRQn\000"
 1052      4D757831 
 1052      375F4952 
 1052      516E00
 1053              	.LASF135:
 1054 04e9 74637077 		.ascii	"tcpwm_0_interrupts_6_IRQn\000"
 1054      6D5F305F 
 1054      696E7465 
 1054      72727570 
 1054      74735F36 
 1055              	.LASF194:
 1056 0503 5F5F7569 		.ascii	"__uint32_t\000"
 1056      6E743332 
 1056      5F7400
 1057              	.LASF81:
 1058 050e 7363625F 		.ascii	"scb_1_interrupt_IRQn\000"
 1058      315F696E 
 1058      74657272 
 1058      7570745F 
 1058      4952516E 
 1059              	.LASF10:
 1060 0523 4E766963 		.ascii	"NvicMux4_IRQn\000"
 1060      4D757834 
 1060      5F495251 
 1060      6E00
 1061              	.LASF62:
 1062 0531 70617373 		.ascii	"pass_interrupt_ctbs_IRQn\000"
 1062      5F696E74 
 1062      65727275 
 1062      70745F63 
 1062      7462735F 
 1063              	.LASF82:
 1064 054a 7363625F 		.ascii	"scb_2_interrupt_IRQn\000"
 1064      325F696E 
 1064      74657272 
 1064      7570745F 
 1064      4952516E 
 1065              	.LASF103:
 1066 055f 63707573 		.ascii	"cpuss_interrupts_dw0_14_IRQn\000"
 1066      735F696E 
 1066      74657272 
 1066      75707473 
 1066      5F647730 
 1067              	.LASF44:
 1068 057c 696F7373 		.ascii	"ioss_interrupts_gpio_5_IRQn\000"
 1068      5F696E74 
 1068      65727275 
 1068      7074735F 
 1068      6770696F 
 1069              	.LASF70:
 1070 0598 63707573 		.ascii	"cpuss_interrupts_ipc_6_IRQn\000"
 1070      735F696E 
 1070      74657272 
 1070      75707473 
 1070      5F697063 
 1071              	.LASF163:
ARM GAS  C:\Users\Phuong\AppData\Local\Temp\cc2EfCRh.s 			page 24


 1072 05b4 7564625F 		.ascii	"udb_interrupts_2_IRQn\000"
 1072      696E7465 
 1072      72727570 
 1072      74735F32 
 1072      5F495251 
 1073              	.LASF52:
 1074 05ca 696F7373 		.ascii	"ioss_interrupts_gpio_13_IRQn\000"
 1074      5F696E74 
 1074      65727275 
 1074      7074735F 
 1074      6770696F 
 1075              	.LASF26:
 1076 05e7 4E766963 		.ascii	"NvicMux20_IRQn\000"
 1076      4D757832 
 1076      305F4952 
 1076      516E00
 1077              	.LASF209:
 1078 05f6 55415254 		.ascii	"UART_2_SCB_IRQ_cfg\000"
 1078      5F325F53 
 1078      43425F49 
 1078      52515F63 
 1078      666700
 1079              	.LASF149:
 1080 0609 74637077 		.ascii	"tcpwm_1_interrupts_12_IRQn\000"
 1080      6D5F315F 
 1080      696E7465 
 1080      72727570 
 1080      74735F31 
 1081              	.LASF118:
 1082 0624 63707573 		.ascii	"cpuss_interrupts_dw1_13_IRQn\000"
 1082      735F696E 
 1082      74657272 
 1082      75707473 
 1082      5F647731 
 1083              	.LASF195:
 1084 0641 6C6F6E67 		.ascii	"long unsigned int\000"
 1084      20756E73 
 1084      69676E65 
 1084      6420696E 
 1084      7400
 1085              	.LASF59:
 1086 0653 73727373 		.ascii	"srss_interrupt_mcwdt_1_IRQn\000"
 1086      5F696E74 
 1086      65727275 
 1086      70745F6D 
 1086      63776474 
 1087              	.LASF91:
 1088 066f 63707573 		.ascii	"cpuss_interrupts_dw0_2_IRQn\000"
 1088      735F696E 
 1088      74657272 
 1088      75707473 
 1088      5F647730 
 1089              	.LASF18:
 1090 068b 4E766963 		.ascii	"NvicMux12_IRQn\000"
 1090      4D757831 
 1090      325F4952 
 1090      516E00
ARM GAS  C:\Users\Phuong\AppData\Local\Temp\cc2EfCRh.s 			page 25


 1091              	.LASF130:
 1092 069a 74637077 		.ascii	"tcpwm_0_interrupts_1_IRQn\000"
 1092      6D5F305F 
 1092      696E7465 
 1092      72727570 
 1092      74735F31 
 1093              	.LASF32:
 1094 06b4 4E766963 		.ascii	"NvicMux26_IRQn\000"
 1094      4D757832 
 1094      365F4952 
 1094      516E00
 1095              	.LASF183:
 1096 06c3 7573625F 		.ascii	"usb_interrupt_med_IRQn\000"
 1096      696E7465 
 1096      72727570 
 1096      745F6D65 
 1096      645F4952 
 1097              	.LASF121:
 1098 06da 63707573 		.ascii	"cpuss_interrupts_fault_0_IRQn\000"
 1098      735F696E 
 1098      74657272 
 1098      75707473 
 1098      5F666175 
 1099              	.LASF14:
 1100 06f8 4E766963 		.ascii	"NvicMux8_IRQn\000"
 1100      4D757838 
 1100      5F495251 
 1100      6E00
 1101              	.LASF192:
 1102 0706 73686F72 		.ascii	"short unsigned int\000"
 1102      7420756E 
 1102      7369676E 
 1102      65642069 
 1102      6E7400
 1103              	.LASF142:
 1104 0719 74637077 		.ascii	"tcpwm_1_interrupts_5_IRQn\000"
 1104      6D5F315F 
 1104      696E7465 
 1104      72727570 
 1104      74735F35 
 1105              	.LASF65:
 1106 0733 63707573 		.ascii	"cpuss_interrupts_ipc_1_IRQn\000"
 1106      735F696E 
 1106      74657272 
 1106      75707473 
 1106      5F697063 
 1107              	.LASF109:
 1108 074f 63707573 		.ascii	"cpuss_interrupts_dw1_4_IRQn\000"
 1108      735F696E 
 1108      74657272 
 1108      75707473 
 1108      5F647731 
 1109              	.LASF124:
 1110 076b 63707573 		.ascii	"cpuss_interrupt_fm_IRQn\000"
 1110      735F696E 
 1110      74657272 
 1110      7570745F 
ARM GAS  C:\Users\Phuong\AppData\Local\Temp\cc2EfCRh.s 			page 26


 1110      666D5F49 
 1111              	.LASF180:
 1112 0783 70726F66 		.ascii	"profile_interrupt_IRQn\000"
 1112      696C655F 
 1112      696E7465 
 1112      72727570 
 1112      745F4952 
 1113              	.LASF104:
 1114 079a 63707573 		.ascii	"cpuss_interrupts_dw0_15_IRQn\000"
 1114      735F696E 
 1114      74657272 
 1114      75707473 
 1114      5F647730 
 1115              	.LASF45:
 1116 07b7 696F7373 		.ascii	"ioss_interrupts_gpio_6_IRQn\000"
 1116      5F696E74 
 1116      65727275 
 1116      7074735F 
 1116      6770696F 
 1117              	.LASF164:
 1118 07d3 7564625F 		.ascii	"udb_interrupts_3_IRQn\000"
 1118      696E7465 
 1118      72727570 
 1118      74735F33 
 1118      5F495251 
 1119              	.LASF53:
 1120 07e9 696F7373 		.ascii	"ioss_interrupts_gpio_14_IRQn\000"
 1120      5F696E74 
 1120      65727275 
 1120      7074735F 
 1120      6770696F 
 1121              	.LASF27:
 1122 0806 4E766963 		.ascii	"NvicMux21_IRQn\000"
 1122      4D757832 
 1122      315F4952 
 1122      516E00
 1123              	.LASF175:
 1124 0815 7564625F 		.ascii	"udb_interrupts_14_IRQn\000"
 1124      696E7465 
 1124      72727570 
 1124      74735F31 
 1124      345F4952 
 1125              	.LASF5:
 1126 082c 53797354 		.ascii	"SysTick_IRQn\000"
 1126      69636B5F 
 1126      4952516E 
 1126      00
 1127              	.LASF119:
 1128 0839 63707573 		.ascii	"cpuss_interrupts_dw1_14_IRQn\000"
 1128      735F696E 
 1128      74657272 
 1128      75707473 
 1128      5F647731 
 1129              	.LASF186:
 1130 0856 64697363 		.ascii	"disconnected_IRQn\000"
 1130      6F6E6E65 
 1130      63746564 
ARM GAS  C:\Users\Phuong\AppData\Local\Temp\cc2EfCRh.s 			page 27


 1130      5F495251 
 1130      6E00
 1131              	.LASF160:
 1132 0868 74637077 		.ascii	"tcpwm_1_interrupts_23_IRQn\000"
 1132      6D5F315F 
 1132      696E7465 
 1132      72727570 
 1132      74735F32 
 1133              	.LASF19:
 1134 0883 4E766963 		.ascii	"NvicMux13_IRQn\000"
 1134      4D757831 
 1134      335F4952 
 1134      516E00
 1135              	.LASF131:
 1136 0892 74637077 		.ascii	"tcpwm_0_interrupts_2_IRQn\000"
 1136      6D5F305F 
 1136      696E7465 
 1136      72727570 
 1136      74735F32 
 1137              	.LASF150:
 1138 08ac 74637077 		.ascii	"tcpwm_1_interrupts_13_IRQn\000"
 1138      6D5F315F 
 1138      696E7465 
 1138      72727570 
 1138      74735F31 
 1139              	.LASF122:
 1140 08c7 63707573 		.ascii	"cpuss_interrupts_fault_1_IRQn\000"
 1140      735F696E 
 1140      74657272 
 1140      75707473 
 1140      5F666175 
 1141              	.LASF200:
 1142 08e5 73697A65 		.ascii	"sizetype\000"
 1142      74797065 
 1142      00
 1143              	.LASF6:
 1144 08ee 4E766963 		.ascii	"NvicMux0_IRQn\000"
 1144      4D757830 
 1144      5F495251 
 1144      6E00
 1145              	.LASF97:
 1146 08fc 63707573 		.ascii	"cpuss_interrupts_dw0_8_IRQn\000"
 1146      735F696E 
 1146      74657272 
 1146      75707473 
 1146      5F647730 
 1147              	.LASF15:
 1148 0918 4E766963 		.ascii	"NvicMux9_IRQn\000"
 1148      4D757839 
 1148      5F495251 
 1148      6E00
 1149              	.LASF3:
 1150 0926 53564361 		.ascii	"SVCall_IRQn\000"
 1150      6C6C5F49 
 1150      52516E00 
 1151              	.LASF208:
 1152 0932 63795F73 		.ascii	"cy_stc_sysint_t\000"
ARM GAS  C:\Users\Phuong\AppData\Local\Temp\cc2EfCRh.s 			page 28


 1152      74635F73 
 1152      7973696E 
 1152      745F7400 
 1153              	.LASF214:
 1154 0942 433A5C55 		.ascii	"C:\\Users\\Phuong\\Documents\\PSoC Creator\\Dec0820"
 1154      73657273 
 1154      5C506875 
 1154      6F6E675C 
 1154      446F6375 
 1155 0970 31385C69 		.ascii	"18\\iot-sdk-iot-dev\\PSOC6_FreeRTOS+LwIP+MbedTLS_Az"
 1155      6F742D73 
 1155      646B2D69 
 1155      6F742D64 
 1155      65765C50 
 1156 09a1 7572652D 		.ascii	"ure-IOT-Hub-Demo\\PSOC6_FreeRTOS+LwIP+MbedTLS_Azure"
 1156      494F542D 
 1156      4875622D 
 1156      44656D6F 
 1156      5C50534F 
 1157 09d3 2D494F54 		.ascii	"-IOT-Hub-Demo.cydsn\000"
 1157      2D487562 
 1157      2D44656D 
 1157      6F2E6379 
 1157      64736E00 
 1158              	.LASF99:
 1159 09e7 63707573 		.ascii	"cpuss_interrupts_dw0_10_IRQn\000"
 1159      735F696E 
 1159      74657272 
 1159      75707473 
 1159      5F647730 
 1160              	.LASF143:
 1161 0a04 74637077 		.ascii	"tcpwm_1_interrupts_6_IRQn\000"
 1161      6D5F315F 
 1161      696E7465 
 1161      72727570 
 1161      74735F36 
 1162              	.LASF66:
 1163 0a1e 63707573 		.ascii	"cpuss_interrupts_ipc_2_IRQn\000"
 1163      735F696E 
 1163      74657272 
 1163      75707473 
 1163      5F697063 
 1164              	.LASF110:
 1165 0a3a 63707573 		.ascii	"cpuss_interrupts_dw1_5_IRQn\000"
 1165      735F696E 
 1165      74657272 
 1165      75707473 
 1165      5F647731 
 1166              	.LASF168:
 1167 0a56 7564625F 		.ascii	"udb_interrupts_7_IRQn\000"
 1167      696E7465 
 1167      72727570 
 1167      74735F37 
 1167      5F495251 
 1168              	.LASF31:
 1169 0a6c 4E766963 		.ascii	"NvicMux25_IRQn\000"
 1169      4D757832 
ARM GAS  C:\Users\Phuong\AppData\Local\Temp\cc2EfCRh.s 			page 29


 1169      355F4952 
 1169      516E00
 1170              	.LASF154:
 1171 0a7b 74637077 		.ascii	"tcpwm_1_interrupts_17_IRQn\000"
 1171      6D5F315F 
 1171      696E7465 
 1171      72727570 
 1171      74735F31 
 1172              	.LASF84:
 1173 0a96 7363625F 		.ascii	"scb_4_interrupt_IRQn\000"
 1173      345F696E 
 1173      74657272 
 1173      7570745F 
 1173      4952516E 
 1174              	.LASF46:
 1175 0aab 696F7373 		.ascii	"ioss_interrupts_gpio_7_IRQn\000"
 1175      5F696E74 
 1175      65727275 
 1175      7074735F 
 1175      6770696F 
 1176              	.LASF102:
 1177 0ac7 63707573 		.ascii	"cpuss_interrupts_dw0_13_IRQn\000"
 1177      735F696E 
 1177      74657272 
 1177      75707473 
 1177      5F647730 
 1178              	.LASF120:
 1179 0ae4 63707573 		.ascii	"cpuss_interrupts_dw1_15_IRQn\000"
 1179      735F696E 
 1179      74657272 
 1179      75707473 
 1179      5F647731 
 1180              	.LASF182:
 1181 0b01 7573625F 		.ascii	"usb_interrupt_hi_IRQn\000"
 1181      696E7465 
 1181      72727570 
 1181      745F6869 
 1181      5F495251 
 1182              	.LASF203:
 1183 0b17 666C6F61 		.ascii	"float\000"
 1183      7400
 1184              	.LASF92:
 1185 0b1d 63707573 		.ascii	"cpuss_interrupts_dw0_3_IRQn\000"
 1185      735F696E 
 1185      74657272 
 1185      75707473 
 1185      5F647730 
 1186              	.LASF50:
 1187 0b39 696F7373 		.ascii	"ioss_interrupts_gpio_11_IRQn\000"
 1187      5F696E74 
 1187      65727275 
 1187      7074735F 
 1187      6770696F 
 1188              	.LASF20:
 1189 0b56 4E766963 		.ascii	"NvicMux14_IRQn\000"
 1189      4D757831 
 1189      345F4952 
ARM GAS  C:\Users\Phuong\AppData\Local\Temp\cc2EfCRh.s 			page 30


 1189      516E00
 1190              	.LASF132:
 1191 0b65 74637077 		.ascii	"tcpwm_0_interrupts_3_IRQn\000"
 1191      6D5F305F 
 1191      696E7465 
 1191      72727570 
 1191      74735F33 
 1192              	.LASF157:
 1193 0b7f 74637077 		.ascii	"tcpwm_1_interrupts_20_IRQn\000"
 1193      6D5F315F 
 1193      696E7465 
 1193      72727570 
 1193      74735F32 
 1194              	.LASF138:
 1195 0b9a 74637077 		.ascii	"tcpwm_1_interrupts_1_IRQn\000"
 1195      6D5F315F 
 1195      696E7465 
 1195      72727570 
 1195      74735F31 
 1196              	.LASF105:
 1197 0bb4 63707573 		.ascii	"cpuss_interrupts_dw1_0_IRQn\000"
 1197      735F696E 
 1197      74657272 
 1197      75707473 
 1197      5F647731 
 1198              	.LASF172:
 1199 0bd0 7564625F 		.ascii	"udb_interrupts_11_IRQn\000"
 1199      696E7465 
 1199      72727570 
 1199      74735F31 
 1199      315F4952 
 1200              	.LASF98:
 1201 0be7 63707573 		.ascii	"cpuss_interrupts_dw0_9_IRQn\000"
 1201      735F696E 
 1201      74657272 
 1201      75707473 
 1201      5F647730 
 1202              	.LASF176:
 1203 0c03 7564625F 		.ascii	"udb_interrupts_15_IRQn\000"
 1203      696E7465 
 1203      72727570 
 1203      74735F31 
 1203      355F4952 
 1204              	.LASF188:
 1205 0c1a 756E7369 		.ascii	"unsigned char\000"
 1205      676E6564 
 1205      20636861 
 1205      7200
 1206              	.LASF100:
 1207 0c28 63707573 		.ascii	"cpuss_interrupts_dw0_11_IRQn\000"
 1207      735F696E 
 1207      74657272 
 1207      75707473 
 1207      5F647730 
 1208              	.LASF144:
 1209 0c45 74637077 		.ascii	"tcpwm_1_interrupts_7_IRQn\000"
 1209      6D5F315F 
ARM GAS  C:\Users\Phuong\AppData\Local\Temp\cc2EfCRh.s 			page 31


 1209      696E7465 
 1209      72727570 
 1209      74735F37 
 1210              	.LASF67:
 1211 0c5f 63707573 		.ascii	"cpuss_interrupts_ipc_3_IRQn\000"
 1211      735F696E 
 1211      74657272 
 1211      75707473 
 1211      5F697063 
 1212              	.LASF210:
 1213 0c7b 4932435F 		.ascii	"I2C_SCB_IRQ_cfg\000"
 1213      5343425F 
 1213      4952515F 
 1213      63666700 
 1214              	.LASF198:
 1215 0c8b 756E7369 		.ascii	"unsigned int\000"
 1215      676E6564 
 1215      20696E74 
 1215      00
 1216              	.LASF49:
 1217 0c98 696F7373 		.ascii	"ioss_interrupts_gpio_10_IRQn\000"
 1217      5F696E74 
 1217      65727275 
 1217      7074735F 
 1217      6770696F 
 1218              	.LASF169:
 1219 0cb5 7564625F 		.ascii	"udb_interrupts_8_IRQn\000"
 1219      696E7465 
 1219      72727570 
 1219      74735F38 
 1219      5F495251 
 1220              	.LASF38:
 1221 0ccb 756E636F 		.ascii	"unconnected_IRQn\000"
 1221      6E6E6563 
 1221      7465645F 
 1221      4952516E 
 1221      00
 1222              	.LASF187:
 1223 0cdc 73686F72 		.ascii	"short int\000"
 1223      7420696E 
 1223      7400
 1224              	.LASF127:
 1225 0ce6 63707573 		.ascii	"cpuss_interrupts_cm4_cti_0_IRQn\000"
 1225      735F696E 
 1225      74657272 
 1225      75707473 
 1225      5F636D34 
 1226              	.LASF155:
 1227 0d06 74637077 		.ascii	"tcpwm_1_interrupts_18_IRQn\000"
 1227      6D5F315F 
 1227      696E7465 
 1227      72727570 
 1227      74735F31 
 1228              	.LASF174:
 1229 0d21 7564625F 		.ascii	"udb_interrupts_13_IRQn\000"
 1229      696E7465 
 1229      72727570 
ARM GAS  C:\Users\Phuong\AppData\Local\Temp\cc2EfCRh.s 			page 32


 1229      74735F31 
 1229      335F4952 
 1230              	.LASF108:
 1231 0d38 63707573 		.ascii	"cpuss_interrupts_dw1_3_IRQn\000"
 1231      735F696E 
 1231      74657272 
 1231      75707473 
 1231      5F647731 
 1232              	.LASF13:
 1233 0d54 4E766963 		.ascii	"NvicMux7_IRQn\000"
 1233      4D757837 
 1233      5F495251 
 1233      6E00
 1234              	.LASF24:
 1235 0d62 4E766963 		.ascii	"NvicMux18_IRQn\000"
 1235      4D757831 
 1235      385F4952 
 1235      516E00
 1236              	.LASF136:
 1237 0d71 74637077 		.ascii	"tcpwm_0_interrupts_7_IRQn\000"
 1237      6D5F305F 
 1237      696E7465 
 1237      72727570 
 1237      74735F37 
 1238              	.LASF64:
 1239 0d8b 63707573 		.ascii	"cpuss_interrupts_ipc_0_IRQn\000"
 1239      735F696E 
 1239      74657272 
 1239      75707473 
 1239      5F697063 
 1240              	.LASF116:
 1241 0da7 63707573 		.ascii	"cpuss_interrupts_dw1_11_IRQn\000"
 1241      735F696E 
 1241      74657272 
 1241      75707473 
 1241      5F647731 
 1242              	.LASF11:
 1243 0dc4 4E766963 		.ascii	"NvicMux5_IRQn\000"
 1243      4D757835 
 1243      5F495251 
 1243      6E00
 1244              	.LASF189:
 1245 0dd2 4952516E 		.ascii	"IRQn_Type\000"
 1245      5F547970 
 1245      6500
 1246              	.LASF158:
 1247 0ddc 74637077 		.ascii	"tcpwm_1_interrupts_21_IRQn\000"
 1247      6D5F315F 
 1247      696E7465 
 1247      72727570 
 1247      74735F32 
 1248              	.LASF199:
 1249 0df7 75696E74 		.ascii	"uint32_t\000"
 1249      33325F74 
 1249      00
 1250              	.LASF139:
 1251 0e00 74637077 		.ascii	"tcpwm_1_interrupts_2_IRQn\000"
ARM GAS  C:\Users\Phuong\AppData\Local\Temp\cc2EfCRh.s 			page 33


 1251      6D5F315F 
 1251      696E7465 
 1251      72727570 
 1251      74735F32 
 1252              	.LASF71:
 1253 0e1a 63707573 		.ascii	"cpuss_interrupts_ipc_7_IRQn\000"
 1253      735F696E 
 1253      74657272 
 1253      75707473 
 1253      5F697063 
 1254              	.LASF106:
 1255 0e36 63707573 		.ascii	"cpuss_interrupts_dw1_1_IRQn\000"
 1255      735F696E 
 1255      74657272 
 1255      75707473 
 1255      5F647731 
 1256              	.LASF78:
 1257 0e52 63707573 		.ascii	"cpuss_interrupts_ipc_14_IRQn\000"
 1257      735F696E 
 1257      74657272 
 1257      75707473 
 1257      5F697063 
 1258              	.LASF212:
 1259 0e6f 474E5520 		.ascii	"GNU C11 5.4.1 20160609 (release) [ARM/embedded-5-br"
 1259      43313120 
 1259      352E342E 
 1259      31203230 
 1259      31363036 
 1260 0ea2 616E6368 		.ascii	"anch revision 237715] -mcpu=cortex-m0plus -mthumb -"
 1260      20726576 
 1260      6973696F 
 1260      6E203233 
 1260      37373135 
 1261 0ed5 67202D4F 		.ascii	"g -Og -ffunction-sections -ffat-lto-objects\000"
 1261      67202D66 
 1261      66756E63 
 1261      74696F6E 
 1261      2D736563 
 1262              	.LASF179:
 1263 0f01 61756469 		.ascii	"audioss_interrupt_pdm_IRQn\000"
 1263      6F73735F 
 1263      696E7465 
 1263      72727570 
 1263      745F7064 
 1264              	.LASF201:
 1265 0f1c 6C6F6E67 		.ascii	"long double\000"
 1265      20646F75 
 1265      626C6500 
 1266              	.LASF202:
 1267 0f28 63686172 		.ascii	"char\000"
 1267      00
 1268              	.LASF213:
 1269 0f2d 47656E65 		.ascii	"Generated_Source\\PSoC6\\cyfitter_sysint_cfg.c\000"
 1269      72617465 
 1269      645F536F 
 1269      75726365 
 1269      5C50536F 
ARM GAS  C:\Users\Phuong\AppData\Local\Temp\cc2EfCRh.s 			page 34


 1270              	.LASF101:
 1271 0f5a 63707573 		.ascii	"cpuss_interrupts_dw0_12_IRQn\000"
 1271      735F696E 
 1271      74657272 
 1271      75707473 
 1271      5F647730 
 1272              	.LASF42:
 1273 0f77 696F7373 		.ascii	"ioss_interrupts_gpio_3_IRQn\000"
 1273      5F696E74 
 1273      65727275 
 1273      7074735F 
 1273      6770696F 
 1274              	.LASF177:
 1275 0f93 70617373 		.ascii	"pass_interrupt_sar_IRQn\000"
 1275      5F696E74 
 1275      65727275 
 1275      70745F73 
 1275      61725F49 
 1276              	.LASF4:
 1277 0fab 50656E64 		.ascii	"PendSV_IRQn\000"
 1277      53565F49 
 1277      52516E00 
 1278              	.LASF83:
 1279 0fb7 7363625F 		.ascii	"scb_3_interrupt_IRQn\000"
 1279      335F696E 
 1279      74657272 
 1279      7570745F 
 1279      4952516E 
 1280              	.LASF170:
 1281 0fcc 7564625F 		.ascii	"udb_interrupts_9_IRQn\000"
 1281      696E7465 
 1281      72727570 
 1281      74735F39 
 1281      5F495251 
 1282              	.LASF33:
 1283 0fe2 4E766963 		.ascii	"NvicMux27_IRQn\000"
 1283      4D757832 
 1283      375F4952 
 1283      516E00
 1284              	.LASF1:
 1285 0ff1 4E6F6E4D 		.ascii	"NonMaskableInt_IRQn\000"
 1285      61736B61 
 1285      626C6549 
 1285      6E745F49 
 1285      52516E00 
 1286              	.LASF156:
 1287 1005 74637077 		.ascii	"tcpwm_1_interrupts_19_IRQn\000"
 1287      6D5F315F 
 1287      696E7465 
 1287      72727570 
 1287      74735F31 
 1288              	.LASF86:
 1289 1020 7363625F 		.ascii	"scb_6_interrupt_IRQn\000"
 1289      365F696E 
 1289      74657272 
 1289      7570745F 
 1289      4952516E 
ARM GAS  C:\Users\Phuong\AppData\Local\Temp\cc2EfCRh.s 			page 35


 1290              	.LASF16:
 1291 1035 4E766963 		.ascii	"NvicMux10_IRQn\000"
 1291      4D757831 
 1291      305F4952 
 1291      516E00
 1292              	.LASF25:
 1293 1044 4E766963 		.ascii	"NvicMux19_IRQn\000"
 1293      4D757831 
 1293      395F4952 
 1293      516E00
 1294              	.LASF171:
 1295 1053 7564625F 		.ascii	"udb_interrupts_10_IRQn\000"
 1295      696E7465 
 1295      72727570 
 1295      74735F31 
 1295      305F4952 
 1296              	.LASF40:
 1297 106a 696F7373 		.ascii	"ioss_interrupts_gpio_1_IRQn\000"
 1297      5F696E74 
 1297      65727275 
 1297      7074735F 
 1297      6770696F 
 1298              	.LASF2:
 1299 1086 48617264 		.ascii	"HardFault_IRQn\000"
 1299      4661756C 
 1299      745F4952 
 1299      516E00
 1300              	.LASF94:
 1301 1095 63707573 		.ascii	"cpuss_interrupts_dw0_5_IRQn\000"
 1301      735F696E 
 1301      74657272 
 1301      75707473 
 1301      5F647730 
 1302              	.LASF12:
 1303 10b1 4E766963 		.ascii	"NvicMux6_IRQn\000"
 1303      4D757836 
 1303      5F495251 
 1303      6E00
 1304              	.LASF88:
 1305 10bf 6373645F 		.ascii	"csd_interrupt_IRQn\000"
 1305      696E7465 
 1305      72727570 
 1305      745F4952 
 1305      516E00
 1306              	.LASF36:
 1307 10d2 4E766963 		.ascii	"NvicMux30_IRQn\000"
 1307      4D757833 
 1307      305F4952 
 1307      516E00
 1308              	.LASF159:
 1309 10e1 74637077 		.ascii	"tcpwm_1_interrupts_22_IRQn\000"
 1309      6D5F315F 
 1309      696E7465 
 1309      72727570 
 1309      74735F32 
 1310              	.LASF140:
 1311 10fc 74637077 		.ascii	"tcpwm_1_interrupts_3_IRQn\000"
ARM GAS  C:\Users\Phuong\AppData\Local\Temp\cc2EfCRh.s 			page 36


 1311      6D5F315F 
 1311      696E7465 
 1311      72727570 
 1311      74735F33 
 1312              	.LASF72:
 1313 1116 63707573 		.ascii	"cpuss_interrupts_ipc_8_IRQn\000"
 1313      735F696E 
 1313      74657272 
 1313      75707473 
 1313      5F697063 
 1314              	.LASF107:
 1315 1132 63707573 		.ascii	"cpuss_interrupts_dw1_2_IRQn\000"
 1315      735F696E 
 1315      74657272 
 1315      75707473 
 1315      5F647731 
 1316              	.LASF79:
 1317 114e 63707573 		.ascii	"cpuss_interrupts_ipc_15_IRQn\000"
 1317      735F696E 
 1317      74657272 
 1317      75707473 
 1317      5F697063 
 1318              	.LASF165:
 1319 116b 7564625F 		.ascii	"udb_interrupts_4_IRQn\000"
 1319      696E7465 
 1319      72727570 
 1319      74735F34 
 1319      5F495251 
 1320              	.LASF28:
 1321 1181 4E766963 		.ascii	"NvicMux22_IRQn\000"
 1321      4D757832 
 1321      325F4952 
 1321      516E00
 1322              	.LASF87:
 1323 1190 7363625F 		.ascii	"scb_7_interrupt_IRQn\000"
 1323      375F696E 
 1323      74657272 
 1323      7570745F 
 1323      4952516E 
 1324              	.LASF35:
 1325 11a5 4E766963 		.ascii	"NvicMux29_IRQn\000"
 1325      4D757832 
 1325      395F4952 
 1325      516E00
 1326              	.LASF151:
 1327 11b4 74637077 		.ascii	"tcpwm_1_interrupts_14_IRQn\000"
 1327      6D5F315F 
 1327      696E7465 
 1327      72727570 
 1327      74735F31 
 1328              	.LASF43:
 1329 11cf 696F7373 		.ascii	"ioss_interrupts_gpio_4_IRQn\000"
 1329      5F696E74 
 1329      65727275 
 1329      7074735F 
 1329      6770696F 
 1330              	.LASF181:
ARM GAS  C:\Users\Phuong\AppData\Local\Temp\cc2EfCRh.s 			page 37


 1331 11eb 736D6966 		.ascii	"smif_interrupt_IRQn\000"
 1331      5F696E74 
 1331      65727275 
 1331      70745F49 
 1331      52516E00 
 1332              	.LASF51:
 1333 11ff 696F7373 		.ascii	"ioss_interrupts_gpio_12_IRQn\000"
 1333      5F696E74 
 1333      65727275 
 1333      7074735F 
 1333      6770696F 
 1334              	.LASF173:
 1335 121c 7564625F 		.ascii	"udb_interrupts_12_IRQn\000"
 1335      696E7465 
 1335      72727570 
 1335      74735F31 
 1335      325F4952 
 1336              	.LASF117:
 1337 1233 63707573 		.ascii	"cpuss_interrupts_dw1_12_IRQn\000"
 1337      735F696E 
 1337      74657272 
 1337      75707473 
 1337      5F647731 
 1338              	.LASF89:
 1339 1250 63707573 		.ascii	"cpuss_interrupts_dw0_0_IRQn\000"
 1339      735F696E 
 1339      74657272 
 1339      75707473 
 1339      5F647730 
 1340              	.LASF7:
 1341 126c 4E766963 		.ascii	"NvicMux1_IRQn\000"
 1341      4D757831 
 1341      5F495251 
 1341      6E00
 1342              	.LASF55:
 1343 127a 696F7373 		.ascii	"ioss_interrupt_vdd_IRQn\000"
 1343      5F696E74 
 1343      65727275 
 1343      70745F76 
 1343      64645F49 
 1344              	.LASF17:
 1345 1292 4E766963 		.ascii	"NvicMux11_IRQn\000"
 1345      4D757831 
 1345      315F4952 
 1345      516E00
 1346              	.LASF129:
 1347 12a1 74637077 		.ascii	"tcpwm_0_interrupts_0_IRQn\000"
 1347      6D5F305F 
 1347      696E7465 
 1347      72727570 
 1347      74735F30 
 1348              	.LASF115:
 1349 12bb 63707573 		.ascii	"cpuss_interrupts_dw1_10_IRQn\000"
 1349      735F696E 
 1349      74657272 
 1349      75707473 
 1349      5F647731 
ARM GAS  C:\Users\Phuong\AppData\Local\Temp\cc2EfCRh.s 			page 38


 1350              	.LASF60:
 1351 12d8 73727373 		.ascii	"srss_interrupt_backup_IRQn\000"
 1351      5F696E74 
 1351      65727275 
 1351      70745F62 
 1351      61636B75 
 1352              	.LASF74:
 1353 12f3 63707573 		.ascii	"cpuss_interrupts_ipc_10_IRQn\000"
 1353      735F696E 
 1353      74657272 
 1353      75707473 
 1353      5F697063 
 1354              	.LASF111:
 1355 1310 63707573 		.ascii	"cpuss_interrupts_dw1_6_IRQn\000"
 1355      735F696E 
 1355      74657272 
 1355      75707473 
 1355      5F647731 
 1356              	.LASF96:
 1357 132c 63707573 		.ascii	"cpuss_interrupts_dw0_7_IRQn\000"
 1357      735F696E 
 1357      74657272 
 1357      75707473 
 1357      5F647730 
 1358              	.LASF207:
 1359 1348 696E7472 		.ascii	"intrPriority\000"
 1359      5072696F 
 1359      72697479 
 1359      00
 1360              	.LASF141:
 1361 1355 74637077 		.ascii	"tcpwm_1_interrupts_4_IRQn\000"
 1361      6D5F315F 
 1361      696E7465 
 1361      72727570 
 1361      74735F34 
 1362              	.LASF125:
 1363 136f 63707573 		.ascii	"cpuss_interrupts_cm0_cti_0_IRQn\000"
 1363      735F696E 
 1363      74657272 
 1363      75707473 
 1363      5F636D30 
 1364              	.LASF47:
 1365 138f 696F7373 		.ascii	"ioss_interrupts_gpio_8_IRQn\000"
 1365      5F696E74 
 1365      65727275 
 1365      7074735F 
 1365      6770696F 
 1366              	.LASF73:
 1367 13ab 63707573 		.ascii	"cpuss_interrupts_ipc_9_IRQn\000"
 1367      735F696E 
 1367      74657272 
 1367      75707473 
 1367      5F697063 
 1368              	.LASF166:
 1369 13c7 7564625F 		.ascii	"udb_interrupts_5_IRQn\000"
 1369      696E7465 
 1369      72727570 
ARM GAS  C:\Users\Phuong\AppData\Local\Temp\cc2EfCRh.s 			page 39


 1369      74735F35 
 1369      5F495251 
 1370              	.LASF77:
 1371 13dd 63707573 		.ascii	"cpuss_interrupts_ipc_13_IRQn\000"
 1371      735F696E 
 1371      74657272 
 1371      75707473 
 1371      5F697063 
 1372              	.LASF29:
 1373 13fa 4E766963 		.ascii	"NvicMux23_IRQn\000"
 1373      4D757832 
 1373      335F4952 
 1373      516E00
 1374              		.ident	"GCC: (GNU Tools for ARM Embedded Processors) 5.4.1 20160609 (release) [ARM/embedded-5-bran
