ARM GAS  C:\Users\Phuong\AppData\Local\Temp\cciYzTcV.s 			page 1


   1              		.syntax unified
   2              		.cpu cortex-m0plus
   3              		.fpu softvfp
   4              		.eabi_attribute 20, 1
   5              		.eabi_attribute 21, 1
   6              		.eabi_attribute 23, 3
   7              		.eabi_attribute 24, 1
   8              		.eabi_attribute 25, 1
   9              		.eabi_attribute 26, 1
  10              		.eabi_attribute 30, 1
  11              		.eabi_attribute 34, 0
  12              		.eabi_attribute 18, 4
  13              		.thumb
  14              		.syntax unified
  15              		.file	"err.c"
  16              		.text
  17              	.Ltext0:
  18              		.cfi_sections	.debug_frame
  19              		.section	.text.err_to_errno,"ax",%progbits
  20              		.align	2
  21              		.global	err_to_errno
  22              		.code	16
  23              		.thumb_func
  24              		.type	err_to_errno, %function
  25              	err_to_errno:
  26              	.LFB53:
  27              		.file 1 "Source\\LwIP\\src\\api\\err.c"
   1:Source\LwIP\src\api/err.c **** /**
   2:Source\LwIP\src\api/err.c ****  * @file
   3:Source\LwIP\src\api/err.c ****  * Error Management module
   4:Source\LwIP\src\api/err.c ****  *
   5:Source\LwIP\src\api/err.c ****  */
   6:Source\LwIP\src\api/err.c **** 
   7:Source\LwIP\src\api/err.c **** /*
   8:Source\LwIP\src\api/err.c ****  * Copyright (c) 2001-2004 Swedish Institute of Computer Science.
   9:Source\LwIP\src\api/err.c ****  * All rights reserved.
  10:Source\LwIP\src\api/err.c ****  *
  11:Source\LwIP\src\api/err.c ****  * Redistribution and use in source and binary forms, with or without modification,
  12:Source\LwIP\src\api/err.c ****  * are permitted provided that the following conditions are met:
  13:Source\LwIP\src\api/err.c ****  *
  14:Source\LwIP\src\api/err.c ****  * 1. Redistributions of source code must retain the above copyright notice,
  15:Source\LwIP\src\api/err.c ****  *    this list of conditions and the following disclaimer.
  16:Source\LwIP\src\api/err.c ****  * 2. Redistributions in binary form must reproduce the above copyright notice,
  17:Source\LwIP\src\api/err.c ****  *    this list of conditions and the following disclaimer in the documentation
  18:Source\LwIP\src\api/err.c ****  *    and/or other materials provided with the distribution.
  19:Source\LwIP\src\api/err.c ****  * 3. The name of the author may not be used to endorse or promote products
  20:Source\LwIP\src\api/err.c ****  *    derived from this software without specific prior written permission.
  21:Source\LwIP\src\api/err.c ****  *
  22:Source\LwIP\src\api/err.c ****  * THIS SOFTWARE IS PROVIDED BY THE AUTHOR ``AS IS'' AND ANY EXPRESS OR IMPLIED
  23:Source\LwIP\src\api/err.c ****  * WARRANTIES, INCLUDING, BUT NOT LIMITED TO, THE IMPLIED WARRANTIES OF
  24:Source\LwIP\src\api/err.c ****  * MERCHANTABILITY AND FITNESS FOR A PARTICULAR PURPOSE ARE DISCLAIMED. IN NO EVENT
  25:Source\LwIP\src\api/err.c ****  * SHALL THE AUTHOR BE LIABLE FOR ANY DIRECT, INDIRECT, INCIDENTAL, SPECIAL,
  26:Source\LwIP\src\api/err.c ****  * EXEMPLARY, OR CONSEQUENTIAL DAMAGES (INCLUDING, BUT NOT LIMITED TO, PROCUREMENT
  27:Source\LwIP\src\api/err.c ****  * OF SUBSTITUTE GOODS OR SERVICES; LOSS OF USE, DATA, OR PROFITS; OR BUSINESS
  28:Source\LwIP\src\api/err.c ****  * INTERRUPTION) HOWEVER CAUSED AND ON ANY THEORY OF LIABILITY, WHETHER IN
  29:Source\LwIP\src\api/err.c ****  * CONTRACT, STRICT LIABILITY, OR TORT (INCLUDING NEGLIGENCE OR OTHERWISE) ARISING
  30:Source\LwIP\src\api/err.c ****  * IN ANY WAY OUT OF THE USE OF THIS SOFTWARE, EVEN IF ADVISED OF THE POSSIBILITY
ARM GAS  C:\Users\Phuong\AppData\Local\Temp\cciYzTcV.s 			page 2


  31:Source\LwIP\src\api/err.c ****  * OF SUCH DAMAGE.
  32:Source\LwIP\src\api/err.c ****  *
  33:Source\LwIP\src\api/err.c ****  * This file is part of the lwIP TCP/IP stack.
  34:Source\LwIP\src\api/err.c ****  *
  35:Source\LwIP\src\api/err.c ****  * Author: Adam Dunkels <adam@sics.se>
  36:Source\LwIP\src\api/err.c ****  *
  37:Source\LwIP\src\api/err.c ****  */
  38:Source\LwIP\src\api/err.c **** 
  39:Source\LwIP\src\api/err.c **** #include "lwip/err.h"
  40:Source\LwIP\src\api/err.c **** #include "lwip/def.h"
  41:Source\LwIP\src\api/err.c **** #include "lwip/sys.h"
  42:Source\LwIP\src\api/err.c **** 
  43:Source\LwIP\src\api/err.c **** #include "lwip/errno.h"
  44:Source\LwIP\src\api/err.c **** 
  45:Source\LwIP\src\api/err.c **** #if !NO_SYS
  46:Source\LwIP\src\api/err.c **** /** Table to quickly map an lwIP error (err_t) to a socket error
  47:Source\LwIP\src\api/err.c ****   * by using -err as an index */
  48:Source\LwIP\src\api/err.c **** static const int err_to_errno_table[] = {
  49:Source\LwIP\src\api/err.c ****   0,             /* ERR_OK          0      No error, everything OK. */
  50:Source\LwIP\src\api/err.c ****   ENOMEM,        /* ERR_MEM        -1      Out of memory error.     */
  51:Source\LwIP\src\api/err.c ****   ENOBUFS,       /* ERR_BUF        -2      Buffer error.            */
  52:Source\LwIP\src\api/err.c ****   EWOULDBLOCK,   /* ERR_TIMEOUT    -3      Timeout                  */
  53:Source\LwIP\src\api/err.c ****   EHOSTUNREACH,  /* ERR_RTE        -4      Routing problem.         */
  54:Source\LwIP\src\api/err.c ****   EINPROGRESS,   /* ERR_INPROGRESS -5      Operation in progress    */
  55:Source\LwIP\src\api/err.c ****   EINVAL,        /* ERR_VAL        -6      Illegal value.           */
  56:Source\LwIP\src\api/err.c ****   EWOULDBLOCK,   /* ERR_WOULDBLOCK -7      Operation would block.   */
  57:Source\LwIP\src\api/err.c ****   EADDRINUSE,    /* ERR_USE        -8      Address in use.          */
  58:Source\LwIP\src\api/err.c ****   EALREADY,      /* ERR_ALREADY    -9      Already connecting.      */
  59:Source\LwIP\src\api/err.c ****   EISCONN,       /* ERR_ISCONN     -10     Conn already established.*/
  60:Source\LwIP\src\api/err.c ****   ENOTCONN,      /* ERR_CONN       -11     Not connected.           */
  61:Source\LwIP\src\api/err.c ****   -1,            /* ERR_IF         -12     Low-level netif error    */
  62:Source\LwIP\src\api/err.c ****   ECONNABORTED,  /* ERR_ABRT       -13     Connection aborted.      */
  63:Source\LwIP\src\api/err.c ****   ECONNRESET,    /* ERR_RST        -14     Connection reset.        */
  64:Source\LwIP\src\api/err.c ****   ENOTCONN,      /* ERR_CLSD       -15     Connection closed.       */
  65:Source\LwIP\src\api/err.c ****   EIO            /* ERR_ARG        -16     Illegal argument.        */
  66:Source\LwIP\src\api/err.c **** };
  67:Source\LwIP\src\api/err.c **** 
  68:Source\LwIP\src\api/err.c **** int
  69:Source\LwIP\src\api/err.c **** err_to_errno(err_t err)
  70:Source\LwIP\src\api/err.c **** {
  28              		.loc 1 70 0
  29              		.cfi_startproc
  30              		@ args = 0, pretend = 0, frame = 0
  31              		@ frame_needed = 0, uses_anonymous_args = 0
  32              		@ link register save eliminated.
  33              	.LVL0:
  71:Source\LwIP\src\api/err.c ****   if ((err > 0) || (-err >= (err_t)LWIP_ARRAYSIZE(err_to_errno_table))) {
  34              		.loc 1 71 0
  35 0000 0028     		cmp	r0, #0
  36 0002 06DC     		bgt	.L3
  37              		.loc 1 71 0 is_stmt 0 discriminator 1
  38 0004 4042     		rsbs	r0, r0, #0
  39              	.LVL1:
  40 0006 1028     		cmp	r0, #16
  41 0008 05DC     		bgt	.L4
  72:Source\LwIP\src\api/err.c ****     return EIO;
  73:Source\LwIP\src\api/err.c ****   }
ARM GAS  C:\Users\Phuong\AppData\Local\Temp\cciYzTcV.s 			page 3


  74:Source\LwIP\src\api/err.c ****   return err_to_errno_table[-err];
  42              		.loc 1 74 0 is_stmt 1
  43 000a 8000     		lsls	r0, r0, #2
  44 000c 034B     		ldr	r3, .L5
  45 000e C058     		ldr	r0, [r0, r3]
  46 0010 02E0     		b	.L2
  47              	.LVL2:
  48              	.L3:
  72:Source\LwIP\src\api/err.c ****     return EIO;
  49              		.loc 1 72 0
  50 0012 0520     		movs	r0, #5
  51              	.LVL3:
  52 0014 00E0     		b	.L2
  53              	.L4:
  54 0016 0520     		movs	r0, #5
  55              	.L2:
  75:Source\LwIP\src\api/err.c **** }
  56              		.loc 1 75 0
  57              		@ sp needed
  58 0018 7047     		bx	lr
  59              	.L6:
  60 001a C046     		.align	2
  61              	.L5:
  62 001c 00000000 		.word	.LANCHOR0
  63              		.cfi_endproc
  64              	.LFE53:
  65              		.size	err_to_errno, .-err_to_errno
  66              		.section	.text.lwip_strerr,"ax",%progbits
  67              		.align	2
  68              		.global	lwip_strerr
  69              		.code	16
  70              		.thumb_func
  71              		.type	lwip_strerr, %function
  72              	lwip_strerr:
  73              	.LFB54:
  76:Source\LwIP\src\api/err.c **** #endif /* !NO_SYS */
  77:Source\LwIP\src\api/err.c **** 
  78:Source\LwIP\src\api/err.c **** #ifdef LWIP_DEBUG
  79:Source\LwIP\src\api/err.c **** 
  80:Source\LwIP\src\api/err.c **** static const char *err_strerr[] = {
  81:Source\LwIP\src\api/err.c ****            "Ok.",                    /* ERR_OK          0  */
  82:Source\LwIP\src\api/err.c ****            "Out of memory error.",   /* ERR_MEM        -1  */
  83:Source\LwIP\src\api/err.c ****            "Buffer error.",          /* ERR_BUF        -2  */
  84:Source\LwIP\src\api/err.c ****            "Timeout.",               /* ERR_TIMEOUT    -3  */
  85:Source\LwIP\src\api/err.c ****            "Routing problem.",       /* ERR_RTE        -4  */
  86:Source\LwIP\src\api/err.c ****            "Operation in progress.", /* ERR_INPROGRESS -5  */
  87:Source\LwIP\src\api/err.c ****            "Illegal value.",         /* ERR_VAL        -6  */
  88:Source\LwIP\src\api/err.c ****            "Operation would block.", /* ERR_WOULDBLOCK -7  */
  89:Source\LwIP\src\api/err.c ****            "Address in use.",        /* ERR_USE        -8  */
  90:Source\LwIP\src\api/err.c ****            "Already connecting.",    /* ERR_ALREADY    -9  */
  91:Source\LwIP\src\api/err.c ****            "Already connected.",     /* ERR_ISCONN     -10 */
  92:Source\LwIP\src\api/err.c ****            "Not connected.",         /* ERR_CONN       -11 */
  93:Source\LwIP\src\api/err.c ****            "Low-level netif error.", /* ERR_IF         -12 */
  94:Source\LwIP\src\api/err.c ****            "Connection aborted.",    /* ERR_ABRT       -13 */
  95:Source\LwIP\src\api/err.c ****            "Connection reset.",      /* ERR_RST        -14 */
  96:Source\LwIP\src\api/err.c ****            "Connection closed.",     /* ERR_CLSD       -15 */
  97:Source\LwIP\src\api/err.c ****            "Illegal argument."       /* ERR_ARG        -16 */
ARM GAS  C:\Users\Phuong\AppData\Local\Temp\cciYzTcV.s 			page 4


  98:Source\LwIP\src\api/err.c **** };
  99:Source\LwIP\src\api/err.c **** 
 100:Source\LwIP\src\api/err.c **** /**
 101:Source\LwIP\src\api/err.c ****  * Convert an lwip internal error to a string representation.
 102:Source\LwIP\src\api/err.c ****  *
 103:Source\LwIP\src\api/err.c ****  * @param err an lwip internal err_t
 104:Source\LwIP\src\api/err.c ****  * @return a string representation for err
 105:Source\LwIP\src\api/err.c ****  */
 106:Source\LwIP\src\api/err.c **** const char *
 107:Source\LwIP\src\api/err.c **** lwip_strerr(err_t err)
 108:Source\LwIP\src\api/err.c **** {
  74              		.loc 1 108 0
  75              		.cfi_startproc
  76              		@ args = 0, pretend = 0, frame = 0
  77              		@ frame_needed = 0, uses_anonymous_args = 0
  78              		@ link register save eliminated.
  79              	.LVL4:
 109:Source\LwIP\src\api/err.c ****   if ((err > 0) || (-err >= (err_t)LWIP_ARRAYSIZE(err_strerr))) {
  80              		.loc 1 109 0
  81 0000 0028     		cmp	r0, #0
  82 0002 07DC     		bgt	.L9
  83              		.loc 1 109 0 is_stmt 0 discriminator 1
  84 0004 4042     		rsbs	r0, r0, #0
  85              	.LVL5:
  86 0006 1028     		cmp	r0, #16
  87 0008 06DC     		bgt	.L10
 110:Source\LwIP\src\api/err.c ****     return "Unknown error.";
 111:Source\LwIP\src\api/err.c ****   }
 112:Source\LwIP\src\api/err.c ****   return err_strerr[-err];
  88              		.loc 1 112 0 is_stmt 1
  89 000a 8000     		lsls	r0, r0, #2
  90 000c 034B     		ldr	r3, .L11
  91 000e 1818     		adds	r0, r3, r0
  92 0010 406C     		ldr	r0, [r0, #68]
  93 0012 02E0     		b	.L8
  94              	.LVL6:
  95              	.L9:
 110:Source\LwIP\src\api/err.c ****     return "Unknown error.";
  96              		.loc 1 110 0
  97 0014 0248     		ldr	r0, .L11+4
  98              	.LVL7:
  99 0016 00E0     		b	.L8
 100              	.L10:
 101 0018 0148     		ldr	r0, .L11+4
 102              	.L8:
 113:Source\LwIP\src\api/err.c **** }
 103              		.loc 1 113 0
 104              		@ sp needed
 105 001a 7047     		bx	lr
 106              	.L12:
 107              		.align	2
 108              	.L11:
 109 001c 00000000 		.word	.LANCHOR0
 110 0020 00000000 		.word	.LC1
 111              		.cfi_endproc
 112              	.LFE54:
 113              		.size	lwip_strerr, .-lwip_strerr
ARM GAS  C:\Users\Phuong\AppData\Local\Temp\cciYzTcV.s 			page 5


 114              		.section	.rodata
 115              		.align	2
 116              		.set	.LANCHOR0,. + 0
 117              		.type	err_to_errno_table, %object
 118              		.size	err_to_errno_table, 68
 119              	err_to_errno_table:
 120 0000 00000000 		.word	0
 121 0004 0C000000 		.word	12
 122 0008 69000000 		.word	105
 123 000c 0B000000 		.word	11
 124 0010 71000000 		.word	113
 125 0014 73000000 		.word	115
 126 0018 16000000 		.word	22
 127 001c 0B000000 		.word	11
 128 0020 62000000 		.word	98
 129 0024 72000000 		.word	114
 130 0028 6A000000 		.word	106
 131 002c 6B000000 		.word	107
 132 0030 FFFFFFFF 		.word	-1
 133 0034 67000000 		.word	103
 134 0038 68000000 		.word	104
 135 003c 6B000000 		.word	107
 136 0040 05000000 		.word	5
 137              		.type	err_strerr, %object
 138              		.size	err_strerr, 68
 139              	err_strerr:
 140 0044 10000000 		.word	.LC4
 141 0048 14000000 		.word	.LC5
 142 004c 2C000000 		.word	.LC6
 143 0050 3C000000 		.word	.LC7
 144 0054 48000000 		.word	.LC8
 145 0058 5C000000 		.word	.LC9
 146 005c 74000000 		.word	.LC10
 147 0060 84000000 		.word	.LC11
 148 0064 9C000000 		.word	.LC12
 149 0068 AC000000 		.word	.LC13
 150 006c C0000000 		.word	.LC14
 151 0070 D4000000 		.word	.LC15
 152 0074 E4000000 		.word	.LC16
 153 0078 FC000000 		.word	.LC17
 154 007c 10010000 		.word	.LC18
 155 0080 24010000 		.word	.LC19
 156 0084 38010000 		.word	.LC20
 157              		.section	.rodata.str1.4,"aMS",%progbits,1
 158              		.align	2
 159              	.LC1:
 160 0000 556E6B6E 		.ascii	"Unknown error.\000"
 160      6F776E20 
 160      6572726F 
 160      722E00
 161 000f 00       		.space	1
 162              	.LC4:
 163 0010 4F6B2E00 		.ascii	"Ok.\000"
 164              	.LC5:
 165 0014 4F757420 		.ascii	"Out of memory error.\000"
 165      6F66206D 
 165      656D6F72 
ARM GAS  C:\Users\Phuong\AppData\Local\Temp\cciYzTcV.s 			page 6


 165      79206572 
 165      726F722E 
 166 0029 000000   		.space	3
 167              	.LC6:
 168 002c 42756666 		.ascii	"Buffer error.\000"
 168      65722065 
 168      72726F72 
 168      2E00
 169 003a 0000     		.space	2
 170              	.LC7:
 171 003c 54696D65 		.ascii	"Timeout.\000"
 171      6F75742E 
 171      00
 172 0045 000000   		.space	3
 173              	.LC8:
 174 0048 526F7574 		.ascii	"Routing problem.\000"
 174      696E6720 
 174      70726F62 
 174      6C656D2E 
 174      00
 175 0059 000000   		.space	3
 176              	.LC9:
 177 005c 4F706572 		.ascii	"Operation in progress.\000"
 177      6174696F 
 177      6E20696E 
 177      2070726F 
 177      67726573 
 178 0073 00       		.space	1
 179              	.LC10:
 180 0074 496C6C65 		.ascii	"Illegal value.\000"
 180      67616C20 
 180      76616C75 
 180      652E00
 181 0083 00       		.space	1
 182              	.LC11:
 183 0084 4F706572 		.ascii	"Operation would block.\000"
 183      6174696F 
 183      6E20776F 
 183      756C6420 
 183      626C6F63 
 184 009b 00       		.space	1
 185              	.LC12:
 186 009c 41646472 		.ascii	"Address in use.\000"
 186      65737320 
 186      696E2075 
 186      73652E00 
 187              	.LC13:
 188 00ac 416C7265 		.ascii	"Already connecting.\000"
 188      61647920 
 188      636F6E6E 
 188      65637469 
 188      6E672E00 
 189              	.LC14:
 190 00c0 416C7265 		.ascii	"Already connected.\000"
 190      61647920 
 190      636F6E6E 
 190      65637465 
ARM GAS  C:\Users\Phuong\AppData\Local\Temp\cciYzTcV.s 			page 7


 190      642E00
 191 00d3 00       		.space	1
 192              	.LC15:
 193 00d4 4E6F7420 		.ascii	"Not connected.\000"
 193      636F6E6E 
 193      65637465 
 193      642E00
 194 00e3 00       		.space	1
 195              	.LC16:
 196 00e4 4C6F772D 		.ascii	"Low-level netif error.\000"
 196      6C657665 
 196      6C206E65 
 196      74696620 
 196      6572726F 
 197 00fb 00       		.space	1
 198              	.LC17:
 199 00fc 436F6E6E 		.ascii	"Connection aborted.\000"
 199      65637469 
 199      6F6E2061 
 199      626F7274 
 199      65642E00 
 200              	.LC18:
 201 0110 436F6E6E 		.ascii	"Connection reset.\000"
 201      65637469 
 201      6F6E2072 
 201      65736574 
 201      2E00
 202 0122 0000     		.space	2
 203              	.LC19:
 204 0124 436F6E6E 		.ascii	"Connection closed.\000"
 204      65637469 
 204      6F6E2063 
 204      6C6F7365 
 204      642E00
 205 0137 00       		.space	1
 206              	.LC20:
 207 0138 496C6C65 		.ascii	"Illegal argument.\000"
 207      67616C20 
 207      61726775 
 207      6D656E74 
 207      2E00
 208              		.text
 209              	.Letext0:
 210              		.file 2 "c:\\program files (x86)\\cypress\\psoc creator\\4.2\\psoc creator\\import\\gnu\\arm\\5.4.
 211              		.file 3 "c:\\program files (x86)\\cypress\\psoc creator\\4.2\\psoc creator\\import\\gnu\\arm\\5.4.
 212              		.file 4 ".\\Source\\LwIP\\src\\include/arch/cc.h"
 213              		.file 5 ".\\Source\\LwIP\\src\\include/lwip/err.h"
 214              		.section	.debug_info,"",%progbits
 215              	.Ldebug_info0:
 216 0000 65010000 		.4byte	0x165
 217 0004 0400     		.2byte	0x4
 218 0006 00000000 		.4byte	.Ldebug_abbrev0
 219 000a 04       		.byte	0x4
 220 000b 01       		.uleb128 0x1
 221 000c B7010000 		.4byte	.LASF22
 222 0010 0C       		.byte	0xc
 223 0011 62000000 		.4byte	.LASF23
ARM GAS  C:\Users\Phuong\AppData\Local\Temp\cciYzTcV.s 			page 8


 224 0015 BE000000 		.4byte	.LASF24
 225 0019 00000000 		.4byte	.Ldebug_ranges0+0
 226 001d 00000000 		.4byte	0
 227 0021 00000000 		.4byte	.Ldebug_line0
 228 0025 02       		.uleb128 0x2
 229 0026 01       		.byte	0x1
 230 0027 06       		.byte	0x6
 231 0028 31000000 		.4byte	.LASF0
 232 002c 02       		.uleb128 0x2
 233 002d 01       		.byte	0x1
 234 002e 08       		.byte	0x8
 235 002f B0000000 		.4byte	.LASF1
 236 0033 02       		.uleb128 0x2
 237 0034 02       		.byte	0x2
 238 0035 05       		.byte	0x5
 239 0036 AD010000 		.4byte	.LASF2
 240 003a 02       		.uleb128 0x2
 241 003b 02       		.byte	0x2
 242 003c 07       		.byte	0x7
 243 003d 7C010000 		.4byte	.LASF3
 244 0041 02       		.uleb128 0x2
 245 0042 04       		.byte	0x4
 246 0043 05       		.byte	0x5
 247 0044 6C010000 		.4byte	.LASF4
 248 0048 03       		.uleb128 0x3
 249 0049 1B000000 		.4byte	.LASF12
 250 004d 02       		.byte	0x2
 251 004e 41       		.byte	0x41
 252 004f 53000000 		.4byte	0x53
 253 0053 02       		.uleb128 0x2
 254 0054 04       		.byte	0x4
 255 0055 07       		.byte	0x7
 256 0056 3D000000 		.4byte	.LASF5
 257 005a 02       		.uleb128 0x2
 258 005b 08       		.byte	0x8
 259 005c 05       		.byte	0x5
 260 005d 00000000 		.4byte	.LASF6
 261 0061 02       		.uleb128 0x2
 262 0062 08       		.byte	0x8
 263 0063 07       		.byte	0x7
 264 0064 8D000000 		.4byte	.LASF7
 265 0068 04       		.uleb128 0x4
 266 0069 04       		.byte	0x4
 267 006a 05       		.byte	0x5
 268 006b 696E7400 		.ascii	"int\000"
 269 006f 02       		.uleb128 0x2
 270 0070 04       		.byte	0x4
 271 0071 07       		.byte	0x7
 272 0072 0E000000 		.4byte	.LASF8
 273 0076 02       		.uleb128 0x2
 274 0077 08       		.byte	0x8
 275 0078 04       		.byte	0x4
 276 0079 A1010000 		.4byte	.LASF9
 277 007d 02       		.uleb128 0x2
 278 007e 04       		.byte	0x4
 279 007f 07       		.byte	0x7
 280 0080 49020000 		.4byte	.LASF10
ARM GAS  C:\Users\Phuong\AppData\Local\Temp\cciYzTcV.s 			page 9


 281 0084 02       		.uleb128 0x2
 282 0085 01       		.byte	0x1
 283 0086 08       		.byte	0x8
 284 0087 88000000 		.4byte	.LASF11
 285 008b 05       		.uleb128 0x5
 286 008c 04       		.byte	0x4
 287 008d 91000000 		.4byte	0x91
 288 0091 06       		.uleb128 0x6
 289 0092 84000000 		.4byte	0x84
 290 0096 03       		.uleb128 0x3
 291 0097 63010000 		.4byte	.LASF13
 292 009b 03       		.byte	0x3
 293 009c 30       		.byte	0x30
 294 009d 48000000 		.4byte	0x48
 295 00a1 02       		.uleb128 0x2
 296 00a2 04       		.byte	0x4
 297 00a3 04       		.byte	0x4
 298 00a4 7C000000 		.4byte	.LASF14
 299 00a8 02       		.uleb128 0x2
 300 00a9 08       		.byte	0x8
 301 00aa 04       		.byte	0x4
 302 00ab 75010000 		.4byte	.LASF15
 303 00af 03       		.uleb128 0x3
 304 00b0 8F010000 		.4byte	.LASF16
 305 00b4 04       		.byte	0x4
 306 00b5 32       		.byte	0x32
 307 00b6 25000000 		.4byte	0x25
 308 00ba 03       		.uleb128 0x3
 309 00bb 82000000 		.4byte	.LASF17
 310 00bf 05       		.byte	0x5
 311 00c0 39       		.byte	0x39
 312 00c1 AF000000 		.4byte	0xaf
 313 00c5 07       		.uleb128 0x7
 314 00c6 94010000 		.4byte	.LASF18
 315 00ca 01       		.byte	0x1
 316 00cb 45       		.byte	0x45
 317 00cc 68000000 		.4byte	0x68
 318 00d0 00000000 		.4byte	.LFB53
 319 00d4 20000000 		.4byte	.LFE53-.LFB53
 320 00d8 01       		.uleb128 0x1
 321 00d9 9C       		.byte	0x9c
 322 00da EE000000 		.4byte	0xee
 323 00de 08       		.uleb128 0x8
 324 00df 65727200 		.ascii	"err\000"
 325 00e3 01       		.byte	0x1
 326 00e4 45       		.byte	0x45
 327 00e5 BA000000 		.4byte	0xba
 328 00e9 00000000 		.4byte	.LLST0
 329 00ed 00       		.byte	0
 330 00ee 07       		.uleb128 0x7
 331 00ef A4000000 		.4byte	.LASF19
 332 00f3 01       		.byte	0x1
 333 00f4 6B       		.byte	0x6b
 334 00f5 8B000000 		.4byte	0x8b
 335 00f9 00000000 		.4byte	.LFB54
 336 00fd 24000000 		.4byte	.LFE54-.LFB54
 337 0101 01       		.uleb128 0x1
ARM GAS  C:\Users\Phuong\AppData\Local\Temp\cciYzTcV.s 			page 10


 338 0102 9C       		.byte	0x9c
 339 0103 17010000 		.4byte	0x117
 340 0107 08       		.uleb128 0x8
 341 0108 65727200 		.ascii	"err\000"
 342 010c 01       		.byte	0x1
 343 010d 6B       		.byte	0x6b
 344 010e BA000000 		.4byte	0xba
 345 0112 3A000000 		.4byte	.LLST1
 346 0116 00       		.byte	0
 347 0117 09       		.uleb128 0x9
 348 0118 27010000 		.4byte	0x127
 349 011c 27010000 		.4byte	0x127
 350 0120 0A       		.uleb128 0xa
 351 0121 7D000000 		.4byte	0x7d
 352 0125 10       		.byte	0x10
 353 0126 00       		.byte	0
 354 0127 06       		.uleb128 0x6
 355 0128 68000000 		.4byte	0x68
 356 012c 0B       		.uleb128 0xb
 357 012d 4F000000 		.4byte	.LASF20
 358 0131 01       		.byte	0x1
 359 0132 30       		.byte	0x30
 360 0133 3D010000 		.4byte	0x13d
 361 0137 05       		.uleb128 0x5
 362 0138 03       		.byte	0x3
 363 0139 00000000 		.4byte	err_to_errno_table
 364 013d 06       		.uleb128 0x6
 365 013e 17010000 		.4byte	0x117
 366 0142 09       		.uleb128 0x9
 367 0143 8B000000 		.4byte	0x8b
 368 0147 52010000 		.4byte	0x152
 369 014b 0A       		.uleb128 0xa
 370 014c 7D000000 		.4byte	0x7d
 371 0150 10       		.byte	0x10
 372 0151 00       		.byte	0
 373 0152 0B       		.uleb128 0xb
 374 0153 26000000 		.4byte	.LASF21
 375 0157 01       		.byte	0x1
 376 0158 50       		.byte	0x50
 377 0159 63010000 		.4byte	0x163
 378 015d 05       		.uleb128 0x5
 379 015e 03       		.byte	0x3
 380 015f 44000000 		.4byte	err_strerr
 381 0163 06       		.uleb128 0x6
 382 0164 42010000 		.4byte	0x142
 383 0168 00       		.byte	0
 384              		.section	.debug_abbrev,"",%progbits
 385              	.Ldebug_abbrev0:
 386 0000 01       		.uleb128 0x1
 387 0001 11       		.uleb128 0x11
 388 0002 01       		.byte	0x1
 389 0003 25       		.uleb128 0x25
 390 0004 0E       		.uleb128 0xe
 391 0005 13       		.uleb128 0x13
 392 0006 0B       		.uleb128 0xb
 393 0007 03       		.uleb128 0x3
 394 0008 0E       		.uleb128 0xe
ARM GAS  C:\Users\Phuong\AppData\Local\Temp\cciYzTcV.s 			page 11


 395 0009 1B       		.uleb128 0x1b
 396 000a 0E       		.uleb128 0xe
 397 000b 55       		.uleb128 0x55
 398 000c 17       		.uleb128 0x17
 399 000d 11       		.uleb128 0x11
 400 000e 01       		.uleb128 0x1
 401 000f 10       		.uleb128 0x10
 402 0010 17       		.uleb128 0x17
 403 0011 00       		.byte	0
 404 0012 00       		.byte	0
 405 0013 02       		.uleb128 0x2
 406 0014 24       		.uleb128 0x24
 407 0015 00       		.byte	0
 408 0016 0B       		.uleb128 0xb
 409 0017 0B       		.uleb128 0xb
 410 0018 3E       		.uleb128 0x3e
 411 0019 0B       		.uleb128 0xb
 412 001a 03       		.uleb128 0x3
 413 001b 0E       		.uleb128 0xe
 414 001c 00       		.byte	0
 415 001d 00       		.byte	0
 416 001e 03       		.uleb128 0x3
 417 001f 16       		.uleb128 0x16
 418 0020 00       		.byte	0
 419 0021 03       		.uleb128 0x3
 420 0022 0E       		.uleb128 0xe
 421 0023 3A       		.uleb128 0x3a
 422 0024 0B       		.uleb128 0xb
 423 0025 3B       		.uleb128 0x3b
 424 0026 0B       		.uleb128 0xb
 425 0027 49       		.uleb128 0x49
 426 0028 13       		.uleb128 0x13
 427 0029 00       		.byte	0
 428 002a 00       		.byte	0
 429 002b 04       		.uleb128 0x4
 430 002c 24       		.uleb128 0x24
 431 002d 00       		.byte	0
 432 002e 0B       		.uleb128 0xb
 433 002f 0B       		.uleb128 0xb
 434 0030 3E       		.uleb128 0x3e
 435 0031 0B       		.uleb128 0xb
 436 0032 03       		.uleb128 0x3
 437 0033 08       		.uleb128 0x8
 438 0034 00       		.byte	0
 439 0035 00       		.byte	0
 440 0036 05       		.uleb128 0x5
 441 0037 0F       		.uleb128 0xf
 442 0038 00       		.byte	0
 443 0039 0B       		.uleb128 0xb
 444 003a 0B       		.uleb128 0xb
 445 003b 49       		.uleb128 0x49
 446 003c 13       		.uleb128 0x13
 447 003d 00       		.byte	0
 448 003e 00       		.byte	0
 449 003f 06       		.uleb128 0x6
 450 0040 26       		.uleb128 0x26
 451 0041 00       		.byte	0
ARM GAS  C:\Users\Phuong\AppData\Local\Temp\cciYzTcV.s 			page 12


 452 0042 49       		.uleb128 0x49
 453 0043 13       		.uleb128 0x13
 454 0044 00       		.byte	0
 455 0045 00       		.byte	0
 456 0046 07       		.uleb128 0x7
 457 0047 2E       		.uleb128 0x2e
 458 0048 01       		.byte	0x1
 459 0049 3F       		.uleb128 0x3f
 460 004a 19       		.uleb128 0x19
 461 004b 03       		.uleb128 0x3
 462 004c 0E       		.uleb128 0xe
 463 004d 3A       		.uleb128 0x3a
 464 004e 0B       		.uleb128 0xb
 465 004f 3B       		.uleb128 0x3b
 466 0050 0B       		.uleb128 0xb
 467 0051 27       		.uleb128 0x27
 468 0052 19       		.uleb128 0x19
 469 0053 49       		.uleb128 0x49
 470 0054 13       		.uleb128 0x13
 471 0055 11       		.uleb128 0x11
 472 0056 01       		.uleb128 0x1
 473 0057 12       		.uleb128 0x12
 474 0058 06       		.uleb128 0x6
 475 0059 40       		.uleb128 0x40
 476 005a 18       		.uleb128 0x18
 477 005b 9742     		.uleb128 0x2117
 478 005d 19       		.uleb128 0x19
 479 005e 01       		.uleb128 0x1
 480 005f 13       		.uleb128 0x13
 481 0060 00       		.byte	0
 482 0061 00       		.byte	0
 483 0062 08       		.uleb128 0x8
 484 0063 05       		.uleb128 0x5
 485 0064 00       		.byte	0
 486 0065 03       		.uleb128 0x3
 487 0066 08       		.uleb128 0x8
 488 0067 3A       		.uleb128 0x3a
 489 0068 0B       		.uleb128 0xb
 490 0069 3B       		.uleb128 0x3b
 491 006a 0B       		.uleb128 0xb
 492 006b 49       		.uleb128 0x49
 493 006c 13       		.uleb128 0x13
 494 006d 02       		.uleb128 0x2
 495 006e 17       		.uleb128 0x17
 496 006f 00       		.byte	0
 497 0070 00       		.byte	0
 498 0071 09       		.uleb128 0x9
 499 0072 01       		.uleb128 0x1
 500 0073 01       		.byte	0x1
 501 0074 49       		.uleb128 0x49
 502 0075 13       		.uleb128 0x13
 503 0076 01       		.uleb128 0x1
 504 0077 13       		.uleb128 0x13
 505 0078 00       		.byte	0
 506 0079 00       		.byte	0
 507 007a 0A       		.uleb128 0xa
 508 007b 21       		.uleb128 0x21
ARM GAS  C:\Users\Phuong\AppData\Local\Temp\cciYzTcV.s 			page 13


 509 007c 00       		.byte	0
 510 007d 49       		.uleb128 0x49
 511 007e 13       		.uleb128 0x13
 512 007f 2F       		.uleb128 0x2f
 513 0080 0B       		.uleb128 0xb
 514 0081 00       		.byte	0
 515 0082 00       		.byte	0
 516 0083 0B       		.uleb128 0xb
 517 0084 34       		.uleb128 0x34
 518 0085 00       		.byte	0
 519 0086 03       		.uleb128 0x3
 520 0087 0E       		.uleb128 0xe
 521 0088 3A       		.uleb128 0x3a
 522 0089 0B       		.uleb128 0xb
 523 008a 3B       		.uleb128 0x3b
 524 008b 0B       		.uleb128 0xb
 525 008c 49       		.uleb128 0x49
 526 008d 13       		.uleb128 0x13
 527 008e 02       		.uleb128 0x2
 528 008f 18       		.uleb128 0x18
 529 0090 00       		.byte	0
 530 0091 00       		.byte	0
 531 0092 00       		.byte	0
 532              		.section	.debug_loc,"",%progbits
 533              	.Ldebug_loc0:
 534              	.LLST0:
 535 0000 00000000 		.4byte	.LVL0
 536 0004 06000000 		.4byte	.LVL1
 537 0008 0100     		.2byte	0x1
 538 000a 50       		.byte	0x50
 539 000b 06000000 		.4byte	.LVL1
 540 000f 12000000 		.4byte	.LVL2
 541 0013 0400     		.2byte	0x4
 542 0015 F3       		.byte	0xf3
 543 0016 01       		.uleb128 0x1
 544 0017 50       		.byte	0x50
 545 0018 9F       		.byte	0x9f
 546 0019 12000000 		.4byte	.LVL2
 547 001d 14000000 		.4byte	.LVL3
 548 0021 0100     		.2byte	0x1
 549 0023 50       		.byte	0x50
 550 0024 14000000 		.4byte	.LVL3
 551 0028 20000000 		.4byte	.LFE53
 552 002c 0400     		.2byte	0x4
 553 002e F3       		.byte	0xf3
 554 002f 01       		.uleb128 0x1
 555 0030 50       		.byte	0x50
 556 0031 9F       		.byte	0x9f
 557 0032 00000000 		.4byte	0
 558 0036 00000000 		.4byte	0
 559              	.LLST1:
 560 003a 00000000 		.4byte	.LVL4
 561 003e 06000000 		.4byte	.LVL5
 562 0042 0100     		.2byte	0x1
 563 0044 50       		.byte	0x50
 564 0045 06000000 		.4byte	.LVL5
 565 0049 14000000 		.4byte	.LVL6
ARM GAS  C:\Users\Phuong\AppData\Local\Temp\cciYzTcV.s 			page 14


 566 004d 0400     		.2byte	0x4
 567 004f F3       		.byte	0xf3
 568 0050 01       		.uleb128 0x1
 569 0051 50       		.byte	0x50
 570 0052 9F       		.byte	0x9f
 571 0053 14000000 		.4byte	.LVL6
 572 0057 16000000 		.4byte	.LVL7
 573 005b 0100     		.2byte	0x1
 574 005d 50       		.byte	0x50
 575 005e 16000000 		.4byte	.LVL7
 576 0062 24000000 		.4byte	.LFE54
 577 0066 0400     		.2byte	0x4
 578 0068 F3       		.byte	0xf3
 579 0069 01       		.uleb128 0x1
 580 006a 50       		.byte	0x50
 581 006b 9F       		.byte	0x9f
 582 006c 00000000 		.4byte	0
 583 0070 00000000 		.4byte	0
 584              		.section	.debug_aranges,"",%progbits
 585 0000 24000000 		.4byte	0x24
 586 0004 0200     		.2byte	0x2
 587 0006 00000000 		.4byte	.Ldebug_info0
 588 000a 04       		.byte	0x4
 589 000b 00       		.byte	0
 590 000c 0000     		.2byte	0
 591 000e 0000     		.2byte	0
 592 0010 00000000 		.4byte	.LFB53
 593 0014 20000000 		.4byte	.LFE53-.LFB53
 594 0018 00000000 		.4byte	.LFB54
 595 001c 24000000 		.4byte	.LFE54-.LFB54
 596 0020 00000000 		.4byte	0
 597 0024 00000000 		.4byte	0
 598              		.section	.debug_ranges,"",%progbits
 599              	.Ldebug_ranges0:
 600 0000 00000000 		.4byte	.LFB53
 601 0004 20000000 		.4byte	.LFE53
 602 0008 00000000 		.4byte	.LFB54
 603 000c 24000000 		.4byte	.LFE54
 604 0010 00000000 		.4byte	0
 605 0014 00000000 		.4byte	0
 606              		.section	.debug_line,"",%progbits
 607              	.Ldebug_line0:
 608 0000 B8010000 		.section	.debug_str,"MS",%progbits,1
 608      02007C01 
 608      00000201 
 608      FB0E0D00 
 608      01010101 
 609              	.LASF6:
 610 0000 6C6F6E67 		.ascii	"long long int\000"
 610      206C6F6E 
 610      6720696E 
 610      7400
 611              	.LASF8:
 612 000e 756E7369 		.ascii	"unsigned int\000"
 612      676E6564 
 612      20696E74 
 612      00
ARM GAS  C:\Users\Phuong\AppData\Local\Temp\cciYzTcV.s 			page 15


 613              	.LASF12:
 614 001b 5F5F7569 		.ascii	"__uint32_t\000"
 614      6E743332 
 614      5F7400
 615              	.LASF21:
 616 0026 6572725F 		.ascii	"err_strerr\000"
 616      73747265 
 616      727200
 617              	.LASF0:
 618 0031 7369676E 		.ascii	"signed char\000"
 618      65642063 
 618      68617200 
 619              	.LASF5:
 620 003d 6C6F6E67 		.ascii	"long unsigned int\000"
 620      20756E73 
 620      69676E65 
 620      6420696E 
 620      7400
 621              	.LASF20:
 622 004f 6572725F 		.ascii	"err_to_errno_table\000"
 622      746F5F65 
 622      72726E6F 
 622      5F746162 
 622      6C6500
 623              	.LASF23:
 624 0062 536F7572 		.ascii	"Source\\LwIP\\src\\api\\err.c\000"
 624      63655C4C 
 624      7749505C 
 624      7372635C 
 624      6170695C 
 625              	.LASF14:
 626 007c 666C6F61 		.ascii	"float\000"
 626      7400
 627              	.LASF17:
 628 0082 6572725F 		.ascii	"err_t\000"
 628      7400
 629              	.LASF11:
 630 0088 63686172 		.ascii	"char\000"
 630      00
 631              	.LASF7:
 632 008d 6C6F6E67 		.ascii	"long long unsigned int\000"
 632      206C6F6E 
 632      6720756E 
 632      7369676E 
 632      65642069 
 633              	.LASF19:
 634 00a4 6C776970 		.ascii	"lwip_strerr\000"
 634      5F737472 
 634      65727200 
 635              	.LASF1:
 636 00b0 756E7369 		.ascii	"unsigned char\000"
 636      676E6564 
 636      20636861 
 636      7200
 637              	.LASF24:
 638 00be 433A5C55 		.ascii	"C:\\Users\\Phuong\\Documents\\PSoC Creator\\Dec0820"
 638      73657273 
ARM GAS  C:\Users\Phuong\AppData\Local\Temp\cciYzTcV.s 			page 16


 638      5C506875 
 638      6F6E675C 
 638      446F6375 
 639 00ec 31385C69 		.ascii	"18\\iot-sdk-iot-dev\\PSOC6_FreeRTOS+LwIP+MbedTLS_Az"
 639      6F742D73 
 639      646B2D69 
 639      6F742D64 
 639      65765C50 
 640 011d 7572652D 		.ascii	"ure-IOT-Hub-Demo\\PSOC6_FreeRTOS+LwIP+MbedTLS_Azure"
 640      494F542D 
 640      4875622D 
 640      44656D6F 
 640      5C50534F 
 641 014f 2D494F54 		.ascii	"-IOT-Hub-Demo.cydsn\000"
 641      2D487562 
 641      2D44656D 
 641      6F2E6379 
 641      64736E00 
 642              	.LASF13:
 643 0163 75696E74 		.ascii	"uint32_t\000"
 643      33325F74 
 643      00
 644              	.LASF4:
 645 016c 6C6F6E67 		.ascii	"long int\000"
 645      20696E74 
 645      00
 646              	.LASF15:
 647 0175 646F7562 		.ascii	"double\000"
 647      6C6500
 648              	.LASF3:
 649 017c 73686F72 		.ascii	"short unsigned int\000"
 649      7420756E 
 649      7369676E 
 649      65642069 
 649      6E7400
 650              	.LASF16:
 651 018f 73385F74 		.ascii	"s8_t\000"
 651      00
 652              	.LASF18:
 653 0194 6572725F 		.ascii	"err_to_errno\000"
 653      746F5F65 
 653      72726E6F 
 653      00
 654              	.LASF9:
 655 01a1 6C6F6E67 		.ascii	"long double\000"
 655      20646F75 
 655      626C6500 
 656              	.LASF2:
 657 01ad 73686F72 		.ascii	"short int\000"
 657      7420696E 
 657      7400
 658              	.LASF22:
 659 01b7 474E5520 		.ascii	"GNU C11 5.4.1 20160609 (release) [ARM/embedded-5-br"
 659      43313120 
 659      352E342E 
 659      31203230 
 659      31363036 
ARM GAS  C:\Users\Phuong\AppData\Local\Temp\cciYzTcV.s 			page 17


 660 01ea 616E6368 		.ascii	"anch revision 237715] -mcpu=cortex-m0plus -mthumb -"
 660      20726576 
 660      6973696F 
 660      6E203233 
 660      37373135 
 661 021d 67202D4F 		.ascii	"g -Og -ffunction-sections -ffat-lto-objects\000"
 661      67202D66 
 661      66756E63 
 661      74696F6E 
 661      2D736563 
 662              	.LASF10:
 663 0249 73697A65 		.ascii	"sizetype\000"
 663      74797065 
 663      00
 664              		.ident	"GCC: (GNU Tools for ARM Embedded Processors) 5.4.1 20160609 (release) [ARM/embedded-5-bran
