ARM GAS  C:\Users\Phuong\AppData\Local\Temp\ccjI0PRg.s 			page 1


   1              		.syntax unified
   2              		.cpu cortex-m0plus
   3              		.fpu softvfp
   4              		.eabi_attribute 20, 1
   5              		.eabi_attribute 21, 1
   6              		.eabi_attribute 23, 3
   7              		.eabi_attribute 24, 1
   8              		.eabi_attribute 25, 1
   9              		.eabi_attribute 26, 1
  10              		.eabi_attribute 30, 1
  11              		.eabi_attribute 34, 0
  12              		.eabi_attribute 18, 4
  13              		.thumb
  14              		.syntax unified
  15              		.file	"iothub.c"
  16              		.text
  17              	.Ltext0:
  18              		.cfi_sections	.debug_frame
  19              		.section	.text.IoTHub_Init,"ax",%progbits
  20              		.align	2
  21              		.global	IoTHub_Init
  22              		.code	16
  23              		.thumb_func
  24              		.type	IoTHub_Init, %function
  25              	IoTHub_Init:
  26              	.LFB1:
  27              		.file 1 "Source\\azure_iot_sdk\\iothub_client\\src\\iothub.c"
   1:Source\azure_iot_sdk\iothub_client\src/iothub.c **** // Copyright (c) Microsoft. All rights reserved.
   2:Source\azure_iot_sdk\iothub_client\src/iothub.c **** // Licensed under the MIT license. See LICENSE file in the project root for full license informatio
   3:Source\azure_iot_sdk\iothub_client\src/iothub.c **** 
   4:Source\azure_iot_sdk\iothub_client\src/iothub.c **** #include <stdlib.h>
   5:Source\azure_iot_sdk\iothub_client\src/iothub.c **** 
   6:Source\azure_iot_sdk\iothub_client\src/iothub.c **** #include "azure_c_shared_utility/platform.h"
   7:Source\azure_iot_sdk\iothub_client\src/iothub.c **** #include "azure_c_shared_utility/xlogging.h"
   8:Source\azure_iot_sdk\iothub_client\src/iothub.c **** #include "azure_c_shared_utility/macro_utils.h"
   9:Source\azure_iot_sdk\iothub_client\src/iothub.c **** #include "iothub.h"
  10:Source\azure_iot_sdk\iothub_client\src/iothub.c **** 
  11:Source\azure_iot_sdk\iothub_client\src/iothub.c **** int IoTHub_Init()
  12:Source\azure_iot_sdk\iothub_client\src/iothub.c **** {
  28              		.loc 1 12 0
  29              		.cfi_startproc
  30              		@ args = 0, pretend = 0, frame = 0
  31              		@ frame_needed = 0, uses_anonymous_args = 0
  32 0000 10B5     		push	{r4, lr}
  33              		.cfi_def_cfa_offset 8
  34              		.cfi_offset 4, -8
  35              		.cfi_offset 14, -4
  36 0002 82B0     		sub	sp, sp, #8
  37              		.cfi_def_cfa_offset 16
  13:Source\azure_iot_sdk\iothub_client\src/iothub.c ****     int result;
  14:Source\azure_iot_sdk\iothub_client\src/iothub.c ****     if (platform_init() != 0)
  38              		.loc 1 14 0
  39 0004 FFF7FEFF 		bl	platform_init
  40              	.LVL0:
  41 0008 0028     		cmp	r0, #0
  42 000a 0ED0     		beq	.L3
  43              	.LBB2:
ARM GAS  C:\Users\Phuong\AppData\Local\Temp\ccjI0PRg.s 			page 2


  15:Source\azure_iot_sdk\iothub_client\src/iothub.c ****     {
  16:Source\azure_iot_sdk\iothub_client\src/iothub.c ****         LogError("Platform initialization failed");
  44              		.loc 1 16 0 discriminator 3
  45 000c FFF7FEFF 		bl	xlogging_get_log_function
  46              	.LVL1:
  47 0010 041E     		subs	r4, r0, #0
  48              	.LVL2:
  49 0012 0CD0     		beq	.L4
  50              		.loc 1 16 0 is_stmt 0 discriminator 4
  51 0014 074B     		ldr	r3, .L5
  52 0016 0193     		str	r3, [sp, #4]
  53 0018 0123     		movs	r3, #1
  54 001a 0093     		str	r3, [sp]
  55 001c 0F33     		adds	r3, r3, #15
  56 001e 064A     		ldr	r2, .L5+4
  57 0020 0649     		ldr	r1, .L5+8
  58 0022 0020     		movs	r0, #0
  59              	.LVL3:
  60 0024 A047     		blx	r4
  61              	.LVL4:
  62              	.LBE2:
  17:Source\azure_iot_sdk\iothub_client\src/iothub.c ****         result = __FAILURE__;
  63              		.loc 1 17 0 is_stmt 1 discriminator 4
  64 0026 1120     		movs	r0, #17
  65 0028 02E0     		b	.L2
  66              	.LVL5:
  67              	.L3:
  18:Source\azure_iot_sdk\iothub_client\src/iothub.c ****     }
  19:Source\azure_iot_sdk\iothub_client\src/iothub.c ****     else
  20:Source\azure_iot_sdk\iothub_client\src/iothub.c ****     {
  21:Source\azure_iot_sdk\iothub_client\src/iothub.c ****         result = 0;
  68              		.loc 1 21 0
  69 002a 0020     		movs	r0, #0
  70 002c 00E0     		b	.L2
  71              	.LVL6:
  72              	.L4:
  17:Source\azure_iot_sdk\iothub_client\src/iothub.c ****         result = __FAILURE__;
  73              		.loc 1 17 0
  74 002e 1120     		movs	r0, #17
  75              	.LVL7:
  76              	.L2:
  22:Source\azure_iot_sdk\iothub_client\src/iothub.c ****     }
  23:Source\azure_iot_sdk\iothub_client\src/iothub.c ****     return result;
  24:Source\azure_iot_sdk\iothub_client\src/iothub.c **** }
  77              		.loc 1 24 0
  78 0030 02B0     		add	sp, sp, #8
  79              		@ sp needed
  80 0032 10BD     		pop	{r4, pc}
  81              	.L6:
  82              		.align	2
  83              	.L5:
  84 0034 30000000 		.word	.LC3
  85 0038 00000000 		.word	.LANCHOR0
  86 003c 00000000 		.word	.LC1
  87              		.cfi_endproc
  88              	.LFE1:
  89              		.size	IoTHub_Init, .-IoTHub_Init
ARM GAS  C:\Users\Phuong\AppData\Local\Temp\ccjI0PRg.s 			page 3


  90              		.section	.text.IoTHub_Deinit,"ax",%progbits
  91              		.align	2
  92              		.global	IoTHub_Deinit
  93              		.code	16
  94              		.thumb_func
  95              		.type	IoTHub_Deinit, %function
  96              	IoTHub_Deinit:
  97              	.LFB2:
  25:Source\azure_iot_sdk\iothub_client\src/iothub.c **** 
  26:Source\azure_iot_sdk\iothub_client\src/iothub.c **** void IoTHub_Deinit()
  27:Source\azure_iot_sdk\iothub_client\src/iothub.c **** {
  98              		.loc 1 27 0
  99              		.cfi_startproc
 100              		@ args = 0, pretend = 0, frame = 0
 101              		@ frame_needed = 0, uses_anonymous_args = 0
 102 0000 10B5     		push	{r4, lr}
 103              		.cfi_def_cfa_offset 8
 104              		.cfi_offset 4, -8
 105              		.cfi_offset 14, -4
  28:Source\azure_iot_sdk\iothub_client\src/iothub.c ****     platform_deinit();
 106              		.loc 1 28 0
 107 0002 FFF7FEFF 		bl	platform_deinit
 108              	.LVL8:
  29:Source\azure_iot_sdk\iothub_client\src/iothub.c **** }
 109              		.loc 1 29 0
 110              		@ sp needed
 111 0006 10BD     		pop	{r4, pc}
 112              		.cfi_endproc
 113              	.LFE2:
 114              		.size	IoTHub_Deinit, .-IoTHub_Deinit
 115              		.section	.rodata
 116              		.align	2
 117              		.set	.LANCHOR0,. + 0
 118              		.type	__func__.6050, %object
 119              		.size	__func__.6050, 12
 120              	__func__.6050:
 121 0000 496F5448 		.ascii	"IoTHub_Init\000"
 121      75625F49 
 121      6E697400 
 122              		.section	.rodata.str1.4,"aMS",%progbits,1
 123              		.align	2
 124              	.LC1:
 125 0000 536F7572 		.ascii	"Source\\azure_iot_sdk\\iothub_client\\src\\iothub.c"
 125      63655C61 
 125      7A757265 
 125      5F696F74 
 125      5F73646B 
 126 002f 00       		.ascii	"\000"
 127              	.LC3:
 128 0030 506C6174 		.ascii	"Platform initialization failed\000"
 128      666F726D 
 128      20696E69 
 128      7469616C 
 128      697A6174 
 129              		.text
 130              	.Letext0:
 131              		.file 2 ".\\Source\\azure_iot_sdk\\c-utility\\inc/azure_c_shared_utility/xlogging.h"
ARM GAS  C:\Users\Phuong\AppData\Local\Temp\ccjI0PRg.s 			page 4


 132              		.file 3 ".\\Source\\azure_iot_sdk\\c-utility\\inc/azure_c_shared_utility/platform.h"
 133              		.section	.debug_info,"",%progbits
 134              	.Ldebug_info0:
 135 0000 D9010000 		.4byte	0x1d9
 136 0004 0400     		.2byte	0x4
 137 0006 00000000 		.4byte	.Ldebug_abbrev0
 138 000a 04       		.byte	0x4
 139 000b 01       		.uleb128 0x1
 140 000c 12020000 		.4byte	.LASF21
 141 0010 0C       		.byte	0xc
 142 0011 84000000 		.4byte	.LASF22
 143 0015 C7000000 		.4byte	.LASF23
 144 0019 00000000 		.4byte	.Ldebug_ranges0+0
 145 001d 00000000 		.4byte	0
 146 0021 00000000 		.4byte	.Ldebug_line0
 147 0025 02       		.uleb128 0x2
 148 0026 04       		.byte	0x4
 149 0027 07       		.byte	0x7
 150 0028 0E000000 		.4byte	.LASF0
 151 002c 03       		.uleb128 0x3
 152 002d 04       		.byte	0x4
 153 002e 05       		.byte	0x5
 154 002f 696E7400 		.ascii	"int\000"
 155 0033 02       		.uleb128 0x2
 156 0034 08       		.byte	0x8
 157 0035 05       		.byte	0x5
 158 0036 00000000 		.4byte	.LASF1
 159 003a 02       		.uleb128 0x2
 160 003b 08       		.byte	0x8
 161 003c 04       		.byte	0x4
 162 003d E8010000 		.4byte	.LASF2
 163 0041 02       		.uleb128 0x2
 164 0042 01       		.byte	0x1
 165 0043 06       		.byte	0x6
 166 0044 B3010000 		.4byte	.LASF3
 167 0048 02       		.uleb128 0x2
 168 0049 01       		.byte	0x1
 169 004a 08       		.byte	0x8
 170 004b B9000000 		.4byte	.LASF4
 171 004f 02       		.uleb128 0x2
 172 0050 02       		.byte	0x2
 173 0051 05       		.byte	0x5
 174 0052 96010000 		.4byte	.LASF5
 175 0056 02       		.uleb128 0x2
 176 0057 02       		.byte	0x2
 177 0058 07       		.byte	0x7
 178 0059 A0010000 		.4byte	.LASF6
 179 005d 02       		.uleb128 0x2
 180 005e 04       		.byte	0x4
 181 005f 05       		.byte	0x5
 182 0060 73010000 		.4byte	.LASF7
 183 0064 02       		.uleb128 0x2
 184 0065 04       		.byte	0x4
 185 0066 07       		.byte	0x7
 186 0067 4F000000 		.4byte	.LASF8
 187 006b 02       		.uleb128 0x2
 188 006c 08       		.byte	0x8
ARM GAS  C:\Users\Phuong\AppData\Local\Temp\ccjI0PRg.s 			page 5


 189 006d 07       		.byte	0x7
 190 006e 61000000 		.4byte	.LASF9
 191 0072 02       		.uleb128 0x2
 192 0073 04       		.byte	0x4
 193 0074 07       		.byte	0x7
 194 0075 AD020000 		.4byte	.LASF10
 195 0079 02       		.uleb128 0x2
 196 007a 01       		.byte	0x1
 197 007b 08       		.byte	0x8
 198 007c B4000000 		.4byte	.LASF11
 199 0080 04       		.uleb128 0x4
 200 0081 04       		.byte	0x4
 201 0082 86000000 		.4byte	0x86
 202 0086 05       		.uleb128 0x5
 203 0087 79000000 		.4byte	0x79
 204 008b 06       		.uleb128 0x6
 205 008c BF010000 		.4byte	.LASF24
 206 0090 01       		.byte	0x1
 207 0091 48000000 		.4byte	0x48
 208 0095 02       		.byte	0x2
 209 0096 22       		.byte	0x22
 210 0097 AE000000 		.4byte	0xae
 211 009b 07       		.uleb128 0x7
 212 009c DB010000 		.4byte	.LASF12
 213 00a0 00       		.byte	0
 214 00a1 07       		.uleb128 0x7
 215 00a2 78000000 		.4byte	.LASF13
 216 00a6 01       		.byte	0x1
 217 00a7 07       		.uleb128 0x7
 218 00a8 1B000000 		.4byte	.LASF14
 219 00ac 02       		.byte	0x2
 220 00ad 00       		.byte	0
 221 00ae 08       		.uleb128 0x8
 222 00af 28000000 		.4byte	.LASF15
 223 00b3 02       		.byte	0x2
 224 00b4 27       		.byte	0x27
 225 00b5 8B000000 		.4byte	0x8b
 226 00b9 08       		.uleb128 0x8
 227 00ba D0010000 		.4byte	.LASF16
 228 00be 02       		.byte	0x2
 229 00bf 2F       		.byte	0x2f
 230 00c0 C4000000 		.4byte	0xc4
 231 00c4 04       		.uleb128 0x4
 232 00c5 04       		.byte	0x4
 233 00c6 CA000000 		.4byte	0xca
 234 00ca 09       		.uleb128 0x9
 235 00cb EF000000 		.4byte	0xef
 236 00cf 0A       		.uleb128 0xa
 237 00d0 AE000000 		.4byte	0xae
 238 00d4 0A       		.uleb128 0xa
 239 00d5 80000000 		.4byte	0x80
 240 00d9 0A       		.uleb128 0xa
 241 00da 80000000 		.4byte	0x80
 242 00de 0A       		.uleb128 0xa
 243 00df 2C000000 		.4byte	0x2c
 244 00e3 0A       		.uleb128 0xa
 245 00e4 25000000 		.4byte	0x25
ARM GAS  C:\Users\Phuong\AppData\Local\Temp\ccjI0PRg.s 			page 6


 246 00e8 0A       		.uleb128 0xa
 247 00e9 80000000 		.4byte	0x80
 248 00ed 0B       		.uleb128 0xb
 249 00ee 00       		.byte	0
 250 00ef 0C       		.uleb128 0xc
 251 00f0 35000000 		.4byte	.LASF25
 252 00f4 01       		.byte	0x1
 253 00f5 0B       		.byte	0xb
 254 00f6 2C000000 		.4byte	0x2c
 255 00fa 00000000 		.4byte	.LFB1
 256 00fe 40000000 		.4byte	.LFE1-.LFB1
 257 0102 01       		.uleb128 0x1
 258 0103 9C       		.byte	0x9c
 259 0104 87010000 		.4byte	0x187
 260 0108 0D       		.uleb128 0xd
 261 0109 6C010000 		.4byte	.LASF17
 262 010d 01       		.byte	0x1
 263 010e 0D       		.byte	0xd
 264 010f 2C000000 		.4byte	0x2c
 265 0113 01       		.uleb128 0x1
 266 0114 50       		.byte	0x50
 267 0115 0E       		.uleb128 0xe
 268 0116 A4020000 		.4byte	.LASF26
 269 011a 97010000 		.4byte	0x197
 270 011e 05       		.uleb128 0x5
 271 011f 03       		.byte	0x3
 272 0120 00000000 		.4byte	__func__.6050
 273 0124 0F       		.uleb128 0xf
 274 0125 0C000000 		.4byte	.LBB2
 275 0129 1A000000 		.4byte	.LBE2-.LBB2
 276 012d 7D010000 		.4byte	0x17d
 277 0131 10       		.uleb128 0x10
 278 0132 6C00     		.ascii	"l\000"
 279 0134 01       		.byte	0x1
 280 0135 10       		.byte	0x10
 281 0136 B9000000 		.4byte	0xb9
 282 013a 00000000 		.4byte	.LLST0
 283 013e 11       		.uleb128 0x11
 284 013f 10000000 		.4byte	.LVL1
 285 0143 BB010000 		.4byte	0x1bb
 286 0147 12       		.uleb128 0x12
 287 0148 26000000 		.4byte	.LVL4
 288 014c 02       		.uleb128 0x2
 289 014d 74       		.byte	0x74
 290 014e 00       		.sleb128 0
 291 014f 13       		.uleb128 0x13
 292 0150 01       		.uleb128 0x1
 293 0151 50       		.byte	0x50
 294 0152 01       		.uleb128 0x1
 295 0153 30       		.byte	0x30
 296 0154 13       		.uleb128 0x13
 297 0155 01       		.uleb128 0x1
 298 0156 51       		.byte	0x51
 299 0157 05       		.uleb128 0x5
 300 0158 03       		.byte	0x3
 301 0159 00000000 		.4byte	.LC1
 302 015d 13       		.uleb128 0x13
ARM GAS  C:\Users\Phuong\AppData\Local\Temp\ccjI0PRg.s 			page 7


 303 015e 01       		.uleb128 0x1
 304 015f 52       		.byte	0x52
 305 0160 05       		.uleb128 0x5
 306 0161 03       		.byte	0x3
 307 0162 00000000 		.4byte	.LANCHOR0
 308 0166 13       		.uleb128 0x13
 309 0167 01       		.uleb128 0x1
 310 0168 53       		.byte	0x53
 311 0169 01       		.uleb128 0x1
 312 016a 40       		.byte	0x40
 313 016b 13       		.uleb128 0x13
 314 016c 02       		.uleb128 0x2
 315 016d 7D       		.byte	0x7d
 316 016e 00       		.sleb128 0
 317 016f 01       		.uleb128 0x1
 318 0170 31       		.byte	0x31
 319 0171 13       		.uleb128 0x13
 320 0172 02       		.uleb128 0x2
 321 0173 7D       		.byte	0x7d
 322 0174 04       		.sleb128 4
 323 0175 05       		.uleb128 0x5
 324 0176 03       		.byte	0x3
 325 0177 30000000 		.4byte	.LC3
 326 017b 00       		.byte	0
 327 017c 00       		.byte	0
 328 017d 11       		.uleb128 0x11
 329 017e 08000000 		.4byte	.LVL0
 330 0182 C6010000 		.4byte	0x1c6
 331 0186 00       		.byte	0
 332 0187 14       		.uleb128 0x14
 333 0188 86000000 		.4byte	0x86
 334 018c 97010000 		.4byte	0x197
 335 0190 15       		.uleb128 0x15
 336 0191 72000000 		.4byte	0x72
 337 0195 0B       		.byte	0xb
 338 0196 00       		.byte	0
 339 0197 05       		.uleb128 0x5
 340 0198 87010000 		.4byte	0x187
 341 019c 16       		.uleb128 0x16
 342 019d F4010000 		.4byte	.LASF27
 343 01a1 01       		.byte	0x1
 344 01a2 1A       		.byte	0x1a
 345 01a3 00000000 		.4byte	.LFB2
 346 01a7 08000000 		.4byte	.LFE2-.LFB2
 347 01ab 01       		.uleb128 0x1
 348 01ac 9C       		.byte	0x9c
 349 01ad BB010000 		.4byte	0x1bb
 350 01b1 11       		.uleb128 0x11
 351 01b2 06000000 		.4byte	.LVL8
 352 01b6 D1010000 		.4byte	0x1d1
 353 01ba 00       		.byte	0
 354 01bb 17       		.uleb128 0x17
 355 01bc 7C010000 		.4byte	.LASF18
 356 01c0 7C010000 		.4byte	.LASF18
 357 01c4 02       		.byte	0x2
 358 01c5 9D       		.byte	0x9d
 359 01c6 17       		.uleb128 0x17
ARM GAS  C:\Users\Phuong\AppData\Local\Temp\ccjI0PRg.s 			page 8


 360 01c7 41000000 		.4byte	.LASF19
 361 01cb 41000000 		.4byte	.LASF19
 362 01cf 03       		.byte	0x3
 363 01d0 0F       		.byte	0xf
 364 01d1 17       		.uleb128 0x17
 365 01d2 02020000 		.4byte	.LASF20
 366 01d6 02020000 		.4byte	.LASF20
 367 01da 03       		.byte	0x3
 368 01db 10       		.byte	0x10
 369 01dc 00       		.byte	0
 370              		.section	.debug_abbrev,"",%progbits
 371              	.Ldebug_abbrev0:
 372 0000 01       		.uleb128 0x1
 373 0001 11       		.uleb128 0x11
 374 0002 01       		.byte	0x1
 375 0003 25       		.uleb128 0x25
 376 0004 0E       		.uleb128 0xe
 377 0005 13       		.uleb128 0x13
 378 0006 0B       		.uleb128 0xb
 379 0007 03       		.uleb128 0x3
 380 0008 0E       		.uleb128 0xe
 381 0009 1B       		.uleb128 0x1b
 382 000a 0E       		.uleb128 0xe
 383 000b 55       		.uleb128 0x55
 384 000c 17       		.uleb128 0x17
 385 000d 11       		.uleb128 0x11
 386 000e 01       		.uleb128 0x1
 387 000f 10       		.uleb128 0x10
 388 0010 17       		.uleb128 0x17
 389 0011 00       		.byte	0
 390 0012 00       		.byte	0
 391 0013 02       		.uleb128 0x2
 392 0014 24       		.uleb128 0x24
 393 0015 00       		.byte	0
 394 0016 0B       		.uleb128 0xb
 395 0017 0B       		.uleb128 0xb
 396 0018 3E       		.uleb128 0x3e
 397 0019 0B       		.uleb128 0xb
 398 001a 03       		.uleb128 0x3
 399 001b 0E       		.uleb128 0xe
 400 001c 00       		.byte	0
 401 001d 00       		.byte	0
 402 001e 03       		.uleb128 0x3
 403 001f 24       		.uleb128 0x24
 404 0020 00       		.byte	0
 405 0021 0B       		.uleb128 0xb
 406 0022 0B       		.uleb128 0xb
 407 0023 3E       		.uleb128 0x3e
 408 0024 0B       		.uleb128 0xb
 409 0025 03       		.uleb128 0x3
 410 0026 08       		.uleb128 0x8
 411 0027 00       		.byte	0
 412 0028 00       		.byte	0
 413 0029 04       		.uleb128 0x4
 414 002a 0F       		.uleb128 0xf
 415 002b 00       		.byte	0
 416 002c 0B       		.uleb128 0xb
ARM GAS  C:\Users\Phuong\AppData\Local\Temp\ccjI0PRg.s 			page 9


 417 002d 0B       		.uleb128 0xb
 418 002e 49       		.uleb128 0x49
 419 002f 13       		.uleb128 0x13
 420 0030 00       		.byte	0
 421 0031 00       		.byte	0
 422 0032 05       		.uleb128 0x5
 423 0033 26       		.uleb128 0x26
 424 0034 00       		.byte	0
 425 0035 49       		.uleb128 0x49
 426 0036 13       		.uleb128 0x13
 427 0037 00       		.byte	0
 428 0038 00       		.byte	0
 429 0039 06       		.uleb128 0x6
 430 003a 04       		.uleb128 0x4
 431 003b 01       		.byte	0x1
 432 003c 03       		.uleb128 0x3
 433 003d 0E       		.uleb128 0xe
 434 003e 0B       		.uleb128 0xb
 435 003f 0B       		.uleb128 0xb
 436 0040 49       		.uleb128 0x49
 437 0041 13       		.uleb128 0x13
 438 0042 3A       		.uleb128 0x3a
 439 0043 0B       		.uleb128 0xb
 440 0044 3B       		.uleb128 0x3b
 441 0045 0B       		.uleb128 0xb
 442 0046 01       		.uleb128 0x1
 443 0047 13       		.uleb128 0x13
 444 0048 00       		.byte	0
 445 0049 00       		.byte	0
 446 004a 07       		.uleb128 0x7
 447 004b 28       		.uleb128 0x28
 448 004c 00       		.byte	0
 449 004d 03       		.uleb128 0x3
 450 004e 0E       		.uleb128 0xe
 451 004f 1C       		.uleb128 0x1c
 452 0050 0B       		.uleb128 0xb
 453 0051 00       		.byte	0
 454 0052 00       		.byte	0
 455 0053 08       		.uleb128 0x8
 456 0054 16       		.uleb128 0x16
 457 0055 00       		.byte	0
 458 0056 03       		.uleb128 0x3
 459 0057 0E       		.uleb128 0xe
 460 0058 3A       		.uleb128 0x3a
 461 0059 0B       		.uleb128 0xb
 462 005a 3B       		.uleb128 0x3b
 463 005b 0B       		.uleb128 0xb
 464 005c 49       		.uleb128 0x49
 465 005d 13       		.uleb128 0x13
 466 005e 00       		.byte	0
 467 005f 00       		.byte	0
 468 0060 09       		.uleb128 0x9
 469 0061 15       		.uleb128 0x15
 470 0062 01       		.byte	0x1
 471 0063 27       		.uleb128 0x27
 472 0064 19       		.uleb128 0x19
 473 0065 01       		.uleb128 0x1
ARM GAS  C:\Users\Phuong\AppData\Local\Temp\ccjI0PRg.s 			page 10


 474 0066 13       		.uleb128 0x13
 475 0067 00       		.byte	0
 476 0068 00       		.byte	0
 477 0069 0A       		.uleb128 0xa
 478 006a 05       		.uleb128 0x5
 479 006b 00       		.byte	0
 480 006c 49       		.uleb128 0x49
 481 006d 13       		.uleb128 0x13
 482 006e 00       		.byte	0
 483 006f 00       		.byte	0
 484 0070 0B       		.uleb128 0xb
 485 0071 18       		.uleb128 0x18
 486 0072 00       		.byte	0
 487 0073 00       		.byte	0
 488 0074 00       		.byte	0
 489 0075 0C       		.uleb128 0xc
 490 0076 2E       		.uleb128 0x2e
 491 0077 01       		.byte	0x1
 492 0078 3F       		.uleb128 0x3f
 493 0079 19       		.uleb128 0x19
 494 007a 03       		.uleb128 0x3
 495 007b 0E       		.uleb128 0xe
 496 007c 3A       		.uleb128 0x3a
 497 007d 0B       		.uleb128 0xb
 498 007e 3B       		.uleb128 0x3b
 499 007f 0B       		.uleb128 0xb
 500 0080 27       		.uleb128 0x27
 501 0081 19       		.uleb128 0x19
 502 0082 49       		.uleb128 0x49
 503 0083 13       		.uleb128 0x13
 504 0084 11       		.uleb128 0x11
 505 0085 01       		.uleb128 0x1
 506 0086 12       		.uleb128 0x12
 507 0087 06       		.uleb128 0x6
 508 0088 40       		.uleb128 0x40
 509 0089 18       		.uleb128 0x18
 510 008a 9742     		.uleb128 0x2117
 511 008c 19       		.uleb128 0x19
 512 008d 01       		.uleb128 0x1
 513 008e 13       		.uleb128 0x13
 514 008f 00       		.byte	0
 515 0090 00       		.byte	0
 516 0091 0D       		.uleb128 0xd
 517 0092 34       		.uleb128 0x34
 518 0093 00       		.byte	0
 519 0094 03       		.uleb128 0x3
 520 0095 0E       		.uleb128 0xe
 521 0096 3A       		.uleb128 0x3a
 522 0097 0B       		.uleb128 0xb
 523 0098 3B       		.uleb128 0x3b
 524 0099 0B       		.uleb128 0xb
 525 009a 49       		.uleb128 0x49
 526 009b 13       		.uleb128 0x13
 527 009c 02       		.uleb128 0x2
 528 009d 18       		.uleb128 0x18
 529 009e 00       		.byte	0
 530 009f 00       		.byte	0
ARM GAS  C:\Users\Phuong\AppData\Local\Temp\ccjI0PRg.s 			page 11


 531 00a0 0E       		.uleb128 0xe
 532 00a1 34       		.uleb128 0x34
 533 00a2 00       		.byte	0
 534 00a3 03       		.uleb128 0x3
 535 00a4 0E       		.uleb128 0xe
 536 00a5 49       		.uleb128 0x49
 537 00a6 13       		.uleb128 0x13
 538 00a7 34       		.uleb128 0x34
 539 00a8 19       		.uleb128 0x19
 540 00a9 02       		.uleb128 0x2
 541 00aa 18       		.uleb128 0x18
 542 00ab 00       		.byte	0
 543 00ac 00       		.byte	0
 544 00ad 0F       		.uleb128 0xf
 545 00ae 0B       		.uleb128 0xb
 546 00af 01       		.byte	0x1
 547 00b0 11       		.uleb128 0x11
 548 00b1 01       		.uleb128 0x1
 549 00b2 12       		.uleb128 0x12
 550 00b3 06       		.uleb128 0x6
 551 00b4 01       		.uleb128 0x1
 552 00b5 13       		.uleb128 0x13
 553 00b6 00       		.byte	0
 554 00b7 00       		.byte	0
 555 00b8 10       		.uleb128 0x10
 556 00b9 34       		.uleb128 0x34
 557 00ba 00       		.byte	0
 558 00bb 03       		.uleb128 0x3
 559 00bc 08       		.uleb128 0x8
 560 00bd 3A       		.uleb128 0x3a
 561 00be 0B       		.uleb128 0xb
 562 00bf 3B       		.uleb128 0x3b
 563 00c0 0B       		.uleb128 0xb
 564 00c1 49       		.uleb128 0x49
 565 00c2 13       		.uleb128 0x13
 566 00c3 02       		.uleb128 0x2
 567 00c4 17       		.uleb128 0x17
 568 00c5 00       		.byte	0
 569 00c6 00       		.byte	0
 570 00c7 11       		.uleb128 0x11
 571 00c8 898201   		.uleb128 0x4109
 572 00cb 00       		.byte	0
 573 00cc 11       		.uleb128 0x11
 574 00cd 01       		.uleb128 0x1
 575 00ce 31       		.uleb128 0x31
 576 00cf 13       		.uleb128 0x13
 577 00d0 00       		.byte	0
 578 00d1 00       		.byte	0
 579 00d2 12       		.uleb128 0x12
 580 00d3 898201   		.uleb128 0x4109
 581 00d6 01       		.byte	0x1
 582 00d7 11       		.uleb128 0x11
 583 00d8 01       		.uleb128 0x1
 584 00d9 9342     		.uleb128 0x2113
 585 00db 18       		.uleb128 0x18
 586 00dc 00       		.byte	0
 587 00dd 00       		.byte	0
ARM GAS  C:\Users\Phuong\AppData\Local\Temp\ccjI0PRg.s 			page 12


 588 00de 13       		.uleb128 0x13
 589 00df 8A8201   		.uleb128 0x410a
 590 00e2 00       		.byte	0
 591 00e3 02       		.uleb128 0x2
 592 00e4 18       		.uleb128 0x18
 593 00e5 9142     		.uleb128 0x2111
 594 00e7 18       		.uleb128 0x18
 595 00e8 00       		.byte	0
 596 00e9 00       		.byte	0
 597 00ea 14       		.uleb128 0x14
 598 00eb 01       		.uleb128 0x1
 599 00ec 01       		.byte	0x1
 600 00ed 49       		.uleb128 0x49
 601 00ee 13       		.uleb128 0x13
 602 00ef 01       		.uleb128 0x1
 603 00f0 13       		.uleb128 0x13
 604 00f1 00       		.byte	0
 605 00f2 00       		.byte	0
 606 00f3 15       		.uleb128 0x15
 607 00f4 21       		.uleb128 0x21
 608 00f5 00       		.byte	0
 609 00f6 49       		.uleb128 0x49
 610 00f7 13       		.uleb128 0x13
 611 00f8 2F       		.uleb128 0x2f
 612 00f9 0B       		.uleb128 0xb
 613 00fa 00       		.byte	0
 614 00fb 00       		.byte	0
 615 00fc 16       		.uleb128 0x16
 616 00fd 2E       		.uleb128 0x2e
 617 00fe 01       		.byte	0x1
 618 00ff 3F       		.uleb128 0x3f
 619 0100 19       		.uleb128 0x19
 620 0101 03       		.uleb128 0x3
 621 0102 0E       		.uleb128 0xe
 622 0103 3A       		.uleb128 0x3a
 623 0104 0B       		.uleb128 0xb
 624 0105 3B       		.uleb128 0x3b
 625 0106 0B       		.uleb128 0xb
 626 0107 27       		.uleb128 0x27
 627 0108 19       		.uleb128 0x19
 628 0109 11       		.uleb128 0x11
 629 010a 01       		.uleb128 0x1
 630 010b 12       		.uleb128 0x12
 631 010c 06       		.uleb128 0x6
 632 010d 40       		.uleb128 0x40
 633 010e 18       		.uleb128 0x18
 634 010f 9742     		.uleb128 0x2117
 635 0111 19       		.uleb128 0x19
 636 0112 01       		.uleb128 0x1
 637 0113 13       		.uleb128 0x13
 638 0114 00       		.byte	0
 639 0115 00       		.byte	0
 640 0116 17       		.uleb128 0x17
 641 0117 2E       		.uleb128 0x2e
 642 0118 00       		.byte	0
 643 0119 3F       		.uleb128 0x3f
 644 011a 19       		.uleb128 0x19
ARM GAS  C:\Users\Phuong\AppData\Local\Temp\ccjI0PRg.s 			page 13


 645 011b 3C       		.uleb128 0x3c
 646 011c 19       		.uleb128 0x19
 647 011d 6E       		.uleb128 0x6e
 648 011e 0E       		.uleb128 0xe
 649 011f 03       		.uleb128 0x3
 650 0120 0E       		.uleb128 0xe
 651 0121 3A       		.uleb128 0x3a
 652 0122 0B       		.uleb128 0xb
 653 0123 3B       		.uleb128 0x3b
 654 0124 0B       		.uleb128 0xb
 655 0125 00       		.byte	0
 656 0126 00       		.byte	0
 657 0127 00       		.byte	0
 658              		.section	.debug_loc,"",%progbits
 659              	.Ldebug_loc0:
 660              	.LLST0:
 661 0000 12000000 		.4byte	.LVL2
 662 0004 24000000 		.4byte	.LVL3
 663 0008 0100     		.2byte	0x1
 664 000a 50       		.byte	0x50
 665 000b 24000000 		.4byte	.LVL3
 666 000f 2A000000 		.4byte	.LVL5
 667 0013 0100     		.2byte	0x1
 668 0015 54       		.byte	0x54
 669 0016 2E000000 		.4byte	.LVL6
 670 001a 30000000 		.4byte	.LVL7
 671 001e 0100     		.2byte	0x1
 672 0020 50       		.byte	0x50
 673 0021 00000000 		.4byte	0
 674 0025 00000000 		.4byte	0
 675              		.section	.debug_aranges,"",%progbits
 676 0000 24000000 		.4byte	0x24
 677 0004 0200     		.2byte	0x2
 678 0006 00000000 		.4byte	.Ldebug_info0
 679 000a 04       		.byte	0x4
 680 000b 00       		.byte	0
 681 000c 0000     		.2byte	0
 682 000e 0000     		.2byte	0
 683 0010 00000000 		.4byte	.LFB1
 684 0014 40000000 		.4byte	.LFE1-.LFB1
 685 0018 00000000 		.4byte	.LFB2
 686 001c 08000000 		.4byte	.LFE2-.LFB2
 687 0020 00000000 		.4byte	0
 688 0024 00000000 		.4byte	0
 689              		.section	.debug_ranges,"",%progbits
 690              	.Ldebug_ranges0:
 691 0000 00000000 		.4byte	.LFB1
 692 0004 40000000 		.4byte	.LFE1
 693 0008 00000000 		.4byte	.LFB2
 694 000c 08000000 		.4byte	.LFE2
 695 0010 00000000 		.4byte	0
 696 0014 00000000 		.4byte	0
 697              		.section	.debug_line,"",%progbits
 698              	.Ldebug_line0:
 699 0000 D9000000 		.section	.debug_str,"MS",%progbits,1
 699      02009E00 
 699      00000201 
ARM GAS  C:\Users\Phuong\AppData\Local\Temp\ccjI0PRg.s 			page 14


 699      FB0E0D00 
 699      01010101 
 700              	.LASF1:
 701 0000 6C6F6E67 		.ascii	"long long int\000"
 701      206C6F6E 
 701      6720696E 
 701      7400
 702              	.LASF0:
 703 000e 756E7369 		.ascii	"unsigned int\000"
 703      676E6564 
 703      20696E74 
 703      00
 704              	.LASF14:
 705 001b 415A5F4C 		.ascii	"AZ_LOG_TRACE\000"
 705      4F475F54 
 705      52414345 
 705      00
 706              	.LASF15:
 707 0028 4C4F475F 		.ascii	"LOG_CATEGORY\000"
 707      43415445 
 707      474F5259 
 707      00
 708              	.LASF25:
 709 0035 496F5448 		.ascii	"IoTHub_Init\000"
 709      75625F49 
 709      6E697400 
 710              	.LASF19:
 711 0041 706C6174 		.ascii	"platform_init\000"
 711      666F726D 
 711      5F696E69 
 711      7400
 712              	.LASF8:
 713 004f 6C6F6E67 		.ascii	"long unsigned int\000"
 713      20756E73 
 713      69676E65 
 713      6420696E 
 713      7400
 714              	.LASF9:
 715 0061 6C6F6E67 		.ascii	"long long unsigned int\000"
 715      206C6F6E 
 715      6720756E 
 715      7369676E 
 715      65642069 
 716              	.LASF13:
 717 0078 415A5F4C 		.ascii	"AZ_LOG_INFO\000"
 717      4F475F49 
 717      4E464F00 
 718              	.LASF22:
 719 0084 536F7572 		.ascii	"Source\\azure_iot_sdk\\iothub_client\\src\\iothub.c"
 719      63655C61 
 719      7A757265 
 719      5F696F74 
 719      5F73646B 
 720 00b3 00       		.ascii	"\000"
 721              	.LASF11:
 722 00b4 63686172 		.ascii	"char\000"
 722      00
ARM GAS  C:\Users\Phuong\AppData\Local\Temp\ccjI0PRg.s 			page 15


 723              	.LASF4:
 724 00b9 756E7369 		.ascii	"unsigned char\000"
 724      676E6564 
 724      20636861 
 724      7200
 725              	.LASF23:
 726 00c7 433A5C55 		.ascii	"C:\\Users\\Phuong\\Documents\\PSoC Creator\\Dec0820"
 726      73657273 
 726      5C506875 
 726      6F6E675C 
 726      446F6375 
 727 00f5 31385C69 		.ascii	"18\\iot-sdk-iot-dev\\PSOC6_FreeRTOS+LwIP+MbedTLS_Az"
 727      6F742D73 
 727      646B2D69 
 727      6F742D64 
 727      65765C50 
 728 0126 7572652D 		.ascii	"ure-IOT-Hub-Demo\\PSOC6_FreeRTOS+LwIP+MbedTLS_Azure"
 728      494F542D 
 728      4875622D 
 728      44656D6F 
 728      5C50534F 
 729 0158 2D494F54 		.ascii	"-IOT-Hub-Demo.cydsn\000"
 729      2D487562 
 729      2D44656D 
 729      6F2E6379 
 729      64736E00 
 730              	.LASF17:
 731 016c 72657375 		.ascii	"result\000"
 731      6C7400
 732              	.LASF7:
 733 0173 6C6F6E67 		.ascii	"long int\000"
 733      20696E74 
 733      00
 734              	.LASF18:
 735 017c 786C6F67 		.ascii	"xlogging_get_log_function\000"
 735      67696E67 
 735      5F676574 
 735      5F6C6F67 
 735      5F66756E 
 736              	.LASF5:
 737 0196 73686F72 		.ascii	"short int\000"
 737      7420696E 
 737      7400
 738              	.LASF6:
 739 01a0 73686F72 		.ascii	"short unsigned int\000"
 739      7420756E 
 739      7369676E 
 739      65642069 
 739      6E7400
 740              	.LASF3:
 741 01b3 7369676E 		.ascii	"signed char\000"
 741      65642063 
 741      68617200 
 742              	.LASF24:
 743 01bf 4C4F475F 		.ascii	"LOG_CATEGORY_TAG\000"
 743      43415445 
 743      474F5259 
ARM GAS  C:\Users\Phuong\AppData\Local\Temp\ccjI0PRg.s 			page 16


 743      5F544147 
 743      00
 744              	.LASF16:
 745 01d0 4C4F4747 		.ascii	"LOGGER_LOG\000"
 745      45525F4C 
 745      4F4700
 746              	.LASF12:
 747 01db 415A5F4C 		.ascii	"AZ_LOG_ERROR\000"
 747      4F475F45 
 747      52524F52 
 747      00
 748              	.LASF2:
 749 01e8 6C6F6E67 		.ascii	"long double\000"
 749      20646F75 
 749      626C6500 
 750              	.LASF27:
 751 01f4 496F5448 		.ascii	"IoTHub_Deinit\000"
 751      75625F44 
 751      65696E69 
 751      7400
 752              	.LASF20:
 753 0202 706C6174 		.ascii	"platform_deinit\000"
 753      666F726D 
 753      5F646569 
 753      6E697400 
 754              	.LASF21:
 755 0212 474E5520 		.ascii	"GNU C11 5.4.1 20160609 (release) [ARM/embedded-5-br"
 755      43313120 
 755      352E342E 
 755      31203230 
 755      31363036 
 756 0245 616E6368 		.ascii	"anch revision 237715] -mcpu=cortex-m0plus -mthumb -"
 756      20726576 
 756      6973696F 
 756      6E203233 
 756      37373135 
 757 0278 67202D4F 		.ascii	"g -Og -ffunction-sections -ffat-lto-objects\000"
 757      67202D66 
 757      66756E63 
 757      74696F6E 
 757      2D736563 
 758              	.LASF26:
 759 02a4 5F5F6675 		.ascii	"__func__\000"
 759      6E635F5F 
 759      00
 760              	.LASF10:
 761 02ad 73697A65 		.ascii	"sizetype\000"
 761      74797065 
 761      00
 762              		.ident	"GCC: (GNU Tools for ARM Embedded Processors) 5.4.1 20160609 (release) [ARM/embedded-5-bran
