ARM GAS  C:\Users\Phuong\AppData\Local\Temp\ccwwthT3.s 			page 1


   1              		.syntax unified
   2              		.cpu cortex-m0plus
   3              		.fpu softvfp
   4              		.eabi_attribute 20, 1
   5              		.eabi_attribute 21, 1
   6              		.eabi_attribute 23, 3
   7              		.eabi_attribute 24, 1
   8              		.eabi_attribute 25, 1
   9              		.eabi_attribute 26, 1
  10              		.eabi_attribute 30, 1
  11              		.eabi_attribute 34, 0
  12              		.eabi_attribute 18, 4
  13              		.thumb
  14              		.syntax unified
  15              		.file	"ip.c"
  16              		.text
  17              	.Ltext0:
  18              		.cfi_sections	.debug_frame
  19              		.comm	ip_data,24,4
  20              	.Letext0:
  21              		.file 1 "c:\\program files (x86)\\cypress\\psoc creator\\4.2\\psoc creator\\import\\gnu\\arm\\5.4.
  22              		.file 2 "c:\\program files (x86)\\cypress\\psoc creator\\4.2\\psoc creator\\import\\gnu\\arm\\5.4.
  23              		.file 3 ".\\Source\\LwIP\\src\\include/arch/cc.h"
  24              		.file 4 ".\\Source\\LwIP\\src\\include/lwip/ip4_addr.h"
  25              		.file 5 ".\\Source\\LwIP\\src\\include/lwip/ip_addr.h"
  26              		.file 6 ".\\Source\\LwIP\\src\\include/lwip/err.h"
  27              		.file 7 ".\\Source\\LwIP\\src\\include/lwip/pbuf.h"
  28              		.file 8 ".\\Source\\LwIP\\src\\include/lwip/netif.h"
  29              		.file 9 ".\\Source\\LwIP\\src\\include/lwip/prot/ip4.h"
  30              		.file 10 ".\\Source\\LwIP\\src\\include/lwip/ip.h"
  31              		.file 11 ".\\Source\\LwIP\\src\\include/lwip/memp.h"
  32              		.file 12 "Source\\LwIP\\src\\core\\ip.c"
  33              		.section	.debug_info,"",%progbits
  34              	.Ldebug_info0:
  35 0000 32050000 		.4byte	0x532
  36 0004 0400     		.2byte	0x4
  37 0006 00000000 		.4byte	.Ldebug_abbrev0
  38 000a 04       		.byte	0x4
  39 000b 01       		.uleb128 0x1
  40 000c 87000000 		.4byte	.LASF93
  41 0010 0C       		.byte	0xc
  42 0011 A4050000 		.4byte	.LASF94
  43 0015 71030000 		.4byte	.LASF95
  44 0019 00000000 		.4byte	.Ldebug_line0
  45 001d 02       		.uleb128 0x2
  46 001e 01       		.byte	0x1
  47 001f 06       		.byte	0x6
  48 0020 16040000 		.4byte	.LASF0
  49 0024 02       		.uleb128 0x2
  50 0025 01       		.byte	0x1
  51 0026 08       		.byte	0x8
  52 0027 41030000 		.4byte	.LASF1
  53 002b 02       		.uleb128 0x2
  54 002c 02       		.byte	0x2
  55 002d 05       		.byte	0x5
  56 002e 6E010000 		.4byte	.LASF2
  57 0032 02       		.uleb128 0x2
ARM GAS  C:\Users\Phuong\AppData\Local\Temp\ccwwthT3.s 			page 2


  58 0033 02       		.byte	0x2
  59 0034 07       		.byte	0x7
  60 0035 7B040000 		.4byte	.LASF3
  61 0039 02       		.uleb128 0x2
  62 003a 04       		.byte	0x4
  63 003b 05       		.byte	0x5
  64 003c A3020000 		.4byte	.LASF4
  65 0040 03       		.uleb128 0x3
  66 0041 22010000 		.4byte	.LASF12
  67 0045 01       		.byte	0x1
  68 0046 41       		.byte	0x41
  69 0047 4B000000 		.4byte	0x4b
  70 004b 02       		.uleb128 0x2
  71 004c 04       		.byte	0x4
  72 004d 07       		.byte	0x7
  73 004e FD040000 		.4byte	.LASF5
  74 0052 02       		.uleb128 0x2
  75 0053 08       		.byte	0x8
  76 0054 05       		.byte	0x5
  77 0055 36020000 		.4byte	.LASF6
  78 0059 02       		.uleb128 0x2
  79 005a 08       		.byte	0x8
  80 005b 07       		.byte	0x7
  81 005c 44020000 		.4byte	.LASF7
  82 0060 04       		.uleb128 0x4
  83 0061 04       		.byte	0x4
  84 0062 05       		.byte	0x5
  85 0063 696E7400 		.ascii	"int\000"
  86 0067 02       		.uleb128 0x2
  87 0068 04       		.byte	0x4
  88 0069 07       		.byte	0x7
  89 006a 36040000 		.4byte	.LASF8
  90 006e 02       		.uleb128 0x2
  91 006f 08       		.byte	0x8
  92 0070 04       		.byte	0x4
  93 0071 1D030000 		.4byte	.LASF9
  94 0075 05       		.uleb128 0x5
  95 0076 04       		.byte	0x4
  96 0077 02       		.uleb128 0x2
  97 0078 04       		.byte	0x4
  98 0079 07       		.byte	0x7
  99 007a 19010000 		.4byte	.LASF10
 100 007e 02       		.uleb128 0x2
 101 007f 01       		.byte	0x1
 102 0080 08       		.byte	0x8
 103 0081 89020000 		.4byte	.LASF11
 104 0085 06       		.uleb128 0x6
 105 0086 04       		.byte	0x4
 106 0087 8B000000 		.4byte	0x8b
 107 008b 07       		.uleb128 0x7
 108 008c 7E000000 		.4byte	0x7e
 109 0090 03       		.uleb128 0x3
 110 0091 2D040000 		.4byte	.LASF13
 111 0095 02       		.byte	0x2
 112 0096 30       		.byte	0x30
 113 0097 40000000 		.4byte	0x40
 114 009b 02       		.uleb128 0x2
ARM GAS  C:\Users\Phuong\AppData\Local\Temp\ccwwthT3.s 			page 3


 115 009c 04       		.byte	0x4
 116 009d 04       		.byte	0x4
 117 009e 12000000 		.4byte	.LASF14
 118 00a2 02       		.uleb128 0x2
 119 00a3 08       		.byte	0x8
 120 00a4 04       		.byte	0x4
 121 00a5 0F050000 		.4byte	.LASF15
 122 00a9 08       		.uleb128 0x8
 123 00aa 75000000 		.4byte	0x75
 124 00ae B9000000 		.4byte	0xb9
 125 00b2 09       		.uleb128 0x9
 126 00b3 77000000 		.4byte	0x77
 127 00b7 01       		.byte	0x1
 128 00b8 00       		.byte	0
 129 00b9 03       		.uleb128 0x3
 130 00ba D8050000 		.4byte	.LASF16
 131 00be 03       		.byte	0x3
 132 00bf 31       		.byte	0x31
 133 00c0 24000000 		.4byte	0x24
 134 00c4 03       		.uleb128 0x3
 135 00c5 31020000 		.4byte	.LASF17
 136 00c9 03       		.byte	0x3
 137 00ca 32       		.byte	0x32
 138 00cb 1D000000 		.4byte	0x1d
 139 00cf 03       		.uleb128 0x3
 140 00d0 42050000 		.4byte	.LASF18
 141 00d4 03       		.byte	0x3
 142 00d5 33       		.byte	0x33
 143 00d6 32000000 		.4byte	0x32
 144 00da 03       		.uleb128 0x3
 145 00db 3C050000 		.4byte	.LASF19
 146 00df 03       		.byte	0x3
 147 00e0 35       		.byte	0x35
 148 00e1 4B000000 		.4byte	0x4b
 149 00e5 0A       		.uleb128 0xa
 150 00e6 E4040000 		.4byte	.LASF23
 151 00ea 04       		.byte	0x4
 152 00eb 04       		.byte	0x4
 153 00ec 33       		.byte	0x33
 154 00ed FE000000 		.4byte	0xfe
 155 00f1 0B       		.uleb128 0xb
 156 00f2 18000000 		.4byte	.LASF25
 157 00f6 04       		.byte	0x4
 158 00f7 34       		.byte	0x34
 159 00f8 DA000000 		.4byte	0xda
 160 00fc 00       		.byte	0
 161 00fd 00       		.byte	0
 162 00fe 03       		.uleb128 0x3
 163 00ff 23050000 		.4byte	.LASF20
 164 0103 04       		.byte	0x4
 165 0104 39       		.byte	0x39
 166 0105 E5000000 		.4byte	0xe5
 167 0109 03       		.uleb128 0x3
 168 010a AC020000 		.4byte	.LASF21
 169 010e 05       		.byte	0x5
 170 010f F4       		.byte	0xf4
 171 0110 FE000000 		.4byte	0xfe
ARM GAS  C:\Users\Phuong\AppData\Local\Temp\ccwwthT3.s 			page 4


 172 0114 03       		.uleb128 0x3
 173 0115 9D040000 		.4byte	.LASF22
 174 0119 06       		.byte	0x6
 175 011a 39       		.byte	0x39
 176 011b C4000000 		.4byte	0xc4
 177 011f 0A       		.uleb128 0xa
 178 0120 FB050000 		.4byte	.LASF24
 179 0124 10       		.byte	0x10
 180 0125 07       		.byte	0x7
 181 0126 8E       		.byte	0x8e
 182 0127 80010000 		.4byte	0x180
 183 012b 0B       		.uleb128 0xb
 184 012c 28040000 		.4byte	.LASF26
 185 0130 07       		.byte	0x7
 186 0131 90       		.byte	0x90
 187 0132 80010000 		.4byte	0x180
 188 0136 00       		.byte	0
 189 0137 0B       		.uleb128 0xb
 190 0138 F3050000 		.4byte	.LASF27
 191 013c 07       		.byte	0x7
 192 013d 93       		.byte	0x93
 193 013e 75000000 		.4byte	0x75
 194 0142 04       		.byte	0x4
 195 0143 0B       		.uleb128 0xb
 196 0144 81020000 		.4byte	.LASF28
 197 0148 07       		.byte	0x7
 198 0149 9C       		.byte	0x9c
 199 014a CF000000 		.4byte	0xcf
 200 014e 08       		.byte	0x8
 201 014f 0C       		.uleb128 0xc
 202 0150 6C656E00 		.ascii	"len\000"
 203 0154 07       		.byte	0x7
 204 0155 9F       		.byte	0x9f
 205 0156 CF000000 		.4byte	0xcf
 206 015a 0A       		.byte	0xa
 207 015b 0B       		.uleb128 0xb
 208 015c 61000000 		.4byte	.LASF29
 209 0160 07       		.byte	0x7
 210 0161 A2       		.byte	0xa2
 211 0162 B9000000 		.4byte	0xb9
 212 0166 0C       		.byte	0xc
 213 0167 0B       		.uleb128 0xb
 214 0168 22040000 		.4byte	.LASF30
 215 016c 07       		.byte	0x7
 216 016d A5       		.byte	0xa5
 217 016e B9000000 		.4byte	0xb9
 218 0172 0D       		.byte	0xd
 219 0173 0C       		.uleb128 0xc
 220 0174 72656600 		.ascii	"ref\000"
 221 0178 07       		.byte	0x7
 222 0179 AC       		.byte	0xac
 223 017a CF000000 		.4byte	0xcf
 224 017e 0E       		.byte	0xe
 225 017f 00       		.byte	0
 226 0180 06       		.uleb128 0x6
 227 0181 04       		.byte	0x4
 228 0182 1F010000 		.4byte	0x11f
ARM GAS  C:\Users\Phuong\AppData\Local\Temp\ccwwthT3.s 			page 5


 229 0186 0D       		.uleb128 0xd
 230 0187 01       		.byte	0x1
 231 0188 24000000 		.4byte	0x24
 232 018c 0B       		.byte	0xb
 233 018d 34       		.byte	0x34
 234 018e F9010000 		.4byte	0x1f9
 235 0192 0E       		.uleb128 0xe
 236 0193 16050000 		.4byte	.LASF31
 237 0197 00       		.byte	0
 238 0198 0E       		.uleb128 0xe
 239 0199 CB050000 		.4byte	.LASF32
 240 019d 01       		.byte	0x1
 241 019e 0E       		.uleb128 0xe
 242 019f BE050000 		.4byte	.LASF33
 243 01a3 02       		.byte	0x2
 244 01a4 0E       		.uleb128 0xe
 245 01a5 F6010000 		.4byte	.LASF34
 246 01a9 03       		.byte	0x3
 247 01aa 0E       		.uleb128 0xe
 248 01ab 57050000 		.4byte	.LASF35
 249 01af 04       		.byte	0x4
 250 01b0 0E       		.uleb128 0xe
 251 01b1 8E040000 		.4byte	.LASF36
 252 01b5 05       		.byte	0x5
 253 01b6 0E       		.uleb128 0xe
 254 01b7 66000000 		.4byte	.LASF37
 255 01bb 06       		.byte	0x6
 256 01bc 0E       		.uleb128 0xe
 257 01bd 80050000 		.4byte	.LASF38
 258 01c1 07       		.byte	0x7
 259 01c2 0E       		.uleb128 0xe
 260 01c3 A3040000 		.4byte	.LASF39
 261 01c7 08       		.byte	0x8
 262 01c8 0E       		.uleb128 0xe
 263 01c9 3D010000 		.4byte	.LASF40
 264 01cd 09       		.byte	0x9
 265 01ce 0E       		.uleb128 0xe
 266 01cf 30000000 		.4byte	.LASF41
 267 01d3 0A       		.byte	0xa
 268 01d4 0E       		.uleb128 0xe
 269 01d5 4B040000 		.4byte	.LASF42
 270 01d9 0B       		.byte	0xb
 271 01da 0E       		.uleb128 0xe
 272 01db 78010000 		.4byte	.LASF43
 273 01df 0C       		.byte	0xc
 274 01e0 0E       		.uleb128 0xe
 275 01e1 18020000 		.4byte	.LASF44
 276 01e5 0D       		.byte	0xd
 277 01e6 0E       		.uleb128 0xe
 278 01e7 F3040000 		.4byte	.LASF45
 279 01eb 0E       		.byte	0xe
 280 01ec 0E       		.uleb128 0xe
 281 01ed 48050000 		.4byte	.LASF46
 282 01f1 0F       		.byte	0xf
 283 01f2 0E       		.uleb128 0xe
 284 01f3 68030000 		.4byte	.LASF47
 285 01f7 10       		.byte	0x10
ARM GAS  C:\Users\Phuong\AppData\Local\Temp\ccwwthT3.s 			page 6


 286 01f8 00       		.byte	0
 287 01f9 0F       		.uleb128 0xf
 288 01fa 5B020000 		.4byte	.LASF51
 289 01fe 01       		.byte	0x1
 290 01ff 24000000 		.4byte	0x24
 291 0203 08       		.byte	0x8
 292 0204 6B       		.byte	0x6b
 293 0205 1C020000 		.4byte	0x21c
 294 0209 0E       		.uleb128 0xe
 295 020a FB020000 		.4byte	.LASF48
 296 020e 00       		.byte	0
 297 020f 0E       		.uleb128 0xe
 298 0210 89010000 		.4byte	.LASF49
 299 0214 01       		.byte	0x1
 300 0215 0E       		.uleb128 0xe
 301 0216 C8010000 		.4byte	.LASF50
 302 021a 02       		.byte	0x2
 303 021b 00       		.byte	0
 304 021c 0F       		.uleb128 0xf
 305 021d 29030000 		.4byte	.LASF52
 306 0221 01       		.byte	0x1
 307 0222 24000000 		.4byte	0x24
 308 0226 08       		.byte	0x8
 309 0227 8F       		.byte	0x8f
 310 0228 39020000 		.4byte	0x239
 311 022c 0E       		.uleb128 0xe
 312 022d 8E020000 		.4byte	.LASF53
 313 0231 00       		.byte	0
 314 0232 0E       		.uleb128 0xe
 315 0233 5B040000 		.4byte	.LASF54
 316 0237 01       		.byte	0x1
 317 0238 00       		.byte	0
 318 0239 06       		.uleb128 0x6
 319 023a 04       		.byte	0x4
 320 023b 3F020000 		.4byte	0x23f
 321 023f 0A       		.uleb128 0xa
 322 0240 2E050000 		.4byte	.LASF55
 323 0244 48       		.byte	0x48
 324 0245 08       		.byte	0x8
 325 0246 E1       		.byte	0xe1
 326 0247 3B030000 		.4byte	0x33b
 327 024b 0B       		.uleb128 0xb
 328 024c 28040000 		.4byte	.LASF26
 329 0250 08       		.byte	0x8
 330 0251 E3       		.byte	0xe3
 331 0252 39020000 		.4byte	0x239
 332 0256 00       		.byte	0
 333 0257 0B       		.uleb128 0xb
 334 0258 E9010000 		.4byte	.LASF56
 335 025c 08       		.byte	0x8
 336 025d E7       		.byte	0xe7
 337 025e 09010000 		.4byte	0x109
 338 0262 04       		.byte	0x4
 339 0263 0B       		.uleb128 0xb
 340 0264 34050000 		.4byte	.LASF57
 341 0268 08       		.byte	0x8
 342 0269 E8       		.byte	0xe8
ARM GAS  C:\Users\Phuong\AppData\Local\Temp\ccwwthT3.s 			page 7


 343 026a 09010000 		.4byte	0x109
 344 026e 08       		.byte	0x8
 345 026f 0C       		.uleb128 0xc
 346 0270 677700   		.ascii	"gw\000"
 347 0273 08       		.byte	0x8
 348 0274 E9       		.byte	0xe9
 349 0275 09010000 		.4byte	0x109
 350 0279 0C       		.byte	0xc
 351 027a 0B       		.uleb128 0xb
 352 027b 72000000 		.4byte	.LASF58
 353 027f 08       		.byte	0x8
 354 0280 F4       		.byte	0xf4
 355 0281 3B030000 		.4byte	0x33b
 356 0285 10       		.byte	0x10
 357 0286 0B       		.uleb128 0xb
 358 0287 9D050000 		.4byte	.LASF59
 359 028b 08       		.byte	0x8
 360 028c FA       		.byte	0xfa
 361 028d 60030000 		.4byte	0x360
 362 0291 14       		.byte	0x14
 363 0292 0B       		.uleb128 0xb
 364 0293 B6020000 		.4byte	.LASF60
 365 0297 08       		.byte	0x8
 366 0298 FF       		.byte	0xff
 367 0299 95030000 		.4byte	0x395
 368 029d 18       		.byte	0x18
 369 029e 10       		.uleb128 0x10
 370 029f 2D010000 		.4byte	.LASF61
 371 02a3 08       		.byte	0x8
 372 02a4 0A01     		.2byte	0x10a
 373 02a6 BA030000 		.4byte	0x3ba
 374 02aa 1C       		.byte	0x1c
 375 02ab 10       		.uleb128 0x10
 376 02ac 4B000000 		.4byte	.LASF62
 377 02b0 08       		.byte	0x8
 378 02b1 1701     		.2byte	0x117
 379 02b3 75000000 		.4byte	0x75
 380 02b7 20       		.byte	0x20
 381 02b8 10       		.uleb128 0x10
 382 02b9 5D010000 		.4byte	.LASF63
 383 02bd 08       		.byte	0x8
 384 02be 1901     		.2byte	0x119
 385 02c0 A9000000 		.4byte	0xa9
 386 02c4 24       		.byte	0x24
 387 02c5 10       		.uleb128 0x10
 388 02c6 77050000 		.4byte	.LASF64
 389 02ca 08       		.byte	0x8
 390 02cb 2101     		.2byte	0x121
 391 02cd B9000000 		.4byte	0xb9
 392 02d1 2C       		.byte	0x2c
 393 02d2 10       		.uleb128 0x10
 394 02d3 0F020000 		.4byte	.LASF65
 395 02d7 08       		.byte	0x8
 396 02d8 2501     		.2byte	0x125
 397 02da 85000000 		.4byte	0x85
 398 02de 30       		.byte	0x30
 399 02df 11       		.uleb128 0x11
ARM GAS  C:\Users\Phuong\AppData\Local\Temp\ccwwthT3.s 			page 8


 400 02e0 6D747500 		.ascii	"mtu\000"
 401 02e4 08       		.byte	0x8
 402 02e5 2B01     		.2byte	0x12b
 403 02e7 CF000000 		.4byte	0xcf
 404 02eb 34       		.byte	0x34
 405 02ec 10       		.uleb128 0x10
 406 02ed 52010000 		.4byte	.LASF66
 407 02f1 08       		.byte	0x8
 408 02f2 2D01     		.2byte	0x12d
 409 02f4 B9000000 		.4byte	0xb9
 410 02f8 36       		.byte	0x36
 411 02f9 10       		.uleb128 0x10
 412 02fa DD050000 		.4byte	.LASF67
 413 02fe 08       		.byte	0x8
 414 02ff 2F01     		.2byte	0x12f
 415 0301 00040000 		.4byte	0x400
 416 0305 37       		.byte	0x37
 417 0306 10       		.uleb128 0x10
 418 0307 22040000 		.4byte	.LASF30
 419 030b 08       		.byte	0x8
 420 030c 3101     		.2byte	0x131
 421 030e B9000000 		.4byte	0xb9
 422 0312 3D       		.byte	0x3d
 423 0313 10       		.uleb128 0x10
 424 0314 F6020000 		.4byte	.LASF68
 425 0318 08       		.byte	0x8
 426 0319 3301     		.2byte	0x133
 427 031b 10040000 		.4byte	0x410
 428 031f 3E       		.byte	0x3e
 429 0320 11       		.uleb128 0x11
 430 0321 6E756D00 		.ascii	"num\000"
 431 0325 08       		.byte	0x8
 432 0326 3501     		.2byte	0x135
 433 0328 B9000000 		.4byte	0xb9
 434 032c 40       		.byte	0x40
 435 032d 10       		.uleb128 0x10
 436 032e AB010000 		.4byte	.LASF69
 437 0332 08       		.byte	0x8
 438 0333 4301     		.2byte	0x143
 439 0335 D6030000 		.4byte	0x3d6
 440 0339 44       		.byte	0x44
 441 033a 00       		.byte	0
 442 033b 03       		.uleb128 0x3
 443 033c E4050000 		.4byte	.LASF70
 444 0340 08       		.byte	0x8
 445 0341 A2       		.byte	0xa2
 446 0342 46030000 		.4byte	0x346
 447 0346 06       		.uleb128 0x6
 448 0347 04       		.byte	0x4
 449 0348 4C030000 		.4byte	0x34c
 450 034c 12       		.uleb128 0x12
 451 034d 14010000 		.4byte	0x114
 452 0351 60030000 		.4byte	0x360
 453 0355 13       		.uleb128 0x13
 454 0356 80010000 		.4byte	0x180
 455 035a 13       		.uleb128 0x13
 456 035b 39020000 		.4byte	0x239
ARM GAS  C:\Users\Phuong\AppData\Local\Temp\ccwwthT3.s 			page 9


 457 035f 00       		.byte	0
 458 0360 03       		.uleb128 0x3
 459 0361 51000000 		.4byte	.LASF71
 460 0365 08       		.byte	0x8
 461 0366 AD       		.byte	0xad
 462 0367 6B030000 		.4byte	0x36b
 463 036b 06       		.uleb128 0x6
 464 036c 04       		.byte	0x4
 465 036d 71030000 		.4byte	0x371
 466 0371 12       		.uleb128 0x12
 467 0372 14010000 		.4byte	0x114
 468 0376 8A030000 		.4byte	0x38a
 469 037a 13       		.uleb128 0x13
 470 037b 39020000 		.4byte	0x239
 471 037f 13       		.uleb128 0x13
 472 0380 80010000 		.4byte	0x180
 473 0384 13       		.uleb128 0x13
 474 0385 8A030000 		.4byte	0x38a
 475 0389 00       		.byte	0
 476 038a 06       		.uleb128 0x6
 477 038b 04       		.byte	0x4
 478 038c 90030000 		.4byte	0x390
 479 0390 07       		.uleb128 0x7
 480 0391 FE000000 		.4byte	0xfe
 481 0395 03       		.uleb128 0x3
 482 0396 D0040000 		.4byte	.LASF72
 483 039a 08       		.byte	0x8
 484 039b C4       		.byte	0xc4
 485 039c A0030000 		.4byte	0x3a0
 486 03a0 06       		.uleb128 0x6
 487 03a1 04       		.byte	0x4
 488 03a2 A6030000 		.4byte	0x3a6
 489 03a6 12       		.uleb128 0x12
 490 03a7 14010000 		.4byte	0x114
 491 03ab BA030000 		.4byte	0x3ba
 492 03af 13       		.uleb128 0x13
 493 03b0 39020000 		.4byte	0x239
 494 03b4 13       		.uleb128 0x13
 495 03b5 80010000 		.4byte	0x180
 496 03b9 00       		.byte	0
 497 03ba 03       		.uleb128 0x3
 498 03bb 4F030000 		.4byte	.LASF73
 499 03bf 08       		.byte	0x8
 500 03c0 C6       		.byte	0xc6
 501 03c1 C5030000 		.4byte	0x3c5
 502 03c5 06       		.uleb128 0x6
 503 03c6 04       		.byte	0x4
 504 03c7 CB030000 		.4byte	0x3cb
 505 03cb 14       		.uleb128 0x14
 506 03cc D6030000 		.4byte	0x3d6
 507 03d0 13       		.uleb128 0x13
 508 03d1 39020000 		.4byte	0x239
 509 03d5 00       		.byte	0
 510 03d6 03       		.uleb128 0x3
 511 03d7 D5020000 		.4byte	.LASF74
 512 03db 08       		.byte	0x8
 513 03dc C9       		.byte	0xc9
ARM GAS  C:\Users\Phuong\AppData\Local\Temp\ccwwthT3.s 			page 10


 514 03dd E1030000 		.4byte	0x3e1
 515 03e1 06       		.uleb128 0x6
 516 03e2 04       		.byte	0x4
 517 03e3 E7030000 		.4byte	0x3e7
 518 03e7 12       		.uleb128 0x12
 519 03e8 14010000 		.4byte	0x114
 520 03ec 00040000 		.4byte	0x400
 521 03f0 13       		.uleb128 0x13
 522 03f1 39020000 		.4byte	0x239
 523 03f5 13       		.uleb128 0x13
 524 03f6 8A030000 		.4byte	0x38a
 525 03fa 13       		.uleb128 0x13
 526 03fb 1C020000 		.4byte	0x21c
 527 03ff 00       		.byte	0
 528 0400 08       		.uleb128 0x8
 529 0401 B9000000 		.4byte	0xb9
 530 0405 10040000 		.4byte	0x410
 531 0409 09       		.uleb128 0x9
 532 040a 77000000 		.4byte	0x77
 533 040e 05       		.byte	0x5
 534 040f 00       		.byte	0
 535 0410 08       		.uleb128 0x8
 536 0411 7E000000 		.4byte	0x7e
 537 0415 20040000 		.4byte	0x420
 538 0419 09       		.uleb128 0x9
 539 041a 77000000 		.4byte	0x77
 540 041e 01       		.byte	0x1
 541 041f 00       		.byte	0
 542 0420 0A       		.uleb128 0xa
 543 0421 8D050000 		.4byte	.LASF75
 544 0425 04       		.byte	0x4
 545 0426 09       		.byte	0x9
 546 0427 35       		.byte	0x35
 547 0428 39040000 		.4byte	0x439
 548 042c 0B       		.uleb128 0xb
 549 042d 18000000 		.4byte	.LASF25
 550 0431 09       		.byte	0x9
 551 0432 36       		.byte	0x36
 552 0433 DA000000 		.4byte	0xda
 553 0437 00       		.byte	0
 554 0438 00       		.byte	0
 555 0439 03       		.uleb128 0x3
 556 043a BB010000 		.4byte	.LASF76
 557 043e 09       		.byte	0x9
 558 043f 3D       		.byte	0x3d
 559 0440 20040000 		.4byte	0x420
 560 0444 0A       		.uleb128 0xa
 561 0445 78000000 		.4byte	.LASF77
 562 0449 14       		.byte	0x14
 563 044a 09       		.byte	0x9
 564 044b 47       		.byte	0x47
 565 044c C9040000 		.4byte	0x4c9
 566 0450 0B       		.uleb128 0xb
 567 0451 ED040000 		.4byte	.LASF78
 568 0455 09       		.byte	0x9
 569 0456 49       		.byte	0x49
 570 0457 B9000000 		.4byte	0xb9
ARM GAS  C:\Users\Phuong\AppData\Local\Temp\ccwwthT3.s 			page 11


 571 045b 00       		.byte	0
 572 045c 0B       		.uleb128 0xb
 573 045d F1010000 		.4byte	.LASF79
 574 0461 09       		.byte	0x9
 575 0462 4B       		.byte	0x4b
 576 0463 B9000000 		.4byte	0xb9
 577 0467 01       		.byte	0x1
 578 0468 0B       		.uleb128 0xb
 579 0469 69010000 		.4byte	.LASF80
 580 046d 09       		.byte	0x9
 581 046e 4D       		.byte	0x4d
 582 046f CF000000 		.4byte	0xcf
 583 0473 02       		.byte	0x2
 584 0474 0C       		.uleb128 0xc
 585 0475 5F696400 		.ascii	"_id\000"
 586 0479 09       		.byte	0x9
 587 047a 4F       		.byte	0x4f
 588 047b CF000000 		.4byte	0xcf
 589 047f 04       		.byte	0x4
 590 0480 0B       		.uleb128 0xb
 591 0481 7F000000 		.4byte	.LASF81
 592 0485 09       		.byte	0x9
 593 0486 51       		.byte	0x51
 594 0487 CF000000 		.4byte	0xcf
 595 048b 06       		.byte	0x6
 596 048c 0B       		.uleb128 0xb
 597 048d 0A020000 		.4byte	.LASF82
 598 0491 09       		.byte	0x9
 599 0492 57       		.byte	0x57
 600 0493 B9000000 		.4byte	0xb9
 601 0497 08       		.byte	0x8
 602 0498 0B       		.uleb128 0xb
 603 0499 3F000000 		.4byte	.LASF83
 604 049d 09       		.byte	0x9
 605 049e 59       		.byte	0x59
 606 049f B9000000 		.4byte	0xb9
 607 04a3 09       		.byte	0x9
 608 04a4 0B       		.uleb128 0xb
 609 04a5 EE020000 		.4byte	.LASF84
 610 04a9 09       		.byte	0x9
 611 04aa 5B       		.byte	0x5b
 612 04ab CF000000 		.4byte	0xcf
 613 04af 0A       		.byte	0xa
 614 04b0 0C       		.uleb128 0xc
 615 04b1 73726300 		.ascii	"src\000"
 616 04b5 09       		.byte	0x9
 617 04b6 5D       		.byte	0x5d
 618 04b7 39040000 		.4byte	0x439
 619 04bb 0C       		.byte	0xc
 620 04bc 0B       		.uleb128 0xb
 621 04bd 46000000 		.4byte	.LASF85
 622 04c1 09       		.byte	0x9
 623 04c2 5E       		.byte	0x5e
 624 04c3 39040000 		.4byte	0x439
 625 04c7 10       		.byte	0x10
 626 04c8 00       		.byte	0
 627 04c9 0A       		.uleb128 0xa
ARM GAS  C:\Users\Phuong\AppData\Local\Temp\ccwwthT3.s 			page 12


 628 04ca 70040000 		.4byte	.LASF86
 629 04ce 18       		.byte	0x18
 630 04cf 0A       		.byte	0xa
 631 04d0 69       		.byte	0x69
 632 04d1 1E050000 		.4byte	0x51e
 633 04d5 0B       		.uleb128 0xb
 634 04d6 23020000 		.4byte	.LASF87
 635 04da 0A       		.byte	0xa
 636 04db 6C       		.byte	0x6c
 637 04dc 39020000 		.4byte	0x239
 638 04e0 00       		.byte	0
 639 04e1 0B       		.uleb128 0xb
 640 04e2 C1020000 		.4byte	.LASF88
 641 04e6 0A       		.byte	0xa
 642 04e7 6E       		.byte	0x6e
 643 04e8 39020000 		.4byte	0x239
 644 04ec 04       		.byte	0x4
 645 04ed 0B       		.uleb128 0xb
 646 04ee 1D000000 		.4byte	.LASF89
 647 04f2 0A       		.byte	0xa
 648 04f3 71       		.byte	0x71
 649 04f4 1E050000 		.4byte	0x51e
 650 04f8 08       		.byte	0x8
 651 04f9 0B       		.uleb128 0xb
 652 04fa B6040000 		.4byte	.LASF90
 653 04fe 0A       		.byte	0xa
 654 04ff 78       		.byte	0x78
 655 0500 CF000000 		.4byte	0xcf
 656 0504 0C       		.byte	0xc
 657 0505 0B       		.uleb128 0xb
 658 0506 00000000 		.4byte	.LASF91
 659 050a 0A       		.byte	0xa
 660 050b 7A       		.byte	0x7a
 661 050c 09010000 		.4byte	0x109
 662 0510 10       		.byte	0x10
 663 0511 0B       		.uleb128 0xb
 664 0512 64050000 		.4byte	.LASF92
 665 0516 0A       		.byte	0xa
 666 0517 7C       		.byte	0x7c
 667 0518 09010000 		.4byte	0x109
 668 051c 14       		.byte	0x14
 669 051d 00       		.byte	0
 670 051e 06       		.uleb128 0x6
 671 051f 04       		.byte	0x4
 672 0520 44040000 		.4byte	0x444
 673 0524 15       		.uleb128 0x15
 674 0525 43040000 		.4byte	.LASF96
 675 0529 0C       		.byte	0xc
 676 052a 40       		.byte	0x40
 677 052b C9040000 		.4byte	0x4c9
 678 052f 05       		.uleb128 0x5
 679 0530 03       		.byte	0x3
 680 0531 00000000 		.4byte	ip_data
 681 0535 00       		.byte	0
 682              		.section	.debug_abbrev,"",%progbits
 683              	.Ldebug_abbrev0:
 684 0000 01       		.uleb128 0x1
ARM GAS  C:\Users\Phuong\AppData\Local\Temp\ccwwthT3.s 			page 13


 685 0001 11       		.uleb128 0x11
 686 0002 01       		.byte	0x1
 687 0003 25       		.uleb128 0x25
 688 0004 0E       		.uleb128 0xe
 689 0005 13       		.uleb128 0x13
 690 0006 0B       		.uleb128 0xb
 691 0007 03       		.uleb128 0x3
 692 0008 0E       		.uleb128 0xe
 693 0009 1B       		.uleb128 0x1b
 694 000a 0E       		.uleb128 0xe
 695 000b 10       		.uleb128 0x10
 696 000c 17       		.uleb128 0x17
 697 000d 00       		.byte	0
 698 000e 00       		.byte	0
 699 000f 02       		.uleb128 0x2
 700 0010 24       		.uleb128 0x24
 701 0011 00       		.byte	0
 702 0012 0B       		.uleb128 0xb
 703 0013 0B       		.uleb128 0xb
 704 0014 3E       		.uleb128 0x3e
 705 0015 0B       		.uleb128 0xb
 706 0016 03       		.uleb128 0x3
 707 0017 0E       		.uleb128 0xe
 708 0018 00       		.byte	0
 709 0019 00       		.byte	0
 710 001a 03       		.uleb128 0x3
 711 001b 16       		.uleb128 0x16
 712 001c 00       		.byte	0
 713 001d 03       		.uleb128 0x3
 714 001e 0E       		.uleb128 0xe
 715 001f 3A       		.uleb128 0x3a
 716 0020 0B       		.uleb128 0xb
 717 0021 3B       		.uleb128 0x3b
 718 0022 0B       		.uleb128 0xb
 719 0023 49       		.uleb128 0x49
 720 0024 13       		.uleb128 0x13
 721 0025 00       		.byte	0
 722 0026 00       		.byte	0
 723 0027 04       		.uleb128 0x4
 724 0028 24       		.uleb128 0x24
 725 0029 00       		.byte	0
 726 002a 0B       		.uleb128 0xb
 727 002b 0B       		.uleb128 0xb
 728 002c 3E       		.uleb128 0x3e
 729 002d 0B       		.uleb128 0xb
 730 002e 03       		.uleb128 0x3
 731 002f 08       		.uleb128 0x8
 732 0030 00       		.byte	0
 733 0031 00       		.byte	0
 734 0032 05       		.uleb128 0x5
 735 0033 0F       		.uleb128 0xf
 736 0034 00       		.byte	0
 737 0035 0B       		.uleb128 0xb
 738 0036 0B       		.uleb128 0xb
 739 0037 00       		.byte	0
 740 0038 00       		.byte	0
 741 0039 06       		.uleb128 0x6
ARM GAS  C:\Users\Phuong\AppData\Local\Temp\ccwwthT3.s 			page 14


 742 003a 0F       		.uleb128 0xf
 743 003b 00       		.byte	0
 744 003c 0B       		.uleb128 0xb
 745 003d 0B       		.uleb128 0xb
 746 003e 49       		.uleb128 0x49
 747 003f 13       		.uleb128 0x13
 748 0040 00       		.byte	0
 749 0041 00       		.byte	0
 750 0042 07       		.uleb128 0x7
 751 0043 26       		.uleb128 0x26
 752 0044 00       		.byte	0
 753 0045 49       		.uleb128 0x49
 754 0046 13       		.uleb128 0x13
 755 0047 00       		.byte	0
 756 0048 00       		.byte	0
 757 0049 08       		.uleb128 0x8
 758 004a 01       		.uleb128 0x1
 759 004b 01       		.byte	0x1
 760 004c 49       		.uleb128 0x49
 761 004d 13       		.uleb128 0x13
 762 004e 01       		.uleb128 0x1
 763 004f 13       		.uleb128 0x13
 764 0050 00       		.byte	0
 765 0051 00       		.byte	0
 766 0052 09       		.uleb128 0x9
 767 0053 21       		.uleb128 0x21
 768 0054 00       		.byte	0
 769 0055 49       		.uleb128 0x49
 770 0056 13       		.uleb128 0x13
 771 0057 2F       		.uleb128 0x2f
 772 0058 0B       		.uleb128 0xb
 773 0059 00       		.byte	0
 774 005a 00       		.byte	0
 775 005b 0A       		.uleb128 0xa
 776 005c 13       		.uleb128 0x13
 777 005d 01       		.byte	0x1
 778 005e 03       		.uleb128 0x3
 779 005f 0E       		.uleb128 0xe
 780 0060 0B       		.uleb128 0xb
 781 0061 0B       		.uleb128 0xb
 782 0062 3A       		.uleb128 0x3a
 783 0063 0B       		.uleb128 0xb
 784 0064 3B       		.uleb128 0x3b
 785 0065 0B       		.uleb128 0xb
 786 0066 01       		.uleb128 0x1
 787 0067 13       		.uleb128 0x13
 788 0068 00       		.byte	0
 789 0069 00       		.byte	0
 790 006a 0B       		.uleb128 0xb
 791 006b 0D       		.uleb128 0xd
 792 006c 00       		.byte	0
 793 006d 03       		.uleb128 0x3
 794 006e 0E       		.uleb128 0xe
 795 006f 3A       		.uleb128 0x3a
 796 0070 0B       		.uleb128 0xb
 797 0071 3B       		.uleb128 0x3b
 798 0072 0B       		.uleb128 0xb
ARM GAS  C:\Users\Phuong\AppData\Local\Temp\ccwwthT3.s 			page 15


 799 0073 49       		.uleb128 0x49
 800 0074 13       		.uleb128 0x13
 801 0075 38       		.uleb128 0x38
 802 0076 0B       		.uleb128 0xb
 803 0077 00       		.byte	0
 804 0078 00       		.byte	0
 805 0079 0C       		.uleb128 0xc
 806 007a 0D       		.uleb128 0xd
 807 007b 00       		.byte	0
 808 007c 03       		.uleb128 0x3
 809 007d 08       		.uleb128 0x8
 810 007e 3A       		.uleb128 0x3a
 811 007f 0B       		.uleb128 0xb
 812 0080 3B       		.uleb128 0x3b
 813 0081 0B       		.uleb128 0xb
 814 0082 49       		.uleb128 0x49
 815 0083 13       		.uleb128 0x13
 816 0084 38       		.uleb128 0x38
 817 0085 0B       		.uleb128 0xb
 818 0086 00       		.byte	0
 819 0087 00       		.byte	0
 820 0088 0D       		.uleb128 0xd
 821 0089 04       		.uleb128 0x4
 822 008a 01       		.byte	0x1
 823 008b 0B       		.uleb128 0xb
 824 008c 0B       		.uleb128 0xb
 825 008d 49       		.uleb128 0x49
 826 008e 13       		.uleb128 0x13
 827 008f 3A       		.uleb128 0x3a
 828 0090 0B       		.uleb128 0xb
 829 0091 3B       		.uleb128 0x3b
 830 0092 0B       		.uleb128 0xb
 831 0093 01       		.uleb128 0x1
 832 0094 13       		.uleb128 0x13
 833 0095 00       		.byte	0
 834 0096 00       		.byte	0
 835 0097 0E       		.uleb128 0xe
 836 0098 28       		.uleb128 0x28
 837 0099 00       		.byte	0
 838 009a 03       		.uleb128 0x3
 839 009b 0E       		.uleb128 0xe
 840 009c 1C       		.uleb128 0x1c
 841 009d 0B       		.uleb128 0xb
 842 009e 00       		.byte	0
 843 009f 00       		.byte	0
 844 00a0 0F       		.uleb128 0xf
 845 00a1 04       		.uleb128 0x4
 846 00a2 01       		.byte	0x1
 847 00a3 03       		.uleb128 0x3
 848 00a4 0E       		.uleb128 0xe
 849 00a5 0B       		.uleb128 0xb
 850 00a6 0B       		.uleb128 0xb
 851 00a7 49       		.uleb128 0x49
 852 00a8 13       		.uleb128 0x13
 853 00a9 3A       		.uleb128 0x3a
 854 00aa 0B       		.uleb128 0xb
 855 00ab 3B       		.uleb128 0x3b
ARM GAS  C:\Users\Phuong\AppData\Local\Temp\ccwwthT3.s 			page 16


 856 00ac 0B       		.uleb128 0xb
 857 00ad 01       		.uleb128 0x1
 858 00ae 13       		.uleb128 0x13
 859 00af 00       		.byte	0
 860 00b0 00       		.byte	0
 861 00b1 10       		.uleb128 0x10
 862 00b2 0D       		.uleb128 0xd
 863 00b3 00       		.byte	0
 864 00b4 03       		.uleb128 0x3
 865 00b5 0E       		.uleb128 0xe
 866 00b6 3A       		.uleb128 0x3a
 867 00b7 0B       		.uleb128 0xb
 868 00b8 3B       		.uleb128 0x3b
 869 00b9 05       		.uleb128 0x5
 870 00ba 49       		.uleb128 0x49
 871 00bb 13       		.uleb128 0x13
 872 00bc 38       		.uleb128 0x38
 873 00bd 0B       		.uleb128 0xb
 874 00be 00       		.byte	0
 875 00bf 00       		.byte	0
 876 00c0 11       		.uleb128 0x11
 877 00c1 0D       		.uleb128 0xd
 878 00c2 00       		.byte	0
 879 00c3 03       		.uleb128 0x3
 880 00c4 08       		.uleb128 0x8
 881 00c5 3A       		.uleb128 0x3a
 882 00c6 0B       		.uleb128 0xb
 883 00c7 3B       		.uleb128 0x3b
 884 00c8 05       		.uleb128 0x5
 885 00c9 49       		.uleb128 0x49
 886 00ca 13       		.uleb128 0x13
 887 00cb 38       		.uleb128 0x38
 888 00cc 0B       		.uleb128 0xb
 889 00cd 00       		.byte	0
 890 00ce 00       		.byte	0
 891 00cf 12       		.uleb128 0x12
 892 00d0 15       		.uleb128 0x15
 893 00d1 01       		.byte	0x1
 894 00d2 27       		.uleb128 0x27
 895 00d3 19       		.uleb128 0x19
 896 00d4 49       		.uleb128 0x49
 897 00d5 13       		.uleb128 0x13
 898 00d6 01       		.uleb128 0x1
 899 00d7 13       		.uleb128 0x13
 900 00d8 00       		.byte	0
 901 00d9 00       		.byte	0
 902 00da 13       		.uleb128 0x13
 903 00db 05       		.uleb128 0x5
 904 00dc 00       		.byte	0
 905 00dd 49       		.uleb128 0x49
 906 00de 13       		.uleb128 0x13
 907 00df 00       		.byte	0
 908 00e0 00       		.byte	0
 909 00e1 14       		.uleb128 0x14
 910 00e2 15       		.uleb128 0x15
 911 00e3 01       		.byte	0x1
 912 00e4 27       		.uleb128 0x27
ARM GAS  C:\Users\Phuong\AppData\Local\Temp\ccwwthT3.s 			page 17


 913 00e5 19       		.uleb128 0x19
 914 00e6 01       		.uleb128 0x1
 915 00e7 13       		.uleb128 0x13
 916 00e8 00       		.byte	0
 917 00e9 00       		.byte	0
 918 00ea 15       		.uleb128 0x15
 919 00eb 34       		.uleb128 0x34
 920 00ec 00       		.byte	0
 921 00ed 03       		.uleb128 0x3
 922 00ee 0E       		.uleb128 0xe
 923 00ef 3A       		.uleb128 0x3a
 924 00f0 0B       		.uleb128 0xb
 925 00f1 3B       		.uleb128 0x3b
 926 00f2 0B       		.uleb128 0xb
 927 00f3 49       		.uleb128 0x49
 928 00f4 13       		.uleb128 0x13
 929 00f5 3F       		.uleb128 0x3f
 930 00f6 19       		.uleb128 0x19
 931 00f7 02       		.uleb128 0x2
 932 00f8 18       		.uleb128 0x18
 933 00f9 00       		.byte	0
 934 00fa 00       		.byte	0
 935 00fb 00       		.byte	0
 936              		.section	.debug_aranges,"",%progbits
 937 0000 14000000 		.4byte	0x14
 938 0004 0200     		.2byte	0x2
 939 0006 00000000 		.4byte	.Ldebug_info0
 940 000a 04       		.byte	0x4
 941 000b 00       		.byte	0
 942 000c 0000     		.2byte	0
 943 000e 0000     		.2byte	0
 944 0010 00000000 		.4byte	0
 945 0014 00000000 		.4byte	0
 946              		.section	.debug_line,"",%progbits
 947              	.Ldebug_line0:
 948 0000 F1010000 		.section	.debug_str,"MS",%progbits,1
 948      0200EB01 
 948      00000201 
 948      FB0E0D00 
 948      01010101 
 949              	.LASF91:
 950 0000 63757272 		.ascii	"current_iphdr_src\000"
 950      656E745F 
 950      69706864 
 950      725F7372 
 950      6300
 951              	.LASF14:
 952 0012 666C6F61 		.ascii	"float\000"
 952      7400
 953              	.LASF25:
 954 0018 61646472 		.ascii	"addr\000"
 954      00
 955              	.LASF89:
 956 001d 63757272 		.ascii	"current_ip4_header\000"
 956      656E745F 
 956      6970345F 
 956      68656164 
ARM GAS  C:\Users\Phuong\AppData\Local\Temp\ccwwthT3.s 			page 18


 956      657200
 957              	.LASF41:
 958 0030 4D454D50 		.ascii	"MEMP_ARP_QUEUE\000"
 958      5F415250 
 958      5F515545 
 958      554500
 959              	.LASF83:
 960 003f 5F70726F 		.ascii	"_proto\000"
 960      746F00
 961              	.LASF85:
 962 0046 64657374 		.ascii	"dest\000"
 962      00
 963              	.LASF62:
 964 004b 73746174 		.ascii	"state\000"
 964      6500
 965              	.LASF71:
 966 0051 6E657469 		.ascii	"netif_output_fn\000"
 966      665F6F75 
 966      74707574 
 966      5F666E00 
 967              	.LASF29:
 968 0061 74797065 		.ascii	"type\000"
 968      00
 969              	.LASF37:
 970 0066 4D454D50 		.ascii	"MEMP_NETBUF\000"
 970      5F4E4554 
 970      42554600 
 971              	.LASF58:
 972 0072 696E7075 		.ascii	"input\000"
 972      7400
 973              	.LASF77:
 974 0078 69705F68 		.ascii	"ip_hdr\000"
 974      647200
 975              	.LASF81:
 976 007f 5F6F6666 		.ascii	"_offset\000"
 976      73657400 
 977              	.LASF93:
 978 0087 474E5520 		.ascii	"GNU C11 5.4.1 20160609 (release) [ARM/embedded-5-br"
 978      43313120 
 978      352E342E 
 978      31203230 
 978      31363036 
 979 00ba 616E6368 		.ascii	"anch revision 237715] -mcpu=cortex-m0plus -mthumb -"
 979      20726576 
 979      6973696F 
 979      6E203233 
 979      37373135 
 980 00ed 67202D4F 		.ascii	"g -Og -ffunction-sections -ffat-lto-objects\000"
 980      67202D66 
 980      66756E63 
 980      74696F6E 
 980      2D736563 
 981              	.LASF10:
 982 0119 73697A65 		.ascii	"sizetype\000"
 982      74797065 
 982      00
 983              	.LASF12:
ARM GAS  C:\Users\Phuong\AppData\Local\Temp\ccwwthT3.s 			page 19


 984 0122 5F5F7569 		.ascii	"__uint32_t\000"
 984      6E743332 
 984      5F7400
 985              	.LASF61:
 986 012d 73746174 		.ascii	"status_callback\000"
 986      75735F63 
 986      616C6C62 
 986      61636B00 
 987              	.LASF40:
 988 013d 4D454D50 		.ascii	"MEMP_TCPIP_MSG_INPKT\000"
 988      5F544350 
 988      49505F4D 
 988      53475F49 
 988      4E504B54 
 989              	.LASF66:
 990 0152 68776164 		.ascii	"hwaddr_len\000"
 990      64725F6C 
 990      656E00
 991              	.LASF63:
 992 015d 636C6965 		.ascii	"client_data\000"
 992      6E745F64 
 992      61746100 
 993              	.LASF80:
 994 0169 5F6C656E 		.ascii	"_len\000"
 994      00
 995              	.LASF2:
 996 016e 73686F72 		.ascii	"short int\000"
 996      7420696E 
 996      7400
 997              	.LASF43:
 998 0178 4D454D50 		.ascii	"MEMP_SYS_TIMEOUT\000"
 998      5F535953 
 998      5F54494D 
 998      454F5554 
 998      00
 999              	.LASF49:
 1000 0189 4C574950 		.ascii	"LWIP_NETIF_CLIENT_DATA_INDEX_IGMP\000"
 1000      5F4E4554 
 1000      49465F43 
 1000      4C49454E 
 1000      545F4441 
 1001              	.LASF69:
 1002 01ab 69676D70 		.ascii	"igmp_mac_filter\000"
 1002      5F6D6163 
 1002      5F66696C 
 1002      74657200 
 1003              	.LASF76:
 1004 01bb 6970345F 		.ascii	"ip4_addr_p_t\000"
 1004      61646472 
 1004      5F705F74 
 1004      00
 1005              	.LASF50:
 1006 01c8 4C574950 		.ascii	"LWIP_NETIF_CLIENT_DATA_INDEX_MAX\000"
 1006      5F4E4554 
 1006      49465F43 
 1006      4C49454E 
 1006      545F4441 
ARM GAS  C:\Users\Phuong\AppData\Local\Temp\ccwwthT3.s 			page 20


 1007              	.LASF56:
 1008 01e9 69705F61 		.ascii	"ip_addr\000"
 1008      64647200 
 1009              	.LASF79:
 1010 01f1 5F746F73 		.ascii	"_tos\000"
 1010      00
 1011              	.LASF34:
 1012 01f6 4D454D50 		.ascii	"MEMP_TCP_PCB_LISTEN\000"
 1012      5F544350 
 1012      5F504342 
 1012      5F4C4953 
 1012      54454E00 
 1013              	.LASF82:
 1014 020a 5F74746C 		.ascii	"_ttl\000"
 1014      00
 1015              	.LASF65:
 1016 020f 686F7374 		.ascii	"hostname\000"
 1016      6E616D65 
 1016      00
 1017              	.LASF44:
 1018 0218 4D454D50 		.ascii	"MEMP_NETDB\000"
 1018      5F4E4554 
 1018      444200
 1019              	.LASF87:
 1020 0223 63757272 		.ascii	"current_netif\000"
 1020      656E745F 
 1020      6E657469 
 1020      6600
 1021              	.LASF17:
 1022 0231 73385F74 		.ascii	"s8_t\000"
 1022      00
 1023              	.LASF6:
 1024 0236 6C6F6E67 		.ascii	"long long int\000"
 1024      206C6F6E 
 1024      6720696E 
 1024      7400
 1025              	.LASF7:
 1026 0244 6C6F6E67 		.ascii	"long long unsigned int\000"
 1026      206C6F6E 
 1026      6720756E 
 1026      7369676E 
 1026      65642069 
 1027              	.LASF51:
 1028 025b 6C776970 		.ascii	"lwip_internal_netif_client_data_index\000"
 1028      5F696E74 
 1028      65726E61 
 1028      6C5F6E65 
 1028      7469665F 
 1029              	.LASF28:
 1030 0281 746F745F 		.ascii	"tot_len\000"
 1030      6C656E00 
 1031              	.LASF11:
 1032 0289 63686172 		.ascii	"char\000"
 1032      00
 1033              	.LASF53:
 1034 028e 4E455449 		.ascii	"NETIF_DEL_MAC_FILTER\000"
 1034      465F4445 
ARM GAS  C:\Users\Phuong\AppData\Local\Temp\ccwwthT3.s 			page 21


 1034      4C5F4D41 
 1034      435F4649 
 1034      4C544552 
 1035              	.LASF4:
 1036 02a3 6C6F6E67 		.ascii	"long int\000"
 1036      20696E74 
 1036      00
 1037              	.LASF21:
 1038 02ac 69705F61 		.ascii	"ip_addr_t\000"
 1038      6464725F 
 1038      7400
 1039              	.LASF60:
 1040 02b6 6C696E6B 		.ascii	"linkoutput\000"
 1040      6F757470 
 1040      757400
 1041              	.LASF88:
 1042 02c1 63757272 		.ascii	"current_input_netif\000"
 1042      656E745F 
 1042      696E7075 
 1042      745F6E65 
 1042      74696600 
 1043              	.LASF74:
 1044 02d5 6E657469 		.ascii	"netif_igmp_mac_filter_fn\000"
 1044      665F6967 
 1044      6D705F6D 
 1044      61635F66 
 1044      696C7465 
 1045              	.LASF84:
 1046 02ee 5F63686B 		.ascii	"_chksum\000"
 1046      73756D00 
 1047              	.LASF68:
 1048 02f6 6E616D65 		.ascii	"name\000"
 1048      00
 1049              	.LASF48:
 1050 02fb 4C574950 		.ascii	"LWIP_NETIF_CLIENT_DATA_INDEX_DHCP\000"
 1050      5F4E4554 
 1050      49465F43 
 1050      4C49454E 
 1050      545F4441 
 1051              	.LASF9:
 1052 031d 6C6F6E67 		.ascii	"long double\000"
 1052      20646F75 
 1052      626C6500 
 1053              	.LASF52:
 1054 0329 6E657469 		.ascii	"netif_mac_filter_action\000"
 1054      665F6D61 
 1054      635F6669 
 1054      6C746572 
 1054      5F616374 
 1055              	.LASF1:
 1056 0341 756E7369 		.ascii	"unsigned char\000"
 1056      676E6564 
 1056      20636861 
 1056      7200
 1057              	.LASF73:
 1058 034f 6E657469 		.ascii	"netif_status_callback_fn\000"
 1058      665F7374 
ARM GAS  C:\Users\Phuong\AppData\Local\Temp\ccwwthT3.s 			page 22


 1058      61747573 
 1058      5F63616C 
 1058      6C626163 
 1059              	.LASF47:
 1060 0368 4D454D50 		.ascii	"MEMP_MAX\000"
 1060      5F4D4158 
 1060      00
 1061              	.LASF95:
 1062 0371 433A5C55 		.ascii	"C:\\Users\\Phuong\\Documents\\PSoC Creator\\Dec0820"
 1062      73657273 
 1062      5C506875 
 1062      6F6E675C 
 1062      446F6375 
 1063 039f 31385C69 		.ascii	"18\\iot-sdk-iot-dev\\PSOC6_FreeRTOS+LwIP+MbedTLS_Az"
 1063      6F742D73 
 1063      646B2D69 
 1063      6F742D64 
 1063      65765C50 
 1064 03d0 7572652D 		.ascii	"ure-IOT-Hub-Demo\\PSOC6_FreeRTOS+LwIP+MbedTLS_Azure"
 1064      494F542D 
 1064      4875622D 
 1064      44656D6F 
 1064      5C50534F 
 1065 0402 2D494F54 		.ascii	"-IOT-Hub-Demo.cydsn\000"
 1065      2D487562 
 1065      2D44656D 
 1065      6F2E6379 
 1065      64736E00 
 1066              	.LASF0:
 1067 0416 7369676E 		.ascii	"signed char\000"
 1067      65642063 
 1067      68617200 
 1068              	.LASF30:
 1069 0422 666C6167 		.ascii	"flags\000"
 1069      7300
 1070              	.LASF26:
 1071 0428 6E657874 		.ascii	"next\000"
 1071      00
 1072              	.LASF13:
 1073 042d 75696E74 		.ascii	"uint32_t\000"
 1073      33325F74 
 1073      00
 1074              	.LASF8:
 1075 0436 756E7369 		.ascii	"unsigned int\000"
 1075      676E6564 
 1075      20696E74 
 1075      00
 1076              	.LASF96:
 1077 0443 69705F64 		.ascii	"ip_data\000"
 1077      61746100 
 1078              	.LASF42:
 1079 044b 4D454D50 		.ascii	"MEMP_IGMP_GROUP\000"
 1079      5F49474D 
 1079      505F4752 
 1079      4F555000 
 1080              	.LASF54:
 1081 045b 4E455449 		.ascii	"NETIF_ADD_MAC_FILTER\000"
ARM GAS  C:\Users\Phuong\AppData\Local\Temp\ccwwthT3.s 			page 23


 1081      465F4144 
 1081      445F4D41 
 1081      435F4649 
 1081      4C544552 
 1082              	.LASF86:
 1083 0470 69705F67 		.ascii	"ip_globals\000"
 1083      6C6F6261 
 1083      6C7300
 1084              	.LASF3:
 1085 047b 73686F72 		.ascii	"short unsigned int\000"
 1085      7420756E 
 1085      7369676E 
 1085      65642069 
 1085      6E7400
 1086              	.LASF36:
 1087 048e 4D454D50 		.ascii	"MEMP_REASSDATA\000"
 1087      5F524541 
 1087      53534441 
 1087      544100
 1088              	.LASF22:
 1089 049d 6572725F 		.ascii	"err_t\000"
 1089      7400
 1090              	.LASF39:
 1091 04a3 4D454D50 		.ascii	"MEMP_TCPIP_MSG_API\000"
 1091      5F544350 
 1091      49505F4D 
 1091      53475F41 
 1091      504900
 1092              	.LASF90:
 1093 04b6 63757272 		.ascii	"current_ip_header_tot_len\000"
 1093      656E745F 
 1093      69705F68 
 1093      65616465 
 1093      725F746F 
 1094              	.LASF72:
 1095 04d0 6E657469 		.ascii	"netif_linkoutput_fn\000"
 1095      665F6C69 
 1095      6E6B6F75 
 1095      74707574 
 1095      5F666E00 
 1096              	.LASF23:
 1097 04e4 6970345F 		.ascii	"ip4_addr\000"
 1097      61646472 
 1097      00
 1098              	.LASF78:
 1099 04ed 5F765F68 		.ascii	"_v_hl\000"
 1099      6C00
 1100              	.LASF45:
 1101 04f3 4D454D50 		.ascii	"MEMP_PBUF\000"
 1101      5F504255 
 1101      4600
 1102              	.LASF5:
 1103 04fd 6C6F6E67 		.ascii	"long unsigned int\000"
 1103      20756E73 
 1103      69676E65 
 1103      6420696E 
 1103      7400
ARM GAS  C:\Users\Phuong\AppData\Local\Temp\ccwwthT3.s 			page 24


 1104              	.LASF15:
 1105 050f 646F7562 		.ascii	"double\000"
 1105      6C6500
 1106              	.LASF31:
 1107 0516 4D454D50 		.ascii	"MEMP_RAW_PCB\000"
 1107      5F524157 
 1107      5F504342 
 1107      00
 1108              	.LASF20:
 1109 0523 6970345F 		.ascii	"ip4_addr_t\000"
 1109      61646472 
 1109      5F7400
 1110              	.LASF55:
 1111 052e 6E657469 		.ascii	"netif\000"
 1111      6600
 1112              	.LASF57:
 1113 0534 6E65746D 		.ascii	"netmask\000"
 1113      61736B00 
 1114              	.LASF19:
 1115 053c 7533325F 		.ascii	"u32_t\000"
 1115      7400
 1116              	.LASF18:
 1117 0542 7531365F 		.ascii	"u16_t\000"
 1117      7400
 1118              	.LASF46:
 1119 0548 4D454D50 		.ascii	"MEMP_PBUF_POOL\000"
 1119      5F504255 
 1119      465F504F 
 1119      4F4C00
 1120              	.LASF35:
 1121 0557 4D454D50 		.ascii	"MEMP_TCP_SEG\000"
 1121      5F544350 
 1121      5F534547 
 1121      00
 1122              	.LASF92:
 1123 0564 63757272 		.ascii	"current_iphdr_dest\000"
 1123      656E745F 
 1123      69706864 
 1123      725F6465 
 1123      737400
 1124              	.LASF64:
 1125 0577 72735F63 		.ascii	"rs_count\000"
 1125      6F756E74 
 1125      00
 1126              	.LASF38:
 1127 0580 4D454D50 		.ascii	"MEMP_NETCONN\000"
 1127      5F4E4554 
 1127      434F4E4E 
 1127      00
 1128              	.LASF75:
 1129 058d 6970345F 		.ascii	"ip4_addr_packed\000"
 1129      61646472 
 1129      5F706163 
 1129      6B656400 
 1130              	.LASF59:
 1131 059d 6F757470 		.ascii	"output\000"
 1131      757400
ARM GAS  C:\Users\Phuong\AppData\Local\Temp\ccwwthT3.s 			page 25


 1132              	.LASF94:
 1133 05a4 536F7572 		.ascii	"Source\\LwIP\\src\\core\\ip.c\000"
 1133      63655C4C 
 1133      7749505C 
 1133      7372635C 
 1133      636F7265 
 1134              	.LASF33:
 1135 05be 4D454D50 		.ascii	"MEMP_TCP_PCB\000"
 1135      5F544350 
 1135      5F504342 
 1135      00
 1136              	.LASF32:
 1137 05cb 4D454D50 		.ascii	"MEMP_UDP_PCB\000"
 1137      5F554450 
 1137      5F504342 
 1137      00
 1138              	.LASF16:
 1139 05d8 75385F74 		.ascii	"u8_t\000"
 1139      00
 1140              	.LASF67:
 1141 05dd 68776164 		.ascii	"hwaddr\000"
 1141      647200
 1142              	.LASF70:
 1143 05e4 6E657469 		.ascii	"netif_input_fn\000"
 1143      665F696E 
 1143      7075745F 
 1143      666E00
 1144              	.LASF27:
 1145 05f3 7061796C 		.ascii	"payload\000"
 1145      6F616400 
 1146              	.LASF24:
 1147 05fb 70627566 		.ascii	"pbuf\000"
 1147      00
 1148              		.ident	"GCC: (GNU Tools for ARM Embedded Processors) 5.4.1 20160609 (release) [ARM/embedded-5-bran
