ARM GAS  C:\Users\Phuong\AppData\Local\Temp\cciwUnDp.s 			page 1


   1              		.syntax unified
   2              		.cpu cortex-m0plus
   3              		.fpu softvfp
   4              		.eabi_attribute 20, 1
   5              		.eabi_attribute 21, 1
   6              		.eabi_attribute 23, 3
   7              		.eabi_attribute 24, 1
   8              		.eabi_attribute 25, 1
   9              		.eabi_attribute 26, 1
  10              		.eabi_attribute 30, 1
  11              		.eabi_attribute 34, 0
  12              		.eabi_attribute 18, 4
  13              		.thumb
  14              		.syntax unified
  15              		.file	"pkcs11.c"
  16              		.text
  17              	.Ltext0:
  18              		.cfi_sections	.debug_frame
  19              	.Letext0:
  20              		.section	.debug_info,"",%progbits
  21              	.Ldebug_info0:
  22 0000 67000000 		.4byte	0x67
  23 0004 0400     		.2byte	0x4
  24 0006 00000000 		.4byte	.Ldebug_abbrev0
  25 000a 04       		.byte	0x4
  26 000b 01       		.uleb128 0x1
  27 000c 52000000 		.4byte	.LASF10
  28 0010 0C       		.byte	0xc
  29 0011 B1010000 		.4byte	.LASF11
  30 0015 E4000000 		.4byte	.LASF12
  31 0019 00000000 		.4byte	.Ldebug_line0
  32 001d 02       		.uleb128 0x2
  33 001e 01       		.byte	0x1
  34 001f 06       		.byte	0x6
  35 0020 A5010000 		.4byte	.LASF0
  36 0024 02       		.uleb128 0x2
  37 0025 01       		.byte	0x1
  38 0026 08       		.byte	0x8
  39 0027 1B000000 		.4byte	.LASF1
  40 002b 02       		.uleb128 0x2
  41 002c 02       		.byte	0x2
  42 002d 05       		.byte	0x5
  43 002e E2010000 		.4byte	.LASF2
  44 0032 02       		.uleb128 0x2
  45 0033 02       		.byte	0x2
  46 0034 07       		.byte	0x7
  47 0035 92010000 		.4byte	.LASF3
  48 0039 02       		.uleb128 0x2
  49 003a 04       		.byte	0x4
  50 003b 05       		.byte	0x5
  51 003c 89010000 		.4byte	.LASF4
  52 0040 02       		.uleb128 0x2
  53 0041 04       		.byte	0x4
  54 0042 07       		.byte	0x7
  55 0043 29000000 		.4byte	.LASF5
  56 0047 02       		.uleb128 0x2
  57 0048 08       		.byte	0x8
ARM GAS  C:\Users\Phuong\AppData\Local\Temp\cciwUnDp.s 			page 2


  58 0049 05       		.byte	0x5
  59 004a 00000000 		.4byte	.LASF6
  60 004e 02       		.uleb128 0x2
  61 004f 08       		.byte	0x8
  62 0050 07       		.byte	0x7
  63 0051 3B000000 		.4byte	.LASF7
  64 0055 03       		.uleb128 0x3
  65 0056 04       		.byte	0x4
  66 0057 05       		.byte	0x5
  67 0058 696E7400 		.ascii	"int\000"
  68 005c 02       		.uleb128 0x2
  69 005d 04       		.byte	0x4
  70 005e 07       		.byte	0x7
  71 005f 0E000000 		.4byte	.LASF8
  72 0063 02       		.uleb128 0x2
  73 0064 08       		.byte	0x8
  74 0065 04       		.byte	0x4
  75 0066 D6010000 		.4byte	.LASF9
  76 006a 00       		.byte	0
  77              		.section	.debug_abbrev,"",%progbits
  78              	.Ldebug_abbrev0:
  79 0000 01       		.uleb128 0x1
  80 0001 11       		.uleb128 0x11
  81 0002 01       		.byte	0x1
  82 0003 25       		.uleb128 0x25
  83 0004 0E       		.uleb128 0xe
  84 0005 13       		.uleb128 0x13
  85 0006 0B       		.uleb128 0xb
  86 0007 03       		.uleb128 0x3
  87 0008 0E       		.uleb128 0xe
  88 0009 1B       		.uleb128 0x1b
  89 000a 0E       		.uleb128 0xe
  90 000b 10       		.uleb128 0x10
  91 000c 17       		.uleb128 0x17
  92 000d 00       		.byte	0
  93 000e 00       		.byte	0
  94 000f 02       		.uleb128 0x2
  95 0010 24       		.uleb128 0x24
  96 0011 00       		.byte	0
  97 0012 0B       		.uleb128 0xb
  98 0013 0B       		.uleb128 0xb
  99 0014 3E       		.uleb128 0x3e
 100 0015 0B       		.uleb128 0xb
 101 0016 03       		.uleb128 0x3
 102 0017 0E       		.uleb128 0xe
 103 0018 00       		.byte	0
 104 0019 00       		.byte	0
 105 001a 03       		.uleb128 0x3
 106 001b 24       		.uleb128 0x24
 107 001c 00       		.byte	0
 108 001d 0B       		.uleb128 0xb
 109 001e 0B       		.uleb128 0xb
 110 001f 3E       		.uleb128 0x3e
 111 0020 0B       		.uleb128 0xb
 112 0021 03       		.uleb128 0x3
 113 0022 08       		.uleb128 0x8
 114 0023 00       		.byte	0
ARM GAS  C:\Users\Phuong\AppData\Local\Temp\cciwUnDp.s 			page 3


 115 0024 00       		.byte	0
 116 0025 00       		.byte	0
 117              		.section	.debug_aranges,"",%progbits
 118 0000 14000000 		.4byte	0x14
 119 0004 0200     		.2byte	0x2
 120 0006 00000000 		.4byte	.Ldebug_info0
 121 000a 04       		.byte	0x4
 122 000b 00       		.byte	0
 123 000c 0000     		.2byte	0
 124 000e 0000     		.2byte	0
 125 0010 00000000 		.4byte	0
 126 0014 00000000 		.4byte	0
 127              		.section	.debug_line,"",%progbits
 128              	.Ldebug_line0:
 129 0000 19000000 		.section	.debug_str,"MS",%progbits,1
 129      02001300 
 129      00000201 
 129      FB0E0D00 
 129      01010101 
 130              	.LASF6:
 131 0000 6C6F6E67 		.ascii	"long long int\000"
 131      206C6F6E 
 131      6720696E 
 131      7400
 132              	.LASF8:
 133 000e 756E7369 		.ascii	"unsigned int\000"
 133      676E6564 
 133      20696E74 
 133      00
 134              	.LASF1:
 135 001b 756E7369 		.ascii	"unsigned char\000"
 135      676E6564 
 135      20636861 
 135      7200
 136              	.LASF5:
 137 0029 6C6F6E67 		.ascii	"long unsigned int\000"
 137      20756E73 
 137      69676E65 
 137      6420696E 
 137      7400
 138              	.LASF7:
 139 003b 6C6F6E67 		.ascii	"long long unsigned int\000"
 139      206C6F6E 
 139      6720756E 
 139      7369676E 
 139      65642069 
 140              	.LASF10:
 141 0052 474E5520 		.ascii	"GNU C11 5.4.1 20160609 (release) [ARM/embedded-5-br"
 141      43313120 
 141      352E342E 
 141      31203230 
 141      31363036 
 142 0085 616E6368 		.ascii	"anch revision 237715] -mcpu=cortex-m0plus -mthumb -"
 142      20726576 
 142      6973696F 
 142      6E203233 
 142      37373135 
ARM GAS  C:\Users\Phuong\AppData\Local\Temp\cciwUnDp.s 			page 4


 143 00b8 67202D4F 		.ascii	"g -Og -ffunction-sections -ffat-lto-objects\000"
 143      67202D66 
 143      66756E63 
 143      74696F6E 
 143      2D736563 
 144              	.LASF12:
 145 00e4 433A5C55 		.ascii	"C:\\Users\\Phuong\\Documents\\PSoC Creator\\Dec0820"
 145      73657273 
 145      5C506875 
 145      6F6E675C 
 145      446F6375 
 146 0112 31385C69 		.ascii	"18\\iot-sdk-iot-dev\\PSOC6_FreeRTOS+LwIP+MbedTLS_Az"
 146      6F742D73 
 146      646B2D69 
 146      6F742D64 
 146      65765C50 
 147 0143 7572652D 		.ascii	"ure-IOT-Hub-Demo\\PSOC6_FreeRTOS+LwIP+MbedTLS_Azure"
 147      494F542D 
 147      4875622D 
 147      44656D6F 
 147      5C50534F 
 148 0175 2D494F54 		.ascii	"-IOT-Hub-Demo.cydsn\000"
 148      2D487562 
 148      2D44656D 
 148      6F2E6379 
 148      64736E00 
 149              	.LASF4:
 150 0189 6C6F6E67 		.ascii	"long int\000"
 150      20696E74 
 150      00
 151              	.LASF3:
 152 0192 73686F72 		.ascii	"short unsigned int\000"
 152      7420756E 
 152      7369676E 
 152      65642069 
 152      6E7400
 153              	.LASF0:
 154 01a5 7369676E 		.ascii	"signed char\000"
 154      65642063 
 154      68617200 
 155              	.LASF11:
 156 01b1 536F7572 		.ascii	"Source\\mbedtls_open\\library\\pkcs11.c\000"
 156      63655C6D 
 156      62656474 
 156      6C735F6F 
 156      70656E5C 
 157              	.LASF9:
 158 01d6 6C6F6E67 		.ascii	"long double\000"
 158      20646F75 
 158      626C6500 
 159              	.LASF2:
 160 01e2 73686F72 		.ascii	"short int\000"
 160      7420696E 
 160      7400
 161              		.ident	"GCC: (GNU Tools for ARM Embedded Processors) 5.4.1 20160609 (release) [ARM/embedded-5-bran
