ARM GAS  C:\Users\Phuong\AppData\Local\Temp\ccarqF69.s 			page 1


   1              		.syntax unified
   2              		.cpu cortex-m0plus
   3              		.fpu softvfp
   4              		.eabi_attribute 20, 1
   5              		.eabi_attribute 21, 1
   6              		.eabi_attribute 23, 3
   7              		.eabi_attribute 24, 1
   8              		.eabi_attribute 25, 1
   9              		.eabi_attribute 26, 1
  10              		.eabi_attribute 30, 1
  11              		.eabi_attribute 34, 0
  12              		.eabi_attribute 18, 4
  13              		.thumb
  14              		.syntax unified
  15              		.file	"platform_freertos.c"
  16              		.text
  17              	.Ltext0:
  18              		.cfi_sections	.debug_frame
  19              		.section	.text.platform_init,"ax",%progbits
  20              		.align	2
  21              		.global	platform_init
  22              		.code	16
  23              		.thumb_func
  24              		.type	platform_init, %function
  25              	platform_init:
  26              	.LFB0:
  27              		.file 1 "Source\\azure_iot_sdk\\c-utility\\adapters\\platform_freertos.c"
   1:Source\azure_iot_sdk\c-utility\adapters/platform_freertos.c **** // Copyright (C) Firmwave Ltd., All rights reserved.
   2:Source\azure_iot_sdk\c-utility\adapters/platform_freertos.c **** // Licensed under the MIT license. See LICENSE file in the project root for full license informatio
   3:Source\azure_iot_sdk\c-utility\adapters/platform_freertos.c **** 
   4:Source\azure_iot_sdk\c-utility\adapters/platform_freertos.c **** #include "azure_c_shared_utility/platform.h"
   5:Source\azure_iot_sdk\c-utility\adapters/platform_freertos.c **** #include "azure_c_shared_utility/xio.h"
   6:Source\azure_iot_sdk\c-utility\adapters/platform_freertos.c **** #include "azure_c_shared_utility/tlsio_mbedtls.h"
   7:Source\azure_iot_sdk\c-utility\adapters/platform_freertos.c **** #include "azure_c_shared_utility/threadapi.h"
   8:Source\azure_iot_sdk\c-utility\adapters/platform_freertos.c **** 
   9:Source\azure_iot_sdk\c-utility\adapters/platform_freertos.c **** //#include "debug.h"
  10:Source\azure_iot_sdk\c-utility\adapters/platform_freertos.c **** 
  11:Source\azure_iot_sdk\c-utility\adapters/platform_freertos.c **** int platform_init(void)
  12:Source\azure_iot_sdk\c-utility\adapters/platform_freertos.c **** {
  28              		.loc 1 12 0
  29              		.cfi_startproc
  30              		@ args = 0, pretend = 0, frame = 0
  31              		@ frame_needed = 0, uses_anonymous_args = 0
  32              		@ link register save eliminated.
  13:Source\azure_iot_sdk\c-utility\adapters/platform_freertos.c ****     //TODO Add proper network events synchronization
  14:Source\azure_iot_sdk\c-utility\adapters/platform_freertos.c ****    // ThreadAPI_Sleep(10000);
  15:Source\azure_iot_sdk\c-utility\adapters/platform_freertos.c ****     return 0;
  16:Source\azure_iot_sdk\c-utility\adapters/platform_freertos.c **** }
  33              		.loc 1 16 0
  34 0000 0020     		movs	r0, #0
  35              		@ sp needed
  36 0002 7047     		bx	lr
  37              		.cfi_endproc
  38              	.LFE0:
  39              		.size	platform_init, .-platform_init
  40              		.section	.text.platform_get_default_tlsio,"ax",%progbits
  41              		.align	2
ARM GAS  C:\Users\Phuong\AppData\Local\Temp\ccarqF69.s 			page 2


  42              		.global	platform_get_default_tlsio
  43              		.code	16
  44              		.thumb_func
  45              		.type	platform_get_default_tlsio, %function
  46              	platform_get_default_tlsio:
  47              	.LFB1:
  17:Source\azure_iot_sdk\c-utility\adapters/platform_freertos.c **** 
  18:Source\azure_iot_sdk\c-utility\adapters/platform_freertos.c **** const IO_INTERFACE_DESCRIPTION* platform_get_default_tlsio(void)
  19:Source\azure_iot_sdk\c-utility\adapters/platform_freertos.c **** {
  48              		.loc 1 19 0
  49              		.cfi_startproc
  50              		@ args = 0, pretend = 0, frame = 0
  51              		@ frame_needed = 0, uses_anonymous_args = 0
  52 0000 10B5     		push	{r4, lr}
  53              		.cfi_def_cfa_offset 8
  54              		.cfi_offset 4, -8
  55              		.cfi_offset 14, -4
  20:Source\azure_iot_sdk\c-utility\adapters/platform_freertos.c ****     return tlsio_mbedtls_get_interface_description();
  56              		.loc 1 20 0
  57 0002 FFF7FEFF 		bl	tlsio_mbedtls_get_interface_description
  58              	.LVL0:
  21:Source\azure_iot_sdk\c-utility\adapters/platform_freertos.c **** }
  59              		.loc 1 21 0
  60              		@ sp needed
  61 0006 10BD     		pop	{r4, pc}
  62              		.cfi_endproc
  63              	.LFE1:
  64              		.size	platform_get_default_tlsio, .-platform_get_default_tlsio
  65              		.section	.text.platform_get_platform_info,"ax",%progbits
  66              		.align	2
  67              		.global	platform_get_platform_info
  68              		.code	16
  69              		.thumb_func
  70              		.type	platform_get_platform_info, %function
  71              	platform_get_platform_info:
  72              	.LFB2:
  22:Source\azure_iot_sdk\c-utility\adapters/platform_freertos.c **** 
  23:Source\azure_iot_sdk\c-utility\adapters/platform_freertos.c **** STRING_HANDLE platform_get_platform_info(void)
  24:Source\azure_iot_sdk\c-utility\adapters/platform_freertos.c **** {
  73              		.loc 1 24 0
  74              		.cfi_startproc
  75              		@ args = 0, pretend = 0, frame = 0
  76              		@ frame_needed = 0, uses_anonymous_args = 0
  77 0000 10B5     		push	{r4, lr}
  78              		.cfi_def_cfa_offset 8
  79              		.cfi_offset 4, -8
  80              		.cfi_offset 14, -4
  25:Source\azure_iot_sdk\c-utility\adapters/platform_freertos.c ****     // Expected format: "(<runtime name>; <operating system name>; <platform>)"
  26:Source\azure_iot_sdk\c-utility\adapters/platform_freertos.c **** 
  27:Source\azure_iot_sdk\c-utility\adapters/platform_freertos.c ****     return STRING_construct("(native; freertos; undefined)");
  81              		.loc 1 27 0
  82 0002 0248     		ldr	r0, .L4
  83 0004 FFF7FEFF 		bl	STRING_construct
  84              	.LVL1:
  28:Source\azure_iot_sdk\c-utility\adapters/platform_freertos.c **** }
  85              		.loc 1 28 0
  86              		@ sp needed
ARM GAS  C:\Users\Phuong\AppData\Local\Temp\ccarqF69.s 			page 3


  87 0008 10BD     		pop	{r4, pc}
  88              	.L5:
  89 000a C046     		.align	2
  90              	.L4:
  91 000c 00000000 		.word	.LC0
  92              		.cfi_endproc
  93              	.LFE2:
  94              		.size	platform_get_platform_info, .-platform_get_platform_info
  95              		.section	.text.platform_deinit,"ax",%progbits
  96              		.align	2
  97              		.global	platform_deinit
  98              		.code	16
  99              		.thumb_func
 100              		.type	platform_deinit, %function
 101              	platform_deinit:
 102              	.LFB3:
  29:Source\azure_iot_sdk\c-utility\adapters/platform_freertos.c **** 
  30:Source\azure_iot_sdk\c-utility\adapters/platform_freertos.c **** void platform_deinit(void)
  31:Source\azure_iot_sdk\c-utility\adapters/platform_freertos.c **** {
 103              		.loc 1 31 0
 104              		.cfi_startproc
 105              		@ args = 0, pretend = 0, frame = 0
 106              		@ frame_needed = 0, uses_anonymous_args = 0
 107              		@ link register save eliminated.
  32:Source\azure_iot_sdk\c-utility\adapters/platform_freertos.c ****     //TRACE_INFO("Deinitializing platform \r\n");
  33:Source\azure_iot_sdk\c-utility\adapters/platform_freertos.c ****     //while(1) {};
  34:Source\azure_iot_sdk\c-utility\adapters/platform_freertos.c **** }
 108              		.loc 1 34 0
 109              		@ sp needed
 110 0000 7047     		bx	lr
 111              		.cfi_endproc
 112              	.LFE3:
 113              		.size	platform_deinit, .-platform_deinit
 114 0002 C046     		.section	.rodata.str1.4,"aMS",%progbits,1
 115              		.align	2
 116              	.LC0:
 117 0000 286E6174 		.ascii	"(native; freertos; undefined)\000"
 117      6976653B 
 117      20667265 
 117      6572746F 
 117      733B2075 
 118              		.text
 119              	.Letext0:
 120              		.file 2 "c:\\program files (x86)\\cypress\\psoc creator\\4.2\\psoc creator\\import\\gnu\\arm\\5.4.
 121              		.file 3 ".\\Source\\azure_iot_sdk\\c-utility\\inc/azure_c_shared_utility/strings_types.h"
 122              		.file 4 ".\\Source\\azure_iot_sdk\\c-utility\\inc/azure_c_shared_utility/optionhandler.h"
 123              		.file 5 ".\\Source\\azure_iot_sdk\\c-utility\\inc/azure_c_shared_utility/xio.h"
 124              		.file 6 ".\\Source\\azure_iot_sdk\\c-utility\\inc/azure_c_shared_utility/strings.h"
 125              		.section	.debug_info,"",%progbits
 126              	.Ldebug_info0:
 127 0000 16040000 		.4byte	0x416
 128 0004 0400     		.2byte	0x4
 129 0006 00000000 		.4byte	.Ldebug_abbrev0
 130 000a 04       		.byte	0x4
 131 000b 01       		.uleb128 0x1
 132 000c FE030000 		.4byte	.LASF54
 133 0010 0C       		.byte	0xc
ARM GAS  C:\Users\Phuong\AppData\Local\Temp\ccarqF69.s 			page 4


 134 0011 C8040000 		.4byte	.LASF55
 135 0015 14020000 		.4byte	.LASF56
 136 0019 00000000 		.4byte	.Ldebug_ranges0+0
 137 001d 00000000 		.4byte	0
 138 0021 00000000 		.4byte	.Ldebug_line0
 139 0025 02       		.uleb128 0x2
 140 0026 04       		.byte	0x4
 141 0027 05       		.byte	0x5
 142 0028 696E7400 		.ascii	"int\000"
 143 002c 03       		.uleb128 0x3
 144 002d 00000000 		.4byte	.LASF12
 145 0031 02       		.byte	0x2
 146 0032 D8       		.byte	0xd8
 147 0033 37000000 		.4byte	0x37
 148 0037 04       		.uleb128 0x4
 149 0038 04       		.byte	0x4
 150 0039 07       		.byte	0x7
 151 003a 07020000 		.4byte	.LASF0
 152 003e 04       		.uleb128 0x4
 153 003f 08       		.byte	0x8
 154 0040 05       		.byte	0x5
 155 0041 5F030000 		.4byte	.LASF1
 156 0045 04       		.uleb128 0x4
 157 0046 08       		.byte	0x8
 158 0047 04       		.byte	0x4
 159 0048 F2030000 		.4byte	.LASF2
 160 004c 04       		.uleb128 0x4
 161 004d 01       		.byte	0x1
 162 004e 06       		.byte	0x6
 163 004f 90040000 		.4byte	.LASF3
 164 0053 04       		.uleb128 0x4
 165 0054 01       		.byte	0x1
 166 0055 08       		.byte	0x8
 167 0056 18010000 		.4byte	.LASF4
 168 005a 04       		.uleb128 0x4
 169 005b 02       		.byte	0x2
 170 005c 05       		.byte	0x5
 171 005d CA010000 		.4byte	.LASF5
 172 0061 04       		.uleb128 0x4
 173 0062 02       		.byte	0x2
 174 0063 07       		.byte	0x7
 175 0064 49010000 		.4byte	.LASF6
 176 0068 04       		.uleb128 0x4
 177 0069 04       		.byte	0x4
 178 006a 05       		.byte	0x5
 179 006b CD030000 		.4byte	.LASF7
 180 006f 04       		.uleb128 0x4
 181 0070 04       		.byte	0x4
 182 0071 07       		.byte	0x7
 183 0072 37010000 		.4byte	.LASF8
 184 0076 04       		.uleb128 0x4
 185 0077 08       		.byte	0x8
 186 0078 07       		.byte	0x7
 187 0079 B9020000 		.4byte	.LASF9
 188 007d 04       		.uleb128 0x4
 189 007e 04       		.byte	0x4
 190 007f 07       		.byte	0x7
ARM GAS  C:\Users\Phuong\AppData\Local\Temp\ccarqF69.s 			page 5


 191 0080 24030000 		.4byte	.LASF10
 192 0084 05       		.uleb128 0x5
 193 0085 04       		.byte	0x4
 194 0086 04       		.uleb128 0x4
 195 0087 01       		.byte	0x1
 196 0088 08       		.byte	0x8
 197 0089 95030000 		.4byte	.LASF11
 198 008d 06       		.uleb128 0x6
 199 008e 04       		.byte	0x4
 200 008f 93000000 		.4byte	0x93
 201 0093 07       		.uleb128 0x7
 202 0094 86000000 		.4byte	0x86
 203 0098 03       		.uleb128 0x3
 204 0099 64010000 		.4byte	.LASF13
 205 009d 03       		.byte	0x3
 206 009e 07       		.byte	0x7
 207 009f A3000000 		.4byte	0xa3
 208 00a3 06       		.uleb128 0x6
 209 00a4 04       		.byte	0x4
 210 00a5 A9000000 		.4byte	0xa9
 211 00a9 08       		.uleb128 0x8
 212 00aa E9010000 		.4byte	.LASF15
 213 00ae 03       		.uleb128 0x3
 214 00af D4010000 		.4byte	.LASF14
 215 00b3 04       		.byte	0x4
 216 00b4 16       		.byte	0x16
 217 00b5 B9000000 		.4byte	0xb9
 218 00b9 06       		.uleb128 0x6
 219 00ba 04       		.byte	0x4
 220 00bb BF000000 		.4byte	0xbf
 221 00bf 08       		.uleb128 0x8
 222 00c0 41030000 		.4byte	.LASF16
 223 00c4 06       		.uleb128 0x6
 224 00c5 04       		.byte	0x4
 225 00c6 CA000000 		.4byte	0xca
 226 00ca 09       		.uleb128 0x9
 227 00cb 03       		.uleb128 0x3
 228 00cc 75000000 		.4byte	.LASF17
 229 00d0 05       		.byte	0x5
 230 00d1 14       		.byte	0x14
 231 00d2 84000000 		.4byte	0x84
 232 00d6 0A       		.uleb128 0xa
 233 00d7 05010000 		.4byte	.LASF22
 234 00db 01       		.byte	0x1
 235 00dc 53000000 		.4byte	0x53
 236 00e0 05       		.byte	0x5
 237 00e1 1B       		.byte	0x1b
 238 00e2 F9000000 		.4byte	0xf9
 239 00e6 0B       		.uleb128 0xb
 240 00e7 C2030000 		.4byte	.LASF18
 241 00eb 00       		.byte	0
 242 00ec 0B       		.uleb128 0xb
 243 00ed 16030000 		.4byte	.LASF19
 244 00f1 01       		.byte	0x1
 245 00f2 0B       		.uleb128 0xb
 246 00f3 A6010000 		.4byte	.LASF20
 247 00f7 02       		.byte	0x2
ARM GAS  C:\Users\Phuong\AppData\Local\Temp\ccarqF69.s 			page 6


 248 00f8 00       		.byte	0
 249 00f9 03       		.uleb128 0x3
 250 00fa A5040000 		.4byte	.LASF21
 251 00fe 05       		.byte	0x5
 252 00ff 1B       		.byte	0x1b
 253 0100 D6000000 		.4byte	0xd6
 254 0104 0A       		.uleb128 0xa
 255 0105 E6020000 		.4byte	.LASF23
 256 0109 01       		.byte	0x1
 257 010a 53000000 		.4byte	0x53
 258 010e 05       		.byte	0x5
 259 010f 22       		.byte	0x22
 260 0110 27010000 		.4byte	0x127
 261 0114 0B       		.uleb128 0xb
 262 0115 4D000000 		.4byte	.LASF24
 263 0119 00       		.byte	0
 264 011a 0B       		.uleb128 0xb
 265 011b D7000000 		.4byte	.LASF25
 266 011f 01       		.byte	0x1
 267 0120 0B       		.uleb128 0xb
 268 0121 72010000 		.4byte	.LASF26
 269 0125 02       		.byte	0x2
 270 0126 00       		.byte	0
 271 0127 03       		.uleb128 0x3
 272 0128 F6000000 		.4byte	.LASF27
 273 012c 05       		.byte	0x5
 274 012d 22       		.byte	0x22
 275 012e 04010000 		.4byte	0x104
 276 0132 03       		.uleb128 0x3
 277 0133 12050000 		.4byte	.LASF28
 278 0137 05       		.byte	0x5
 279 0138 24       		.byte	0x24
 280 0139 3D010000 		.4byte	0x13d
 281 013d 06       		.uleb128 0x6
 282 013e 04       		.byte	0x4
 283 013f 43010000 		.4byte	0x143
 284 0143 0C       		.uleb128 0xc
 285 0144 58010000 		.4byte	0x158
 286 0148 0D       		.uleb128 0xd
 287 0149 84000000 		.4byte	0x84
 288 014d 0D       		.uleb128 0xd
 289 014e 58010000 		.4byte	0x158
 290 0152 0D       		.uleb128 0xd
 291 0153 2C000000 		.4byte	0x2c
 292 0157 00       		.byte	0
 293 0158 06       		.uleb128 0x6
 294 0159 04       		.byte	0x4
 295 015a 5E010000 		.4byte	0x15e
 296 015e 07       		.uleb128 0x7
 297 015f 53000000 		.4byte	0x53
 298 0163 03       		.uleb128 0x3
 299 0164 64000000 		.4byte	.LASF29
 300 0168 05       		.byte	0x5
 301 0169 25       		.byte	0x25
 302 016a 6E010000 		.4byte	0x16e
 303 016e 06       		.uleb128 0x6
 304 016f 04       		.byte	0x4
ARM GAS  C:\Users\Phuong\AppData\Local\Temp\ccarqF69.s 			page 7


 305 0170 74010000 		.4byte	0x174
 306 0174 0C       		.uleb128 0xc
 307 0175 84010000 		.4byte	0x184
 308 0179 0D       		.uleb128 0xd
 309 017a 84000000 		.4byte	0x84
 310 017e 0D       		.uleb128 0xd
 311 017f F9000000 		.4byte	0xf9
 312 0183 00       		.byte	0
 313 0184 03       		.uleb128 0x3
 314 0185 2D030000 		.4byte	.LASF30
 315 0189 05       		.byte	0x5
 316 018a 26       		.byte	0x26
 317 018b 8F010000 		.4byte	0x18f
 318 018f 06       		.uleb128 0x6
 319 0190 04       		.byte	0x4
 320 0191 95010000 		.4byte	0x195
 321 0195 0C       		.uleb128 0xc
 322 0196 A5010000 		.4byte	0x1a5
 323 019a 0D       		.uleb128 0xd
 324 019b 84000000 		.4byte	0x84
 325 019f 0D       		.uleb128 0xd
 326 01a0 27010000 		.4byte	0x127
 327 01a4 00       		.byte	0
 328 01a5 03       		.uleb128 0x3
 329 01a6 84010000 		.4byte	.LASF31
 330 01aa 05       		.byte	0x5
 331 01ab 27       		.byte	0x27
 332 01ac B0010000 		.4byte	0x1b0
 333 01b0 06       		.uleb128 0x6
 334 01b1 04       		.byte	0x4
 335 01b2 B6010000 		.4byte	0x1b6
 336 01b6 0C       		.uleb128 0xc
 337 01b7 C1010000 		.4byte	0x1c1
 338 01bb 0D       		.uleb128 0xd
 339 01bc 84000000 		.4byte	0x84
 340 01c0 00       		.byte	0
 341 01c1 03       		.uleb128 0x3
 342 01c2 58000000 		.4byte	.LASF32
 343 01c6 05       		.byte	0x5
 344 01c7 28       		.byte	0x28
 345 01c8 B0010000 		.4byte	0x1b0
 346 01cc 03       		.uleb128 0x3
 347 01cd F4010000 		.4byte	.LASF33
 348 01d1 05       		.byte	0x5
 349 01d2 2A       		.byte	0x2a
 350 01d3 D7010000 		.4byte	0x1d7
 351 01d7 06       		.uleb128 0x6
 352 01d8 04       		.byte	0x4
 353 01d9 DD010000 		.4byte	0x1dd
 354 01dd 0E       		.uleb128 0xe
 355 01de AE000000 		.4byte	0xae
 356 01e2 EC010000 		.4byte	0x1ec
 357 01e6 0D       		.uleb128 0xd
 358 01e7 CB000000 		.4byte	0xcb
 359 01eb 00       		.byte	0
 360 01ec 03       		.uleb128 0x3
 361 01ed 9A030000 		.4byte	.LASF34
ARM GAS  C:\Users\Phuong\AppData\Local\Temp\ccarqF69.s 			page 8


 362 01f1 05       		.byte	0x5
 363 01f2 2B       		.byte	0x2b
 364 01f3 F7010000 		.4byte	0x1f7
 365 01f7 06       		.uleb128 0x6
 366 01f8 04       		.byte	0x4
 367 01f9 FD010000 		.4byte	0x1fd
 368 01fd 0E       		.uleb128 0xe
 369 01fe CB000000 		.4byte	0xcb
 370 0202 0C020000 		.4byte	0x20c
 371 0206 0D       		.uleb128 0xd
 372 0207 84000000 		.4byte	0x84
 373 020b 00       		.byte	0
 374 020c 03       		.uleb128 0x3
 375 020d B7030000 		.4byte	.LASF35
 376 0211 05       		.byte	0x5
 377 0212 2C       		.byte	0x2c
 378 0213 17020000 		.4byte	0x217
 379 0217 06       		.uleb128 0x6
 380 0218 04       		.byte	0x4
 381 0219 1D020000 		.4byte	0x21d
 382 021d 0C       		.uleb128 0xc
 383 021e 28020000 		.4byte	0x228
 384 0222 0D       		.uleb128 0xd
 385 0223 CB000000 		.4byte	0xcb
 386 0227 00       		.byte	0
 387 0228 03       		.uleb128 0x3
 388 0229 5C010000 		.4byte	.LASF36
 389 022d 05       		.byte	0x5
 390 022e 2D       		.byte	0x2d
 391 022f 33020000 		.4byte	0x233
 392 0233 06       		.uleb128 0x6
 393 0234 04       		.byte	0x4
 394 0235 39020000 		.4byte	0x239
 395 0239 0E       		.uleb128 0xe
 396 023a 25000000 		.4byte	0x25
 397 023e 66020000 		.4byte	0x266
 398 0242 0D       		.uleb128 0xd
 399 0243 CB000000 		.4byte	0xcb
 400 0247 0D       		.uleb128 0xd
 401 0248 84010000 		.4byte	0x184
 402 024c 0D       		.uleb128 0xd
 403 024d 84000000 		.4byte	0x84
 404 0251 0D       		.uleb128 0xd
 405 0252 32010000 		.4byte	0x132
 406 0256 0D       		.uleb128 0xd
 407 0257 84000000 		.4byte	0x84
 408 025b 0D       		.uleb128 0xd
 409 025c C1010000 		.4byte	0x1c1
 410 0260 0D       		.uleb128 0xd
 411 0261 84000000 		.4byte	0x84
 412 0265 00       		.byte	0
 413 0266 03       		.uleb128 0x3
 414 0267 9C040000 		.4byte	.LASF37
 415 026b 05       		.byte	0x5
 416 026c 2E       		.byte	0x2e
 417 026d 71020000 		.4byte	0x271
 418 0271 06       		.uleb128 0x6
ARM GAS  C:\Users\Phuong\AppData\Local\Temp\ccarqF69.s 			page 9


 419 0272 04       		.byte	0x4
 420 0273 77020000 		.4byte	0x277
 421 0277 0E       		.uleb128 0xe
 422 0278 25000000 		.4byte	0x25
 423 027c 90020000 		.4byte	0x290
 424 0280 0D       		.uleb128 0xd
 425 0281 CB000000 		.4byte	0xcb
 426 0285 0D       		.uleb128 0xd
 427 0286 A5010000 		.4byte	0x1a5
 428 028a 0D       		.uleb128 0xd
 429 028b 84000000 		.4byte	0x84
 430 028f 00       		.byte	0
 431 0290 03       		.uleb128 0x3
 432 0291 45000000 		.4byte	.LASF38
 433 0295 05       		.byte	0x5
 434 0296 2F       		.byte	0x2f
 435 0297 9B020000 		.4byte	0x29b
 436 029b 06       		.uleb128 0x6
 437 029c 04       		.byte	0x4
 438 029d A1020000 		.4byte	0x2a1
 439 02a1 0E       		.uleb128 0xe
 440 02a2 25000000 		.4byte	0x25
 441 02a6 C4020000 		.4byte	0x2c4
 442 02aa 0D       		.uleb128 0xd
 443 02ab CB000000 		.4byte	0xcb
 444 02af 0D       		.uleb128 0xd
 445 02b0 C4000000 		.4byte	0xc4
 446 02b4 0D       		.uleb128 0xd
 447 02b5 2C000000 		.4byte	0x2c
 448 02b9 0D       		.uleb128 0xd
 449 02ba 63010000 		.4byte	0x163
 450 02be 0D       		.uleb128 0xd
 451 02bf 84000000 		.4byte	0x84
 452 02c3 00       		.byte	0
 453 02c4 03       		.uleb128 0x3
 454 02c5 18000000 		.4byte	.LASF39
 455 02c9 05       		.byte	0x5
 456 02ca 30       		.byte	0x30
 457 02cb 17020000 		.4byte	0x217
 458 02cf 03       		.uleb128 0x3
 459 02d0 99010000 		.4byte	.LASF40
 460 02d4 05       		.byte	0x5
 461 02d5 31       		.byte	0x31
 462 02d6 DA020000 		.4byte	0x2da
 463 02da 06       		.uleb128 0x6
 464 02db 04       		.byte	0x4
 465 02dc E0020000 		.4byte	0x2e0
 466 02e0 0E       		.uleb128 0xe
 467 02e1 25000000 		.4byte	0x25
 468 02e5 F9020000 		.4byte	0x2f9
 469 02e9 0D       		.uleb128 0xd
 470 02ea CB000000 		.4byte	0xcb
 471 02ee 0D       		.uleb128 0xd
 472 02ef 8D000000 		.4byte	0x8d
 473 02f3 0D       		.uleb128 0xd
 474 02f4 C4000000 		.4byte	0xc4
 475 02f8 00       		.byte	0
ARM GAS  C:\Users\Phuong\AppData\Local\Temp\ccarqF69.s 			page 10


 476 02f9 0F       		.uleb128 0xf
 477 02fa F9020000 		.4byte	.LASF57
 478 02fe 20       		.byte	0x20
 479 02ff 05       		.byte	0x5
 480 0300 34       		.byte	0x34
 481 0301 66030000 		.4byte	0x366
 482 0305 10       		.uleb128 0x10
 483 0306 D6030000 		.4byte	.LASF41
 484 030a 05       		.byte	0x5
 485 030b 36       		.byte	0x36
 486 030c CC010000 		.4byte	0x1cc
 487 0310 00       		.byte	0
 488 0311 10       		.uleb128 0x10
 489 0312 A4030000 		.4byte	.LASF42
 490 0316 05       		.byte	0x5
 491 0317 37       		.byte	0x37
 492 0318 EC010000 		.4byte	0x1ec
 493 031c 04       		.byte	0x4
 494 031d 10       		.uleb128 0x10
 495 031e B4040000 		.4byte	.LASF43
 496 0322 05       		.byte	0x5
 497 0323 38       		.byte	0x38
 498 0324 0C020000 		.4byte	0x20c
 499 0328 08       		.byte	0x8
 500 0329 10       		.uleb128 0x10
 501 032a 26010000 		.4byte	.LASF44
 502 032e 05       		.byte	0x5
 503 032f 39       		.byte	0x39
 504 0330 28020000 		.4byte	0x228
 505 0334 0C       		.byte	0xc
 506 0335 10       		.uleb128 0x10
 507 0336 B8010000 		.4byte	.LASF45
 508 033a 05       		.byte	0x5
 509 033b 3A       		.byte	0x3a
 510 033c 66020000 		.4byte	0x266
 511 0340 10       		.byte	0x10
 512 0341 10       		.uleb128 0x10
 513 0342 07000000 		.4byte	.LASF46
 514 0346 05       		.byte	0x5
 515 0347 3B       		.byte	0x3b
 516 0348 90020000 		.4byte	0x290
 517 034c 14       		.byte	0x14
 518 034d 10       		.uleb128 0x10
 519 034e 22000000 		.4byte	.LASF47
 520 0352 05       		.byte	0x5
 521 0353 3C       		.byte	0x3c
 522 0354 C4020000 		.4byte	0x2c4
 523 0358 18       		.byte	0x18
 524 0359 10       		.uleb128 0x10
 525 035a D0020000 		.4byte	.LASF48
 526 035e 05       		.byte	0x5
 527 035f 3D       		.byte	0x3d
 528 0360 CF020000 		.4byte	0x2cf
 529 0364 1C       		.byte	0x1c
 530 0365 00       		.byte	0
 531 0366 03       		.uleb128 0x3
 532 0367 88000000 		.4byte	.LASF49
ARM GAS  C:\Users\Phuong\AppData\Local\Temp\ccarqF69.s 			page 11


 533 036b 05       		.byte	0x5
 534 036c 3E       		.byte	0x3e
 535 036d F9020000 		.4byte	0x2f9
 536 0371 11       		.uleb128 0x11
 537 0372 04050000 		.4byte	.LASF58
 538 0376 01       		.byte	0x1
 539 0377 0B       		.byte	0xb
 540 0378 25000000 		.4byte	0x25
 541 037c 00000000 		.4byte	.LFB0
 542 0380 04000000 		.4byte	.LFE0-.LFB0
 543 0384 01       		.uleb128 0x1
 544 0385 9C       		.byte	0x9c
 545 0386 12       		.uleb128 0x12
 546 0387 BC000000 		.4byte	.LASF50
 547 038b 01       		.byte	0x1
 548 038c 12       		.byte	0x12
 549 038d BA030000 		.4byte	0x3ba
 550 0391 00000000 		.4byte	.LFB1
 551 0395 08000000 		.4byte	.LFE1-.LFB1
 552 0399 01       		.uleb128 0x1
 553 039a 9C       		.byte	0x9c
 554 039b BA030000 		.4byte	0x3ba
 555 039f 13       		.uleb128 0x13
 556 03a0 6D030000 		.4byte	.LASF52
 557 03a4 01       		.byte	0x1
 558 03a5 14       		.byte	0x14
 559 03a6 25000000 		.4byte	0x25
 560 03aa B0030000 		.4byte	0x3b0
 561 03ae 14       		.uleb128 0x14
 562 03af 00       		.byte	0
 563 03b0 15       		.uleb128 0x15
 564 03b1 06000000 		.4byte	.LVL0
 565 03b5 03040000 		.4byte	0x403
 566 03b9 00       		.byte	0
 567 03ba 06       		.uleb128 0x6
 568 03bb 04       		.byte	0x4
 569 03bc C0030000 		.4byte	0x3c0
 570 03c0 07       		.uleb128 0x7
 571 03c1 66030000 		.4byte	0x366
 572 03c5 12       		.uleb128 0x12
 573 03c6 A1000000 		.4byte	.LASF51
 574 03ca 01       		.byte	0x1
 575 03cb 17       		.byte	0x17
 576 03cc 98000000 		.4byte	0x98
 577 03d0 00000000 		.4byte	.LFB2
 578 03d4 10000000 		.4byte	.LFE2-.LFB2
 579 03d8 01       		.uleb128 0x1
 580 03d9 9C       		.byte	0x9c
 581 03da F2030000 		.4byte	0x3f2
 582 03de 16       		.uleb128 0x16
 583 03df 08000000 		.4byte	.LVL1
 584 03e3 0E040000 		.4byte	0x40e
 585 03e7 17       		.uleb128 0x17
 586 03e8 01       		.uleb128 0x1
 587 03e9 50       		.byte	0x50
 588 03ea 05       		.uleb128 0x5
 589 03eb 03       		.byte	0x3
ARM GAS  C:\Users\Phuong\AppData\Local\Temp\ccarqF69.s 			page 12


 590 03ec 00000000 		.4byte	.LC0
 591 03f0 00       		.byte	0
 592 03f1 00       		.byte	0
 593 03f2 18       		.uleb128 0x18
 594 03f3 35000000 		.4byte	.LASF59
 595 03f7 01       		.byte	0x1
 596 03f8 1E       		.byte	0x1e
 597 03f9 00000000 		.4byte	.LFB3
 598 03fd 02000000 		.4byte	.LFE3-.LFB3
 599 0401 01       		.uleb128 0x1
 600 0402 9C       		.byte	0x9c
 601 0403 19       		.uleb128 0x19
 602 0404 6D030000 		.4byte	.LASF52
 603 0408 6D030000 		.4byte	.LASF52
 604 040c 01       		.byte	0x1
 605 040d 14       		.byte	0x14
 606 040e 19       		.uleb128 0x19
 607 040f E5000000 		.4byte	.LASF53
 608 0413 E5000000 		.4byte	.LASF53
 609 0417 06       		.byte	0x6
 610 0418 14       		.byte	0x14
 611 0419 00       		.byte	0
 612              		.section	.debug_abbrev,"",%progbits
 613              	.Ldebug_abbrev0:
 614 0000 01       		.uleb128 0x1
 615 0001 11       		.uleb128 0x11
 616 0002 01       		.byte	0x1
 617 0003 25       		.uleb128 0x25
 618 0004 0E       		.uleb128 0xe
 619 0005 13       		.uleb128 0x13
 620 0006 0B       		.uleb128 0xb
 621 0007 03       		.uleb128 0x3
 622 0008 0E       		.uleb128 0xe
 623 0009 1B       		.uleb128 0x1b
 624 000a 0E       		.uleb128 0xe
 625 000b 55       		.uleb128 0x55
 626 000c 17       		.uleb128 0x17
 627 000d 11       		.uleb128 0x11
 628 000e 01       		.uleb128 0x1
 629 000f 10       		.uleb128 0x10
 630 0010 17       		.uleb128 0x17
 631 0011 00       		.byte	0
 632 0012 00       		.byte	0
 633 0013 02       		.uleb128 0x2
 634 0014 24       		.uleb128 0x24
 635 0015 00       		.byte	0
 636 0016 0B       		.uleb128 0xb
 637 0017 0B       		.uleb128 0xb
 638 0018 3E       		.uleb128 0x3e
 639 0019 0B       		.uleb128 0xb
 640 001a 03       		.uleb128 0x3
 641 001b 08       		.uleb128 0x8
 642 001c 00       		.byte	0
 643 001d 00       		.byte	0
 644 001e 03       		.uleb128 0x3
 645 001f 16       		.uleb128 0x16
 646 0020 00       		.byte	0
ARM GAS  C:\Users\Phuong\AppData\Local\Temp\ccarqF69.s 			page 13


 647 0021 03       		.uleb128 0x3
 648 0022 0E       		.uleb128 0xe
 649 0023 3A       		.uleb128 0x3a
 650 0024 0B       		.uleb128 0xb
 651 0025 3B       		.uleb128 0x3b
 652 0026 0B       		.uleb128 0xb
 653 0027 49       		.uleb128 0x49
 654 0028 13       		.uleb128 0x13
 655 0029 00       		.byte	0
 656 002a 00       		.byte	0
 657 002b 04       		.uleb128 0x4
 658 002c 24       		.uleb128 0x24
 659 002d 00       		.byte	0
 660 002e 0B       		.uleb128 0xb
 661 002f 0B       		.uleb128 0xb
 662 0030 3E       		.uleb128 0x3e
 663 0031 0B       		.uleb128 0xb
 664 0032 03       		.uleb128 0x3
 665 0033 0E       		.uleb128 0xe
 666 0034 00       		.byte	0
 667 0035 00       		.byte	0
 668 0036 05       		.uleb128 0x5
 669 0037 0F       		.uleb128 0xf
 670 0038 00       		.byte	0
 671 0039 0B       		.uleb128 0xb
 672 003a 0B       		.uleb128 0xb
 673 003b 00       		.byte	0
 674 003c 00       		.byte	0
 675 003d 06       		.uleb128 0x6
 676 003e 0F       		.uleb128 0xf
 677 003f 00       		.byte	0
 678 0040 0B       		.uleb128 0xb
 679 0041 0B       		.uleb128 0xb
 680 0042 49       		.uleb128 0x49
 681 0043 13       		.uleb128 0x13
 682 0044 00       		.byte	0
 683 0045 00       		.byte	0
 684 0046 07       		.uleb128 0x7
 685 0047 26       		.uleb128 0x26
 686 0048 00       		.byte	0
 687 0049 49       		.uleb128 0x49
 688 004a 13       		.uleb128 0x13
 689 004b 00       		.byte	0
 690 004c 00       		.byte	0
 691 004d 08       		.uleb128 0x8
 692 004e 13       		.uleb128 0x13
 693 004f 00       		.byte	0
 694 0050 03       		.uleb128 0x3
 695 0051 0E       		.uleb128 0xe
 696 0052 3C       		.uleb128 0x3c
 697 0053 19       		.uleb128 0x19
 698 0054 00       		.byte	0
 699 0055 00       		.byte	0
 700 0056 09       		.uleb128 0x9
 701 0057 26       		.uleb128 0x26
 702 0058 00       		.byte	0
 703 0059 00       		.byte	0
ARM GAS  C:\Users\Phuong\AppData\Local\Temp\ccarqF69.s 			page 14


 704 005a 00       		.byte	0
 705 005b 0A       		.uleb128 0xa
 706 005c 04       		.uleb128 0x4
 707 005d 01       		.byte	0x1
 708 005e 03       		.uleb128 0x3
 709 005f 0E       		.uleb128 0xe
 710 0060 0B       		.uleb128 0xb
 711 0061 0B       		.uleb128 0xb
 712 0062 49       		.uleb128 0x49
 713 0063 13       		.uleb128 0x13
 714 0064 3A       		.uleb128 0x3a
 715 0065 0B       		.uleb128 0xb
 716 0066 3B       		.uleb128 0x3b
 717 0067 0B       		.uleb128 0xb
 718 0068 01       		.uleb128 0x1
 719 0069 13       		.uleb128 0x13
 720 006a 00       		.byte	0
 721 006b 00       		.byte	0
 722 006c 0B       		.uleb128 0xb
 723 006d 28       		.uleb128 0x28
 724 006e 00       		.byte	0
 725 006f 03       		.uleb128 0x3
 726 0070 0E       		.uleb128 0xe
 727 0071 1C       		.uleb128 0x1c
 728 0072 0B       		.uleb128 0xb
 729 0073 00       		.byte	0
 730 0074 00       		.byte	0
 731 0075 0C       		.uleb128 0xc
 732 0076 15       		.uleb128 0x15
 733 0077 01       		.byte	0x1
 734 0078 27       		.uleb128 0x27
 735 0079 19       		.uleb128 0x19
 736 007a 01       		.uleb128 0x1
 737 007b 13       		.uleb128 0x13
 738 007c 00       		.byte	0
 739 007d 00       		.byte	0
 740 007e 0D       		.uleb128 0xd
 741 007f 05       		.uleb128 0x5
 742 0080 00       		.byte	0
 743 0081 49       		.uleb128 0x49
 744 0082 13       		.uleb128 0x13
 745 0083 00       		.byte	0
 746 0084 00       		.byte	0
 747 0085 0E       		.uleb128 0xe
 748 0086 15       		.uleb128 0x15
 749 0087 01       		.byte	0x1
 750 0088 27       		.uleb128 0x27
 751 0089 19       		.uleb128 0x19
 752 008a 49       		.uleb128 0x49
 753 008b 13       		.uleb128 0x13
 754 008c 01       		.uleb128 0x1
 755 008d 13       		.uleb128 0x13
 756 008e 00       		.byte	0
 757 008f 00       		.byte	0
 758 0090 0F       		.uleb128 0xf
 759 0091 13       		.uleb128 0x13
 760 0092 01       		.byte	0x1
ARM GAS  C:\Users\Phuong\AppData\Local\Temp\ccarqF69.s 			page 15


 761 0093 03       		.uleb128 0x3
 762 0094 0E       		.uleb128 0xe
 763 0095 0B       		.uleb128 0xb
 764 0096 0B       		.uleb128 0xb
 765 0097 3A       		.uleb128 0x3a
 766 0098 0B       		.uleb128 0xb
 767 0099 3B       		.uleb128 0x3b
 768 009a 0B       		.uleb128 0xb
 769 009b 01       		.uleb128 0x1
 770 009c 13       		.uleb128 0x13
 771 009d 00       		.byte	0
 772 009e 00       		.byte	0
 773 009f 10       		.uleb128 0x10
 774 00a0 0D       		.uleb128 0xd
 775 00a1 00       		.byte	0
 776 00a2 03       		.uleb128 0x3
 777 00a3 0E       		.uleb128 0xe
 778 00a4 3A       		.uleb128 0x3a
 779 00a5 0B       		.uleb128 0xb
 780 00a6 3B       		.uleb128 0x3b
 781 00a7 0B       		.uleb128 0xb
 782 00a8 49       		.uleb128 0x49
 783 00a9 13       		.uleb128 0x13
 784 00aa 38       		.uleb128 0x38
 785 00ab 0B       		.uleb128 0xb
 786 00ac 00       		.byte	0
 787 00ad 00       		.byte	0
 788 00ae 11       		.uleb128 0x11
 789 00af 2E       		.uleb128 0x2e
 790 00b0 00       		.byte	0
 791 00b1 3F       		.uleb128 0x3f
 792 00b2 19       		.uleb128 0x19
 793 00b3 03       		.uleb128 0x3
 794 00b4 0E       		.uleb128 0xe
 795 00b5 3A       		.uleb128 0x3a
 796 00b6 0B       		.uleb128 0xb
 797 00b7 3B       		.uleb128 0x3b
 798 00b8 0B       		.uleb128 0xb
 799 00b9 27       		.uleb128 0x27
 800 00ba 19       		.uleb128 0x19
 801 00bb 49       		.uleb128 0x49
 802 00bc 13       		.uleb128 0x13
 803 00bd 11       		.uleb128 0x11
 804 00be 01       		.uleb128 0x1
 805 00bf 12       		.uleb128 0x12
 806 00c0 06       		.uleb128 0x6
 807 00c1 40       		.uleb128 0x40
 808 00c2 18       		.uleb128 0x18
 809 00c3 9742     		.uleb128 0x2117
 810 00c5 19       		.uleb128 0x19
 811 00c6 00       		.byte	0
 812 00c7 00       		.byte	0
 813 00c8 12       		.uleb128 0x12
 814 00c9 2E       		.uleb128 0x2e
 815 00ca 01       		.byte	0x1
 816 00cb 3F       		.uleb128 0x3f
 817 00cc 19       		.uleb128 0x19
ARM GAS  C:\Users\Phuong\AppData\Local\Temp\ccarqF69.s 			page 16


 818 00cd 03       		.uleb128 0x3
 819 00ce 0E       		.uleb128 0xe
 820 00cf 3A       		.uleb128 0x3a
 821 00d0 0B       		.uleb128 0xb
 822 00d1 3B       		.uleb128 0x3b
 823 00d2 0B       		.uleb128 0xb
 824 00d3 27       		.uleb128 0x27
 825 00d4 19       		.uleb128 0x19
 826 00d5 49       		.uleb128 0x49
 827 00d6 13       		.uleb128 0x13
 828 00d7 11       		.uleb128 0x11
 829 00d8 01       		.uleb128 0x1
 830 00d9 12       		.uleb128 0x12
 831 00da 06       		.uleb128 0x6
 832 00db 40       		.uleb128 0x40
 833 00dc 18       		.uleb128 0x18
 834 00dd 9742     		.uleb128 0x2117
 835 00df 19       		.uleb128 0x19
 836 00e0 01       		.uleb128 0x1
 837 00e1 13       		.uleb128 0x13
 838 00e2 00       		.byte	0
 839 00e3 00       		.byte	0
 840 00e4 13       		.uleb128 0x13
 841 00e5 2E       		.uleb128 0x2e
 842 00e6 01       		.byte	0x1
 843 00e7 3F       		.uleb128 0x3f
 844 00e8 19       		.uleb128 0x19
 845 00e9 03       		.uleb128 0x3
 846 00ea 0E       		.uleb128 0xe
 847 00eb 3A       		.uleb128 0x3a
 848 00ec 0B       		.uleb128 0xb
 849 00ed 3B       		.uleb128 0x3b
 850 00ee 0B       		.uleb128 0xb
 851 00ef 49       		.uleb128 0x49
 852 00f0 13       		.uleb128 0x13
 853 00f1 3C       		.uleb128 0x3c
 854 00f2 19       		.uleb128 0x19
 855 00f3 01       		.uleb128 0x1
 856 00f4 13       		.uleb128 0x13
 857 00f5 00       		.byte	0
 858 00f6 00       		.byte	0
 859 00f7 14       		.uleb128 0x14
 860 00f8 18       		.uleb128 0x18
 861 00f9 00       		.byte	0
 862 00fa 00       		.byte	0
 863 00fb 00       		.byte	0
 864 00fc 15       		.uleb128 0x15
 865 00fd 898201   		.uleb128 0x4109
 866 0100 00       		.byte	0
 867 0101 11       		.uleb128 0x11
 868 0102 01       		.uleb128 0x1
 869 0103 31       		.uleb128 0x31
 870 0104 13       		.uleb128 0x13
 871 0105 00       		.byte	0
 872 0106 00       		.byte	0
 873 0107 16       		.uleb128 0x16
 874 0108 898201   		.uleb128 0x4109
ARM GAS  C:\Users\Phuong\AppData\Local\Temp\ccarqF69.s 			page 17


 875 010b 01       		.byte	0x1
 876 010c 11       		.uleb128 0x11
 877 010d 01       		.uleb128 0x1
 878 010e 31       		.uleb128 0x31
 879 010f 13       		.uleb128 0x13
 880 0110 00       		.byte	0
 881 0111 00       		.byte	0
 882 0112 17       		.uleb128 0x17
 883 0113 8A8201   		.uleb128 0x410a
 884 0116 00       		.byte	0
 885 0117 02       		.uleb128 0x2
 886 0118 18       		.uleb128 0x18
 887 0119 9142     		.uleb128 0x2111
 888 011b 18       		.uleb128 0x18
 889 011c 00       		.byte	0
 890 011d 00       		.byte	0
 891 011e 18       		.uleb128 0x18
 892 011f 2E       		.uleb128 0x2e
 893 0120 00       		.byte	0
 894 0121 3F       		.uleb128 0x3f
 895 0122 19       		.uleb128 0x19
 896 0123 03       		.uleb128 0x3
 897 0124 0E       		.uleb128 0xe
 898 0125 3A       		.uleb128 0x3a
 899 0126 0B       		.uleb128 0xb
 900 0127 3B       		.uleb128 0x3b
 901 0128 0B       		.uleb128 0xb
 902 0129 27       		.uleb128 0x27
 903 012a 19       		.uleb128 0x19
 904 012b 11       		.uleb128 0x11
 905 012c 01       		.uleb128 0x1
 906 012d 12       		.uleb128 0x12
 907 012e 06       		.uleb128 0x6
 908 012f 40       		.uleb128 0x40
 909 0130 18       		.uleb128 0x18
 910 0131 9742     		.uleb128 0x2117
 911 0133 19       		.uleb128 0x19
 912 0134 00       		.byte	0
 913 0135 00       		.byte	0
 914 0136 19       		.uleb128 0x19
 915 0137 2E       		.uleb128 0x2e
 916 0138 00       		.byte	0
 917 0139 3F       		.uleb128 0x3f
 918 013a 19       		.uleb128 0x19
 919 013b 3C       		.uleb128 0x3c
 920 013c 19       		.uleb128 0x19
 921 013d 6E       		.uleb128 0x6e
 922 013e 0E       		.uleb128 0xe
 923 013f 03       		.uleb128 0x3
 924 0140 0E       		.uleb128 0xe
 925 0141 3A       		.uleb128 0x3a
 926 0142 0B       		.uleb128 0xb
 927 0143 3B       		.uleb128 0x3b
 928 0144 0B       		.uleb128 0xb
 929 0145 00       		.byte	0
 930 0146 00       		.byte	0
 931 0147 00       		.byte	0
ARM GAS  C:\Users\Phuong\AppData\Local\Temp\ccarqF69.s 			page 18


 932              		.section	.debug_aranges,"",%progbits
 933 0000 34000000 		.4byte	0x34
 934 0004 0200     		.2byte	0x2
 935 0006 00000000 		.4byte	.Ldebug_info0
 936 000a 04       		.byte	0x4
 937 000b 00       		.byte	0
 938 000c 0000     		.2byte	0
 939 000e 0000     		.2byte	0
 940 0010 00000000 		.4byte	.LFB0
 941 0014 04000000 		.4byte	.LFE0-.LFB0
 942 0018 00000000 		.4byte	.LFB1
 943 001c 08000000 		.4byte	.LFE1-.LFB1
 944 0020 00000000 		.4byte	.LFB2
 945 0024 10000000 		.4byte	.LFE2-.LFB2
 946 0028 00000000 		.4byte	.LFB3
 947 002c 02000000 		.4byte	.LFE3-.LFB3
 948 0030 00000000 		.4byte	0
 949 0034 00000000 		.4byte	0
 950              		.section	.debug_ranges,"",%progbits
 951              	.Ldebug_ranges0:
 952 0000 00000000 		.4byte	.LFB0
 953 0004 04000000 		.4byte	.LFE0
 954 0008 00000000 		.4byte	.LFB1
 955 000c 08000000 		.4byte	.LFE1
 956 0010 00000000 		.4byte	.LFB2
 957 0014 10000000 		.4byte	.LFE2
 958 0018 00000000 		.4byte	.LFB3
 959 001c 02000000 		.4byte	.LFE3
 960 0020 00000000 		.4byte	0
 961 0024 00000000 		.4byte	0
 962              		.section	.debug_line,"",%progbits
 963              	.Ldebug_line0:
 964 0000 94010000 		.section	.debug_str,"MS",%progbits,1
 964      02004C01 
 964      00000201 
 964      FB0E0D00 
 964      01010101 
 965              	.LASF12:
 966 0000 73697A65 		.ascii	"size_t\000"
 966      5F7400
 967              	.LASF46:
 968 0007 636F6E63 		.ascii	"concrete_io_send\000"
 968      72657465 
 968      5F696F5F 
 968      73656E64 
 968      00
 969              	.LASF39:
 970 0018 494F5F44 		.ascii	"IO_DOWORK\000"
 970      4F574F52 
 970      4B00
 971              	.LASF47:
 972 0022 636F6E63 		.ascii	"concrete_io_dowork\000"
 972      72657465 
 972      5F696F5F 
 972      646F776F 
 972      726B00
 973              	.LASF59:
ARM GAS  C:\Users\Phuong\AppData\Local\Temp\ccarqF69.s 			page 19


 974 0035 706C6174 		.ascii	"platform_deinit\000"
 974      666F726D 
 974      5F646569 
 974      6E697400 
 975              	.LASF38:
 976 0045 494F5F53 		.ascii	"IO_SEND\000"
 976      454E4400 
 977              	.LASF24:
 978 004d 494F5F4F 		.ascii	"IO_OPEN_OK\000"
 978      50454E5F 
 978      4F4B00
 979              	.LASF32:
 980 0058 4F4E5F49 		.ascii	"ON_IO_ERROR\000"
 980      4F5F4552 
 980      524F5200 
 981              	.LASF29:
 982 0064 4F4E5F53 		.ascii	"ON_SEND_COMPLETE\000"
 982      454E445F 
 982      434F4D50 
 982      4C455445 
 982      00
 983              	.LASF17:
 984 0075 434F4E43 		.ascii	"CONCRETE_IO_HANDLE\000"
 984      52455445 
 984      5F494F5F 
 984      48414E44 
 984      4C4500
 985              	.LASF49:
 986 0088 494F5F49 		.ascii	"IO_INTERFACE_DESCRIPTION\000"
 986      4E544552 
 986      46414345 
 986      5F444553 
 986      43524950 
 987              	.LASF51:
 988 00a1 706C6174 		.ascii	"platform_get_platform_info\000"
 988      666F726D 
 988      5F676574 
 988      5F706C61 
 988      74666F72 
 989              	.LASF50:
 990 00bc 706C6174 		.ascii	"platform_get_default_tlsio\000"
 990      666F726D 
 990      5F676574 
 990      5F646566 
 990      61756C74 
 991              	.LASF25:
 992 00d7 494F5F4F 		.ascii	"IO_OPEN_ERROR\000"
 992      50454E5F 
 992      4552524F 
 992      5200
 993              	.LASF53:
 994 00e5 53545249 		.ascii	"STRING_construct\000"
 994      4E475F63 
 994      6F6E7374 
 994      72756374 
 994      00
 995              	.LASF27:
ARM GAS  C:\Users\Phuong\AppData\Local\Temp\ccarqF69.s 			page 20


 996 00f6 494F5F4F 		.ascii	"IO_OPEN_RESULT\000"
 996      50454E5F 
 996      52455355 
 996      4C5400
 997              	.LASF22:
 998 0105 494F5F53 		.ascii	"IO_SEND_RESULT_TAG\000"
 998      454E445F 
 998      52455355 
 998      4C545F54 
 998      414700
 999              	.LASF4:
 1000 0118 756E7369 		.ascii	"unsigned char\000"
 1000      676E6564 
 1000      20636861 
 1000      7200
 1001              	.LASF44:
 1002 0126 636F6E63 		.ascii	"concrete_io_open\000"
 1002      72657465 
 1002      5F696F5F 
 1002      6F70656E 
 1002      00
 1003              	.LASF8:
 1004 0137 6C6F6E67 		.ascii	"long unsigned int\000"
 1004      20756E73 
 1004      69676E65 
 1004      6420696E 
 1004      7400
 1005              	.LASF6:
 1006 0149 73686F72 		.ascii	"short unsigned int\000"
 1006      7420756E 
 1006      7369676E 
 1006      65642069 
 1006      6E7400
 1007              	.LASF36:
 1008 015c 494F5F4F 		.ascii	"IO_OPEN\000"
 1008      50454E00 
 1009              	.LASF13:
 1010 0164 53545249 		.ascii	"STRING_HANDLE\000"
 1010      4E475F48 
 1010      414E444C 
 1010      4500
 1011              	.LASF26:
 1012 0172 494F5F4F 		.ascii	"IO_OPEN_CANCELLED\000"
 1012      50454E5F 
 1012      43414E43 
 1012      454C4C45 
 1012      4400
 1013              	.LASF31:
 1014 0184 4F4E5F49 		.ascii	"ON_IO_CLOSE_COMPLETE\000"
 1014      4F5F434C 
 1014      4F53455F 
 1014      434F4D50 
 1014      4C455445 
 1015              	.LASF40:
 1016 0199 494F5F53 		.ascii	"IO_SETOPTION\000"
 1016      45544F50 
 1016      54494F4E 
ARM GAS  C:\Users\Phuong\AppData\Local\Temp\ccarqF69.s 			page 21


 1016      00
 1017              	.LASF20:
 1018 01a6 494F5F53 		.ascii	"IO_SEND_CANCELLED\000"
 1018      454E445F 
 1018      43414E43 
 1018      454C4C45 
 1018      4400
 1019              	.LASF45:
 1020 01b8 636F6E63 		.ascii	"concrete_io_close\000"
 1020      72657465 
 1020      5F696F5F 
 1020      636C6F73 
 1020      6500
 1021              	.LASF5:
 1022 01ca 73686F72 		.ascii	"short int\000"
 1022      7420696E 
 1022      7400
 1023              	.LASF14:
 1024 01d4 4F505449 		.ascii	"OPTIONHANDLER_HANDLE\000"
 1024      4F4E4841 
 1024      4E444C45 
 1024      525F4841 
 1024      4E444C45 
 1025              	.LASF15:
 1026 01e9 53545249 		.ascii	"STRING_TAG\000"
 1026      4E475F54 
 1026      414700
 1027              	.LASF33:
 1028 01f4 494F5F52 		.ascii	"IO_RETRIEVEOPTIONS\000"
 1028      45545249 
 1028      4556454F 
 1028      5054494F 
 1028      4E5300
 1029              	.LASF0:
 1030 0207 756E7369 		.ascii	"unsigned int\000"
 1030      676E6564 
 1030      20696E74 
 1030      00
 1031              	.LASF56:
 1032 0214 433A5C55 		.ascii	"C:\\Users\\Phuong\\Documents\\PSoC Creator\\Dec0820"
 1032      73657273 
 1032      5C506875 
 1032      6F6E675C 
 1032      446F6375 
 1033 0242 31385C69 		.ascii	"18\\iot-sdk-iot-dev\\PSOC6_FreeRTOS+LwIP+MbedTLS_Az"
 1033      6F742D73 
 1033      646B2D69 
 1033      6F742D64 
 1033      65765C50 
 1034 0273 7572652D 		.ascii	"ure-IOT-Hub-Demo\\PSOC6_FreeRTOS+LwIP+MbedTLS_Azure"
 1034      494F542D 
 1034      4875622D 
 1034      44656D6F 
 1034      5C50534F 
 1035 02a5 2D494F54 		.ascii	"-IOT-Hub-Demo.cydsn\000"
 1035      2D487562 
 1035      2D44656D 
ARM GAS  C:\Users\Phuong\AppData\Local\Temp\ccarqF69.s 			page 22


 1035      6F2E6379 
 1035      64736E00 
 1036              	.LASF9:
 1037 02b9 6C6F6E67 		.ascii	"long long unsigned int\000"
 1037      206C6F6E 
 1037      6720756E 
 1037      7369676E 
 1037      65642069 
 1038              	.LASF48:
 1039 02d0 636F6E63 		.ascii	"concrete_io_setoption\000"
 1039      72657465 
 1039      5F696F5F 
 1039      7365746F 
 1039      7074696F 
 1040              	.LASF23:
 1041 02e6 494F5F4F 		.ascii	"IO_OPEN_RESULT_TAG\000"
 1041      50454E5F 
 1041      52455355 
 1041      4C545F54 
 1041      414700
 1042              	.LASF57:
 1043 02f9 494F5F49 		.ascii	"IO_INTERFACE_DESCRIPTION_TAG\000"
 1043      4E544552 
 1043      46414345 
 1043      5F444553 
 1043      43524950 
 1044              	.LASF19:
 1045 0316 494F5F53 		.ascii	"IO_SEND_ERROR\000"
 1045      454E445F 
 1045      4552524F 
 1045      5200
 1046              	.LASF10:
 1047 0324 73697A65 		.ascii	"sizetype\000"
 1047      74797065 
 1047      00
 1048              	.LASF30:
 1049 032d 4F4E5F49 		.ascii	"ON_IO_OPEN_COMPLETE\000"
 1049      4F5F4F50 
 1049      454E5F43 
 1049      4F4D504C 
 1049      45544500 
 1050              	.LASF16:
 1051 0341 4F505449 		.ascii	"OPTIONHANDLER_HANDLE_DATA_TAG\000"
 1051      4F4E4841 
 1051      4E444C45 
 1051      525F4841 
 1051      4E444C45 
 1052              	.LASF1:
 1053 035f 6C6F6E67 		.ascii	"long long int\000"
 1053      206C6F6E 
 1053      6720696E 
 1053      7400
 1054              	.LASF52:
 1055 036d 746C7369 		.ascii	"tlsio_mbedtls_get_interface_description\000"
 1055      6F5F6D62 
 1055      6564746C 
 1055      735F6765 
ARM GAS  C:\Users\Phuong\AppData\Local\Temp\ccarqF69.s 			page 23


 1055      745F696E 
 1056              	.LASF11:
 1057 0395 63686172 		.ascii	"char\000"
 1057      00
 1058              	.LASF34:
 1059 039a 494F5F43 		.ascii	"IO_CREATE\000"
 1059      52454154 
 1059      4500
 1060              	.LASF42:
 1061 03a4 636F6E63 		.ascii	"concrete_io_create\000"
 1061      72657465 
 1061      5F696F5F 
 1061      63726561 
 1061      746500
 1062              	.LASF35:
 1063 03b7 494F5F44 		.ascii	"IO_DESTROY\000"
 1063      45535452 
 1063      4F5900
 1064              	.LASF18:
 1065 03c2 494F5F53 		.ascii	"IO_SEND_OK\000"
 1065      454E445F 
 1065      4F4B00
 1066              	.LASF7:
 1067 03cd 6C6F6E67 		.ascii	"long int\000"
 1067      20696E74 
 1067      00
 1068              	.LASF41:
 1069 03d6 636F6E63 		.ascii	"concrete_io_retrieveoptions\000"
 1069      72657465 
 1069      5F696F5F 
 1069      72657472 
 1069      69657665 
 1070              	.LASF2:
 1071 03f2 6C6F6E67 		.ascii	"long double\000"
 1071      20646F75 
 1071      626C6500 
 1072              	.LASF54:
 1073 03fe 474E5520 		.ascii	"GNU C11 5.4.1 20160609 (release) [ARM/embedded-5-br"
 1073      43313120 
 1073      352E342E 
 1073      31203230 
 1073      31363036 
 1074 0431 616E6368 		.ascii	"anch revision 237715] -mcpu=cortex-m0plus -mthumb -"
 1074      20726576 
 1074      6973696F 
 1074      6E203233 
 1074      37373135 
 1075 0464 67202D4F 		.ascii	"g -Og -ffunction-sections -ffat-lto-objects\000"
 1075      67202D66 
 1075      66756E63 
 1075      74696F6E 
 1075      2D736563 
 1076              	.LASF3:
 1077 0490 7369676E 		.ascii	"signed char\000"
 1077      65642063 
 1077      68617200 
 1078              	.LASF37:
ARM GAS  C:\Users\Phuong\AppData\Local\Temp\ccarqF69.s 			page 24


 1079 049c 494F5F43 		.ascii	"IO_CLOSE\000"
 1079      4C4F5345 
 1079      00
 1080              	.LASF21:
 1081 04a5 494F5F53 		.ascii	"IO_SEND_RESULT\000"
 1081      454E445F 
 1081      52455355 
 1081      4C5400
 1082              	.LASF43:
 1083 04b4 636F6E63 		.ascii	"concrete_io_destroy\000"
 1083      72657465 
 1083      5F696F5F 
 1083      64657374 
 1083      726F7900 
 1084              	.LASF55:
 1085 04c8 536F7572 		.ascii	"Source\\azure_iot_sdk\\c-utility\\adapters\\platfor"
 1085      63655C61 
 1085      7A757265 
 1085      5F696F74 
 1085      5F73646B 
 1086 04f7 6D5F6672 		.ascii	"m_freertos.c\000"
 1086      65657274 
 1086      6F732E63 
 1086      00
 1087              	.LASF58:
 1088 0504 706C6174 		.ascii	"platform_init\000"
 1088      666F726D 
 1088      5F696E69 
 1088      7400
 1089              	.LASF28:
 1090 0512 4F4E5F42 		.ascii	"ON_BYTES_RECEIVED\000"
 1090      59544553 
 1090      5F524543 
 1090      45495645 
 1090      4400
 1091              		.ident	"GCC: (GNU Tools for ARM Embedded Processors) 5.4.1 20160609 (release) [ARM/embedded-5-bran
