ARM GAS  C:\Users\Phuong\AppData\Local\Temp\ccXmrOuy.s 			page 1


   1              		.syntax unified
   2              		.cpu cortex-m0plus
   3              		.fpu softvfp
   4              		.eabi_attribute 20, 1
   5              		.eabi_attribute 21, 1
   6              		.eabi_attribute 23, 3
   7              		.eabi_attribute 24, 1
   8              		.eabi_attribute 25, 1
   9              		.eabi_attribute 26, 1
  10              		.eabi_attribute 30, 1
  11              		.eabi_attribute 34, 0
  12              		.eabi_attribute 18, 4
  13              		.thumb
  14              		.syntax unified
  15              		.file	"platform_util.c"
  16              		.text
  17              	.Ltext0:
  18              		.cfi_sections	.debug_frame
  19              		.section	.text.mbedtls_platform_zeroize,"ax",%progbits
  20              		.align	2
  21              		.global	mbedtls_platform_zeroize
  22              		.code	16
  23              		.thumb_func
  24              		.type	mbedtls_platform_zeroize, %function
  25              	mbedtls_platform_zeroize:
  26              	.LFB0:
  27              		.file 1 "Source\\mbedtls_open\\library\\platform_util.c"
   1:Source\mbedtls_open\library/platform_util.c **** /*
   2:Source\mbedtls_open\library/platform_util.c ****  * Common and shared functions used by multiple modules in the Mbed TLS
   3:Source\mbedtls_open\library/platform_util.c ****  * library.
   4:Source\mbedtls_open\library/platform_util.c ****  *
   5:Source\mbedtls_open\library/platform_util.c ****  *  Copyright (C) 2018, Arm Limited, All Rights Reserved
   6:Source\mbedtls_open\library/platform_util.c ****  *  SPDX-License-Identifier: Apache-2.0
   7:Source\mbedtls_open\library/platform_util.c ****  *
   8:Source\mbedtls_open\library/platform_util.c ****  *  Licensed under the Apache License, Version 2.0 (the "License"); you may
   9:Source\mbedtls_open\library/platform_util.c ****  *  not use this file except in compliance with the License.
  10:Source\mbedtls_open\library/platform_util.c ****  *  You may obtain a copy of the License at
  11:Source\mbedtls_open\library/platform_util.c ****  *
  12:Source\mbedtls_open\library/platform_util.c ****  *  http://www.apache.org/licenses/LICENSE-2.0
  13:Source\mbedtls_open\library/platform_util.c ****  *
  14:Source\mbedtls_open\library/platform_util.c ****  *  Unless required by applicable law or agreed to in writing, software
  15:Source\mbedtls_open\library/platform_util.c ****  *  distributed under the License is distributed on an "AS IS" BASIS, WITHOUT
  16:Source\mbedtls_open\library/platform_util.c ****  *  WARRANTIES OR CONDITIONS OF ANY KIND, either express or implied.
  17:Source\mbedtls_open\library/platform_util.c ****  *  See the License for the specific language governing permissions and
  18:Source\mbedtls_open\library/platform_util.c ****  *  limitations under the License.
  19:Source\mbedtls_open\library/platform_util.c ****  *
  20:Source\mbedtls_open\library/platform_util.c ****  *  This file is part of Mbed TLS (https://tls.mbed.org)
  21:Source\mbedtls_open\library/platform_util.c ****  */
  22:Source\mbedtls_open\library/platform_util.c **** 
  23:Source\mbedtls_open\library/platform_util.c **** /*
  24:Source\mbedtls_open\library/platform_util.c ****  * Ensure gmtime_r is available even with -std=c99; must be defined before
  25:Source\mbedtls_open\library/platform_util.c ****  * config.h, which pulls in glibc's features.h. Harmless on other platforms.
  26:Source\mbedtls_open\library/platform_util.c ****  */
  27:Source\mbedtls_open\library/platform_util.c **** #if !defined(_POSIX_C_SOURCE)
  28:Source\mbedtls_open\library/platform_util.c **** #define _POSIX_C_SOURCE 200112L
  29:Source\mbedtls_open\library/platform_util.c **** #endif
  30:Source\mbedtls_open\library/platform_util.c **** 
ARM GAS  C:\Users\Phuong\AppData\Local\Temp\ccXmrOuy.s 			page 2


  31:Source\mbedtls_open\library/platform_util.c **** #if !defined(MBEDTLS_CONFIG_FILE)
  32:Source\mbedtls_open\library/platform_util.c **** #include "mbedtls/config.h"
  33:Source\mbedtls_open\library/platform_util.c **** #else
  34:Source\mbedtls_open\library/platform_util.c **** #include MBEDTLS_CONFIG_FILE
  35:Source\mbedtls_open\library/platform_util.c **** #endif
  36:Source\mbedtls_open\library/platform_util.c **** 
  37:Source\mbedtls_open\library/platform_util.c **** #include "mbedtls/platform_util.h"
  38:Source\mbedtls_open\library/platform_util.c **** #include "mbedtls/threading.h"
  39:Source\mbedtls_open\library/platform_util.c **** 
  40:Source\mbedtls_open\library/platform_util.c **** #include <stddef.h>
  41:Source\mbedtls_open\library/platform_util.c **** #include <string.h>
  42:Source\mbedtls_open\library/platform_util.c **** 
  43:Source\mbedtls_open\library/platform_util.c **** #if !defined(MBEDTLS_PLATFORM_ZEROIZE_ALT)
  44:Source\mbedtls_open\library/platform_util.c **** /*
  45:Source\mbedtls_open\library/platform_util.c ****  * This implementation should never be optimized out by the compiler
  46:Source\mbedtls_open\library/platform_util.c ****  *
  47:Source\mbedtls_open\library/platform_util.c ****  * This implementation for mbedtls_platform_zeroize() was inspired from Colin
  48:Source\mbedtls_open\library/platform_util.c ****  * Percival's blog article at:
  49:Source\mbedtls_open\library/platform_util.c ****  *
  50:Source\mbedtls_open\library/platform_util.c ****  * http://www.daemonology.net/blog/2014-09-04-how-to-zero-a-buffer.html
  51:Source\mbedtls_open\library/platform_util.c ****  *
  52:Source\mbedtls_open\library/platform_util.c ****  * It uses a volatile function pointer to the standard memset(). Because the
  53:Source\mbedtls_open\library/platform_util.c ****  * pointer is volatile the compiler expects it to change at
  54:Source\mbedtls_open\library/platform_util.c ****  * any time and will not optimize out the call that could potentially perform
  55:Source\mbedtls_open\library/platform_util.c ****  * other operations on the input buffer instead of just setting it to 0.
  56:Source\mbedtls_open\library/platform_util.c ****  * Nevertheless, as pointed out by davidtgoldblatt on Hacker News
  57:Source\mbedtls_open\library/platform_util.c ****  * (refer to http://www.daemonology.net/blog/2014-09-05-erratum.html for
  58:Source\mbedtls_open\library/platform_util.c ****  * details), optimizations of the following form are still possible:
  59:Source\mbedtls_open\library/platform_util.c ****  *
  60:Source\mbedtls_open\library/platform_util.c ****  * if( memset_func != memset )
  61:Source\mbedtls_open\library/platform_util.c ****  *     memset_func( buf, 0, len );
  62:Source\mbedtls_open\library/platform_util.c ****  *
  63:Source\mbedtls_open\library/platform_util.c ****  * Note that it is extremely difficult to guarantee that
  64:Source\mbedtls_open\library/platform_util.c ****  * mbedtls_platform_zeroize() will not be optimized out by aggressive compilers
  65:Source\mbedtls_open\library/platform_util.c ****  * in a portable way. For this reason, Mbed TLS also provides the configuration
  66:Source\mbedtls_open\library/platform_util.c ****  * option MBEDTLS_PLATFORM_ZEROIZE_ALT, which allows users to configure
  67:Source\mbedtls_open\library/platform_util.c ****  * mbedtls_platform_zeroize() to use a suitable implementation for their
  68:Source\mbedtls_open\library/platform_util.c ****  * platform and needs.
  69:Source\mbedtls_open\library/platform_util.c ****  */
  70:Source\mbedtls_open\library/platform_util.c **** static void * (* const volatile memset_func)( void *, int, size_t ) = memset;
  71:Source\mbedtls_open\library/platform_util.c **** 
  72:Source\mbedtls_open\library/platform_util.c **** void mbedtls_platform_zeroize( void *buf, size_t len )
  73:Source\mbedtls_open\library/platform_util.c **** {
  28              		.loc 1 73 0
  29              		.cfi_startproc
  30              		@ args = 0, pretend = 0, frame = 0
  31              		@ frame_needed = 0, uses_anonymous_args = 0
  32              	.LVL0:
  33 0000 10B5     		push	{r4, lr}
  34              		.cfi_def_cfa_offset 8
  35              		.cfi_offset 4, -8
  36              		.cfi_offset 14, -4
  37 0002 0A00     		movs	r2, r1
  74:Source\mbedtls_open\library/platform_util.c ****     memset_func( buf, 0, len );
  38              		.loc 1 74 0
  39 0004 024B     		ldr	r3, .L2
  40 0006 1B68     		ldr	r3, [r3]
ARM GAS  C:\Users\Phuong\AppData\Local\Temp\ccXmrOuy.s 			page 3


  41 0008 0021     		movs	r1, #0
  42              	.LVL1:
  43 000a 9847     		blx	r3
  44              	.LVL2:
  75:Source\mbedtls_open\library/platform_util.c **** }
  45              		.loc 1 75 0
  46              		@ sp needed
  47 000c 10BD     		pop	{r4, pc}
  48              	.L3:
  49 000e C046     		.align	2
  50              	.L2:
  51 0010 00000000 		.word	.LANCHOR0
  52              		.cfi_endproc
  53              	.LFE0:
  54              		.size	mbedtls_platform_zeroize, .-mbedtls_platform_zeroize
  55              		.data
  56              		.align	2
  57              		.set	.LANCHOR0,. + 0
  58              		.type	memset_func, %object
  59              		.size	memset_func, 4
  60              	memset_func:
  61 0000 00000000 		.word	memset
  62              		.text
  63              	.Letext0:
  64              		.file 2 "c:\\program files (x86)\\cypress\\psoc creator\\4.2\\psoc creator\\import\\gnu\\arm\\5.4.
  65              		.section	.debug_info,"",%progbits
  66              	.Ldebug_info0:
  67 0000 11010000 		.4byte	0x111
  68 0004 0400     		.2byte	0x4
  69 0006 00000000 		.4byte	.Ldebug_abbrev0
  70 000a 04       		.byte	0x4
  71 000b 01       		.uleb128 0x1
  72 000c 6C010000 		.4byte	.LASF12
  73 0010 0C       		.byte	0xc
  74 0011 FF000000 		.4byte	.LASF13
  75 0015 51000000 		.4byte	.LASF14
  76 0019 00000000 		.4byte	.Ldebug_ranges0+0
  77 001d 00000000 		.4byte	0
  78 0021 00000000 		.4byte	.Ldebug_line0
  79 0025 02       		.uleb128 0x2
  80 0026 01       		.byte	0x1
  81 0027 06       		.byte	0x6
  82 0028 4A010000 		.4byte	.LASF0
  83 002c 02       		.uleb128 0x2
  84 002d 01       		.byte	0x1
  85 002e 08       		.byte	0x8
  86 002f 43000000 		.4byte	.LASF1
  87 0033 02       		.uleb128 0x2
  88 0034 02       		.byte	0x2
  89 0035 05       		.byte	0x5
  90 0036 62010000 		.4byte	.LASF2
  91 003a 02       		.uleb128 0x2
  92 003b 02       		.byte	0x2
  93 003c 07       		.byte	0x7
  94 003d 37010000 		.4byte	.LASF3
  95 0041 02       		.uleb128 0x2
  96 0042 04       		.byte	0x4
ARM GAS  C:\Users\Phuong\AppData\Local\Temp\ccXmrOuy.s 			page 4


  97 0043 05       		.byte	0x5
  98 0044 F6000000 		.4byte	.LASF4
  99 0048 02       		.uleb128 0x2
 100 0049 04       		.byte	0x4
 101 004a 07       		.byte	0x7
 102 004b 15000000 		.4byte	.LASF5
 103 004f 02       		.uleb128 0x2
 104 0050 08       		.byte	0x8
 105 0051 05       		.byte	0x5
 106 0052 00000000 		.4byte	.LASF6
 107 0056 02       		.uleb128 0x2
 108 0057 08       		.byte	0x8
 109 0058 07       		.byte	0x7
 110 0059 27000000 		.4byte	.LASF7
 111 005d 03       		.uleb128 0x3
 112 005e 04       		.byte	0x4
 113 005f 05       		.byte	0x5
 114 0060 696E7400 		.ascii	"int\000"
 115 0064 02       		.uleb128 0x2
 116 0065 04       		.byte	0x4
 117 0066 07       		.byte	0x7
 118 0067 FE010000 		.4byte	.LASF8
 119 006b 04       		.uleb128 0x4
 120 006c 0E000000 		.4byte	.LASF15
 121 0070 02       		.byte	0x2
 122 0071 D8       		.byte	0xd8
 123 0072 64000000 		.4byte	0x64
 124 0076 02       		.uleb128 0x2
 125 0077 08       		.byte	0x8
 126 0078 04       		.byte	0x4
 127 0079 56010000 		.4byte	.LASF9
 128 007d 02       		.uleb128 0x2
 129 007e 04       		.byte	0x4
 130 007f 07       		.byte	0x7
 131 0080 24020000 		.4byte	.LASF10
 132 0084 05       		.uleb128 0x5
 133 0085 04       		.byte	0x4
 134 0086 02       		.uleb128 0x2
 135 0087 01       		.byte	0x1
 136 0088 08       		.byte	0x8
 137 0089 3E000000 		.4byte	.LASF11
 138 008d 06       		.uleb128 0x6
 139 008e 0B020000 		.4byte	.LASF16
 140 0092 01       		.byte	0x1
 141 0093 48       		.byte	0x48
 142 0094 00000000 		.4byte	.LFB0
 143 0098 14000000 		.4byte	.LFE0-.LFB0
 144 009c 01       		.uleb128 0x1
 145 009d 9C       		.byte	0x9c
 146 009e DA000000 		.4byte	0xda
 147 00a2 07       		.uleb128 0x7
 148 00a3 62756600 		.ascii	"buf\000"
 149 00a7 01       		.byte	0x1
 150 00a8 48       		.byte	0x48
 151 00a9 84000000 		.4byte	0x84
 152 00ad 00000000 		.4byte	.LLST0
 153 00b1 07       		.uleb128 0x7
ARM GAS  C:\Users\Phuong\AppData\Local\Temp\ccXmrOuy.s 			page 5


 154 00b2 6C656E00 		.ascii	"len\000"
 155 00b6 01       		.byte	0x1
 156 00b7 48       		.byte	0x48
 157 00b8 6B000000 		.4byte	0x6b
 158 00bc 21000000 		.4byte	.LLST1
 159 00c0 08       		.uleb128 0x8
 160 00c1 0C000000 		.4byte	.LVL2
 161 00c5 09       		.uleb128 0x9
 162 00c6 01       		.uleb128 0x1
 163 00c7 50       		.byte	0x50
 164 00c8 03       		.uleb128 0x3
 165 00c9 F3       		.byte	0xf3
 166 00ca 01       		.uleb128 0x1
 167 00cb 50       		.byte	0x50
 168 00cc 09       		.uleb128 0x9
 169 00cd 01       		.uleb128 0x1
 170 00ce 51       		.byte	0x51
 171 00cf 01       		.uleb128 0x1
 172 00d0 30       		.byte	0x30
 173 00d1 09       		.uleb128 0x9
 174 00d2 01       		.uleb128 0x1
 175 00d3 52       		.byte	0x52
 176 00d4 03       		.uleb128 0x3
 177 00d5 F3       		.byte	0xf3
 178 00d6 01       		.uleb128 0x1
 179 00d7 51       		.byte	0x51
 180 00d8 00       		.byte	0
 181 00d9 00       		.byte	0
 182 00da 0A       		.uleb128 0xa
 183 00db 84000000 		.4byte	0x84
 184 00df F3000000 		.4byte	0xf3
 185 00e3 0B       		.uleb128 0xb
 186 00e4 84000000 		.4byte	0x84
 187 00e8 0B       		.uleb128 0xb
 188 00e9 5D000000 		.4byte	0x5d
 189 00ed 0B       		.uleb128 0xb
 190 00ee 6B000000 		.4byte	0x6b
 191 00f2 00       		.byte	0
 192 00f3 0C       		.uleb128 0xc
 193 00f4 2B010000 		.4byte	.LASF17
 194 00f8 01       		.byte	0x1
 195 00f9 46       		.byte	0x46
 196 00fa 0F010000 		.4byte	0x10f
 197 00fe 05       		.uleb128 0x5
 198 00ff 03       		.byte	0x3
 199 0100 00000000 		.4byte	memset_func
 200 0104 0D       		.uleb128 0xd
 201 0105 04       		.byte	0x4
 202 0106 DA000000 		.4byte	0xda
 203 010a 0E       		.uleb128 0xe
 204 010b 04010000 		.4byte	0x104
 205 010f 0F       		.uleb128 0xf
 206 0110 0A010000 		.4byte	0x10a
 207 0114 00       		.byte	0
 208              		.section	.debug_abbrev,"",%progbits
 209              	.Ldebug_abbrev0:
 210 0000 01       		.uleb128 0x1
ARM GAS  C:\Users\Phuong\AppData\Local\Temp\ccXmrOuy.s 			page 6


 211 0001 11       		.uleb128 0x11
 212 0002 01       		.byte	0x1
 213 0003 25       		.uleb128 0x25
 214 0004 0E       		.uleb128 0xe
 215 0005 13       		.uleb128 0x13
 216 0006 0B       		.uleb128 0xb
 217 0007 03       		.uleb128 0x3
 218 0008 0E       		.uleb128 0xe
 219 0009 1B       		.uleb128 0x1b
 220 000a 0E       		.uleb128 0xe
 221 000b 55       		.uleb128 0x55
 222 000c 17       		.uleb128 0x17
 223 000d 11       		.uleb128 0x11
 224 000e 01       		.uleb128 0x1
 225 000f 10       		.uleb128 0x10
 226 0010 17       		.uleb128 0x17
 227 0011 00       		.byte	0
 228 0012 00       		.byte	0
 229 0013 02       		.uleb128 0x2
 230 0014 24       		.uleb128 0x24
 231 0015 00       		.byte	0
 232 0016 0B       		.uleb128 0xb
 233 0017 0B       		.uleb128 0xb
 234 0018 3E       		.uleb128 0x3e
 235 0019 0B       		.uleb128 0xb
 236 001a 03       		.uleb128 0x3
 237 001b 0E       		.uleb128 0xe
 238 001c 00       		.byte	0
 239 001d 00       		.byte	0
 240 001e 03       		.uleb128 0x3
 241 001f 24       		.uleb128 0x24
 242 0020 00       		.byte	0
 243 0021 0B       		.uleb128 0xb
 244 0022 0B       		.uleb128 0xb
 245 0023 3E       		.uleb128 0x3e
 246 0024 0B       		.uleb128 0xb
 247 0025 03       		.uleb128 0x3
 248 0026 08       		.uleb128 0x8
 249 0027 00       		.byte	0
 250 0028 00       		.byte	0
 251 0029 04       		.uleb128 0x4
 252 002a 16       		.uleb128 0x16
 253 002b 00       		.byte	0
 254 002c 03       		.uleb128 0x3
 255 002d 0E       		.uleb128 0xe
 256 002e 3A       		.uleb128 0x3a
 257 002f 0B       		.uleb128 0xb
 258 0030 3B       		.uleb128 0x3b
 259 0031 0B       		.uleb128 0xb
 260 0032 49       		.uleb128 0x49
 261 0033 13       		.uleb128 0x13
 262 0034 00       		.byte	0
 263 0035 00       		.byte	0
 264 0036 05       		.uleb128 0x5
 265 0037 0F       		.uleb128 0xf
 266 0038 00       		.byte	0
 267 0039 0B       		.uleb128 0xb
ARM GAS  C:\Users\Phuong\AppData\Local\Temp\ccXmrOuy.s 			page 7


 268 003a 0B       		.uleb128 0xb
 269 003b 00       		.byte	0
 270 003c 00       		.byte	0
 271 003d 06       		.uleb128 0x6
 272 003e 2E       		.uleb128 0x2e
 273 003f 01       		.byte	0x1
 274 0040 3F       		.uleb128 0x3f
 275 0041 19       		.uleb128 0x19
 276 0042 03       		.uleb128 0x3
 277 0043 0E       		.uleb128 0xe
 278 0044 3A       		.uleb128 0x3a
 279 0045 0B       		.uleb128 0xb
 280 0046 3B       		.uleb128 0x3b
 281 0047 0B       		.uleb128 0xb
 282 0048 27       		.uleb128 0x27
 283 0049 19       		.uleb128 0x19
 284 004a 11       		.uleb128 0x11
 285 004b 01       		.uleb128 0x1
 286 004c 12       		.uleb128 0x12
 287 004d 06       		.uleb128 0x6
 288 004e 40       		.uleb128 0x40
 289 004f 18       		.uleb128 0x18
 290 0050 9742     		.uleb128 0x2117
 291 0052 19       		.uleb128 0x19
 292 0053 01       		.uleb128 0x1
 293 0054 13       		.uleb128 0x13
 294 0055 00       		.byte	0
 295 0056 00       		.byte	0
 296 0057 07       		.uleb128 0x7
 297 0058 05       		.uleb128 0x5
 298 0059 00       		.byte	0
 299 005a 03       		.uleb128 0x3
 300 005b 08       		.uleb128 0x8
 301 005c 3A       		.uleb128 0x3a
 302 005d 0B       		.uleb128 0xb
 303 005e 3B       		.uleb128 0x3b
 304 005f 0B       		.uleb128 0xb
 305 0060 49       		.uleb128 0x49
 306 0061 13       		.uleb128 0x13
 307 0062 02       		.uleb128 0x2
 308 0063 17       		.uleb128 0x17
 309 0064 00       		.byte	0
 310 0065 00       		.byte	0
 311 0066 08       		.uleb128 0x8
 312 0067 898201   		.uleb128 0x4109
 313 006a 01       		.byte	0x1
 314 006b 11       		.uleb128 0x11
 315 006c 01       		.uleb128 0x1
 316 006d 00       		.byte	0
 317 006e 00       		.byte	0
 318 006f 09       		.uleb128 0x9
 319 0070 8A8201   		.uleb128 0x410a
 320 0073 00       		.byte	0
 321 0074 02       		.uleb128 0x2
 322 0075 18       		.uleb128 0x18
 323 0076 9142     		.uleb128 0x2111
 324 0078 18       		.uleb128 0x18
ARM GAS  C:\Users\Phuong\AppData\Local\Temp\ccXmrOuy.s 			page 8


 325 0079 00       		.byte	0
 326 007a 00       		.byte	0
 327 007b 0A       		.uleb128 0xa
 328 007c 15       		.uleb128 0x15
 329 007d 01       		.byte	0x1
 330 007e 27       		.uleb128 0x27
 331 007f 19       		.uleb128 0x19
 332 0080 49       		.uleb128 0x49
 333 0081 13       		.uleb128 0x13
 334 0082 01       		.uleb128 0x1
 335 0083 13       		.uleb128 0x13
 336 0084 00       		.byte	0
 337 0085 00       		.byte	0
 338 0086 0B       		.uleb128 0xb
 339 0087 05       		.uleb128 0x5
 340 0088 00       		.byte	0
 341 0089 49       		.uleb128 0x49
 342 008a 13       		.uleb128 0x13
 343 008b 00       		.byte	0
 344 008c 00       		.byte	0
 345 008d 0C       		.uleb128 0xc
 346 008e 34       		.uleb128 0x34
 347 008f 00       		.byte	0
 348 0090 03       		.uleb128 0x3
 349 0091 0E       		.uleb128 0xe
 350 0092 3A       		.uleb128 0x3a
 351 0093 0B       		.uleb128 0xb
 352 0094 3B       		.uleb128 0x3b
 353 0095 0B       		.uleb128 0xb
 354 0096 49       		.uleb128 0x49
 355 0097 13       		.uleb128 0x13
 356 0098 02       		.uleb128 0x2
 357 0099 18       		.uleb128 0x18
 358 009a 00       		.byte	0
 359 009b 00       		.byte	0
 360 009c 0D       		.uleb128 0xd
 361 009d 0F       		.uleb128 0xf
 362 009e 00       		.byte	0
 363 009f 0B       		.uleb128 0xb
 364 00a0 0B       		.uleb128 0xb
 365 00a1 49       		.uleb128 0x49
 366 00a2 13       		.uleb128 0x13
 367 00a3 00       		.byte	0
 368 00a4 00       		.byte	0
 369 00a5 0E       		.uleb128 0xe
 370 00a6 35       		.uleb128 0x35
 371 00a7 00       		.byte	0
 372 00a8 49       		.uleb128 0x49
 373 00a9 13       		.uleb128 0x13
 374 00aa 00       		.byte	0
 375 00ab 00       		.byte	0
 376 00ac 0F       		.uleb128 0xf
 377 00ad 26       		.uleb128 0x26
 378 00ae 00       		.byte	0
 379 00af 49       		.uleb128 0x49
 380 00b0 13       		.uleb128 0x13
 381 00b1 00       		.byte	0
ARM GAS  C:\Users\Phuong\AppData\Local\Temp\ccXmrOuy.s 			page 9


 382 00b2 00       		.byte	0
 383 00b3 00       		.byte	0
 384              		.section	.debug_loc,"",%progbits
 385              	.Ldebug_loc0:
 386              	.LLST0:
 387 0000 00000000 		.4byte	.LVL0
 388 0004 0B000000 		.4byte	.LVL2-1
 389 0008 0100     		.2byte	0x1
 390 000a 50       		.byte	0x50
 391 000b 0B000000 		.4byte	.LVL2-1
 392 000f 14000000 		.4byte	.LFE0
 393 0013 0400     		.2byte	0x4
 394 0015 F3       		.byte	0xf3
 395 0016 01       		.uleb128 0x1
 396 0017 50       		.byte	0x50
 397 0018 9F       		.byte	0x9f
 398 0019 00000000 		.4byte	0
 399 001d 00000000 		.4byte	0
 400              	.LLST1:
 401 0021 00000000 		.4byte	.LVL0
 402 0025 0A000000 		.4byte	.LVL1
 403 0029 0100     		.2byte	0x1
 404 002b 51       		.byte	0x51
 405 002c 0A000000 		.4byte	.LVL1
 406 0030 0B000000 		.4byte	.LVL2-1
 407 0034 0100     		.2byte	0x1
 408 0036 52       		.byte	0x52
 409 0037 0B000000 		.4byte	.LVL2-1
 410 003b 14000000 		.4byte	.LFE0
 411 003f 0400     		.2byte	0x4
 412 0041 F3       		.byte	0xf3
 413 0042 01       		.uleb128 0x1
 414 0043 51       		.byte	0x51
 415 0044 9F       		.byte	0x9f
 416 0045 00000000 		.4byte	0
 417 0049 00000000 		.4byte	0
 418              		.section	.debug_aranges,"",%progbits
 419 0000 1C000000 		.4byte	0x1c
 420 0004 0200     		.2byte	0x2
 421 0006 00000000 		.4byte	.Ldebug_info0
 422 000a 04       		.byte	0x4
 423 000b 00       		.byte	0
 424 000c 0000     		.2byte	0
 425 000e 0000     		.2byte	0
 426 0010 00000000 		.4byte	.LFB0
 427 0014 14000000 		.4byte	.LFE0-.LFB0
 428 0018 00000000 		.4byte	0
 429 001c 00000000 		.4byte	0
 430              		.section	.debug_ranges,"",%progbits
 431              	.Ldebug_ranges0:
 432 0000 00000000 		.4byte	.LFB0
 433 0004 14000000 		.4byte	.LFE0
 434 0008 00000000 		.4byte	0
 435 000c 00000000 		.4byte	0
 436              		.section	.debug_line,"",%progbits
 437              	.Ldebug_line0:
 438 0000 DC000000 		.section	.debug_str,"MS",%progbits,1
ARM GAS  C:\Users\Phuong\AppData\Local\Temp\ccXmrOuy.s 			page 10


 438      0200C400 
 438      00000201 
 438      FB0E0D00 
 438      01010101 
 439              	.LASF6:
 440 0000 6C6F6E67 		.ascii	"long long int\000"
 440      206C6F6E 
 440      6720696E 
 440      7400
 441              	.LASF15:
 442 000e 73697A65 		.ascii	"size_t\000"
 442      5F7400
 443              	.LASF5:
 444 0015 6C6F6E67 		.ascii	"long unsigned int\000"
 444      20756E73 
 444      69676E65 
 444      6420696E 
 444      7400
 445              	.LASF7:
 446 0027 6C6F6E67 		.ascii	"long long unsigned int\000"
 446      206C6F6E 
 446      6720756E 
 446      7369676E 
 446      65642069 
 447              	.LASF11:
 448 003e 63686172 		.ascii	"char\000"
 448      00
 449              	.LASF1:
 450 0043 756E7369 		.ascii	"unsigned char\000"
 450      676E6564 
 450      20636861 
 450      7200
 451              	.LASF14:
 452 0051 433A5C55 		.ascii	"C:\\Users\\Phuong\\Documents\\PSoC Creator\\Dec0820"
 452      73657273 
 452      5C506875 
 452      6F6E675C 
 452      446F6375 
 453 007f 31385C69 		.ascii	"18\\iot-sdk-iot-dev\\PSOC6_FreeRTOS+LwIP+MbedTLS_Az"
 453      6F742D73 
 453      646B2D69 
 453      6F742D64 
 453      65765C50 
 454 00b0 7572652D 		.ascii	"ure-IOT-Hub-Demo\\PSOC6_FreeRTOS+LwIP+MbedTLS_Azure"
 454      494F542D 
 454      4875622D 
 454      44656D6F 
 454      5C50534F 
 455 00e2 2D494F54 		.ascii	"-IOT-Hub-Demo.cydsn\000"
 455      2D487562 
 455      2D44656D 
 455      6F2E6379 
 455      64736E00 
 456              	.LASF4:
 457 00f6 6C6F6E67 		.ascii	"long int\000"
 457      20696E74 
 457      00
ARM GAS  C:\Users\Phuong\AppData\Local\Temp\ccXmrOuy.s 			page 11


 458              	.LASF13:
 459 00ff 536F7572 		.ascii	"Source\\mbedtls_open\\library\\platform_util.c\000"
 459      63655C6D 
 459      62656474 
 459      6C735F6F 
 459      70656E5C 
 460              	.LASF17:
 461 012b 6D656D73 		.ascii	"memset_func\000"
 461      65745F66 
 461      756E6300 
 462              	.LASF3:
 463 0137 73686F72 		.ascii	"short unsigned int\000"
 463      7420756E 
 463      7369676E 
 463      65642069 
 463      6E7400
 464              	.LASF0:
 465 014a 7369676E 		.ascii	"signed char\000"
 465      65642063 
 465      68617200 
 466              	.LASF9:
 467 0156 6C6F6E67 		.ascii	"long double\000"
 467      20646F75 
 467      626C6500 
 468              	.LASF2:
 469 0162 73686F72 		.ascii	"short int\000"
 469      7420696E 
 469      7400
 470              	.LASF12:
 471 016c 474E5520 		.ascii	"GNU C11 5.4.1 20160609 (release) [ARM/embedded-5-br"
 471      43313120 
 471      352E342E 
 471      31203230 
 471      31363036 
 472 019f 616E6368 		.ascii	"anch revision 237715] -mcpu=cortex-m0plus -mthumb -"
 472      20726576 
 472      6973696F 
 472      6E203233 
 472      37373135 
 473 01d2 67202D4F 		.ascii	"g -Og -ffunction-sections -ffat-lto-objects\000"
 473      67202D66 
 473      66756E63 
 473      74696F6E 
 473      2D736563 
 474              	.LASF8:
 475 01fe 756E7369 		.ascii	"unsigned int\000"
 475      676E6564 
 475      20696E74 
 475      00
 476              	.LASF16:
 477 020b 6D626564 		.ascii	"mbedtls_platform_zeroize\000"
 477      746C735F 
 477      706C6174 
 477      666F726D 
 477      5F7A6572 
 478              	.LASF10:
 479 0224 73697A65 		.ascii	"sizetype\000"
ARM GAS  C:\Users\Phuong\AppData\Local\Temp\ccXmrOuy.s 			page 12


 479      74797065 
 479      00
 480              		.ident	"GCC: (GNU Tools for ARM Embedded Processors) 5.4.1 20160609 (release) [ARM/embedded-5-bran
