ARM GAS  C:\Users\Phuong\AppData\Local\Temp\ccvh8ULi.s 			page 1


   1              		.syntax unified
   2              		.cpu cortex-m0plus
   3              		.fpu softvfp
   4              		.eabi_attribute 20, 1
   5              		.eabi_attribute 21, 1
   6              		.eabi_attribute 23, 3
   7              		.eabi_attribute 24, 1
   8              		.eabi_attribute 25, 1
   9              		.eabi_attribute 26, 1
  10              		.eabi_attribute 30, 1
  11              		.eabi_attribute 34, 0
  12              		.eabi_attribute 18, 4
  13              		.thumb
  14              		.syntax unified
  15              		.file	"sasl_mssbcbs.c"
  16              		.text
  17              	.Ltext0:
  18              		.cfi_sections	.debug_frame
  19              		.section	.text.saslmssbcbs_get_init_bytes,"ax",%progbits
  20              		.align	2
  21              		.global	saslmssbcbs_get_init_bytes
  22              		.code	16
  23              		.thumb_func
  24              		.type	saslmssbcbs_get_init_bytes, %function
  25              	saslmssbcbs_get_init_bytes:
  26              	.LFB3:
  27              		.file 1 "Source\\azure_iot_sdk\\uamqp\\src\\sasl_mssbcbs.c"
   1:Source\azure_iot_sdk\uamqp\src/sasl_mssbcbs.c **** // Copyright (c) Microsoft. All rights reserved.
   2:Source\azure_iot_sdk\uamqp\src/sasl_mssbcbs.c **** // Licensed under the MIT license. See LICENSE file in the project root for full license informatio
   3:Source\azure_iot_sdk\uamqp\src/sasl_mssbcbs.c **** 
   4:Source\azure_iot_sdk\uamqp\src/sasl_mssbcbs.c **** #include <stdlib.h>
   5:Source\azure_iot_sdk\uamqp\src/sasl_mssbcbs.c **** #include <string.h>
   6:Source\azure_iot_sdk\uamqp\src/sasl_mssbcbs.c **** #include "azure_c_shared_utility/optimize_size.h"
   7:Source\azure_iot_sdk\uamqp\src/sasl_mssbcbs.c **** #include "azure_c_shared_utility/gballoc.h"
   8:Source\azure_iot_sdk\uamqp\src/sasl_mssbcbs.c **** #include "azure_c_shared_utility/xlogging.h"
   9:Source\azure_iot_sdk\uamqp\src/sasl_mssbcbs.c **** #include "azure_uamqp_c/sasl_mssbcbs.h"
  10:Source\azure_iot_sdk\uamqp\src/sasl_mssbcbs.c **** 
  11:Source\azure_iot_sdk\uamqp\src/sasl_mssbcbs.c **** typedef struct SASL_MSSBCBS_INSTANCE_TAG
  12:Source\azure_iot_sdk\uamqp\src/sasl_mssbcbs.c **** {
  13:Source\azure_iot_sdk\uamqp\src/sasl_mssbcbs.c ****     unsigned char dummy;
  14:Source\azure_iot_sdk\uamqp\src/sasl_mssbcbs.c **** } SASL_MSSBCBS_INSTANCE;
  15:Source\azure_iot_sdk\uamqp\src/sasl_mssbcbs.c **** 
  16:Source\azure_iot_sdk\uamqp\src/sasl_mssbcbs.c **** static const SASL_MECHANISM_INTERFACE_DESCRIPTION saslmssbcbs_interface =
  17:Source\azure_iot_sdk\uamqp\src/sasl_mssbcbs.c **** {
  18:Source\azure_iot_sdk\uamqp\src/sasl_mssbcbs.c ****     saslmssbcbs_create,
  19:Source\azure_iot_sdk\uamqp\src/sasl_mssbcbs.c ****     saslmssbcbs_destroy,
  20:Source\azure_iot_sdk\uamqp\src/sasl_mssbcbs.c ****     saslmssbcbs_get_init_bytes,
  21:Source\azure_iot_sdk\uamqp\src/sasl_mssbcbs.c ****     saslmssbcbs_get_mechanism_name,
  22:Source\azure_iot_sdk\uamqp\src/sasl_mssbcbs.c ****     saslmssbcbs_challenge
  23:Source\azure_iot_sdk\uamqp\src/sasl_mssbcbs.c **** };
  24:Source\azure_iot_sdk\uamqp\src/sasl_mssbcbs.c **** 
  25:Source\azure_iot_sdk\uamqp\src/sasl_mssbcbs.c **** CONCRETE_SASL_MECHANISM_HANDLE saslmssbcbs_create(void* config)
  26:Source\azure_iot_sdk\uamqp\src/sasl_mssbcbs.c **** {
  27:Source\azure_iot_sdk\uamqp\src/sasl_mssbcbs.c ****     (void)config;
  28:Source\azure_iot_sdk\uamqp\src/sasl_mssbcbs.c ****     return malloc(sizeof(SASL_MSSBCBS_INSTANCE));
  29:Source\azure_iot_sdk\uamqp\src/sasl_mssbcbs.c **** }
  30:Source\azure_iot_sdk\uamqp\src/sasl_mssbcbs.c **** 
ARM GAS  C:\Users\Phuong\AppData\Local\Temp\ccvh8ULi.s 			page 2


  31:Source\azure_iot_sdk\uamqp\src/sasl_mssbcbs.c **** void saslmssbcbs_destroy(CONCRETE_SASL_MECHANISM_HANDLE sasl_mechanism_concrete_handle)
  32:Source\azure_iot_sdk\uamqp\src/sasl_mssbcbs.c **** {
  33:Source\azure_iot_sdk\uamqp\src/sasl_mssbcbs.c ****     if (sasl_mechanism_concrete_handle != NULL)
  34:Source\azure_iot_sdk\uamqp\src/sasl_mssbcbs.c ****     {
  35:Source\azure_iot_sdk\uamqp\src/sasl_mssbcbs.c ****         free(sasl_mechanism_concrete_handle);
  36:Source\azure_iot_sdk\uamqp\src/sasl_mssbcbs.c ****     }
  37:Source\azure_iot_sdk\uamqp\src/sasl_mssbcbs.c **** }
  38:Source\azure_iot_sdk\uamqp\src/sasl_mssbcbs.c **** 
  39:Source\azure_iot_sdk\uamqp\src/sasl_mssbcbs.c **** int saslmssbcbs_get_init_bytes(CONCRETE_SASL_MECHANISM_HANDLE sasl_mechanism_concrete_handle, SASL_
  40:Source\azure_iot_sdk\uamqp\src/sasl_mssbcbs.c **** {
  28              		.loc 1 40 0
  29              		.cfi_startproc
  30              		@ args = 0, pretend = 0, frame = 0
  31              		@ frame_needed = 0, uses_anonymous_args = 0
  32              		@ link register save eliminated.
  33              	.LVL0:
  41:Source\azure_iot_sdk\uamqp\src/sasl_mssbcbs.c ****     int result;
  42:Source\azure_iot_sdk\uamqp\src/sasl_mssbcbs.c **** 
  43:Source\azure_iot_sdk\uamqp\src/sasl_mssbcbs.c ****     if (sasl_mechanism_concrete_handle == NULL)
  34              		.loc 1 43 0
  35 0000 0028     		cmp	r0, #0
  36 0002 04D0     		beq	.L3
  44:Source\azure_iot_sdk\uamqp\src/sasl_mssbcbs.c ****     {
  45:Source\azure_iot_sdk\uamqp\src/sasl_mssbcbs.c ****         result = __FAILURE__;
  46:Source\azure_iot_sdk\uamqp\src/sasl_mssbcbs.c ****     }
  47:Source\azure_iot_sdk\uamqp\src/sasl_mssbcbs.c ****     else
  48:Source\azure_iot_sdk\uamqp\src/sasl_mssbcbs.c ****     {
  49:Source\azure_iot_sdk\uamqp\src/sasl_mssbcbs.c ****         init_bytes->bytes = NULL;
  37              		.loc 1 49 0
  38 0004 0023     		movs	r3, #0
  39 0006 0B60     		str	r3, [r1]
  50:Source\azure_iot_sdk\uamqp\src/sasl_mssbcbs.c ****         init_bytes->length = 0;
  40              		.loc 1 50 0
  41 0008 4B60     		str	r3, [r1, #4]
  42              	.LVL1:
  51:Source\azure_iot_sdk\uamqp\src/sasl_mssbcbs.c **** 
  52:Source\azure_iot_sdk\uamqp\src/sasl_mssbcbs.c ****         result = 0;
  43              		.loc 1 52 0
  44 000a 0020     		movs	r0, #0
  45              	.LVL2:
  46 000c 00E0     		b	.L2
  47              	.LVL3:
  48              	.L3:
  45:Source\azure_iot_sdk\uamqp\src/sasl_mssbcbs.c ****     }
  49              		.loc 1 45 0
  50 000e 2D20     		movs	r0, #45
  51              	.LVL4:
  52              	.L2:
  53:Source\azure_iot_sdk\uamqp\src/sasl_mssbcbs.c ****     }
  54:Source\azure_iot_sdk\uamqp\src/sasl_mssbcbs.c **** 
  55:Source\azure_iot_sdk\uamqp\src/sasl_mssbcbs.c ****     return result;
  56:Source\azure_iot_sdk\uamqp\src/sasl_mssbcbs.c **** }
  53              		.loc 1 56 0
  54              		@ sp needed
  55 0010 7047     		bx	lr
  56              		.cfi_endproc
  57              	.LFE3:
ARM GAS  C:\Users\Phuong\AppData\Local\Temp\ccvh8ULi.s 			page 3


  58              		.size	saslmssbcbs_get_init_bytes, .-saslmssbcbs_get_init_bytes
  59 0012 C046     		.section	.text.saslmssbcbs_get_mechanism_name,"ax",%progbits
  60              		.align	2
  61              		.global	saslmssbcbs_get_mechanism_name
  62              		.code	16
  63              		.thumb_func
  64              		.type	saslmssbcbs_get_mechanism_name, %function
  65              	saslmssbcbs_get_mechanism_name:
  66              	.LFB4:
  57:Source\azure_iot_sdk\uamqp\src/sasl_mssbcbs.c **** 
  58:Source\azure_iot_sdk\uamqp\src/sasl_mssbcbs.c **** const char* saslmssbcbs_get_mechanism_name(CONCRETE_SASL_MECHANISM_HANDLE sasl_mechanism)
  59:Source\azure_iot_sdk\uamqp\src/sasl_mssbcbs.c **** {
  67              		.loc 1 59 0
  68              		.cfi_startproc
  69              		@ args = 0, pretend = 0, frame = 0
  70              		@ frame_needed = 0, uses_anonymous_args = 0
  71              		@ link register save eliminated.
  72              	.LVL5:
  60:Source\azure_iot_sdk\uamqp\src/sasl_mssbcbs.c ****     const char* result;
  61:Source\azure_iot_sdk\uamqp\src/sasl_mssbcbs.c **** 
  62:Source\azure_iot_sdk\uamqp\src/sasl_mssbcbs.c ****     if (sasl_mechanism == NULL)
  73              		.loc 1 62 0
  74 0000 0028     		cmp	r0, #0
  75 0002 00D0     		beq	.L5
  63:Source\azure_iot_sdk\uamqp\src/sasl_mssbcbs.c ****     {
  64:Source\azure_iot_sdk\uamqp\src/sasl_mssbcbs.c ****         result = NULL;
  65:Source\azure_iot_sdk\uamqp\src/sasl_mssbcbs.c ****     }
  66:Source\azure_iot_sdk\uamqp\src/sasl_mssbcbs.c ****     else
  67:Source\azure_iot_sdk\uamqp\src/sasl_mssbcbs.c ****     {
  68:Source\azure_iot_sdk\uamqp\src/sasl_mssbcbs.c ****         result = "MSSBCBS";
  76              		.loc 1 68 0
  77 0004 0048     		ldr	r0, .L7
  78              	.LVL6:
  79              	.L5:
  69:Source\azure_iot_sdk\uamqp\src/sasl_mssbcbs.c ****     }
  70:Source\azure_iot_sdk\uamqp\src/sasl_mssbcbs.c **** 
  71:Source\azure_iot_sdk\uamqp\src/sasl_mssbcbs.c ****     return result;
  72:Source\azure_iot_sdk\uamqp\src/sasl_mssbcbs.c **** }
  80              		.loc 1 72 0
  81              		@ sp needed
  82 0006 7047     		bx	lr
  83              	.L8:
  84              		.align	2
  85              	.L7:
  86 0008 00000000 		.word	.LC0
  87              		.cfi_endproc
  88              	.LFE4:
  89              		.size	saslmssbcbs_get_mechanism_name, .-saslmssbcbs_get_mechanism_name
  90              		.section	.text.saslmssbcbs_challenge,"ax",%progbits
  91              		.align	2
  92              		.global	saslmssbcbs_challenge
  93              		.code	16
  94              		.thumb_func
  95              		.type	saslmssbcbs_challenge, %function
  96              	saslmssbcbs_challenge:
  97              	.LFB5:
  73:Source\azure_iot_sdk\uamqp\src/sasl_mssbcbs.c **** 
ARM GAS  C:\Users\Phuong\AppData\Local\Temp\ccvh8ULi.s 			page 4


  74:Source\azure_iot_sdk\uamqp\src/sasl_mssbcbs.c **** int saslmssbcbs_challenge(CONCRETE_SASL_MECHANISM_HANDLE concrete_sasl_mechanism, const SASL_MECHAN
  75:Source\azure_iot_sdk\uamqp\src/sasl_mssbcbs.c **** {
  98              		.loc 1 75 0
  99              		.cfi_startproc
 100              		@ args = 0, pretend = 0, frame = 0
 101              		@ frame_needed = 0, uses_anonymous_args = 0
 102              		@ link register save eliminated.
 103              	.LVL7:
  76:Source\azure_iot_sdk\uamqp\src/sasl_mssbcbs.c ****     (void)concrete_sasl_mechanism;
  77:Source\azure_iot_sdk\uamqp\src/sasl_mssbcbs.c ****     (void)challenge_bytes;
  78:Source\azure_iot_sdk\uamqp\src/sasl_mssbcbs.c ****     (void)response_bytes;
  79:Source\azure_iot_sdk\uamqp\src/sasl_mssbcbs.c ****     return 0;
  80:Source\azure_iot_sdk\uamqp\src/sasl_mssbcbs.c **** }
 104              		.loc 1 80 0
 105 0000 0020     		movs	r0, #0
 106              	.LVL8:
 107              		@ sp needed
 108 0002 7047     		bx	lr
 109              		.cfi_endproc
 110              	.LFE5:
 111              		.size	saslmssbcbs_challenge, .-saslmssbcbs_challenge
 112              		.section	.text.saslmssbcbs_create,"ax",%progbits
 113              		.align	2
 114              		.global	saslmssbcbs_create
 115              		.code	16
 116              		.thumb_func
 117              		.type	saslmssbcbs_create, %function
 118              	saslmssbcbs_create:
 119              	.LFB1:
  26:Source\azure_iot_sdk\uamqp\src/sasl_mssbcbs.c ****     (void)config;
 120              		.loc 1 26 0
 121              		.cfi_startproc
 122              		@ args = 0, pretend = 0, frame = 0
 123              		@ frame_needed = 0, uses_anonymous_args = 0
 124              	.LVL9:
 125 0000 10B5     		push	{r4, lr}
 126              		.cfi_def_cfa_offset 8
 127              		.cfi_offset 4, -8
 128              		.cfi_offset 14, -4
  28:Source\azure_iot_sdk\uamqp\src/sasl_mssbcbs.c **** }
 129              		.loc 1 28 0
 130 0002 0120     		movs	r0, #1
 131              	.LVL10:
 132 0004 FFF7FEFF 		bl	malloc
 133              	.LVL11:
  29:Source\azure_iot_sdk\uamqp\src/sasl_mssbcbs.c **** 
 134              		.loc 1 29 0
 135              		@ sp needed
 136 0008 10BD     		pop	{r4, pc}
 137              		.cfi_endproc
 138              	.LFE1:
 139              		.size	saslmssbcbs_create, .-saslmssbcbs_create
 140 000a C046     		.section	.text.saslmssbcbs_destroy,"ax",%progbits
 141              		.align	2
 142              		.global	saslmssbcbs_destroy
 143              		.code	16
 144              		.thumb_func
ARM GAS  C:\Users\Phuong\AppData\Local\Temp\ccvh8ULi.s 			page 5


 145              		.type	saslmssbcbs_destroy, %function
 146              	saslmssbcbs_destroy:
 147              	.LFB2:
  32:Source\azure_iot_sdk\uamqp\src/sasl_mssbcbs.c ****     if (sasl_mechanism_concrete_handle != NULL)
 148              		.loc 1 32 0
 149              		.cfi_startproc
 150              		@ args = 0, pretend = 0, frame = 0
 151              		@ frame_needed = 0, uses_anonymous_args = 0
 152              	.LVL12:
 153 0000 10B5     		push	{r4, lr}
 154              		.cfi_def_cfa_offset 8
 155              		.cfi_offset 4, -8
 156              		.cfi_offset 14, -4
  33:Source\azure_iot_sdk\uamqp\src/sasl_mssbcbs.c ****     {
 157              		.loc 1 33 0
 158 0002 0028     		cmp	r0, #0
 159 0004 01D0     		beq	.L11
  35:Source\azure_iot_sdk\uamqp\src/sasl_mssbcbs.c ****     }
 160              		.loc 1 35 0
 161 0006 FFF7FEFF 		bl	free
 162              	.LVL13:
 163              	.L11:
  37:Source\azure_iot_sdk\uamqp\src/sasl_mssbcbs.c **** 
 164              		.loc 1 37 0
 165              		@ sp needed
 166 000a 10BD     		pop	{r4, pc}
 167              		.cfi_endproc
 168              	.LFE2:
 169              		.size	saslmssbcbs_destroy, .-saslmssbcbs_destroy
 170              		.section	.text.saslmssbcbs_get_interface,"ax",%progbits
 171              		.align	2
 172              		.global	saslmssbcbs_get_interface
 173              		.code	16
 174              		.thumb_func
 175              		.type	saslmssbcbs_get_interface, %function
 176              	saslmssbcbs_get_interface:
 177              	.LFB6:
  81:Source\azure_iot_sdk\uamqp\src/sasl_mssbcbs.c **** 
  82:Source\azure_iot_sdk\uamqp\src/sasl_mssbcbs.c **** const SASL_MECHANISM_INTERFACE_DESCRIPTION* saslmssbcbs_get_interface(void)
  83:Source\azure_iot_sdk\uamqp\src/sasl_mssbcbs.c **** {
 178              		.loc 1 83 0
 179              		.cfi_startproc
 180              		@ args = 0, pretend = 0, frame = 0
 181              		@ frame_needed = 0, uses_anonymous_args = 0
 182              		@ link register save eliminated.
  84:Source\azure_iot_sdk\uamqp\src/sasl_mssbcbs.c ****     return &saslmssbcbs_interface;
  85:Source\azure_iot_sdk\uamqp\src/sasl_mssbcbs.c **** }
 183              		.loc 1 85 0
 184 0000 0048     		ldr	r0, .L14
 185              		@ sp needed
 186 0002 7047     		bx	lr
 187              	.L15:
 188              		.align	2
 189              	.L14:
 190 0004 00000000 		.word	.LANCHOR0
 191              		.cfi_endproc
 192              	.LFE6:
ARM GAS  C:\Users\Phuong\AppData\Local\Temp\ccvh8ULi.s 			page 6


 193              		.size	saslmssbcbs_get_interface, .-saslmssbcbs_get_interface
 194              		.section	.rodata
 195              		.align	2
 196              		.set	.LANCHOR0,. + 0
 197              		.type	saslmssbcbs_interface, %object
 198              		.size	saslmssbcbs_interface, 20
 199              	saslmssbcbs_interface:
 200 0000 00000000 		.word	saslmssbcbs_create
 201 0004 00000000 		.word	saslmssbcbs_destroy
 202 0008 00000000 		.word	saslmssbcbs_get_init_bytes
 203 000c 00000000 		.word	saslmssbcbs_get_mechanism_name
 204 0010 00000000 		.word	saslmssbcbs_challenge
 205              		.section	.rodata.str1.4,"aMS",%progbits,1
 206              		.align	2
 207              	.LC0:
 208 0000 4D535342 		.ascii	"MSSBCBS\000"
 208      43425300 
 209              		.text
 210              	.Letext0:
 211              		.file 2 "c:\\program files (x86)\\cypress\\psoc creator\\4.2\\psoc creator\\import\\gnu\\arm\\5.4.
 212              		.file 3 "c:\\program files (x86)\\cypress\\psoc creator\\4.2\\psoc creator\\import\\gnu\\arm\\5.4.
 213              		.file 4 ".\\Source\\azure_iot_sdk\\uamqp\\inc/azure_uamqp_c/sasl_mechanism.h"
 214              		.file 5 "c:\\program files (x86)\\cypress\\psoc creator\\4.2\\psoc creator\\import\\gnu\\arm\\5.4.
 215              		.section	.debug_info,"",%progbits
 216              	.Ldebug_info0:
 217 0000 65030000 		.4byte	0x365
 218 0004 0400     		.2byte	0x4
 219 0006 00000000 		.4byte	.Ldebug_abbrev0
 220 000a 04       		.byte	0x4
 221 000b 01       		.uleb128 0x1
 222 000c 4F040000 		.4byte	.LASF46
 223 0010 0C       		.byte	0xc
 224 0011 70000000 		.4byte	.LASF47
 225 0015 48020000 		.4byte	.LASF48
 226 0019 00000000 		.4byte	.Ldebug_ranges0+0
 227 001d 00000000 		.4byte	0
 228 0021 00000000 		.4byte	.Ldebug_line0
 229 0025 02       		.uleb128 0x2
 230 0026 04       		.byte	0x4
 231 0027 07       		.byte	0x7
 232 0028 3B020000 		.4byte	.LASF0
 233 002c 03       		.uleb128 0x3
 234 002d 04       		.byte	0x4
 235 002e 05       		.byte	0x5
 236 002f 696E7400 		.ascii	"int\000"
 237 0033 02       		.uleb128 0x2
 238 0034 08       		.byte	0x8
 239 0035 05       		.byte	0x5
 240 0036 82030000 		.4byte	.LASF1
 241 003a 02       		.uleb128 0x2
 242 003b 08       		.byte	0x8
 243 003c 04       		.byte	0x4
 244 003d 43040000 		.4byte	.LASF2
 245 0041 02       		.uleb128 0x2
 246 0042 01       		.byte	0x1
 247 0043 06       		.byte	0x6
 248 0044 E1040000 		.4byte	.LASF3
ARM GAS  C:\Users\Phuong\AppData\Local\Temp\ccvh8ULi.s 			page 7


 249 0048 02       		.uleb128 0x2
 250 0049 01       		.byte	0x1
 251 004a 08       		.byte	0x8
 252 004b 1B010000 		.4byte	.LASF4
 253 004f 02       		.uleb128 0x2
 254 0050 02       		.byte	0x2
 255 0051 05       		.byte	0x5
 256 0052 EE030000 		.4byte	.LASF5
 257 0056 02       		.uleb128 0x2
 258 0057 02       		.byte	0x2
 259 0058 07       		.byte	0x7
 260 0059 D0000000 		.4byte	.LASF6
 261 005d 02       		.uleb128 0x2
 262 005e 04       		.byte	0x4
 263 005f 05       		.byte	0x5
 264 0060 34040000 		.4byte	.LASF7
 265 0064 04       		.uleb128 0x4
 266 0065 EF010000 		.4byte	.LASF12
 267 0069 02       		.byte	0x2
 268 006a 41       		.byte	0x41
 269 006b 6F000000 		.4byte	0x6f
 270 006f 02       		.uleb128 0x2
 271 0070 04       		.byte	0x4
 272 0071 07       		.byte	0x7
 273 0072 34010000 		.4byte	.LASF8
 274 0076 02       		.uleb128 0x2
 275 0077 08       		.byte	0x8
 276 0078 07       		.byte	0x7
 277 0079 03030000 		.4byte	.LASF9
 278 007d 02       		.uleb128 0x2
 279 007e 04       		.byte	0x4
 280 007f 07       		.byte	0x7
 281 0080 5A030000 		.4byte	.LASF10
 282 0084 05       		.uleb128 0x5
 283 0085 04       		.byte	0x4
 284 0086 02       		.uleb128 0x2
 285 0087 01       		.byte	0x1
 286 0088 08       		.byte	0x8
 287 0089 90030000 		.4byte	.LASF11
 288 008d 06       		.uleb128 0x6
 289 008e 04       		.byte	0x4
 290 008f 93000000 		.4byte	0x93
 291 0093 07       		.uleb128 0x7
 292 0094 86000000 		.4byte	0x86
 293 0098 06       		.uleb128 0x6
 294 0099 04       		.byte	0x4
 295 009a 9E000000 		.4byte	0x9e
 296 009e 08       		.uleb128 0x8
 297 009f 04       		.uleb128 0x4
 298 00a0 2B040000 		.4byte	.LASF13
 299 00a4 03       		.byte	0x3
 300 00a5 30       		.byte	0x30
 301 00a6 64000000 		.4byte	0x64
 302 00aa 04       		.uleb128 0x4
 303 00ab 51000000 		.4byte	.LASF14
 304 00af 04       		.byte	0x4
 305 00b0 11       		.byte	0x11
ARM GAS  C:\Users\Phuong\AppData\Local\Temp\ccvh8ULi.s 			page 8


 306 00b1 84000000 		.4byte	0x84
 307 00b5 09       		.uleb128 0x9
 308 00b6 B7000000 		.4byte	.LASF23
 309 00ba 08       		.byte	0x8
 310 00bb 04       		.byte	0x4
 311 00bc 13       		.byte	0x13
 312 00bd DA000000 		.4byte	0xda
 313 00c1 0A       		.uleb128 0xa
 314 00c2 3D040000 		.4byte	.LASF15
 315 00c6 04       		.byte	0x4
 316 00c7 15       		.byte	0x15
 317 00c8 98000000 		.4byte	0x98
 318 00cc 00       		.byte	0
 319 00cd 0A       		.uleb128 0xa
 320 00ce F2040000 		.4byte	.LASF16
 321 00d2 04       		.byte	0x4
 322 00d3 16       		.byte	0x16
 323 00d4 9F000000 		.4byte	0x9f
 324 00d8 04       		.byte	0x4
 325 00d9 00       		.byte	0
 326 00da 04       		.uleb128 0x4
 327 00db 6B010000 		.4byte	.LASF17
 328 00df 04       		.byte	0x4
 329 00e0 17       		.byte	0x17
 330 00e1 B5000000 		.4byte	0xb5
 331 00e5 04       		.uleb128 0x4
 332 00e6 ED020000 		.4byte	.LASF18
 333 00ea 04       		.byte	0x4
 334 00eb 19       		.byte	0x19
 335 00ec F0000000 		.4byte	0xf0
 336 00f0 06       		.uleb128 0x6
 337 00f1 04       		.byte	0x4
 338 00f2 F6000000 		.4byte	0xf6
 339 00f6 0B       		.uleb128 0xb
 340 00f7 AA000000 		.4byte	0xaa
 341 00fb 05010000 		.4byte	0x105
 342 00ff 0C       		.uleb128 0xc
 343 0100 84000000 		.4byte	0x84
 344 0104 00       		.byte	0
 345 0105 04       		.uleb128 0x4
 346 0106 95030000 		.4byte	.LASF19
 347 010a 04       		.byte	0x4
 348 010b 1A       		.byte	0x1a
 349 010c 10010000 		.4byte	0x110
 350 0110 06       		.uleb128 0x6
 351 0111 04       		.byte	0x4
 352 0112 16010000 		.4byte	0x116
 353 0116 0D       		.uleb128 0xd
 354 0117 21010000 		.4byte	0x121
 355 011b 0C       		.uleb128 0xc
 356 011c AA000000 		.4byte	0xaa
 357 0120 00       		.byte	0
 358 0121 04       		.uleb128 0x4
 359 0122 FA010000 		.4byte	.LASF20
 360 0126 04       		.byte	0x4
 361 0127 1B       		.byte	0x1b
 362 0128 2C010000 		.4byte	0x12c
ARM GAS  C:\Users\Phuong\AppData\Local\Temp\ccvh8ULi.s 			page 9


 363 012c 06       		.uleb128 0x6
 364 012d 04       		.byte	0x4
 365 012e 32010000 		.4byte	0x132
 366 0132 0B       		.uleb128 0xb
 367 0133 2C000000 		.4byte	0x2c
 368 0137 46010000 		.4byte	0x146
 369 013b 0C       		.uleb128 0xc
 370 013c AA000000 		.4byte	0xaa
 371 0140 0C       		.uleb128 0xc
 372 0141 46010000 		.4byte	0x146
 373 0145 00       		.byte	0
 374 0146 06       		.uleb128 0x6
 375 0147 04       		.byte	0x4
 376 0148 DA000000 		.4byte	0xda
 377 014c 04       		.uleb128 0x4
 378 014d E3000000 		.4byte	.LASF21
 379 0151 04       		.byte	0x4
 380 0152 1C       		.byte	0x1c
 381 0153 57010000 		.4byte	0x157
 382 0157 06       		.uleb128 0x6
 383 0158 04       		.byte	0x4
 384 0159 5D010000 		.4byte	0x15d
 385 015d 0B       		.uleb128 0xb
 386 015e 8D000000 		.4byte	0x8d
 387 0162 6C010000 		.4byte	0x16c
 388 0166 0C       		.uleb128 0xc
 389 0167 AA000000 		.4byte	0xaa
 390 016b 00       		.byte	0
 391 016c 04       		.uleb128 0x4
 392 016d 9E000000 		.4byte	.LASF22
 393 0171 04       		.byte	0x4
 394 0172 1D       		.byte	0x1d
 395 0173 77010000 		.4byte	0x177
 396 0177 06       		.uleb128 0x6
 397 0178 04       		.byte	0x4
 398 0179 7D010000 		.4byte	0x17d
 399 017d 0B       		.uleb128 0xb
 400 017e 2C000000 		.4byte	0x2c
 401 0182 96010000 		.4byte	0x196
 402 0186 0C       		.uleb128 0xc
 403 0187 AA000000 		.4byte	0xaa
 404 018b 0C       		.uleb128 0xc
 405 018c 96010000 		.4byte	0x196
 406 0190 0C       		.uleb128 0xc
 407 0191 46010000 		.4byte	0x146
 408 0195 00       		.byte	0
 409 0196 06       		.uleb128 0x6
 410 0197 04       		.byte	0x4
 411 0198 9C010000 		.4byte	0x19c
 412 019c 07       		.uleb128 0x7
 413 019d DA000000 		.4byte	0xda
 414 01a1 09       		.uleb128 0x9
 415 01a2 00050000 		.4byte	.LASF24
 416 01a6 14       		.byte	0x14
 417 01a7 04       		.byte	0x4
 418 01a8 1F       		.byte	0x1f
 419 01a9 EA010000 		.4byte	0x1ea
ARM GAS  C:\Users\Phuong\AppData\Local\Temp\ccvh8ULi.s 			page 10


 420 01ad 0A       		.uleb128 0xa
 421 01ae 63030000 		.4byte	.LASF25
 422 01b2 04       		.byte	0x4
 423 01b3 21       		.byte	0x21
 424 01b4 E5000000 		.4byte	0xe5
 425 01b8 00       		.byte	0
 426 01b9 0A       		.uleb128 0xa
 427 01ba CE030000 		.4byte	.LASF26
 428 01be 04       		.byte	0x4
 429 01bf 22       		.byte	0x22
 430 01c0 05010000 		.4byte	0x105
 431 01c4 04       		.byte	0x4
 432 01c5 0A       		.uleb128 0xa
 433 01c6 C8010000 		.4byte	.LASF27
 434 01ca 04       		.byte	0x4
 435 01cb 23       		.byte	0x23
 436 01cc 21010000 		.4byte	0x121
 437 01d0 08       		.byte	0x8
 438 01d1 0A       		.uleb128 0xa
 439 01d2 00000000 		.4byte	.LASF28
 440 01d6 04       		.byte	0x4
 441 01d7 24       		.byte	0x24
 442 01d8 4C010000 		.4byte	0x14c
 443 01dc 0C       		.byte	0xc
 444 01dd 0A       		.uleb128 0xa
 445 01de 80010000 		.4byte	.LASF29
 446 01e2 04       		.byte	0x4
 447 01e3 25       		.byte	0x25
 448 01e4 6C010000 		.4byte	0x16c
 449 01e8 10       		.byte	0x10
 450 01e9 00       		.byte	0
 451 01ea 04       		.uleb128 0x4
 452 01eb 46010000 		.4byte	.LASF30
 453 01ef 04       		.byte	0x4
 454 01f0 26       		.byte	0x26
 455 01f1 A1010000 		.4byte	0x1a1
 456 01f5 0E       		.uleb128 0xe
 457 01f6 10040000 		.4byte	.LASF33
 458 01fa 01       		.byte	0x1
 459 01fb 27       		.byte	0x27
 460 01fc 2C000000 		.4byte	0x2c
 461 0200 00000000 		.4byte	.LFB3
 462 0204 12000000 		.4byte	.LFE3-.LFB3
 463 0208 01       		.uleb128 0x1
 464 0209 9C       		.byte	0x9c
 465 020a 3A020000 		.4byte	0x23a
 466 020e 0F       		.uleb128 0xf
 467 020f 3B030000 		.4byte	.LASF31
 468 0213 01       		.byte	0x1
 469 0214 27       		.byte	0x27
 470 0215 AA000000 		.4byte	0xaa
 471 0219 00000000 		.4byte	.LLST0
 472 021d 10       		.uleb128 0x10
 473 021e 29010000 		.4byte	.LASF32
 474 0222 01       		.byte	0x1
 475 0223 27       		.byte	0x27
 476 0224 46010000 		.4byte	0x146
ARM GAS  C:\Users\Phuong\AppData\Local\Temp\ccvh8ULi.s 			page 11


 477 0228 01       		.uleb128 0x1
 478 0229 51       		.byte	0x51
 479 022a 11       		.uleb128 0x11
 480 022b 1A030000 		.4byte	.LASF36
 481 022f 01       		.byte	0x1
 482 0230 29       		.byte	0x29
 483 0231 2C000000 		.4byte	0x2c
 484 0235 3A000000 		.4byte	.LLST1
 485 0239 00       		.byte	0
 486 023a 0E       		.uleb128 0xe
 487 023b A9010000 		.4byte	.LASF34
 488 023f 01       		.byte	0x1
 489 0240 3A       		.byte	0x3a
 490 0241 8D000000 		.4byte	0x8d
 491 0245 00000000 		.4byte	.LFB4
 492 0249 0C000000 		.4byte	.LFE4-.LFB4
 493 024d 01       		.uleb128 0x1
 494 024e 9C       		.byte	0x9c
 495 024f 70020000 		.4byte	0x270
 496 0253 0F       		.uleb128 0xf
 497 0254 2C020000 		.4byte	.LASF35
 498 0258 01       		.byte	0x1
 499 0259 3A       		.byte	0x3a
 500 025a AA000000 		.4byte	0xaa
 501 025e 59000000 		.4byte	.LLST2
 502 0262 12       		.uleb128 0x12
 503 0263 1A030000 		.4byte	.LASF36
 504 0267 01       		.byte	0x1
 505 0268 3C       		.byte	0x3c
 506 0269 8D000000 		.4byte	0x8d
 507 026d 01       		.uleb128 0x1
 508 026e 50       		.byte	0x50
 509 026f 00       		.byte	0
 510 0270 0E       		.uleb128 0xe
 511 0271 05010000 		.4byte	.LASF37
 512 0275 01       		.byte	0x1
 513 0276 4A       		.byte	0x4a
 514 0277 2C000000 		.4byte	0x2c
 515 027b 00000000 		.4byte	.LFB5
 516 027f 04000000 		.4byte	.LFE5-.LFB5
 517 0283 01       		.uleb128 0x1
 518 0284 9C       		.byte	0x9c
 519 0285 B3020000 		.4byte	0x2b3
 520 0289 0F       		.uleb128 0xf
 521 028a F8030000 		.4byte	.LASF38
 522 028e 01       		.byte	0x1
 523 028f 4A       		.byte	0x4a
 524 0290 AA000000 		.4byte	0xaa
 525 0294 7A000000 		.4byte	.LLST3
 526 0298 10       		.uleb128 0x10
 527 0299 41000000 		.4byte	.LASF39
 528 029d 01       		.byte	0x1
 529 029e 4A       		.byte	0x4a
 530 029f 96010000 		.4byte	0x196
 531 02a3 01       		.uleb128 0x1
 532 02a4 51       		.byte	0x51
 533 02a5 10       		.uleb128 0x10
ARM GAS  C:\Users\Phuong\AppData\Local\Temp\ccvh8ULi.s 			page 12


 534 02a6 AC030000 		.4byte	.LASF40
 535 02aa 01       		.byte	0x1
 536 02ab 4A       		.byte	0x4a
 537 02ac 46010000 		.4byte	0x146
 538 02b0 01       		.uleb128 0x1
 539 02b1 52       		.byte	0x52
 540 02b2 00       		.byte	0
 541 02b3 0E       		.uleb128 0xe
 542 02b4 BB030000 		.4byte	.LASF41
 543 02b8 01       		.byte	0x1
 544 02b9 19       		.byte	0x19
 545 02ba AA000000 		.4byte	0xaa
 546 02be 00000000 		.4byte	.LFB1
 547 02c2 0A000000 		.4byte	.LFE1-.LFB1
 548 02c6 01       		.uleb128 0x1
 549 02c7 9C       		.byte	0x9c
 550 02c8 EB020000 		.4byte	0x2eb
 551 02cc 0F       		.uleb128 0xf
 552 02cd A2010000 		.4byte	.LASF42
 553 02d1 01       		.byte	0x1
 554 02d2 19       		.byte	0x19
 555 02d3 84000000 		.4byte	0x84
 556 02d7 9B000000 		.4byte	.LLST4
 557 02db 13       		.uleb128 0x13
 558 02dc 08000000 		.4byte	.LVL11
 559 02e0 52030000 		.4byte	0x352
 560 02e4 14       		.uleb128 0x14
 561 02e5 01       		.uleb128 0x1
 562 02e6 50       		.byte	0x50
 563 02e7 01       		.uleb128 0x1
 564 02e8 31       		.byte	0x31
 565 02e9 00       		.byte	0
 566 02ea 00       		.byte	0
 567 02eb 15       		.uleb128 0x15
 568 02ec 18020000 		.4byte	.LASF49
 569 02f0 01       		.byte	0x1
 570 02f1 1F       		.byte	0x1f
 571 02f2 00000000 		.4byte	.LFB2
 572 02f6 0C000000 		.4byte	.LFE2-.LFB2
 573 02fa 01       		.uleb128 0x1
 574 02fb 9C       		.byte	0x9c
 575 02fc 21030000 		.4byte	0x321
 576 0300 0F       		.uleb128 0xf
 577 0301 3B030000 		.4byte	.LASF31
 578 0305 01       		.byte	0x1
 579 0306 1F       		.byte	0x1f
 580 0307 AA000000 		.4byte	0xaa
 581 030b BC000000 		.4byte	.LLST5
 582 030f 13       		.uleb128 0x13
 583 0310 0A000000 		.4byte	.LVL13
 584 0314 5D030000 		.4byte	0x35d
 585 0318 14       		.uleb128 0x14
 586 0319 01       		.uleb128 0x1
 587 031a 50       		.byte	0x50
 588 031b 03       		.uleb128 0x3
 589 031c F3       		.byte	0xf3
 590 031d 01       		.uleb128 0x1
ARM GAS  C:\Users\Phuong\AppData\Local\Temp\ccvh8ULi.s 			page 13


 591 031e 50       		.byte	0x50
 592 031f 00       		.byte	0
 593 0320 00       		.byte	0
 594 0321 16       		.uleb128 0x16
 595 0322 21030000 		.4byte	.LASF50
 596 0326 01       		.byte	0x1
 597 0327 52       		.byte	0x52
 598 0328 36030000 		.4byte	0x336
 599 032c 00000000 		.4byte	.LFB6
 600 0330 08000000 		.4byte	.LFE6-.LFB6
 601 0334 01       		.uleb128 0x1
 602 0335 9C       		.byte	0x9c
 603 0336 06       		.uleb128 0x6
 604 0337 04       		.byte	0x4
 605 0338 3C030000 		.4byte	0x33c
 606 033c 07       		.uleb128 0x7
 607 033d EA010000 		.4byte	0x1ea
 608 0341 12       		.uleb128 0x12
 609 0342 2B000000 		.4byte	.LASF43
 610 0346 01       		.byte	0x1
 611 0347 10       		.byte	0x10
 612 0348 3C030000 		.4byte	0x33c
 613 034c 05       		.uleb128 0x5
 614 034d 03       		.byte	0x3
 615 034e 00000000 		.4byte	saslmssbcbs_interface
 616 0352 17       		.uleb128 0x17
 617 0353 F9040000 		.4byte	.LASF44
 618 0357 F9040000 		.4byte	.LASF44
 619 035b 05       		.byte	0x5
 620 035c 64       		.byte	0x64
 621 035d 17       		.uleb128 0x17
 622 035e ED040000 		.4byte	.LASF45
 623 0362 ED040000 		.4byte	.LASF45
 624 0366 05       		.byte	0x5
 625 0367 59       		.byte	0x59
 626 0368 00       		.byte	0
 627              		.section	.debug_abbrev,"",%progbits
 628              	.Ldebug_abbrev0:
 629 0000 01       		.uleb128 0x1
 630 0001 11       		.uleb128 0x11
 631 0002 01       		.byte	0x1
 632 0003 25       		.uleb128 0x25
 633 0004 0E       		.uleb128 0xe
 634 0005 13       		.uleb128 0x13
 635 0006 0B       		.uleb128 0xb
 636 0007 03       		.uleb128 0x3
 637 0008 0E       		.uleb128 0xe
 638 0009 1B       		.uleb128 0x1b
 639 000a 0E       		.uleb128 0xe
 640 000b 55       		.uleb128 0x55
 641 000c 17       		.uleb128 0x17
 642 000d 11       		.uleb128 0x11
 643 000e 01       		.uleb128 0x1
 644 000f 10       		.uleb128 0x10
 645 0010 17       		.uleb128 0x17
 646 0011 00       		.byte	0
 647 0012 00       		.byte	0
ARM GAS  C:\Users\Phuong\AppData\Local\Temp\ccvh8ULi.s 			page 14


 648 0013 02       		.uleb128 0x2
 649 0014 24       		.uleb128 0x24
 650 0015 00       		.byte	0
 651 0016 0B       		.uleb128 0xb
 652 0017 0B       		.uleb128 0xb
 653 0018 3E       		.uleb128 0x3e
 654 0019 0B       		.uleb128 0xb
 655 001a 03       		.uleb128 0x3
 656 001b 0E       		.uleb128 0xe
 657 001c 00       		.byte	0
 658 001d 00       		.byte	0
 659 001e 03       		.uleb128 0x3
 660 001f 24       		.uleb128 0x24
 661 0020 00       		.byte	0
 662 0021 0B       		.uleb128 0xb
 663 0022 0B       		.uleb128 0xb
 664 0023 3E       		.uleb128 0x3e
 665 0024 0B       		.uleb128 0xb
 666 0025 03       		.uleb128 0x3
 667 0026 08       		.uleb128 0x8
 668 0027 00       		.byte	0
 669 0028 00       		.byte	0
 670 0029 04       		.uleb128 0x4
 671 002a 16       		.uleb128 0x16
 672 002b 00       		.byte	0
 673 002c 03       		.uleb128 0x3
 674 002d 0E       		.uleb128 0xe
 675 002e 3A       		.uleb128 0x3a
 676 002f 0B       		.uleb128 0xb
 677 0030 3B       		.uleb128 0x3b
 678 0031 0B       		.uleb128 0xb
 679 0032 49       		.uleb128 0x49
 680 0033 13       		.uleb128 0x13
 681 0034 00       		.byte	0
 682 0035 00       		.byte	0
 683 0036 05       		.uleb128 0x5
 684 0037 0F       		.uleb128 0xf
 685 0038 00       		.byte	0
 686 0039 0B       		.uleb128 0xb
 687 003a 0B       		.uleb128 0xb
 688 003b 00       		.byte	0
 689 003c 00       		.byte	0
 690 003d 06       		.uleb128 0x6
 691 003e 0F       		.uleb128 0xf
 692 003f 00       		.byte	0
 693 0040 0B       		.uleb128 0xb
 694 0041 0B       		.uleb128 0xb
 695 0042 49       		.uleb128 0x49
 696 0043 13       		.uleb128 0x13
 697 0044 00       		.byte	0
 698 0045 00       		.byte	0
 699 0046 07       		.uleb128 0x7
 700 0047 26       		.uleb128 0x26
 701 0048 00       		.byte	0
 702 0049 49       		.uleb128 0x49
 703 004a 13       		.uleb128 0x13
 704 004b 00       		.byte	0
ARM GAS  C:\Users\Phuong\AppData\Local\Temp\ccvh8ULi.s 			page 15


 705 004c 00       		.byte	0
 706 004d 08       		.uleb128 0x8
 707 004e 26       		.uleb128 0x26
 708 004f 00       		.byte	0
 709 0050 00       		.byte	0
 710 0051 00       		.byte	0
 711 0052 09       		.uleb128 0x9
 712 0053 13       		.uleb128 0x13
 713 0054 01       		.byte	0x1
 714 0055 03       		.uleb128 0x3
 715 0056 0E       		.uleb128 0xe
 716 0057 0B       		.uleb128 0xb
 717 0058 0B       		.uleb128 0xb
 718 0059 3A       		.uleb128 0x3a
 719 005a 0B       		.uleb128 0xb
 720 005b 3B       		.uleb128 0x3b
 721 005c 0B       		.uleb128 0xb
 722 005d 01       		.uleb128 0x1
 723 005e 13       		.uleb128 0x13
 724 005f 00       		.byte	0
 725 0060 00       		.byte	0
 726 0061 0A       		.uleb128 0xa
 727 0062 0D       		.uleb128 0xd
 728 0063 00       		.byte	0
 729 0064 03       		.uleb128 0x3
 730 0065 0E       		.uleb128 0xe
 731 0066 3A       		.uleb128 0x3a
 732 0067 0B       		.uleb128 0xb
 733 0068 3B       		.uleb128 0x3b
 734 0069 0B       		.uleb128 0xb
 735 006a 49       		.uleb128 0x49
 736 006b 13       		.uleb128 0x13
 737 006c 38       		.uleb128 0x38
 738 006d 0B       		.uleb128 0xb
 739 006e 00       		.byte	0
 740 006f 00       		.byte	0
 741 0070 0B       		.uleb128 0xb
 742 0071 15       		.uleb128 0x15
 743 0072 01       		.byte	0x1
 744 0073 27       		.uleb128 0x27
 745 0074 19       		.uleb128 0x19
 746 0075 49       		.uleb128 0x49
 747 0076 13       		.uleb128 0x13
 748 0077 01       		.uleb128 0x1
 749 0078 13       		.uleb128 0x13
 750 0079 00       		.byte	0
 751 007a 00       		.byte	0
 752 007b 0C       		.uleb128 0xc
 753 007c 05       		.uleb128 0x5
 754 007d 00       		.byte	0
 755 007e 49       		.uleb128 0x49
 756 007f 13       		.uleb128 0x13
 757 0080 00       		.byte	0
 758 0081 00       		.byte	0
 759 0082 0D       		.uleb128 0xd
 760 0083 15       		.uleb128 0x15
 761 0084 01       		.byte	0x1
ARM GAS  C:\Users\Phuong\AppData\Local\Temp\ccvh8ULi.s 			page 16


 762 0085 27       		.uleb128 0x27
 763 0086 19       		.uleb128 0x19
 764 0087 01       		.uleb128 0x1
 765 0088 13       		.uleb128 0x13
 766 0089 00       		.byte	0
 767 008a 00       		.byte	0
 768 008b 0E       		.uleb128 0xe
 769 008c 2E       		.uleb128 0x2e
 770 008d 01       		.byte	0x1
 771 008e 3F       		.uleb128 0x3f
 772 008f 19       		.uleb128 0x19
 773 0090 03       		.uleb128 0x3
 774 0091 0E       		.uleb128 0xe
 775 0092 3A       		.uleb128 0x3a
 776 0093 0B       		.uleb128 0xb
 777 0094 3B       		.uleb128 0x3b
 778 0095 0B       		.uleb128 0xb
 779 0096 27       		.uleb128 0x27
 780 0097 19       		.uleb128 0x19
 781 0098 49       		.uleb128 0x49
 782 0099 13       		.uleb128 0x13
 783 009a 11       		.uleb128 0x11
 784 009b 01       		.uleb128 0x1
 785 009c 12       		.uleb128 0x12
 786 009d 06       		.uleb128 0x6
 787 009e 40       		.uleb128 0x40
 788 009f 18       		.uleb128 0x18
 789 00a0 9742     		.uleb128 0x2117
 790 00a2 19       		.uleb128 0x19
 791 00a3 01       		.uleb128 0x1
 792 00a4 13       		.uleb128 0x13
 793 00a5 00       		.byte	0
 794 00a6 00       		.byte	0
 795 00a7 0F       		.uleb128 0xf
 796 00a8 05       		.uleb128 0x5
 797 00a9 00       		.byte	0
 798 00aa 03       		.uleb128 0x3
 799 00ab 0E       		.uleb128 0xe
 800 00ac 3A       		.uleb128 0x3a
 801 00ad 0B       		.uleb128 0xb
 802 00ae 3B       		.uleb128 0x3b
 803 00af 0B       		.uleb128 0xb
 804 00b0 49       		.uleb128 0x49
 805 00b1 13       		.uleb128 0x13
 806 00b2 02       		.uleb128 0x2
 807 00b3 17       		.uleb128 0x17
 808 00b4 00       		.byte	0
 809 00b5 00       		.byte	0
 810 00b6 10       		.uleb128 0x10
 811 00b7 05       		.uleb128 0x5
 812 00b8 00       		.byte	0
 813 00b9 03       		.uleb128 0x3
 814 00ba 0E       		.uleb128 0xe
 815 00bb 3A       		.uleb128 0x3a
 816 00bc 0B       		.uleb128 0xb
 817 00bd 3B       		.uleb128 0x3b
 818 00be 0B       		.uleb128 0xb
ARM GAS  C:\Users\Phuong\AppData\Local\Temp\ccvh8ULi.s 			page 17


 819 00bf 49       		.uleb128 0x49
 820 00c0 13       		.uleb128 0x13
 821 00c1 02       		.uleb128 0x2
 822 00c2 18       		.uleb128 0x18
 823 00c3 00       		.byte	0
 824 00c4 00       		.byte	0
 825 00c5 11       		.uleb128 0x11
 826 00c6 34       		.uleb128 0x34
 827 00c7 00       		.byte	0
 828 00c8 03       		.uleb128 0x3
 829 00c9 0E       		.uleb128 0xe
 830 00ca 3A       		.uleb128 0x3a
 831 00cb 0B       		.uleb128 0xb
 832 00cc 3B       		.uleb128 0x3b
 833 00cd 0B       		.uleb128 0xb
 834 00ce 49       		.uleb128 0x49
 835 00cf 13       		.uleb128 0x13
 836 00d0 02       		.uleb128 0x2
 837 00d1 17       		.uleb128 0x17
 838 00d2 00       		.byte	0
 839 00d3 00       		.byte	0
 840 00d4 12       		.uleb128 0x12
 841 00d5 34       		.uleb128 0x34
 842 00d6 00       		.byte	0
 843 00d7 03       		.uleb128 0x3
 844 00d8 0E       		.uleb128 0xe
 845 00d9 3A       		.uleb128 0x3a
 846 00da 0B       		.uleb128 0xb
 847 00db 3B       		.uleb128 0x3b
 848 00dc 0B       		.uleb128 0xb
 849 00dd 49       		.uleb128 0x49
 850 00de 13       		.uleb128 0x13
 851 00df 02       		.uleb128 0x2
 852 00e0 18       		.uleb128 0x18
 853 00e1 00       		.byte	0
 854 00e2 00       		.byte	0
 855 00e3 13       		.uleb128 0x13
 856 00e4 898201   		.uleb128 0x4109
 857 00e7 01       		.byte	0x1
 858 00e8 11       		.uleb128 0x11
 859 00e9 01       		.uleb128 0x1
 860 00ea 31       		.uleb128 0x31
 861 00eb 13       		.uleb128 0x13
 862 00ec 00       		.byte	0
 863 00ed 00       		.byte	0
 864 00ee 14       		.uleb128 0x14
 865 00ef 8A8201   		.uleb128 0x410a
 866 00f2 00       		.byte	0
 867 00f3 02       		.uleb128 0x2
 868 00f4 18       		.uleb128 0x18
 869 00f5 9142     		.uleb128 0x2111
 870 00f7 18       		.uleb128 0x18
 871 00f8 00       		.byte	0
 872 00f9 00       		.byte	0
 873 00fa 15       		.uleb128 0x15
 874 00fb 2E       		.uleb128 0x2e
 875 00fc 01       		.byte	0x1
ARM GAS  C:\Users\Phuong\AppData\Local\Temp\ccvh8ULi.s 			page 18


 876 00fd 3F       		.uleb128 0x3f
 877 00fe 19       		.uleb128 0x19
 878 00ff 03       		.uleb128 0x3
 879 0100 0E       		.uleb128 0xe
 880 0101 3A       		.uleb128 0x3a
 881 0102 0B       		.uleb128 0xb
 882 0103 3B       		.uleb128 0x3b
 883 0104 0B       		.uleb128 0xb
 884 0105 27       		.uleb128 0x27
 885 0106 19       		.uleb128 0x19
 886 0107 11       		.uleb128 0x11
 887 0108 01       		.uleb128 0x1
 888 0109 12       		.uleb128 0x12
 889 010a 06       		.uleb128 0x6
 890 010b 40       		.uleb128 0x40
 891 010c 18       		.uleb128 0x18
 892 010d 9742     		.uleb128 0x2117
 893 010f 19       		.uleb128 0x19
 894 0110 01       		.uleb128 0x1
 895 0111 13       		.uleb128 0x13
 896 0112 00       		.byte	0
 897 0113 00       		.byte	0
 898 0114 16       		.uleb128 0x16
 899 0115 2E       		.uleb128 0x2e
 900 0116 00       		.byte	0
 901 0117 3F       		.uleb128 0x3f
 902 0118 19       		.uleb128 0x19
 903 0119 03       		.uleb128 0x3
 904 011a 0E       		.uleb128 0xe
 905 011b 3A       		.uleb128 0x3a
 906 011c 0B       		.uleb128 0xb
 907 011d 3B       		.uleb128 0x3b
 908 011e 0B       		.uleb128 0xb
 909 011f 27       		.uleb128 0x27
 910 0120 19       		.uleb128 0x19
 911 0121 49       		.uleb128 0x49
 912 0122 13       		.uleb128 0x13
 913 0123 11       		.uleb128 0x11
 914 0124 01       		.uleb128 0x1
 915 0125 12       		.uleb128 0x12
 916 0126 06       		.uleb128 0x6
 917 0127 40       		.uleb128 0x40
 918 0128 18       		.uleb128 0x18
 919 0129 9742     		.uleb128 0x2117
 920 012b 19       		.uleb128 0x19
 921 012c 00       		.byte	0
 922 012d 00       		.byte	0
 923 012e 17       		.uleb128 0x17
 924 012f 2E       		.uleb128 0x2e
 925 0130 00       		.byte	0
 926 0131 3F       		.uleb128 0x3f
 927 0132 19       		.uleb128 0x19
 928 0133 3C       		.uleb128 0x3c
 929 0134 19       		.uleb128 0x19
 930 0135 6E       		.uleb128 0x6e
 931 0136 0E       		.uleb128 0xe
 932 0137 03       		.uleb128 0x3
ARM GAS  C:\Users\Phuong\AppData\Local\Temp\ccvh8ULi.s 			page 19


 933 0138 0E       		.uleb128 0xe
 934 0139 3A       		.uleb128 0x3a
 935 013a 0B       		.uleb128 0xb
 936 013b 3B       		.uleb128 0x3b
 937 013c 0B       		.uleb128 0xb
 938 013d 00       		.byte	0
 939 013e 00       		.byte	0
 940 013f 00       		.byte	0
 941              		.section	.debug_loc,"",%progbits
 942              	.Ldebug_loc0:
 943              	.LLST0:
 944 0000 00000000 		.4byte	.LVL0
 945 0004 0C000000 		.4byte	.LVL2
 946 0008 0100     		.2byte	0x1
 947 000a 50       		.byte	0x50
 948 000b 0C000000 		.4byte	.LVL2
 949 000f 0E000000 		.4byte	.LVL3
 950 0013 0400     		.2byte	0x4
 951 0015 F3       		.byte	0xf3
 952 0016 01       		.uleb128 0x1
 953 0017 50       		.byte	0x50
 954 0018 9F       		.byte	0x9f
 955 0019 0E000000 		.4byte	.LVL3
 956 001d 10000000 		.4byte	.LVL4
 957 0021 0100     		.2byte	0x1
 958 0023 50       		.byte	0x50
 959 0024 10000000 		.4byte	.LVL4
 960 0028 12000000 		.4byte	.LFE3
 961 002c 0400     		.2byte	0x4
 962 002e F3       		.byte	0xf3
 963 002f 01       		.uleb128 0x1
 964 0030 50       		.byte	0x50
 965 0031 9F       		.byte	0x9f
 966 0032 00000000 		.4byte	0
 967 0036 00000000 		.4byte	0
 968              	.LLST1:
 969 003a 0A000000 		.4byte	.LVL1
 970 003e 0E000000 		.4byte	.LVL3
 971 0042 0200     		.2byte	0x2
 972 0044 30       		.byte	0x30
 973 0045 9F       		.byte	0x9f
 974 0046 10000000 		.4byte	.LVL4
 975 004a 12000000 		.4byte	.LFE3
 976 004e 0100     		.2byte	0x1
 977 0050 50       		.byte	0x50
 978 0051 00000000 		.4byte	0
 979 0055 00000000 		.4byte	0
 980              	.LLST2:
 981 0059 00000000 		.4byte	.LVL5
 982 005d 06000000 		.4byte	.LVL6
 983 0061 0100     		.2byte	0x1
 984 0063 50       		.byte	0x50
 985 0064 06000000 		.4byte	.LVL6
 986 0068 0C000000 		.4byte	.LFE4
 987 006c 0400     		.2byte	0x4
 988 006e F3       		.byte	0xf3
 989 006f 01       		.uleb128 0x1
ARM GAS  C:\Users\Phuong\AppData\Local\Temp\ccvh8ULi.s 			page 20


 990 0070 50       		.byte	0x50
 991 0071 9F       		.byte	0x9f
 992 0072 00000000 		.4byte	0
 993 0076 00000000 		.4byte	0
 994              	.LLST3:
 995 007a 00000000 		.4byte	.LVL7
 996 007e 02000000 		.4byte	.LVL8
 997 0082 0100     		.2byte	0x1
 998 0084 50       		.byte	0x50
 999 0085 02000000 		.4byte	.LVL8
 1000 0089 04000000 		.4byte	.LFE5
 1001 008d 0400     		.2byte	0x4
 1002 008f F3       		.byte	0xf3
 1003 0090 01       		.uleb128 0x1
 1004 0091 50       		.byte	0x50
 1005 0092 9F       		.byte	0x9f
 1006 0093 00000000 		.4byte	0
 1007 0097 00000000 		.4byte	0
 1008              	.LLST4:
 1009 009b 00000000 		.4byte	.LVL9
 1010 009f 04000000 		.4byte	.LVL10
 1011 00a3 0100     		.2byte	0x1
 1012 00a5 50       		.byte	0x50
 1013 00a6 04000000 		.4byte	.LVL10
 1014 00aa 0A000000 		.4byte	.LFE1
 1015 00ae 0400     		.2byte	0x4
 1016 00b0 F3       		.byte	0xf3
 1017 00b1 01       		.uleb128 0x1
 1018 00b2 50       		.byte	0x50
 1019 00b3 9F       		.byte	0x9f
 1020 00b4 00000000 		.4byte	0
 1021 00b8 00000000 		.4byte	0
 1022              	.LLST5:
 1023 00bc 00000000 		.4byte	.LVL12
 1024 00c0 09000000 		.4byte	.LVL13-1
 1025 00c4 0100     		.2byte	0x1
 1026 00c6 50       		.byte	0x50
 1027 00c7 09000000 		.4byte	.LVL13-1
 1028 00cb 0C000000 		.4byte	.LFE2
 1029 00cf 0400     		.2byte	0x4
 1030 00d1 F3       		.byte	0xf3
 1031 00d2 01       		.uleb128 0x1
 1032 00d3 50       		.byte	0x50
 1033 00d4 9F       		.byte	0x9f
 1034 00d5 00000000 		.4byte	0
 1035 00d9 00000000 		.4byte	0
 1036              		.section	.debug_aranges,"",%progbits
 1037 0000 44000000 		.4byte	0x44
 1038 0004 0200     		.2byte	0x2
 1039 0006 00000000 		.4byte	.Ldebug_info0
 1040 000a 04       		.byte	0x4
 1041 000b 00       		.byte	0
 1042 000c 0000     		.2byte	0
 1043 000e 0000     		.2byte	0
 1044 0010 00000000 		.4byte	.LFB3
 1045 0014 12000000 		.4byte	.LFE3-.LFB3
 1046 0018 00000000 		.4byte	.LFB4
ARM GAS  C:\Users\Phuong\AppData\Local\Temp\ccvh8ULi.s 			page 21


 1047 001c 0C000000 		.4byte	.LFE4-.LFB4
 1048 0020 00000000 		.4byte	.LFB5
 1049 0024 04000000 		.4byte	.LFE5-.LFB5
 1050 0028 00000000 		.4byte	.LFB1
 1051 002c 0A000000 		.4byte	.LFE1-.LFB1
 1052 0030 00000000 		.4byte	.LFB2
 1053 0034 0C000000 		.4byte	.LFE2-.LFB2
 1054 0038 00000000 		.4byte	.LFB6
 1055 003c 08000000 		.4byte	.LFE6-.LFB6
 1056 0040 00000000 		.4byte	0
 1057 0044 00000000 		.4byte	0
 1058              		.section	.debug_ranges,"",%progbits
 1059              	.Ldebug_ranges0:
 1060 0000 00000000 		.4byte	.LFB3
 1061 0004 12000000 		.4byte	.LFE3
 1062 0008 00000000 		.4byte	.LFB4
 1063 000c 0C000000 		.4byte	.LFE4
 1064 0010 00000000 		.4byte	.LFB5
 1065 0014 04000000 		.4byte	.LFE5
 1066 0018 00000000 		.4byte	.LFB1
 1067 001c 0A000000 		.4byte	.LFE1
 1068 0020 00000000 		.4byte	.LFB2
 1069 0024 0C000000 		.4byte	.LFE2
 1070 0028 00000000 		.4byte	.LFB6
 1071 002c 08000000 		.4byte	.LFE6
 1072 0030 00000000 		.4byte	0
 1073 0034 00000000 		.4byte	0
 1074              		.section	.debug_line,"",%progbits
 1075              	.Ldebug_line0:
 1076 0000 6E020000 		.section	.debug_str,"MS",%progbits,1
 1076      0200F801 
 1076      00000201 
 1076      FB0E0D00 
 1076      01010101 
 1077              	.LASF28:
 1078 0000 636F6E63 		.ascii	"concrete_sasl_mechanism_get_mechanism_name\000"
 1078      72657465 
 1078      5F736173 
 1078      6C5F6D65 
 1078      6368616E 
 1079              	.LASF43:
 1080 002b 7361736C 		.ascii	"saslmssbcbs_interface\000"
 1080      6D737362 
 1080      6362735F 
 1080      696E7465 
 1080      72666163 
 1081              	.LASF39:
 1082 0041 6368616C 		.ascii	"challenge_bytes\000"
 1082      6C656E67 
 1082      655F6279 
 1082      74657300 
 1083              	.LASF14:
 1084 0051 434F4E43 		.ascii	"CONCRETE_SASL_MECHANISM_HANDLE\000"
 1084      52455445 
 1084      5F534153 
 1084      4C5F4D45 
 1084      4348414E 
ARM GAS  C:\Users\Phuong\AppData\Local\Temp\ccvh8ULi.s 			page 22


 1085              	.LASF47:
 1086 0070 536F7572 		.ascii	"Source\\azure_iot_sdk\\uamqp\\src\\sasl_mssbcbs.c\000"
 1086      63655C61 
 1086      7A757265 
 1086      5F696F74 
 1086      5F73646B 
 1087              	.LASF22:
 1088 009e 5341534C 		.ascii	"SASL_MECHANISM_CHALLENGE\000"
 1088      5F4D4543 
 1088      48414E49 
 1088      534D5F43 
 1088      48414C4C 
 1089              	.LASF23:
 1090 00b7 5341534C 		.ascii	"SASL_MECHANISM_BYTES_TAG\000"
 1090      5F4D4543 
 1090      48414E49 
 1090      534D5F42 
 1090      59544553 
 1091              	.LASF6:
 1092 00d0 73686F72 		.ascii	"short unsigned int\000"
 1092      7420756E 
 1092      7369676E 
 1092      65642069 
 1092      6E7400
 1093              	.LASF21:
 1094 00e3 5341534C 		.ascii	"SASL_MECHANISM_GET_MECHANISM_NAME\000"
 1094      5F4D4543 
 1094      48414E49 
 1094      534D5F47 
 1094      45545F4D 
 1095              	.LASF37:
 1096 0105 7361736C 		.ascii	"saslmssbcbs_challenge\000"
 1096      6D737362 
 1096      6362735F 
 1096      6368616C 
 1096      6C656E67 
 1097              	.LASF4:
 1098 011b 756E7369 		.ascii	"unsigned char\000"
 1098      676E6564 
 1098      20636861 
 1098      7200
 1099              	.LASF32:
 1100 0129 696E6974 		.ascii	"init_bytes\000"
 1100      5F627974 
 1100      657300
 1101              	.LASF8:
 1102 0134 6C6F6E67 		.ascii	"long unsigned int\000"
 1102      20756E73 
 1102      69676E65 
 1102      6420696E 
 1102      7400
 1103              	.LASF30:
 1104 0146 5341534C 		.ascii	"SASL_MECHANISM_INTERFACE_DESCRIPTION\000"
 1104      5F4D4543 
 1104      48414E49 
 1104      534D5F49 
 1104      4E544552 
ARM GAS  C:\Users\Phuong\AppData\Local\Temp\ccvh8ULi.s 			page 23


 1105              	.LASF17:
 1106 016b 5341534C 		.ascii	"SASL_MECHANISM_BYTES\000"
 1106      5F4D4543 
 1106      48414E49 
 1106      534D5F42 
 1106      59544553 
 1107              	.LASF29:
 1108 0180 636F6E63 		.ascii	"concrete_sasl_mechanism_challenge\000"
 1108      72657465 
 1108      5F736173 
 1108      6C5F6D65 
 1108      6368616E 
 1109              	.LASF42:
 1110 01a2 636F6E66 		.ascii	"config\000"
 1110      696700
 1111              	.LASF34:
 1112 01a9 7361736C 		.ascii	"saslmssbcbs_get_mechanism_name\000"
 1112      6D737362 
 1112      6362735F 
 1112      6765745F 
 1112      6D656368 
 1113              	.LASF27:
 1114 01c8 636F6E63 		.ascii	"concrete_sasl_mechanism_get_init_bytes\000"
 1114      72657465 
 1114      5F736173 
 1114      6C5F6D65 
 1114      6368616E 
 1115              	.LASF12:
 1116 01ef 5F5F7569 		.ascii	"__uint32_t\000"
 1116      6E743332 
 1116      5F7400
 1117              	.LASF20:
 1118 01fa 5341534C 		.ascii	"SASL_MECHANISM_GET_INIT_BYTES\000"
 1118      5F4D4543 
 1118      48414E49 
 1118      534D5F47 
 1118      45545F49 
 1119              	.LASF49:
 1120 0218 7361736C 		.ascii	"saslmssbcbs_destroy\000"
 1120      6D737362 
 1120      6362735F 
 1120      64657374 
 1120      726F7900 
 1121              	.LASF35:
 1122 022c 7361736C 		.ascii	"sasl_mechanism\000"
 1122      5F6D6563 
 1122      68616E69 
 1122      736D00
 1123              	.LASF0:
 1124 023b 756E7369 		.ascii	"unsigned int\000"
 1124      676E6564 
 1124      20696E74 
 1124      00
 1125              	.LASF48:
 1126 0248 433A5C55 		.ascii	"C:\\Users\\Phuong\\Documents\\PSoC Creator\\Dec0820"
 1126      73657273 
 1126      5C506875 
ARM GAS  C:\Users\Phuong\AppData\Local\Temp\ccvh8ULi.s 			page 24


 1126      6F6E675C 
 1126      446F6375 
 1127 0276 31385C69 		.ascii	"18\\iot-sdk-iot-dev\\PSOC6_FreeRTOS+LwIP+MbedTLS_Az"
 1127      6F742D73 
 1127      646B2D69 
 1127      6F742D64 
 1127      65765C50 
 1128 02a7 7572652D 		.ascii	"ure-IOT-Hub-Demo\\PSOC6_FreeRTOS+LwIP+MbedTLS_Azure"
 1128      494F542D 
 1128      4875622D 
 1128      44656D6F 
 1128      5C50534F 
 1129 02d9 2D494F54 		.ascii	"-IOT-Hub-Demo.cydsn\000"
 1129      2D487562 
 1129      2D44656D 
 1129      6F2E6379 
 1129      64736E00 
 1130              	.LASF18:
 1131 02ed 5341534C 		.ascii	"SASL_MECHANISM_CREATE\000"
 1131      5F4D4543 
 1131      48414E49 
 1131      534D5F43 
 1131      52454154 
 1132              	.LASF9:
 1133 0303 6C6F6E67 		.ascii	"long long unsigned int\000"
 1133      206C6F6E 
 1133      6720756E 
 1133      7369676E 
 1133      65642069 
 1134              	.LASF36:
 1135 031a 72657375 		.ascii	"result\000"
 1135      6C7400
 1136              	.LASF50:
 1137 0321 7361736C 		.ascii	"saslmssbcbs_get_interface\000"
 1137      6D737362 
 1137      6362735F 
 1137      6765745F 
 1137      696E7465 
 1138              	.LASF31:
 1139 033b 7361736C 		.ascii	"sasl_mechanism_concrete_handle\000"
 1139      5F6D6563 
 1139      68616E69 
 1139      736D5F63 
 1139      6F6E6372 
 1140              	.LASF10:
 1141 035a 73697A65 		.ascii	"sizetype\000"
 1141      74797065 
 1141      00
 1142              	.LASF25:
 1143 0363 636F6E63 		.ascii	"concrete_sasl_mechanism_create\000"
 1143      72657465 
 1143      5F736173 
 1143      6C5F6D65 
 1143      6368616E 
 1144              	.LASF1:
 1145 0382 6C6F6E67 		.ascii	"long long int\000"
 1145      206C6F6E 
ARM GAS  C:\Users\Phuong\AppData\Local\Temp\ccvh8ULi.s 			page 25


 1145      6720696E 
 1145      7400
 1146              	.LASF11:
 1147 0390 63686172 		.ascii	"char\000"
 1147      00
 1148              	.LASF19:
 1149 0395 5341534C 		.ascii	"SASL_MECHANISM_DESTROY\000"
 1149      5F4D4543 
 1149      48414E49 
 1149      534D5F44 
 1149      45535452 
 1150              	.LASF40:
 1151 03ac 72657370 		.ascii	"response_bytes\000"
 1151      6F6E7365 
 1151      5F627974 
 1151      657300
 1152              	.LASF41:
 1153 03bb 7361736C 		.ascii	"saslmssbcbs_create\000"
 1153      6D737362 
 1153      6362735F 
 1153      63726561 
 1153      746500
 1154              	.LASF26:
 1155 03ce 636F6E63 		.ascii	"concrete_sasl_mechanism_destroy\000"
 1155      72657465 
 1155      5F736173 
 1155      6C5F6D65 
 1155      6368616E 
 1156              	.LASF5:
 1157 03ee 73686F72 		.ascii	"short int\000"
 1157      7420696E 
 1157      7400
 1158              	.LASF38:
 1159 03f8 636F6E63 		.ascii	"concrete_sasl_mechanism\000"
 1159      72657465 
 1159      5F736173 
 1159      6C5F6D65 
 1159      6368616E 
 1160              	.LASF33:
 1161 0410 7361736C 		.ascii	"saslmssbcbs_get_init_bytes\000"
 1161      6D737362 
 1161      6362735F 
 1161      6765745F 
 1161      696E6974 
 1162              	.LASF13:
 1163 042b 75696E74 		.ascii	"uint32_t\000"
 1163      33325F74 
 1163      00
 1164              	.LASF7:
 1165 0434 6C6F6E67 		.ascii	"long int\000"
 1165      20696E74 
 1165      00
 1166              	.LASF15:
 1167 043d 62797465 		.ascii	"bytes\000"
 1167      7300
 1168              	.LASF2:
 1169 0443 6C6F6E67 		.ascii	"long double\000"
ARM GAS  C:\Users\Phuong\AppData\Local\Temp\ccvh8ULi.s 			page 26


 1169      20646F75 
 1169      626C6500 
 1170              	.LASF46:
 1171 044f 474E5520 		.ascii	"GNU C11 5.4.1 20160609 (release) [ARM/embedded-5-br"
 1171      43313120 
 1171      352E342E 
 1171      31203230 
 1171      31363036 
 1172 0482 616E6368 		.ascii	"anch revision 237715] -mcpu=cortex-m0plus -mthumb -"
 1172      20726576 
 1172      6973696F 
 1172      6E203233 
 1172      37373135 
 1173 04b5 67202D4F 		.ascii	"g -Og -ffunction-sections -ffat-lto-objects\000"
 1173      67202D66 
 1173      66756E63 
 1173      74696F6E 
 1173      2D736563 
 1174              	.LASF3:
 1175 04e1 7369676E 		.ascii	"signed char\000"
 1175      65642063 
 1175      68617200 
 1176              	.LASF45:
 1177 04ed 66726565 		.ascii	"free\000"
 1177      00
 1178              	.LASF16:
 1179 04f2 6C656E67 		.ascii	"length\000"
 1179      746800
 1180              	.LASF44:
 1181 04f9 6D616C6C 		.ascii	"malloc\000"
 1181      6F6300
 1182              	.LASF24:
 1183 0500 5341534C 		.ascii	"SASL_MECHANISM_INTERFACE_TAG\000"
 1183      5F4D4543 
 1183      48414E49 
 1183      534D5F49 
 1183      4E544552 
 1184              		.ident	"GCC: (GNU Tools for ARM Embedded Processors) 5.4.1 20160609 (release) [ARM/embedded-5-bran
