ARM GAS  C:\Users\Phuong\AppData\Local\Temp\cc4UyoH1.s 			page 1


   1              		.syntax unified
   2              		.cpu cortex-m0plus
   3              		.fpu softvfp
   4              		.eabi_attribute 20, 1
   5              		.eabi_attribute 21, 1
   6              		.eabi_attribute 23, 3
   7              		.eabi_attribute 24, 1
   8              		.eabi_attribute 25, 1
   9              		.eabi_attribute 26, 1
  10              		.eabi_attribute 30, 1
  11              		.eabi_attribute 34, 0
  12              		.eabi_attribute 18, 4
  13              		.thumb
  14              		.syntax unified
  15              		.file	"stats.c"
  16              		.text
  17              	.Ltext0:
  18              		.cfi_sections	.debug_frame
  19              		.section	.text.stats_init,"ax",%progbits
  20              		.align	2
  21              		.global	stats_init
  22              		.code	16
  23              		.thumb_func
  24              		.type	stats_init, %function
  25              	stats_init:
  26              	.LFB53:
  27              		.file 1 "Source\\LwIP\\src\\core\\stats.c"
   1:Source\LwIP\src\core/stats.c **** /**
   2:Source\LwIP\src\core/stats.c ****  * @file
   3:Source\LwIP\src\core/stats.c ****  * Statistics module
   4:Source\LwIP\src\core/stats.c ****  *
   5:Source\LwIP\src\core/stats.c ****  */
   6:Source\LwIP\src\core/stats.c **** 
   7:Source\LwIP\src\core/stats.c **** /*
   8:Source\LwIP\src\core/stats.c ****  * Copyright (c) 2001-2004 Swedish Institute of Computer Science.
   9:Source\LwIP\src\core/stats.c ****  * All rights reserved.
  10:Source\LwIP\src\core/stats.c ****  *
  11:Source\LwIP\src\core/stats.c ****  * Redistribution and use in source and binary forms, with or without modification,
  12:Source\LwIP\src\core/stats.c ****  * are permitted provided that the following conditions are met:
  13:Source\LwIP\src\core/stats.c ****  *
  14:Source\LwIP\src\core/stats.c ****  * 1. Redistributions of source code must retain the above copyright notice,
  15:Source\LwIP\src\core/stats.c ****  *    this list of conditions and the following disclaimer.
  16:Source\LwIP\src\core/stats.c ****  * 2. Redistributions in binary form must reproduce the above copyright notice,
  17:Source\LwIP\src\core/stats.c ****  *    this list of conditions and the following disclaimer in the documentation
  18:Source\LwIP\src\core/stats.c ****  *    and/or other materials provided with the distribution.
  19:Source\LwIP\src\core/stats.c ****  * 3. The name of the author may not be used to endorse or promote products
  20:Source\LwIP\src\core/stats.c ****  *    derived from this software without specific prior written permission.
  21:Source\LwIP\src\core/stats.c ****  *
  22:Source\LwIP\src\core/stats.c ****  * THIS SOFTWARE IS PROVIDED BY THE AUTHOR ``AS IS'' AND ANY EXPRESS OR IMPLIED
  23:Source\LwIP\src\core/stats.c ****  * WARRANTIES, INCLUDING, BUT NOT LIMITED TO, THE IMPLIED WARRANTIES OF
  24:Source\LwIP\src\core/stats.c ****  * MERCHANTABILITY AND FITNESS FOR A PARTICULAR PURPOSE ARE DISCLAIMED. IN NO EVENT
  25:Source\LwIP\src\core/stats.c ****  * SHALL THE AUTHOR BE LIABLE FOR ANY DIRECT, INDIRECT, INCIDENTAL, SPECIAL,
  26:Source\LwIP\src\core/stats.c ****  * EXEMPLARY, OR CONSEQUENTIAL DAMAGES (INCLUDING, BUT NOT LIMITED TO, PROCUREMENT
  27:Source\LwIP\src\core/stats.c ****  * OF SUBSTITUTE GOODS OR SERVICES; LOSS OF USE, DATA, OR PROFITS; OR BUSINESS
  28:Source\LwIP\src\core/stats.c ****  * INTERRUPTION) HOWEVER CAUSED AND ON ANY THEORY OF LIABILITY, WHETHER IN
  29:Source\LwIP\src\core/stats.c ****  * CONTRACT, STRICT LIABILITY, OR TORT (INCLUDING NEGLIGENCE OR OTHERWISE) ARISING
  30:Source\LwIP\src\core/stats.c ****  * IN ANY WAY OUT OF THE USE OF THIS SOFTWARE, EVEN IF ADVISED OF THE POSSIBILITY
ARM GAS  C:\Users\Phuong\AppData\Local\Temp\cc4UyoH1.s 			page 2


  31:Source\LwIP\src\core/stats.c ****  * OF SUCH DAMAGE.
  32:Source\LwIP\src\core/stats.c ****  *
  33:Source\LwIP\src\core/stats.c ****  * This file is part of the lwIP TCP/IP stack.
  34:Source\LwIP\src\core/stats.c ****  *
  35:Source\LwIP\src\core/stats.c ****  * Author: Adam Dunkels <adam@sics.se>
  36:Source\LwIP\src\core/stats.c ****  *
  37:Source\LwIP\src\core/stats.c ****  */
  38:Source\LwIP\src\core/stats.c **** 
  39:Source\LwIP\src\core/stats.c **** #include "lwip/opt.h"
  40:Source\LwIP\src\core/stats.c **** 
  41:Source\LwIP\src\core/stats.c **** #if LWIP_STATS /* don't build if not configured for use in lwipopts.h */
  42:Source\LwIP\src\core/stats.c **** 
  43:Source\LwIP\src\core/stats.c **** #include "lwip/def.h"
  44:Source\LwIP\src\core/stats.c **** #include "lwip/stats.h"
  45:Source\LwIP\src\core/stats.c **** #include "lwip/mem.h"
  46:Source\LwIP\src\core/stats.c **** #include "lwip/debug.h"
  47:Source\LwIP\src\core/stats.c **** 
  48:Source\LwIP\src\core/stats.c **** #include <string.h>
  49:Source\LwIP\src\core/stats.c **** 
  50:Source\LwIP\src\core/stats.c **** struct stats_ lwip_stats;
  51:Source\LwIP\src\core/stats.c **** 
  52:Source\LwIP\src\core/stats.c **** void
  53:Source\LwIP\src\core/stats.c **** stats_init(void)
  54:Source\LwIP\src\core/stats.c **** {
  28              		.loc 1 54 0
  29              		.cfi_startproc
  30              		@ args = 0, pretend = 0, frame = 0
  31              		@ frame_needed = 0, uses_anonymous_args = 0
  32              		@ link register save eliminated.
  55:Source\LwIP\src\core/stats.c **** #ifdef LWIP_DEBUG
  56:Source\LwIP\src\core/stats.c **** #if MEM_STATS
  57:Source\LwIP\src\core/stats.c ****   lwip_stats.mem.name = "MEM";
  58:Source\LwIP\src\core/stats.c **** #endif /* MEM_STATS */
  59:Source\LwIP\src\core/stats.c **** #endif /* LWIP_DEBUG */
  60:Source\LwIP\src\core/stats.c **** }
  33              		.loc 1 60 0
  34              		@ sp needed
  35 0000 7047     		bx	lr
  36              		.cfi_endproc
  37              	.LFE53:
  38              		.size	stats_init, .-stats_init
  39              		.comm	lwip_stats,280,4
  40 0002 C046     		.text
  41              	.Letext0:
  42              		.file 2 "c:\\program files (x86)\\cypress\\psoc creator\\4.2\\psoc creator\\import\\gnu\\arm\\5.4.
  43              		.file 3 "c:\\program files (x86)\\cypress\\psoc creator\\4.2\\psoc creator\\import\\gnu\\arm\\5.4.
  44              		.file 4 "c:\\program files (x86)\\cypress\\psoc creator\\4.2\\psoc creator\\import\\gnu\\arm\\5.4.
  45              		.file 5 ".\\Source\\LwIP\\src\\include/arch/cc.h"
  46              		.file 6 ".\\Source\\LwIP\\src\\include/lwip/mem.h"
  47              		.file 7 ".\\Source\\LwIP\\src\\include/lwip/stats.h"
  48              		.file 8 ".\\Source\\LwIP\\src\\include/lwip/memp.h"
  49              		.section	.debug_info,"",%progbits
  50              	.Ldebug_info0:
  51 0000 0A040000 		.4byte	0x40a
  52 0004 0400     		.2byte	0x4
  53 0006 00000000 		.4byte	.Ldebug_abbrev0
  54 000a 04       		.byte	0x4
ARM GAS  C:\Users\Phuong\AppData\Local\Temp\cc4UyoH1.s 			page 3


  55 000b 01       		.uleb128 0x1
  56 000c 78000000 		.4byte	.LASF71
  57 0010 0C       		.byte	0xc
  58 0011 FD030000 		.4byte	.LASF72
  59 0015 08020000 		.4byte	.LASF73
  60 0019 00000000 		.4byte	.Ldebug_ranges0+0
  61 001d 00000000 		.4byte	0
  62 0021 00000000 		.4byte	.Ldebug_line0
  63 0025 02       		.uleb128 0x2
  64 0026 01       		.byte	0x1
  65 0027 06       		.byte	0x6
  66 0028 AD020000 		.4byte	.LASF0
  67 002c 02       		.uleb128 0x2
  68 002d 01       		.byte	0x1
  69 002e 08       		.byte	0x8
  70 002f EC010000 		.4byte	.LASF1
  71 0033 02       		.uleb128 0x2
  72 0034 02       		.byte	0x2
  73 0035 05       		.byte	0x5
  74 0036 38000000 		.4byte	.LASF2
  75 003a 02       		.uleb128 0x2
  76 003b 02       		.byte	0x2
  77 003c 07       		.byte	0x7
  78 003d 09030000 		.4byte	.LASF3
  79 0041 02       		.uleb128 0x2
  80 0042 04       		.byte	0x4
  81 0043 05       		.byte	0x5
  82 0044 BB010000 		.4byte	.LASF4
  83 0048 03       		.uleb128 0x3
  84 0049 1E010000 		.4byte	.LASF9
  85 004d 02       		.byte	0x2
  86 004e 41       		.byte	0x41
  87 004f 53000000 		.4byte	0x53
  88 0053 02       		.uleb128 0x2
  89 0054 04       		.byte	0x4
  90 0055 07       		.byte	0x7
  91 0056 8C030000 		.4byte	.LASF5
  92 005a 02       		.uleb128 0x2
  93 005b 08       		.byte	0x8
  94 005c 05       		.byte	0x5
  95 005d AD010000 		.4byte	.LASF6
  96 0061 02       		.uleb128 0x2
  97 0062 08       		.byte	0x8
  98 0063 07       		.byte	0x7
  99 0064 C3020000 		.4byte	.LASF7
 100 0068 04       		.uleb128 0x4
 101 0069 04       		.byte	0x4
 102 006a 05       		.byte	0x5
 103 006b 696E7400 		.ascii	"int\000"
 104 006f 02       		.uleb128 0x2
 105 0070 04       		.byte	0x4
 106 0071 07       		.byte	0x7
 107 0072 1F040000 		.4byte	.LASF8
 108 0076 03       		.uleb128 0x3
 109 0077 42000000 		.4byte	.LASF10
 110 007b 03       		.byte	0x3
 111 007c D8       		.byte	0xd8
ARM GAS  C:\Users\Phuong\AppData\Local\Temp\cc4UyoH1.s 			page 4


 112 007d 6F000000 		.4byte	0x6f
 113 0081 02       		.uleb128 0x2
 114 0082 08       		.byte	0x8
 115 0083 04       		.byte	0x4
 116 0084 DB010000 		.4byte	.LASF11
 117 0088 02       		.uleb128 0x2
 118 0089 04       		.byte	0x4
 119 008a 07       		.byte	0x7
 120 008b 62000000 		.4byte	.LASF12
 121 008f 02       		.uleb128 0x2
 122 0090 01       		.byte	0x1
 123 0091 08       		.byte	0x8
 124 0092 2B030000 		.4byte	.LASF13
 125 0096 05       		.uleb128 0x5
 126 0097 04       		.byte	0x4
 127 0098 9C000000 		.4byte	0x9c
 128 009c 06       		.uleb128 0x6
 129 009d 8F000000 		.4byte	0x8f
 130 00a1 03       		.uleb128 0x3
 131 00a2 DA020000 		.4byte	.LASF14
 132 00a6 04       		.byte	0x4
 133 00a7 30       		.byte	0x30
 134 00a8 48000000 		.4byte	0x48
 135 00ac 02       		.uleb128 0x2
 136 00ad 04       		.byte	0x4
 137 00ae 04       		.byte	0x4
 138 00af A1010000 		.4byte	.LASF15
 139 00b3 02       		.uleb128 0x2
 140 00b4 08       		.byte	0x8
 141 00b5 04       		.byte	0x4
 142 00b6 9E030000 		.4byte	.LASF16
 143 00ba 03       		.uleb128 0x3
 144 00bb C7030000 		.4byte	.LASF17
 145 00bf 05       		.byte	0x5
 146 00c0 33       		.byte	0x33
 147 00c1 3A000000 		.4byte	0x3a
 148 00c5 03       		.uleb128 0x3
 149 00c6 C4010000 		.4byte	.LASF18
 150 00ca 06       		.byte	0x6
 151 00cb 32       		.byte	0x32
 152 00cc 76000000 		.4byte	0x76
 153 00d0 07       		.uleb128 0x7
 154 00d1 01       		.byte	0x1
 155 00d2 2C000000 		.4byte	0x2c
 156 00d6 08       		.byte	0x8
 157 00d7 34       		.byte	0x34
 158 00d8 43010000 		.4byte	0x143
 159 00dc 08       		.uleb128 0x8
 160 00dd B4030000 		.4byte	.LASF19
 161 00e1 00       		.byte	0
 162 00e2 08       		.uleb128 0x8
 163 00e3 6B000000 		.4byte	.LASF20
 164 00e7 01       		.byte	0x1
 165 00e8 08       		.uleb128 0x8
 166 00e9 F0030000 		.4byte	.LASF21
 167 00ed 02       		.byte	0x2
 168 00ee 08       		.uleb128 0x8
ARM GAS  C:\Users\Phuong\AppData\Local\Temp\cc4UyoH1.s 			page 5


 169 00ef 74010000 		.4byte	.LASF22
 170 00f3 03       		.byte	0x3
 171 00f4 08       		.uleb128 0x8
 172 00f5 49000000 		.4byte	.LASF23
 173 00f9 04       		.byte	0x4
 174 00fa 08       		.uleb128 0x8
 175 00fb 1C030000 		.4byte	.LASF24
 176 00ff 05       		.byte	0x5
 177 0100 08       		.uleb128 0x8
 178 0101 31040000 		.4byte	.LASF25
 179 0105 06       		.byte	0x6
 180 0106 08       		.uleb128 0x8
 181 0107 E3030000 		.4byte	.LASF26
 182 010b 07       		.byte	0x7
 183 010c 08       		.uleb128 0x8
 184 010d 30030000 		.4byte	.LASF27
 185 0111 08       		.byte	0x8
 186 0112 08       		.uleb128 0x8
 187 0113 29010000 		.4byte	.LASF28
 188 0117 09       		.byte	0x9
 189 0118 08       		.uleb128 0x8
 190 0119 16000000 		.4byte	.LASF29
 191 011d 0A       		.byte	0xa
 192 011e 08       		.uleb128 0x8
 193 011f E8020000 		.4byte	.LASF30
 194 0123 0B       		.byte	0xb
 195 0124 08       		.uleb128 0x8
 196 0125 4F010000 		.4byte	.LASF31
 197 0129 0C       		.byte	0xc
 198 012a 08       		.uleb128 0x8
 199 012b 88010000 		.4byte	.LASF32
 200 012f 0D       		.byte	0xd
 201 0130 08       		.uleb128 0x8
 202 0131 FF020000 		.4byte	.LASF33
 203 0135 0E       		.byte	0xe
 204 0136 08       		.uleb128 0x8
 205 0137 0F010000 		.4byte	.LASF34
 206 013b 0F       		.byte	0xf
 207 013c 08       		.uleb128 0x8
 208 013d FF010000 		.4byte	.LASF35
 209 0141 10       		.byte	0x10
 210 0142 00       		.byte	0
 211 0143 09       		.uleb128 0x9
 212 0144 3E010000 		.4byte	.LASF40
 213 0148 18       		.byte	0x18
 214 0149 07       		.byte	0x7
 215 014a 62       		.byte	0x62
 216 014b 98010000 		.4byte	0x198
 217 014f 0A       		.uleb128 0xa
 218 0150 D6010000 		.4byte	.LASF36
 219 0154 07       		.byte	0x7
 220 0155 64       		.byte	0x64
 221 0156 96000000 		.4byte	0x96
 222 015a 00       		.byte	0
 223 015b 0B       		.uleb128 0xb
 224 015c 65727200 		.ascii	"err\000"
 225 0160 07       		.byte	0x7
ARM GAS  C:\Users\Phuong\AppData\Local\Temp\cc4UyoH1.s 			page 6


 226 0161 66       		.byte	0x66
 227 0162 BA000000 		.4byte	0xba
 228 0166 04       		.byte	0x4
 229 0167 0A       		.uleb128 0xa
 230 0168 DD030000 		.4byte	.LASF37
 231 016c 07       		.byte	0x7
 232 016d 67       		.byte	0x67
 233 016e C5000000 		.4byte	0xc5
 234 0172 08       		.byte	0x8
 235 0173 0A       		.uleb128 0xa
 236 0174 E3020000 		.4byte	.LASF38
 237 0178 07       		.byte	0x7
 238 0179 68       		.byte	0x68
 239 017a C5000000 		.4byte	0xc5
 240 017e 0C       		.byte	0xc
 241 017f 0B       		.uleb128 0xb
 242 0180 6D617800 		.ascii	"max\000"
 243 0184 07       		.byte	0x7
 244 0185 69       		.byte	0x69
 245 0186 C5000000 		.4byte	0xc5
 246 018a 10       		.byte	0x10
 247 018b 0A       		.uleb128 0xa
 248 018c 56030000 		.4byte	.LASF39
 249 0190 07       		.byte	0x7
 250 0191 6A       		.byte	0x6a
 251 0192 BA000000 		.4byte	0xba
 252 0196 14       		.byte	0x14
 253 0197 00       		.byte	0
 254 0198 05       		.uleb128 0x5
 255 0199 04       		.byte	0x4
 256 019a 43010000 		.4byte	0x143
 257 019e 09       		.uleb128 0x9
 258 019f 56000000 		.4byte	.LASF41
 259 01a3 18       		.byte	0x18
 260 01a4 07       		.byte	0x7
 261 01a5 40       		.byte	0x40
 262 01a6 3A020000 		.4byte	0x23a
 263 01aa 0A       		.uleb128 0xa
 264 01ab 0A010000 		.4byte	.LASF42
 265 01af 07       		.byte	0x7
 266 01b0 41       		.byte	0x41
 267 01b1 BA000000 		.4byte	0xba
 268 01b5 00       		.byte	0
 269 01b6 0A       		.uleb128 0xa
 270 01b7 1A040000 		.4byte	.LASF43
 271 01bb 07       		.byte	0x7
 272 01bc 42       		.byte	0x42
 273 01bd BA000000 		.4byte	0xba
 274 01c1 02       		.byte	0x2
 275 01c2 0B       		.uleb128 0xb
 276 01c3 667700   		.ascii	"fw\000"
 277 01c6 07       		.byte	0x7
 278 01c7 43       		.byte	0x43
 279 01c8 BA000000 		.4byte	0xba
 280 01cc 04       		.byte	0x4
 281 01cd 0A       		.uleb128 0xa
 282 01ce E7010000 		.4byte	.LASF44
ARM GAS  C:\Users\Phuong\AppData\Local\Temp\cc4UyoH1.s 			page 7


 283 01d2 07       		.byte	0x7
 284 01d3 44       		.byte	0x44
 285 01d4 BA000000 		.4byte	0xba
 286 01d8 06       		.byte	0x6
 287 01d9 0A       		.uleb128 0xa
 288 01da 07000000 		.4byte	.LASF45
 289 01de 07       		.byte	0x7
 290 01df 45       		.byte	0x45
 291 01e0 BA000000 		.4byte	0xba
 292 01e4 08       		.byte	0x8
 293 01e5 0A       		.uleb128 0xa
 294 01e6 48010000 		.4byte	.LASF46
 295 01ea 07       		.byte	0x7
 296 01eb 46       		.byte	0x46
 297 01ec BA000000 		.4byte	0xba
 298 01f0 0A       		.byte	0xa
 299 01f1 0A       		.uleb128 0xa
 300 01f2 CF010000 		.4byte	.LASF47
 301 01f6 07       		.byte	0x7
 302 01f7 47       		.byte	0x47
 303 01f8 BA000000 		.4byte	0xba
 304 01fc 0C       		.byte	0xc
 305 01fd 0A       		.uleb128 0xa
 306 01fe C1030000 		.4byte	.LASF48
 307 0202 07       		.byte	0x7
 308 0203 48       		.byte	0x48
 309 0204 BA000000 		.4byte	0xba
 310 0208 0E       		.byte	0xe
 311 0209 0A       		.uleb128 0xa
 312 020a 4E030000 		.4byte	.LASF49
 313 020e 07       		.byte	0x7
 314 020f 49       		.byte	0x49
 315 0210 BA000000 		.4byte	0xba
 316 0214 10       		.byte	0x10
 317 0215 0A       		.uleb128 0xa
 318 0216 F8020000 		.4byte	.LASF50
 319 021a 07       		.byte	0x7
 320 021b 4A       		.byte	0x4a
 321 021c BA000000 		.4byte	0xba
 322 0220 12       		.byte	0x12
 323 0221 0B       		.uleb128 0xb
 324 0222 65727200 		.ascii	"err\000"
 325 0226 07       		.byte	0x7
 326 0227 4B       		.byte	0x4b
 327 0228 BA000000 		.4byte	0xba
 328 022c 14       		.byte	0x14
 329 022d 0A       		.uleb128 0xa
 330 022e 6B010000 		.4byte	.LASF51
 331 0232 07       		.byte	0x7
 332 0233 4C       		.byte	0x4c
 333 0234 BA000000 		.4byte	0xba
 334 0238 16       		.byte	0x16
 335 0239 00       		.byte	0
 336 023a 09       		.uleb128 0x9
 337 023b 60010000 		.4byte	.LASF52
 338 023f 1C       		.byte	0x1c
 339 0240 07       		.byte	0x7
ARM GAS  C:\Users\Phuong\AppData\Local\Temp\cc4UyoH1.s 			page 8


 340 0241 50       		.byte	0x50
 341 0242 EF020000 		.4byte	0x2ef
 342 0246 0A       		.uleb128 0xa
 343 0247 0A010000 		.4byte	.LASF42
 344 024b 07       		.byte	0x7
 345 024c 51       		.byte	0x51
 346 024d BA000000 		.4byte	0xba
 347 0251 00       		.byte	0
 348 0252 0A       		.uleb128 0xa
 349 0253 1A040000 		.4byte	.LASF43
 350 0257 07       		.byte	0x7
 351 0258 52       		.byte	0x52
 352 0259 BA000000 		.4byte	0xba
 353 025d 02       		.byte	0x2
 354 025e 0A       		.uleb128 0xa
 355 025f E7010000 		.4byte	.LASF44
 356 0263 07       		.byte	0x7
 357 0264 53       		.byte	0x53
 358 0265 BA000000 		.4byte	0xba
 359 0269 04       		.byte	0x4
 360 026a 0A       		.uleb128 0xa
 361 026b 07000000 		.4byte	.LASF45
 362 026f 07       		.byte	0x7
 363 0270 54       		.byte	0x54
 364 0271 BA000000 		.4byte	0xba
 365 0275 06       		.byte	0x6
 366 0276 0A       		.uleb128 0xa
 367 0277 48010000 		.4byte	.LASF46
 368 027b 07       		.byte	0x7
 369 027c 55       		.byte	0x55
 370 027d BA000000 		.4byte	0xba
 371 0281 08       		.byte	0x8
 372 0282 0A       		.uleb128 0xa
 373 0283 CF010000 		.4byte	.LASF47
 374 0287 07       		.byte	0x7
 375 0288 56       		.byte	0x56
 376 0289 BA000000 		.4byte	0xba
 377 028d 0A       		.byte	0xa
 378 028e 0A       		.uleb128 0xa
 379 028f 4E030000 		.4byte	.LASF49
 380 0293 07       		.byte	0x7
 381 0294 57       		.byte	0x57
 382 0295 BA000000 		.4byte	0xba
 383 0299 0C       		.byte	0xc
 384 029a 0A       		.uleb128 0xa
 385 029b A7010000 		.4byte	.LASF53
 386 029f 07       		.byte	0x7
 387 02a0 58       		.byte	0x58
 388 02a1 BA000000 		.4byte	0xba
 389 02a5 0E       		.byte	0xe
 390 02a6 0A       		.uleb128 0xa
 391 02a7 98010000 		.4byte	.LASF54
 392 02ab 07       		.byte	0x7
 393 02ac 59       		.byte	0x59
 394 02ad BA000000 		.4byte	0xba
 395 02b1 10       		.byte	0x10
 396 02b2 0A       		.uleb128 0xa
ARM GAS  C:\Users\Phuong\AppData\Local\Temp\cc4UyoH1.s 			page 9


 397 02b3 25000000 		.4byte	.LASF55
 398 02b7 07       		.byte	0x7
 399 02b8 5A       		.byte	0x5a
 400 02b9 BA000000 		.4byte	0xba
 401 02bd 12       		.byte	0x12
 402 02be 0A       		.uleb128 0xa
 403 02bf 64030000 		.4byte	.LASF56
 404 02c3 07       		.byte	0x7
 405 02c4 5B       		.byte	0x5b
 406 02c5 BA000000 		.4byte	0xba
 407 02c9 14       		.byte	0x14
 408 02ca 0A       		.uleb128 0xa
 409 02cb 0E000000 		.4byte	.LASF57
 410 02cf 07       		.byte	0x7
 411 02d0 5C       		.byte	0x5c
 412 02d1 BA000000 		.4byte	0xba
 413 02d5 16       		.byte	0x16
 414 02d6 0A       		.uleb128 0xa
 415 02d7 75030000 		.4byte	.LASF58
 416 02db 07       		.byte	0x7
 417 02dc 5D       		.byte	0x5d
 418 02dd BA000000 		.4byte	0xba
 419 02e1 18       		.byte	0x18
 420 02e2 0A       		.uleb128 0xa
 421 02e3 AA030000 		.4byte	.LASF59
 422 02e7 07       		.byte	0x7
 423 02e8 5E       		.byte	0x5e
 424 02e9 BA000000 		.4byte	0xba
 425 02ed 1A       		.byte	0x1a
 426 02ee 00       		.byte	0
 427 02ef 09       		.uleb128 0x9
 428 02f0 7E030000 		.4byte	.LASF60
 429 02f4 06       		.byte	0x6
 430 02f5 07       		.byte	0x7
 431 02f6 6E       		.byte	0x6e
 432 02f7 20030000 		.4byte	0x320
 433 02fb 0A       		.uleb128 0xa
 434 02fc E3020000 		.4byte	.LASF38
 435 0300 07       		.byte	0x7
 436 0301 6F       		.byte	0x6f
 437 0302 BA000000 		.4byte	0xba
 438 0306 00       		.byte	0
 439 0307 0B       		.uleb128 0xb
 440 0308 6D617800 		.ascii	"max\000"
 441 030c 07       		.byte	0x7
 442 030d 70       		.byte	0x70
 443 030e BA000000 		.4byte	0xba
 444 0312 02       		.byte	0x2
 445 0313 0B       		.uleb128 0xb
 446 0314 65727200 		.ascii	"err\000"
 447 0318 07       		.byte	0x7
 448 0319 71       		.byte	0x71
 449 031a BA000000 		.4byte	0xba
 450 031e 04       		.byte	0x4
 451 031f 00       		.byte	0
 452 0320 09       		.uleb128 0x9
 453 0321 B9020000 		.4byte	.LASF61
ARM GAS  C:\Users\Phuong\AppData\Local\Temp\cc4UyoH1.s 			page 10


 454 0325 12       		.byte	0x12
 455 0326 07       		.byte	0x7
 456 0327 75       		.byte	0x75
 457 0328 51030000 		.4byte	0x351
 458 032c 0B       		.uleb128 0xb
 459 032d 73656D00 		.ascii	"sem\000"
 460 0331 07       		.byte	0x7
 461 0332 76       		.byte	0x76
 462 0333 EF020000 		.4byte	0x2ef
 463 0337 00       		.byte	0
 464 0338 0A       		.uleb128 0xa
 465 0339 5E030000 		.4byte	.LASF62
 466 033d 07       		.byte	0x7
 467 033e 77       		.byte	0x77
 468 033f EF020000 		.4byte	0x2ef
 469 0343 06       		.byte	0x6
 470 0344 0A       		.uleb128 0xa
 471 0345 D8030000 		.4byte	.LASF63
 472 0349 07       		.byte	0x7
 473 034a 78       		.byte	0x78
 474 034b EF020000 		.4byte	0x2ef
 475 034f 0C       		.byte	0xc
 476 0350 00       		.byte	0
 477 0351 0C       		.uleb128 0xc
 478 0352 00000000 		.4byte	.LASF64
 479 0356 1801     		.2byte	0x118
 480 0358 07       		.byte	0x7
 481 0359 E8       		.byte	0xe8
 482 035a DB030000 		.4byte	0x3db
 483 035e 0A       		.uleb128 0xa
 484 035f 93010000 		.4byte	.LASF65
 485 0363 07       		.byte	0x7
 486 0364 EB       		.byte	0xeb
 487 0365 9E010000 		.4byte	0x19e
 488 0369 00       		.byte	0
 489 036a 0A       		.uleb128 0xa
 490 036b 6E030000 		.4byte	.LASF66
 491 036f 07       		.byte	0x7
 492 0370 EF       		.byte	0xef
 493 0371 9E010000 		.4byte	0x19e
 494 0375 18       		.byte	0x18
 495 0376 0A       		.uleb128 0xa
 496 0377 30000000 		.4byte	.LASF67
 497 037b 07       		.byte	0x7
 498 037c F3       		.byte	0xf3
 499 037d 9E010000 		.4byte	0x19e
 500 0381 30       		.byte	0x30
 501 0382 0B       		.uleb128 0xb
 502 0383 697000   		.ascii	"ip\000"
 503 0386 07       		.byte	0x7
 504 0387 F7       		.byte	0xf7
 505 0388 9E010000 		.4byte	0x19e
 506 038c 48       		.byte	0x48
 507 038d 0A       		.uleb128 0xa
 508 038e 2C040000 		.4byte	.LASF68
 509 0392 07       		.byte	0x7
 510 0393 FB       		.byte	0xfb
ARM GAS  C:\Users\Phuong\AppData\Local\Temp\cc4UyoH1.s 			page 11


 511 0394 9E010000 		.4byte	0x19e
 512 0398 60       		.byte	0x60
 513 0399 0A       		.uleb128 0xa
 514 039a FA010000 		.4byte	.LASF69
 515 039e 07       		.byte	0x7
 516 039f FF       		.byte	0xff
 517 03a0 3A020000 		.4byte	0x23a
 518 03a4 78       		.byte	0x78
 519 03a5 0D       		.uleb128 0xd
 520 03a6 75647000 		.ascii	"udp\000"
 521 03aa 07       		.byte	0x7
 522 03ab 0301     		.2byte	0x103
 523 03ad 9E010000 		.4byte	0x19e
 524 03b1 94       		.byte	0x94
 525 03b2 0D       		.uleb128 0xd
 526 03b3 74637000 		.ascii	"tcp\000"
 527 03b7 07       		.byte	0x7
 528 03b8 0701     		.2byte	0x107
 529 03ba 9E010000 		.4byte	0x19e
 530 03be AC       		.byte	0xac
 531 03bf 0E       		.uleb128 0xe
 532 03c0 A5030000 		.4byte	.LASF70
 533 03c4 07       		.byte	0x7
 534 03c5 0F01     		.2byte	0x10f
 535 03c7 DB030000 		.4byte	0x3db
 536 03cb C4       		.byte	0xc4
 537 03cc 0F       		.uleb128 0xf
 538 03cd 73797300 		.ascii	"sys\000"
 539 03d1 07       		.byte	0x7
 540 03d2 1301     		.2byte	0x113
 541 03d4 20030000 		.4byte	0x320
 542 03d8 0401     		.2byte	0x104
 543 03da 00       		.byte	0
 544 03db 10       		.uleb128 0x10
 545 03dc 98010000 		.4byte	0x198
 546 03e0 EB030000 		.4byte	0x3eb
 547 03e4 11       		.uleb128 0x11
 548 03e5 88000000 		.4byte	0x88
 549 03e9 0F       		.byte	0xf
 550 03ea 00       		.byte	0
 551 03eb 12       		.uleb128 0x12
 552 03ec CD030000 		.4byte	.LASF74
 553 03f0 01       		.byte	0x1
 554 03f1 35       		.byte	0x35
 555 03f2 00000000 		.4byte	.LFB53
 556 03f6 02000000 		.4byte	.LFE53-.LFB53
 557 03fa 01       		.uleb128 0x1
 558 03fb 9C       		.byte	0x9c
 559 03fc 13       		.uleb128 0x13
 560 03fd 43030000 		.4byte	.LASF75
 561 0401 01       		.byte	0x1
 562 0402 32       		.byte	0x32
 563 0403 51030000 		.4byte	0x351
 564 0407 05       		.uleb128 0x5
 565 0408 03       		.byte	0x3
 566 0409 00000000 		.4byte	lwip_stats
 567 040d 00       		.byte	0
ARM GAS  C:\Users\Phuong\AppData\Local\Temp\cc4UyoH1.s 			page 12


 568              		.section	.debug_abbrev,"",%progbits
 569              	.Ldebug_abbrev0:
 570 0000 01       		.uleb128 0x1
 571 0001 11       		.uleb128 0x11
 572 0002 01       		.byte	0x1
 573 0003 25       		.uleb128 0x25
 574 0004 0E       		.uleb128 0xe
 575 0005 13       		.uleb128 0x13
 576 0006 0B       		.uleb128 0xb
 577 0007 03       		.uleb128 0x3
 578 0008 0E       		.uleb128 0xe
 579 0009 1B       		.uleb128 0x1b
 580 000a 0E       		.uleb128 0xe
 581 000b 55       		.uleb128 0x55
 582 000c 17       		.uleb128 0x17
 583 000d 11       		.uleb128 0x11
 584 000e 01       		.uleb128 0x1
 585 000f 10       		.uleb128 0x10
 586 0010 17       		.uleb128 0x17
 587 0011 00       		.byte	0
 588 0012 00       		.byte	0
 589 0013 02       		.uleb128 0x2
 590 0014 24       		.uleb128 0x24
 591 0015 00       		.byte	0
 592 0016 0B       		.uleb128 0xb
 593 0017 0B       		.uleb128 0xb
 594 0018 3E       		.uleb128 0x3e
 595 0019 0B       		.uleb128 0xb
 596 001a 03       		.uleb128 0x3
 597 001b 0E       		.uleb128 0xe
 598 001c 00       		.byte	0
 599 001d 00       		.byte	0
 600 001e 03       		.uleb128 0x3
 601 001f 16       		.uleb128 0x16
 602 0020 00       		.byte	0
 603 0021 03       		.uleb128 0x3
 604 0022 0E       		.uleb128 0xe
 605 0023 3A       		.uleb128 0x3a
 606 0024 0B       		.uleb128 0xb
 607 0025 3B       		.uleb128 0x3b
 608 0026 0B       		.uleb128 0xb
 609 0027 49       		.uleb128 0x49
 610 0028 13       		.uleb128 0x13
 611 0029 00       		.byte	0
 612 002a 00       		.byte	0
 613 002b 04       		.uleb128 0x4
 614 002c 24       		.uleb128 0x24
 615 002d 00       		.byte	0
 616 002e 0B       		.uleb128 0xb
 617 002f 0B       		.uleb128 0xb
 618 0030 3E       		.uleb128 0x3e
 619 0031 0B       		.uleb128 0xb
 620 0032 03       		.uleb128 0x3
 621 0033 08       		.uleb128 0x8
 622 0034 00       		.byte	0
 623 0035 00       		.byte	0
 624 0036 05       		.uleb128 0x5
ARM GAS  C:\Users\Phuong\AppData\Local\Temp\cc4UyoH1.s 			page 13


 625 0037 0F       		.uleb128 0xf
 626 0038 00       		.byte	0
 627 0039 0B       		.uleb128 0xb
 628 003a 0B       		.uleb128 0xb
 629 003b 49       		.uleb128 0x49
 630 003c 13       		.uleb128 0x13
 631 003d 00       		.byte	0
 632 003e 00       		.byte	0
 633 003f 06       		.uleb128 0x6
 634 0040 26       		.uleb128 0x26
 635 0041 00       		.byte	0
 636 0042 49       		.uleb128 0x49
 637 0043 13       		.uleb128 0x13
 638 0044 00       		.byte	0
 639 0045 00       		.byte	0
 640 0046 07       		.uleb128 0x7
 641 0047 04       		.uleb128 0x4
 642 0048 01       		.byte	0x1
 643 0049 0B       		.uleb128 0xb
 644 004a 0B       		.uleb128 0xb
 645 004b 49       		.uleb128 0x49
 646 004c 13       		.uleb128 0x13
 647 004d 3A       		.uleb128 0x3a
 648 004e 0B       		.uleb128 0xb
 649 004f 3B       		.uleb128 0x3b
 650 0050 0B       		.uleb128 0xb
 651 0051 01       		.uleb128 0x1
 652 0052 13       		.uleb128 0x13
 653 0053 00       		.byte	0
 654 0054 00       		.byte	0
 655 0055 08       		.uleb128 0x8
 656 0056 28       		.uleb128 0x28
 657 0057 00       		.byte	0
 658 0058 03       		.uleb128 0x3
 659 0059 0E       		.uleb128 0xe
 660 005a 1C       		.uleb128 0x1c
 661 005b 0B       		.uleb128 0xb
 662 005c 00       		.byte	0
 663 005d 00       		.byte	0
 664 005e 09       		.uleb128 0x9
 665 005f 13       		.uleb128 0x13
 666 0060 01       		.byte	0x1
 667 0061 03       		.uleb128 0x3
 668 0062 0E       		.uleb128 0xe
 669 0063 0B       		.uleb128 0xb
 670 0064 0B       		.uleb128 0xb
 671 0065 3A       		.uleb128 0x3a
 672 0066 0B       		.uleb128 0xb
 673 0067 3B       		.uleb128 0x3b
 674 0068 0B       		.uleb128 0xb
 675 0069 01       		.uleb128 0x1
 676 006a 13       		.uleb128 0x13
 677 006b 00       		.byte	0
 678 006c 00       		.byte	0
 679 006d 0A       		.uleb128 0xa
 680 006e 0D       		.uleb128 0xd
 681 006f 00       		.byte	0
ARM GAS  C:\Users\Phuong\AppData\Local\Temp\cc4UyoH1.s 			page 14


 682 0070 03       		.uleb128 0x3
 683 0071 0E       		.uleb128 0xe
 684 0072 3A       		.uleb128 0x3a
 685 0073 0B       		.uleb128 0xb
 686 0074 3B       		.uleb128 0x3b
 687 0075 0B       		.uleb128 0xb
 688 0076 49       		.uleb128 0x49
 689 0077 13       		.uleb128 0x13
 690 0078 38       		.uleb128 0x38
 691 0079 0B       		.uleb128 0xb
 692 007a 00       		.byte	0
 693 007b 00       		.byte	0
 694 007c 0B       		.uleb128 0xb
 695 007d 0D       		.uleb128 0xd
 696 007e 00       		.byte	0
 697 007f 03       		.uleb128 0x3
 698 0080 08       		.uleb128 0x8
 699 0081 3A       		.uleb128 0x3a
 700 0082 0B       		.uleb128 0xb
 701 0083 3B       		.uleb128 0x3b
 702 0084 0B       		.uleb128 0xb
 703 0085 49       		.uleb128 0x49
 704 0086 13       		.uleb128 0x13
 705 0087 38       		.uleb128 0x38
 706 0088 0B       		.uleb128 0xb
 707 0089 00       		.byte	0
 708 008a 00       		.byte	0
 709 008b 0C       		.uleb128 0xc
 710 008c 13       		.uleb128 0x13
 711 008d 01       		.byte	0x1
 712 008e 03       		.uleb128 0x3
 713 008f 0E       		.uleb128 0xe
 714 0090 0B       		.uleb128 0xb
 715 0091 05       		.uleb128 0x5
 716 0092 3A       		.uleb128 0x3a
 717 0093 0B       		.uleb128 0xb
 718 0094 3B       		.uleb128 0x3b
 719 0095 0B       		.uleb128 0xb
 720 0096 01       		.uleb128 0x1
 721 0097 13       		.uleb128 0x13
 722 0098 00       		.byte	0
 723 0099 00       		.byte	0
 724 009a 0D       		.uleb128 0xd
 725 009b 0D       		.uleb128 0xd
 726 009c 00       		.byte	0
 727 009d 03       		.uleb128 0x3
 728 009e 08       		.uleb128 0x8
 729 009f 3A       		.uleb128 0x3a
 730 00a0 0B       		.uleb128 0xb
 731 00a1 3B       		.uleb128 0x3b
 732 00a2 05       		.uleb128 0x5
 733 00a3 49       		.uleb128 0x49
 734 00a4 13       		.uleb128 0x13
 735 00a5 38       		.uleb128 0x38
 736 00a6 0B       		.uleb128 0xb
 737 00a7 00       		.byte	0
 738 00a8 00       		.byte	0
ARM GAS  C:\Users\Phuong\AppData\Local\Temp\cc4UyoH1.s 			page 15


 739 00a9 0E       		.uleb128 0xe
 740 00aa 0D       		.uleb128 0xd
 741 00ab 00       		.byte	0
 742 00ac 03       		.uleb128 0x3
 743 00ad 0E       		.uleb128 0xe
 744 00ae 3A       		.uleb128 0x3a
 745 00af 0B       		.uleb128 0xb
 746 00b0 3B       		.uleb128 0x3b
 747 00b1 05       		.uleb128 0x5
 748 00b2 49       		.uleb128 0x49
 749 00b3 13       		.uleb128 0x13
 750 00b4 38       		.uleb128 0x38
 751 00b5 0B       		.uleb128 0xb
 752 00b6 00       		.byte	0
 753 00b7 00       		.byte	0
 754 00b8 0F       		.uleb128 0xf
 755 00b9 0D       		.uleb128 0xd
 756 00ba 00       		.byte	0
 757 00bb 03       		.uleb128 0x3
 758 00bc 08       		.uleb128 0x8
 759 00bd 3A       		.uleb128 0x3a
 760 00be 0B       		.uleb128 0xb
 761 00bf 3B       		.uleb128 0x3b
 762 00c0 05       		.uleb128 0x5
 763 00c1 49       		.uleb128 0x49
 764 00c2 13       		.uleb128 0x13
 765 00c3 38       		.uleb128 0x38
 766 00c4 05       		.uleb128 0x5
 767 00c5 00       		.byte	0
 768 00c6 00       		.byte	0
 769 00c7 10       		.uleb128 0x10
 770 00c8 01       		.uleb128 0x1
 771 00c9 01       		.byte	0x1
 772 00ca 49       		.uleb128 0x49
 773 00cb 13       		.uleb128 0x13
 774 00cc 01       		.uleb128 0x1
 775 00cd 13       		.uleb128 0x13
 776 00ce 00       		.byte	0
 777 00cf 00       		.byte	0
 778 00d0 11       		.uleb128 0x11
 779 00d1 21       		.uleb128 0x21
 780 00d2 00       		.byte	0
 781 00d3 49       		.uleb128 0x49
 782 00d4 13       		.uleb128 0x13
 783 00d5 2F       		.uleb128 0x2f
 784 00d6 0B       		.uleb128 0xb
 785 00d7 00       		.byte	0
 786 00d8 00       		.byte	0
 787 00d9 12       		.uleb128 0x12
 788 00da 2E       		.uleb128 0x2e
 789 00db 00       		.byte	0
 790 00dc 3F       		.uleb128 0x3f
 791 00dd 19       		.uleb128 0x19
 792 00de 03       		.uleb128 0x3
 793 00df 0E       		.uleb128 0xe
 794 00e0 3A       		.uleb128 0x3a
 795 00e1 0B       		.uleb128 0xb
ARM GAS  C:\Users\Phuong\AppData\Local\Temp\cc4UyoH1.s 			page 16


 796 00e2 3B       		.uleb128 0x3b
 797 00e3 0B       		.uleb128 0xb
 798 00e4 27       		.uleb128 0x27
 799 00e5 19       		.uleb128 0x19
 800 00e6 11       		.uleb128 0x11
 801 00e7 01       		.uleb128 0x1
 802 00e8 12       		.uleb128 0x12
 803 00e9 06       		.uleb128 0x6
 804 00ea 40       		.uleb128 0x40
 805 00eb 18       		.uleb128 0x18
 806 00ec 9742     		.uleb128 0x2117
 807 00ee 19       		.uleb128 0x19
 808 00ef 00       		.byte	0
 809 00f0 00       		.byte	0
 810 00f1 13       		.uleb128 0x13
 811 00f2 34       		.uleb128 0x34
 812 00f3 00       		.byte	0
 813 00f4 03       		.uleb128 0x3
 814 00f5 0E       		.uleb128 0xe
 815 00f6 3A       		.uleb128 0x3a
 816 00f7 0B       		.uleb128 0xb
 817 00f8 3B       		.uleb128 0x3b
 818 00f9 0B       		.uleb128 0xb
 819 00fa 49       		.uleb128 0x49
 820 00fb 13       		.uleb128 0x13
 821 00fc 3F       		.uleb128 0x3f
 822 00fd 19       		.uleb128 0x19
 823 00fe 02       		.uleb128 0x2
 824 00ff 18       		.uleb128 0x18
 825 0100 00       		.byte	0
 826 0101 00       		.byte	0
 827 0102 00       		.byte	0
 828              		.section	.debug_aranges,"",%progbits
 829 0000 1C000000 		.4byte	0x1c
 830 0004 0200     		.2byte	0x2
 831 0006 00000000 		.4byte	.Ldebug_info0
 832 000a 04       		.byte	0x4
 833 000b 00       		.byte	0
 834 000c 0000     		.2byte	0
 835 000e 0000     		.2byte	0
 836 0010 00000000 		.4byte	.LFB53
 837 0014 02000000 		.4byte	.LFE53-.LFB53
 838 0018 00000000 		.4byte	0
 839 001c 00000000 		.4byte	0
 840              		.section	.debug_ranges,"",%progbits
 841              	.Ldebug_ranges0:
 842 0000 00000000 		.4byte	.LFB53
 843 0004 02000000 		.4byte	.LFE53
 844 0008 00000000 		.4byte	0
 845 000c 00000000 		.4byte	0
 846              		.section	.debug_line,"",%progbits
 847              	.Ldebug_line0:
 848 0000 2C020000 		.section	.debug_str,"MS",%progbits,1
 848      02001602 
 848      00000201 
 848      FB0E0D00 
 848      01010101 
ARM GAS  C:\Users\Phuong\AppData\Local\Temp\cc4UyoH1.s 			page 17


 849              	.LASF64:
 850 0000 73746174 		.ascii	"stats_\000"
 850      735F00
 851              	.LASF45:
 852 0007 63686B65 		.ascii	"chkerr\000"
 852      727200
 853              	.LASF57:
 854 000e 74785F6A 		.ascii	"tx_join\000"
 854      6F696E00 
 855              	.LASF29:
 856 0016 4D454D50 		.ascii	"MEMP_ARP_QUEUE\000"
 856      5F415250 
 856      5F515545 
 856      554500
 857              	.LASF55:
 858 0025 72785F67 		.ascii	"rx_general\000"
 858      656E6572 
 858      616C00
 859              	.LASF67:
 860 0030 69705F66 		.ascii	"ip_frag\000"
 860      72616700 
 861              	.LASF2:
 862 0038 73686F72 		.ascii	"short int\000"
 862      7420696E 
 862      7400
 863              	.LASF10:
 864 0042 73697A65 		.ascii	"size_t\000"
 864      5F7400
 865              	.LASF23:
 866 0049 4D454D50 		.ascii	"MEMP_TCP_SEG\000"
 866      5F544350 
 866      5F534547 
 866      00
 867              	.LASF41:
 868 0056 73746174 		.ascii	"stats_proto\000"
 868      735F7072 
 868      6F746F00 
 869              	.LASF12:
 870 0062 73697A65 		.ascii	"sizetype\000"
 870      74797065 
 870      00
 871              	.LASF20:
 872 006b 4D454D50 		.ascii	"MEMP_UDP_PCB\000"
 872      5F554450 
 872      5F504342 
 872      00
 873              	.LASF71:
 874 0078 474E5520 		.ascii	"GNU C11 5.4.1 20160609 (release) [ARM/embedded-5-br"
 874      43313120 
 874      352E342E 
 874      31203230 
 874      31363036 
 875 00ab 616E6368 		.ascii	"anch revision 237715] -mcpu=cortex-m0plus -mthumb -"
 875      20726576 
 875      6973696F 
 875      6E203233 
 875      37373135 
ARM GAS  C:\Users\Phuong\AppData\Local\Temp\cc4UyoH1.s 			page 18


 876 00de 67202D4F 		.ascii	"g -Og -ffunction-sections -ffat-lto-objects\000"
 876      67202D66 
 876      66756E63 
 876      74696F6E 
 876      2D736563 
 877              	.LASF42:
 878 010a 786D6974 		.ascii	"xmit\000"
 878      00
 879              	.LASF34:
 880 010f 4D454D50 		.ascii	"MEMP_PBUF_POOL\000"
 880      5F504255 
 880      465F504F 
 880      4F4C00
 881              	.LASF9:
 882 011e 5F5F7569 		.ascii	"__uint32_t\000"
 882      6E743332 
 882      5F7400
 883              	.LASF28:
 884 0129 4D454D50 		.ascii	"MEMP_TCPIP_MSG_INPKT\000"
 884      5F544350 
 884      49505F4D 
 884      53475F49 
 884      4E504B54 
 885              	.LASF40:
 886 013e 73746174 		.ascii	"stats_mem\000"
 886      735F6D65 
 886      6D00
 887              	.LASF46:
 888 0148 6C656E65 		.ascii	"lenerr\000"
 888      727200
 889              	.LASF31:
 890 014f 4D454D50 		.ascii	"MEMP_SYS_TIMEOUT\000"
 890      5F535953 
 890      5F54494D 
 890      454F5554 
 890      00
 891              	.LASF52:
 892 0160 73746174 		.ascii	"stats_igmp\000"
 892      735F6967 
 892      6D7000
 893              	.LASF51:
 894 016b 63616368 		.ascii	"cachehit\000"
 894      65686974 
 894      00
 895              	.LASF22:
 896 0174 4D454D50 		.ascii	"MEMP_TCP_PCB_LISTEN\000"
 896      5F544350 
 896      5F504342 
 896      5F4C4953 
 896      54454E00 
 897              	.LASF32:
 898 0188 4D454D50 		.ascii	"MEMP_NETDB\000"
 898      5F4E4554 
 898      444200
 899              	.LASF65:
 900 0193 6C696E6B 		.ascii	"link\000"
 900      00
ARM GAS  C:\Users\Phuong\AppData\Local\Temp\cc4UyoH1.s 			page 19


 901              	.LASF54:
 902 0198 72785F67 		.ascii	"rx_group\000"
 902      726F7570 
 902      00
 903              	.LASF15:
 904 01a1 666C6F61 		.ascii	"float\000"
 904      7400
 905              	.LASF53:
 906 01a7 72785F76 		.ascii	"rx_v1\000"
 906      3100
 907              	.LASF6:
 908 01ad 6C6F6E67 		.ascii	"long long int\000"
 908      206C6F6E 
 908      6720696E 
 908      7400
 909              	.LASF4:
 910 01bb 6C6F6E67 		.ascii	"long int\000"
 910      20696E74 
 910      00
 911              	.LASF18:
 912 01c4 6D656D5F 		.ascii	"mem_size_t\000"
 912      73697A65 
 912      5F7400
 913              	.LASF47:
 914 01cf 6D656D65 		.ascii	"memerr\000"
 914      727200
 915              	.LASF36:
 916 01d6 6E616D65 		.ascii	"name\000"
 916      00
 917              	.LASF11:
 918 01db 6C6F6E67 		.ascii	"long double\000"
 918      20646F75 
 918      626C6500 
 919              	.LASF44:
 920 01e7 64726F70 		.ascii	"drop\000"
 920      00
 921              	.LASF1:
 922 01ec 756E7369 		.ascii	"unsigned char\000"
 922      676E6564 
 922      20636861 
 922      7200
 923              	.LASF69:
 924 01fa 69676D70 		.ascii	"igmp\000"
 924      00
 925              	.LASF35:
 926 01ff 4D454D50 		.ascii	"MEMP_MAX\000"
 926      5F4D4158 
 926      00
 927              	.LASF73:
 928 0208 433A5C55 		.ascii	"C:\\Users\\Phuong\\Documents\\PSoC Creator\\Dec0820"
 928      73657273 
 928      5C506875 
 928      6F6E675C 
 928      446F6375 
 929 0236 31385C69 		.ascii	"18\\iot-sdk-iot-dev\\PSOC6_FreeRTOS+LwIP+MbedTLS_Az"
 929      6F742D73 
 929      646B2D69 
ARM GAS  C:\Users\Phuong\AppData\Local\Temp\cc4UyoH1.s 			page 20


 929      6F742D64 
 929      65765C50 
 930 0267 7572652D 		.ascii	"ure-IOT-Hub-Demo\\PSOC6_FreeRTOS+LwIP+MbedTLS_Azure"
 930      494F542D 
 930      4875622D 
 930      44656D6F 
 930      5C50534F 
 931 0299 2D494F54 		.ascii	"-IOT-Hub-Demo.cydsn\000"
 931      2D487562 
 931      2D44656D 
 931      6F2E6379 
 931      64736E00 
 932              	.LASF0:
 933 02ad 7369676E 		.ascii	"signed char\000"
 933      65642063 
 933      68617200 
 934              	.LASF61:
 935 02b9 73746174 		.ascii	"stats_sys\000"
 935      735F7379 
 935      7300
 936              	.LASF7:
 937 02c3 6C6F6E67 		.ascii	"long long unsigned int\000"
 937      206C6F6E 
 937      6720756E 
 937      7369676E 
 937      65642069 
 938              	.LASF14:
 939 02da 75696E74 		.ascii	"uint32_t\000"
 939      33325F74 
 939      00
 940              	.LASF38:
 941 02e3 75736564 		.ascii	"used\000"
 941      00
 942              	.LASF30:
 943 02e8 4D454D50 		.ascii	"MEMP_IGMP_GROUP\000"
 943      5F49474D 
 943      505F4752 
 943      4F555000 
 944              	.LASF50:
 945 02f8 6F707465 		.ascii	"opterr\000"
 945      727200
 946              	.LASF33:
 947 02ff 4D454D50 		.ascii	"MEMP_PBUF\000"
 947      5F504255 
 947      4600
 948              	.LASF3:
 949 0309 73686F72 		.ascii	"short unsigned int\000"
 949      7420756E 
 949      7369676E 
 949      65642069 
 949      6E7400
 950              	.LASF24:
 951 031c 4D454D50 		.ascii	"MEMP_REASSDATA\000"
 951      5F524541 
 951      53534441 
 951      544100
 952              	.LASF13:
ARM GAS  C:\Users\Phuong\AppData\Local\Temp\cc4UyoH1.s 			page 21


 953 032b 63686172 		.ascii	"char\000"
 953      00
 954              	.LASF27:
 955 0330 4D454D50 		.ascii	"MEMP_TCPIP_MSG_API\000"
 955      5F544350 
 955      49505F4D 
 955      53475F41 
 955      504900
 956              	.LASF75:
 957 0343 6C776970 		.ascii	"lwip_stats\000"
 957      5F737461 
 957      747300
 958              	.LASF49:
 959 034e 70726F74 		.ascii	"proterr\000"
 959      65727200 
 960              	.LASF39:
 961 0356 696C6C65 		.ascii	"illegal\000"
 961      67616C00 
 962              	.LASF62:
 963 035e 6D757465 		.ascii	"mutex\000"
 963      7800
 964              	.LASF56:
 965 0364 72785F72 		.ascii	"rx_report\000"
 965      65706F72 
 965      7400
 966              	.LASF66:
 967 036e 65746861 		.ascii	"etharp\000"
 967      727000
 968              	.LASF58:
 969 0375 74785F6C 		.ascii	"tx_leave\000"
 969      65617665 
 969      00
 970              	.LASF60:
 971 037e 73746174 		.ascii	"stats_syselem\000"
 971      735F7379 
 971      73656C65 
 971      6D00
 972              	.LASF5:
 973 038c 6C6F6E67 		.ascii	"long unsigned int\000"
 973      20756E73 
 973      69676E65 
 973      6420696E 
 973      7400
 974              	.LASF16:
 975 039e 646F7562 		.ascii	"double\000"
 975      6C6500
 976              	.LASF70:
 977 03a5 6D656D70 		.ascii	"memp\000"
 977      00
 978              	.LASF59:
 979 03aa 74785F72 		.ascii	"tx_report\000"
 979      65706F72 
 979      7400
 980              	.LASF19:
 981 03b4 4D454D50 		.ascii	"MEMP_RAW_PCB\000"
 981      5F524157 
 981      5F504342 
ARM GAS  C:\Users\Phuong\AppData\Local\Temp\cc4UyoH1.s 			page 22


 981      00
 982              	.LASF48:
 983 03c1 72746572 		.ascii	"rterr\000"
 983      7200
 984              	.LASF17:
 985 03c7 7531365F 		.ascii	"u16_t\000"
 985      7400
 986              	.LASF74:
 987 03cd 73746174 		.ascii	"stats_init\000"
 987      735F696E 
 987      697400
 988              	.LASF63:
 989 03d8 6D626F78 		.ascii	"mbox\000"
 989      00
 990              	.LASF37:
 991 03dd 61766169 		.ascii	"avail\000"
 991      6C00
 992              	.LASF26:
 993 03e3 4D454D50 		.ascii	"MEMP_NETCONN\000"
 993      5F4E4554 
 993      434F4E4E 
 993      00
 994              	.LASF21:
 995 03f0 4D454D50 		.ascii	"MEMP_TCP_PCB\000"
 995      5F544350 
 995      5F504342 
 995      00
 996              	.LASF72:
 997 03fd 536F7572 		.ascii	"Source\\LwIP\\src\\core\\stats.c\000"
 997      63655C4C 
 997      7749505C 
 997      7372635C 
 997      636F7265 
 998              	.LASF43:
 999 041a 72656376 		.ascii	"recv\000"
 999      00
 1000              	.LASF8:
 1001 041f 756E7369 		.ascii	"unsigned int\000"
 1001      676E6564 
 1001      20696E74 
 1001      00
 1002              	.LASF68:
 1003 042c 69636D70 		.ascii	"icmp\000"
 1003      00
 1004              	.LASF25:
 1005 0431 4D454D50 		.ascii	"MEMP_NETBUF\000"
 1005      5F4E4554 
 1005      42554600 
 1006              		.ident	"GCC: (GNU Tools for ARM Embedded Processors) 5.4.1 20160609 (release) [ARM/embedded-5-bran
