ARM GAS  C:\Users\Phuong\AppData\Local\Temp\ccWWUdQh.s 			page 1


   1              		.syntax unified
   2              		.cpu cortex-m0plus
   3              		.fpu softvfp
   4              		.eabi_attribute 20, 1
   5              		.eabi_attribute 21, 1
   6              		.eabi_attribute 23, 3
   7              		.eabi_attribute 24, 1
   8              		.eabi_attribute 25, 1
   9              		.eabi_attribute 26, 1
  10              		.eabi_attribute 30, 1
  11              		.eabi_attribute 34, 0
  12              		.eabi_attribute 18, 4
  13              		.thumb
  14              		.syntax unified
  15              		.file	"sys.c"
  16              		.text
  17              	.Ltext0:
  18              		.cfi_sections	.debug_frame
  19              		.section	.text.sys_msleep,"ax",%progbits
  20              		.align	2
  21              		.global	sys_msleep
  22              		.code	16
  23              		.thumb_func
  24              		.type	sys_msleep, %function
  25              	sys_msleep:
  26              	.LFB53:
  27              		.file 1 "Source\\LwIP\\src\\core\\sys.c"
   1:Source\LwIP\src\core/sys.c **** /**
   2:Source\LwIP\src\core/sys.c ****  * @file
   3:Source\LwIP\src\core/sys.c ****  * lwIP Operating System abstraction
   4:Source\LwIP\src\core/sys.c ****  *
   5:Source\LwIP\src\core/sys.c ****  */
   6:Source\LwIP\src\core/sys.c **** 
   7:Source\LwIP\src\core/sys.c **** /*
   8:Source\LwIP\src\core/sys.c ****  * Copyright (c) 2001-2004 Swedish Institute of Computer Science.
   9:Source\LwIP\src\core/sys.c ****  * All rights reserved.
  10:Source\LwIP\src\core/sys.c ****  *
  11:Source\LwIP\src\core/sys.c ****  * Redistribution and use in source and binary forms, with or without modification,
  12:Source\LwIP\src\core/sys.c ****  * are permitted provided that the following conditions are met:
  13:Source\LwIP\src\core/sys.c ****  *
  14:Source\LwIP\src\core/sys.c ****  * 1. Redistributions of source code must retain the above copyright notice,
  15:Source\LwIP\src\core/sys.c ****  *    this list of conditions and the following disclaimer.
  16:Source\LwIP\src\core/sys.c ****  * 2. Redistributions in binary form must reproduce the above copyright notice,
  17:Source\LwIP\src\core/sys.c ****  *    this list of conditions and the following disclaimer in the documentation
  18:Source\LwIP\src\core/sys.c ****  *    and/or other materials provided with the distribution.
  19:Source\LwIP\src\core/sys.c ****  * 3. The name of the author may not be used to endorse or promote products
  20:Source\LwIP\src\core/sys.c ****  *    derived from this software without specific prior written permission.
  21:Source\LwIP\src\core/sys.c ****  *
  22:Source\LwIP\src\core/sys.c ****  * THIS SOFTWARE IS PROVIDED BY THE AUTHOR ``AS IS'' AND ANY EXPRESS OR IMPLIED
  23:Source\LwIP\src\core/sys.c ****  * WARRANTIES, INCLUDING, BUT NOT LIMITED TO, THE IMPLIED WARRANTIES OF
  24:Source\LwIP\src\core/sys.c ****  * MERCHANTABILITY AND FITNESS FOR A PARTICULAR PURPOSE ARE DISCLAIMED. IN NO EVENT
  25:Source\LwIP\src\core/sys.c ****  * SHALL THE AUTHOR BE LIABLE FOR ANY DIRECT, INDIRECT, INCIDENTAL, SPECIAL,
  26:Source\LwIP\src\core/sys.c ****  * EXEMPLARY, OR CONSEQUENTIAL DAMAGES (INCLUDING, BUT NOT LIMITED TO, PROCUREMENT
  27:Source\LwIP\src\core/sys.c ****  * OF SUBSTITUTE GOODS OR SERVICES; LOSS OF USE, DATA, OR PROFITS; OR BUSINESS
  28:Source\LwIP\src\core/sys.c ****  * INTERRUPTION) HOWEVER CAUSED AND ON ANY THEORY OF LIABILITY, WHETHER IN
  29:Source\LwIP\src\core/sys.c ****  * CONTRACT, STRICT LIABILITY, OR TORT (INCLUDING NEGLIGENCE OR OTHERWISE) ARISING
  30:Source\LwIP\src\core/sys.c ****  * IN ANY WAY OUT OF THE USE OF THIS SOFTWARE, EVEN IF ADVISED OF THE POSSIBILITY
ARM GAS  C:\Users\Phuong\AppData\Local\Temp\ccWWUdQh.s 			page 2


  31:Source\LwIP\src\core/sys.c ****  * OF SUCH DAMAGE.
  32:Source\LwIP\src\core/sys.c ****  *
  33:Source\LwIP\src\core/sys.c ****  * This file is part of the lwIP TCP/IP stack.
  34:Source\LwIP\src\core/sys.c ****  *
  35:Source\LwIP\src\core/sys.c ****  * Author: Adam Dunkels <adam@sics.se>
  36:Source\LwIP\src\core/sys.c ****  *
  37:Source\LwIP\src\core/sys.c ****  */
  38:Source\LwIP\src\core/sys.c **** 
  39:Source\LwIP\src\core/sys.c **** /**
  40:Source\LwIP\src\core/sys.c ****  * @defgroup sys_layer Porting (system abstraction layer)
  41:Source\LwIP\src\core/sys.c ****  * @ingroup lwip
  42:Source\LwIP\src\core/sys.c ****  * @verbinclude "sys_arch.txt"
  43:Source\LwIP\src\core/sys.c ****  *
  44:Source\LwIP\src\core/sys.c ****  * @defgroup sys_os OS abstraction layer
  45:Source\LwIP\src\core/sys.c ****  * @ingroup sys_layer
  46:Source\LwIP\src\core/sys.c ****  * No need to implement functions in this section in NO_SYS mode.
  47:Source\LwIP\src\core/sys.c ****  *
  48:Source\LwIP\src\core/sys.c ****  * @defgroup sys_sem Semaphores
  49:Source\LwIP\src\core/sys.c ****  * @ingroup sys_os
  50:Source\LwIP\src\core/sys.c ****  *
  51:Source\LwIP\src\core/sys.c ****  * @defgroup sys_mutex Mutexes
  52:Source\LwIP\src\core/sys.c ****  * @ingroup sys_os
  53:Source\LwIP\src\core/sys.c ****  * Mutexes are recommended to correctly handle priority inversion,
  54:Source\LwIP\src\core/sys.c ****  * especially if you use LWIP_CORE_LOCKING .
  55:Source\LwIP\src\core/sys.c ****  *
  56:Source\LwIP\src\core/sys.c ****  * @defgroup sys_mbox Mailboxes
  57:Source\LwIP\src\core/sys.c ****  * @ingroup sys_os
  58:Source\LwIP\src\core/sys.c ****  *
  59:Source\LwIP\src\core/sys.c ****  * @defgroup sys_time Time
  60:Source\LwIP\src\core/sys.c ****  * @ingroup sys_layer
  61:Source\LwIP\src\core/sys.c ****  *
  62:Source\LwIP\src\core/sys.c ****  * @defgroup sys_prot Critical sections
  63:Source\LwIP\src\core/sys.c ****  * @ingroup sys_layer
  64:Source\LwIP\src\core/sys.c ****  * Used to protect short regions of code against concurrent access.
  65:Source\LwIP\src\core/sys.c ****  * - Your system is a bare-metal system (probably with an RTOS)
  66:Source\LwIP\src\core/sys.c ****  *   and interrupts are under your control:
  67:Source\LwIP\src\core/sys.c ****  *   Implement this as LockInterrupts() / UnlockInterrupts()
  68:Source\LwIP\src\core/sys.c ****  * - Your system uses an RTOS with deferred interrupt handling from a
  69:Source\LwIP\src\core/sys.c ****  *   worker thread: Implement as a global mutex or lock/unlock scheduler
  70:Source\LwIP\src\core/sys.c ****  * - Your system uses a high-level OS with e.g. POSIX signals:
  71:Source\LwIP\src\core/sys.c ****  *   Implement as a global mutex
  72:Source\LwIP\src\core/sys.c ****  *
  73:Source\LwIP\src\core/sys.c ****  * @defgroup sys_misc Misc
  74:Source\LwIP\src\core/sys.c ****  * @ingroup sys_os
  75:Source\LwIP\src\core/sys.c ****  */
  76:Source\LwIP\src\core/sys.c **** 
  77:Source\LwIP\src\core/sys.c **** #include "lwip/opt.h"
  78:Source\LwIP\src\core/sys.c **** 
  79:Source\LwIP\src\core/sys.c **** #include "lwip/sys.h"
  80:Source\LwIP\src\core/sys.c **** 
  81:Source\LwIP\src\core/sys.c **** /* Most of the functions defined in sys.h must be implemented in the
  82:Source\LwIP\src\core/sys.c ****  * architecture-dependent file sys_arch.c */
  83:Source\LwIP\src\core/sys.c **** 
  84:Source\LwIP\src\core/sys.c **** #if !NO_SYS
  85:Source\LwIP\src\core/sys.c **** 
  86:Source\LwIP\src\core/sys.c **** #ifndef sys_msleep
  87:Source\LwIP\src\core/sys.c **** /**
ARM GAS  C:\Users\Phuong\AppData\Local\Temp\ccWWUdQh.s 			page 3


  88:Source\LwIP\src\core/sys.c ****  * Sleep for some ms. Timeouts are NOT processed while sleeping.
  89:Source\LwIP\src\core/sys.c ****  *
  90:Source\LwIP\src\core/sys.c ****  * @param ms number of milliseconds to sleep
  91:Source\LwIP\src\core/sys.c ****  */
  92:Source\LwIP\src\core/sys.c **** void
  93:Source\LwIP\src\core/sys.c **** sys_msleep(u32_t ms)
  94:Source\LwIP\src\core/sys.c **** {
  28              		.loc 1 94 0
  29              		.cfi_startproc
  30              		@ args = 0, pretend = 0, frame = 8
  31              		@ frame_needed = 0, uses_anonymous_args = 0
  32              	.LVL0:
  33 0000 10B5     		push	{r4, lr}
  34              		.cfi_def_cfa_offset 8
  35              		.cfi_offset 4, -8
  36              		.cfi_offset 14, -4
  37 0002 82B0     		sub	sp, sp, #8
  38              		.cfi_def_cfa_offset 16
  39 0004 041E     		subs	r4, r0, #0
  95:Source\LwIP\src\core/sys.c ****   if (ms > 0) {
  40              		.loc 1 95 0
  41 0006 0CD0     		beq	.L1
  42              	.LBB2:
  96:Source\LwIP\src\core/sys.c ****     sys_sem_t delaysem;
  97:Source\LwIP\src\core/sys.c ****     err_t err = sys_sem_new(&delaysem, 0);
  43              		.loc 1 97 0
  44 0008 0021     		movs	r1, #0
  45 000a 01A8     		add	r0, sp, #4
  46              	.LVL1:
  47 000c FFF7FEFF 		bl	sys_sem_new
  48              	.LVL2:
  98:Source\LwIP\src\core/sys.c ****     if (err == ERR_OK) {
  49              		.loc 1 98 0
  50 0010 0028     		cmp	r0, #0
  51 0012 06D1     		bne	.L1
  99:Source\LwIP\src\core/sys.c ****       sys_arch_sem_wait(&delaysem, ms);
  52              		.loc 1 99 0
  53 0014 2100     		movs	r1, r4
  54 0016 01A8     		add	r0, sp, #4
  55              	.LVL3:
  56 0018 FFF7FEFF 		bl	sys_arch_sem_wait
  57              	.LVL4:
 100:Source\LwIP\src\core/sys.c ****       sys_sem_free(&delaysem);
  58              		.loc 1 100 0
  59 001c 01A8     		add	r0, sp, #4
  60 001e FFF7FEFF 		bl	sys_sem_free
  61              	.LVL5:
  62              	.L1:
  63              	.LBE2:
 101:Source\LwIP\src\core/sys.c ****     }
 102:Source\LwIP\src\core/sys.c ****   }
 103:Source\LwIP\src\core/sys.c **** }
  64              		.loc 1 103 0
  65 0022 02B0     		add	sp, sp, #8
  66              		@ sp needed
  67              	.LVL6:
  68 0024 10BD     		pop	{r4, pc}
ARM GAS  C:\Users\Phuong\AppData\Local\Temp\ccWWUdQh.s 			page 4


  69              		.cfi_endproc
  70              	.LFE53:
  71              		.size	sys_msleep, .-sys_msleep
  72 0026 C046     		.text
  73              	.Letext0:
  74              		.file 2 ".\\Source\\FreeRTOS\\10.0.1\\Source\\include/queue.h"
  75              		.file 3 ".\\Source\\FreeRTOS\\10.0.1\\Source\\include/semphr.h"
  76              		.file 4 ".\\Source\\LwIP\\src\\include/arch/sys_arch.h"
  77              		.file 5 ".\\Source\\LwIP\\src\\include/arch/cc.h"
  78              		.file 6 ".\\Source\\LwIP\\src\\include/lwip/err.h"
  79              		.file 7 ".\\Source\\LwIP\\src\\include/lwip/sys.h"
  80              		.section	.debug_info,"",%progbits
  81              	.Ldebug_info0:
  82 0000 F1010000 		.4byte	0x1f1
  83 0004 0400     		.2byte	0x4
  84 0006 00000000 		.4byte	.Ldebug_abbrev0
  85 000a 04       		.byte	0x4
  86 000b 01       		.uleb128 0x1
  87 000c EA000000 		.4byte	.LASF41
  88 0010 0C       		.byte	0xc
  89 0011 16000000 		.4byte	.LASF42
  90 0015 90010000 		.4byte	.LASF43
  91 0019 00000000 		.4byte	.Ldebug_ranges0+0
  92 001d 00000000 		.4byte	0
  93 0021 00000000 		.4byte	.Ldebug_line0
  94 0025 02       		.uleb128 0x2
  95 0026 01       		.byte	0x1
  96 0027 06       		.byte	0x6
  97 0028 E9020000 		.4byte	.LASF0
  98 002c 02       		.uleb128 0x2
  99 002d 01       		.byte	0x1
 100 002e 08       		.byte	0x8
 101 002f BC000000 		.4byte	.LASF1
 102 0033 02       		.uleb128 0x2
 103 0034 02       		.byte	0x2
 104 0035 05       		.byte	0x5
 105 0036 AC020000 		.4byte	.LASF2
 106 003a 02       		.uleb128 0x2
 107 003b 02       		.byte	0x2
 108 003c 07       		.byte	0x7
 109 003d A0000000 		.4byte	.LASF3
 110 0041 02       		.uleb128 0x2
 111 0042 04       		.byte	0x4
 112 0043 05       		.byte	0x5
 113 0044 C5020000 		.4byte	.LASF4
 114 0048 02       		.uleb128 0x2
 115 0049 04       		.byte	0x4
 116 004a 07       		.byte	0x7
 117 004b 8E000000 		.4byte	.LASF5
 118 004f 02       		.uleb128 0x2
 119 0050 08       		.byte	0x8
 120 0051 05       		.byte	0x5
 121 0052 71020000 		.4byte	.LASF6
 122 0056 02       		.uleb128 0x2
 123 0057 08       		.byte	0x8
 124 0058 07       		.byte	0x7
 125 0059 35020000 		.4byte	.LASF7
ARM GAS  C:\Users\Phuong\AppData\Local\Temp\ccWWUdQh.s 			page 5


 126 005d 03       		.uleb128 0x3
 127 005e 04       		.byte	0x4
 128 005f 05       		.byte	0x5
 129 0060 696E7400 		.ascii	"int\000"
 130 0064 02       		.uleb128 0x2
 131 0065 04       		.byte	0x4
 132 0066 07       		.byte	0x7
 133 0067 83010000 		.4byte	.LASF8
 134 006b 02       		.uleb128 0x2
 135 006c 08       		.byte	0x8
 136 006d 04       		.byte	0x4
 137 006e D3020000 		.4byte	.LASF9
 138 0072 04       		.uleb128 0x4
 139 0073 04       		.byte	0x4
 140 0074 02       		.uleb128 0x2
 141 0075 04       		.byte	0x4
 142 0076 07       		.byte	0x7
 143 0077 60020000 		.4byte	.LASF10
 144 007b 02       		.uleb128 0x2
 145 007c 01       		.byte	0x1
 146 007d 08       		.byte	0x8
 147 007e CE020000 		.4byte	.LASF11
 148 0082 02       		.uleb128 0x2
 149 0083 04       		.byte	0x4
 150 0084 04       		.byte	0x4
 151 0085 6B000000 		.4byte	.LASF12
 152 0089 02       		.uleb128 0x2
 153 008a 08       		.byte	0x8
 154 008b 04       		.byte	0x4
 155 008c 4C000000 		.4byte	.LASF13
 156 0090 05       		.uleb128 0x5
 157 0091 00000000 		.4byte	.LASF14
 158 0095 02       		.byte	0x2
 159 0096 2E       		.byte	0x2e
 160 0097 72000000 		.4byte	0x72
 161 009b 05       		.uleb128 0x5
 162 009c D2000000 		.4byte	.LASF15
 163 00a0 03       		.byte	0x3
 164 00a1 25       		.byte	0x25
 165 00a2 90000000 		.4byte	0x90
 166 00a6 05       		.uleb128 0x5
 167 00a7 DF020000 		.4byte	.LASF16
 168 00ab 04       		.byte	0x4
 169 00ac 32       		.byte	0x32
 170 00ad 9B000000 		.4byte	0x9b
 171 00b1 05       		.uleb128 0x5
 172 00b2 53000000 		.4byte	.LASF17
 173 00b6 05       		.byte	0x5
 174 00b7 32       		.byte	0x32
 175 00b8 25000000 		.4byte	0x25
 176 00bc 05       		.uleb128 0x5
 177 00bd E4000000 		.4byte	.LASF18
 178 00c1 05       		.byte	0x5
 179 00c2 35       		.byte	0x35
 180 00c3 48000000 		.4byte	0x48
 181 00c7 05       		.uleb128 0x5
 182 00c8 71000000 		.4byte	.LASF19
ARM GAS  C:\Users\Phuong\AppData\Local\Temp\ccWWUdQh.s 			page 6


 183 00cc 06       		.byte	0x6
 184 00cd 39       		.byte	0x39
 185 00ce B1000000 		.4byte	0xb1
 186 00d2 06       		.uleb128 0x6
 187 00d3 01       		.byte	0x1
 188 00d4 25000000 		.4byte	0x25
 189 00d8 06       		.byte	0x6
 190 00d9 3D       		.byte	0x3d
 191 00da 45010000 		.4byte	0x145
 192 00de 07       		.uleb128 0x7
 193 00df 7C010000 		.4byte	.LASF20
 194 00e3 00       		.byte	0
 195 00e4 08       		.uleb128 0x8
 196 00e5 86000000 		.4byte	.LASF21
 197 00e9 7F       		.sleb128 -1
 198 00ea 08       		.uleb128 0x8
 199 00eb 69020000 		.4byte	.LASF22
 200 00ef 7E       		.sleb128 -2
 201 00f0 08       		.uleb128 0x8
 202 00f1 04030000 		.4byte	.LASF23
 203 00f5 7D       		.sleb128 -3
 204 00f6 08       		.uleb128 0x8
 205 00f7 CA000000 		.4byte	.LASF24
 206 00fb 7C       		.sleb128 -4
 207 00fc 08       		.uleb128 0x8
 208 00fd B6020000 		.4byte	.LASF25
 209 0101 7B       		.sleb128 -5
 210 0102 08       		.uleb128 0x8
 211 0103 0E000000 		.4byte	.LASF26
 212 0107 7A       		.sleb128 -6
 213 0108 08       		.uleb128 0x8
 214 0109 F5020000 		.4byte	.LASF27
 215 010d 79       		.sleb128 -7
 216 010e 08       		.uleb128 0x8
 217 010f 58000000 		.4byte	.LASF28
 218 0113 78       		.sleb128 -8
 219 0114 08       		.uleb128 0x8
 220 0115 8B020000 		.4byte	.LASF29
 221 0119 77       		.sleb128 -9
 222 011a 08       		.uleb128 0x8
 223 011b 60000000 		.4byte	.LASF30
 224 011f 76       		.sleb128 -10
 225 0120 08       		.uleb128 0x8
 226 0121 31000000 		.4byte	.LASF31
 227 0125 75       		.sleb128 -11
 228 0126 08       		.uleb128 0x8
 229 0127 7F000000 		.4byte	.LASF32
 230 012b 74       		.sleb128 -12
 231 012c 08       		.uleb128 0x8
 232 012d B3000000 		.4byte	.LASF33
 233 0131 73       		.sleb128 -13
 234 0132 08       		.uleb128 0x8
 235 0133 77000000 		.4byte	.LASF34
 236 0137 72       		.sleb128 -14
 237 0138 08       		.uleb128 0x8
 238 0139 57020000 		.4byte	.LASF35
 239 013d 71       		.sleb128 -15
ARM GAS  C:\Users\Phuong\AppData\Local\Temp\ccWWUdQh.s 			page 7


 240 013e 08       		.uleb128 0x8
 241 013f A4020000 		.4byte	.LASF36
 242 0143 70       		.sleb128 -16
 243 0144 00       		.byte	0
 244 0145 09       		.uleb128 0x9
 245 0146 4C020000 		.4byte	.LASF44
 246 014a 01       		.byte	0x1
 247 014b 5D       		.byte	0x5d
 248 014c 00000000 		.4byte	.LFB53
 249 0150 26000000 		.4byte	.LFE53-.LFB53
 250 0154 01       		.uleb128 0x1
 251 0155 9C       		.byte	0x9c
 252 0156 D3010000 		.4byte	0x1d3
 253 015a 0A       		.uleb128 0xa
 254 015b 6D7300   		.ascii	"ms\000"
 255 015e 01       		.byte	0x1
 256 015f 5D       		.byte	0x5d
 257 0160 BC000000 		.4byte	0xbc
 258 0164 00000000 		.4byte	.LLST0
 259 0168 0B       		.uleb128 0xb
 260 0169 08000000 		.4byte	.LBB2
 261 016d 1A000000 		.4byte	.LBE2-.LBB2
 262 0171 0C       		.uleb128 0xc
 263 0172 10030000 		.4byte	.LASF37
 264 0176 01       		.byte	0x1
 265 0177 60       		.byte	0x60
 266 0178 A6000000 		.4byte	0xa6
 267 017c 02       		.uleb128 0x2
 268 017d 91       		.byte	0x91
 269 017e 74       		.sleb128 -12
 270 017f 0D       		.uleb128 0xd
 271 0180 65727200 		.ascii	"err\000"
 272 0184 01       		.byte	0x1
 273 0185 61       		.byte	0x61
 274 0186 C7000000 		.4byte	0xc7
 275 018a 2C000000 		.4byte	.LLST1
 276 018e 0E       		.uleb128 0xe
 277 018f 10000000 		.4byte	.LVL2
 278 0193 D3010000 		.4byte	0x1d3
 279 0197 A7010000 		.4byte	0x1a7
 280 019b 0F       		.uleb128 0xf
 281 019c 01       		.uleb128 0x1
 282 019d 50       		.byte	0x50
 283 019e 02       		.uleb128 0x2
 284 019f 91       		.byte	0x91
 285 01a0 74       		.sleb128 -12
 286 01a1 0F       		.uleb128 0xf
 287 01a2 01       		.uleb128 0x1
 288 01a3 51       		.byte	0x51
 289 01a4 01       		.uleb128 0x1
 290 01a5 30       		.byte	0x30
 291 01a6 00       		.byte	0
 292 01a7 0E       		.uleb128 0xe
 293 01a8 1C000000 		.4byte	.LVL4
 294 01ac DE010000 		.4byte	0x1de
 295 01b0 C1010000 		.4byte	0x1c1
 296 01b4 0F       		.uleb128 0xf
ARM GAS  C:\Users\Phuong\AppData\Local\Temp\ccWWUdQh.s 			page 8


 297 01b5 01       		.uleb128 0x1
 298 01b6 50       		.byte	0x50
 299 01b7 02       		.uleb128 0x2
 300 01b8 91       		.byte	0x91
 301 01b9 74       		.sleb128 -12
 302 01ba 0F       		.uleb128 0xf
 303 01bb 01       		.uleb128 0x1
 304 01bc 51       		.byte	0x51
 305 01bd 02       		.uleb128 0x2
 306 01be 74       		.byte	0x74
 307 01bf 00       		.sleb128 0
 308 01c0 00       		.byte	0
 309 01c1 10       		.uleb128 0x10
 310 01c2 22000000 		.4byte	.LVL5
 311 01c6 E9010000 		.4byte	0x1e9
 312 01ca 0F       		.uleb128 0xf
 313 01cb 01       		.uleb128 0x1
 314 01cc 50       		.byte	0x50
 315 01cd 02       		.uleb128 0x2
 316 01ce 91       		.byte	0x91
 317 01cf 74       		.sleb128 -12
 318 01d0 00       		.byte	0
 319 01d1 00       		.byte	0
 320 01d2 00       		.byte	0
 321 01d3 11       		.uleb128 0x11
 322 01d4 7F020000 		.4byte	.LASF38
 323 01d8 7F020000 		.4byte	.LASF38
 324 01dc 07       		.byte	0x7
 325 01dd B1       		.byte	0xb1
 326 01de 11       		.uleb128 0x11
 327 01df 3A000000 		.4byte	.LASF39
 328 01e3 3A000000 		.4byte	.LASF39
 329 01e7 07       		.byte	0x7
 330 01e8 C0       		.byte	0xc0
 331 01e9 11       		.uleb128 0x11
 332 01ea 97020000 		.4byte	.LASF40
 333 01ee 97020000 		.4byte	.LASF40
 334 01f2 07       		.byte	0x7
 335 01f3 C6       		.byte	0xc6
 336 01f4 00       		.byte	0
 337              		.section	.debug_abbrev,"",%progbits
 338              	.Ldebug_abbrev0:
 339 0000 01       		.uleb128 0x1
 340 0001 11       		.uleb128 0x11
 341 0002 01       		.byte	0x1
 342 0003 25       		.uleb128 0x25
 343 0004 0E       		.uleb128 0xe
 344 0005 13       		.uleb128 0x13
 345 0006 0B       		.uleb128 0xb
 346 0007 03       		.uleb128 0x3
 347 0008 0E       		.uleb128 0xe
 348 0009 1B       		.uleb128 0x1b
 349 000a 0E       		.uleb128 0xe
 350 000b 55       		.uleb128 0x55
 351 000c 17       		.uleb128 0x17
 352 000d 11       		.uleb128 0x11
 353 000e 01       		.uleb128 0x1
ARM GAS  C:\Users\Phuong\AppData\Local\Temp\ccWWUdQh.s 			page 9


 354 000f 10       		.uleb128 0x10
 355 0010 17       		.uleb128 0x17
 356 0011 00       		.byte	0
 357 0012 00       		.byte	0
 358 0013 02       		.uleb128 0x2
 359 0014 24       		.uleb128 0x24
 360 0015 00       		.byte	0
 361 0016 0B       		.uleb128 0xb
 362 0017 0B       		.uleb128 0xb
 363 0018 3E       		.uleb128 0x3e
 364 0019 0B       		.uleb128 0xb
 365 001a 03       		.uleb128 0x3
 366 001b 0E       		.uleb128 0xe
 367 001c 00       		.byte	0
 368 001d 00       		.byte	0
 369 001e 03       		.uleb128 0x3
 370 001f 24       		.uleb128 0x24
 371 0020 00       		.byte	0
 372 0021 0B       		.uleb128 0xb
 373 0022 0B       		.uleb128 0xb
 374 0023 3E       		.uleb128 0x3e
 375 0024 0B       		.uleb128 0xb
 376 0025 03       		.uleb128 0x3
 377 0026 08       		.uleb128 0x8
 378 0027 00       		.byte	0
 379 0028 00       		.byte	0
 380 0029 04       		.uleb128 0x4
 381 002a 0F       		.uleb128 0xf
 382 002b 00       		.byte	0
 383 002c 0B       		.uleb128 0xb
 384 002d 0B       		.uleb128 0xb
 385 002e 00       		.byte	0
 386 002f 00       		.byte	0
 387 0030 05       		.uleb128 0x5
 388 0031 16       		.uleb128 0x16
 389 0032 00       		.byte	0
 390 0033 03       		.uleb128 0x3
 391 0034 0E       		.uleb128 0xe
 392 0035 3A       		.uleb128 0x3a
 393 0036 0B       		.uleb128 0xb
 394 0037 3B       		.uleb128 0x3b
 395 0038 0B       		.uleb128 0xb
 396 0039 49       		.uleb128 0x49
 397 003a 13       		.uleb128 0x13
 398 003b 00       		.byte	0
 399 003c 00       		.byte	0
 400 003d 06       		.uleb128 0x6
 401 003e 04       		.uleb128 0x4
 402 003f 01       		.byte	0x1
 403 0040 0B       		.uleb128 0xb
 404 0041 0B       		.uleb128 0xb
 405 0042 49       		.uleb128 0x49
 406 0043 13       		.uleb128 0x13
 407 0044 3A       		.uleb128 0x3a
 408 0045 0B       		.uleb128 0xb
 409 0046 3B       		.uleb128 0x3b
 410 0047 0B       		.uleb128 0xb
ARM GAS  C:\Users\Phuong\AppData\Local\Temp\ccWWUdQh.s 			page 10


 411 0048 01       		.uleb128 0x1
 412 0049 13       		.uleb128 0x13
 413 004a 00       		.byte	0
 414 004b 00       		.byte	0
 415 004c 07       		.uleb128 0x7
 416 004d 28       		.uleb128 0x28
 417 004e 00       		.byte	0
 418 004f 03       		.uleb128 0x3
 419 0050 0E       		.uleb128 0xe
 420 0051 1C       		.uleb128 0x1c
 421 0052 0B       		.uleb128 0xb
 422 0053 00       		.byte	0
 423 0054 00       		.byte	0
 424 0055 08       		.uleb128 0x8
 425 0056 28       		.uleb128 0x28
 426 0057 00       		.byte	0
 427 0058 03       		.uleb128 0x3
 428 0059 0E       		.uleb128 0xe
 429 005a 1C       		.uleb128 0x1c
 430 005b 0D       		.uleb128 0xd
 431 005c 00       		.byte	0
 432 005d 00       		.byte	0
 433 005e 09       		.uleb128 0x9
 434 005f 2E       		.uleb128 0x2e
 435 0060 01       		.byte	0x1
 436 0061 3F       		.uleb128 0x3f
 437 0062 19       		.uleb128 0x19
 438 0063 03       		.uleb128 0x3
 439 0064 0E       		.uleb128 0xe
 440 0065 3A       		.uleb128 0x3a
 441 0066 0B       		.uleb128 0xb
 442 0067 3B       		.uleb128 0x3b
 443 0068 0B       		.uleb128 0xb
 444 0069 27       		.uleb128 0x27
 445 006a 19       		.uleb128 0x19
 446 006b 11       		.uleb128 0x11
 447 006c 01       		.uleb128 0x1
 448 006d 12       		.uleb128 0x12
 449 006e 06       		.uleb128 0x6
 450 006f 40       		.uleb128 0x40
 451 0070 18       		.uleb128 0x18
 452 0071 9742     		.uleb128 0x2117
 453 0073 19       		.uleb128 0x19
 454 0074 01       		.uleb128 0x1
 455 0075 13       		.uleb128 0x13
 456 0076 00       		.byte	0
 457 0077 00       		.byte	0
 458 0078 0A       		.uleb128 0xa
 459 0079 05       		.uleb128 0x5
 460 007a 00       		.byte	0
 461 007b 03       		.uleb128 0x3
 462 007c 08       		.uleb128 0x8
 463 007d 3A       		.uleb128 0x3a
 464 007e 0B       		.uleb128 0xb
 465 007f 3B       		.uleb128 0x3b
 466 0080 0B       		.uleb128 0xb
 467 0081 49       		.uleb128 0x49
ARM GAS  C:\Users\Phuong\AppData\Local\Temp\ccWWUdQh.s 			page 11


 468 0082 13       		.uleb128 0x13
 469 0083 02       		.uleb128 0x2
 470 0084 17       		.uleb128 0x17
 471 0085 00       		.byte	0
 472 0086 00       		.byte	0
 473 0087 0B       		.uleb128 0xb
 474 0088 0B       		.uleb128 0xb
 475 0089 01       		.byte	0x1
 476 008a 11       		.uleb128 0x11
 477 008b 01       		.uleb128 0x1
 478 008c 12       		.uleb128 0x12
 479 008d 06       		.uleb128 0x6
 480 008e 00       		.byte	0
 481 008f 00       		.byte	0
 482 0090 0C       		.uleb128 0xc
 483 0091 34       		.uleb128 0x34
 484 0092 00       		.byte	0
 485 0093 03       		.uleb128 0x3
 486 0094 0E       		.uleb128 0xe
 487 0095 3A       		.uleb128 0x3a
 488 0096 0B       		.uleb128 0xb
 489 0097 3B       		.uleb128 0x3b
 490 0098 0B       		.uleb128 0xb
 491 0099 49       		.uleb128 0x49
 492 009a 13       		.uleb128 0x13
 493 009b 02       		.uleb128 0x2
 494 009c 18       		.uleb128 0x18
 495 009d 00       		.byte	0
 496 009e 00       		.byte	0
 497 009f 0D       		.uleb128 0xd
 498 00a0 34       		.uleb128 0x34
 499 00a1 00       		.byte	0
 500 00a2 03       		.uleb128 0x3
 501 00a3 08       		.uleb128 0x8
 502 00a4 3A       		.uleb128 0x3a
 503 00a5 0B       		.uleb128 0xb
 504 00a6 3B       		.uleb128 0x3b
 505 00a7 0B       		.uleb128 0xb
 506 00a8 49       		.uleb128 0x49
 507 00a9 13       		.uleb128 0x13
 508 00aa 02       		.uleb128 0x2
 509 00ab 17       		.uleb128 0x17
 510 00ac 00       		.byte	0
 511 00ad 00       		.byte	0
 512 00ae 0E       		.uleb128 0xe
 513 00af 898201   		.uleb128 0x4109
 514 00b2 01       		.byte	0x1
 515 00b3 11       		.uleb128 0x11
 516 00b4 01       		.uleb128 0x1
 517 00b5 31       		.uleb128 0x31
 518 00b6 13       		.uleb128 0x13
 519 00b7 01       		.uleb128 0x1
 520 00b8 13       		.uleb128 0x13
 521 00b9 00       		.byte	0
 522 00ba 00       		.byte	0
 523 00bb 0F       		.uleb128 0xf
 524 00bc 8A8201   		.uleb128 0x410a
ARM GAS  C:\Users\Phuong\AppData\Local\Temp\ccWWUdQh.s 			page 12


 525 00bf 00       		.byte	0
 526 00c0 02       		.uleb128 0x2
 527 00c1 18       		.uleb128 0x18
 528 00c2 9142     		.uleb128 0x2111
 529 00c4 18       		.uleb128 0x18
 530 00c5 00       		.byte	0
 531 00c6 00       		.byte	0
 532 00c7 10       		.uleb128 0x10
 533 00c8 898201   		.uleb128 0x4109
 534 00cb 01       		.byte	0x1
 535 00cc 11       		.uleb128 0x11
 536 00cd 01       		.uleb128 0x1
 537 00ce 31       		.uleb128 0x31
 538 00cf 13       		.uleb128 0x13
 539 00d0 00       		.byte	0
 540 00d1 00       		.byte	0
 541 00d2 11       		.uleb128 0x11
 542 00d3 2E       		.uleb128 0x2e
 543 00d4 00       		.byte	0
 544 00d5 3F       		.uleb128 0x3f
 545 00d6 19       		.uleb128 0x19
 546 00d7 3C       		.uleb128 0x3c
 547 00d8 19       		.uleb128 0x19
 548 00d9 6E       		.uleb128 0x6e
 549 00da 0E       		.uleb128 0xe
 550 00db 03       		.uleb128 0x3
 551 00dc 0E       		.uleb128 0xe
 552 00dd 3A       		.uleb128 0x3a
 553 00de 0B       		.uleb128 0xb
 554 00df 3B       		.uleb128 0x3b
 555 00e0 0B       		.uleb128 0xb
 556 00e1 00       		.byte	0
 557 00e2 00       		.byte	0
 558 00e3 00       		.byte	0
 559              		.section	.debug_loc,"",%progbits
 560              	.Ldebug_loc0:
 561              	.LLST0:
 562 0000 00000000 		.4byte	.LVL0
 563 0004 0C000000 		.4byte	.LVL1
 564 0008 0100     		.2byte	0x1
 565 000a 50       		.byte	0x50
 566 000b 0C000000 		.4byte	.LVL1
 567 000f 24000000 		.4byte	.LVL6
 568 0013 0100     		.2byte	0x1
 569 0015 54       		.byte	0x54
 570 0016 24000000 		.4byte	.LVL6
 571 001a 26000000 		.4byte	.LFE53
 572 001e 0400     		.2byte	0x4
 573 0020 F3       		.byte	0xf3
 574 0021 01       		.uleb128 0x1
 575 0022 50       		.byte	0x50
 576 0023 9F       		.byte	0x9f
 577 0024 00000000 		.4byte	0
 578 0028 00000000 		.4byte	0
 579              	.LLST1:
 580 002c 10000000 		.4byte	.LVL2
 581 0030 18000000 		.4byte	.LVL3
ARM GAS  C:\Users\Phuong\AppData\Local\Temp\ccWWUdQh.s 			page 13


 582 0034 0100     		.2byte	0x1
 583 0036 50       		.byte	0x50
 584 0037 00000000 		.4byte	0
 585 003b 00000000 		.4byte	0
 586              		.section	.debug_aranges,"",%progbits
 587 0000 1C000000 		.4byte	0x1c
 588 0004 0200     		.2byte	0x2
 589 0006 00000000 		.4byte	.Ldebug_info0
 590 000a 04       		.byte	0x4
 591 000b 00       		.byte	0
 592 000c 0000     		.2byte	0
 593 000e 0000     		.2byte	0
 594 0010 00000000 		.4byte	.LFB53
 595 0014 26000000 		.4byte	.LFE53-.LFB53
 596 0018 00000000 		.4byte	0
 597 001c 00000000 		.4byte	0
 598              		.section	.debug_ranges,"",%progbits
 599              	.Ldebug_ranges0:
 600 0000 00000000 		.4byte	.LFB53
 601 0004 26000000 		.4byte	.LFE53
 602 0008 00000000 		.4byte	0
 603 000c 00000000 		.4byte	0
 604              		.section	.debug_line,"",%progbits
 605              	.Ldebug_line0:
 606 0000 F2000000 		.section	.debug_str,"MS",%progbits,1
 606      0200D600 
 606      00000201 
 606      FB0E0D00 
 606      01010101 
 607              	.LASF14:
 608 0000 51756575 		.ascii	"QueueHandle_t\000"
 608      6548616E 
 608      646C655F 
 608      7400
 609              	.LASF26:
 610 000e 4552525F 		.ascii	"ERR_VAL\000"
 610      56414C00 
 611              	.LASF42:
 612 0016 536F7572 		.ascii	"Source\\LwIP\\src\\core\\sys.c\000"
 612      63655C4C 
 612      7749505C 
 612      7372635C 
 612      636F7265 
 613              	.LASF31:
 614 0031 4552525F 		.ascii	"ERR_CONN\000"
 614      434F4E4E 
 614      00
 615              	.LASF39:
 616 003a 7379735F 		.ascii	"sys_arch_sem_wait\000"
 616      61726368 
 616      5F73656D 
 616      5F776169 
 616      7400
 617              	.LASF13:
 618 004c 646F7562 		.ascii	"double\000"
 618      6C6500
 619              	.LASF17:
ARM GAS  C:\Users\Phuong\AppData\Local\Temp\ccWWUdQh.s 			page 14


 620 0053 73385F74 		.ascii	"s8_t\000"
 620      00
 621              	.LASF28:
 622 0058 4552525F 		.ascii	"ERR_USE\000"
 622      55534500 
 623              	.LASF30:
 624 0060 4552525F 		.ascii	"ERR_ISCONN\000"
 624      4953434F 
 624      4E4E00
 625              	.LASF12:
 626 006b 666C6F61 		.ascii	"float\000"
 626      7400
 627              	.LASF19:
 628 0071 6572725F 		.ascii	"err_t\000"
 628      7400
 629              	.LASF34:
 630 0077 4552525F 		.ascii	"ERR_RST\000"
 630      52535400 
 631              	.LASF32:
 632 007f 4552525F 		.ascii	"ERR_IF\000"
 632      494600
 633              	.LASF21:
 634 0086 4552525F 		.ascii	"ERR_MEM\000"
 634      4D454D00 
 635              	.LASF5:
 636 008e 6C6F6E67 		.ascii	"long unsigned int\000"
 636      20756E73 
 636      69676E65 
 636      6420696E 
 636      7400
 637              	.LASF3:
 638 00a0 73686F72 		.ascii	"short unsigned int\000"
 638      7420756E 
 638      7369676E 
 638      65642069 
 638      6E7400
 639              	.LASF33:
 640 00b3 4552525F 		.ascii	"ERR_ABRT\000"
 640      41425254 
 640      00
 641              	.LASF1:
 642 00bc 756E7369 		.ascii	"unsigned char\000"
 642      676E6564 
 642      20636861 
 642      7200
 643              	.LASF24:
 644 00ca 4552525F 		.ascii	"ERR_RTE\000"
 644      52544500 
 645              	.LASF15:
 646 00d2 53656D61 		.ascii	"SemaphoreHandle_t\000"
 646      70686F72 
 646      6548616E 
 646      646C655F 
 646      7400
 647              	.LASF18:
 648 00e4 7533325F 		.ascii	"u32_t\000"
 648      7400
ARM GAS  C:\Users\Phuong\AppData\Local\Temp\ccWWUdQh.s 			page 15


 649              	.LASF41:
 650 00ea 474E5520 		.ascii	"GNU C11 5.4.1 20160609 (release) [ARM/embedded-5-br"
 650      43313120 
 650      352E342E 
 650      31203230 
 650      31363036 
 651 011d 616E6368 		.ascii	"anch revision 237715] -mcpu=cortex-m0plus -mthumb -"
 651      20726576 
 651      6973696F 
 651      6E203233 
 651      37373135 
 652 0150 67202D4F 		.ascii	"g -Og -ffunction-sections -ffat-lto-objects\000"
 652      67202D66 
 652      66756E63 
 652      74696F6E 
 652      2D736563 
 653              	.LASF20:
 654 017c 4552525F 		.ascii	"ERR_OK\000"
 654      4F4B00
 655              	.LASF8:
 656 0183 756E7369 		.ascii	"unsigned int\000"
 656      676E6564 
 656      20696E74 
 656      00
 657              	.LASF43:
 658 0190 433A5C55 		.ascii	"C:\\Users\\Phuong\\Documents\\PSoC Creator\\Dec0820"
 658      73657273 
 658      5C506875 
 658      6F6E675C 
 658      446F6375 
 659 01be 31385C69 		.ascii	"18\\iot-sdk-iot-dev\\PSOC6_FreeRTOS+LwIP+MbedTLS_Az"
 659      6F742D73 
 659      646B2D69 
 659      6F742D64 
 659      65765C50 
 660 01ef 7572652D 		.ascii	"ure-IOT-Hub-Demo\\PSOC6_FreeRTOS+LwIP+MbedTLS_Azure"
 660      494F542D 
 660      4875622D 
 660      44656D6F 
 660      5C50534F 
 661 0221 2D494F54 		.ascii	"-IOT-Hub-Demo.cydsn\000"
 661      2D487562 
 661      2D44656D 
 661      6F2E6379 
 661      64736E00 
 662              	.LASF7:
 663 0235 6C6F6E67 		.ascii	"long long unsigned int\000"
 663      206C6F6E 
 663      6720756E 
 663      7369676E 
 663      65642069 
 664              	.LASF44:
 665 024c 7379735F 		.ascii	"sys_msleep\000"
 665      6D736C65 
 665      657000
 666              	.LASF35:
 667 0257 4552525F 		.ascii	"ERR_CLSD\000"
ARM GAS  C:\Users\Phuong\AppData\Local\Temp\ccWWUdQh.s 			page 16


 667      434C5344 
 667      00
 668              	.LASF10:
 669 0260 73697A65 		.ascii	"sizetype\000"
 669      74797065 
 669      00
 670              	.LASF22:
 671 0269 4552525F 		.ascii	"ERR_BUF\000"
 671      42554600 
 672              	.LASF6:
 673 0271 6C6F6E67 		.ascii	"long long int\000"
 673      206C6F6E 
 673      6720696E 
 673      7400
 674              	.LASF38:
 675 027f 7379735F 		.ascii	"sys_sem_new\000"
 675      73656D5F 
 675      6E657700 
 676              	.LASF29:
 677 028b 4552525F 		.ascii	"ERR_ALREADY\000"
 677      414C5245 
 677      41445900 
 678              	.LASF40:
 679 0297 7379735F 		.ascii	"sys_sem_free\000"
 679      73656D5F 
 679      66726565 
 679      00
 680              	.LASF36:
 681 02a4 4552525F 		.ascii	"ERR_ARG\000"
 681      41524700 
 682              	.LASF2:
 683 02ac 73686F72 		.ascii	"short int\000"
 683      7420696E 
 683      7400
 684              	.LASF25:
 685 02b6 4552525F 		.ascii	"ERR_INPROGRESS\000"
 685      494E5052 
 685      4F475245 
 685      535300
 686              	.LASF4:
 687 02c5 6C6F6E67 		.ascii	"long int\000"
 687      20696E74 
 687      00
 688              	.LASF11:
 689 02ce 63686172 		.ascii	"char\000"
 689      00
 690              	.LASF9:
 691 02d3 6C6F6E67 		.ascii	"long double\000"
 691      20646F75 
 691      626C6500 
 692              	.LASF16:
 693 02df 7379735F 		.ascii	"sys_sem_t\000"
 693      73656D5F 
 693      7400
 694              	.LASF0:
 695 02e9 7369676E 		.ascii	"signed char\000"
 695      65642063 
ARM GAS  C:\Users\Phuong\AppData\Local\Temp\ccWWUdQh.s 			page 17


 695      68617200 
 696              	.LASF27:
 697 02f5 4552525F 		.ascii	"ERR_WOULDBLOCK\000"
 697      574F554C 
 697      44424C4F 
 697      434B00
 698              	.LASF23:
 699 0304 4552525F 		.ascii	"ERR_TIMEOUT\000"
 699      54494D45 
 699      4F555400 
 700              	.LASF37:
 701 0310 64656C61 		.ascii	"delaysem\000"
 701      7973656D 
 701      00
 702              		.ident	"GCC: (GNU Tools for ARM Embedded Processors) 5.4.1 20160609 (release) [ARM/embedded-5-bran
