ARM GAS  C:\Users\Phuong\AppData\Local\Temp\ccA6qjKe.s 			page 1


   1              		.syntax unified
   2              		.cpu cortex-m0plus
   3              		.fpu softvfp
   4              		.eabi_attribute 20, 1
   5              		.eabi_attribute 21, 1
   6              		.eabi_attribute 23, 3
   7              		.eabi_attribute 24, 1
   8              		.eabi_attribute 25, 1
   9              		.eabi_attribute 26, 1
  10              		.eabi_attribute 30, 1
  11              		.eabi_attribute 34, 0
  12              		.eabi_attribute 18, 4
  13              		.thumb
  14              		.syntax unified
  15              		.file	"threadapi.c"
  16              		.text
  17              	.Ltext0:
  18              		.cfi_sections	.debug_frame
  19              		.global	__aeabi_uidiv
  20              		.section	.text.ThreadAPI_Sleep,"ax",%progbits
  21              		.align	2
  22              		.global	ThreadAPI_Sleep
  23              		.code	16
  24              		.thumb_func
  25              		.type	ThreadAPI_Sleep, %function
  26              	ThreadAPI_Sleep:
  27              	.LFB37:
  28              		.file 1 "Source\\azure_iot_sdk\\c-utility\\pal\\freertos\\threadapi.c"
   1:Source\azure_iot_sdk\c-utility\pal\freertos/threadapi.c **** // Copyright (c) Microsoft. All rights reserved.
   2:Source\azure_iot_sdk\c-utility\pal\freertos/threadapi.c **** // Licensed under the MIT license. See LICENSE file in the project root for full license informatio
   3:Source\azure_iot_sdk\c-utility\pal\freertos/threadapi.c **** 
   4:Source\azure_iot_sdk\c-utility\pal\freertos/threadapi.c **** #include "azure_c_shared_utility/xlogging.h"
   5:Source\azure_iot_sdk\c-utility\pal\freertos/threadapi.c **** 
   6:Source\azure_iot_sdk\c-utility\pal\freertos/threadapi.c **** /*Codes_SRS_THREADAPI_FREERTOS_30_001: [ The threadapi_freertos shall implement the method ThreadAP
   7:Source\azure_iot_sdk\c-utility\pal\freertos/threadapi.c **** #include "azure_c_shared_utility/threadapi.h"
   8:Source\azure_iot_sdk\c-utility\pal\freertos/threadapi.c **** 
   9:Source\azure_iot_sdk\c-utility\pal\freertos/threadapi.c **** #include "FreeRTOS.h"
  10:Source\azure_iot_sdk\c-utility\pal\freertos/threadapi.c **** #include "task.h"
  11:Source\azure_iot_sdk\c-utility\pal\freertos/threadapi.c **** 
  12:Source\azure_iot_sdk\c-utility\pal\freertos/threadapi.c **** /*Codes_SRS_THREADAPI_FREERTOS_30_002: [ The ThreadAPI_Sleep shall receive a time in milliseconds. 
  13:Source\azure_iot_sdk\c-utility\pal\freertos/threadapi.c **** /*Codes_SRS_THREADAPI_FREERTOS_30_003: [ The ThreadAPI_Sleep shall stop the thread for the specifie
  14:Source\azure_iot_sdk\c-utility\pal\freertos/threadapi.c **** void ThreadAPI_Sleep(unsigned int milliseconds)
  15:Source\azure_iot_sdk\c-utility\pal\freertos/threadapi.c **** {
  29              		.loc 1 15 0
  30              		.cfi_startproc
  31              		@ args = 0, pretend = 0, frame = 0
  32              		@ frame_needed = 0, uses_anonymous_args = 0
  33              	.LVL0:
  34 0000 10B5     		push	{r4, lr}
  35              		.cfi_def_cfa_offset 8
  36              		.cfi_offset 4, -8
  37              		.cfi_offset 14, -4
  16:Source\azure_iot_sdk\c-utility\pal\freertos/threadapi.c ****     vTaskDelay((milliseconds * CONFIG_FREERTOS_HZ) / 1000);
  38              		.loc 1 16 0
  39 0002 FA21     		movs	r1, #250
  40 0004 8900     		lsls	r1, r1, #2
  41 0006 4843     		muls	r0, r1
ARM GAS  C:\Users\Phuong\AppData\Local\Temp\ccA6qjKe.s 			page 2


  42              	.LVL1:
  43 0008 FFF7FEFF 		bl	__aeabi_uidiv
  44              	.LVL2:
  45 000c FFF7FEFF 		bl	vTaskDelay
  46              	.LVL3:
  17:Source\azure_iot_sdk\c-utility\pal\freertos/threadapi.c **** }
  47              		.loc 1 17 0
  48              		@ sp needed
  49 0010 10BD     		pop	{r4, pc}
  50              		.cfi_endproc
  51              	.LFE37:
  52              		.size	ThreadAPI_Sleep, .-ThreadAPI_Sleep
  53 0012 C046     		.section	.text.ThreadAPI_Create,"ax",%progbits
  54              		.align	2
  55              		.global	ThreadAPI_Create
  56              		.code	16
  57              		.thumb_func
  58              		.type	ThreadAPI_Create, %function
  59              	ThreadAPI_Create:
  60              	.LFB38:
  18:Source\azure_iot_sdk\c-utility\pal\freertos/threadapi.c **** 
  19:Source\azure_iot_sdk\c-utility\pal\freertos/threadapi.c **** /*Codes_SRS_THREADAPI_FREERTOS_30_004: [ FreeRTOS is not guaranteed to support threading, so Thread
  20:Source\azure_iot_sdk\c-utility\pal\freertos/threadapi.c **** THREADAPI_RESULT ThreadAPI_Create(THREAD_HANDLE* threadHandle, THREAD_START_FUNC func, void* arg)
  21:Source\azure_iot_sdk\c-utility\pal\freertos/threadapi.c **** {
  61              		.loc 1 21 0
  62              		.cfi_startproc
  63              		@ args = 0, pretend = 0, frame = 0
  64              		@ frame_needed = 0, uses_anonymous_args = 0
  65              	.LVL4:
  66 0000 10B5     		push	{r4, lr}
  67              		.cfi_def_cfa_offset 8
  68              		.cfi_offset 4, -8
  69              		.cfi_offset 14, -4
  70 0002 82B0     		sub	sp, sp, #8
  71              		.cfi_def_cfa_offset 16
  72              	.LBB2:
  22:Source\azure_iot_sdk\c-utility\pal\freertos/threadapi.c ****     (void)threadHandle;
  23:Source\azure_iot_sdk\c-utility\pal\freertos/threadapi.c ****     (void)func;
  24:Source\azure_iot_sdk\c-utility\pal\freertos/threadapi.c ****     (void)arg;
  25:Source\azure_iot_sdk\c-utility\pal\freertos/threadapi.c ****     LogError("FreeRTOS does not support multi-threading.");
  73              		.loc 1 25 0
  74 0004 FFF7FEFF 		bl	xlogging_get_log_function
  75              	.LVL5:
  76 0008 041E     		subs	r4, r0, #0
  77              	.LVL6:
  78 000a 08D0     		beq	.L3
  79              		.loc 1 25 0 is_stmt 0 discriminator 4
  80 000c 054B     		ldr	r3, .L4
  81 000e 0193     		str	r3, [sp, #4]
  82 0010 0123     		movs	r3, #1
  83 0012 0093     		str	r3, [sp]
  84 0014 1833     		adds	r3, r3, #24
  85 0016 044A     		ldr	r2, .L4+4
  86 0018 0449     		ldr	r1, .L4+8
  87 001a 0020     		movs	r0, #0
  88              	.LVL7:
  89 001c A047     		blx	r4
ARM GAS  C:\Users\Phuong\AppData\Local\Temp\ccA6qjKe.s 			page 3


  90              	.LVL8:
  91              	.L3:
  92              	.LBE2:
  26:Source\azure_iot_sdk\c-utility\pal\freertos/threadapi.c ****     return THREADAPI_ERROR;
  27:Source\azure_iot_sdk\c-utility\pal\freertos/threadapi.c **** }
  93              		.loc 1 27 0 is_stmt 1
  94 001e 0320     		movs	r0, #3
  95 0020 02B0     		add	sp, sp, #8
  96              		@ sp needed
  97              	.LVL9:
  98 0022 10BD     		pop	{r4, pc}
  99              	.L5:
 100              		.align	2
 101              	.L4:
 102 0024 38000000 		.word	.LC3
 103 0028 00000000 		.word	.LANCHOR0
 104 002c 00000000 		.word	.LC1
 105              		.cfi_endproc
 106              	.LFE38:
 107              		.size	ThreadAPI_Create, .-ThreadAPI_Create
 108              		.section	.text.ThreadAPI_Join,"ax",%progbits
 109              		.align	2
 110              		.global	ThreadAPI_Join
 111              		.code	16
 112              		.thumb_func
 113              		.type	ThreadAPI_Join, %function
 114              	ThreadAPI_Join:
 115              	.LFB39:
  28:Source\azure_iot_sdk\c-utility\pal\freertos/threadapi.c **** 
  29:Source\azure_iot_sdk\c-utility\pal\freertos/threadapi.c **** /*Codes_SRS_THREADAPI_FREERTOS_30_005: [ FreeRTOS is not guaranteed to support threading, so Thread
  30:Source\azure_iot_sdk\c-utility\pal\freertos/threadapi.c **** THREADAPI_RESULT ThreadAPI_Join(THREAD_HANDLE threadHandle, int* res)
  31:Source\azure_iot_sdk\c-utility\pal\freertos/threadapi.c **** {
 116              		.loc 1 31 0
 117              		.cfi_startproc
 118              		@ args = 0, pretend = 0, frame = 0
 119              		@ frame_needed = 0, uses_anonymous_args = 0
 120              	.LVL10:
 121 0000 10B5     		push	{r4, lr}
 122              		.cfi_def_cfa_offset 8
 123              		.cfi_offset 4, -8
 124              		.cfi_offset 14, -4
 125 0002 82B0     		sub	sp, sp, #8
 126              		.cfi_def_cfa_offset 16
 127              	.LBB3:
  32:Source\azure_iot_sdk\c-utility\pal\freertos/threadapi.c ****     (void)threadHandle;
  33:Source\azure_iot_sdk\c-utility\pal\freertos/threadapi.c ****     (void)res;
  34:Source\azure_iot_sdk\c-utility\pal\freertos/threadapi.c ****     LogError("FreeRTOS does not support multi-threading.");
 128              		.loc 1 34 0
 129 0004 FFF7FEFF 		bl	xlogging_get_log_function
 130              	.LVL11:
 131 0008 041E     		subs	r4, r0, #0
 132              	.LVL12:
 133 000a 09D0     		beq	.L7
 134              		.loc 1 34 0 is_stmt 0 discriminator 4
 135 000c 064B     		ldr	r3, .L8
 136 000e 0193     		str	r3, [sp, #4]
 137 0010 0123     		movs	r3, #1
ARM GAS  C:\Users\Phuong\AppData\Local\Temp\ccA6qjKe.s 			page 4


 138 0012 0093     		str	r3, [sp]
 139 0014 2133     		adds	r3, r3, #33
 140 0016 054A     		ldr	r2, .L8+4
 141 0018 1432     		adds	r2, r2, #20
 142 001a 0549     		ldr	r1, .L8+8
 143 001c 0020     		movs	r0, #0
 144              	.LVL13:
 145 001e A047     		blx	r4
 146              	.LVL14:
 147              	.L7:
 148              	.LBE3:
  35:Source\azure_iot_sdk\c-utility\pal\freertos/threadapi.c ****     return THREADAPI_ERROR;
  36:Source\azure_iot_sdk\c-utility\pal\freertos/threadapi.c **** }
 149              		.loc 1 36 0 is_stmt 1
 150 0020 0320     		movs	r0, #3
 151 0022 02B0     		add	sp, sp, #8
 152              		@ sp needed
 153              	.LVL15:
 154 0024 10BD     		pop	{r4, pc}
 155              	.L9:
 156 0026 C046     		.align	2
 157              	.L8:
 158 0028 38000000 		.word	.LC3
 159 002c 00000000 		.word	.LANCHOR0
 160 0030 00000000 		.word	.LC1
 161              		.cfi_endproc
 162              	.LFE39:
 163              		.size	ThreadAPI_Join, .-ThreadAPI_Join
 164              		.section	.text.ThreadAPI_Exit,"ax",%progbits
 165              		.align	2
 166              		.global	ThreadAPI_Exit
 167              		.code	16
 168              		.thumb_func
 169              		.type	ThreadAPI_Exit, %function
 170              	ThreadAPI_Exit:
 171              	.LFB40:
  37:Source\azure_iot_sdk\c-utility\pal\freertos/threadapi.c **** 
  38:Source\azure_iot_sdk\c-utility\pal\freertos/threadapi.c **** /*Codes_SRS_THREADAPI_FREERTOS_30_006: [ FreeRTOS is not guaranteed to support threading, so Thread
  39:Source\azure_iot_sdk\c-utility\pal\freertos/threadapi.c **** void ThreadAPI_Exit(int res)
  40:Source\azure_iot_sdk\c-utility\pal\freertos/threadapi.c **** {
 172              		.loc 1 40 0
 173              		.cfi_startproc
 174              		@ args = 0, pretend = 0, frame = 0
 175              		@ frame_needed = 0, uses_anonymous_args = 0
 176              	.LVL16:
 177 0000 10B5     		push	{r4, lr}
 178              		.cfi_def_cfa_offset 8
 179              		.cfi_offset 4, -8
 180              		.cfi_offset 14, -4
 181 0002 82B0     		sub	sp, sp, #8
 182              		.cfi_def_cfa_offset 16
 183              	.LBB4:
  41:Source\azure_iot_sdk\c-utility\pal\freertos/threadapi.c ****     (void)res;
  42:Source\azure_iot_sdk\c-utility\pal\freertos/threadapi.c ****     LogError("FreeRTOS does not support multi-threading.");
 184              		.loc 1 42 0
 185 0004 FFF7FEFF 		bl	xlogging_get_log_function
 186              	.LVL17:
ARM GAS  C:\Users\Phuong\AppData\Local\Temp\ccA6qjKe.s 			page 5


 187 0008 041E     		subs	r4, r0, #0
 188              	.LVL18:
 189 000a 09D0     		beq	.L10
 190              		.loc 1 42 0 is_stmt 0 discriminator 4
 191 000c 054B     		ldr	r3, .L12
 192 000e 0193     		str	r3, [sp, #4]
 193 0010 0123     		movs	r3, #1
 194 0012 0093     		str	r3, [sp]
 195 0014 2933     		adds	r3, r3, #41
 196 0016 044A     		ldr	r2, .L12+4
 197 0018 2432     		adds	r2, r2, #36
 198 001a 0449     		ldr	r1, .L12+8
 199 001c 0020     		movs	r0, #0
 200              	.LVL19:
 201 001e A047     		blx	r4
 202              	.LVL20:
 203              	.L10:
 204              	.LBE4:
  43:Source\azure_iot_sdk\c-utility\pal\freertos/threadapi.c **** }
 205              		.loc 1 43 0 is_stmt 1
 206 0020 02B0     		add	sp, sp, #8
 207              		@ sp needed
 208              	.LVL21:
 209 0022 10BD     		pop	{r4, pc}
 210              	.L13:
 211              		.align	2
 212              	.L12:
 213 0024 38000000 		.word	.LC3
 214 0028 00000000 		.word	.LANCHOR0
 215 002c 00000000 		.word	.LC1
 216              		.cfi_endproc
 217              	.LFE40:
 218              		.size	ThreadAPI_Exit, .-ThreadAPI_Exit
 219              		.section	.rodata
 220              		.align	2
 221              		.set	.LANCHOR0,. + 0
 222              		.type	__func__.10952, %object
 223              		.size	__func__.10952, 17
 224              	__func__.10952:
 225 0000 54687265 		.ascii	"ThreadAPI_Create\000"
 225      61644150 
 225      495F4372 
 225      65617465 
 225      00
 226 0011 000000   		.space	3
 227              		.type	__func__.10960, %object
 228              		.size	__func__.10960, 15
 229              	__func__.10960:
 230 0014 54687265 		.ascii	"ThreadAPI_Join\000"
 230      61644150 
 230      495F4A6F 
 230      696E00
 231 0023 00       		.space	1
 232              		.type	__func__.10967, %object
 233              		.size	__func__.10967, 15
 234              	__func__.10967:
 235 0024 54687265 		.ascii	"ThreadAPI_Exit\000"
ARM GAS  C:\Users\Phuong\AppData\Local\Temp\ccA6qjKe.s 			page 6


 235      61644150 
 235      495F4578 
 235      697400
 236              		.section	.rodata.str1.4,"aMS",%progbits,1
 237              		.align	2
 238              	.LC1:
 239 0000 536F7572 		.ascii	"Source\\azure_iot_sdk\\c-utility\\pal\\freertos\\th"
 239      63655C61 
 239      7A757265 
 239      5F696F74 
 239      5F73646B 
 240 002e 72656164 		.ascii	"readapi.c\000"
 240      6170692E 
 240      6300
 241              	.LC3:
 242 0038 46726565 		.ascii	"FreeRTOS does not support multi-threading.\000"
 242      52544F53 
 242      20646F65 
 242      73206E6F 
 242      74207375 
 243              		.text
 244              	.Letext0:
 245              		.file 2 ".\\Source\\azure_iot_sdk\\c-utility\\inc/azure_c_shared_utility/xlogging.h"
 246              		.file 3 ".\\Source\\azure_iot_sdk\\c-utility\\inc/azure_c_shared_utility/threadapi.h"
 247              		.file 4 ".\\Source\\FreeRTOS\\10.0.1\\Source\\include/task.h"
 248              		.section	.debug_info,"",%progbits
 249              	.Ldebug_info0:
 250 0000 AD030000 		.4byte	0x3ad
 251 0004 0400     		.2byte	0x4
 252 0006 00000000 		.4byte	.Ldebug_abbrev0
 253 000a 04       		.byte	0x4
 254 000b 01       		.uleb128 0x1
 255 000c BA020000 		.4byte	.LASF38
 256 0010 0C       		.byte	0xc
 257 0011 A1000000 		.4byte	.LASF39
 258 0015 15010000 		.4byte	.LASF40
 259 0019 00000000 		.4byte	.Ldebug_ranges0+0
 260 001d 00000000 		.4byte	0
 261 0021 00000000 		.4byte	.Ldebug_line0
 262 0025 02       		.uleb128 0x2
 263 0026 01       		.byte	0x1
 264 0027 06       		.byte	0x6
 265 0028 4C030000 		.4byte	.LASF0
 266 002c 02       		.uleb128 0x2
 267 002d 01       		.byte	0x1
 268 002e 08       		.byte	0x8
 269 002f D9000000 		.4byte	.LASF1
 270 0033 02       		.uleb128 0x2
 271 0034 02       		.byte	0x2
 272 0035 05       		.byte	0x5
 273 0036 84020000 		.4byte	.LASF2
 274 003a 02       		.uleb128 0x2
 275 003b 02       		.byte	0x2
 276 003c 07       		.byte	0x7
 277 003d 7A000000 		.4byte	.LASF3
 278 0041 02       		.uleb128 0x2
 279 0042 04       		.byte	0x4
ARM GAS  C:\Users\Phuong\AppData\Local\Temp\ccA6qjKe.s 			page 7


 280 0043 05       		.byte	0x5
 281 0044 9A020000 		.4byte	.LASF4
 282 0048 02       		.uleb128 0x2
 283 0049 04       		.byte	0x4
 284 004a 07       		.byte	0x7
 285 004b 57000000 		.4byte	.LASF5
 286 004f 02       		.uleb128 0x2
 287 0050 08       		.byte	0x8
 288 0051 05       		.byte	0x5
 289 0052 36020000 		.4byte	.LASF6
 290 0056 02       		.uleb128 0x2
 291 0057 08       		.byte	0x8
 292 0058 07       		.byte	0x7
 293 0059 BA010000 		.4byte	.LASF7
 294 005d 03       		.uleb128 0x3
 295 005e 04       		.byte	0x4
 296 005f 05       		.byte	0x5
 297 0060 696E7400 		.ascii	"int\000"
 298 0064 02       		.uleb128 0x2
 299 0065 04       		.byte	0x4
 300 0066 07       		.byte	0x7
 301 0067 08010000 		.4byte	.LASF8
 302 006b 02       		.uleb128 0x2
 303 006c 08       		.byte	0x8
 304 006d 04       		.byte	0x4
 305 006e AE020000 		.4byte	.LASF9
 306 0072 02       		.uleb128 0x2
 307 0073 04       		.byte	0x4
 308 0074 07       		.byte	0x7
 309 0075 2D020000 		.4byte	.LASF10
 310 0079 04       		.uleb128 0x4
 311 007a 04       		.byte	0x4
 312 007b 02       		.uleb128 0x2
 313 007c 01       		.byte	0x1
 314 007d 08       		.byte	0x8
 315 007e 52020000 		.4byte	.LASF11
 316 0082 05       		.uleb128 0x5
 317 0083 04       		.byte	0x4
 318 0084 88000000 		.4byte	0x88
 319 0088 06       		.uleb128 0x6
 320 0089 7B000000 		.4byte	0x7b
 321 008d 07       		.uleb128 0x7
 322 008e 69000000 		.4byte	.LASF18
 323 0092 01       		.byte	0x1
 324 0093 2C000000 		.4byte	0x2c
 325 0097 02       		.byte	0x2
 326 0098 22       		.byte	0x22
 327 0099 B0000000 		.4byte	0xb0
 328 009d 08       		.uleb128 0x8
 329 009e 75030000 		.4byte	.LASF12
 330 00a2 00       		.byte	0
 331 00a3 08       		.uleb128 0x8
 332 00a4 8E020000 		.4byte	.LASF13
 333 00a8 01       		.byte	0x1
 334 00a9 08       		.uleb128 0x8
 335 00aa 4A000000 		.4byte	.LASF14
 336 00ae 02       		.byte	0x2
ARM GAS  C:\Users\Phuong\AppData\Local\Temp\ccA6qjKe.s 			page 8


 337 00af 00       		.byte	0
 338 00b0 09       		.uleb128 0x9
 339 00b1 68030000 		.4byte	.LASF15
 340 00b5 02       		.byte	0x2
 341 00b6 27       		.byte	0x27
 342 00b7 8D000000 		.4byte	0x8d
 343 00bb 09       		.uleb128 0x9
 344 00bc 1A000000 		.4byte	.LASF16
 345 00c0 02       		.byte	0x2
 346 00c1 2F       		.byte	0x2f
 347 00c2 C6000000 		.4byte	0xc6
 348 00c6 05       		.uleb128 0x5
 349 00c7 04       		.byte	0x4
 350 00c8 CC000000 		.4byte	0xcc
 351 00cc 0A       		.uleb128 0xa
 352 00cd F1000000 		.4byte	0xf1
 353 00d1 0B       		.uleb128 0xb
 354 00d2 B0000000 		.4byte	0xb0
 355 00d6 0B       		.uleb128 0xb
 356 00d7 82000000 		.4byte	0x82
 357 00db 0B       		.uleb128 0xb
 358 00dc 82000000 		.4byte	0x82
 359 00e0 0B       		.uleb128 0xb
 360 00e1 5D000000 		.4byte	0x5d
 361 00e5 0B       		.uleb128 0xb
 362 00e6 64000000 		.4byte	0x64
 363 00ea 0B       		.uleb128 0xb
 364 00eb 82000000 		.4byte	0x82
 365 00ef 0C       		.uleb128 0xc
 366 00f0 00       		.byte	0
 367 00f1 09       		.uleb128 0x9
 368 00f2 0C020000 		.4byte	.LASF17
 369 00f6 03       		.byte	0x3
 370 00f7 13       		.byte	0x13
 371 00f8 FC000000 		.4byte	0xfc
 372 00fc 05       		.uleb128 0x5
 373 00fd 04       		.byte	0x4
 374 00fe 02010000 		.4byte	0x102
 375 0102 0D       		.uleb128 0xd
 376 0103 5D000000 		.4byte	0x5d
 377 0107 11010000 		.4byte	0x111
 378 010b 0B       		.uleb128 0xb
 379 010c 79000000 		.4byte	0x79
 380 0110 00       		.byte	0
 381 0111 07       		.uleb128 0x7
 382 0112 F3000000 		.4byte	.LASF19
 383 0116 01       		.byte	0x1
 384 0117 2C000000 		.4byte	0x2c
 385 011b 03       		.byte	0x3
 386 011c 1E       		.byte	0x1e
 387 011d 3A010000 		.4byte	0x13a
 388 0121 08       		.uleb128 0x8
 389 0122 68020000 		.4byte	.LASF20
 390 0126 00       		.byte	0
 391 0127 08       		.uleb128 0x8
 392 0128 25000000 		.4byte	.LASF21
 393 012c 01       		.byte	0x1
ARM GAS  C:\Users\Phuong\AppData\Local\Temp\ccA6qjKe.s 			page 9


 394 012d 08       		.uleb128 0x8
 395 012e 8D000000 		.4byte	.LASF22
 396 0132 02       		.byte	0x2
 397 0133 08       		.uleb128 0x8
 398 0134 E2010000 		.4byte	.LASF23
 399 0138 03       		.byte	0x3
 400 0139 00       		.byte	0
 401 013a 09       		.uleb128 0x9
 402 013b 57020000 		.4byte	.LASF24
 403 013f 03       		.byte	0x3
 404 0140 1E       		.byte	0x1e
 405 0141 11010000 		.4byte	0x111
 406 0145 09       		.uleb128 0x9
 407 0146 44020000 		.4byte	.LASF25
 408 014a 03       		.byte	0x3
 409 014b 20       		.byte	0x20
 410 014c 79000000 		.4byte	0x79
 411 0150 02       		.uleb128 0x2
 412 0151 04       		.byte	0x4
 413 0152 04       		.byte	0x4
 414 0153 44000000 		.4byte	.LASF26
 415 0157 02       		.uleb128 0x2
 416 0158 08       		.byte	0x8
 417 0159 04       		.byte	0x4
 418 015a E7000000 		.4byte	.LASF27
 419 015e 0E       		.uleb128 0xe
 420 015f 58030000 		.4byte	.LASF34
 421 0163 01       		.byte	0x1
 422 0164 0E       		.byte	0xe
 423 0165 00000000 		.4byte	.LFB37
 424 0169 12000000 		.4byte	.LFE37-.LFB37
 425 016d 01       		.uleb128 0x1
 426 016e 9C       		.byte	0x9c
 427 016f 8C010000 		.4byte	0x18c
 428 0173 0F       		.uleb128 0xf
 429 0174 FF010000 		.4byte	.LASF28
 430 0178 01       		.byte	0x1
 431 0179 0E       		.byte	0xe
 432 017a 64000000 		.4byte	0x64
 433 017e 00000000 		.4byte	.LLST0
 434 0182 10       		.uleb128 0x10
 435 0183 10000000 		.4byte	.LVL3
 436 0187 99030000 		.4byte	0x399
 437 018b 00       		.byte	0
 438 018c 11       		.uleb128 0x11
 439 018d D1010000 		.4byte	.LASF31
 440 0191 01       		.byte	0x1
 441 0192 14       		.byte	0x14
 442 0193 3A010000 		.4byte	0x13a
 443 0197 00000000 		.4byte	.LFB38
 444 019b 30000000 		.4byte	.LFE38-.LFB38
 445 019f 01       		.uleb128 0x1
 446 01a0 9C       		.byte	0x9c
 447 01a1 37020000 		.4byte	0x237
 448 01a5 0F       		.uleb128 0xf
 449 01a6 F2010000 		.4byte	.LASF29
 450 01aa 01       		.byte	0x1
ARM GAS  C:\Users\Phuong\AppData\Local\Temp\ccA6qjKe.s 			page 10


 451 01ab 14       		.byte	0x14
 452 01ac 37020000 		.4byte	0x237
 453 01b0 21000000 		.4byte	.LLST1
 454 01b4 0F       		.uleb128 0xf
 455 01b5 EE000000 		.4byte	.LASF30
 456 01b9 01       		.byte	0x1
 457 01ba 14       		.byte	0x14
 458 01bb F1000000 		.4byte	0xf1
 459 01bf 42000000 		.4byte	.LLST2
 460 01c3 12       		.uleb128 0x12
 461 01c4 61726700 		.ascii	"arg\000"
 462 01c8 01       		.byte	0x1
 463 01c9 14       		.byte	0x14
 464 01ca 79000000 		.4byte	0x79
 465 01ce 63000000 		.4byte	.LLST3
 466 01d2 13       		.uleb128 0x13
 467 01d3 3B000000 		.4byte	.LASF33
 468 01d7 4D020000 		.4byte	0x24d
 469 01db 05       		.uleb128 0x5
 470 01dc 03       		.byte	0x3
 471 01dd 00000000 		.4byte	__func__.10952
 472 01e1 14       		.uleb128 0x14
 473 01e2 04000000 		.4byte	.LBB2
 474 01e6 1A000000 		.4byte	.LBE2-.LBB2
 475 01ea 15       		.uleb128 0x15
 476 01eb 6C00     		.ascii	"l\000"
 477 01ed 01       		.byte	0x1
 478 01ee 19       		.byte	0x19
 479 01ef BB000000 		.4byte	0xbb
 480 01f3 84000000 		.4byte	.LLST4
 481 01f7 10       		.uleb128 0x10
 482 01f8 08000000 		.4byte	.LVL5
 483 01fc A5030000 		.4byte	0x3a5
 484 0200 16       		.uleb128 0x16
 485 0201 1E000000 		.4byte	.LVL8
 486 0205 02       		.uleb128 0x2
 487 0206 74       		.byte	0x74
 488 0207 00       		.sleb128 0
 489 0208 17       		.uleb128 0x17
 490 0209 01       		.uleb128 0x1
 491 020a 50       		.byte	0x50
 492 020b 01       		.uleb128 0x1
 493 020c 30       		.byte	0x30
 494 020d 17       		.uleb128 0x17
 495 020e 01       		.uleb128 0x1
 496 020f 51       		.byte	0x51
 497 0210 05       		.uleb128 0x5
 498 0211 03       		.byte	0x3
 499 0212 00000000 		.4byte	.LC1
 500 0216 17       		.uleb128 0x17
 501 0217 01       		.uleb128 0x1
 502 0218 52       		.byte	0x52
 503 0219 05       		.uleb128 0x5
 504 021a 03       		.byte	0x3
 505 021b 00000000 		.4byte	.LANCHOR0
 506 021f 17       		.uleb128 0x17
 507 0220 01       		.uleb128 0x1
ARM GAS  C:\Users\Phuong\AppData\Local\Temp\ccA6qjKe.s 			page 11


 508 0221 53       		.byte	0x53
 509 0222 01       		.uleb128 0x1
 510 0223 49       		.byte	0x49
 511 0224 17       		.uleb128 0x17
 512 0225 02       		.uleb128 0x2
 513 0226 7D       		.byte	0x7d
 514 0227 00       		.sleb128 0
 515 0228 01       		.uleb128 0x1
 516 0229 31       		.byte	0x31
 517 022a 17       		.uleb128 0x17
 518 022b 02       		.uleb128 0x2
 519 022c 7D       		.byte	0x7d
 520 022d 04       		.sleb128 4
 521 022e 05       		.uleb128 0x5
 522 022f 03       		.byte	0x3
 523 0230 38000000 		.4byte	.LC3
 524 0234 00       		.byte	0
 525 0235 00       		.byte	0
 526 0236 00       		.byte	0
 527 0237 05       		.uleb128 0x5
 528 0238 04       		.byte	0x4
 529 0239 45010000 		.4byte	0x145
 530 023d 18       		.uleb128 0x18
 531 023e 88000000 		.4byte	0x88
 532 0242 4D020000 		.4byte	0x24d
 533 0246 19       		.uleb128 0x19
 534 0247 72000000 		.4byte	0x72
 535 024b 10       		.byte	0x10
 536 024c 00       		.byte	0
 537 024d 06       		.uleb128 0x6
 538 024e 3D020000 		.4byte	0x23d
 539 0252 11       		.uleb128 0x11
 540 0253 1E020000 		.4byte	.LASF32
 541 0257 01       		.byte	0x1
 542 0258 1E       		.byte	0x1e
 543 0259 3A010000 		.4byte	0x13a
 544 025d 00000000 		.4byte	.LFB39
 545 0261 34000000 		.4byte	.LFE39-.LFB39
 546 0265 01       		.uleb128 0x1
 547 0266 9C       		.byte	0x9c
 548 0267 EF020000 		.4byte	0x2ef
 549 026b 0F       		.uleb128 0xf
 550 026c F2010000 		.4byte	.LASF29
 551 0270 01       		.byte	0x1
 552 0271 1E       		.byte	0x1e
 553 0272 45010000 		.4byte	0x145
 554 0276 A2000000 		.4byte	.LLST5
 555 027a 12       		.uleb128 0x12
 556 027b 72657300 		.ascii	"res\000"
 557 027f 01       		.byte	0x1
 558 0280 1E       		.byte	0x1e
 559 0281 EF020000 		.4byte	0x2ef
 560 0285 C3000000 		.4byte	.LLST6
 561 0289 13       		.uleb128 0x13
 562 028a 3B000000 		.4byte	.LASF33
 563 028e 05030000 		.4byte	0x305
 564 0292 05       		.uleb128 0x5
ARM GAS  C:\Users\Phuong\AppData\Local\Temp\ccA6qjKe.s 			page 12


 565 0293 03       		.byte	0x3
 566 0294 14000000 		.4byte	__func__.10960
 567 0298 14       		.uleb128 0x14
 568 0299 04000000 		.4byte	.LBB3
 569 029d 1C000000 		.4byte	.LBE3-.LBB3
 570 02a1 15       		.uleb128 0x15
 571 02a2 6C00     		.ascii	"l\000"
 572 02a4 01       		.byte	0x1
 573 02a5 22       		.byte	0x22
 574 02a6 BB000000 		.4byte	0xbb
 575 02aa E4000000 		.4byte	.LLST7
 576 02ae 10       		.uleb128 0x10
 577 02af 08000000 		.4byte	.LVL11
 578 02b3 A5030000 		.4byte	0x3a5
 579 02b7 16       		.uleb128 0x16
 580 02b8 20000000 		.4byte	.LVL14
 581 02bc 02       		.uleb128 0x2
 582 02bd 74       		.byte	0x74
 583 02be 00       		.sleb128 0
 584 02bf 17       		.uleb128 0x17
 585 02c0 01       		.uleb128 0x1
 586 02c1 50       		.byte	0x50
 587 02c2 01       		.uleb128 0x1
 588 02c3 30       		.byte	0x30
 589 02c4 17       		.uleb128 0x17
 590 02c5 01       		.uleb128 0x1
 591 02c6 51       		.byte	0x51
 592 02c7 05       		.uleb128 0x5
 593 02c8 03       		.byte	0x3
 594 02c9 00000000 		.4byte	.LC1
 595 02cd 17       		.uleb128 0x17
 596 02ce 01       		.uleb128 0x1
 597 02cf 52       		.byte	0x52
 598 02d0 05       		.uleb128 0x5
 599 02d1 03       		.byte	0x3
 600 02d2 14000000 		.4byte	.LANCHOR0+20
 601 02d6 17       		.uleb128 0x17
 602 02d7 01       		.uleb128 0x1
 603 02d8 53       		.byte	0x53
 604 02d9 02       		.uleb128 0x2
 605 02da 08       		.byte	0x8
 606 02db 22       		.byte	0x22
 607 02dc 17       		.uleb128 0x17
 608 02dd 02       		.uleb128 0x2
 609 02de 7D       		.byte	0x7d
 610 02df 00       		.sleb128 0
 611 02e0 01       		.uleb128 0x1
 612 02e1 31       		.byte	0x31
 613 02e2 17       		.uleb128 0x17
 614 02e3 02       		.uleb128 0x2
 615 02e4 7D       		.byte	0x7d
 616 02e5 04       		.sleb128 4
 617 02e6 05       		.uleb128 0x5
 618 02e7 03       		.byte	0x3
 619 02e8 38000000 		.4byte	.LC3
 620 02ec 00       		.byte	0
 621 02ed 00       		.byte	0
ARM GAS  C:\Users\Phuong\AppData\Local\Temp\ccA6qjKe.s 			page 13


 622 02ee 00       		.byte	0
 623 02ef 05       		.uleb128 0x5
 624 02f0 04       		.byte	0x4
 625 02f1 5D000000 		.4byte	0x5d
 626 02f5 18       		.uleb128 0x18
 627 02f6 88000000 		.4byte	0x88
 628 02fa 05030000 		.4byte	0x305
 629 02fe 19       		.uleb128 0x19
 630 02ff 72000000 		.4byte	0x72
 631 0303 0E       		.byte	0xe
 632 0304 00       		.byte	0
 633 0305 06       		.uleb128 0x6
 634 0306 F5020000 		.4byte	0x2f5
 635 030a 1A       		.uleb128 0x1a
 636 030b 75020000 		.4byte	.LASF35
 637 030f 01       		.byte	0x1
 638 0310 27       		.byte	0x27
 639 0311 00000000 		.4byte	.LFB40
 640 0315 30000000 		.4byte	.LFE40-.LFB40
 641 0319 01       		.uleb128 0x1
 642 031a 9C       		.byte	0x9c
 643 031b 94030000 		.4byte	0x394
 644 031f 12       		.uleb128 0x12
 645 0320 72657300 		.ascii	"res\000"
 646 0324 01       		.byte	0x1
 647 0325 27       		.byte	0x27
 648 0326 5D000000 		.4byte	0x5d
 649 032a 02010000 		.4byte	.LLST8
 650 032e 13       		.uleb128 0x13
 651 032f 3B000000 		.4byte	.LASF33
 652 0333 94030000 		.4byte	0x394
 653 0337 05       		.uleb128 0x5
 654 0338 03       		.byte	0x3
 655 0339 24000000 		.4byte	__func__.10967
 656 033d 14       		.uleb128 0x14
 657 033e 04000000 		.4byte	.LBB4
 658 0342 1C000000 		.4byte	.LBE4-.LBB4
 659 0346 15       		.uleb128 0x15
 660 0347 6C00     		.ascii	"l\000"
 661 0349 01       		.byte	0x1
 662 034a 2A       		.byte	0x2a
 663 034b BB000000 		.4byte	0xbb
 664 034f 23010000 		.4byte	.LLST9
 665 0353 10       		.uleb128 0x10
 666 0354 08000000 		.4byte	.LVL17
 667 0358 A5030000 		.4byte	0x3a5
 668 035c 16       		.uleb128 0x16
 669 035d 20000000 		.4byte	.LVL20
 670 0361 02       		.uleb128 0x2
 671 0362 74       		.byte	0x74
 672 0363 00       		.sleb128 0
 673 0364 17       		.uleb128 0x17
 674 0365 01       		.uleb128 0x1
 675 0366 50       		.byte	0x50
 676 0367 01       		.uleb128 0x1
 677 0368 30       		.byte	0x30
 678 0369 17       		.uleb128 0x17
ARM GAS  C:\Users\Phuong\AppData\Local\Temp\ccA6qjKe.s 			page 14


 679 036a 01       		.uleb128 0x1
 680 036b 51       		.byte	0x51
 681 036c 05       		.uleb128 0x5
 682 036d 03       		.byte	0x3
 683 036e 00000000 		.4byte	.LC1
 684 0372 17       		.uleb128 0x17
 685 0373 01       		.uleb128 0x1
 686 0374 52       		.byte	0x52
 687 0375 05       		.uleb128 0x5
 688 0376 03       		.byte	0x3
 689 0377 24000000 		.4byte	.LANCHOR0+36
 690 037b 17       		.uleb128 0x17
 691 037c 01       		.uleb128 0x1
 692 037d 53       		.byte	0x53
 693 037e 02       		.uleb128 0x2
 694 037f 08       		.byte	0x8
 695 0380 2A       		.byte	0x2a
 696 0381 17       		.uleb128 0x17
 697 0382 02       		.uleb128 0x2
 698 0383 7D       		.byte	0x7d
 699 0384 00       		.sleb128 0
 700 0385 01       		.uleb128 0x1
 701 0386 31       		.byte	0x31
 702 0387 17       		.uleb128 0x17
 703 0388 02       		.uleb128 0x2
 704 0389 7D       		.byte	0x7d
 705 038a 04       		.sleb128 4
 706 038b 05       		.uleb128 0x5
 707 038c 03       		.byte	0x3
 708 038d 38000000 		.4byte	.LC3
 709 0391 00       		.byte	0
 710 0392 00       		.byte	0
 711 0393 00       		.byte	0
 712 0394 06       		.uleb128 0x6
 713 0395 F5020000 		.4byte	0x2f5
 714 0399 1B       		.uleb128 0x1b
 715 039a A3020000 		.4byte	.LASF36
 716 039e A3020000 		.4byte	.LASF36
 717 03a2 04       		.byte	0x4
 718 03a3 ED02     		.2byte	0x2ed
 719 03a5 1C       		.uleb128 0x1c
 720 03a6 00000000 		.4byte	.LASF37
 721 03aa 00000000 		.4byte	.LASF37
 722 03ae 02       		.byte	0x2
 723 03af 9D       		.byte	0x9d
 724 03b0 00       		.byte	0
 725              		.section	.debug_abbrev,"",%progbits
 726              	.Ldebug_abbrev0:
 727 0000 01       		.uleb128 0x1
 728 0001 11       		.uleb128 0x11
 729 0002 01       		.byte	0x1
 730 0003 25       		.uleb128 0x25
 731 0004 0E       		.uleb128 0xe
 732 0005 13       		.uleb128 0x13
 733 0006 0B       		.uleb128 0xb
 734 0007 03       		.uleb128 0x3
 735 0008 0E       		.uleb128 0xe
ARM GAS  C:\Users\Phuong\AppData\Local\Temp\ccA6qjKe.s 			page 15


 736 0009 1B       		.uleb128 0x1b
 737 000a 0E       		.uleb128 0xe
 738 000b 55       		.uleb128 0x55
 739 000c 17       		.uleb128 0x17
 740 000d 11       		.uleb128 0x11
 741 000e 01       		.uleb128 0x1
 742 000f 10       		.uleb128 0x10
 743 0010 17       		.uleb128 0x17
 744 0011 00       		.byte	0
 745 0012 00       		.byte	0
 746 0013 02       		.uleb128 0x2
 747 0014 24       		.uleb128 0x24
 748 0015 00       		.byte	0
 749 0016 0B       		.uleb128 0xb
 750 0017 0B       		.uleb128 0xb
 751 0018 3E       		.uleb128 0x3e
 752 0019 0B       		.uleb128 0xb
 753 001a 03       		.uleb128 0x3
 754 001b 0E       		.uleb128 0xe
 755 001c 00       		.byte	0
 756 001d 00       		.byte	0
 757 001e 03       		.uleb128 0x3
 758 001f 24       		.uleb128 0x24
 759 0020 00       		.byte	0
 760 0021 0B       		.uleb128 0xb
 761 0022 0B       		.uleb128 0xb
 762 0023 3E       		.uleb128 0x3e
 763 0024 0B       		.uleb128 0xb
 764 0025 03       		.uleb128 0x3
 765 0026 08       		.uleb128 0x8
 766 0027 00       		.byte	0
 767 0028 00       		.byte	0
 768 0029 04       		.uleb128 0x4
 769 002a 0F       		.uleb128 0xf
 770 002b 00       		.byte	0
 771 002c 0B       		.uleb128 0xb
 772 002d 0B       		.uleb128 0xb
 773 002e 00       		.byte	0
 774 002f 00       		.byte	0
 775 0030 05       		.uleb128 0x5
 776 0031 0F       		.uleb128 0xf
 777 0032 00       		.byte	0
 778 0033 0B       		.uleb128 0xb
 779 0034 0B       		.uleb128 0xb
 780 0035 49       		.uleb128 0x49
 781 0036 13       		.uleb128 0x13
 782 0037 00       		.byte	0
 783 0038 00       		.byte	0
 784 0039 06       		.uleb128 0x6
 785 003a 26       		.uleb128 0x26
 786 003b 00       		.byte	0
 787 003c 49       		.uleb128 0x49
 788 003d 13       		.uleb128 0x13
 789 003e 00       		.byte	0
 790 003f 00       		.byte	0
 791 0040 07       		.uleb128 0x7
 792 0041 04       		.uleb128 0x4
ARM GAS  C:\Users\Phuong\AppData\Local\Temp\ccA6qjKe.s 			page 16


 793 0042 01       		.byte	0x1
 794 0043 03       		.uleb128 0x3
 795 0044 0E       		.uleb128 0xe
 796 0045 0B       		.uleb128 0xb
 797 0046 0B       		.uleb128 0xb
 798 0047 49       		.uleb128 0x49
 799 0048 13       		.uleb128 0x13
 800 0049 3A       		.uleb128 0x3a
 801 004a 0B       		.uleb128 0xb
 802 004b 3B       		.uleb128 0x3b
 803 004c 0B       		.uleb128 0xb
 804 004d 01       		.uleb128 0x1
 805 004e 13       		.uleb128 0x13
 806 004f 00       		.byte	0
 807 0050 00       		.byte	0
 808 0051 08       		.uleb128 0x8
 809 0052 28       		.uleb128 0x28
 810 0053 00       		.byte	0
 811 0054 03       		.uleb128 0x3
 812 0055 0E       		.uleb128 0xe
 813 0056 1C       		.uleb128 0x1c
 814 0057 0B       		.uleb128 0xb
 815 0058 00       		.byte	0
 816 0059 00       		.byte	0
 817 005a 09       		.uleb128 0x9
 818 005b 16       		.uleb128 0x16
 819 005c 00       		.byte	0
 820 005d 03       		.uleb128 0x3
 821 005e 0E       		.uleb128 0xe
 822 005f 3A       		.uleb128 0x3a
 823 0060 0B       		.uleb128 0xb
 824 0061 3B       		.uleb128 0x3b
 825 0062 0B       		.uleb128 0xb
 826 0063 49       		.uleb128 0x49
 827 0064 13       		.uleb128 0x13
 828 0065 00       		.byte	0
 829 0066 00       		.byte	0
 830 0067 0A       		.uleb128 0xa
 831 0068 15       		.uleb128 0x15
 832 0069 01       		.byte	0x1
 833 006a 27       		.uleb128 0x27
 834 006b 19       		.uleb128 0x19
 835 006c 01       		.uleb128 0x1
 836 006d 13       		.uleb128 0x13
 837 006e 00       		.byte	0
 838 006f 00       		.byte	0
 839 0070 0B       		.uleb128 0xb
 840 0071 05       		.uleb128 0x5
 841 0072 00       		.byte	0
 842 0073 49       		.uleb128 0x49
 843 0074 13       		.uleb128 0x13
 844 0075 00       		.byte	0
 845 0076 00       		.byte	0
 846 0077 0C       		.uleb128 0xc
 847 0078 18       		.uleb128 0x18
 848 0079 00       		.byte	0
 849 007a 00       		.byte	0
ARM GAS  C:\Users\Phuong\AppData\Local\Temp\ccA6qjKe.s 			page 17


 850 007b 00       		.byte	0
 851 007c 0D       		.uleb128 0xd
 852 007d 15       		.uleb128 0x15
 853 007e 01       		.byte	0x1
 854 007f 27       		.uleb128 0x27
 855 0080 19       		.uleb128 0x19
 856 0081 49       		.uleb128 0x49
 857 0082 13       		.uleb128 0x13
 858 0083 01       		.uleb128 0x1
 859 0084 13       		.uleb128 0x13
 860 0085 00       		.byte	0
 861 0086 00       		.byte	0
 862 0087 0E       		.uleb128 0xe
 863 0088 2E       		.uleb128 0x2e
 864 0089 01       		.byte	0x1
 865 008a 3F       		.uleb128 0x3f
 866 008b 19       		.uleb128 0x19
 867 008c 03       		.uleb128 0x3
 868 008d 0E       		.uleb128 0xe
 869 008e 3A       		.uleb128 0x3a
 870 008f 0B       		.uleb128 0xb
 871 0090 3B       		.uleb128 0x3b
 872 0091 0B       		.uleb128 0xb
 873 0092 27       		.uleb128 0x27
 874 0093 19       		.uleb128 0x19
 875 0094 11       		.uleb128 0x11
 876 0095 01       		.uleb128 0x1
 877 0096 12       		.uleb128 0x12
 878 0097 06       		.uleb128 0x6
 879 0098 40       		.uleb128 0x40
 880 0099 18       		.uleb128 0x18
 881 009a 9642     		.uleb128 0x2116
 882 009c 19       		.uleb128 0x19
 883 009d 01       		.uleb128 0x1
 884 009e 13       		.uleb128 0x13
 885 009f 00       		.byte	0
 886 00a0 00       		.byte	0
 887 00a1 0F       		.uleb128 0xf
 888 00a2 05       		.uleb128 0x5
 889 00a3 00       		.byte	0
 890 00a4 03       		.uleb128 0x3
 891 00a5 0E       		.uleb128 0xe
 892 00a6 3A       		.uleb128 0x3a
 893 00a7 0B       		.uleb128 0xb
 894 00a8 3B       		.uleb128 0x3b
 895 00a9 0B       		.uleb128 0xb
 896 00aa 49       		.uleb128 0x49
 897 00ab 13       		.uleb128 0x13
 898 00ac 02       		.uleb128 0x2
 899 00ad 17       		.uleb128 0x17
 900 00ae 00       		.byte	0
 901 00af 00       		.byte	0
 902 00b0 10       		.uleb128 0x10
 903 00b1 898201   		.uleb128 0x4109
 904 00b4 00       		.byte	0
 905 00b5 11       		.uleb128 0x11
 906 00b6 01       		.uleb128 0x1
ARM GAS  C:\Users\Phuong\AppData\Local\Temp\ccA6qjKe.s 			page 18


 907 00b7 31       		.uleb128 0x31
 908 00b8 13       		.uleb128 0x13
 909 00b9 00       		.byte	0
 910 00ba 00       		.byte	0
 911 00bb 11       		.uleb128 0x11
 912 00bc 2E       		.uleb128 0x2e
 913 00bd 01       		.byte	0x1
 914 00be 3F       		.uleb128 0x3f
 915 00bf 19       		.uleb128 0x19
 916 00c0 03       		.uleb128 0x3
 917 00c1 0E       		.uleb128 0xe
 918 00c2 3A       		.uleb128 0x3a
 919 00c3 0B       		.uleb128 0xb
 920 00c4 3B       		.uleb128 0x3b
 921 00c5 0B       		.uleb128 0xb
 922 00c6 27       		.uleb128 0x27
 923 00c7 19       		.uleb128 0x19
 924 00c8 49       		.uleb128 0x49
 925 00c9 13       		.uleb128 0x13
 926 00ca 11       		.uleb128 0x11
 927 00cb 01       		.uleb128 0x1
 928 00cc 12       		.uleb128 0x12
 929 00cd 06       		.uleb128 0x6
 930 00ce 40       		.uleb128 0x40
 931 00cf 18       		.uleb128 0x18
 932 00d0 9742     		.uleb128 0x2117
 933 00d2 19       		.uleb128 0x19
 934 00d3 01       		.uleb128 0x1
 935 00d4 13       		.uleb128 0x13
 936 00d5 00       		.byte	0
 937 00d6 00       		.byte	0
 938 00d7 12       		.uleb128 0x12
 939 00d8 05       		.uleb128 0x5
 940 00d9 00       		.byte	0
 941 00da 03       		.uleb128 0x3
 942 00db 08       		.uleb128 0x8
 943 00dc 3A       		.uleb128 0x3a
 944 00dd 0B       		.uleb128 0xb
 945 00de 3B       		.uleb128 0x3b
 946 00df 0B       		.uleb128 0xb
 947 00e0 49       		.uleb128 0x49
 948 00e1 13       		.uleb128 0x13
 949 00e2 02       		.uleb128 0x2
 950 00e3 17       		.uleb128 0x17
 951 00e4 00       		.byte	0
 952 00e5 00       		.byte	0
 953 00e6 13       		.uleb128 0x13
 954 00e7 34       		.uleb128 0x34
 955 00e8 00       		.byte	0
 956 00e9 03       		.uleb128 0x3
 957 00ea 0E       		.uleb128 0xe
 958 00eb 49       		.uleb128 0x49
 959 00ec 13       		.uleb128 0x13
 960 00ed 34       		.uleb128 0x34
 961 00ee 19       		.uleb128 0x19
 962 00ef 02       		.uleb128 0x2
 963 00f0 18       		.uleb128 0x18
ARM GAS  C:\Users\Phuong\AppData\Local\Temp\ccA6qjKe.s 			page 19


 964 00f1 00       		.byte	0
 965 00f2 00       		.byte	0
 966 00f3 14       		.uleb128 0x14
 967 00f4 0B       		.uleb128 0xb
 968 00f5 01       		.byte	0x1
 969 00f6 11       		.uleb128 0x11
 970 00f7 01       		.uleb128 0x1
 971 00f8 12       		.uleb128 0x12
 972 00f9 06       		.uleb128 0x6
 973 00fa 00       		.byte	0
 974 00fb 00       		.byte	0
 975 00fc 15       		.uleb128 0x15
 976 00fd 34       		.uleb128 0x34
 977 00fe 00       		.byte	0
 978 00ff 03       		.uleb128 0x3
 979 0100 08       		.uleb128 0x8
 980 0101 3A       		.uleb128 0x3a
 981 0102 0B       		.uleb128 0xb
 982 0103 3B       		.uleb128 0x3b
 983 0104 0B       		.uleb128 0xb
 984 0105 49       		.uleb128 0x49
 985 0106 13       		.uleb128 0x13
 986 0107 02       		.uleb128 0x2
 987 0108 17       		.uleb128 0x17
 988 0109 00       		.byte	0
 989 010a 00       		.byte	0
 990 010b 16       		.uleb128 0x16
 991 010c 898201   		.uleb128 0x4109
 992 010f 01       		.byte	0x1
 993 0110 11       		.uleb128 0x11
 994 0111 01       		.uleb128 0x1
 995 0112 9342     		.uleb128 0x2113
 996 0114 18       		.uleb128 0x18
 997 0115 00       		.byte	0
 998 0116 00       		.byte	0
 999 0117 17       		.uleb128 0x17
 1000 0118 8A8201   		.uleb128 0x410a
 1001 011b 00       		.byte	0
 1002 011c 02       		.uleb128 0x2
 1003 011d 18       		.uleb128 0x18
 1004 011e 9142     		.uleb128 0x2111
 1005 0120 18       		.uleb128 0x18
 1006 0121 00       		.byte	0
 1007 0122 00       		.byte	0
 1008 0123 18       		.uleb128 0x18
 1009 0124 01       		.uleb128 0x1
 1010 0125 01       		.byte	0x1
 1011 0126 49       		.uleb128 0x49
 1012 0127 13       		.uleb128 0x13
 1013 0128 01       		.uleb128 0x1
 1014 0129 13       		.uleb128 0x13
 1015 012a 00       		.byte	0
 1016 012b 00       		.byte	0
 1017 012c 19       		.uleb128 0x19
 1018 012d 21       		.uleb128 0x21
 1019 012e 00       		.byte	0
 1020 012f 49       		.uleb128 0x49
ARM GAS  C:\Users\Phuong\AppData\Local\Temp\ccA6qjKe.s 			page 20


 1021 0130 13       		.uleb128 0x13
 1022 0131 2F       		.uleb128 0x2f
 1023 0132 0B       		.uleb128 0xb
 1024 0133 00       		.byte	0
 1025 0134 00       		.byte	0
 1026 0135 1A       		.uleb128 0x1a
 1027 0136 2E       		.uleb128 0x2e
 1028 0137 01       		.byte	0x1
 1029 0138 3F       		.uleb128 0x3f
 1030 0139 19       		.uleb128 0x19
 1031 013a 03       		.uleb128 0x3
 1032 013b 0E       		.uleb128 0xe
 1033 013c 3A       		.uleb128 0x3a
 1034 013d 0B       		.uleb128 0xb
 1035 013e 3B       		.uleb128 0x3b
 1036 013f 0B       		.uleb128 0xb
 1037 0140 27       		.uleb128 0x27
 1038 0141 19       		.uleb128 0x19
 1039 0142 11       		.uleb128 0x11
 1040 0143 01       		.uleb128 0x1
 1041 0144 12       		.uleb128 0x12
 1042 0145 06       		.uleb128 0x6
 1043 0146 40       		.uleb128 0x40
 1044 0147 18       		.uleb128 0x18
 1045 0148 9742     		.uleb128 0x2117
 1046 014a 19       		.uleb128 0x19
 1047 014b 01       		.uleb128 0x1
 1048 014c 13       		.uleb128 0x13
 1049 014d 00       		.byte	0
 1050 014e 00       		.byte	0
 1051 014f 1B       		.uleb128 0x1b
 1052 0150 2E       		.uleb128 0x2e
 1053 0151 00       		.byte	0
 1054 0152 3F       		.uleb128 0x3f
 1055 0153 19       		.uleb128 0x19
 1056 0154 3C       		.uleb128 0x3c
 1057 0155 19       		.uleb128 0x19
 1058 0156 6E       		.uleb128 0x6e
 1059 0157 0E       		.uleb128 0xe
 1060 0158 03       		.uleb128 0x3
 1061 0159 0E       		.uleb128 0xe
 1062 015a 3A       		.uleb128 0x3a
 1063 015b 0B       		.uleb128 0xb
 1064 015c 3B       		.uleb128 0x3b
 1065 015d 05       		.uleb128 0x5
 1066 015e 00       		.byte	0
 1067 015f 00       		.byte	0
 1068 0160 1C       		.uleb128 0x1c
 1069 0161 2E       		.uleb128 0x2e
 1070 0162 00       		.byte	0
 1071 0163 3F       		.uleb128 0x3f
 1072 0164 19       		.uleb128 0x19
 1073 0165 3C       		.uleb128 0x3c
 1074 0166 19       		.uleb128 0x19
 1075 0167 6E       		.uleb128 0x6e
 1076 0168 0E       		.uleb128 0xe
 1077 0169 03       		.uleb128 0x3
ARM GAS  C:\Users\Phuong\AppData\Local\Temp\ccA6qjKe.s 			page 21


 1078 016a 0E       		.uleb128 0xe
 1079 016b 3A       		.uleb128 0x3a
 1080 016c 0B       		.uleb128 0xb
 1081 016d 3B       		.uleb128 0x3b
 1082 016e 0B       		.uleb128 0xb
 1083 016f 00       		.byte	0
 1084 0170 00       		.byte	0
 1085 0171 00       		.byte	0
 1086              		.section	.debug_loc,"",%progbits
 1087              	.Ldebug_loc0:
 1088              	.LLST0:
 1089 0000 00000000 		.4byte	.LVL0
 1090 0004 08000000 		.4byte	.LVL1
 1091 0008 0100     		.2byte	0x1
 1092 000a 50       		.byte	0x50
 1093 000b 08000000 		.4byte	.LVL1
 1094 000f 12000000 		.4byte	.LFE37
 1095 0013 0400     		.2byte	0x4
 1096 0015 F3       		.byte	0xf3
 1097 0016 01       		.uleb128 0x1
 1098 0017 50       		.byte	0x50
 1099 0018 9F       		.byte	0x9f
 1100 0019 00000000 		.4byte	0
 1101 001d 00000000 		.4byte	0
 1102              	.LLST1:
 1103 0021 00000000 		.4byte	.LVL4
 1104 0025 07000000 		.4byte	.LVL5-1
 1105 0029 0100     		.2byte	0x1
 1106 002b 50       		.byte	0x50
 1107 002c 07000000 		.4byte	.LVL5-1
 1108 0030 30000000 		.4byte	.LFE38
 1109 0034 0400     		.2byte	0x4
 1110 0036 F3       		.byte	0xf3
 1111 0037 01       		.uleb128 0x1
 1112 0038 50       		.byte	0x50
 1113 0039 9F       		.byte	0x9f
 1114 003a 00000000 		.4byte	0
 1115 003e 00000000 		.4byte	0
 1116              	.LLST2:
 1117 0042 00000000 		.4byte	.LVL4
 1118 0046 07000000 		.4byte	.LVL5-1
 1119 004a 0100     		.2byte	0x1
 1120 004c 51       		.byte	0x51
 1121 004d 07000000 		.4byte	.LVL5-1
 1122 0051 30000000 		.4byte	.LFE38
 1123 0055 0400     		.2byte	0x4
 1124 0057 F3       		.byte	0xf3
 1125 0058 01       		.uleb128 0x1
 1126 0059 51       		.byte	0x51
 1127 005a 9F       		.byte	0x9f
 1128 005b 00000000 		.4byte	0
 1129 005f 00000000 		.4byte	0
 1130              	.LLST3:
 1131 0063 00000000 		.4byte	.LVL4
 1132 0067 07000000 		.4byte	.LVL5-1
 1133 006b 0100     		.2byte	0x1
 1134 006d 52       		.byte	0x52
ARM GAS  C:\Users\Phuong\AppData\Local\Temp\ccA6qjKe.s 			page 22


 1135 006e 07000000 		.4byte	.LVL5-1
 1136 0072 30000000 		.4byte	.LFE38
 1137 0076 0400     		.2byte	0x4
 1138 0078 F3       		.byte	0xf3
 1139 0079 01       		.uleb128 0x1
 1140 007a 52       		.byte	0x52
 1141 007b 9F       		.byte	0x9f
 1142 007c 00000000 		.4byte	0
 1143 0080 00000000 		.4byte	0
 1144              	.LLST4:
 1145 0084 0A000000 		.4byte	.LVL6
 1146 0088 1C000000 		.4byte	.LVL7
 1147 008c 0100     		.2byte	0x1
 1148 008e 50       		.byte	0x50
 1149 008f 1C000000 		.4byte	.LVL7
 1150 0093 22000000 		.4byte	.LVL9
 1151 0097 0100     		.2byte	0x1
 1152 0099 54       		.byte	0x54
 1153 009a 00000000 		.4byte	0
 1154 009e 00000000 		.4byte	0
 1155              	.LLST5:
 1156 00a2 00000000 		.4byte	.LVL10
 1157 00a6 07000000 		.4byte	.LVL11-1
 1158 00aa 0100     		.2byte	0x1
 1159 00ac 50       		.byte	0x50
 1160 00ad 07000000 		.4byte	.LVL11-1
 1161 00b1 34000000 		.4byte	.LFE39
 1162 00b5 0400     		.2byte	0x4
 1163 00b7 F3       		.byte	0xf3
 1164 00b8 01       		.uleb128 0x1
 1165 00b9 50       		.byte	0x50
 1166 00ba 9F       		.byte	0x9f
 1167 00bb 00000000 		.4byte	0
 1168 00bf 00000000 		.4byte	0
 1169              	.LLST6:
 1170 00c3 00000000 		.4byte	.LVL10
 1171 00c7 07000000 		.4byte	.LVL11-1
 1172 00cb 0100     		.2byte	0x1
 1173 00cd 51       		.byte	0x51
 1174 00ce 07000000 		.4byte	.LVL11-1
 1175 00d2 34000000 		.4byte	.LFE39
 1176 00d6 0400     		.2byte	0x4
 1177 00d8 F3       		.byte	0xf3
 1178 00d9 01       		.uleb128 0x1
 1179 00da 51       		.byte	0x51
 1180 00db 9F       		.byte	0x9f
 1181 00dc 00000000 		.4byte	0
 1182 00e0 00000000 		.4byte	0
 1183              	.LLST7:
 1184 00e4 0A000000 		.4byte	.LVL12
 1185 00e8 1E000000 		.4byte	.LVL13
 1186 00ec 0100     		.2byte	0x1
 1187 00ee 50       		.byte	0x50
 1188 00ef 1E000000 		.4byte	.LVL13
 1189 00f3 24000000 		.4byte	.LVL15
 1190 00f7 0100     		.2byte	0x1
 1191 00f9 54       		.byte	0x54
ARM GAS  C:\Users\Phuong\AppData\Local\Temp\ccA6qjKe.s 			page 23


 1192 00fa 00000000 		.4byte	0
 1193 00fe 00000000 		.4byte	0
 1194              	.LLST8:
 1195 0102 00000000 		.4byte	.LVL16
 1196 0106 07000000 		.4byte	.LVL17-1
 1197 010a 0100     		.2byte	0x1
 1198 010c 50       		.byte	0x50
 1199 010d 07000000 		.4byte	.LVL17-1
 1200 0111 30000000 		.4byte	.LFE40
 1201 0115 0400     		.2byte	0x4
 1202 0117 F3       		.byte	0xf3
 1203 0118 01       		.uleb128 0x1
 1204 0119 50       		.byte	0x50
 1205 011a 9F       		.byte	0x9f
 1206 011b 00000000 		.4byte	0
 1207 011f 00000000 		.4byte	0
 1208              	.LLST9:
 1209 0123 0A000000 		.4byte	.LVL18
 1210 0127 1E000000 		.4byte	.LVL19
 1211 012b 0100     		.2byte	0x1
 1212 012d 50       		.byte	0x50
 1213 012e 1E000000 		.4byte	.LVL19
 1214 0132 22000000 		.4byte	.LVL21
 1215 0136 0100     		.2byte	0x1
 1216 0138 54       		.byte	0x54
 1217 0139 00000000 		.4byte	0
 1218 013d 00000000 		.4byte	0
 1219              		.section	.debug_aranges,"",%progbits
 1220 0000 34000000 		.4byte	0x34
 1221 0004 0200     		.2byte	0x2
 1222 0006 00000000 		.4byte	.Ldebug_info0
 1223 000a 04       		.byte	0x4
 1224 000b 00       		.byte	0
 1225 000c 0000     		.2byte	0
 1226 000e 0000     		.2byte	0
 1227 0010 00000000 		.4byte	.LFB37
 1228 0014 12000000 		.4byte	.LFE37-.LFB37
 1229 0018 00000000 		.4byte	.LFB38
 1230 001c 30000000 		.4byte	.LFE38-.LFB38
 1231 0020 00000000 		.4byte	.LFB39
 1232 0024 34000000 		.4byte	.LFE39-.LFB39
 1233 0028 00000000 		.4byte	.LFB40
 1234 002c 30000000 		.4byte	.LFE40-.LFB40
 1235 0030 00000000 		.4byte	0
 1236 0034 00000000 		.4byte	0
 1237              		.section	.debug_ranges,"",%progbits
 1238              	.Ldebug_ranges0:
 1239 0000 00000000 		.4byte	.LFB37
 1240 0004 12000000 		.4byte	.LFE37
 1241 0008 00000000 		.4byte	.LFB38
 1242 000c 30000000 		.4byte	.LFE38
 1243 0010 00000000 		.4byte	.LFB39
 1244 0014 34000000 		.4byte	.LFE39
 1245 0018 00000000 		.4byte	.LFB40
 1246 001c 30000000 		.4byte	.LFE40
 1247 0020 00000000 		.4byte	0
 1248 0024 00000000 		.4byte	0
ARM GAS  C:\Users\Phuong\AppData\Local\Temp\ccA6qjKe.s 			page 24


 1249              		.section	.debug_line,"",%progbits
 1250              	.Ldebug_line0:
 1251 0000 38010000 		.section	.debug_str,"MS",%progbits,1
 1251      0200D900 
 1251      00000201 
 1251      FB0E0D00 
 1251      01010101 
 1252              	.LASF37:
 1253 0000 786C6F67 		.ascii	"xlogging_get_log_function\000"
 1253      67696E67 
 1253      5F676574 
 1253      5F6C6F67 
 1253      5F66756E 
 1254              	.LASF16:
 1255 001a 4C4F4747 		.ascii	"LOGGER_LOG\000"
 1255      45525F4C 
 1255      4F4700
 1256              	.LASF21:
 1257 0025 54485245 		.ascii	"THREADAPI_INVALID_ARG\000"
 1257      41444150 
 1257      495F494E 
 1257      56414C49 
 1257      445F4152 
 1258              	.LASF33:
 1259 003b 5F5F6675 		.ascii	"__func__\000"
 1259      6E635F5F 
 1259      00
 1260              	.LASF26:
 1261 0044 666C6F61 		.ascii	"float\000"
 1261      7400
 1262              	.LASF14:
 1263 004a 415A5F4C 		.ascii	"AZ_LOG_TRACE\000"
 1263      4F475F54 
 1263      52414345 
 1263      00
 1264              	.LASF5:
 1265 0057 6C6F6E67 		.ascii	"long unsigned int\000"
 1265      20756E73 
 1265      69676E65 
 1265      6420696E 
 1265      7400
 1266              	.LASF18:
 1267 0069 4C4F475F 		.ascii	"LOG_CATEGORY_TAG\000"
 1267      43415445 
 1267      474F5259 
 1267      5F544147 
 1267      00
 1268              	.LASF3:
 1269 007a 73686F72 		.ascii	"short unsigned int\000"
 1269      7420756E 
 1269      7369676E 
 1269      65642069 
 1269      6E7400
 1270              	.LASF22:
 1271 008d 54485245 		.ascii	"THREADAPI_NO_MEMORY\000"
 1271      41444150 
 1271      495F4E4F 
ARM GAS  C:\Users\Phuong\AppData\Local\Temp\ccA6qjKe.s 			page 25


 1271      5F4D454D 
 1271      4F525900 
 1272              	.LASF39:
 1273 00a1 536F7572 		.ascii	"Source\\azure_iot_sdk\\c-utility\\pal\\freertos\\th"
 1273      63655C61 
 1273      7A757265 
 1273      5F696F74 
 1273      5F73646B 
 1274 00cf 72656164 		.ascii	"readapi.c\000"
 1274      6170692E 
 1274      6300
 1275              	.LASF1:
 1276 00d9 756E7369 		.ascii	"unsigned char\000"
 1276      676E6564 
 1276      20636861 
 1276      7200
 1277              	.LASF27:
 1278 00e7 646F7562 		.ascii	"double\000"
 1278      6C6500
 1279              	.LASF30:
 1280 00ee 66756E63 		.ascii	"func\000"
 1280      00
 1281              	.LASF19:
 1282 00f3 54485245 		.ascii	"THREADAPI_RESULT_TAG\000"
 1282      41444150 
 1282      495F5245 
 1282      53554C54 
 1282      5F544147 
 1283              	.LASF8:
 1284 0108 756E7369 		.ascii	"unsigned int\000"
 1284      676E6564 
 1284      20696E74 
 1284      00
 1285              	.LASF40:
 1286 0115 433A5C55 		.ascii	"C:\\Users\\Phuong\\Documents\\PSoC Creator\\Dec0820"
 1286      73657273 
 1286      5C506875 
 1286      6F6E675C 
 1286      446F6375 
 1287 0143 31385C69 		.ascii	"18\\iot-sdk-iot-dev\\PSOC6_FreeRTOS+LwIP+MbedTLS_Az"
 1287      6F742D73 
 1287      646B2D69 
 1287      6F742D64 
 1287      65765C50 
 1288 0174 7572652D 		.ascii	"ure-IOT-Hub-Demo\\PSOC6_FreeRTOS+LwIP+MbedTLS_Azure"
 1288      494F542D 
 1288      4875622D 
 1288      44656D6F 
 1288      5C50534F 
 1289 01a6 2D494F54 		.ascii	"-IOT-Hub-Demo.cydsn\000"
 1289      2D487562 
 1289      2D44656D 
 1289      6F2E6379 
 1289      64736E00 
 1290              	.LASF7:
 1291 01ba 6C6F6E67 		.ascii	"long long unsigned int\000"
 1291      206C6F6E 
ARM GAS  C:\Users\Phuong\AppData\Local\Temp\ccA6qjKe.s 			page 26


 1291      6720756E 
 1291      7369676E 
 1291      65642069 
 1292              	.LASF31:
 1293 01d1 54687265 		.ascii	"ThreadAPI_Create\000"
 1293      61644150 
 1293      495F4372 
 1293      65617465 
 1293      00
 1294              	.LASF23:
 1295 01e2 54485245 		.ascii	"THREADAPI_ERROR\000"
 1295      41444150 
 1295      495F4552 
 1295      524F5200 
 1296              	.LASF29:
 1297 01f2 74687265 		.ascii	"threadHandle\000"
 1297      61644861 
 1297      6E646C65 
 1297      00
 1298              	.LASF28:
 1299 01ff 6D696C6C 		.ascii	"milliseconds\000"
 1299      69736563 
 1299      6F6E6473 
 1299      00
 1300              	.LASF17:
 1301 020c 54485245 		.ascii	"THREAD_START_FUNC\000"
 1301      41445F53 
 1301      54415254 
 1301      5F46554E 
 1301      4300
 1302              	.LASF32:
 1303 021e 54687265 		.ascii	"ThreadAPI_Join\000"
 1303      61644150 
 1303      495F4A6F 
 1303      696E00
 1304              	.LASF10:
 1305 022d 73697A65 		.ascii	"sizetype\000"
 1305      74797065 
 1305      00
 1306              	.LASF6:
 1307 0236 6C6F6E67 		.ascii	"long long int\000"
 1307      206C6F6E 
 1307      6720696E 
 1307      7400
 1308              	.LASF25:
 1309 0244 54485245 		.ascii	"THREAD_HANDLE\000"
 1309      41445F48 
 1309      414E444C 
 1309      4500
 1310              	.LASF11:
 1311 0252 63686172 		.ascii	"char\000"
 1311      00
 1312              	.LASF24:
 1313 0257 54485245 		.ascii	"THREADAPI_RESULT\000"
 1313      41444150 
 1313      495F5245 
 1313      53554C54 
ARM GAS  C:\Users\Phuong\AppData\Local\Temp\ccA6qjKe.s 			page 27


 1313      00
 1314              	.LASF20:
 1315 0268 54485245 		.ascii	"THREADAPI_OK\000"
 1315      41444150 
 1315      495F4F4B 
 1315      00
 1316              	.LASF35:
 1317 0275 54687265 		.ascii	"ThreadAPI_Exit\000"
 1317      61644150 
 1317      495F4578 
 1317      697400
 1318              	.LASF2:
 1319 0284 73686F72 		.ascii	"short int\000"
 1319      7420696E 
 1319      7400
 1320              	.LASF13:
 1321 028e 415A5F4C 		.ascii	"AZ_LOG_INFO\000"
 1321      4F475F49 
 1321      4E464F00 
 1322              	.LASF4:
 1323 029a 6C6F6E67 		.ascii	"long int\000"
 1323      20696E74 
 1323      00
 1324              	.LASF36:
 1325 02a3 76546173 		.ascii	"vTaskDelay\000"
 1325      6B44656C 
 1325      617900
 1326              	.LASF9:
 1327 02ae 6C6F6E67 		.ascii	"long double\000"
 1327      20646F75 
 1327      626C6500 
 1328              	.LASF38:
 1329 02ba 474E5520 		.ascii	"GNU C11 5.4.1 20160609 (release) [ARM/embedded-5-br"
 1329      43313120 
 1329      352E342E 
 1329      31203230 
 1329      31363036 
 1330 02ed 616E6368 		.ascii	"anch revision 237715] -mcpu=cortex-m0plus -mthumb -"
 1330      20726576 
 1330      6973696F 
 1330      6E203233 
 1330      37373135 
 1331 0320 67202D4F 		.ascii	"g -Og -ffunction-sections -ffat-lto-objects\000"
 1331      67202D66 
 1331      66756E63 
 1331      74696F6E 
 1331      2D736563 
 1332              	.LASF0:
 1333 034c 7369676E 		.ascii	"signed char\000"
 1333      65642063 
 1333      68617200 
 1334              	.LASF34:
 1335 0358 54687265 		.ascii	"ThreadAPI_Sleep\000"
 1335      61644150 
 1335      495F536C 
 1335      65657000 
 1336              	.LASF15:
ARM GAS  C:\Users\Phuong\AppData\Local\Temp\ccA6qjKe.s 			page 28


 1337 0368 4C4F475F 		.ascii	"LOG_CATEGORY\000"
 1337      43415445 
 1337      474F5259 
 1337      00
 1338              	.LASF12:
 1339 0375 415A5F4C 		.ascii	"AZ_LOG_ERROR\000"
 1339      4F475F45 
 1339      52524F52 
 1339      00
 1340              		.ident	"GCC: (GNU Tools for ARM Embedded Processors) 5.4.1 20160609 (release) [ARM/embedded-5-bran
