ARM GAS  C:\Users\Phuong\AppData\Local\Temp\cchesVop.s 			page 1


   1              		.syntax unified
   2              		.cpu cortex-m0plus
   3              		.fpu softvfp
   4              		.eabi_attribute 20, 1
   5              		.eabi_attribute 21, 1
   6              		.eabi_attribute 23, 3
   7              		.eabi_attribute 24, 1
   8              		.eabi_attribute 25, 1
   9              		.eabi_attribute 26, 1
  10              		.eabi_attribute 30, 1
  11              		.eabi_attribute 34, 0
  12              		.eabi_attribute 18, 4
  13              		.thumb
  14              		.syntax unified
  15              		.file	"tickcounter.c"
  16              		.text
  17              	.Ltext0:
  18              		.cfi_sections	.debug_frame
  19              		.section	.text.tickcounter_create,"ax",%progbits
  20              		.align	2
  21              		.global	tickcounter_create
  22              		.code	16
  23              		.thumb_func
  24              		.type	tickcounter_create, %function
  25              	tickcounter_create:
  26              	.LFB37:
  27              		.file 1 "Source\\azure_iot_sdk\\c-utility\\pal\\freertos\\tickcounter.c"
   1:Source\azure_iot_sdk\c-utility\pal\freertos/tickcounter.c **** // Copyright (c) Microsoft. All rights reserved.
   2:Source\azure_iot_sdk\c-utility\pal\freertos/tickcounter.c **** // Licensed under the MIT license. See LICENSE file in the project root for full license informatio
   3:Source\azure_iot_sdk\c-utility\pal\freertos/tickcounter.c **** 
   4:Source\azure_iot_sdk\c-utility\pal\freertos/tickcounter.c **** #include <stdlib.h>
   5:Source\azure_iot_sdk\c-utility\pal\freertos/tickcounter.c **** #include "azure_c_shared_utility/gballoc.h"
   6:Source\azure_iot_sdk\c-utility\pal\freertos/tickcounter.c **** #include <stdint.h>
   7:Source\azure_iot_sdk\c-utility\pal\freertos/tickcounter.c **** #include <time.h>
   8:Source\azure_iot_sdk\c-utility\pal\freertos/tickcounter.c **** 
   9:Source\azure_iot_sdk\c-utility\pal\freertos/tickcounter.c **** /* Codes_SRS_TICKCOUNTER_FREERTOS_30_001: [ The tickcounter_freertos adapter shall use the followin
  10:Source\azure_iot_sdk\c-utility\pal\freertos/tickcounter.c **** /* Codes_SRS_TICKCOUNTER_FREERTOS_30_002: [ The tickcounter_freertos adapter shall implement the AP
  11:Source\azure_iot_sdk\c-utility\pal\freertos/tickcounter.c **** #include "azure_c_shared_utility/tickcounter.h"
  12:Source\azure_iot_sdk\c-utility\pal\freertos/tickcounter.c **** #include "azure_c_shared_utility/optimize_size.h"
  13:Source\azure_iot_sdk\c-utility\pal\freertos/tickcounter.c **** #include "azure_c_shared_utility/xlogging.h"
  14:Source\azure_iot_sdk\c-utility\pal\freertos/tickcounter.c **** 
  15:Source\azure_iot_sdk\c-utility\pal\freertos/tickcounter.c **** #include "FreeRTOS.h"
  16:Source\azure_iot_sdk\c-utility\pal\freertos/tickcounter.c **** #include "task.h"
  17:Source\azure_iot_sdk\c-utility\pal\freertos/tickcounter.c **** 
  18:Source\azure_iot_sdk\c-utility\pal\freertos/tickcounter.c **** typedef struct TICK_COUNTER_INSTANCE_TAG
  19:Source\azure_iot_sdk\c-utility\pal\freertos/tickcounter.c **** {
  20:Source\azure_iot_sdk\c-utility\pal\freertos/tickcounter.c ****     uint32_t original_tick_count;
  21:Source\azure_iot_sdk\c-utility\pal\freertos/tickcounter.c **** } TICK_COUNTER_INSTANCE;
  22:Source\azure_iot_sdk\c-utility\pal\freertos/tickcounter.c **** 
  23:Source\azure_iot_sdk\c-utility\pal\freertos/tickcounter.c **** TICK_COUNTER_HANDLE tickcounter_create(void)
  24:Source\azure_iot_sdk\c-utility\pal\freertos/tickcounter.c **** {
  28              		.loc 1 24 0
  29              		.cfi_startproc
  30              		@ args = 0, pretend = 0, frame = 0
  31              		@ frame_needed = 0, uses_anonymous_args = 0
  32 0000 30B5     		push	{r4, r5, lr}
  33              		.cfi_def_cfa_offset 12
ARM GAS  C:\Users\Phuong\AppData\Local\Temp\cchesVop.s 			page 2


  34              		.cfi_offset 4, -12
  35              		.cfi_offset 5, -8
  36              		.cfi_offset 14, -4
  37 0002 83B0     		sub	sp, sp, #12
  38              		.cfi_def_cfa_offset 24
  25:Source\azure_iot_sdk\c-utility\pal\freertos/tickcounter.c ****     /* Codes_SRS_TICKCOUNTER_FREERTOS_30_003: [ `tickcounter_create` shall allocate and initialize 
  26:Source\azure_iot_sdk\c-utility\pal\freertos/tickcounter.c ****     TICK_COUNTER_INSTANCE* result = (TICK_COUNTER_INSTANCE*)malloc(sizeof(TICK_COUNTER_INSTANCE));
  39              		.loc 1 26 0
  40 0004 0420     		movs	r0, #4
  41 0006 FFF7FEFF 		bl	malloc
  42              	.LVL0:
  43 000a 041E     		subs	r4, r0, #0
  44              	.LVL1:
  27:Source\azure_iot_sdk\c-utility\pal\freertos/tickcounter.c ****     if (result == NULL)
  45              		.loc 1 27 0
  46 000c 0DD1     		bne	.L2
  47              	.LBB2:
  28:Source\azure_iot_sdk\c-utility\pal\freertos/tickcounter.c ****     {
  29:Source\azure_iot_sdk\c-utility\pal\freertos/tickcounter.c ****         /* Codes_SRS_TICKCOUNTER_FREERTOS_30_004: [ If allocation of the internally-defined TICK_CO
  30:Source\azure_iot_sdk\c-utility\pal\freertos/tickcounter.c ****         LogError("Failed creating tick counter");
  48              		.loc 1 30 0 discriminator 3
  49 000e FFF7FEFF 		bl	xlogging_get_log_function
  50              	.LVL2:
  51 0012 051E     		subs	r5, r0, #0
  52              	.LVL3:
  53 0014 0CD0     		beq	.L3
  54              		.loc 1 30 0 is_stmt 0 discriminator 4
  55 0016 084B     		ldr	r3, .L4
  56 0018 0193     		str	r3, [sp, #4]
  57 001a 0123     		movs	r3, #1
  58 001c 0093     		str	r3, [sp]
  59 001e 1D33     		adds	r3, r3, #29
  60 0020 064A     		ldr	r2, .L4+4
  61 0022 0749     		ldr	r1, .L4+8
  62 0024 0020     		movs	r0, #0
  63              	.LVL4:
  64 0026 A847     		blx	r5
  65              	.LVL5:
  66 0028 02E0     		b	.L3
  67              	.LVL6:
  68              	.L2:
  69              	.LBE2:
  31:Source\azure_iot_sdk\c-utility\pal\freertos/tickcounter.c ****     }
  32:Source\azure_iot_sdk\c-utility\pal\freertos/tickcounter.c ****     else
  33:Source\azure_iot_sdk\c-utility\pal\freertos/tickcounter.c ****     {
  34:Source\azure_iot_sdk\c-utility\pal\freertos/tickcounter.c ****         // The FreeRTOS call xTaskGetTickCount has no failure path
  35:Source\azure_iot_sdk\c-utility\pal\freertos/tickcounter.c ****         // Store the initial tick count in order to meet these two requirements:
  36:Source\azure_iot_sdk\c-utility\pal\freertos/tickcounter.c ****         /* Codes_SRS_TICKCOUNTER_FREERTOS_30_009: [ tickcounter_get_current_ms shall set *current_m
  37:Source\azure_iot_sdk\c-utility\pal\freertos/tickcounter.c ****         /* Codes_SRS_TICKCOUNTER_FREERTOS_30_010: [ tickcounter_get_current_ms shall set *current_m
  38:Source\azure_iot_sdk\c-utility\pal\freertos/tickcounter.c ****         result->original_tick_count = xTaskGetTickCount();
  70              		.loc 1 38 0 is_stmt 1
  71 002a FFF7FEFF 		bl	xTaskGetTickCount
  72              	.LVL7:
  73 002e 2060     		str	r0, [r4]
  74              	.L3:
  39:Source\azure_iot_sdk\c-utility\pal\freertos/tickcounter.c ****     }
  40:Source\azure_iot_sdk\c-utility\pal\freertos/tickcounter.c ****     return result;
ARM GAS  C:\Users\Phuong\AppData\Local\Temp\cchesVop.s 			page 3


  41:Source\azure_iot_sdk\c-utility\pal\freertos/tickcounter.c **** }
  75              		.loc 1 41 0
  76 0030 2000     		movs	r0, r4
  77 0032 03B0     		add	sp, sp, #12
  78              		@ sp needed
  79              	.LVL8:
  80 0034 30BD     		pop	{r4, r5, pc}
  81              	.L5:
  82 0036 C046     		.align	2
  83              	.L4:
  84 0038 3C000000 		.word	.LC3
  85 003c 00000000 		.word	.LANCHOR0
  86 0040 00000000 		.word	.LC1
  87              		.cfi_endproc
  88              	.LFE37:
  89              		.size	tickcounter_create, .-tickcounter_create
  90              		.section	.text.tickcounter_destroy,"ax",%progbits
  91              		.align	2
  92              		.global	tickcounter_destroy
  93              		.code	16
  94              		.thumb_func
  95              		.type	tickcounter_destroy, %function
  96              	tickcounter_destroy:
  97              	.LFB38:
  42:Source\azure_iot_sdk\c-utility\pal\freertos/tickcounter.c **** 
  43:Source\azure_iot_sdk\c-utility\pal\freertos/tickcounter.c **** void tickcounter_destroy(TICK_COUNTER_HANDLE tick_counter)
  44:Source\azure_iot_sdk\c-utility\pal\freertos/tickcounter.c **** {
  98              		.loc 1 44 0
  99              		.cfi_startproc
 100              		@ args = 0, pretend = 0, frame = 0
 101              		@ frame_needed = 0, uses_anonymous_args = 0
 102              	.LVL9:
 103 0000 10B5     		push	{r4, lr}
 104              		.cfi_def_cfa_offset 8
 105              		.cfi_offset 4, -8
 106              		.cfi_offset 14, -4
  45:Source\azure_iot_sdk\c-utility\pal\freertos/tickcounter.c ****     /* Codes_SRS_TICKCOUNTER_FREERTOS_30_006: [ If the tick_counter parameter is NULL, tickcounter_
  46:Source\azure_iot_sdk\c-utility\pal\freertos/tickcounter.c ****     if (tick_counter != NULL)
 107              		.loc 1 46 0
 108 0002 0028     		cmp	r0, #0
 109 0004 01D0     		beq	.L6
  47:Source\azure_iot_sdk\c-utility\pal\freertos/tickcounter.c ****     {
  48:Source\azure_iot_sdk\c-utility\pal\freertos/tickcounter.c ****         /* Codes_SRS_TICKCOUNTER_FREERTOS_30_005: [ tickcounter_destroy shall delete the internally
  49:Source\azure_iot_sdk\c-utility\pal\freertos/tickcounter.c ****         free(tick_counter);
 110              		.loc 1 49 0
 111 0006 FFF7FEFF 		bl	free
 112              	.LVL10:
 113              	.L6:
  50:Source\azure_iot_sdk\c-utility\pal\freertos/tickcounter.c ****     }
  51:Source\azure_iot_sdk\c-utility\pal\freertos/tickcounter.c **** }
 114              		.loc 1 51 0
 115              		@ sp needed
 116 000a 10BD     		pop	{r4, pc}
 117              		.cfi_endproc
 118              	.LFE38:
 119              		.size	tickcounter_destroy, .-tickcounter_destroy
 120              		.global	__aeabi_ui2d
ARM GAS  C:\Users\Phuong\AppData\Local\Temp\cchesVop.s 			page 4


 121              		.global	__aeabi_dmul
 122              		.global	__aeabi_ddiv
 123              		.global	__aeabi_d2uiz
 124              		.section	.text.tickcounter_get_current_ms,"ax",%progbits
 125              		.align	2
 126              		.global	tickcounter_get_current_ms
 127              		.code	16
 128              		.thumb_func
 129              		.type	tickcounter_get_current_ms, %function
 130              	tickcounter_get_current_ms:
 131              	.LFB39:
  52:Source\azure_iot_sdk\c-utility\pal\freertos/tickcounter.c **** 
  53:Source\azure_iot_sdk\c-utility\pal\freertos/tickcounter.c **** int tickcounter_get_current_ms(TICK_COUNTER_HANDLE tick_counter, tickcounter_ms_t * current_ms)
  54:Source\azure_iot_sdk\c-utility\pal\freertos/tickcounter.c **** {
 132              		.loc 1 54 0
 133              		.cfi_startproc
 134              		@ args = 0, pretend = 0, frame = 0
 135              		@ frame_needed = 0, uses_anonymous_args = 0
 136              	.LVL11:
 137 0000 30B5     		push	{r4, r5, lr}
 138              		.cfi_def_cfa_offset 12
 139              		.cfi_offset 4, -12
 140              		.cfi_offset 5, -8
 141              		.cfi_offset 14, -4
 142 0002 83B0     		sub	sp, sp, #12
 143              		.cfi_def_cfa_offset 24
 144 0004 0400     		movs	r4, r0
 145 0006 0D00     		movs	r5, r1
  55:Source\azure_iot_sdk\c-utility\pal\freertos/tickcounter.c ****     int result;
  56:Source\azure_iot_sdk\c-utility\pal\freertos/tickcounter.c **** 
  57:Source\azure_iot_sdk\c-utility\pal\freertos/tickcounter.c ****     if (tick_counter == NULL || current_ms == NULL)
 146              		.loc 1 57 0
 147 0008 0028     		cmp	r0, #0
 148 000a 01D0     		beq	.L9
 149              		.loc 1 57 0 is_stmt 0 discriminator 1
 150 000c 0029     		cmp	r1, #0
 151 000e 0FD1     		bne	.L10
 152              	.L9:
 153              	.LBB3:
  58:Source\azure_iot_sdk\c-utility\pal\freertos/tickcounter.c ****     {
  59:Source\azure_iot_sdk\c-utility\pal\freertos/tickcounter.c ****         /* Codes_SRS_TICKCOUNTER_FREERTOS_30_007: [ If the tick_counter parameter is NULL, tickcoun
  60:Source\azure_iot_sdk\c-utility\pal\freertos/tickcounter.c ****         /* Codes_SRS_TICKCOUNTER_FREERTOS_30_008: [ If the current_ms parameter is NULL, tickcounte
  61:Source\azure_iot_sdk\c-utility\pal\freertos/tickcounter.c ****         LogError("Invalid Arguments.");
 154              		.loc 1 61 0 is_stmt 1 discriminator 3
 155 0010 FFF7FEFF 		bl	xlogging_get_log_function
 156              	.LVL12:
 157 0014 041E     		subs	r4, r0, #0
 158              	.LVL13:
 159 0016 1ED0     		beq	.L12
 160              		.loc 1 61 0 is_stmt 0 discriminator 4
 161 0018 104B     		ldr	r3, .L13
 162 001a 0193     		str	r3, [sp, #4]
 163 001c 0123     		movs	r3, #1
 164 001e 0093     		str	r3, [sp]
 165 0020 3C33     		adds	r3, r3, #60
 166 0022 0F4A     		ldr	r2, .L13+4
 167 0024 1432     		adds	r2, r2, #20
ARM GAS  C:\Users\Phuong\AppData\Local\Temp\cchesVop.s 			page 5


 168 0026 0F49     		ldr	r1, .L13+8
 169 0028 0020     		movs	r0, #0
 170              	.LVL14:
 171 002a A047     		blx	r4
 172              	.LVL15:
 173              	.LBE3:
  62:Source\azure_iot_sdk\c-utility\pal\freertos/tickcounter.c ****         result = __FAILURE__;
 174              		.loc 1 62 0 is_stmt 1 discriminator 4
 175 002c 3E20     		movs	r0, #62
 176 002e 13E0     		b	.L11
 177              	.LVL16:
 178              	.L10:
  63:Source\azure_iot_sdk\c-utility\pal\freertos/tickcounter.c ****     }
  64:Source\azure_iot_sdk\c-utility\pal\freertos/tickcounter.c ****     else
  65:Source\azure_iot_sdk\c-utility\pal\freertos/tickcounter.c ****     {
  66:Source\azure_iot_sdk\c-utility\pal\freertos/tickcounter.c ****         /* Codes_SRS_TICKCOUNTER_FREERTOS_30_009: [ tickcounter_get_current_ms shall set *current_m
  67:Source\azure_iot_sdk\c-utility\pal\freertos/tickcounter.c ****         /* Codes_SRS_TICKCOUNTER_FREERTOS_30_010: [ If the FreeRTOS call xTaskGetTickCount experien
  68:Source\azure_iot_sdk\c-utility\pal\freertos/tickcounter.c ****         *current_ms = (tickcounter_ms_t)(
  69:Source\azure_iot_sdk\c-utility\pal\freertos/tickcounter.c ****             // Subtraction of two uint32_t's followed by a cast to uint32_t
  70:Source\azure_iot_sdk\c-utility\pal\freertos/tickcounter.c ****             // ensures that the result remains valid until the real difference exceeds 32 bits.
  71:Source\azure_iot_sdk\c-utility\pal\freertos/tickcounter.c ****             ((uint32_t)(xTaskGetTickCount() - tick_counter->original_tick_count))
 179              		.loc 1 71 0
 180 0030 FFF7FEFF 		bl	xTaskGetTickCount
 181              	.LVL17:
 182 0034 2368     		ldr	r3, [r4]
 183 0036 C01A     		subs	r0, r0, r3
  72:Source\azure_iot_sdk\c-utility\pal\freertos/tickcounter.c ****             // Now that overflow behavior is ensured it is safe to scale. CONFIG_FREERTOS_HZ is typ
  73:Source\azure_iot_sdk\c-utility\pal\freertos/tickcounter.c ****             // equal to 1000 or less, so overflow won't happen until the 49.7 day limit
  74:Source\azure_iot_sdk\c-utility\pal\freertos/tickcounter.c ****             // of this call's effective uint32_t return value.
  75:Source\azure_iot_sdk\c-utility\pal\freertos/tickcounter.c ****             * 1000.0 / CONFIG_FREERTOS_HZ
 184              		.loc 1 75 0
 185 0038 FFF7FEFF 		bl	__aeabi_ui2d
 186              	.LVL18:
 187 003c 0022     		movs	r2, #0
 188 003e 0A4B     		ldr	r3, .L13+12
 189 0040 FFF7FEFF 		bl	__aeabi_dmul
 190              	.LVL19:
 191 0044 0022     		movs	r2, #0
 192 0046 084B     		ldr	r3, .L13+12
 193 0048 FFF7FEFF 		bl	__aeabi_ddiv
 194              	.LVL20:
  68:Source\azure_iot_sdk\c-utility\pal\freertos/tickcounter.c ****             // Subtraction of two uint32_t's followed by a cast to uint32_t
 195              		.loc 1 68 0
 196 004c FFF7FEFF 		bl	__aeabi_d2uiz
 197              	.LVL21:
 198 0050 2860     		str	r0, [r5]
 199              	.LVL22:
  76:Source\azure_iot_sdk\c-utility\pal\freertos/tickcounter.c ****             );
  77:Source\azure_iot_sdk\c-utility\pal\freertos/tickcounter.c ****         result = 0;
 200              		.loc 1 77 0
 201 0052 0020     		movs	r0, #0
 202 0054 00E0     		b	.L11
 203              	.LVL23:
 204              	.L12:
  62:Source\azure_iot_sdk\c-utility\pal\freertos/tickcounter.c ****     }
 205              		.loc 1 62 0
 206 0056 3E20     		movs	r0, #62
ARM GAS  C:\Users\Phuong\AppData\Local\Temp\cchesVop.s 			page 6


 207              	.LVL24:
 208              	.L11:
  78:Source\azure_iot_sdk\c-utility\pal\freertos/tickcounter.c ****     }
  79:Source\azure_iot_sdk\c-utility\pal\freertos/tickcounter.c **** 
  80:Source\azure_iot_sdk\c-utility\pal\freertos/tickcounter.c ****     return result;
  81:Source\azure_iot_sdk\c-utility\pal\freertos/tickcounter.c **** }
 209              		.loc 1 81 0
 210 0058 03B0     		add	sp, sp, #12
 211              		@ sp needed
 212              	.LVL25:
 213 005a 30BD     		pop	{r4, r5, pc}
 214              	.L14:
 215              		.align	2
 216              	.L13:
 217 005c 5C000000 		.word	.LC7
 218 0060 00000000 		.word	.LANCHOR0
 219 0064 00000000 		.word	.LC1
 220 0068 00408F40 		.word	1083129856
 221              		.cfi_endproc
 222              	.LFE39:
 223              		.size	tickcounter_get_current_ms, .-tickcounter_get_current_ms
 224              		.section	.rodata
 225              		.align	2
 226              		.set	.LANCHOR0,. + 0
 227              		.type	__func__.11345, %object
 228              		.size	__func__.11345, 19
 229              	__func__.11345:
 230 0000 7469636B 		.ascii	"tickcounter_create\000"
 230      636F756E 
 230      7465725F 
 230      63726561 
 230      746500
 231 0013 00       		.space	1
 232              		.type	__func__.11357, %object
 233              		.size	__func__.11357, 27
 234              	__func__.11357:
 235 0014 7469636B 		.ascii	"tickcounter_get_current_ms\000"
 235      636F756E 
 235      7465725F 
 235      6765745F 
 235      63757272 
 236              		.section	.rodata.str1.4,"aMS",%progbits,1
 237              		.align	2
 238              	.LC1:
 239 0000 536F7572 		.ascii	"Source\\azure_iot_sdk\\c-utility\\pal\\freertos\\ti"
 239      63655C61 
 239      7A757265 
 239      5F696F74 
 239      5F73646B 
 240 002e 636B636F 		.ascii	"ckcounter.c\000"
 240      756E7465 
 240      722E6300 
 241 003a 0000     		.space	2
 242              	.LC3:
 243 003c 4661696C 		.ascii	"Failed creating tick counter\000"
 243      65642063 
 243      72656174 
ARM GAS  C:\Users\Phuong\AppData\Local\Temp\cchesVop.s 			page 7


 243      696E6720 
 243      7469636B 
 244 0059 000000   		.space	3
 245              	.LC7:
 246 005c 496E7661 		.ascii	"Invalid Arguments.\000"
 246      6C696420 
 246      41726775 
 246      6D656E74 
 246      732E00
 247              		.text
 248              	.Letext0:
 249              		.file 2 "c:\\program files (x86)\\cypress\\psoc creator\\4.2\\psoc creator\\import\\gnu\\arm\\5.4.
 250              		.file 3 "c:\\program files (x86)\\cypress\\psoc creator\\4.2\\psoc creator\\import\\gnu\\arm\\5.4.
 251              		.file 4 "c:\\program files (x86)\\cypress\\psoc creator\\4.2\\psoc creator\\import\\gnu\\arm\\5.4.
 252              		.file 5 ".\\Source\\azure_iot_sdk\\c-utility\\inc/azure_c_shared_utility/tickcounter.h"
 253              		.file 6 ".\\Source\\azure_iot_sdk\\c-utility\\inc/azure_c_shared_utility/xlogging.h"
 254              		.file 7 "c:\\program files (x86)\\cypress\\psoc creator\\4.2\\psoc creator\\import\\gnu\\arm\\5.4.
 255              		.file 8 ".\\Source\\FreeRTOS\\10.0.1\\Source\\include/task.h"
 256              		.section	.debug_info,"",%progbits
 257              	.Ldebug_info0:
 258 0000 5A030000 		.4byte	0x35a
 259 0004 0400     		.2byte	0x4
 260 0006 00000000 		.4byte	.Ldebug_abbrev0
 261 000a 04       		.byte	0x4
 262 000b 01       		.uleb128 0x1
 263 000c A6020000 		.4byte	.LASF35
 264 0010 0C       		.byte	0xc
 265 0011 EE010000 		.4byte	.LASF36
 266 0015 2B010000 		.4byte	.LASF37
 267 0019 00000000 		.4byte	.Ldebug_ranges0+0
 268 001d 00000000 		.4byte	0
 269 0021 00000000 		.4byte	.Ldebug_line0
 270 0025 02       		.uleb128 0x2
 271 0026 04       		.byte	0x4
 272 0027 07       		.byte	0x7
 273 0028 1E010000 		.4byte	.LASF0
 274 002c 03       		.uleb128 0x3
 275 002d 04       		.byte	0x4
 276 002e 05       		.byte	0x5
 277 002f 696E7400 		.ascii	"int\000"
 278 0033 02       		.uleb128 0x2
 279 0034 08       		.byte	0x8
 280 0035 05       		.byte	0x5
 281 0036 36020000 		.4byte	.LASF1
 282 003a 02       		.uleb128 0x2
 283 003b 08       		.byte	0x8
 284 003c 04       		.byte	0x4
 285 003d 9A020000 		.4byte	.LASF2
 286 0041 02       		.uleb128 0x2
 287 0042 01       		.byte	0x1
 288 0043 06       		.byte	0x6
 289 0044 38030000 		.4byte	.LASF3
 290 0048 02       		.uleb128 0x2
 291 0049 01       		.byte	0x1
 292 004a 08       		.byte	0x8
 293 004b E6000000 		.4byte	.LASF4
 294 004f 02       		.uleb128 0x2
ARM GAS  C:\Users\Phuong\AppData\Local\Temp\cchesVop.s 			page 8


 295 0050 02       		.byte	0x2
 296 0051 05       		.byte	0x5
 297 0052 5C020000 		.4byte	.LASF5
 298 0056 02       		.uleb128 0x2
 299 0057 02       		.byte	0x2
 300 0058 07       		.byte	0x7
 301 0059 D3000000 		.4byte	.LASF6
 302 005d 02       		.uleb128 0x2
 303 005e 04       		.byte	0x4
 304 005f 05       		.byte	0x5
 305 0060 91020000 		.4byte	.LASF7
 306 0064 04       		.uleb128 0x4
 307 0065 FB000000 		.4byte	.LASF12
 308 0069 02       		.byte	0x2
 309 006a 41       		.byte	0x41
 310 006b 6F000000 		.4byte	0x6f
 311 006f 02       		.uleb128 0x2
 312 0070 04       		.byte	0x4
 313 0071 07       		.byte	0x7
 314 0072 B0000000 		.4byte	.LASF8
 315 0076 02       		.uleb128 0x2
 316 0077 08       		.byte	0x8
 317 0078 07       		.byte	0x7
 318 0079 D0010000 		.4byte	.LASF9
 319 007d 02       		.uleb128 0x2
 320 007e 04       		.byte	0x4
 321 007f 07       		.byte	0x7
 322 0080 28020000 		.4byte	.LASF10
 323 0084 02       		.uleb128 0x2
 324 0085 01       		.byte	0x1
 325 0086 08       		.byte	0x8
 326 0087 44020000 		.4byte	.LASF11
 327 008b 05       		.uleb128 0x5
 328 008c 04       		.byte	0x4
 329 008d 91000000 		.4byte	0x91
 330 0091 06       		.uleb128 0x6
 331 0092 84000000 		.4byte	0x84
 332 0096 04       		.uleb128 0x4
 333 0097 88020000 		.4byte	.LASF13
 334 009b 03       		.byte	0x3
 335 009c 30       		.byte	0x30
 336 009d 64000000 		.4byte	0x64
 337 00a1 04       		.uleb128 0x4
 338 00a2 8E000000 		.4byte	.LASF14
 339 00a6 04       		.byte	0x4
 340 00a7 48       		.byte	0x48
 341 00a8 25000000 		.4byte	0x25
 342 00ac 04       		.uleb128 0x4
 343 00ad 0D010000 		.4byte	.LASF15
 344 00b1 05       		.byte	0x5
 345 00b2 12       		.byte	0x12
 346 00b3 A1000000 		.4byte	0xa1
 347 00b7 04       		.uleb128 0x4
 348 00b8 4C000000 		.4byte	.LASF16
 349 00bc 05       		.byte	0x5
 350 00bd 15       		.byte	0x15
 351 00be C2000000 		.4byte	0xc2
ARM GAS  C:\Users\Phuong\AppData\Local\Temp\cchesVop.s 			page 9


 352 00c2 05       		.uleb128 0x5
 353 00c3 04       		.byte	0x4
 354 00c4 C8000000 		.4byte	0xc8
 355 00c8 07       		.uleb128 0x7
 356 00c9 25000000 		.4byte	.LASF38
 357 00cd 04       		.byte	0x4
 358 00ce 01       		.byte	0x1
 359 00cf 12       		.byte	0x12
 360 00d0 E1000000 		.4byte	0xe1
 361 00d4 08       		.uleb128 0x8
 362 00d5 7A000000 		.4byte	.LASF39
 363 00d9 01       		.byte	0x1
 364 00da 14       		.byte	0x14
 365 00db 96000000 		.4byte	0x96
 366 00df 00       		.byte	0
 367 00e0 00       		.byte	0
 368 00e1 09       		.uleb128 0x9
 369 00e2 C2000000 		.4byte	.LASF40
 370 00e6 01       		.byte	0x1
 371 00e7 48000000 		.4byte	0x48
 372 00eb 06       		.byte	0x6
 373 00ec 22       		.byte	0x22
 374 00ed 04010000 		.4byte	0x104
 375 00f1 0A       		.uleb128 0xa
 376 00f2 7E030000 		.4byte	.LASF17
 377 00f6 00       		.byte	0
 378 00f7 0A       		.uleb128 0xa
 379 00f8 7C020000 		.4byte	.LASF18
 380 00fc 01       		.byte	0x1
 381 00fd 0A       		.uleb128 0xa
 382 00fe 8B030000 		.4byte	.LASF19
 383 0102 02       		.byte	0x2
 384 0103 00       		.byte	0
 385 0104 04       		.uleb128 0x4
 386 0105 44030000 		.4byte	.LASF20
 387 0109 06       		.byte	0x6
 388 010a 27       		.byte	0x27
 389 010b E1000000 		.4byte	0xe1
 390 010f 04       		.uleb128 0x4
 391 0110 1A000000 		.4byte	.LASF21
 392 0114 06       		.byte	0x6
 393 0115 2F       		.byte	0x2f
 394 0116 1A010000 		.4byte	0x11a
 395 011a 05       		.uleb128 0x5
 396 011b 04       		.byte	0x4
 397 011c 20010000 		.4byte	0x120
 398 0120 0B       		.uleb128 0xb
 399 0121 45010000 		.4byte	0x145
 400 0125 0C       		.uleb128 0xc
 401 0126 04010000 		.4byte	0x104
 402 012a 0C       		.uleb128 0xc
 403 012b 8B000000 		.4byte	0x8b
 404 012f 0C       		.uleb128 0xc
 405 0130 8B000000 		.4byte	0x8b
 406 0134 0C       		.uleb128 0xc
 407 0135 2C000000 		.4byte	0x2c
 408 0139 0C       		.uleb128 0xc
ARM GAS  C:\Users\Phuong\AppData\Local\Temp\cchesVop.s 			page 10


 409 013a 25000000 		.4byte	0x25
 410 013e 0C       		.uleb128 0xc
 411 013f 8B000000 		.4byte	0x8b
 412 0143 0D       		.uleb128 0xd
 413 0144 00       		.byte	0
 414 0145 02       		.uleb128 0x2
 415 0146 04       		.byte	0x4
 416 0147 04       		.byte	0x4
 417 0148 74000000 		.4byte	.LASF22
 418 014c 02       		.uleb128 0x2
 419 014d 08       		.byte	0x8
 420 014e 04       		.byte	0x4
 421 014f F4000000 		.4byte	.LASF23
 422 0153 04       		.uleb128 0x4
 423 0154 66020000 		.4byte	.LASF24
 424 0158 01       		.byte	0x1
 425 0159 15       		.byte	0x15
 426 015a C8000000 		.4byte	0xc8
 427 015e 0E       		.uleb128 0xe
 428 015f 49020000 		.4byte	.LASF26
 429 0163 01       		.byte	0x1
 430 0164 17       		.byte	0x17
 431 0165 B7000000 		.4byte	0xb7
 432 0169 00000000 		.4byte	.LFB37
 433 016d 44000000 		.4byte	.LFE37-.LFB37
 434 0171 01       		.uleb128 0x1
 435 0172 9C       		.byte	0x9c
 436 0173 0B020000 		.4byte	0x20b
 437 0177 0F       		.uleb128 0xf
 438 0178 E7010000 		.4byte	.LASF25
 439 017c 01       		.byte	0x1
 440 017d 1A       		.byte	0x1a
 441 017e 0B020000 		.4byte	0x20b
 442 0182 00000000 		.4byte	.LLST0
 443 0186 10       		.uleb128 0x10
 444 0187 60000000 		.4byte	.LASF30
 445 018b 21020000 		.4byte	0x221
 446 018f 05       		.uleb128 0x5
 447 0190 03       		.byte	0x3
 448 0191 00000000 		.4byte	__func__.11345
 449 0195 11       		.uleb128 0x11
 450 0196 0E000000 		.4byte	.LBB2
 451 019a 1C000000 		.4byte	.LBE2-.LBB2
 452 019e EE010000 		.4byte	0x1ee
 453 01a2 12       		.uleb128 0x12
 454 01a3 6C00     		.ascii	"l\000"
 455 01a5 01       		.byte	0x1
 456 01a6 1E       		.byte	0x1e
 457 01a7 0F010000 		.4byte	0x10f
 458 01ab 3F000000 		.4byte	.LLST1
 459 01af 13       		.uleb128 0x13
 460 01b0 12000000 		.4byte	.LVL2
 461 01b4 30030000 		.4byte	0x330
 462 01b8 14       		.uleb128 0x14
 463 01b9 28000000 		.4byte	.LVL5
 464 01bd 02       		.uleb128 0x2
 465 01be 75       		.byte	0x75
ARM GAS  C:\Users\Phuong\AppData\Local\Temp\cchesVop.s 			page 11


 466 01bf 00       		.sleb128 0
 467 01c0 15       		.uleb128 0x15
 468 01c1 01       		.uleb128 0x1
 469 01c2 50       		.byte	0x50
 470 01c3 01       		.uleb128 0x1
 471 01c4 30       		.byte	0x30
 472 01c5 15       		.uleb128 0x15
 473 01c6 01       		.uleb128 0x1
 474 01c7 51       		.byte	0x51
 475 01c8 05       		.uleb128 0x5
 476 01c9 03       		.byte	0x3
 477 01ca 00000000 		.4byte	.LC1
 478 01ce 15       		.uleb128 0x15
 479 01cf 01       		.uleb128 0x1
 480 01d0 52       		.byte	0x52
 481 01d1 05       		.uleb128 0x5
 482 01d2 03       		.byte	0x3
 483 01d3 00000000 		.4byte	.LANCHOR0
 484 01d7 15       		.uleb128 0x15
 485 01d8 01       		.uleb128 0x1
 486 01d9 53       		.byte	0x53
 487 01da 01       		.uleb128 0x1
 488 01db 4E       		.byte	0x4e
 489 01dc 15       		.uleb128 0x15
 490 01dd 02       		.uleb128 0x2
 491 01de 7D       		.byte	0x7d
 492 01df 00       		.sleb128 0
 493 01e0 01       		.uleb128 0x1
 494 01e1 31       		.byte	0x31
 495 01e2 15       		.uleb128 0x15
 496 01e3 02       		.uleb128 0x2
 497 01e4 7D       		.byte	0x7d
 498 01e5 04       		.sleb128 4
 499 01e6 05       		.uleb128 0x5
 500 01e7 03       		.byte	0x3
 501 01e8 3C000000 		.4byte	.LC3
 502 01ec 00       		.byte	0
 503 01ed 00       		.byte	0
 504 01ee 16       		.uleb128 0x16
 505 01ef 0A000000 		.4byte	.LVL0
 506 01f3 3B030000 		.4byte	0x33b
 507 01f7 01020000 		.4byte	0x201
 508 01fb 15       		.uleb128 0x15
 509 01fc 01       		.uleb128 0x1
 510 01fd 50       		.byte	0x50
 511 01fe 01       		.uleb128 0x1
 512 01ff 34       		.byte	0x34
 513 0200 00       		.byte	0
 514 0201 13       		.uleb128 0x13
 515 0202 2E000000 		.4byte	.LVL7
 516 0206 46030000 		.4byte	0x346
 517 020a 00       		.byte	0
 518 020b 05       		.uleb128 0x5
 519 020c 04       		.byte	0x4
 520 020d 53010000 		.4byte	0x153
 521 0211 17       		.uleb128 0x17
 522 0212 91000000 		.4byte	0x91
ARM GAS  C:\Users\Phuong\AppData\Local\Temp\cchesVop.s 			page 12


 523 0216 21020000 		.4byte	0x221
 524 021a 18       		.uleb128 0x18
 525 021b 7D000000 		.4byte	0x7d
 526 021f 12       		.byte	0x12
 527 0220 00       		.byte	0
 528 0221 06       		.uleb128 0x6
 529 0222 11020000 		.4byte	0x211
 530 0226 19       		.uleb128 0x19
 531 0227 9C000000 		.4byte	.LASF41
 532 022b 01       		.byte	0x1
 533 022c 2B       		.byte	0x2b
 534 022d 00000000 		.4byte	.LFB38
 535 0231 0C000000 		.4byte	.LFE38-.LFB38
 536 0235 01       		.uleb128 0x1
 537 0236 9C       		.byte	0x9c
 538 0237 5C020000 		.4byte	0x25c
 539 023b 1A       		.uleb128 0x1a
 540 023c 3F000000 		.4byte	.LASF28
 541 0240 01       		.byte	0x1
 542 0241 2B       		.byte	0x2b
 543 0242 B7000000 		.4byte	0xb7
 544 0246 5D000000 		.4byte	.LLST2
 545 024a 1B       		.uleb128 0x1b
 546 024b 0A000000 		.4byte	.LVL10
 547 024f 52030000 		.4byte	0x352
 548 0253 15       		.uleb128 0x15
 549 0254 01       		.uleb128 0x1
 550 0255 50       		.byte	0x50
 551 0256 03       		.uleb128 0x3
 552 0257 F3       		.byte	0xf3
 553 0258 01       		.uleb128 0x1
 554 0259 50       		.byte	0x50
 555 025a 00       		.byte	0
 556 025b 00       		.byte	0
 557 025c 1C       		.uleb128 0x1c
 558 025d 51030000 		.4byte	.LASF27
 559 0261 01       		.byte	0x1
 560 0262 35       		.byte	0x35
 561 0263 2C000000 		.4byte	0x2c
 562 0267 00000000 		.4byte	.LFB39
 563 026b 6C000000 		.4byte	.LFE39-.LFB39
 564 026f 01       		.uleb128 0x1
 565 0270 9C       		.byte	0x9c
 566 0271 15030000 		.4byte	0x315
 567 0275 1A       		.uleb128 0x1a
 568 0276 3F000000 		.4byte	.LASF28
 569 027a 01       		.byte	0x1
 570 027b 35       		.byte	0x35
 571 027c B7000000 		.4byte	0xb7
 572 0280 7E000000 		.4byte	.LLST3
 573 0284 1A       		.uleb128 0x1a
 574 0285 69000000 		.4byte	.LASF29
 575 0289 01       		.byte	0x1
 576 028a 35       		.byte	0x35
 577 028b 15030000 		.4byte	0x315
 578 028f CE000000 		.4byte	.LLST4
 579 0293 0F       		.uleb128 0xf
ARM GAS  C:\Users\Phuong\AppData\Local\Temp\cchesVop.s 			page 13


 580 0294 E7010000 		.4byte	.LASF25
 581 0298 01       		.byte	0x1
 582 0299 37       		.byte	0x37
 583 029a 2C000000 		.4byte	0x2c
 584 029e 10010000 		.4byte	.LLST5
 585 02a2 10       		.uleb128 0x10
 586 02a3 60000000 		.4byte	.LASF30
 587 02a7 2B030000 		.4byte	0x32b
 588 02ab 05       		.uleb128 0x5
 589 02ac 03       		.byte	0x3
 590 02ad 14000000 		.4byte	__func__.11357
 591 02b1 11       		.uleb128 0x11
 592 02b2 10000000 		.4byte	.LBB3
 593 02b6 1C000000 		.4byte	.LBE3-.LBB3
 594 02ba 0B030000 		.4byte	0x30b
 595 02be 12       		.uleb128 0x12
 596 02bf 6C00     		.ascii	"l\000"
 597 02c1 01       		.byte	0x1
 598 02c2 3D       		.byte	0x3d
 599 02c3 0F010000 		.4byte	0x10f
 600 02c7 2F010000 		.4byte	.LLST6
 601 02cb 13       		.uleb128 0x13
 602 02cc 14000000 		.4byte	.LVL12
 603 02d0 30030000 		.4byte	0x330
 604 02d4 14       		.uleb128 0x14
 605 02d5 2C000000 		.4byte	.LVL15
 606 02d9 02       		.uleb128 0x2
 607 02da 74       		.byte	0x74
 608 02db 00       		.sleb128 0
 609 02dc 15       		.uleb128 0x15
 610 02dd 01       		.uleb128 0x1
 611 02de 50       		.byte	0x50
 612 02df 01       		.uleb128 0x1
 613 02e0 30       		.byte	0x30
 614 02e1 15       		.uleb128 0x15
 615 02e2 01       		.uleb128 0x1
 616 02e3 51       		.byte	0x51
 617 02e4 05       		.uleb128 0x5
 618 02e5 03       		.byte	0x3
 619 02e6 00000000 		.4byte	.LC1
 620 02ea 15       		.uleb128 0x15
 621 02eb 01       		.uleb128 0x1
 622 02ec 52       		.byte	0x52
 623 02ed 05       		.uleb128 0x5
 624 02ee 03       		.byte	0x3
 625 02ef 14000000 		.4byte	.LANCHOR0+20
 626 02f3 15       		.uleb128 0x15
 627 02f4 01       		.uleb128 0x1
 628 02f5 53       		.byte	0x53
 629 02f6 02       		.uleb128 0x2
 630 02f7 08       		.byte	0x8
 631 02f8 3D       		.byte	0x3d
 632 02f9 15       		.uleb128 0x15
 633 02fa 02       		.uleb128 0x2
 634 02fb 7D       		.byte	0x7d
 635 02fc 00       		.sleb128 0
 636 02fd 01       		.uleb128 0x1
ARM GAS  C:\Users\Phuong\AppData\Local\Temp\cchesVop.s 			page 14


 637 02fe 31       		.byte	0x31
 638 02ff 15       		.uleb128 0x15
 639 0300 02       		.uleb128 0x2
 640 0301 7D       		.byte	0x7d
 641 0302 04       		.sleb128 4
 642 0303 05       		.uleb128 0x5
 643 0304 03       		.byte	0x3
 644 0305 5C000000 		.4byte	.LC7
 645 0309 00       		.byte	0
 646 030a 00       		.byte	0
 647 030b 13       		.uleb128 0x13
 648 030c 34000000 		.4byte	.LVL17
 649 0310 46030000 		.4byte	0x346
 650 0314 00       		.byte	0
 651 0315 05       		.uleb128 0x5
 652 0316 04       		.byte	0x4
 653 0317 AC000000 		.4byte	0xac
 654 031b 17       		.uleb128 0x17
 655 031c 91000000 		.4byte	0x91
 656 0320 2B030000 		.4byte	0x32b
 657 0324 18       		.uleb128 0x18
 658 0325 7D000000 		.4byte	0x7d
 659 0329 1A       		.byte	0x1a
 660 032a 00       		.byte	0
 661 032b 06       		.uleb128 0x6
 662 032c 1B030000 		.4byte	0x31b
 663 0330 1D       		.uleb128 0x1d
 664 0331 00000000 		.4byte	.LASF31
 665 0335 00000000 		.4byte	.LASF31
 666 0339 06       		.byte	0x6
 667 033a 9D       		.byte	0x9d
 668 033b 1D       		.uleb128 0x1d
 669 033c 06010000 		.4byte	.LASF32
 670 0340 06010000 		.4byte	.LASF32
 671 0344 07       		.byte	0x7
 672 0345 64       		.byte	0x64
 673 0346 1E       		.uleb128 0x1e
 674 0347 6C030000 		.4byte	.LASF33
 675 034b 6C030000 		.4byte	.LASF33
 676 034f 08       		.byte	0x8
 677 0350 3E05     		.2byte	0x53e
 678 0352 1D       		.uleb128 0x1d
 679 0353 31020000 		.4byte	.LASF34
 680 0357 31020000 		.4byte	.LASF34
 681 035b 07       		.byte	0x7
 682 035c 59       		.byte	0x59
 683 035d 00       		.byte	0
 684              		.section	.debug_abbrev,"",%progbits
 685              	.Ldebug_abbrev0:
 686 0000 01       		.uleb128 0x1
 687 0001 11       		.uleb128 0x11
 688 0002 01       		.byte	0x1
 689 0003 25       		.uleb128 0x25
 690 0004 0E       		.uleb128 0xe
 691 0005 13       		.uleb128 0x13
 692 0006 0B       		.uleb128 0xb
 693 0007 03       		.uleb128 0x3
ARM GAS  C:\Users\Phuong\AppData\Local\Temp\cchesVop.s 			page 15


 694 0008 0E       		.uleb128 0xe
 695 0009 1B       		.uleb128 0x1b
 696 000a 0E       		.uleb128 0xe
 697 000b 55       		.uleb128 0x55
 698 000c 17       		.uleb128 0x17
 699 000d 11       		.uleb128 0x11
 700 000e 01       		.uleb128 0x1
 701 000f 10       		.uleb128 0x10
 702 0010 17       		.uleb128 0x17
 703 0011 00       		.byte	0
 704 0012 00       		.byte	0
 705 0013 02       		.uleb128 0x2
 706 0014 24       		.uleb128 0x24
 707 0015 00       		.byte	0
 708 0016 0B       		.uleb128 0xb
 709 0017 0B       		.uleb128 0xb
 710 0018 3E       		.uleb128 0x3e
 711 0019 0B       		.uleb128 0xb
 712 001a 03       		.uleb128 0x3
 713 001b 0E       		.uleb128 0xe
 714 001c 00       		.byte	0
 715 001d 00       		.byte	0
 716 001e 03       		.uleb128 0x3
 717 001f 24       		.uleb128 0x24
 718 0020 00       		.byte	0
 719 0021 0B       		.uleb128 0xb
 720 0022 0B       		.uleb128 0xb
 721 0023 3E       		.uleb128 0x3e
 722 0024 0B       		.uleb128 0xb
 723 0025 03       		.uleb128 0x3
 724 0026 08       		.uleb128 0x8
 725 0027 00       		.byte	0
 726 0028 00       		.byte	0
 727 0029 04       		.uleb128 0x4
 728 002a 16       		.uleb128 0x16
 729 002b 00       		.byte	0
 730 002c 03       		.uleb128 0x3
 731 002d 0E       		.uleb128 0xe
 732 002e 3A       		.uleb128 0x3a
 733 002f 0B       		.uleb128 0xb
 734 0030 3B       		.uleb128 0x3b
 735 0031 0B       		.uleb128 0xb
 736 0032 49       		.uleb128 0x49
 737 0033 13       		.uleb128 0x13
 738 0034 00       		.byte	0
 739 0035 00       		.byte	0
 740 0036 05       		.uleb128 0x5
 741 0037 0F       		.uleb128 0xf
 742 0038 00       		.byte	0
 743 0039 0B       		.uleb128 0xb
 744 003a 0B       		.uleb128 0xb
 745 003b 49       		.uleb128 0x49
 746 003c 13       		.uleb128 0x13
 747 003d 00       		.byte	0
 748 003e 00       		.byte	0
 749 003f 06       		.uleb128 0x6
 750 0040 26       		.uleb128 0x26
ARM GAS  C:\Users\Phuong\AppData\Local\Temp\cchesVop.s 			page 16


 751 0041 00       		.byte	0
 752 0042 49       		.uleb128 0x49
 753 0043 13       		.uleb128 0x13
 754 0044 00       		.byte	0
 755 0045 00       		.byte	0
 756 0046 07       		.uleb128 0x7
 757 0047 13       		.uleb128 0x13
 758 0048 01       		.byte	0x1
 759 0049 03       		.uleb128 0x3
 760 004a 0E       		.uleb128 0xe
 761 004b 0B       		.uleb128 0xb
 762 004c 0B       		.uleb128 0xb
 763 004d 3A       		.uleb128 0x3a
 764 004e 0B       		.uleb128 0xb
 765 004f 3B       		.uleb128 0x3b
 766 0050 0B       		.uleb128 0xb
 767 0051 01       		.uleb128 0x1
 768 0052 13       		.uleb128 0x13
 769 0053 00       		.byte	0
 770 0054 00       		.byte	0
 771 0055 08       		.uleb128 0x8
 772 0056 0D       		.uleb128 0xd
 773 0057 00       		.byte	0
 774 0058 03       		.uleb128 0x3
 775 0059 0E       		.uleb128 0xe
 776 005a 3A       		.uleb128 0x3a
 777 005b 0B       		.uleb128 0xb
 778 005c 3B       		.uleb128 0x3b
 779 005d 0B       		.uleb128 0xb
 780 005e 49       		.uleb128 0x49
 781 005f 13       		.uleb128 0x13
 782 0060 38       		.uleb128 0x38
 783 0061 0B       		.uleb128 0xb
 784 0062 00       		.byte	0
 785 0063 00       		.byte	0
 786 0064 09       		.uleb128 0x9
 787 0065 04       		.uleb128 0x4
 788 0066 01       		.byte	0x1
 789 0067 03       		.uleb128 0x3
 790 0068 0E       		.uleb128 0xe
 791 0069 0B       		.uleb128 0xb
 792 006a 0B       		.uleb128 0xb
 793 006b 49       		.uleb128 0x49
 794 006c 13       		.uleb128 0x13
 795 006d 3A       		.uleb128 0x3a
 796 006e 0B       		.uleb128 0xb
 797 006f 3B       		.uleb128 0x3b
 798 0070 0B       		.uleb128 0xb
 799 0071 01       		.uleb128 0x1
 800 0072 13       		.uleb128 0x13
 801 0073 00       		.byte	0
 802 0074 00       		.byte	0
 803 0075 0A       		.uleb128 0xa
 804 0076 28       		.uleb128 0x28
 805 0077 00       		.byte	0
 806 0078 03       		.uleb128 0x3
 807 0079 0E       		.uleb128 0xe
ARM GAS  C:\Users\Phuong\AppData\Local\Temp\cchesVop.s 			page 17


 808 007a 1C       		.uleb128 0x1c
 809 007b 0B       		.uleb128 0xb
 810 007c 00       		.byte	0
 811 007d 00       		.byte	0
 812 007e 0B       		.uleb128 0xb
 813 007f 15       		.uleb128 0x15
 814 0080 01       		.byte	0x1
 815 0081 27       		.uleb128 0x27
 816 0082 19       		.uleb128 0x19
 817 0083 01       		.uleb128 0x1
 818 0084 13       		.uleb128 0x13
 819 0085 00       		.byte	0
 820 0086 00       		.byte	0
 821 0087 0C       		.uleb128 0xc
 822 0088 05       		.uleb128 0x5
 823 0089 00       		.byte	0
 824 008a 49       		.uleb128 0x49
 825 008b 13       		.uleb128 0x13
 826 008c 00       		.byte	0
 827 008d 00       		.byte	0
 828 008e 0D       		.uleb128 0xd
 829 008f 18       		.uleb128 0x18
 830 0090 00       		.byte	0
 831 0091 00       		.byte	0
 832 0092 00       		.byte	0
 833 0093 0E       		.uleb128 0xe
 834 0094 2E       		.uleb128 0x2e
 835 0095 01       		.byte	0x1
 836 0096 3F       		.uleb128 0x3f
 837 0097 19       		.uleb128 0x19
 838 0098 03       		.uleb128 0x3
 839 0099 0E       		.uleb128 0xe
 840 009a 3A       		.uleb128 0x3a
 841 009b 0B       		.uleb128 0xb
 842 009c 3B       		.uleb128 0x3b
 843 009d 0B       		.uleb128 0xb
 844 009e 27       		.uleb128 0x27
 845 009f 19       		.uleb128 0x19
 846 00a0 49       		.uleb128 0x49
 847 00a1 13       		.uleb128 0x13
 848 00a2 11       		.uleb128 0x11
 849 00a3 01       		.uleb128 0x1
 850 00a4 12       		.uleb128 0x12
 851 00a5 06       		.uleb128 0x6
 852 00a6 40       		.uleb128 0x40
 853 00a7 18       		.uleb128 0x18
 854 00a8 9742     		.uleb128 0x2117
 855 00aa 19       		.uleb128 0x19
 856 00ab 01       		.uleb128 0x1
 857 00ac 13       		.uleb128 0x13
 858 00ad 00       		.byte	0
 859 00ae 00       		.byte	0
 860 00af 0F       		.uleb128 0xf
 861 00b0 34       		.uleb128 0x34
 862 00b1 00       		.byte	0
 863 00b2 03       		.uleb128 0x3
 864 00b3 0E       		.uleb128 0xe
ARM GAS  C:\Users\Phuong\AppData\Local\Temp\cchesVop.s 			page 18


 865 00b4 3A       		.uleb128 0x3a
 866 00b5 0B       		.uleb128 0xb
 867 00b6 3B       		.uleb128 0x3b
 868 00b7 0B       		.uleb128 0xb
 869 00b8 49       		.uleb128 0x49
 870 00b9 13       		.uleb128 0x13
 871 00ba 02       		.uleb128 0x2
 872 00bb 17       		.uleb128 0x17
 873 00bc 00       		.byte	0
 874 00bd 00       		.byte	0
 875 00be 10       		.uleb128 0x10
 876 00bf 34       		.uleb128 0x34
 877 00c0 00       		.byte	0
 878 00c1 03       		.uleb128 0x3
 879 00c2 0E       		.uleb128 0xe
 880 00c3 49       		.uleb128 0x49
 881 00c4 13       		.uleb128 0x13
 882 00c5 34       		.uleb128 0x34
 883 00c6 19       		.uleb128 0x19
 884 00c7 02       		.uleb128 0x2
 885 00c8 18       		.uleb128 0x18
 886 00c9 00       		.byte	0
 887 00ca 00       		.byte	0
 888 00cb 11       		.uleb128 0x11
 889 00cc 0B       		.uleb128 0xb
 890 00cd 01       		.byte	0x1
 891 00ce 11       		.uleb128 0x11
 892 00cf 01       		.uleb128 0x1
 893 00d0 12       		.uleb128 0x12
 894 00d1 06       		.uleb128 0x6
 895 00d2 01       		.uleb128 0x1
 896 00d3 13       		.uleb128 0x13
 897 00d4 00       		.byte	0
 898 00d5 00       		.byte	0
 899 00d6 12       		.uleb128 0x12
 900 00d7 34       		.uleb128 0x34
 901 00d8 00       		.byte	0
 902 00d9 03       		.uleb128 0x3
 903 00da 08       		.uleb128 0x8
 904 00db 3A       		.uleb128 0x3a
 905 00dc 0B       		.uleb128 0xb
 906 00dd 3B       		.uleb128 0x3b
 907 00de 0B       		.uleb128 0xb
 908 00df 49       		.uleb128 0x49
 909 00e0 13       		.uleb128 0x13
 910 00e1 02       		.uleb128 0x2
 911 00e2 17       		.uleb128 0x17
 912 00e3 00       		.byte	0
 913 00e4 00       		.byte	0
 914 00e5 13       		.uleb128 0x13
 915 00e6 898201   		.uleb128 0x4109
 916 00e9 00       		.byte	0
 917 00ea 11       		.uleb128 0x11
 918 00eb 01       		.uleb128 0x1
 919 00ec 31       		.uleb128 0x31
 920 00ed 13       		.uleb128 0x13
 921 00ee 00       		.byte	0
ARM GAS  C:\Users\Phuong\AppData\Local\Temp\cchesVop.s 			page 19


 922 00ef 00       		.byte	0
 923 00f0 14       		.uleb128 0x14
 924 00f1 898201   		.uleb128 0x4109
 925 00f4 01       		.byte	0x1
 926 00f5 11       		.uleb128 0x11
 927 00f6 01       		.uleb128 0x1
 928 00f7 9342     		.uleb128 0x2113
 929 00f9 18       		.uleb128 0x18
 930 00fa 00       		.byte	0
 931 00fb 00       		.byte	0
 932 00fc 15       		.uleb128 0x15
 933 00fd 8A8201   		.uleb128 0x410a
 934 0100 00       		.byte	0
 935 0101 02       		.uleb128 0x2
 936 0102 18       		.uleb128 0x18
 937 0103 9142     		.uleb128 0x2111
 938 0105 18       		.uleb128 0x18
 939 0106 00       		.byte	0
 940 0107 00       		.byte	0
 941 0108 16       		.uleb128 0x16
 942 0109 898201   		.uleb128 0x4109
 943 010c 01       		.byte	0x1
 944 010d 11       		.uleb128 0x11
 945 010e 01       		.uleb128 0x1
 946 010f 31       		.uleb128 0x31
 947 0110 13       		.uleb128 0x13
 948 0111 01       		.uleb128 0x1
 949 0112 13       		.uleb128 0x13
 950 0113 00       		.byte	0
 951 0114 00       		.byte	0
 952 0115 17       		.uleb128 0x17
 953 0116 01       		.uleb128 0x1
 954 0117 01       		.byte	0x1
 955 0118 49       		.uleb128 0x49
 956 0119 13       		.uleb128 0x13
 957 011a 01       		.uleb128 0x1
 958 011b 13       		.uleb128 0x13
 959 011c 00       		.byte	0
 960 011d 00       		.byte	0
 961 011e 18       		.uleb128 0x18
 962 011f 21       		.uleb128 0x21
 963 0120 00       		.byte	0
 964 0121 49       		.uleb128 0x49
 965 0122 13       		.uleb128 0x13
 966 0123 2F       		.uleb128 0x2f
 967 0124 0B       		.uleb128 0xb
 968 0125 00       		.byte	0
 969 0126 00       		.byte	0
 970 0127 19       		.uleb128 0x19
 971 0128 2E       		.uleb128 0x2e
 972 0129 01       		.byte	0x1
 973 012a 3F       		.uleb128 0x3f
 974 012b 19       		.uleb128 0x19
 975 012c 03       		.uleb128 0x3
 976 012d 0E       		.uleb128 0xe
 977 012e 3A       		.uleb128 0x3a
 978 012f 0B       		.uleb128 0xb
ARM GAS  C:\Users\Phuong\AppData\Local\Temp\cchesVop.s 			page 20


 979 0130 3B       		.uleb128 0x3b
 980 0131 0B       		.uleb128 0xb
 981 0132 27       		.uleb128 0x27
 982 0133 19       		.uleb128 0x19
 983 0134 11       		.uleb128 0x11
 984 0135 01       		.uleb128 0x1
 985 0136 12       		.uleb128 0x12
 986 0137 06       		.uleb128 0x6
 987 0138 40       		.uleb128 0x40
 988 0139 18       		.uleb128 0x18
 989 013a 9742     		.uleb128 0x2117
 990 013c 19       		.uleb128 0x19
 991 013d 01       		.uleb128 0x1
 992 013e 13       		.uleb128 0x13
 993 013f 00       		.byte	0
 994 0140 00       		.byte	0
 995 0141 1A       		.uleb128 0x1a
 996 0142 05       		.uleb128 0x5
 997 0143 00       		.byte	0
 998 0144 03       		.uleb128 0x3
 999 0145 0E       		.uleb128 0xe
 1000 0146 3A       		.uleb128 0x3a
 1001 0147 0B       		.uleb128 0xb
 1002 0148 3B       		.uleb128 0x3b
 1003 0149 0B       		.uleb128 0xb
 1004 014a 49       		.uleb128 0x49
 1005 014b 13       		.uleb128 0x13
 1006 014c 02       		.uleb128 0x2
 1007 014d 17       		.uleb128 0x17
 1008 014e 00       		.byte	0
 1009 014f 00       		.byte	0
 1010 0150 1B       		.uleb128 0x1b
 1011 0151 898201   		.uleb128 0x4109
 1012 0154 01       		.byte	0x1
 1013 0155 11       		.uleb128 0x11
 1014 0156 01       		.uleb128 0x1
 1015 0157 31       		.uleb128 0x31
 1016 0158 13       		.uleb128 0x13
 1017 0159 00       		.byte	0
 1018 015a 00       		.byte	0
 1019 015b 1C       		.uleb128 0x1c
 1020 015c 2E       		.uleb128 0x2e
 1021 015d 01       		.byte	0x1
 1022 015e 3F       		.uleb128 0x3f
 1023 015f 19       		.uleb128 0x19
 1024 0160 03       		.uleb128 0x3
 1025 0161 0E       		.uleb128 0xe
 1026 0162 3A       		.uleb128 0x3a
 1027 0163 0B       		.uleb128 0xb
 1028 0164 3B       		.uleb128 0x3b
 1029 0165 0B       		.uleb128 0xb
 1030 0166 27       		.uleb128 0x27
 1031 0167 19       		.uleb128 0x19
 1032 0168 49       		.uleb128 0x49
 1033 0169 13       		.uleb128 0x13
 1034 016a 11       		.uleb128 0x11
 1035 016b 01       		.uleb128 0x1
ARM GAS  C:\Users\Phuong\AppData\Local\Temp\cchesVop.s 			page 21


 1036 016c 12       		.uleb128 0x12
 1037 016d 06       		.uleb128 0x6
 1038 016e 40       		.uleb128 0x40
 1039 016f 18       		.uleb128 0x18
 1040 0170 9642     		.uleb128 0x2116
 1041 0172 19       		.uleb128 0x19
 1042 0173 01       		.uleb128 0x1
 1043 0174 13       		.uleb128 0x13
 1044 0175 00       		.byte	0
 1045 0176 00       		.byte	0
 1046 0177 1D       		.uleb128 0x1d
 1047 0178 2E       		.uleb128 0x2e
 1048 0179 00       		.byte	0
 1049 017a 3F       		.uleb128 0x3f
 1050 017b 19       		.uleb128 0x19
 1051 017c 3C       		.uleb128 0x3c
 1052 017d 19       		.uleb128 0x19
 1053 017e 6E       		.uleb128 0x6e
 1054 017f 0E       		.uleb128 0xe
 1055 0180 03       		.uleb128 0x3
 1056 0181 0E       		.uleb128 0xe
 1057 0182 3A       		.uleb128 0x3a
 1058 0183 0B       		.uleb128 0xb
 1059 0184 3B       		.uleb128 0x3b
 1060 0185 0B       		.uleb128 0xb
 1061 0186 00       		.byte	0
 1062 0187 00       		.byte	0
 1063 0188 1E       		.uleb128 0x1e
 1064 0189 2E       		.uleb128 0x2e
 1065 018a 00       		.byte	0
 1066 018b 3F       		.uleb128 0x3f
 1067 018c 19       		.uleb128 0x19
 1068 018d 3C       		.uleb128 0x3c
 1069 018e 19       		.uleb128 0x19
 1070 018f 6E       		.uleb128 0x6e
 1071 0190 0E       		.uleb128 0xe
 1072 0191 03       		.uleb128 0x3
 1073 0192 0E       		.uleb128 0xe
 1074 0193 3A       		.uleb128 0x3a
 1075 0194 0B       		.uleb128 0xb
 1076 0195 3B       		.uleb128 0x3b
 1077 0196 05       		.uleb128 0x5
 1078 0197 00       		.byte	0
 1079 0198 00       		.byte	0
 1080 0199 00       		.byte	0
 1081              		.section	.debug_loc,"",%progbits
 1082              	.Ldebug_loc0:
 1083              	.LLST0:
 1084 0000 0C000000 		.4byte	.LVL1
 1085 0004 11000000 		.4byte	.LVL2-1
 1086 0008 0100     		.2byte	0x1
 1087 000a 50       		.byte	0x50
 1088 000b 11000000 		.4byte	.LVL2-1
 1089 000f 2A000000 		.4byte	.LVL6
 1090 0013 0100     		.2byte	0x1
 1091 0015 54       		.byte	0x54
 1092 0016 2A000000 		.4byte	.LVL6
ARM GAS  C:\Users\Phuong\AppData\Local\Temp\cchesVop.s 			page 22


 1093 001a 2D000000 		.4byte	.LVL7-1
 1094 001e 0100     		.2byte	0x1
 1095 0020 50       		.byte	0x50
 1096 0021 2D000000 		.4byte	.LVL7-1
 1097 0025 34000000 		.4byte	.LVL8
 1098 0029 0100     		.2byte	0x1
 1099 002b 54       		.byte	0x54
 1100 002c 34000000 		.4byte	.LVL8
 1101 0030 44000000 		.4byte	.LFE37
 1102 0034 0100     		.2byte	0x1
 1103 0036 50       		.byte	0x50
 1104 0037 00000000 		.4byte	0
 1105 003b 00000000 		.4byte	0
 1106              	.LLST1:
 1107 003f 14000000 		.4byte	.LVL3
 1108 0043 26000000 		.4byte	.LVL4
 1109 0047 0100     		.2byte	0x1
 1110 0049 50       		.byte	0x50
 1111 004a 26000000 		.4byte	.LVL4
 1112 004e 2A000000 		.4byte	.LVL6
 1113 0052 0100     		.2byte	0x1
 1114 0054 55       		.byte	0x55
 1115 0055 00000000 		.4byte	0
 1116 0059 00000000 		.4byte	0
 1117              	.LLST2:
 1118 005d 00000000 		.4byte	.LVL9
 1119 0061 09000000 		.4byte	.LVL10-1
 1120 0065 0100     		.2byte	0x1
 1121 0067 50       		.byte	0x50
 1122 0068 09000000 		.4byte	.LVL10-1
 1123 006c 0C000000 		.4byte	.LFE38
 1124 0070 0400     		.2byte	0x4
 1125 0072 F3       		.byte	0xf3
 1126 0073 01       		.uleb128 0x1
 1127 0074 50       		.byte	0x50
 1128 0075 9F       		.byte	0x9f
 1129 0076 00000000 		.4byte	0
 1130 007a 00000000 		.4byte	0
 1131              	.LLST3:
 1132 007e 00000000 		.4byte	.LVL11
 1133 0082 13000000 		.4byte	.LVL12-1
 1134 0086 0100     		.2byte	0x1
 1135 0088 50       		.byte	0x50
 1136 0089 13000000 		.4byte	.LVL12-1
 1137 008d 16000000 		.4byte	.LVL13
 1138 0091 0100     		.2byte	0x1
 1139 0093 54       		.byte	0x54
 1140 0094 16000000 		.4byte	.LVL13
 1141 0098 30000000 		.4byte	.LVL16
 1142 009c 0400     		.2byte	0x4
 1143 009e F3       		.byte	0xf3
 1144 009f 01       		.uleb128 0x1
 1145 00a0 50       		.byte	0x50
 1146 00a1 9F       		.byte	0x9f
 1147 00a2 30000000 		.4byte	.LVL16
 1148 00a6 33000000 		.4byte	.LVL17-1
 1149 00aa 0100     		.2byte	0x1
ARM GAS  C:\Users\Phuong\AppData\Local\Temp\cchesVop.s 			page 23


 1150 00ac 50       		.byte	0x50
 1151 00ad 33000000 		.4byte	.LVL17-1
 1152 00b1 56000000 		.4byte	.LVL23
 1153 00b5 0100     		.2byte	0x1
 1154 00b7 54       		.byte	0x54
 1155 00b8 56000000 		.4byte	.LVL23
 1156 00bc 6C000000 		.4byte	.LFE39
 1157 00c0 0400     		.2byte	0x4
 1158 00c2 F3       		.byte	0xf3
 1159 00c3 01       		.uleb128 0x1
 1160 00c4 50       		.byte	0x50
 1161 00c5 9F       		.byte	0x9f
 1162 00c6 00000000 		.4byte	0
 1163 00ca 00000000 		.4byte	0
 1164              	.LLST4:
 1165 00ce 00000000 		.4byte	.LVL11
 1166 00d2 13000000 		.4byte	.LVL12-1
 1167 00d6 0100     		.2byte	0x1
 1168 00d8 51       		.byte	0x51
 1169 00d9 13000000 		.4byte	.LVL12-1
 1170 00dd 30000000 		.4byte	.LVL16
 1171 00e1 0100     		.2byte	0x1
 1172 00e3 55       		.byte	0x55
 1173 00e4 30000000 		.4byte	.LVL16
 1174 00e8 33000000 		.4byte	.LVL17-1
 1175 00ec 0100     		.2byte	0x1
 1176 00ee 51       		.byte	0x51
 1177 00ef 33000000 		.4byte	.LVL17-1
 1178 00f3 5A000000 		.4byte	.LVL25
 1179 00f7 0100     		.2byte	0x1
 1180 00f9 55       		.byte	0x55
 1181 00fa 5A000000 		.4byte	.LVL25
 1182 00fe 6C000000 		.4byte	.LFE39
 1183 0102 0400     		.2byte	0x4
 1184 0104 F3       		.byte	0xf3
 1185 0105 01       		.uleb128 0x1
 1186 0106 51       		.byte	0x51
 1187 0107 9F       		.byte	0x9f
 1188 0108 00000000 		.4byte	0
 1189 010c 00000000 		.4byte	0
 1190              	.LLST5:
 1191 0110 52000000 		.4byte	.LVL22
 1192 0114 56000000 		.4byte	.LVL23
 1193 0118 0200     		.2byte	0x2
 1194 011a 30       		.byte	0x30
 1195 011b 9F       		.byte	0x9f
 1196 011c 58000000 		.4byte	.LVL24
 1197 0120 6C000000 		.4byte	.LFE39
 1198 0124 0100     		.2byte	0x1
 1199 0126 50       		.byte	0x50
 1200 0127 00000000 		.4byte	0
 1201 012b 00000000 		.4byte	0
 1202              	.LLST6:
 1203 012f 16000000 		.4byte	.LVL13
 1204 0133 2A000000 		.4byte	.LVL14
 1205 0137 0100     		.2byte	0x1
 1206 0139 50       		.byte	0x50
ARM GAS  C:\Users\Phuong\AppData\Local\Temp\cchesVop.s 			page 24


 1207 013a 2A000000 		.4byte	.LVL14
 1208 013e 30000000 		.4byte	.LVL16
 1209 0142 0100     		.2byte	0x1
 1210 0144 54       		.byte	0x54
 1211 0145 56000000 		.4byte	.LVL23
 1212 0149 58000000 		.4byte	.LVL24
 1213 014d 0100     		.2byte	0x1
 1214 014f 50       		.byte	0x50
 1215 0150 00000000 		.4byte	0
 1216 0154 00000000 		.4byte	0
 1217              		.section	.debug_aranges,"",%progbits
 1218 0000 2C000000 		.4byte	0x2c
 1219 0004 0200     		.2byte	0x2
 1220 0006 00000000 		.4byte	.Ldebug_info0
 1221 000a 04       		.byte	0x4
 1222 000b 00       		.byte	0
 1223 000c 0000     		.2byte	0
 1224 000e 0000     		.2byte	0
 1225 0010 00000000 		.4byte	.LFB37
 1226 0014 44000000 		.4byte	.LFE37-.LFB37
 1227 0018 00000000 		.4byte	.LFB38
 1228 001c 0C000000 		.4byte	.LFE38-.LFB38
 1229 0020 00000000 		.4byte	.LFB39
 1230 0024 6C000000 		.4byte	.LFE39-.LFB39
 1231 0028 00000000 		.4byte	0
 1232 002c 00000000 		.4byte	0
 1233              		.section	.debug_ranges,"",%progbits
 1234              	.Ldebug_ranges0:
 1235 0000 00000000 		.4byte	.LFB37
 1236 0004 44000000 		.4byte	.LFE37
 1237 0008 00000000 		.4byte	.LFB38
 1238 000c 0C000000 		.4byte	.LFE38
 1239 0010 00000000 		.4byte	.LFB39
 1240 0014 6C000000 		.4byte	.LFE39
 1241 0018 00000000 		.4byte	0
 1242 001c 00000000 		.4byte	0
 1243              		.section	.debug_line,"",%progbits
 1244              	.Ldebug_line0:
 1245 0000 C9020000 		.section	.debug_str,"MS",%progbits,1
 1245      02005A02 
 1245      00000201 
 1245      FB0E0D00 
 1245      01010101 
 1246              	.LASF31:
 1247 0000 786C6F67 		.ascii	"xlogging_get_log_function\000"
 1247      67696E67 
 1247      5F676574 
 1247      5F6C6F67 
 1247      5F66756E 
 1248              	.LASF21:
 1249 001a 4C4F4747 		.ascii	"LOGGER_LOG\000"
 1249      45525F4C 
 1249      4F4700
 1250              	.LASF38:
 1251 0025 5449434B 		.ascii	"TICK_COUNTER_INSTANCE_TAG\000"
 1251      5F434F55 
 1251      4E544552 
ARM GAS  C:\Users\Phuong\AppData\Local\Temp\cchesVop.s 			page 25


 1251      5F494E53 
 1251      54414E43 
 1252              	.LASF28:
 1253 003f 7469636B 		.ascii	"tick_counter\000"
 1253      5F636F75 
 1253      6E746572 
 1253      00
 1254              	.LASF16:
 1255 004c 5449434B 		.ascii	"TICK_COUNTER_HANDLE\000"
 1255      5F434F55 
 1255      4E544552 
 1255      5F48414E 
 1255      444C4500 
 1256              	.LASF30:
 1257 0060 5F5F6675 		.ascii	"__func__\000"
 1257      6E635F5F 
 1257      00
 1258              	.LASF29:
 1259 0069 63757272 		.ascii	"current_ms\000"
 1259      656E745F 
 1259      6D7300
 1260              	.LASF22:
 1261 0074 666C6F61 		.ascii	"float\000"
 1261      7400
 1262              	.LASF39:
 1263 007a 6F726967 		.ascii	"original_tick_count\000"
 1263      696E616C 
 1263      5F746963 
 1263      6B5F636F 
 1263      756E7400 
 1264              	.LASF14:
 1265 008e 75696E74 		.ascii	"uint_fast32_t\000"
 1265      5F666173 
 1265      7433325F 
 1265      7400
 1266              	.LASF41:
 1267 009c 7469636B 		.ascii	"tickcounter_destroy\000"
 1267      636F756E 
 1267      7465725F 
 1267      64657374 
 1267      726F7900 
 1268              	.LASF8:
 1269 00b0 6C6F6E67 		.ascii	"long unsigned int\000"
 1269      20756E73 
 1269      69676E65 
 1269      6420696E 
 1269      7400
 1270              	.LASF40:
 1271 00c2 4C4F475F 		.ascii	"LOG_CATEGORY_TAG\000"
 1271      43415445 
 1271      474F5259 
 1271      5F544147 
 1271      00
 1272              	.LASF6:
 1273 00d3 73686F72 		.ascii	"short unsigned int\000"
 1273      7420756E 
 1273      7369676E 
ARM GAS  C:\Users\Phuong\AppData\Local\Temp\cchesVop.s 			page 26


 1273      65642069 
 1273      6E7400
 1274              	.LASF4:
 1275 00e6 756E7369 		.ascii	"unsigned char\000"
 1275      676E6564 
 1275      20636861 
 1275      7200
 1276              	.LASF23:
 1277 00f4 646F7562 		.ascii	"double\000"
 1277      6C6500
 1278              	.LASF12:
 1279 00fb 5F5F7569 		.ascii	"__uint32_t\000"
 1279      6E743332 
 1279      5F7400
 1280              	.LASF32:
 1281 0106 6D616C6C 		.ascii	"malloc\000"
 1281      6F6300
 1282              	.LASF15:
 1283 010d 7469636B 		.ascii	"tickcounter_ms_t\000"
 1283      636F756E 
 1283      7465725F 
 1283      6D735F74 
 1283      00
 1284              	.LASF0:
 1285 011e 756E7369 		.ascii	"unsigned int\000"
 1285      676E6564 
 1285      20696E74 
 1285      00
 1286              	.LASF37:
 1287 012b 433A5C55 		.ascii	"C:\\Users\\Phuong\\Documents\\PSoC Creator\\Dec0820"
 1287      73657273 
 1287      5C506875 
 1287      6F6E675C 
 1287      446F6375 
 1288 0159 31385C69 		.ascii	"18\\iot-sdk-iot-dev\\PSOC6_FreeRTOS+LwIP+MbedTLS_Az"
 1288      6F742D73 
 1288      646B2D69 
 1288      6F742D64 
 1288      65765C50 
 1289 018a 7572652D 		.ascii	"ure-IOT-Hub-Demo\\PSOC6_FreeRTOS+LwIP+MbedTLS_Azure"
 1289      494F542D 
 1289      4875622D 
 1289      44656D6F 
 1289      5C50534F 
 1290 01bc 2D494F54 		.ascii	"-IOT-Hub-Demo.cydsn\000"
 1290      2D487562 
 1290      2D44656D 
 1290      6F2E6379 
 1290      64736E00 
 1291              	.LASF9:
 1292 01d0 6C6F6E67 		.ascii	"long long unsigned int\000"
 1292      206C6F6E 
 1292      6720756E 
 1292      7369676E 
 1292      65642069 
 1293              	.LASF25:
 1294 01e7 72657375 		.ascii	"result\000"
ARM GAS  C:\Users\Phuong\AppData\Local\Temp\cchesVop.s 			page 27


 1294      6C7400
 1295              	.LASF36:
 1296 01ee 536F7572 		.ascii	"Source\\azure_iot_sdk\\c-utility\\pal\\freertos\\ti"
 1296      63655C61 
 1296      7A757265 
 1296      5F696F74 
 1296      5F73646B 
 1297 021c 636B636F 		.ascii	"ckcounter.c\000"
 1297      756E7465 
 1297      722E6300 
 1298              	.LASF10:
 1299 0228 73697A65 		.ascii	"sizetype\000"
 1299      74797065 
 1299      00
 1300              	.LASF34:
 1301 0231 66726565 		.ascii	"free\000"
 1301      00
 1302              	.LASF1:
 1303 0236 6C6F6E67 		.ascii	"long long int\000"
 1303      206C6F6E 
 1303      6720696E 
 1303      7400
 1304              	.LASF11:
 1305 0244 63686172 		.ascii	"char\000"
 1305      00
 1306              	.LASF26:
 1307 0249 7469636B 		.ascii	"tickcounter_create\000"
 1307      636F756E 
 1307      7465725F 
 1307      63726561 
 1307      746500
 1308              	.LASF5:
 1309 025c 73686F72 		.ascii	"short int\000"
 1309      7420696E 
 1309      7400
 1310              	.LASF24:
 1311 0266 5449434B 		.ascii	"TICK_COUNTER_INSTANCE\000"
 1311      5F434F55 
 1311      4E544552 
 1311      5F494E53 
 1311      54414E43 
 1312              	.LASF18:
 1313 027c 415A5F4C 		.ascii	"AZ_LOG_INFO\000"
 1313      4F475F49 
 1313      4E464F00 
 1314              	.LASF13:
 1315 0288 75696E74 		.ascii	"uint32_t\000"
 1315      33325F74 
 1315      00
 1316              	.LASF7:
 1317 0291 6C6F6E67 		.ascii	"long int\000"
 1317      20696E74 
 1317      00
 1318              	.LASF2:
 1319 029a 6C6F6E67 		.ascii	"long double\000"
 1319      20646F75 
 1319      626C6500 
ARM GAS  C:\Users\Phuong\AppData\Local\Temp\cchesVop.s 			page 28


 1320              	.LASF35:
 1321 02a6 474E5520 		.ascii	"GNU C11 5.4.1 20160609 (release) [ARM/embedded-5-br"
 1321      43313120 
 1321      352E342E 
 1321      31203230 
 1321      31363036 
 1322 02d9 616E6368 		.ascii	"anch revision 237715] -mcpu=cortex-m0plus -mthumb -"
 1322      20726576 
 1322      6973696F 
 1322      6E203233 
 1322      37373135 
 1323 030c 67202D4F 		.ascii	"g -Og -ffunction-sections -ffat-lto-objects\000"
 1323      67202D66 
 1323      66756E63 
 1323      74696F6E 
 1323      2D736563 
 1324              	.LASF3:
 1325 0338 7369676E 		.ascii	"signed char\000"
 1325      65642063 
 1325      68617200 
 1326              	.LASF20:
 1327 0344 4C4F475F 		.ascii	"LOG_CATEGORY\000"
 1327      43415445 
 1327      474F5259 
 1327      00
 1328              	.LASF27:
 1329 0351 7469636B 		.ascii	"tickcounter_get_current_ms\000"
 1329      636F756E 
 1329      7465725F 
 1329      6765745F 
 1329      63757272 
 1330              	.LASF33:
 1331 036c 78546173 		.ascii	"xTaskGetTickCount\000"
 1331      6B476574 
 1331      5469636B 
 1331      436F756E 
 1331      7400
 1332              	.LASF17:
 1333 037e 415A5F4C 		.ascii	"AZ_LOG_ERROR\000"
 1333      4F475F45 
 1333      52524F52 
 1333      00
 1334              	.LASF19:
 1335 038b 415A5F4C 		.ascii	"AZ_LOG_TRACE\000"
 1335      4F475F54 
 1335      52414345 
 1335      00
 1336              		.ident	"GCC: (GNU Tools for ARM Embedded Processors) 5.4.1 20160609 (release) [ARM/embedded-5-bran
