ARM GAS  C:\Users\Phuong\AppData\Local\Temp\ccERItZl.s 			page 1


   1              		.syntax unified
   2              		.cpu cortex-m0plus
   3              		.fpu softvfp
   4              		.eabi_attribute 20, 1
   5              		.eabi_attribute 21, 1
   6              		.eabi_attribute 23, 3
   7              		.eabi_attribute 24, 1
   8              		.eabi_attribute 25, 1
   9              		.eabi_attribute 26, 1
  10              		.eabi_attribute 30, 1
  11              		.eabi_attribute 34, 0
  12              		.eabi_attribute 18, 4
  13              		.thumb
  14              		.syntax unified
  15              		.file	"uniqueid_stub.c"
  16              		.text
  17              	.Ltext0:
  18              		.cfi_sections	.debug_frame
  19              		.section	.text.generate128BitUUID,"ax",%progbits
  20              		.align	2
  21              		.code	16
  22              		.thumb_func
  23              		.type	generate128BitUUID, %function
  24              	generate128BitUUID:
  25              	.LFB3:
  26              		.file 1 "Source\\azure_iot_sdk\\c-utility\\adapters\\uniqueid_stub.c"
   1:Source\azure_iot_sdk\c-utility\adapters/uniqueid_stub.c **** // Copyright (c) Microsoft. All rights reserved.
   2:Source\azure_iot_sdk\c-utility\adapters/uniqueid_stub.c **** // Licensed under the MIT license. See LICENSE file in the project root for full license informatio
   3:Source\azure_iot_sdk\c-utility\adapters/uniqueid_stub.c **** 
   4:Source\azure_iot_sdk\c-utility\adapters/uniqueid_stub.c **** #include <stdlib.h>
   5:Source\azure_iot_sdk\c-utility\adapters/uniqueid_stub.c **** #include <stdint.h>
   6:Source\azure_iot_sdk\c-utility\adapters/uniqueid_stub.c **** #include "azure_c_shared_utility/uniqueid.h"
   7:Source\azure_iot_sdk\c-utility\adapters/uniqueid_stub.c **** #include "azure_c_shared_utility/xlogging.h"
   8:Source\azure_iot_sdk\c-utility\adapters/uniqueid_stub.c **** #include <time.h>
   9:Source\azure_iot_sdk\c-utility\adapters/uniqueid_stub.c **** 
  10:Source\azure_iot_sdk\c-utility\adapters/uniqueid_stub.c **** DEFINE_ENUM_STRINGS(UNIQUEID_RESULT, UNIQUEID_RESULT_VALUES);
  11:Source\azure_iot_sdk\c-utility\adapters/uniqueid_stub.c **** 
  12:Source\azure_iot_sdk\c-utility\adapters/uniqueid_stub.c **** static const char tochar[] = { '0', '1', '2', '3', '4', '5', '6', '7', '8', '9', 'A', 'B', 'C', 'D'
  13:Source\azure_iot_sdk\c-utility\adapters/uniqueid_stub.c **** static void generate128BitUUID(unsigned char* arrayOfByte)
  14:Source\azure_iot_sdk\c-utility\adapters/uniqueid_stub.c **** {
  27              		.loc 1 14 0
  28              		.cfi_startproc
  29              		@ args = 0, pretend = 0, frame = 0
  30              		@ frame_needed = 0, uses_anonymous_args = 0
  31              	.LVL0:
  32 0000 70B5     		push	{r4, r5, r6, lr}
  33              		.cfi_def_cfa_offset 16
  34              		.cfi_offset 4, -16
  35              		.cfi_offset 5, -12
  36              		.cfi_offset 6, -8
  37              		.cfi_offset 14, -4
  38 0002 0600     		movs	r6, r0
  39              	.LVL1:
  15:Source\azure_iot_sdk\c-utility\adapters/uniqueid_stub.c ****     size_t arrayIndex;
  16:Source\azure_iot_sdk\c-utility\adapters/uniqueid_stub.c **** 
  17:Source\azure_iot_sdk\c-utility\adapters/uniqueid_stub.c ****     for (arrayIndex = 0; arrayIndex < 16; arrayIndex++)
  40              		.loc 1 17 0
ARM GAS  C:\Users\Phuong\AppData\Local\Temp\ccERItZl.s 			page 2


  41 0004 0024     		movs	r4, #0
  42 0006 04E0     		b	.L2
  43              	.LVL2:
  44              	.L3:
  18:Source\azure_iot_sdk\c-utility\adapters/uniqueid_stub.c ****     {
  19:Source\azure_iot_sdk\c-utility\adapters/uniqueid_stub.c ****         arrayOfByte[arrayIndex] = (unsigned char)rand();
  45              		.loc 1 19 0 discriminator 3
  46 0008 3519     		adds	r5, r6, r4
  47 000a FFF7FEFF 		bl	rand
  48              	.LVL3:
  49 000e 2870     		strb	r0, [r5]
  17:Source\azure_iot_sdk\c-utility\adapters/uniqueid_stub.c ****     {
  50              		.loc 1 17 0 discriminator 3
  51 0010 0134     		adds	r4, r4, #1
  52              	.LVL4:
  53              	.L2:
  17:Source\azure_iot_sdk\c-utility\adapters/uniqueid_stub.c ****     {
  54              		.loc 1 17 0 is_stmt 0 discriminator 1
  55 0012 0F2C     		cmp	r4, #15
  56 0014 F8D9     		bls	.L3
  20:Source\azure_iot_sdk\c-utility\adapters/uniqueid_stub.c ****     }
  21:Source\azure_iot_sdk\c-utility\adapters/uniqueid_stub.c **** 
  22:Source\azure_iot_sdk\c-utility\adapters/uniqueid_stub.c ****     //
  23:Source\azure_iot_sdk\c-utility\adapters/uniqueid_stub.c ****     // Stick in the version field for random uuid.
  24:Source\azure_iot_sdk\c-utility\adapters/uniqueid_stub.c ****     //
  25:Source\azure_iot_sdk\c-utility\adapters/uniqueid_stub.c ****     arrayOfByte[7] &= 0x0f; //clear the bit field
  57              		.loc 1 25 0 is_stmt 1
  58 0016 F379     		ldrb	r3, [r6, #7]
  59 0018 0F22     		movs	r2, #15
  60 001a 1340     		ands	r3, r2
  26:Source\azure_iot_sdk\c-utility\adapters/uniqueid_stub.c ****     arrayOfByte[7] |= 0x40; //set the ones we care about
  61              		.loc 1 26 0
  62 001c 4022     		movs	r2, #64
  63 001e 1343     		orrs	r3, r2
  64 0020 F371     		strb	r3, [r6, #7]
  27:Source\azure_iot_sdk\c-utility\adapters/uniqueid_stub.c **** 
  28:Source\azure_iot_sdk\c-utility\adapters/uniqueid_stub.c ****     //
  29:Source\azure_iot_sdk\c-utility\adapters/uniqueid_stub.c ****     // Stick in the variant field for the random uuid.
  30:Source\azure_iot_sdk\c-utility\adapters/uniqueid_stub.c ****     //
  31:Source\azure_iot_sdk\c-utility\adapters/uniqueid_stub.c ****     arrayOfByte[8] &= 0xf3; // Clear
  65              		.loc 1 31 0
  66 0022 337A     		ldrb	r3, [r6, #8]
  67 0024 0C22     		movs	r2, #12
  68 0026 9343     		bics	r3, r2
  32:Source\azure_iot_sdk\c-utility\adapters/uniqueid_stub.c ****     arrayOfByte[8] |= 0x08; // Set
  69              		.loc 1 32 0
  70 0028 0822     		movs	r2, #8
  71 002a 1343     		orrs	r3, r2
  72 002c 3372     		strb	r3, [r6, #8]
  33:Source\azure_iot_sdk\c-utility\adapters/uniqueid_stub.c **** 
  34:Source\azure_iot_sdk\c-utility\adapters/uniqueid_stub.c **** }
  73              		.loc 1 34 0
  74              		@ sp needed
  75              	.LVL5:
  76              	.LVL6:
  77 002e 70BD     		pop	{r4, r5, r6, pc}
  78              		.cfi_endproc
ARM GAS  C:\Users\Phuong\AppData\Local\Temp\ccERItZl.s 			page 3


  79              	.LFE3:
  80              		.size	generate128BitUUID, .-generate128BitUUID
  81              		.section	.text.UNIQUEID_RESULTStrings,"ax",%progbits
  82              		.align	2
  83              		.global	UNIQUEID_RESULTStrings
  84              		.code	16
  85              		.thumb_func
  86              		.type	UNIQUEID_RESULTStrings, %function
  87              	UNIQUEID_RESULTStrings:
  88              	.LFB1:
  10:Source\azure_iot_sdk\c-utility\adapters/uniqueid_stub.c **** 
  89              		.loc 1 10 0
  90              		.cfi_startproc
  91              		@ args = 0, pretend = 0, frame = 0
  92              		@ frame_needed = 0, uses_anonymous_args = 0
  93              		@ link register save eliminated.
  94              	.LVL7:
  10:Source\azure_iot_sdk\c-utility\adapters/uniqueid_stub.c **** 
  95              		.loc 1 10 0
  96 0000 0228     		cmp	r0, #2
  97 0002 03D8     		bhi	.L6
  10:Source\azure_iot_sdk\c-utility\adapters/uniqueid_stub.c **** 
  98              		.loc 1 10 0 is_stmt 0 discriminator 2
  99 0004 8000     		lsls	r0, r0, #2
 100              	.LVL8:
 101 0006 024B     		ldr	r3, .L7
 102 0008 C058     		ldr	r0, [r0, r3]
 103 000a 00E0     		b	.L5
 104              	.LVL9:
 105              	.L6:
  10:Source\azure_iot_sdk\c-utility\adapters/uniqueid_stub.c **** 
 106              		.loc 1 10 0
 107 000c 0020     		movs	r0, #0
 108              	.LVL10:
 109              	.L5:
 110              		@ sp needed
 111 000e 7047     		bx	lr
 112              	.L8:
 113              		.align	2
 114              	.L7:
 115 0010 00000000 		.word	.LANCHOR0
 116              		.cfi_endproc
 117              	.LFE1:
 118              		.size	UNIQUEID_RESULTStrings, .-UNIQUEID_RESULTStrings
 119              		.section	.text.UNIQUEID_RESULT_FromString,"ax",%progbits
 120              		.align	2
 121              		.global	UNIQUEID_RESULT_FromString
 122              		.code	16
 123              		.thumb_func
 124              		.type	UNIQUEID_RESULT_FromString, %function
 125              	UNIQUEID_RESULT_FromString:
 126              	.LFB2:
  10:Source\azure_iot_sdk\c-utility\adapters/uniqueid_stub.c **** 
 127              		.loc 1 10 0 is_stmt 1
 128              		.cfi_startproc
 129              		@ args = 0, pretend = 0, frame = 0
 130              		@ frame_needed = 0, uses_anonymous_args = 0
ARM GAS  C:\Users\Phuong\AppData\Local\Temp\ccERItZl.s 			page 4


 131              	.LVL11:
 132 0000 70B5     		push	{r4, r5, r6, lr}
 133              		.cfi_def_cfa_offset 16
 134              		.cfi_offset 4, -16
 135              		.cfi_offset 5, -12
 136              		.cfi_offset 6, -8
 137              		.cfi_offset 14, -4
 138 0002 0500     		movs	r5, r0
 139 0004 0E00     		movs	r6, r1
  10:Source\azure_iot_sdk\c-utility\adapters/uniqueid_stub.c **** 
 140              		.loc 1 10 0
 141 0006 0028     		cmp	r0, #0
 142 0008 12D0     		beq	.L14
  10:Source\azure_iot_sdk\c-utility\adapters/uniqueid_stub.c **** 
 143              		.loc 1 10 0 is_stmt 0 discriminator 2
 144 000a 0029     		cmp	r1, #0
 145 000c 12D0     		beq	.L15
 146 000e 0024     		movs	r4, #0
 147 0010 0AE0     		b	.L11
 148              	.LVL12:
 149              	.L13:
 150              	.LBB2:
  10:Source\azure_iot_sdk\c-utility\adapters/uniqueid_stub.c **** 
 151              		.loc 1 10 0 discriminator 9
 152 0012 A300     		lsls	r3, r4, #2
 153 0014 084A     		ldr	r2, .L16
 154 0016 9958     		ldr	r1, [r3, r2]
 155 0018 2800     		movs	r0, r5
 156 001a FFF7FEFF 		bl	strcmp
 157              	.LVL13:
 158 001e 0028     		cmp	r0, #0
 159 0020 01D1     		bne	.L12
  10:Source\azure_iot_sdk\c-utility\adapters/uniqueid_stub.c **** 
 160              		.loc 1 10 0 discriminator 6
 161 0022 3470     		strb	r4, [r6]
 162 0024 07E0     		b	.L10
 163              	.L12:
  10:Source\azure_iot_sdk\c-utility\adapters/uniqueid_stub.c **** 
 164              		.loc 1 10 0 discriminator 7
 165 0026 0134     		adds	r4, r4, #1
 166              	.LVL14:
 167              	.L11:
  10:Source\azure_iot_sdk\c-utility\adapters/uniqueid_stub.c **** 
 168              		.loc 1 10 0 discriminator 8
 169 0028 022C     		cmp	r4, #2
 170 002a F2D9     		bls	.L13
  10:Source\azure_iot_sdk\c-utility\adapters/uniqueid_stub.c **** 
 171              		.loc 1 10 0
 172 002c 0A20     		movs	r0, #10
 173 002e 02E0     		b	.L10
 174              	.LVL15:
 175              	.L14:
 176              	.LBE2:
 177 0030 0A20     		movs	r0, #10
 178              	.LVL16:
 179 0032 00E0     		b	.L10
 180              	.LVL17:
ARM GAS  C:\Users\Phuong\AppData\Local\Temp\ccERItZl.s 			page 5


 181              	.L15:
 182 0034 0A20     		movs	r0, #10
 183              	.LVL18:
 184              	.L10:
 185              		@ sp needed
 186              	.LVL19:
 187              	.LVL20:
 188 0036 70BD     		pop	{r4, r5, r6, pc}
 189              	.L17:
 190              		.align	2
 191              	.L16:
 192 0038 00000000 		.word	.LANCHOR0
 193              		.cfi_endproc
 194              	.LFE2:
 195              		.size	UNIQUEID_RESULT_FromString, .-UNIQUEID_RESULT_FromString
 196              		.section	.text.UniqueId_Generate,"ax",%progbits
 197              		.align	2
 198              		.global	UniqueId_Generate
 199              		.code	16
 200              		.thumb_func
 201              		.type	UniqueId_Generate, %function
 202              	UniqueId_Generate:
 203              	.LFB4:
  35:Source\azure_iot_sdk\c-utility\adapters/uniqueid_stub.c **** 
  36:Source\azure_iot_sdk\c-utility\adapters/uniqueid_stub.c **** // TODO: The User will need to call srand before calling this function
  37:Source\azure_iot_sdk\c-utility\adapters/uniqueid_stub.c **** UNIQUEID_RESULT UniqueId_Generate(char* uid, size_t len)
  38:Source\azure_iot_sdk\c-utility\adapters/uniqueid_stub.c **** {
 204              		.loc 1 38 0 is_stmt 1
 205              		.cfi_startproc
 206              		@ args = 0, pretend = 0, frame = 16
 207              		@ frame_needed = 0, uses_anonymous_args = 0
 208              	.LVL21:
 209 0000 30B5     		push	{r4, r5, lr}
 210              		.cfi_def_cfa_offset 12
 211              		.cfi_offset 4, -12
 212              		.cfi_offset 5, -8
 213              		.cfi_offset 14, -4
 214 0002 87B0     		sub	sp, sp, #28
 215              		.cfi_def_cfa_offset 40
 216 0004 041E     		subs	r4, r0, #0
  39:Source\azure_iot_sdk\c-utility\adapters/uniqueid_stub.c ****     UNIQUEID_RESULT result;
  40:Source\azure_iot_sdk\c-utility\adapters/uniqueid_stub.c ****     unsigned char arrayOfChar[16];
  41:Source\azure_iot_sdk\c-utility\adapters/uniqueid_stub.c **** 
  42:Source\azure_iot_sdk\c-utility\adapters/uniqueid_stub.c ****     /* Codes_SRS_UNIQUEID_07_002: [If uid is NULL then UniqueId_Generate shall return UNIQUEID_INVA
  43:Source\azure_iot_sdk\c-utility\adapters/uniqueid_stub.c ****     /* Codes_SRS_UNIQUEID_07_003: [If len is less then 37 then UniqueId_Generate shall return UNIQU
  44:Source\azure_iot_sdk\c-utility\adapters/uniqueid_stub.c ****     if (uid == NULL || len < 37)
 217              		.loc 1 44 0
 218 0006 01D0     		beq	.L19
 219              		.loc 1 44 0 is_stmt 0 discriminator 1
 220 0008 2429     		cmp	r1, #36
 221 000a 0ED8     		bhi	.L20
 222              	.L19:
 223              	.LVL22:
 224              	.LBB3:
  45:Source\azure_iot_sdk\c-utility\adapters/uniqueid_stub.c ****     {
  46:Source\azure_iot_sdk\c-utility\adapters/uniqueid_stub.c ****         result = UNIQUEID_INVALID_ARG;
  47:Source\azure_iot_sdk\c-utility\adapters/uniqueid_stub.c ****         LogError("Buffer Size is Null or length is less then 37 bytes");
ARM GAS  C:\Users\Phuong\AppData\Local\Temp\ccERItZl.s 			page 6


 225              		.loc 1 47 0 is_stmt 1
 226 000c FFF7FEFF 		bl	xlogging_get_log_function
 227              	.LVL23:
 228 0010 041E     		subs	r4, r0, #0
 229              	.LVL24:
 230 0012 35D0     		beq	.L27
 231              		.loc 1 47 0 is_stmt 0 discriminator 4
 232 0014 1C4B     		ldr	r3, .L29
 233 0016 0193     		str	r3, [sp, #4]
 234 0018 0123     		movs	r3, #1
 235 001a 0093     		str	r3, [sp]
 236 001c 2E33     		adds	r3, r3, #46
 237 001e 1B4A     		ldr	r2, .L29+4
 238 0020 1B49     		ldr	r1, .L29+8
 239 0022 0020     		movs	r0, #0
 240              	.LVL25:
 241 0024 A047     		blx	r4
 242              	.LVL26:
 243              	.LBE3:
  46:Source\azure_iot_sdk\c-utility\adapters/uniqueid_stub.c ****         LogError("Buffer Size is Null or length is less then 37 bytes");
 244              		.loc 1 46 0 is_stmt 1 discriminator 4
 245 0026 0120     		movs	r0, #1
 246 0028 2BE0     		b	.L21
 247              	.LVL27:
 248              	.L20:
 249              	.LBB4:
  48:Source\azure_iot_sdk\c-utility\adapters/uniqueid_stub.c ****     }
  49:Source\azure_iot_sdk\c-utility\adapters/uniqueid_stub.c ****     else
  50:Source\azure_iot_sdk\c-utility\adapters/uniqueid_stub.c ****     {
  51:Source\azure_iot_sdk\c-utility\adapters/uniqueid_stub.c ****         size_t arrayIndex;
  52:Source\azure_iot_sdk\c-utility\adapters/uniqueid_stub.c ****         size_t shiftCount;
  53:Source\azure_iot_sdk\c-utility\adapters/uniqueid_stub.c ****         size_t characterPosition = 0;
  54:Source\azure_iot_sdk\c-utility\adapters/uniqueid_stub.c **** 
  55:Source\azure_iot_sdk\c-utility\adapters/uniqueid_stub.c ****         /* Codes_SRS_UNIQUEID_07_001: [UniqueId_Generate shall create a unique Id 36 character long
  56:Source\azure_iot_sdk\c-utility\adapters/uniqueid_stub.c ****         generate128BitUUID(arrayOfChar);
 250              		.loc 1 56 0
 251 002a 02A8     		add	r0, sp, #8
 252              	.LVL28:
 253 002c FFF7FEFF 		bl	generate128BitUUID
 254              	.LVL29:
  53:Source\azure_iot_sdk\c-utility\adapters/uniqueid_stub.c **** 
 255              		.loc 1 53 0
 256 0030 0023     		movs	r3, #0
  57:Source\azure_iot_sdk\c-utility\adapters/uniqueid_stub.c ****         for (arrayIndex = 0; arrayIndex < 16; arrayIndex++)
 257              		.loc 1 57 0
 258 0032 0021     		movs	r1, #0
 259 0034 1DE0     		b	.L22
 260              	.LVL30:
 261              	.L25:
 262              	.LBB5:
  58:Source\azure_iot_sdk\c-utility\adapters/uniqueid_stub.c ****         {
  59:Source\azure_iot_sdk\c-utility\adapters/uniqueid_stub.c ****             for (shiftCount = 0; shiftCount <= 1; shiftCount++)
  60:Source\azure_iot_sdk\c-utility\adapters/uniqueid_stub.c ****             {
  61:Source\azure_iot_sdk\c-utility\adapters/uniqueid_stub.c ****                 char hexChar = tochar[arrayOfChar[arrayIndex] & 0xf];
 263              		.loc 1 61 0
 264 0036 02AA     		add	r2, sp, #8
 265 0038 525C     		ldrb	r2, [r2, r1]
ARM GAS  C:\Users\Phuong\AppData\Local\Temp\ccERItZl.s 			page 7


 266 003a 0F25     		movs	r5, #15
 267 003c 2A40     		ands	r2, r5
 268 003e 134D     		ldr	r5, .L29+4
 269 0040 AA18     		adds	r2, r5, r2
 270 0042 127D     		ldrb	r2, [r2, #20]
 271              	.LVL31:
  62:Source\azure_iot_sdk\c-utility\adapters/uniqueid_stub.c ****                 if ((characterPosition == 8) || (characterPosition == 13) || (characterPosition == 
 272              		.loc 1 62 0
 273 0044 082B     		cmp	r3, #8
 274 0046 05D0     		beq	.L23
 275              		.loc 1 62 0 is_stmt 0 discriminator 1
 276 0048 0D2B     		cmp	r3, #13
 277 004a 03D0     		beq	.L23
 278              		.loc 1 62 0 discriminator 2
 279 004c 122B     		cmp	r3, #18
 280 004e 01D0     		beq	.L23
 281              		.loc 1 62 0 discriminator 3
 282 0050 172B     		cmp	r3, #23
 283 0052 02D1     		bne	.L24
 284              	.L23:
  63:Source\azure_iot_sdk\c-utility\adapters/uniqueid_stub.c ****                 {
  64:Source\azure_iot_sdk\c-utility\adapters/uniqueid_stub.c ****                     uid[characterPosition] = '-';
 285              		.loc 1 64 0 is_stmt 1
 286 0054 2D25     		movs	r5, #45
 287 0056 E554     		strb	r5, [r4, r3]
  65:Source\azure_iot_sdk\c-utility\adapters/uniqueid_stub.c ****                     characterPosition++;
 288              		.loc 1 65 0
 289 0058 0133     		adds	r3, r3, #1
 290              	.LVL32:
 291              	.L24:
  66:Source\azure_iot_sdk\c-utility\adapters/uniqueid_stub.c ****                 }
  67:Source\azure_iot_sdk\c-utility\adapters/uniqueid_stub.c ****                 uid[characterPosition] = hexChar;
 292              		.loc 1 67 0 discriminator 2
 293 005a E254     		strb	r2, [r4, r3]
  68:Source\azure_iot_sdk\c-utility\adapters/uniqueid_stub.c ****                 characterPosition++;
 294              		.loc 1 68 0 discriminator 2
 295 005c 0133     		adds	r3, r3, #1
 296              	.LVL33:
  69:Source\azure_iot_sdk\c-utility\adapters/uniqueid_stub.c ****                 arrayOfChar[arrayIndex] = arrayOfChar[arrayIndex] >> 4;
 297              		.loc 1 69 0 discriminator 2
 298 005e 02AD     		add	r5, sp, #8
 299 0060 6A5C     		ldrb	r2, [r5, r1]
 300              	.LVL34:
 301 0062 1209     		lsrs	r2, r2, #4
 302 0064 6A54     		strb	r2, [r5, r1]
 303              	.LVL35:
 304              	.LBE5:
  59:Source\azure_iot_sdk\c-utility\adapters/uniqueid_stub.c ****             {
 305              		.loc 1 59 0 discriminator 2
 306 0066 0130     		adds	r0, r0, #1
 307              	.LVL36:
 308 0068 00E0     		b	.L26
 309              	.LVL37:
 310              	.L28:
 311 006a 0020     		movs	r0, #0
 312              	.L26:
 313              	.LVL38:
ARM GAS  C:\Users\Phuong\AppData\Local\Temp\ccERItZl.s 			page 8


  59:Source\azure_iot_sdk\c-utility\adapters/uniqueid_stub.c ****             {
 314              		.loc 1 59 0 is_stmt 0 discriminator 1
 315 006c 0128     		cmp	r0, #1
 316 006e E2D9     		bls	.L25
  57:Source\azure_iot_sdk\c-utility\adapters/uniqueid_stub.c ****         {
 317              		.loc 1 57 0 is_stmt 1 discriminator 2
 318 0070 0131     		adds	r1, r1, #1
 319              	.LVL39:
 320              	.L22:
  57:Source\azure_iot_sdk\c-utility\adapters/uniqueid_stub.c ****         {
 321              		.loc 1 57 0 is_stmt 0 discriminator 1
 322 0072 0F29     		cmp	r1, #15
 323 0074 F9D9     		bls	.L28
  70:Source\azure_iot_sdk\c-utility\adapters/uniqueid_stub.c ****             }
  71:Source\azure_iot_sdk\c-utility\adapters/uniqueid_stub.c ****         }
  72:Source\azure_iot_sdk\c-utility\adapters/uniqueid_stub.c ****         uid[characterPosition] = 0;
 324              		.loc 1 72 0 is_stmt 1
 325 0076 E318     		adds	r3, r4, r3
 326              	.LVL40:
 327 0078 0022     		movs	r2, #0
 328 007a 1A70     		strb	r2, [r3]
 329              	.LVL41:
  73:Source\azure_iot_sdk\c-utility\adapters/uniqueid_stub.c ****         result = UNIQUEID_OK;
 330              		.loc 1 73 0
 331 007c 0020     		movs	r0, #0
 332 007e 00E0     		b	.L21
 333              	.LVL42:
 334              	.L27:
 335              	.LBE4:
  46:Source\azure_iot_sdk\c-utility\adapters/uniqueid_stub.c ****         LogError("Buffer Size is Null or length is less then 37 bytes");
 336              		.loc 1 46 0
 337 0080 0120     		movs	r0, #1
 338              	.LVL43:
 339              	.L21:
  74:Source\azure_iot_sdk\c-utility\adapters/uniqueid_stub.c ****     }
  75:Source\azure_iot_sdk\c-utility\adapters/uniqueid_stub.c ****     return result;
  76:Source\azure_iot_sdk\c-utility\adapters/uniqueid_stub.c **** }
 340              		.loc 1 76 0
 341 0082 07B0     		add	sp, sp, #28
 342              		@ sp needed
 343 0084 30BD     		pop	{r4, r5, pc}
 344              	.L30:
 345 0086 C046     		.align	2
 346              	.L29:
 347 0088 38000000 		.word	.LC5
 348 008c 00000000 		.word	.LANCHOR1
 349 0090 00000000 		.word	.LC3
 350              		.cfi_endproc
 351              	.LFE4:
 352              		.size	UniqueId_Generate, .-UniqueId_Generate
 353              		.global	UNIQUEID_RESULTStringStorage
 354              		.section	.rodata
 355              		.align	2
 356              		.set	.LANCHOR1,. + 0
 357              		.type	__func__.5892, %object
 358              		.size	__func__.5892, 18
 359              	__func__.5892:
ARM GAS  C:\Users\Phuong\AppData\Local\Temp\ccERItZl.s 			page 9


 360 0000 556E6971 		.ascii	"UniqueId_Generate\000"
 360      75654964 
 360      5F47656E 
 360      65726174 
 360      6500
 361 0012 0000     		.space	2
 362              		.type	tochar, %object
 363              		.size	tochar, 16
 364              	tochar:
 365 0014 30       		.byte	48
 366 0015 31       		.byte	49
 367 0016 32       		.byte	50
 368 0017 33       		.byte	51
 369 0018 34       		.byte	52
 370 0019 35       		.byte	53
 371 001a 36       		.byte	54
 372 001b 37       		.byte	55
 373 001c 38       		.byte	56
 374 001d 39       		.byte	57
 375 001e 41       		.byte	65
 376 001f 42       		.byte	66
 377 0020 43       		.byte	67
 378 0021 44       		.byte	68
 379 0022 45       		.byte	69
 380 0023 46       		.byte	70
 381              		.data
 382              		.align	2
 383              		.set	.LANCHOR0,. + 0
 384              		.type	UNIQUEID_RESULTStringStorage, %object
 385              		.size	UNIQUEID_RESULTStringStorage, 12
 386              	UNIQUEID_RESULTStringStorage:
 387 0000 6C000000 		.word	.LC7
 388 0004 78000000 		.word	.LC8
 389 0008 90000000 		.word	.LC9
 390              		.section	.rodata.str1.4,"aMS",%progbits,1
 391              		.align	2
 392              	.LC3:
 393 0000 536F7572 		.ascii	"Source\\azure_iot_sdk\\c-utility\\adapters\\uniquei"
 393      63655C61 
 393      7A757265 
 393      5F696F74 
 393      5F73646B 
 394 002f 645F7374 		.ascii	"d_stub.c\000"
 394      75622E63 
 394      00
 395              	.LC5:
 396 0038 42756666 		.ascii	"Buffer Size is Null or length is less then 37 bytes"
 396      65722053 
 396      697A6520 
 396      6973204E 
 396      756C6C20 
 397 006b 00       		.ascii	"\000"
 398              	.LC7:
 399 006c 554E4951 		.ascii	"UNIQUEID_OK\000"
 399      55454944 
 399      5F4F4B00 
 400              	.LC8:
ARM GAS  C:\Users\Phuong\AppData\Local\Temp\ccERItZl.s 			page 10


 401 0078 554E4951 		.ascii	"UNIQUEID_INVALID_ARG\000"
 401      55454944 
 401      5F494E56 
 401      414C4944 
 401      5F415247 
 402 008d 000000   		.space	3
 403              	.LC9:
 404 0090 554E4951 		.ascii	"UNIQUEID_ERROR\000"
 404      55454944 
 404      5F455252 
 404      4F5200
 405              		.text
 406              	.Letext0:
 407              		.file 2 "c:\\program files (x86)\\cypress\\psoc creator\\4.2\\psoc creator\\import\\gnu\\arm\\5.4.
 408              		.file 3 ".\\Source\\azure_iot_sdk\\c-utility\\inc/azure_c_shared_utility/uniqueid.h"
 409              		.file 4 ".\\Source\\azure_iot_sdk\\c-utility\\inc/azure_c_shared_utility/xlogging.h"
 410              		.file 5 "c:\\program files (x86)\\cypress\\psoc creator\\4.2\\psoc creator\\import\\gnu\\arm\\5.4.
 411              		.file 6 "c:\\program files (x86)\\cypress\\psoc creator\\4.2\\psoc creator\\import\\gnu\\arm\\5.4.
 412              		.section	.debug_info,"",%progbits
 413              	.Ldebug_info0:
 414 0000 AB030000 		.4byte	0x3ab
 415 0004 0400     		.2byte	0x4
 416 0006 00000000 		.4byte	.Ldebug_abbrev0
 417 000a 04       		.byte	0x4
 418 000b 01       		.uleb128 0x1
 419 000c A8010000 		.4byte	.LASF41
 420 0010 0C       		.byte	0xc
 421 0011 84000000 		.4byte	.LASF42
 422 0015 55020000 		.4byte	.LASF43
 423 0019 00000000 		.4byte	.Ldebug_ranges0+0
 424 001d 00000000 		.4byte	0
 425 0021 00000000 		.4byte	.Ldebug_line0
 426 0025 02       		.uleb128 0x2
 427 0026 13010000 		.4byte	.LASF15
 428 002a 02       		.byte	0x2
 429 002b D8       		.byte	0xd8
 430 002c 30000000 		.4byte	0x30
 431 0030 03       		.uleb128 0x3
 432 0031 04       		.byte	0x4
 433 0032 07       		.byte	0x7
 434 0033 48020000 		.4byte	.LASF0
 435 0037 04       		.uleb128 0x4
 436 0038 04       		.byte	0x4
 437 0039 05       		.byte	0x5
 438 003a 696E7400 		.ascii	"int\000"
 439 003e 03       		.uleb128 0x3
 440 003f 08       		.byte	0x8
 441 0040 05       		.byte	0x5
 442 0041 3D030000 		.4byte	.LASF1
 443 0045 03       		.uleb128 0x3
 444 0046 08       		.byte	0x8
 445 0047 04       		.byte	0x4
 446 0048 9D030000 		.4byte	.LASF2
 447 004c 03       		.uleb128 0x3
 448 004d 01       		.byte	0x1
 449 004e 06       		.byte	0x6
 450 004f B1030000 		.4byte	.LASF3
ARM GAS  C:\Users\Phuong\AppData\Local\Temp\ccERItZl.s 			page 11


 451 0053 03       		.uleb128 0x3
 452 0054 01       		.byte	0x1
 453 0055 08       		.byte	0x8
 454 0056 3A020000 		.4byte	.LASF4
 455 005a 03       		.uleb128 0x3
 456 005b 02       		.byte	0x2
 457 005c 05       		.byte	0x5
 458 005d 47000000 		.4byte	.LASF5
 459 0061 03       		.uleb128 0x3
 460 0062 02       		.byte	0x2
 461 0063 07       		.byte	0x7
 462 0064 00010000 		.4byte	.LASF6
 463 0068 03       		.uleb128 0x3
 464 0069 04       		.byte	0x4
 465 006a 05       		.byte	0x5
 466 006b 94030000 		.4byte	.LASF7
 467 006f 03       		.uleb128 0x3
 468 0070 04       		.byte	0x4
 469 0071 07       		.byte	0x7
 470 0072 DD000000 		.4byte	.LASF8
 471 0076 03       		.uleb128 0x3
 472 0077 08       		.byte	0x8
 473 0078 07       		.byte	0x7
 474 0079 FA020000 		.4byte	.LASF9
 475 007d 03       		.uleb128 0x3
 476 007e 04       		.byte	0x4
 477 007f 07       		.byte	0x7
 478 0080 34030000 		.4byte	.LASF10
 479 0084 05       		.uleb128 0x5
 480 0085 04       		.byte	0x4
 481 0086 8A000000 		.4byte	0x8a
 482 008a 03       		.uleb128 0x3
 483 008b 01       		.byte	0x1
 484 008c 08       		.byte	0x8
 485 008d 4B030000 		.4byte	.LASF11
 486 0091 05       		.uleb128 0x5
 487 0092 04       		.byte	0x4
 488 0093 53000000 		.4byte	0x53
 489 0097 05       		.uleb128 0x5
 490 0098 04       		.byte	0x4
 491 0099 9D000000 		.4byte	0x9d
 492 009d 06       		.uleb128 0x6
 493 009e 8A000000 		.4byte	0x8a
 494 00a2 07       		.uleb128 0x7
 495 00a3 C9000000 		.4byte	.LASF17
 496 00a7 01       		.byte	0x1
 497 00a8 53000000 		.4byte	0x53
 498 00ac 03       		.byte	0x3
 499 00ad 17       		.byte	0x17
 500 00ae C5000000 		.4byte	0xc5
 501 00b2 08       		.uleb128 0x8
 502 00b3 21000000 		.4byte	.LASF12
 503 00b7 00       		.byte	0
 504 00b8 08       		.uleb128 0x8
 505 00b9 18030000 		.4byte	.LASF13
 506 00bd 01       		.byte	0x1
 507 00be 08       		.uleb128 0x8
ARM GAS  C:\Users\Phuong\AppData\Local\Temp\ccERItZl.s 			page 12


 508 00bf 50030000 		.4byte	.LASF14
 509 00c3 02       		.byte	0x2
 510 00c4 00       		.byte	0
 511 00c5 02       		.uleb128 0x2
 512 00c6 84030000 		.4byte	.LASF16
 513 00ca 03       		.byte	0x3
 514 00cb 17       		.byte	0x17
 515 00cc A2000000 		.4byte	0xa2
 516 00d0 07       		.uleb128 0x7
 517 00d1 EF000000 		.4byte	.LASF18
 518 00d5 01       		.byte	0x1
 519 00d6 53000000 		.4byte	0x53
 520 00da 04       		.byte	0x4
 521 00db 22       		.byte	0x22
 522 00dc F3000000 		.4byte	0xf3
 523 00e0 08       		.uleb128 0x8
 524 00e1 BD030000 		.4byte	.LASF19
 525 00e5 00       		.byte	0
 526 00e6 08       		.uleb128 0x8
 527 00e7 6C030000 		.4byte	.LASF20
 528 00eb 01       		.byte	0x1
 529 00ec 08       		.uleb128 0x8
 530 00ed BC000000 		.4byte	.LASF21
 531 00f1 02       		.byte	0x2
 532 00f2 00       		.byte	0
 533 00f3 02       		.uleb128 0x2
 534 00f4 5C010000 		.4byte	.LASF22
 535 00f8 04       		.byte	0x4
 536 00f9 27       		.byte	0x27
 537 00fa D0000000 		.4byte	0xd0
 538 00fe 02       		.uleb128 0x2
 539 00ff 69010000 		.4byte	.LASF23
 540 0103 04       		.byte	0x4
 541 0104 2F       		.byte	0x2f
 542 0105 09010000 		.4byte	0x109
 543 0109 05       		.uleb128 0x5
 544 010a 04       		.byte	0x4
 545 010b 0F010000 		.4byte	0x10f
 546 010f 09       		.uleb128 0x9
 547 0110 34010000 		.4byte	0x134
 548 0114 0A       		.uleb128 0xa
 549 0115 F3000000 		.4byte	0xf3
 550 0119 0A       		.uleb128 0xa
 551 011a 97000000 		.4byte	0x97
 552 011e 0A       		.uleb128 0xa
 553 011f 97000000 		.4byte	0x97
 554 0123 0A       		.uleb128 0xa
 555 0124 37000000 		.4byte	0x37
 556 0128 0A       		.uleb128 0xa
 557 0129 30000000 		.4byte	0x30
 558 012d 0A       		.uleb128 0xa
 559 012e 97000000 		.4byte	0x97
 560 0132 0B       		.uleb128 0xb
 561 0133 00       		.byte	0
 562 0134 0C       		.uleb128 0xc
 563 0135 1A010000 		.4byte	.LASF44
 564 0139 01       		.byte	0x1
ARM GAS  C:\Users\Phuong\AppData\Local\Temp\ccERItZl.s 			page 13


 565 013a 0D       		.byte	0xd
 566 013b 00000000 		.4byte	.LFB3
 567 013f 30000000 		.4byte	.LFE3-.LFB3
 568 0143 01       		.uleb128 0x1
 569 0144 9C       		.byte	0x9c
 570 0145 71010000 		.4byte	0x171
 571 0149 0D       		.uleb128 0xd
 572 014a 78030000 		.4byte	.LASF24
 573 014e 01       		.byte	0x1
 574 014f 0D       		.byte	0xd
 575 0150 91000000 		.4byte	0x91
 576 0154 00000000 		.4byte	.LLST0
 577 0158 0E       		.uleb128 0xe
 578 0159 74010000 		.4byte	.LASF30
 579 015d 01       		.byte	0x1
 580 015e 0F       		.byte	0xf
 581 015f 25000000 		.4byte	0x25
 582 0163 2C000000 		.4byte	.LLST1
 583 0167 0F       		.uleb128 0xf
 584 0168 0E000000 		.4byte	.LVL3
 585 016c 8D030000 		.4byte	0x38d
 586 0170 00       		.byte	0
 587 0171 10       		.uleb128 0x10
 588 0172 7F010000 		.4byte	.LASF26
 589 0176 01       		.byte	0x1
 590 0177 0A       		.byte	0xa
 591 0178 97000000 		.4byte	0x97
 592 017c 00000000 		.4byte	.LFB1
 593 0180 14000000 		.4byte	.LFE1-.LFB1
 594 0184 01       		.uleb128 0x1
 595 0185 9C       		.byte	0x9c
 596 0186 9A010000 		.4byte	0x19a
 597 018a 0D       		.uleb128 0xd
 598 018b 2D000000 		.4byte	.LASF25
 599 018f 01       		.byte	0x1
 600 0190 0A       		.byte	0xa
 601 0191 C5000000 		.4byte	0xc5
 602 0195 4B000000 		.4byte	.LLST2
 603 0199 00       		.byte	0
 604 019a 10       		.uleb128 0x10
 605 019b 69000000 		.4byte	.LASF27
 606 019f 01       		.byte	0x1
 607 01a0 0A       		.byte	0xa
 608 01a1 37000000 		.4byte	0x37
 609 01a5 00000000 		.4byte	.LFB2
 610 01a9 3C000000 		.4byte	.LFE2-.LFB2
 611 01ad 01       		.uleb128 0x1
 612 01ae 9C       		.byte	0x9c
 613 01af F9010000 		.4byte	0x1f9
 614 01b3 0D       		.uleb128 0xd
 615 01b4 5F030000 		.4byte	.LASF28
 616 01b8 01       		.byte	0x1
 617 01b9 0A       		.byte	0xa
 618 01ba 97000000 		.4byte	0x97
 619 01be 85000000 		.4byte	.LLST3
 620 01c2 0D       		.uleb128 0xd
 621 01c3 51000000 		.4byte	.LASF29
ARM GAS  C:\Users\Phuong\AppData\Local\Temp\ccERItZl.s 			page 14


 622 01c7 01       		.byte	0x1
 623 01c8 0A       		.byte	0xa
 624 01c9 F9010000 		.4byte	0x1f9
 625 01cd DD000000 		.4byte	.LLST4
 626 01d1 11       		.uleb128 0x11
 627 01d2 12000000 		.4byte	.LBB2
 628 01d6 1E000000 		.4byte	.LBE2-.LBB2
 629 01da 12       		.uleb128 0x12
 630 01db 6900     		.ascii	"i\000"
 631 01dd 01       		.byte	0x1
 632 01de 0A       		.byte	0xa
 633 01df 25000000 		.4byte	0x25
 634 01e3 1F010000 		.4byte	.LLST5
 635 01e7 13       		.uleb128 0x13
 636 01e8 1E000000 		.4byte	.LVL13
 637 01ec 98030000 		.4byte	0x398
 638 01f0 14       		.uleb128 0x14
 639 01f1 01       		.uleb128 0x1
 640 01f2 50       		.byte	0x50
 641 01f3 02       		.uleb128 0x2
 642 01f4 75       		.byte	0x75
 643 01f5 00       		.sleb128 0
 644 01f6 00       		.byte	0
 645 01f7 00       		.byte	0
 646 01f8 00       		.byte	0
 647 01f9 05       		.uleb128 0x5
 648 01fa 04       		.byte	0x4
 649 01fb C5000000 		.4byte	0xc5
 650 01ff 10       		.uleb128 0x10
 651 0200 96010000 		.4byte	.LASF31
 652 0204 01       		.byte	0x1
 653 0205 25       		.byte	0x25
 654 0206 C5000000 		.4byte	0xc5
 655 020a 00000000 		.4byte	.LFB4
 656 020e 94000000 		.4byte	.LFE4-.LFB4
 657 0212 01       		.uleb128 0x1
 658 0213 9C       		.byte	0x9c
 659 0214 21030000 		.4byte	0x321
 660 0218 15       		.uleb128 0x15
 661 0219 75696400 		.ascii	"uid\000"
 662 021d 01       		.byte	0x1
 663 021e 25       		.byte	0x25
 664 021f 84000000 		.4byte	0x84
 665 0223 32010000 		.4byte	.LLST6
 666 0227 15       		.uleb128 0x15
 667 0228 6C656E00 		.ascii	"len\000"
 668 022c 01       		.byte	0x1
 669 022d 25       		.byte	0x25
 670 022e 25000000 		.4byte	0x25
 671 0232 82010000 		.4byte	.LLST7
 672 0236 0E       		.uleb128 0xe
 673 0237 11030000 		.4byte	.LASF32
 674 023b 01       		.byte	0x1
 675 023c 27       		.byte	0x27
 676 023d C5000000 		.4byte	0xc5
 677 0241 BC010000 		.4byte	.LLST8
 678 0245 16       		.uleb128 0x16
ARM GAS  C:\Users\Phuong\AppData\Local\Temp\ccERItZl.s 			page 15


 679 0246 5D000000 		.4byte	.LASF33
 680 024a 01       		.byte	0x1
 681 024b 28       		.byte	0x28
 682 024c 21030000 		.4byte	0x321
 683 0250 02       		.uleb128 0x2
 684 0251 91       		.byte	0x91
 685 0252 60       		.sleb128 -32
 686 0253 17       		.uleb128 0x17
 687 0254 33000000 		.4byte	.LASF45
 688 0258 41030000 		.4byte	0x341
 689 025c 05       		.uleb128 0x5
 690 025d 03       		.byte	0x3
 691 025e 00000000 		.4byte	__func__.5892
 692 0262 18       		.uleb128 0x18
 693 0263 0C000000 		.4byte	.LBB3
 694 0267 1A000000 		.4byte	.LBE3-.LBB3
 695 026b BC020000 		.4byte	0x2bc
 696 026f 12       		.uleb128 0x12
 697 0270 6C00     		.ascii	"l\000"
 698 0272 01       		.byte	0x1
 699 0273 2F       		.byte	0x2f
 700 0274 FE000000 		.4byte	0xfe
 701 0278 F3010000 		.4byte	.LLST9
 702 027c 0F       		.uleb128 0xf
 703 027d 10000000 		.4byte	.LVL23
 704 0281 A3030000 		.4byte	0x3a3
 705 0285 19       		.uleb128 0x19
 706 0286 26000000 		.4byte	.LVL26
 707 028a 02       		.uleb128 0x2
 708 028b 74       		.byte	0x74
 709 028c 00       		.sleb128 0
 710 028d 14       		.uleb128 0x14
 711 028e 01       		.uleb128 0x1
 712 028f 50       		.byte	0x50
 713 0290 01       		.uleb128 0x1
 714 0291 30       		.byte	0x30
 715 0292 14       		.uleb128 0x14
 716 0293 01       		.uleb128 0x1
 717 0294 51       		.byte	0x51
 718 0295 05       		.uleb128 0x5
 719 0296 03       		.byte	0x3
 720 0297 00000000 		.4byte	.LC3
 721 029b 14       		.uleb128 0x14
 722 029c 01       		.uleb128 0x1
 723 029d 52       		.byte	0x52
 724 029e 05       		.uleb128 0x5
 725 029f 03       		.byte	0x3
 726 02a0 00000000 		.4byte	.LANCHOR1
 727 02a4 14       		.uleb128 0x14
 728 02a5 01       		.uleb128 0x1
 729 02a6 53       		.byte	0x53
 730 02a7 02       		.uleb128 0x2
 731 02a8 08       		.byte	0x8
 732 02a9 2F       		.byte	0x2f
 733 02aa 14       		.uleb128 0x14
 734 02ab 02       		.uleb128 0x2
 735 02ac 7D       		.byte	0x7d
ARM GAS  C:\Users\Phuong\AppData\Local\Temp\ccERItZl.s 			page 16


 736 02ad 00       		.sleb128 0
 737 02ae 01       		.uleb128 0x1
 738 02af 31       		.byte	0x31
 739 02b0 14       		.uleb128 0x14
 740 02b1 02       		.uleb128 0x2
 741 02b2 7D       		.byte	0x7d
 742 02b3 04       		.sleb128 4
 743 02b4 05       		.uleb128 0x5
 744 02b5 03       		.byte	0x3
 745 02b6 38000000 		.4byte	.LC5
 746 02ba 00       		.byte	0
 747 02bb 00       		.byte	0
 748 02bc 11       		.uleb128 0x11
 749 02bd 2A000000 		.4byte	.LBB4
 750 02c1 56000000 		.4byte	.LBE4-.LBB4
 751 02c5 0E       		.uleb128 0xe
 752 02c6 74010000 		.4byte	.LASF30
 753 02ca 01       		.byte	0x1
 754 02cb 33       		.byte	0x33
 755 02cc 25000000 		.4byte	0x25
 756 02d0 1C020000 		.4byte	.LLST10
 757 02d4 0E       		.uleb128 0xe
 758 02d5 3C000000 		.4byte	.LASF34
 759 02d9 01       		.byte	0x1
 760 02da 34       		.byte	0x34
 761 02db 25000000 		.4byte	0x25
 762 02df 3B020000 		.4byte	.LLST11
 763 02e3 0E       		.uleb128 0xe
 764 02e4 2D010000 		.4byte	.LASF35
 765 02e8 01       		.byte	0x1
 766 02e9 35       		.byte	0x35
 767 02ea 25000000 		.4byte	0x25
 768 02ee 59020000 		.4byte	.LLST12
 769 02f2 18       		.uleb128 0x18
 770 02f3 36000000 		.4byte	.LBB5
 771 02f7 30000000 		.4byte	.LBE5-.LBB5
 772 02fb 0F030000 		.4byte	0x30f
 773 02ff 0E       		.uleb128 0xe
 774 0300 A9030000 		.4byte	.LASF36
 775 0304 01       		.byte	0x1
 776 0305 3D       		.byte	0x3d
 777 0306 8A000000 		.4byte	0x8a
 778 030a 78020000 		.4byte	.LLST13
 779 030e 00       		.byte	0
 780 030f 13       		.uleb128 0x13
 781 0310 30000000 		.4byte	.LVL29
 782 0314 34010000 		.4byte	0x134
 783 0318 14       		.uleb128 0x14
 784 0319 01       		.uleb128 0x1
 785 031a 50       		.byte	0x50
 786 031b 02       		.uleb128 0x2
 787 031c 91       		.byte	0x91
 788 031d 60       		.sleb128 -32
 789 031e 00       		.byte	0
 790 031f 00       		.byte	0
 791 0320 00       		.byte	0
 792 0321 1A       		.uleb128 0x1a
ARM GAS  C:\Users\Phuong\AppData\Local\Temp\ccERItZl.s 			page 17


 793 0322 53000000 		.4byte	0x53
 794 0326 31030000 		.4byte	0x331
 795 032a 1B       		.uleb128 0x1b
 796 032b 7D000000 		.4byte	0x7d
 797 032f 0F       		.byte	0xf
 798 0330 00       		.byte	0
 799 0331 1A       		.uleb128 0x1a
 800 0332 9D000000 		.4byte	0x9d
 801 0336 41030000 		.4byte	0x341
 802 033a 1B       		.uleb128 0x1b
 803 033b 7D000000 		.4byte	0x7d
 804 033f 11       		.byte	0x11
 805 0340 00       		.byte	0
 806 0341 06       		.uleb128 0x6
 807 0342 31030000 		.4byte	0x331
 808 0346 1A       		.uleb128 0x1a
 809 0347 9D000000 		.4byte	0x9d
 810 034b 56030000 		.4byte	0x356
 811 034f 1B       		.uleb128 0x1b
 812 0350 7D000000 		.4byte	0x7d
 813 0354 0F       		.byte	0xf
 814 0355 00       		.byte	0
 815 0356 16       		.uleb128 0x16
 816 0357 1A000000 		.4byte	.LASF37
 817 035b 01       		.byte	0x1
 818 035c 0C       		.byte	0xc
 819 035d 67030000 		.4byte	0x367
 820 0361 05       		.uleb128 0x5
 821 0362 03       		.byte	0x3
 822 0363 14000000 		.4byte	tochar
 823 0367 06       		.uleb128 0x6
 824 0368 46030000 		.4byte	0x346
 825 036c 1A       		.uleb128 0x1a
 826 036d 97000000 		.4byte	0x97
 827 0371 7C030000 		.4byte	0x37c
 828 0375 1B       		.uleb128 0x1b
 829 0376 7D000000 		.4byte	0x7d
 830 037a 02       		.byte	0x2
 831 037b 00       		.byte	0
 832 037c 1C       		.uleb128 0x1c
 833 037d 3F010000 		.4byte	.LASF46
 834 0381 01       		.byte	0x1
 835 0382 0A       		.byte	0xa
 836 0383 6C030000 		.4byte	0x36c
 837 0387 05       		.uleb128 0x5
 838 0388 03       		.byte	0x3
 839 0389 00000000 		.4byte	UNIQUEID_RESULTStringStorage
 840 038d 1D       		.uleb128 0x1d
 841 038e CA030000 		.4byte	.LASF38
 842 0392 CA030000 		.4byte	.LASF38
 843 0396 05       		.byte	0x5
 844 0397 88       		.byte	0x88
 845 0398 1D       		.uleb128 0x1d
 846 0399 2D030000 		.4byte	.LASF39
 847 039d 2D030000 		.4byte	.LASF39
 848 03a1 06       		.byte	0x6
 849 03a2 1C       		.byte	0x1c
ARM GAS  C:\Users\Phuong\AppData\Local\Temp\ccERItZl.s 			page 18


 850 03a3 1D       		.uleb128 0x1d
 851 03a4 00000000 		.4byte	.LASF40
 852 03a8 00000000 		.4byte	.LASF40
 853 03ac 04       		.byte	0x4
 854 03ad 9D       		.byte	0x9d
 855 03ae 00       		.byte	0
 856              		.section	.debug_abbrev,"",%progbits
 857              	.Ldebug_abbrev0:
 858 0000 01       		.uleb128 0x1
 859 0001 11       		.uleb128 0x11
 860 0002 01       		.byte	0x1
 861 0003 25       		.uleb128 0x25
 862 0004 0E       		.uleb128 0xe
 863 0005 13       		.uleb128 0x13
 864 0006 0B       		.uleb128 0xb
 865 0007 03       		.uleb128 0x3
 866 0008 0E       		.uleb128 0xe
 867 0009 1B       		.uleb128 0x1b
 868 000a 0E       		.uleb128 0xe
 869 000b 55       		.uleb128 0x55
 870 000c 17       		.uleb128 0x17
 871 000d 11       		.uleb128 0x11
 872 000e 01       		.uleb128 0x1
 873 000f 10       		.uleb128 0x10
 874 0010 17       		.uleb128 0x17
 875 0011 00       		.byte	0
 876 0012 00       		.byte	0
 877 0013 02       		.uleb128 0x2
 878 0014 16       		.uleb128 0x16
 879 0015 00       		.byte	0
 880 0016 03       		.uleb128 0x3
 881 0017 0E       		.uleb128 0xe
 882 0018 3A       		.uleb128 0x3a
 883 0019 0B       		.uleb128 0xb
 884 001a 3B       		.uleb128 0x3b
 885 001b 0B       		.uleb128 0xb
 886 001c 49       		.uleb128 0x49
 887 001d 13       		.uleb128 0x13
 888 001e 00       		.byte	0
 889 001f 00       		.byte	0
 890 0020 03       		.uleb128 0x3
 891 0021 24       		.uleb128 0x24
 892 0022 00       		.byte	0
 893 0023 0B       		.uleb128 0xb
 894 0024 0B       		.uleb128 0xb
 895 0025 3E       		.uleb128 0x3e
 896 0026 0B       		.uleb128 0xb
 897 0027 03       		.uleb128 0x3
 898 0028 0E       		.uleb128 0xe
 899 0029 00       		.byte	0
 900 002a 00       		.byte	0
 901 002b 04       		.uleb128 0x4
 902 002c 24       		.uleb128 0x24
 903 002d 00       		.byte	0
 904 002e 0B       		.uleb128 0xb
 905 002f 0B       		.uleb128 0xb
 906 0030 3E       		.uleb128 0x3e
ARM GAS  C:\Users\Phuong\AppData\Local\Temp\ccERItZl.s 			page 19


 907 0031 0B       		.uleb128 0xb
 908 0032 03       		.uleb128 0x3
 909 0033 08       		.uleb128 0x8
 910 0034 00       		.byte	0
 911 0035 00       		.byte	0
 912 0036 05       		.uleb128 0x5
 913 0037 0F       		.uleb128 0xf
 914 0038 00       		.byte	0
 915 0039 0B       		.uleb128 0xb
 916 003a 0B       		.uleb128 0xb
 917 003b 49       		.uleb128 0x49
 918 003c 13       		.uleb128 0x13
 919 003d 00       		.byte	0
 920 003e 00       		.byte	0
 921 003f 06       		.uleb128 0x6
 922 0040 26       		.uleb128 0x26
 923 0041 00       		.byte	0
 924 0042 49       		.uleb128 0x49
 925 0043 13       		.uleb128 0x13
 926 0044 00       		.byte	0
 927 0045 00       		.byte	0
 928 0046 07       		.uleb128 0x7
 929 0047 04       		.uleb128 0x4
 930 0048 01       		.byte	0x1
 931 0049 03       		.uleb128 0x3
 932 004a 0E       		.uleb128 0xe
 933 004b 0B       		.uleb128 0xb
 934 004c 0B       		.uleb128 0xb
 935 004d 49       		.uleb128 0x49
 936 004e 13       		.uleb128 0x13
 937 004f 3A       		.uleb128 0x3a
 938 0050 0B       		.uleb128 0xb
 939 0051 3B       		.uleb128 0x3b
 940 0052 0B       		.uleb128 0xb
 941 0053 01       		.uleb128 0x1
 942 0054 13       		.uleb128 0x13
 943 0055 00       		.byte	0
 944 0056 00       		.byte	0
 945 0057 08       		.uleb128 0x8
 946 0058 28       		.uleb128 0x28
 947 0059 00       		.byte	0
 948 005a 03       		.uleb128 0x3
 949 005b 0E       		.uleb128 0xe
 950 005c 1C       		.uleb128 0x1c
 951 005d 0B       		.uleb128 0xb
 952 005e 00       		.byte	0
 953 005f 00       		.byte	0
 954 0060 09       		.uleb128 0x9
 955 0061 15       		.uleb128 0x15
 956 0062 01       		.byte	0x1
 957 0063 27       		.uleb128 0x27
 958 0064 19       		.uleb128 0x19
 959 0065 01       		.uleb128 0x1
 960 0066 13       		.uleb128 0x13
 961 0067 00       		.byte	0
 962 0068 00       		.byte	0
 963 0069 0A       		.uleb128 0xa
ARM GAS  C:\Users\Phuong\AppData\Local\Temp\ccERItZl.s 			page 20


 964 006a 05       		.uleb128 0x5
 965 006b 00       		.byte	0
 966 006c 49       		.uleb128 0x49
 967 006d 13       		.uleb128 0x13
 968 006e 00       		.byte	0
 969 006f 00       		.byte	0
 970 0070 0B       		.uleb128 0xb
 971 0071 18       		.uleb128 0x18
 972 0072 00       		.byte	0
 973 0073 00       		.byte	0
 974 0074 00       		.byte	0
 975 0075 0C       		.uleb128 0xc
 976 0076 2E       		.uleb128 0x2e
 977 0077 01       		.byte	0x1
 978 0078 03       		.uleb128 0x3
 979 0079 0E       		.uleb128 0xe
 980 007a 3A       		.uleb128 0x3a
 981 007b 0B       		.uleb128 0xb
 982 007c 3B       		.uleb128 0x3b
 983 007d 0B       		.uleb128 0xb
 984 007e 27       		.uleb128 0x27
 985 007f 19       		.uleb128 0x19
 986 0080 11       		.uleb128 0x11
 987 0081 01       		.uleb128 0x1
 988 0082 12       		.uleb128 0x12
 989 0083 06       		.uleb128 0x6
 990 0084 40       		.uleb128 0x40
 991 0085 18       		.uleb128 0x18
 992 0086 9742     		.uleb128 0x2117
 993 0088 19       		.uleb128 0x19
 994 0089 01       		.uleb128 0x1
 995 008a 13       		.uleb128 0x13
 996 008b 00       		.byte	0
 997 008c 00       		.byte	0
 998 008d 0D       		.uleb128 0xd
 999 008e 05       		.uleb128 0x5
 1000 008f 00       		.byte	0
 1001 0090 03       		.uleb128 0x3
 1002 0091 0E       		.uleb128 0xe
 1003 0092 3A       		.uleb128 0x3a
 1004 0093 0B       		.uleb128 0xb
 1005 0094 3B       		.uleb128 0x3b
 1006 0095 0B       		.uleb128 0xb
 1007 0096 49       		.uleb128 0x49
 1008 0097 13       		.uleb128 0x13
 1009 0098 02       		.uleb128 0x2
 1010 0099 17       		.uleb128 0x17
 1011 009a 00       		.byte	0
 1012 009b 00       		.byte	0
 1013 009c 0E       		.uleb128 0xe
 1014 009d 34       		.uleb128 0x34
 1015 009e 00       		.byte	0
 1016 009f 03       		.uleb128 0x3
 1017 00a0 0E       		.uleb128 0xe
 1018 00a1 3A       		.uleb128 0x3a
 1019 00a2 0B       		.uleb128 0xb
 1020 00a3 3B       		.uleb128 0x3b
ARM GAS  C:\Users\Phuong\AppData\Local\Temp\ccERItZl.s 			page 21


 1021 00a4 0B       		.uleb128 0xb
 1022 00a5 49       		.uleb128 0x49
 1023 00a6 13       		.uleb128 0x13
 1024 00a7 02       		.uleb128 0x2
 1025 00a8 17       		.uleb128 0x17
 1026 00a9 00       		.byte	0
 1027 00aa 00       		.byte	0
 1028 00ab 0F       		.uleb128 0xf
 1029 00ac 898201   		.uleb128 0x4109
 1030 00af 00       		.byte	0
 1031 00b0 11       		.uleb128 0x11
 1032 00b1 01       		.uleb128 0x1
 1033 00b2 31       		.uleb128 0x31
 1034 00b3 13       		.uleb128 0x13
 1035 00b4 00       		.byte	0
 1036 00b5 00       		.byte	0
 1037 00b6 10       		.uleb128 0x10
 1038 00b7 2E       		.uleb128 0x2e
 1039 00b8 01       		.byte	0x1
 1040 00b9 3F       		.uleb128 0x3f
 1041 00ba 19       		.uleb128 0x19
 1042 00bb 03       		.uleb128 0x3
 1043 00bc 0E       		.uleb128 0xe
 1044 00bd 3A       		.uleb128 0x3a
 1045 00be 0B       		.uleb128 0xb
 1046 00bf 3B       		.uleb128 0x3b
 1047 00c0 0B       		.uleb128 0xb
 1048 00c1 27       		.uleb128 0x27
 1049 00c2 19       		.uleb128 0x19
 1050 00c3 49       		.uleb128 0x49
 1051 00c4 13       		.uleb128 0x13
 1052 00c5 11       		.uleb128 0x11
 1053 00c6 01       		.uleb128 0x1
 1054 00c7 12       		.uleb128 0x12
 1055 00c8 06       		.uleb128 0x6
 1056 00c9 40       		.uleb128 0x40
 1057 00ca 18       		.uleb128 0x18
 1058 00cb 9742     		.uleb128 0x2117
 1059 00cd 19       		.uleb128 0x19
 1060 00ce 01       		.uleb128 0x1
 1061 00cf 13       		.uleb128 0x13
 1062 00d0 00       		.byte	0
 1063 00d1 00       		.byte	0
 1064 00d2 11       		.uleb128 0x11
 1065 00d3 0B       		.uleb128 0xb
 1066 00d4 01       		.byte	0x1
 1067 00d5 11       		.uleb128 0x11
 1068 00d6 01       		.uleb128 0x1
 1069 00d7 12       		.uleb128 0x12
 1070 00d8 06       		.uleb128 0x6
 1071 00d9 00       		.byte	0
 1072 00da 00       		.byte	0
 1073 00db 12       		.uleb128 0x12
 1074 00dc 34       		.uleb128 0x34
 1075 00dd 00       		.byte	0
 1076 00de 03       		.uleb128 0x3
 1077 00df 08       		.uleb128 0x8
ARM GAS  C:\Users\Phuong\AppData\Local\Temp\ccERItZl.s 			page 22


 1078 00e0 3A       		.uleb128 0x3a
 1079 00e1 0B       		.uleb128 0xb
 1080 00e2 3B       		.uleb128 0x3b
 1081 00e3 0B       		.uleb128 0xb
 1082 00e4 49       		.uleb128 0x49
 1083 00e5 13       		.uleb128 0x13
 1084 00e6 02       		.uleb128 0x2
 1085 00e7 17       		.uleb128 0x17
 1086 00e8 00       		.byte	0
 1087 00e9 00       		.byte	0
 1088 00ea 13       		.uleb128 0x13
 1089 00eb 898201   		.uleb128 0x4109
 1090 00ee 01       		.byte	0x1
 1091 00ef 11       		.uleb128 0x11
 1092 00f0 01       		.uleb128 0x1
 1093 00f1 31       		.uleb128 0x31
 1094 00f2 13       		.uleb128 0x13
 1095 00f3 00       		.byte	0
 1096 00f4 00       		.byte	0
 1097 00f5 14       		.uleb128 0x14
 1098 00f6 8A8201   		.uleb128 0x410a
 1099 00f9 00       		.byte	0
 1100 00fa 02       		.uleb128 0x2
 1101 00fb 18       		.uleb128 0x18
 1102 00fc 9142     		.uleb128 0x2111
 1103 00fe 18       		.uleb128 0x18
 1104 00ff 00       		.byte	0
 1105 0100 00       		.byte	0
 1106 0101 15       		.uleb128 0x15
 1107 0102 05       		.uleb128 0x5
 1108 0103 00       		.byte	0
 1109 0104 03       		.uleb128 0x3
 1110 0105 08       		.uleb128 0x8
 1111 0106 3A       		.uleb128 0x3a
 1112 0107 0B       		.uleb128 0xb
 1113 0108 3B       		.uleb128 0x3b
 1114 0109 0B       		.uleb128 0xb
 1115 010a 49       		.uleb128 0x49
 1116 010b 13       		.uleb128 0x13
 1117 010c 02       		.uleb128 0x2
 1118 010d 17       		.uleb128 0x17
 1119 010e 00       		.byte	0
 1120 010f 00       		.byte	0
 1121 0110 16       		.uleb128 0x16
 1122 0111 34       		.uleb128 0x34
 1123 0112 00       		.byte	0
 1124 0113 03       		.uleb128 0x3
 1125 0114 0E       		.uleb128 0xe
 1126 0115 3A       		.uleb128 0x3a
 1127 0116 0B       		.uleb128 0xb
 1128 0117 3B       		.uleb128 0x3b
 1129 0118 0B       		.uleb128 0xb
 1130 0119 49       		.uleb128 0x49
 1131 011a 13       		.uleb128 0x13
 1132 011b 02       		.uleb128 0x2
 1133 011c 18       		.uleb128 0x18
 1134 011d 00       		.byte	0
ARM GAS  C:\Users\Phuong\AppData\Local\Temp\ccERItZl.s 			page 23


 1135 011e 00       		.byte	0
 1136 011f 17       		.uleb128 0x17
 1137 0120 34       		.uleb128 0x34
 1138 0121 00       		.byte	0
 1139 0122 03       		.uleb128 0x3
 1140 0123 0E       		.uleb128 0xe
 1141 0124 49       		.uleb128 0x49
 1142 0125 13       		.uleb128 0x13
 1143 0126 34       		.uleb128 0x34
 1144 0127 19       		.uleb128 0x19
 1145 0128 02       		.uleb128 0x2
 1146 0129 18       		.uleb128 0x18
 1147 012a 00       		.byte	0
 1148 012b 00       		.byte	0
 1149 012c 18       		.uleb128 0x18
 1150 012d 0B       		.uleb128 0xb
 1151 012e 01       		.byte	0x1
 1152 012f 11       		.uleb128 0x11
 1153 0130 01       		.uleb128 0x1
 1154 0131 12       		.uleb128 0x12
 1155 0132 06       		.uleb128 0x6
 1156 0133 01       		.uleb128 0x1
 1157 0134 13       		.uleb128 0x13
 1158 0135 00       		.byte	0
 1159 0136 00       		.byte	0
 1160 0137 19       		.uleb128 0x19
 1161 0138 898201   		.uleb128 0x4109
 1162 013b 01       		.byte	0x1
 1163 013c 11       		.uleb128 0x11
 1164 013d 01       		.uleb128 0x1
 1165 013e 9342     		.uleb128 0x2113
 1166 0140 18       		.uleb128 0x18
 1167 0141 00       		.byte	0
 1168 0142 00       		.byte	0
 1169 0143 1A       		.uleb128 0x1a
 1170 0144 01       		.uleb128 0x1
 1171 0145 01       		.byte	0x1
 1172 0146 49       		.uleb128 0x49
 1173 0147 13       		.uleb128 0x13
 1174 0148 01       		.uleb128 0x1
 1175 0149 13       		.uleb128 0x13
 1176 014a 00       		.byte	0
 1177 014b 00       		.byte	0
 1178 014c 1B       		.uleb128 0x1b
 1179 014d 21       		.uleb128 0x21
 1180 014e 00       		.byte	0
 1181 014f 49       		.uleb128 0x49
 1182 0150 13       		.uleb128 0x13
 1183 0151 2F       		.uleb128 0x2f
 1184 0152 0B       		.uleb128 0xb
 1185 0153 00       		.byte	0
 1186 0154 00       		.byte	0
 1187 0155 1C       		.uleb128 0x1c
 1188 0156 34       		.uleb128 0x34
 1189 0157 00       		.byte	0
 1190 0158 03       		.uleb128 0x3
 1191 0159 0E       		.uleb128 0xe
ARM GAS  C:\Users\Phuong\AppData\Local\Temp\ccERItZl.s 			page 24


 1192 015a 3A       		.uleb128 0x3a
 1193 015b 0B       		.uleb128 0xb
 1194 015c 3B       		.uleb128 0x3b
 1195 015d 0B       		.uleb128 0xb
 1196 015e 49       		.uleb128 0x49
 1197 015f 13       		.uleb128 0x13
 1198 0160 3F       		.uleb128 0x3f
 1199 0161 19       		.uleb128 0x19
 1200 0162 02       		.uleb128 0x2
 1201 0163 18       		.uleb128 0x18
 1202 0164 00       		.byte	0
 1203 0165 00       		.byte	0
 1204 0166 1D       		.uleb128 0x1d
 1205 0167 2E       		.uleb128 0x2e
 1206 0168 00       		.byte	0
 1207 0169 3F       		.uleb128 0x3f
 1208 016a 19       		.uleb128 0x19
 1209 016b 3C       		.uleb128 0x3c
 1210 016c 19       		.uleb128 0x19
 1211 016d 6E       		.uleb128 0x6e
 1212 016e 0E       		.uleb128 0xe
 1213 016f 03       		.uleb128 0x3
 1214 0170 0E       		.uleb128 0xe
 1215 0171 3A       		.uleb128 0x3a
 1216 0172 0B       		.uleb128 0xb
 1217 0173 3B       		.uleb128 0x3b
 1218 0174 0B       		.uleb128 0xb
 1219 0175 00       		.byte	0
 1220 0176 00       		.byte	0
 1221 0177 00       		.byte	0
 1222              		.section	.debug_loc,"",%progbits
 1223              	.Ldebug_loc0:
 1224              	.LLST0:
 1225 0000 00000000 		.4byte	.LVL0
 1226 0004 08000000 		.4byte	.LVL2
 1227 0008 0100     		.2byte	0x1
 1228 000a 50       		.byte	0x50
 1229 000b 08000000 		.4byte	.LVL2
 1230 000f 2E000000 		.4byte	.LVL6
 1231 0013 0100     		.2byte	0x1
 1232 0015 56       		.byte	0x56
 1233 0016 2E000000 		.4byte	.LVL6
 1234 001a 30000000 		.4byte	.LFE3
 1235 001e 0400     		.2byte	0x4
 1236 0020 F3       		.byte	0xf3
 1237 0021 01       		.uleb128 0x1
 1238 0022 50       		.byte	0x50
 1239 0023 9F       		.byte	0x9f
 1240 0024 00000000 		.4byte	0
 1241 0028 00000000 		.4byte	0
 1242              	.LLST1:
 1243 002c 04000000 		.4byte	.LVL1
 1244 0030 08000000 		.4byte	.LVL2
 1245 0034 0200     		.2byte	0x2
 1246 0036 30       		.byte	0x30
 1247 0037 9F       		.byte	0x9f
 1248 0038 08000000 		.4byte	.LVL2
ARM GAS  C:\Users\Phuong\AppData\Local\Temp\ccERItZl.s 			page 25


 1249 003c 2E000000 		.4byte	.LVL5
 1250 0040 0100     		.2byte	0x1
 1251 0042 54       		.byte	0x54
 1252 0043 00000000 		.4byte	0
 1253 0047 00000000 		.4byte	0
 1254              	.LLST2:
 1255 004b 00000000 		.4byte	.LVL7
 1256 004f 06000000 		.4byte	.LVL8
 1257 0053 0100     		.2byte	0x1
 1258 0055 50       		.byte	0x50
 1259 0056 06000000 		.4byte	.LVL8
 1260 005a 0C000000 		.4byte	.LVL9
 1261 005e 0400     		.2byte	0x4
 1262 0060 F3       		.byte	0xf3
 1263 0061 01       		.uleb128 0x1
 1264 0062 50       		.byte	0x50
 1265 0063 9F       		.byte	0x9f
 1266 0064 0C000000 		.4byte	.LVL9
 1267 0068 0E000000 		.4byte	.LVL10
 1268 006c 0100     		.2byte	0x1
 1269 006e 50       		.byte	0x50
 1270 006f 0E000000 		.4byte	.LVL10
 1271 0073 14000000 		.4byte	.LFE1
 1272 0077 0400     		.2byte	0x4
 1273 0079 F3       		.byte	0xf3
 1274 007a 01       		.uleb128 0x1
 1275 007b 50       		.byte	0x50
 1276 007c 9F       		.byte	0x9f
 1277 007d 00000000 		.4byte	0
 1278 0081 00000000 		.4byte	0
 1279              	.LLST3:
 1280 0085 00000000 		.4byte	.LVL11
 1281 0089 12000000 		.4byte	.LVL12
 1282 008d 0100     		.2byte	0x1
 1283 008f 50       		.byte	0x50
 1284 0090 12000000 		.4byte	.LVL12
 1285 0094 30000000 		.4byte	.LVL15
 1286 0098 0100     		.2byte	0x1
 1287 009a 55       		.byte	0x55
 1288 009b 30000000 		.4byte	.LVL15
 1289 009f 32000000 		.4byte	.LVL16
 1290 00a3 0100     		.2byte	0x1
 1291 00a5 50       		.byte	0x50
 1292 00a6 32000000 		.4byte	.LVL16
 1293 00aa 34000000 		.4byte	.LVL17
 1294 00ae 0100     		.2byte	0x1
 1295 00b0 55       		.byte	0x55
 1296 00b1 34000000 		.4byte	.LVL17
 1297 00b5 36000000 		.4byte	.LVL18
 1298 00b9 0100     		.2byte	0x1
 1299 00bb 50       		.byte	0x50
 1300 00bc 36000000 		.4byte	.LVL18
 1301 00c0 36000000 		.4byte	.LVL19
 1302 00c4 0100     		.2byte	0x1
 1303 00c6 55       		.byte	0x55
 1304 00c7 36000000 		.4byte	.LVL19
 1305 00cb 3C000000 		.4byte	.LFE2
ARM GAS  C:\Users\Phuong\AppData\Local\Temp\ccERItZl.s 			page 26


 1306 00cf 0400     		.2byte	0x4
 1307 00d1 F3       		.byte	0xf3
 1308 00d2 01       		.uleb128 0x1
 1309 00d3 50       		.byte	0x50
 1310 00d4 9F       		.byte	0x9f
 1311 00d5 00000000 		.4byte	0
 1312 00d9 00000000 		.4byte	0
 1313              	.LLST4:
 1314 00dd 00000000 		.4byte	.LVL11
 1315 00e1 12000000 		.4byte	.LVL12
 1316 00e5 0100     		.2byte	0x1
 1317 00e7 51       		.byte	0x51
 1318 00e8 12000000 		.4byte	.LVL12
 1319 00ec 30000000 		.4byte	.LVL15
 1320 00f0 0100     		.2byte	0x1
 1321 00f2 56       		.byte	0x56
 1322 00f3 30000000 		.4byte	.LVL15
 1323 00f7 36000000 		.4byte	.LVL18
 1324 00fb 0100     		.2byte	0x1
 1325 00fd 51       		.byte	0x51
 1326 00fe 36000000 		.4byte	.LVL18
 1327 0102 36000000 		.4byte	.LVL20
 1328 0106 0100     		.2byte	0x1
 1329 0108 56       		.byte	0x56
 1330 0109 36000000 		.4byte	.LVL20
 1331 010d 3C000000 		.4byte	.LFE2
 1332 0111 0400     		.2byte	0x4
 1333 0113 F3       		.byte	0xf3
 1334 0114 01       		.uleb128 0x1
 1335 0115 51       		.byte	0x51
 1336 0116 9F       		.byte	0x9f
 1337 0117 00000000 		.4byte	0
 1338 011b 00000000 		.4byte	0
 1339              	.LLST5:
 1340 011f 12000000 		.4byte	.LVL12
 1341 0123 30000000 		.4byte	.LVL15
 1342 0127 0100     		.2byte	0x1
 1343 0129 54       		.byte	0x54
 1344 012a 00000000 		.4byte	0
 1345 012e 00000000 		.4byte	0
 1346              	.LLST6:
 1347 0132 00000000 		.4byte	.LVL21
 1348 0136 0F000000 		.4byte	.LVL23-1
 1349 013a 0100     		.2byte	0x1
 1350 013c 50       		.byte	0x50
 1351 013d 0F000000 		.4byte	.LVL23-1
 1352 0141 12000000 		.4byte	.LVL24
 1353 0145 0100     		.2byte	0x1
 1354 0147 54       		.byte	0x54
 1355 0148 12000000 		.4byte	.LVL24
 1356 014c 2A000000 		.4byte	.LVL27
 1357 0150 0400     		.2byte	0x4
 1358 0152 F3       		.byte	0xf3
 1359 0153 01       		.uleb128 0x1
 1360 0154 50       		.byte	0x50
 1361 0155 9F       		.byte	0x9f
 1362 0156 2A000000 		.4byte	.LVL27
ARM GAS  C:\Users\Phuong\AppData\Local\Temp\ccERItZl.s 			page 27


 1363 015a 2C000000 		.4byte	.LVL28
 1364 015e 0100     		.2byte	0x1
 1365 0160 50       		.byte	0x50
 1366 0161 2C000000 		.4byte	.LVL28
 1367 0165 80000000 		.4byte	.LVL42
 1368 0169 0100     		.2byte	0x1
 1369 016b 54       		.byte	0x54
 1370 016c 80000000 		.4byte	.LVL42
 1371 0170 94000000 		.4byte	.LFE4
 1372 0174 0400     		.2byte	0x4
 1373 0176 F3       		.byte	0xf3
 1374 0177 01       		.uleb128 0x1
 1375 0178 50       		.byte	0x50
 1376 0179 9F       		.byte	0x9f
 1377 017a 00000000 		.4byte	0
 1378 017e 00000000 		.4byte	0
 1379              	.LLST7:
 1380 0182 00000000 		.4byte	.LVL21
 1381 0186 0F000000 		.4byte	.LVL23-1
 1382 018a 0100     		.2byte	0x1
 1383 018c 51       		.byte	0x51
 1384 018d 0F000000 		.4byte	.LVL23-1
 1385 0191 2A000000 		.4byte	.LVL27
 1386 0195 0400     		.2byte	0x4
 1387 0197 F3       		.byte	0xf3
 1388 0198 01       		.uleb128 0x1
 1389 0199 51       		.byte	0x51
 1390 019a 9F       		.byte	0x9f
 1391 019b 2A000000 		.4byte	.LVL27
 1392 019f 2F000000 		.4byte	.LVL29-1
 1393 01a3 0100     		.2byte	0x1
 1394 01a5 51       		.byte	0x51
 1395 01a6 2F000000 		.4byte	.LVL29-1
 1396 01aa 94000000 		.4byte	.LFE4
 1397 01ae 0400     		.2byte	0x4
 1398 01b0 F3       		.byte	0xf3
 1399 01b1 01       		.uleb128 0x1
 1400 01b2 51       		.byte	0x51
 1401 01b3 9F       		.byte	0x9f
 1402 01b4 00000000 		.4byte	0
 1403 01b8 00000000 		.4byte	0
 1404              	.LLST8:
 1405 01bc 0C000000 		.4byte	.LVL22
 1406 01c0 2A000000 		.4byte	.LVL27
 1407 01c4 0200     		.2byte	0x2
 1408 01c6 31       		.byte	0x31
 1409 01c7 9F       		.byte	0x9f
 1410 01c8 7C000000 		.4byte	.LVL41
 1411 01cc 80000000 		.4byte	.LVL42
 1412 01d0 0200     		.2byte	0x2
 1413 01d2 30       		.byte	0x30
 1414 01d3 9F       		.byte	0x9f
 1415 01d4 80000000 		.4byte	.LVL42
 1416 01d8 82000000 		.4byte	.LVL43
 1417 01dc 0200     		.2byte	0x2
 1418 01de 31       		.byte	0x31
 1419 01df 9F       		.byte	0x9f
ARM GAS  C:\Users\Phuong\AppData\Local\Temp\ccERItZl.s 			page 28


 1420 01e0 82000000 		.4byte	.LVL43
 1421 01e4 94000000 		.4byte	.LFE4
 1422 01e8 0100     		.2byte	0x1
 1423 01ea 50       		.byte	0x50
 1424 01eb 00000000 		.4byte	0
 1425 01ef 00000000 		.4byte	0
 1426              	.LLST9:
 1427 01f3 12000000 		.4byte	.LVL24
 1428 01f7 24000000 		.4byte	.LVL25
 1429 01fb 0100     		.2byte	0x1
 1430 01fd 50       		.byte	0x50
 1431 01fe 24000000 		.4byte	.LVL25
 1432 0202 2A000000 		.4byte	.LVL27
 1433 0206 0100     		.2byte	0x1
 1434 0208 54       		.byte	0x54
 1435 0209 80000000 		.4byte	.LVL42
 1436 020d 82000000 		.4byte	.LVL43
 1437 0211 0100     		.2byte	0x1
 1438 0213 50       		.byte	0x50
 1439 0214 00000000 		.4byte	0
 1440 0218 00000000 		.4byte	0
 1441              	.LLST10:
 1442 021c 30000000 		.4byte	.LVL29
 1443 0220 36000000 		.4byte	.LVL30
 1444 0224 0200     		.2byte	0x2
 1445 0226 30       		.byte	0x30
 1446 0227 9F       		.byte	0x9f
 1447 0228 36000000 		.4byte	.LVL30
 1448 022c 80000000 		.4byte	.LVL42
 1449 0230 0100     		.2byte	0x1
 1450 0232 51       		.byte	0x51
 1451 0233 00000000 		.4byte	0
 1452 0237 00000000 		.4byte	0
 1453              	.LLST11:
 1454 023b 36000000 		.4byte	.LVL30
 1455 023f 6A000000 		.4byte	.LVL37
 1456 0243 0100     		.2byte	0x1
 1457 0245 50       		.byte	0x50
 1458 0246 6C000000 		.4byte	.LVL38
 1459 024a 72000000 		.4byte	.LVL39
 1460 024e 0100     		.2byte	0x1
 1461 0250 50       		.byte	0x50
 1462 0251 00000000 		.4byte	0
 1463 0255 00000000 		.4byte	0
 1464              	.LLST12:
 1465 0259 2A000000 		.4byte	.LVL27
 1466 025d 36000000 		.4byte	.LVL30
 1467 0261 0200     		.2byte	0x2
 1468 0263 30       		.byte	0x30
 1469 0264 9F       		.byte	0x9f
 1470 0265 36000000 		.4byte	.LVL30
 1471 0269 78000000 		.4byte	.LVL40
 1472 026d 0100     		.2byte	0x1
 1473 026f 53       		.byte	0x53
 1474 0270 00000000 		.4byte	0
 1475 0274 00000000 		.4byte	0
 1476              	.LLST13:
ARM GAS  C:\Users\Phuong\AppData\Local\Temp\ccERItZl.s 			page 29


 1477 0278 44000000 		.4byte	.LVL31
 1478 027c 62000000 		.4byte	.LVL34
 1479 0280 0100     		.2byte	0x1
 1480 0282 52       		.byte	0x52
 1481 0283 62000000 		.4byte	.LVL34
 1482 0287 66000000 		.4byte	.LVL35
 1483 028b 0700     		.2byte	0x7
 1484 028d 74       		.byte	0x74
 1485 028e 00       		.sleb128 0
 1486 028f 73       		.byte	0x73
 1487 0290 00       		.sleb128 0
 1488 0291 22       		.byte	0x22
 1489 0292 31       		.byte	0x31
 1490 0293 1C       		.byte	0x1c
 1491 0294 00000000 		.4byte	0
 1492 0298 00000000 		.4byte	0
 1493              		.section	.debug_aranges,"",%progbits
 1494 0000 34000000 		.4byte	0x34
 1495 0004 0200     		.2byte	0x2
 1496 0006 00000000 		.4byte	.Ldebug_info0
 1497 000a 04       		.byte	0x4
 1498 000b 00       		.byte	0
 1499 000c 0000     		.2byte	0
 1500 000e 0000     		.2byte	0
 1501 0010 00000000 		.4byte	.LFB3
 1502 0014 30000000 		.4byte	.LFE3-.LFB3
 1503 0018 00000000 		.4byte	.LFB1
 1504 001c 14000000 		.4byte	.LFE1-.LFB1
 1505 0020 00000000 		.4byte	.LFB2
 1506 0024 3C000000 		.4byte	.LFE2-.LFB2
 1507 0028 00000000 		.4byte	.LFB4
 1508 002c 94000000 		.4byte	.LFE4-.LFB4
 1509 0030 00000000 		.4byte	0
 1510 0034 00000000 		.4byte	0
 1511              		.section	.debug_ranges,"",%progbits
 1512              	.Ldebug_ranges0:
 1513 0000 00000000 		.4byte	.LFB3
 1514 0004 30000000 		.4byte	.LFE3
 1515 0008 00000000 		.4byte	.LFB1
 1516 000c 14000000 		.4byte	.LFE1
 1517 0010 00000000 		.4byte	.LFB2
 1518 0014 3C000000 		.4byte	.LFE2
 1519 0018 00000000 		.4byte	.LFB4
 1520 001c 94000000 		.4byte	.LFE4
 1521 0020 00000000 		.4byte	0
 1522 0024 00000000 		.4byte	0
 1523              		.section	.debug_line,"",%progbits
 1524              	.Ldebug_line0:
 1525 0000 87020000 		.section	.debug_str,"MS",%progbits,1
 1525      0200A801 
 1525      00000201 
 1525      FB0E0D00 
 1525      01010101 
 1526              	.LASF40:
 1527 0000 786C6F67 		.ascii	"xlogging_get_log_function\000"
 1527      67696E67 
 1527      5F676574 
ARM GAS  C:\Users\Phuong\AppData\Local\Temp\ccERItZl.s 			page 30


 1527      5F6C6F67 
 1527      5F66756E 
 1528              	.LASF37:
 1529 001a 746F6368 		.ascii	"tochar\000"
 1529      617200
 1530              	.LASF12:
 1531 0021 554E4951 		.ascii	"UNIQUEID_OK\000"
 1531      55454944 
 1531      5F4F4B00 
 1532              	.LASF25:
 1533 002d 76616C75 		.ascii	"value\000"
 1533      6500
 1534              	.LASF45:
 1535 0033 5F5F6675 		.ascii	"__func__\000"
 1535      6E635F5F 
 1535      00
 1536              	.LASF34:
 1537 003c 73686966 		.ascii	"shiftCount\000"
 1537      74436F75 
 1537      6E7400
 1538              	.LASF5:
 1539 0047 73686F72 		.ascii	"short int\000"
 1539      7420696E 
 1539      7400
 1540              	.LASF29:
 1541 0051 64657374 		.ascii	"destination\000"
 1541      696E6174 
 1541      696F6E00 
 1542              	.LASF33:
 1543 005d 61727261 		.ascii	"arrayOfChar\000"
 1543      794F6643 
 1543      68617200 
 1544              	.LASF27:
 1545 0069 554E4951 		.ascii	"UNIQUEID_RESULT_FromString\000"
 1545      55454944 
 1545      5F524553 
 1545      554C545F 
 1545      46726F6D 
 1546              	.LASF42:
 1547 0084 536F7572 		.ascii	"Source\\azure_iot_sdk\\c-utility\\adapters\\uniquei"
 1547      63655C61 
 1547      7A757265 
 1547      5F696F74 
 1547      5F73646B 
 1548 00b3 645F7374 		.ascii	"d_stub.c\000"
 1548      75622E63 
 1548      00
 1549              	.LASF21:
 1550 00bc 415A5F4C 		.ascii	"AZ_LOG_TRACE\000"
 1550      4F475F54 
 1550      52414345 
 1550      00
 1551              	.LASF17:
 1552 00c9 554E4951 		.ascii	"UNIQUEID_RESULT_TAG\000"
 1552      55454944 
 1552      5F524553 
 1552      554C545F 
ARM GAS  C:\Users\Phuong\AppData\Local\Temp\ccERItZl.s 			page 31


 1552      54414700 
 1553              	.LASF8:
 1554 00dd 6C6F6E67 		.ascii	"long unsigned int\000"
 1554      20756E73 
 1554      69676E65 
 1554      6420696E 
 1554      7400
 1555              	.LASF18:
 1556 00ef 4C4F475F 		.ascii	"LOG_CATEGORY_TAG\000"
 1556      43415445 
 1556      474F5259 
 1556      5F544147 
 1556      00
 1557              	.LASF6:
 1558 0100 73686F72 		.ascii	"short unsigned int\000"
 1558      7420756E 
 1558      7369676E 
 1558      65642069 
 1558      6E7400
 1559              	.LASF15:
 1560 0113 73697A65 		.ascii	"size_t\000"
 1560      5F7400
 1561              	.LASF44:
 1562 011a 67656E65 		.ascii	"generate128BitUUID\000"
 1562      72617465 
 1562      31323842 
 1562      69745555 
 1562      494400
 1563              	.LASF35:
 1564 012d 63686172 		.ascii	"characterPosition\000"
 1564      61637465 
 1564      72506F73 
 1564      6974696F 
 1564      6E00
 1565              	.LASF46:
 1566 013f 554E4951 		.ascii	"UNIQUEID_RESULTStringStorage\000"
 1566      55454944 
 1566      5F524553 
 1566      554C5453 
 1566      7472696E 
 1567              	.LASF22:
 1568 015c 4C4F475F 		.ascii	"LOG_CATEGORY\000"
 1568      43415445 
 1568      474F5259 
 1568      00
 1569              	.LASF23:
 1570 0169 4C4F4747 		.ascii	"LOGGER_LOG\000"
 1570      45525F4C 
 1570      4F4700
 1571              	.LASF30:
 1572 0174 61727261 		.ascii	"arrayIndex\000"
 1572      79496E64 
 1572      657800
 1573              	.LASF26:
 1574 017f 554E4951 		.ascii	"UNIQUEID_RESULTStrings\000"
 1574      55454944 
 1574      5F524553 
ARM GAS  C:\Users\Phuong\AppData\Local\Temp\ccERItZl.s 			page 32


 1574      554C5453 
 1574      7472696E 
 1575              	.LASF31:
 1576 0196 556E6971 		.ascii	"UniqueId_Generate\000"
 1576      75654964 
 1576      5F47656E 
 1576      65726174 
 1576      6500
 1577              	.LASF41:
 1578 01a8 474E5520 		.ascii	"GNU C11 5.4.1 20160609 (release) [ARM/embedded-5-br"
 1578      43313120 
 1578      352E342E 
 1578      31203230 
 1578      31363036 
 1579 01db 616E6368 		.ascii	"anch revision 237715] -mcpu=cortex-m0plus -mthumb -"
 1579      20726576 
 1579      6973696F 
 1579      6E203233 
 1579      37373135 
 1580 020e 67202D4F 		.ascii	"g -Og -ffunction-sections -ffat-lto-objects\000"
 1580      67202D66 
 1580      66756E63 
 1580      74696F6E 
 1580      2D736563 
 1581              	.LASF4:
 1582 023a 756E7369 		.ascii	"unsigned char\000"
 1582      676E6564 
 1582      20636861 
 1582      7200
 1583              	.LASF0:
 1584 0248 756E7369 		.ascii	"unsigned int\000"
 1584      676E6564 
 1584      20696E74 
 1584      00
 1585              	.LASF43:
 1586 0255 433A5C55 		.ascii	"C:\\Users\\Phuong\\Documents\\PSoC Creator\\Dec0820"
 1586      73657273 
 1586      5C506875 
 1586      6F6E675C 
 1586      446F6375 
 1587 0283 31385C69 		.ascii	"18\\iot-sdk-iot-dev\\PSOC6_FreeRTOS+LwIP+MbedTLS_Az"
 1587      6F742D73 
 1587      646B2D69 
 1587      6F742D64 
 1587      65765C50 
 1588 02b4 7572652D 		.ascii	"ure-IOT-Hub-Demo\\PSOC6_FreeRTOS+LwIP+MbedTLS_Azure"
 1588      494F542D 
 1588      4875622D 
 1588      44656D6F 
 1588      5C50534F 
 1589 02e6 2D494F54 		.ascii	"-IOT-Hub-Demo.cydsn\000"
 1589      2D487562 
 1589      2D44656D 
 1589      6F2E6379 
 1589      64736E00 
 1590              	.LASF9:
 1591 02fa 6C6F6E67 		.ascii	"long long unsigned int\000"
ARM GAS  C:\Users\Phuong\AppData\Local\Temp\ccERItZl.s 			page 33


 1591      206C6F6E 
 1591      6720756E 
 1591      7369676E 
 1591      65642069 
 1592              	.LASF32:
 1593 0311 72657375 		.ascii	"result\000"
 1593      6C7400
 1594              	.LASF13:
 1595 0318 554E4951 		.ascii	"UNIQUEID_INVALID_ARG\000"
 1595      55454944 
 1595      5F494E56 
 1595      414C4944 
 1595      5F415247 
 1596              	.LASF39:
 1597 032d 73747263 		.ascii	"strcmp\000"
 1597      6D7000
 1598              	.LASF10:
 1599 0334 73697A65 		.ascii	"sizetype\000"
 1599      74797065 
 1599      00
 1600              	.LASF1:
 1601 033d 6C6F6E67 		.ascii	"long long int\000"
 1601      206C6F6E 
 1601      6720696E 
 1601      7400
 1602              	.LASF11:
 1603 034b 63686172 		.ascii	"char\000"
 1603      00
 1604              	.LASF14:
 1605 0350 554E4951 		.ascii	"UNIQUEID_ERROR\000"
 1605      55454944 
 1605      5F455252 
 1605      4F5200
 1606              	.LASF28:
 1607 035f 656E756D 		.ascii	"enumAsString\000"
 1607      41735374 
 1607      72696E67 
 1607      00
 1608              	.LASF20:
 1609 036c 415A5F4C 		.ascii	"AZ_LOG_INFO\000"
 1609      4F475F49 
 1609      4E464F00 
 1610              	.LASF24:
 1611 0378 61727261 		.ascii	"arrayOfByte\000"
 1611      794F6642 
 1611      79746500 
 1612              	.LASF16:
 1613 0384 554E4951 		.ascii	"UNIQUEID_RESULT\000"
 1613      55454944 
 1613      5F524553 
 1613      554C5400 
 1614              	.LASF7:
 1615 0394 6C6F6E67 		.ascii	"long int\000"
 1615      20696E74 
 1615      00
 1616              	.LASF2:
 1617 039d 6C6F6E67 		.ascii	"long double\000"
ARM GAS  C:\Users\Phuong\AppData\Local\Temp\ccERItZl.s 			page 34


 1617      20646F75 
 1617      626C6500 
 1618              	.LASF36:
 1619 03a9 68657843 		.ascii	"hexChar\000"
 1619      68617200 
 1620              	.LASF3:
 1621 03b1 7369676E 		.ascii	"signed char\000"
 1621      65642063 
 1621      68617200 
 1622              	.LASF19:
 1623 03bd 415A5F4C 		.ascii	"AZ_LOG_ERROR\000"
 1623      4F475F45 
 1623      52524F52 
 1623      00
 1624              	.LASF38:
 1625 03ca 72616E64 		.ascii	"rand\000"
 1625      00
 1626              		.ident	"GCC: (GNU Tools for ARM Embedded Processors) 5.4.1 20160609 (release) [ARM/embedded-5-bran
