ARM GAS  C:\Users\Phuong\AppData\Local\Temp\cclf2lQX.s 			page 1


   1              		.syntax unified
   2              		.cpu cortex-m0plus
   3              		.fpu softvfp
   4              		.eabi_attribute 20, 1
   5              		.eabi_attribute 21, 1
   6              		.eabi_attribute 23, 3
   7              		.eabi_attribute 24, 1
   8              		.eabi_attribute 25, 1
   9              		.eabi_attribute 26, 1
  10              		.eabi_attribute 30, 1
  11              		.eabi_attribute 34, 0
  12              		.eabi_attribute 18, 4
  13              		.thumb
  14              		.syntax unified
  15              		.file	"version.c"
  16              		.text
  17              	.Ltext0:
  18              		.cfi_sections	.debug_frame
  19              		.section	.text.mbedtls_version_get_number,"ax",%progbits
  20              		.align	2
  21              		.global	mbedtls_version_get_number
  22              		.code	16
  23              		.thumb_func
  24              		.type	mbedtls_version_get_number, %function
  25              	mbedtls_version_get_number:
  26              	.LFB0:
  27              		.file 1 "Source\\mbedtls_open\\library\\version.c"
   1:Source\mbedtls_open\library/version.c **** /*
   2:Source\mbedtls_open\library/version.c ****  *  Version information
   3:Source\mbedtls_open\library/version.c ****  *
   4:Source\mbedtls_open\library/version.c ****  *  Copyright (C) 2006-2015, ARM Limited, All Rights Reserved
   5:Source\mbedtls_open\library/version.c ****  *  SPDX-License-Identifier: Apache-2.0
   6:Source\mbedtls_open\library/version.c ****  *
   7:Source\mbedtls_open\library/version.c ****  *  Licensed under the Apache License, Version 2.0 (the "License"); you may
   8:Source\mbedtls_open\library/version.c ****  *  not use this file except in compliance with the License.
   9:Source\mbedtls_open\library/version.c ****  *  You may obtain a copy of the License at
  10:Source\mbedtls_open\library/version.c ****  *
  11:Source\mbedtls_open\library/version.c ****  *  http://www.apache.org/licenses/LICENSE-2.0
  12:Source\mbedtls_open\library/version.c ****  *
  13:Source\mbedtls_open\library/version.c ****  *  Unless required by applicable law or agreed to in writing, software
  14:Source\mbedtls_open\library/version.c ****  *  distributed under the License is distributed on an "AS IS" BASIS, WITHOUT
  15:Source\mbedtls_open\library/version.c ****  *  WARRANTIES OR CONDITIONS OF ANY KIND, either express or implied.
  16:Source\mbedtls_open\library/version.c ****  *  See the License for the specific language governing permissions and
  17:Source\mbedtls_open\library/version.c ****  *  limitations under the License.
  18:Source\mbedtls_open\library/version.c ****  *
  19:Source\mbedtls_open\library/version.c ****  *  This file is part of mbed TLS (https://tls.mbed.org)
  20:Source\mbedtls_open\library/version.c ****  */
  21:Source\mbedtls_open\library/version.c **** 
  22:Source\mbedtls_open\library/version.c **** #if !defined(MBEDTLS_CONFIG_FILE)
  23:Source\mbedtls_open\library/version.c **** #include "mbedtls/config.h"
  24:Source\mbedtls_open\library/version.c **** #else
  25:Source\mbedtls_open\library/version.c **** #include MBEDTLS_CONFIG_FILE
  26:Source\mbedtls_open\library/version.c **** #endif
  27:Source\mbedtls_open\library/version.c **** 
  28:Source\mbedtls_open\library/version.c **** #if defined(MBEDTLS_VERSION_C)
  29:Source\mbedtls_open\library/version.c **** 
  30:Source\mbedtls_open\library/version.c **** #include "mbedtls/version.h"
ARM GAS  C:\Users\Phuong\AppData\Local\Temp\cclf2lQX.s 			page 2


  31:Source\mbedtls_open\library/version.c **** #include <string.h>
  32:Source\mbedtls_open\library/version.c **** 
  33:Source\mbedtls_open\library/version.c **** unsigned int mbedtls_version_get_number( void )
  34:Source\mbedtls_open\library/version.c **** {
  28              		.loc 1 34 0
  29              		.cfi_startproc
  30              		@ args = 0, pretend = 0, frame = 0
  31              		@ frame_needed = 0, uses_anonymous_args = 0
  32              		@ link register save eliminated.
  35:Source\mbedtls_open\library/version.c ****     return( MBEDTLS_VERSION_NUMBER );
  36:Source\mbedtls_open\library/version.c **** }
  33              		.loc 1 36 0
  34 0000 0048     		ldr	r0, .L2
  35              		@ sp needed
  36 0002 7047     		bx	lr
  37              	.L3:
  38              		.align	2
  39              	.L2:
  40 0004 00010D02 		.word	34406656
  41              		.cfi_endproc
  42              	.LFE0:
  43              		.size	mbedtls_version_get_number, .-mbedtls_version_get_number
  44              		.section	.text.mbedtls_version_get_string,"ax",%progbits
  45              		.align	2
  46              		.global	mbedtls_version_get_string
  47              		.code	16
  48              		.thumb_func
  49              		.type	mbedtls_version_get_string, %function
  50              	mbedtls_version_get_string:
  51              	.LFB1:
  37:Source\mbedtls_open\library/version.c **** 
  38:Source\mbedtls_open\library/version.c **** void mbedtls_version_get_string( char *string )
  39:Source\mbedtls_open\library/version.c **** {
  52              		.loc 1 39 0
  53              		.cfi_startproc
  54              		@ args = 0, pretend = 0, frame = 0
  55              		@ frame_needed = 0, uses_anonymous_args = 0
  56              	.LVL0:
  57 0000 10B5     		push	{r4, lr}
  58              		.cfi_def_cfa_offset 8
  59              		.cfi_offset 4, -8
  60              		.cfi_offset 14, -4
  40:Source\mbedtls_open\library/version.c ****     memcpy( string, MBEDTLS_VERSION_STRING,
  61              		.loc 1 40 0
  62 0002 0722     		movs	r2, #7
  63 0004 0149     		ldr	r1, .L5
  64 0006 FFF7FEFF 		bl	memcpy
  65              	.LVL1:
  41:Source\mbedtls_open\library/version.c ****             sizeof( MBEDTLS_VERSION_STRING ) );
  42:Source\mbedtls_open\library/version.c **** }
  66              		.loc 1 42 0
  67              		@ sp needed
  68 000a 10BD     		pop	{r4, pc}
  69              	.L6:
  70              		.align	2
  71              	.L5:
  72 000c 00000000 		.word	.LC0
ARM GAS  C:\Users\Phuong\AppData\Local\Temp\cclf2lQX.s 			page 3


  73              		.cfi_endproc
  74              	.LFE1:
  75              		.size	mbedtls_version_get_string, .-mbedtls_version_get_string
  76              		.section	.text.mbedtls_version_get_string_full,"ax",%progbits
  77              		.align	2
  78              		.global	mbedtls_version_get_string_full
  79              		.code	16
  80              		.thumb_func
  81              		.type	mbedtls_version_get_string_full, %function
  82              	mbedtls_version_get_string_full:
  83              	.LFB2:
  43:Source\mbedtls_open\library/version.c **** 
  44:Source\mbedtls_open\library/version.c **** void mbedtls_version_get_string_full( char *string )
  45:Source\mbedtls_open\library/version.c **** {
  84              		.loc 1 45 0
  85              		.cfi_startproc
  86              		@ args = 0, pretend = 0, frame = 0
  87              		@ frame_needed = 0, uses_anonymous_args = 0
  88              	.LVL2:
  89 0000 10B5     		push	{r4, lr}
  90              		.cfi_def_cfa_offset 8
  91              		.cfi_offset 4, -8
  92              		.cfi_offset 14, -4
  46:Source\mbedtls_open\library/version.c ****     memcpy( string, MBEDTLS_VERSION_STRING_FULL,
  93              		.loc 1 46 0
  94 0002 1022     		movs	r2, #16
  95 0004 0149     		ldr	r1, .L8
  96 0006 FFF7FEFF 		bl	memcpy
  97              	.LVL3:
  47:Source\mbedtls_open\library/version.c ****             sizeof( MBEDTLS_VERSION_STRING_FULL ) );
  48:Source\mbedtls_open\library/version.c **** }
  98              		.loc 1 48 0
  99              		@ sp needed
 100 000a 10BD     		pop	{r4, pc}
 101              	.L9:
 102              		.align	2
 103              	.L8:
 104 000c 08000000 		.word	.LC2
 105              		.cfi_endproc
 106              	.LFE2:
 107              		.size	mbedtls_version_get_string_full, .-mbedtls_version_get_string_full
 108              		.section	.rodata.str1.4,"aMS",%progbits,1
 109              		.align	2
 110              	.LC0:
 111 0000 322E3133 		.ascii	"2.13.1\000"
 111      2E3100
 112 0007 00       		.space	1
 113              	.LC2:
 114 0008 6D626564 		.ascii	"mbed TLS 2.13.1\000"
 114      20544C53 
 114      20322E31 
 114      332E3100 
 115              		.text
 116              	.Letext0:
 117              		.section	.debug_info,"",%progbits
 118              	.Ldebug_info0:
 119 0000 29010000 		.4byte	0x129
ARM GAS  C:\Users\Phuong\AppData\Local\Temp\cclf2lQX.s 			page 4


 120 0004 0400     		.2byte	0x4
 121 0006 00000000 		.4byte	.Ldebug_abbrev0
 122 000a 04       		.byte	0x4
 123 000b 01       		.uleb128 0x1
 124 000c B7010000 		.4byte	.LASF15
 125 0010 0C       		.byte	0xc
 126 0011 5E000000 		.4byte	.LASF16
 127 0015 B2000000 		.4byte	.LASF17
 128 0019 00000000 		.4byte	.Ldebug_ranges0+0
 129 001d 00000000 		.4byte	0
 130 0021 00000000 		.4byte	.Ldebug_line0
 131 0025 02       		.uleb128 0x2
 132 0026 01       		.byte	0x1
 133 0027 06       		.byte	0x6
 134 0028 8E010000 		.4byte	.LASF0
 135 002c 02       		.uleb128 0x2
 136 002d 01       		.byte	0x1
 137 002e 08       		.byte	0x8
 138 002f A4000000 		.4byte	.LASF1
 139 0033 02       		.uleb128 0x2
 140 0034 02       		.byte	0x2
 141 0035 05       		.byte	0x5
 142 0036 AD010000 		.4byte	.LASF2
 143 003a 02       		.uleb128 0x2
 144 003b 02       		.byte	0x2
 145 003c 07       		.byte	0x7
 146 003d 7B010000 		.4byte	.LASF3
 147 0041 02       		.uleb128 0x2
 148 0042 04       		.byte	0x4
 149 0043 05       		.byte	0x5
 150 0044 57010000 		.4byte	.LASF4
 151 0048 02       		.uleb128 0x2
 152 0049 04       		.byte	0x4
 153 004a 07       		.byte	0x7
 154 004b 35000000 		.4byte	.LASF5
 155 004f 02       		.uleb128 0x2
 156 0050 08       		.byte	0x8
 157 0051 05       		.byte	0x5
 158 0052 00000000 		.4byte	.LASF6
 159 0056 02       		.uleb128 0x2
 160 0057 08       		.byte	0x8
 161 0058 07       		.byte	0x7
 162 0059 47000000 		.4byte	.LASF7
 163 005d 03       		.uleb128 0x3
 164 005e 04       		.byte	0x4
 165 005f 05       		.byte	0x5
 166 0060 696E7400 		.ascii	"int\000"
 167 0064 02       		.uleb128 0x2
 168 0065 04       		.byte	0x4
 169 0066 07       		.byte	0x7
 170 0067 49020000 		.4byte	.LASF8
 171 006b 02       		.uleb128 0x2
 172 006c 08       		.byte	0x8
 173 006d 04       		.byte	0x4
 174 006e 9A010000 		.4byte	.LASF9
 175 0072 02       		.uleb128 0x2
 176 0073 04       		.byte	0x4
ARM GAS  C:\Users\Phuong\AppData\Local\Temp\cclf2lQX.s 			page 5


 177 0074 07       		.byte	0x7
 178 0075 56020000 		.4byte	.LASF10
 179 0079 04       		.uleb128 0x4
 180 007a 04       		.byte	0x4
 181 007b 7F000000 		.4byte	0x7f
 182 007f 02       		.uleb128 0x2
 183 0080 01       		.byte	0x1
 184 0081 08       		.byte	0x8
 185 0082 84000000 		.4byte	.LASF11
 186 0086 05       		.uleb128 0x5
 187 0087 60010000 		.4byte	.LASF18
 188 008b 01       		.byte	0x1
 189 008c 21       		.byte	0x21
 190 008d 64000000 		.4byte	0x64
 191 0091 00000000 		.4byte	.LFB0
 192 0095 08000000 		.4byte	.LFE0-.LFB0
 193 0099 01       		.uleb128 0x1
 194 009a 9C       		.byte	0x9c
 195 009b 06       		.uleb128 0x6
 196 009c 89000000 		.4byte	.LASF12
 197 00a0 01       		.byte	0x1
 198 00a1 26       		.byte	0x26
 199 00a2 00000000 		.4byte	.LFB1
 200 00a6 10000000 		.4byte	.LFE1-.LFB1
 201 00aa 01       		.uleb128 0x1
 202 00ab 9C       		.byte	0x9c
 203 00ac DF000000 		.4byte	0xdf
 204 00b0 07       		.uleb128 0x7
 205 00b1 0E000000 		.4byte	.LASF14
 206 00b5 01       		.byte	0x1
 207 00b6 26       		.byte	0x26
 208 00b7 79000000 		.4byte	0x79
 209 00bb 00000000 		.4byte	.LLST0
 210 00bf 08       		.uleb128 0x8
 211 00c0 0A000000 		.4byte	.LVL1
 212 00c4 23010000 		.4byte	0x123
 213 00c8 09       		.uleb128 0x9
 214 00c9 01       		.uleb128 0x1
 215 00ca 50       		.byte	0x50
 216 00cb 03       		.uleb128 0x3
 217 00cc F3       		.byte	0xf3
 218 00cd 01       		.uleb128 0x1
 219 00ce 50       		.byte	0x50
 220 00cf 09       		.uleb128 0x9
 221 00d0 01       		.uleb128 0x1
 222 00d1 51       		.byte	0x51
 223 00d2 05       		.uleb128 0x5
 224 00d3 03       		.byte	0x3
 225 00d4 00000000 		.4byte	.LC0
 226 00d8 09       		.uleb128 0x9
 227 00d9 01       		.uleb128 0x1
 228 00da 52       		.byte	0x52
 229 00db 01       		.uleb128 0x1
 230 00dc 37       		.byte	0x37
 231 00dd 00       		.byte	0
 232 00de 00       		.byte	0
 233 00df 06       		.uleb128 0x6
ARM GAS  C:\Users\Phuong\AppData\Local\Temp\cclf2lQX.s 			page 6


 234 00e0 15000000 		.4byte	.LASF13
 235 00e4 01       		.byte	0x1
 236 00e5 2C       		.byte	0x2c
 237 00e6 00000000 		.4byte	.LFB2
 238 00ea 10000000 		.4byte	.LFE2-.LFB2
 239 00ee 01       		.uleb128 0x1
 240 00ef 9C       		.byte	0x9c
 241 00f0 23010000 		.4byte	0x123
 242 00f4 07       		.uleb128 0x7
 243 00f5 0E000000 		.4byte	.LASF14
 244 00f9 01       		.byte	0x1
 245 00fa 2C       		.byte	0x2c
 246 00fb 79000000 		.4byte	0x79
 247 00ff 21000000 		.4byte	.LLST1
 248 0103 08       		.uleb128 0x8
 249 0104 0A000000 		.4byte	.LVL3
 250 0108 23010000 		.4byte	0x123
 251 010c 09       		.uleb128 0x9
 252 010d 01       		.uleb128 0x1
 253 010e 50       		.byte	0x50
 254 010f 03       		.uleb128 0x3
 255 0110 F3       		.byte	0xf3
 256 0111 01       		.uleb128 0x1
 257 0112 50       		.byte	0x50
 258 0113 09       		.uleb128 0x9
 259 0114 01       		.uleb128 0x1
 260 0115 51       		.byte	0x51
 261 0116 05       		.uleb128 0x5
 262 0117 03       		.byte	0x3
 263 0118 08000000 		.4byte	.LC2
 264 011c 09       		.uleb128 0x9
 265 011d 01       		.uleb128 0x1
 266 011e 52       		.byte	0x52
 267 011f 01       		.uleb128 0x1
 268 0120 40       		.byte	0x40
 269 0121 00       		.byte	0
 270 0122 00       		.byte	0
 271 0123 0A       		.uleb128 0xa
 272 0124 A6010000 		.4byte	.LASF19
 273 0128 A6010000 		.4byte	.LASF19
 274 012c 00       		.byte	0
 275              		.section	.debug_abbrev,"",%progbits
 276              	.Ldebug_abbrev0:
 277 0000 01       		.uleb128 0x1
 278 0001 11       		.uleb128 0x11
 279 0002 01       		.byte	0x1
 280 0003 25       		.uleb128 0x25
 281 0004 0E       		.uleb128 0xe
 282 0005 13       		.uleb128 0x13
 283 0006 0B       		.uleb128 0xb
 284 0007 03       		.uleb128 0x3
 285 0008 0E       		.uleb128 0xe
 286 0009 1B       		.uleb128 0x1b
 287 000a 0E       		.uleb128 0xe
 288 000b 55       		.uleb128 0x55
 289 000c 17       		.uleb128 0x17
 290 000d 11       		.uleb128 0x11
ARM GAS  C:\Users\Phuong\AppData\Local\Temp\cclf2lQX.s 			page 7


 291 000e 01       		.uleb128 0x1
 292 000f 10       		.uleb128 0x10
 293 0010 17       		.uleb128 0x17
 294 0011 00       		.byte	0
 295 0012 00       		.byte	0
 296 0013 02       		.uleb128 0x2
 297 0014 24       		.uleb128 0x24
 298 0015 00       		.byte	0
 299 0016 0B       		.uleb128 0xb
 300 0017 0B       		.uleb128 0xb
 301 0018 3E       		.uleb128 0x3e
 302 0019 0B       		.uleb128 0xb
 303 001a 03       		.uleb128 0x3
 304 001b 0E       		.uleb128 0xe
 305 001c 00       		.byte	0
 306 001d 00       		.byte	0
 307 001e 03       		.uleb128 0x3
 308 001f 24       		.uleb128 0x24
 309 0020 00       		.byte	0
 310 0021 0B       		.uleb128 0xb
 311 0022 0B       		.uleb128 0xb
 312 0023 3E       		.uleb128 0x3e
 313 0024 0B       		.uleb128 0xb
 314 0025 03       		.uleb128 0x3
 315 0026 08       		.uleb128 0x8
 316 0027 00       		.byte	0
 317 0028 00       		.byte	0
 318 0029 04       		.uleb128 0x4
 319 002a 0F       		.uleb128 0xf
 320 002b 00       		.byte	0
 321 002c 0B       		.uleb128 0xb
 322 002d 0B       		.uleb128 0xb
 323 002e 49       		.uleb128 0x49
 324 002f 13       		.uleb128 0x13
 325 0030 00       		.byte	0
 326 0031 00       		.byte	0
 327 0032 05       		.uleb128 0x5
 328 0033 2E       		.uleb128 0x2e
 329 0034 00       		.byte	0
 330 0035 3F       		.uleb128 0x3f
 331 0036 19       		.uleb128 0x19
 332 0037 03       		.uleb128 0x3
 333 0038 0E       		.uleb128 0xe
 334 0039 3A       		.uleb128 0x3a
 335 003a 0B       		.uleb128 0xb
 336 003b 3B       		.uleb128 0x3b
 337 003c 0B       		.uleb128 0xb
 338 003d 27       		.uleb128 0x27
 339 003e 19       		.uleb128 0x19
 340 003f 49       		.uleb128 0x49
 341 0040 13       		.uleb128 0x13
 342 0041 11       		.uleb128 0x11
 343 0042 01       		.uleb128 0x1
 344 0043 12       		.uleb128 0x12
 345 0044 06       		.uleb128 0x6
 346 0045 40       		.uleb128 0x40
 347 0046 18       		.uleb128 0x18
ARM GAS  C:\Users\Phuong\AppData\Local\Temp\cclf2lQX.s 			page 8


 348 0047 9742     		.uleb128 0x2117
 349 0049 19       		.uleb128 0x19
 350 004a 00       		.byte	0
 351 004b 00       		.byte	0
 352 004c 06       		.uleb128 0x6
 353 004d 2E       		.uleb128 0x2e
 354 004e 01       		.byte	0x1
 355 004f 3F       		.uleb128 0x3f
 356 0050 19       		.uleb128 0x19
 357 0051 03       		.uleb128 0x3
 358 0052 0E       		.uleb128 0xe
 359 0053 3A       		.uleb128 0x3a
 360 0054 0B       		.uleb128 0xb
 361 0055 3B       		.uleb128 0x3b
 362 0056 0B       		.uleb128 0xb
 363 0057 27       		.uleb128 0x27
 364 0058 19       		.uleb128 0x19
 365 0059 11       		.uleb128 0x11
 366 005a 01       		.uleb128 0x1
 367 005b 12       		.uleb128 0x12
 368 005c 06       		.uleb128 0x6
 369 005d 40       		.uleb128 0x40
 370 005e 18       		.uleb128 0x18
 371 005f 9742     		.uleb128 0x2117
 372 0061 19       		.uleb128 0x19
 373 0062 01       		.uleb128 0x1
 374 0063 13       		.uleb128 0x13
 375 0064 00       		.byte	0
 376 0065 00       		.byte	0
 377 0066 07       		.uleb128 0x7
 378 0067 05       		.uleb128 0x5
 379 0068 00       		.byte	0
 380 0069 03       		.uleb128 0x3
 381 006a 0E       		.uleb128 0xe
 382 006b 3A       		.uleb128 0x3a
 383 006c 0B       		.uleb128 0xb
 384 006d 3B       		.uleb128 0x3b
 385 006e 0B       		.uleb128 0xb
 386 006f 49       		.uleb128 0x49
 387 0070 13       		.uleb128 0x13
 388 0071 02       		.uleb128 0x2
 389 0072 17       		.uleb128 0x17
 390 0073 00       		.byte	0
 391 0074 00       		.byte	0
 392 0075 08       		.uleb128 0x8
 393 0076 898201   		.uleb128 0x4109
 394 0079 01       		.byte	0x1
 395 007a 11       		.uleb128 0x11
 396 007b 01       		.uleb128 0x1
 397 007c 31       		.uleb128 0x31
 398 007d 13       		.uleb128 0x13
 399 007e 00       		.byte	0
 400 007f 00       		.byte	0
 401 0080 09       		.uleb128 0x9
 402 0081 8A8201   		.uleb128 0x410a
 403 0084 00       		.byte	0
 404 0085 02       		.uleb128 0x2
ARM GAS  C:\Users\Phuong\AppData\Local\Temp\cclf2lQX.s 			page 9


 405 0086 18       		.uleb128 0x18
 406 0087 9142     		.uleb128 0x2111
 407 0089 18       		.uleb128 0x18
 408 008a 00       		.byte	0
 409 008b 00       		.byte	0
 410 008c 0A       		.uleb128 0xa
 411 008d 2E       		.uleb128 0x2e
 412 008e 00       		.byte	0
 413 008f 3F       		.uleb128 0x3f
 414 0090 19       		.uleb128 0x19
 415 0091 3C       		.uleb128 0x3c
 416 0092 19       		.uleb128 0x19
 417 0093 6E       		.uleb128 0x6e
 418 0094 0E       		.uleb128 0xe
 419 0095 03       		.uleb128 0x3
 420 0096 0E       		.uleb128 0xe
 421 0097 00       		.byte	0
 422 0098 00       		.byte	0
 423 0099 00       		.byte	0
 424              		.section	.debug_loc,"",%progbits
 425              	.Ldebug_loc0:
 426              	.LLST0:
 427 0000 00000000 		.4byte	.LVL0
 428 0004 09000000 		.4byte	.LVL1-1
 429 0008 0100     		.2byte	0x1
 430 000a 50       		.byte	0x50
 431 000b 09000000 		.4byte	.LVL1-1
 432 000f 10000000 		.4byte	.LFE1
 433 0013 0400     		.2byte	0x4
 434 0015 F3       		.byte	0xf3
 435 0016 01       		.uleb128 0x1
 436 0017 50       		.byte	0x50
 437 0018 9F       		.byte	0x9f
 438 0019 00000000 		.4byte	0
 439 001d 00000000 		.4byte	0
 440              	.LLST1:
 441 0021 00000000 		.4byte	.LVL2
 442 0025 09000000 		.4byte	.LVL3-1
 443 0029 0100     		.2byte	0x1
 444 002b 50       		.byte	0x50
 445 002c 09000000 		.4byte	.LVL3-1
 446 0030 10000000 		.4byte	.LFE2
 447 0034 0400     		.2byte	0x4
 448 0036 F3       		.byte	0xf3
 449 0037 01       		.uleb128 0x1
 450 0038 50       		.byte	0x50
 451 0039 9F       		.byte	0x9f
 452 003a 00000000 		.4byte	0
 453 003e 00000000 		.4byte	0
 454              		.section	.debug_aranges,"",%progbits
 455 0000 2C000000 		.4byte	0x2c
 456 0004 0200     		.2byte	0x2
 457 0006 00000000 		.4byte	.Ldebug_info0
 458 000a 04       		.byte	0x4
 459 000b 00       		.byte	0
 460 000c 0000     		.2byte	0
 461 000e 0000     		.2byte	0
ARM GAS  C:\Users\Phuong\AppData\Local\Temp\cclf2lQX.s 			page 10


 462 0010 00000000 		.4byte	.LFB0
 463 0014 08000000 		.4byte	.LFE0-.LFB0
 464 0018 00000000 		.4byte	.LFB1
 465 001c 10000000 		.4byte	.LFE1-.LFB1
 466 0020 00000000 		.4byte	.LFB2
 467 0024 10000000 		.4byte	.LFE2-.LFB2
 468 0028 00000000 		.4byte	0
 469 002c 00000000 		.4byte	0
 470              		.section	.debug_ranges,"",%progbits
 471              	.Ldebug_ranges0:
 472 0000 00000000 		.4byte	.LFB0
 473 0004 08000000 		.4byte	.LFE0
 474 0008 00000000 		.4byte	.LFB1
 475 000c 10000000 		.4byte	.LFE1
 476 0010 00000000 		.4byte	.LFB2
 477 0014 10000000 		.4byte	.LFE2
 478 0018 00000000 		.4byte	0
 479 001c 00000000 		.4byte	0
 480              		.section	.debug_line,"",%progbits
 481              	.Ldebug_line0:
 482 0000 74000000 		.section	.debug_str,"MS",%progbits,1
 482      02003C00 
 482      00000201 
 482      FB0E0D00 
 482      01010101 
 483              	.LASF6:
 484 0000 6C6F6E67 		.ascii	"long long int\000"
 484      206C6F6E 
 484      6720696E 
 484      7400
 485              	.LASF14:
 486 000e 73747269 		.ascii	"string\000"
 486      6E6700
 487              	.LASF13:
 488 0015 6D626564 		.ascii	"mbedtls_version_get_string_full\000"
 488      746C735F 
 488      76657273 
 488      696F6E5F 
 488      6765745F 
 489              	.LASF5:
 490 0035 6C6F6E67 		.ascii	"long unsigned int\000"
 490      20756E73 
 490      69676E65 
 490      6420696E 
 490      7400
 491              	.LASF7:
 492 0047 6C6F6E67 		.ascii	"long long unsigned int\000"
 492      206C6F6E 
 492      6720756E 
 492      7369676E 
 492      65642069 
 493              	.LASF16:
 494 005e 536F7572 		.ascii	"Source\\mbedtls_open\\library\\version.c\000"
 494      63655C6D 
 494      62656474 
 494      6C735F6F 
 494      70656E5C 
ARM GAS  C:\Users\Phuong\AppData\Local\Temp\cclf2lQX.s 			page 11


 495              	.LASF11:
 496 0084 63686172 		.ascii	"char\000"
 496      00
 497              	.LASF12:
 498 0089 6D626564 		.ascii	"mbedtls_version_get_string\000"
 498      746C735F 
 498      76657273 
 498      696F6E5F 
 498      6765745F 
 499              	.LASF1:
 500 00a4 756E7369 		.ascii	"unsigned char\000"
 500      676E6564 
 500      20636861 
 500      7200
 501              	.LASF17:
 502 00b2 433A5C55 		.ascii	"C:\\Users\\Phuong\\Documents\\PSoC Creator\\Dec0820"
 502      73657273 
 502      5C506875 
 502      6F6E675C 
 502      446F6375 
 503 00e0 31385C69 		.ascii	"18\\iot-sdk-iot-dev\\PSOC6_FreeRTOS+LwIP+MbedTLS_Az"
 503      6F742D73 
 503      646B2D69 
 503      6F742D64 
 503      65765C50 
 504 0111 7572652D 		.ascii	"ure-IOT-Hub-Demo\\PSOC6_FreeRTOS+LwIP+MbedTLS_Azure"
 504      494F542D 
 504      4875622D 
 504      44656D6F 
 504      5C50534F 
 505 0143 2D494F54 		.ascii	"-IOT-Hub-Demo.cydsn\000"
 505      2D487562 
 505      2D44656D 
 505      6F2E6379 
 505      64736E00 
 506              	.LASF4:
 507 0157 6C6F6E67 		.ascii	"long int\000"
 507      20696E74 
 507      00
 508              	.LASF18:
 509 0160 6D626564 		.ascii	"mbedtls_version_get_number\000"
 509      746C735F 
 509      76657273 
 509      696F6E5F 
 509      6765745F 
 510              	.LASF3:
 511 017b 73686F72 		.ascii	"short unsigned int\000"
 511      7420756E 
 511      7369676E 
 511      65642069 
 511      6E7400
 512              	.LASF0:
 513 018e 7369676E 		.ascii	"signed char\000"
 513      65642063 
 513      68617200 
 514              	.LASF9:
 515 019a 6C6F6E67 		.ascii	"long double\000"
ARM GAS  C:\Users\Phuong\AppData\Local\Temp\cclf2lQX.s 			page 12


 515      20646F75 
 515      626C6500 
 516              	.LASF19:
 517 01a6 6D656D63 		.ascii	"memcpy\000"
 517      707900
 518              	.LASF2:
 519 01ad 73686F72 		.ascii	"short int\000"
 519      7420696E 
 519      7400
 520              	.LASF15:
 521 01b7 474E5520 		.ascii	"GNU C11 5.4.1 20160609 (release) [ARM/embedded-5-br"
 521      43313120 
 521      352E342E 
 521      31203230 
 521      31363036 
 522 01ea 616E6368 		.ascii	"anch revision 237715] -mcpu=cortex-m0plus -mthumb -"
 522      20726576 
 522      6973696F 
 522      6E203233 
 522      37373135 
 523 021d 67202D4F 		.ascii	"g -Og -ffunction-sections -ffat-lto-objects\000"
 523      67202D66 
 523      66756E63 
 523      74696F6E 
 523      2D736563 
 524              	.LASF8:
 525 0249 756E7369 		.ascii	"unsigned int\000"
 525      676E6564 
 525      20696E74 
 525      00
 526              	.LASF10:
 527 0256 73697A65 		.ascii	"sizetype\000"
 527      74797065 
 527      00
 528              		.ident	"GCC: (GNU Tools for ARM Embedded Processors) 5.4.1 20160609 (release) [ARM/embedded-5-bran
