ARM GAS  C:\Users\Phuong\AppData\Local\Temp\cc2bIkI6.s 			page 1


   1              		.syntax unified
   2              		.cpu cortex-m0plus
   3              		.fpu softvfp
   4              		.eabi_attribute 20, 1
   5              		.eabi_attribute 21, 1
   6              		.eabi_attribute 23, 3
   7              		.eabi_attribute 24, 1
   8              		.eabi_attribute 25, 1
   9              		.eabi_attribute 26, 1
  10              		.eabi_attribute 30, 1
  11              		.eabi_attribute 34, 0
  12              		.eabi_attribute 18, 4
  13              		.thumb
  14              		.syntax unified
  15              		.file	"xlogging.c"
  16              		.text
  17              	.Ltext0:
  18              		.cfi_sections	.debug_frame
  19              		.section	.text.xlogging_set_log_function,"ax",%progbits
  20              		.align	2
  21              		.global	xlogging_set_log_function
  22              		.code	16
  23              		.thumb_func
  24              		.type	xlogging_set_log_function, %function
  25              	xlogging_set_log_function:
  26              	.LFB1:
  27              		.file 1 "Source\\azure_iot_sdk\\c-utility\\src\\xlogging.c"
   1:Source\azure_iot_sdk\c-utility\src/xlogging.c **** // Copyright (c) Microsoft. All rights reserved.
   2:Source\azure_iot_sdk\c-utility\src/xlogging.c **** // Licensed under the MIT license. See LICENSE file in the project root for full license informatio
   3:Source\azure_iot_sdk\c-utility\src/xlogging.c **** 
   4:Source\azure_iot_sdk\c-utility\src/xlogging.c **** #include "azure_c_shared_utility/xlogging.h"
   5:Source\azure_iot_sdk\c-utility\src/xlogging.c **** #include "azure_c_shared_utility/consolelogger.h"
   6:Source\azure_iot_sdk\c-utility\src/xlogging.c **** 
   7:Source\azure_iot_sdk\c-utility\src/xlogging.c **** #ifndef NO_LOGGING
   8:Source\azure_iot_sdk\c-utility\src/xlogging.c **** 
   9:Source\azure_iot_sdk\c-utility\src/xlogging.c **** #ifdef WIN32
  10:Source\azure_iot_sdk\c-utility\src/xlogging.c **** #include "windows.h"
  11:Source\azure_iot_sdk\c-utility\src/xlogging.c **** #endif // WIN32
  12:Source\azure_iot_sdk\c-utility\src/xlogging.c **** 
  13:Source\azure_iot_sdk\c-utility\src/xlogging.c **** 
  14:Source\azure_iot_sdk\c-utility\src/xlogging.c **** #ifdef WINCE
  15:Source\azure_iot_sdk\c-utility\src/xlogging.c **** #include <stdarg.h>
  16:Source\azure_iot_sdk\c-utility\src/xlogging.c **** 
  17:Source\azure_iot_sdk\c-utility\src/xlogging.c **** void consolelogger_log(LOG_CATEGORY log_category, const char* file, const char* func, int line, uns
  18:Source\azure_iot_sdk\c-utility\src/xlogging.c **** {
  19:Source\azure_iot_sdk\c-utility\src/xlogging.c ****     va_list args;
  20:Source\azure_iot_sdk\c-utility\src/xlogging.c ****     va_start(args, format);
  21:Source\azure_iot_sdk\c-utility\src/xlogging.c **** 
  22:Source\azure_iot_sdk\c-utility\src/xlogging.c ****     time_t t = time(NULL);
  23:Source\azure_iot_sdk\c-utility\src/xlogging.c **** 
  24:Source\azure_iot_sdk\c-utility\src/xlogging.c ****     switch (log_category)
  25:Source\azure_iot_sdk\c-utility\src/xlogging.c ****     {
  26:Source\azure_iot_sdk\c-utility\src/xlogging.c ****     case AZ_LOG_INFO:
  27:Source\azure_iot_sdk\c-utility\src/xlogging.c ****         (void)printf("Info: ");
  28:Source\azure_iot_sdk\c-utility\src/xlogging.c ****         break;
  29:Source\azure_iot_sdk\c-utility\src/xlogging.c ****     case AZ_LOG_ERROR:
  30:Source\azure_iot_sdk\c-utility\src/xlogging.c ****         (void)printf("Error: Time:%.24s File:%s Func:%s Line:%d ", ctime(&t), file, func, line);
ARM GAS  C:\Users\Phuong\AppData\Local\Temp\cc2bIkI6.s 			page 2


  31:Source\azure_iot_sdk\c-utility\src/xlogging.c ****         break;
  32:Source\azure_iot_sdk\c-utility\src/xlogging.c ****     default:
  33:Source\azure_iot_sdk\c-utility\src/xlogging.c ****         break;
  34:Source\azure_iot_sdk\c-utility\src/xlogging.c ****     }
  35:Source\azure_iot_sdk\c-utility\src/xlogging.c **** 
  36:Source\azure_iot_sdk\c-utility\src/xlogging.c ****     (void)vprintf(format, args);
  37:Source\azure_iot_sdk\c-utility\src/xlogging.c ****     va_end(args);
  38:Source\azure_iot_sdk\c-utility\src/xlogging.c **** 
  39:Source\azure_iot_sdk\c-utility\src/xlogging.c ****     (void)log_category;
  40:Source\azure_iot_sdk\c-utility\src/xlogging.c ****     if (options & LOG_LINE)
  41:Source\azure_iot_sdk\c-utility\src/xlogging.c ****     {
  42:Source\azure_iot_sdk\c-utility\src/xlogging.c ****         (void)printf("\r\n");
  43:Source\azure_iot_sdk\c-utility\src/xlogging.c ****     }
  44:Source\azure_iot_sdk\c-utility\src/xlogging.c **** }
  45:Source\azure_iot_sdk\c-utility\src/xlogging.c **** #endif // WINCE
  46:Source\azure_iot_sdk\c-utility\src/xlogging.c **** 
  47:Source\azure_iot_sdk\c-utility\src/xlogging.c **** LOGGER_LOG global_log_function = consolelogger_log;
  48:Source\azure_iot_sdk\c-utility\src/xlogging.c **** 
  49:Source\azure_iot_sdk\c-utility\src/xlogging.c **** void xlogging_set_log_function(LOGGER_LOG log_function)
  50:Source\azure_iot_sdk\c-utility\src/xlogging.c **** {
  28              		.loc 1 50 0
  29              		.cfi_startproc
  30              		@ args = 0, pretend = 0, frame = 0
  31              		@ frame_needed = 0, uses_anonymous_args = 0
  32              		@ link register save eliminated.
  33              	.LVL0:
  51:Source\azure_iot_sdk\c-utility\src/xlogging.c ****     global_log_function = log_function;
  34              		.loc 1 51 0
  35 0000 014B     		ldr	r3, .L2
  36 0002 1860     		str	r0, [r3]
  52:Source\azure_iot_sdk\c-utility\src/xlogging.c **** }
  37              		.loc 1 52 0
  38              		@ sp needed
  39 0004 7047     		bx	lr
  40              	.L3:
  41 0006 C046     		.align	2
  42              	.L2:
  43 0008 00000000 		.word	.LANCHOR0
  44              		.cfi_endproc
  45              	.LFE1:
  46              		.size	xlogging_set_log_function, .-xlogging_set_log_function
  47              		.section	.text.xlogging_get_log_function,"ax",%progbits
  48              		.align	2
  49              		.global	xlogging_get_log_function
  50              		.code	16
  51              		.thumb_func
  52              		.type	xlogging_get_log_function, %function
  53              	xlogging_get_log_function:
  54              	.LFB2:
  53:Source\azure_iot_sdk\c-utility\src/xlogging.c **** 
  54:Source\azure_iot_sdk\c-utility\src/xlogging.c **** LOGGER_LOG xlogging_get_log_function(void)
  55:Source\azure_iot_sdk\c-utility\src/xlogging.c **** {
  55              		.loc 1 55 0
  56              		.cfi_startproc
  57              		@ args = 0, pretend = 0, frame = 0
  58              		@ frame_needed = 0, uses_anonymous_args = 0
  59              		@ link register save eliminated.
ARM GAS  C:\Users\Phuong\AppData\Local\Temp\cc2bIkI6.s 			page 3


  56:Source\azure_iot_sdk\c-utility\src/xlogging.c ****     return global_log_function;
  60              		.loc 1 56 0
  61 0000 014B     		ldr	r3, .L5
  62 0002 1868     		ldr	r0, [r3]
  57:Source\azure_iot_sdk\c-utility\src/xlogging.c **** }
  63              		.loc 1 57 0
  64              		@ sp needed
  65 0004 7047     		bx	lr
  66              	.L6:
  67 0006 C046     		.align	2
  68              	.L5:
  69 0008 00000000 		.word	.LANCHOR0
  70              		.cfi_endproc
  71              	.LFE2:
  72              		.size	xlogging_get_log_function, .-xlogging_get_log_function
  73              		.section	.text.LogBinary,"ax",%progbits
  74              		.align	2
  75              		.global	LogBinary
  76              		.code	16
  77              		.thumb_func
  78              		.type	LogBinary, %function
  79              	LogBinary:
  80              	.LFB3:
  58:Source\azure_iot_sdk\c-utility\src/xlogging.c **** 
  59:Source\azure_iot_sdk\c-utility\src/xlogging.c **** #if (defined(_MSC_VER)) && (!(defined WINCE))
  60:Source\azure_iot_sdk\c-utility\src/xlogging.c **** 
  61:Source\azure_iot_sdk\c-utility\src/xlogging.c **** LOGGER_LOG_GETLASTERROR global_log_function_GetLastError = consolelogger_log_with_GetLastError;
  62:Source\azure_iot_sdk\c-utility\src/xlogging.c **** 
  63:Source\azure_iot_sdk\c-utility\src/xlogging.c **** void xlogging_set_log_function_GetLastError(LOGGER_LOG_GETLASTERROR log_function_GetLastError)
  64:Source\azure_iot_sdk\c-utility\src/xlogging.c **** {
  65:Source\azure_iot_sdk\c-utility\src/xlogging.c ****     global_log_function_GetLastError = log_function_GetLastError;
  66:Source\azure_iot_sdk\c-utility\src/xlogging.c **** }
  67:Source\azure_iot_sdk\c-utility\src/xlogging.c **** 
  68:Source\azure_iot_sdk\c-utility\src/xlogging.c **** LOGGER_LOG_GETLASTERROR xlogging_get_log_function_GetLastError(void)
  69:Source\azure_iot_sdk\c-utility\src/xlogging.c **** {
  70:Source\azure_iot_sdk\c-utility\src/xlogging.c ****     return global_log_function_GetLastError;
  71:Source\azure_iot_sdk\c-utility\src/xlogging.c **** }
  72:Source\azure_iot_sdk\c-utility\src/xlogging.c **** #endif
  73:Source\azure_iot_sdk\c-utility\src/xlogging.c **** 
  74:Source\azure_iot_sdk\c-utility\src/xlogging.c **** /* Print up to 16 bytes per line. */
  75:Source\azure_iot_sdk\c-utility\src/xlogging.c **** #define LINE_SIZE 16
  76:Source\azure_iot_sdk\c-utility\src/xlogging.c **** 
  77:Source\azure_iot_sdk\c-utility\src/xlogging.c **** /* Return the printable char for the provided value. */
  78:Source\azure_iot_sdk\c-utility\src/xlogging.c **** #define PRINTABLE(c)         ((c >= ' ') && (c <= '~')) ? (char)c : '.'
  79:Source\azure_iot_sdk\c-utility\src/xlogging.c **** 
  80:Source\azure_iot_sdk\c-utility\src/xlogging.c **** /* Convert the lower nibble of the provided byte to a hexadecimal printable char. */
  81:Source\azure_iot_sdk\c-utility\src/xlogging.c **** #define HEX_STR(c)           (((c) & 0xF) < 0xA) ? (char)(((c) & 0xF) + '0') : (char)(((c) & 0xF) -
  82:Source\azure_iot_sdk\c-utility\src/xlogging.c **** 
  83:Source\azure_iot_sdk\c-utility\src/xlogging.c **** void LogBinary(const char* comment, const void* data, size_t size)
  84:Source\azure_iot_sdk\c-utility\src/xlogging.c **** {
  81              		.loc 1 84 0
  82              		.cfi_startproc
  83              		@ args = 0, pretend = 0, frame = 80
  84              		@ frame_needed = 0, uses_anonymous_args = 0
  85              	.LVL1:
  86 0000 F0B5     		push	{r4, r5, r6, r7, lr}
  87              		.cfi_def_cfa_offset 20
ARM GAS  C:\Users\Phuong\AppData\Local\Temp\cc2bIkI6.s 			page 4


  88              		.cfi_offset 4, -20
  89              		.cfi_offset 5, -16
  90              		.cfi_offset 6, -12
  91              		.cfi_offset 7, -8
  92              		.cfi_offset 14, -4
  93 0002 9BB0     		sub	sp, sp, #108
  94              		.cfi_def_cfa_offset 128
  95 0004 0600     		movs	r6, r0
  96 0006 0D00     		movs	r5, r1
  97 0008 1700     		movs	r7, r2
  98              	.LVL2:
  99              	.LBB2:
  85:Source\azure_iot_sdk\c-utility\src/xlogging.c ****     char charBuf[LINE_SIZE + 1];
  86:Source\azure_iot_sdk\c-utility\src/xlogging.c ****     char hexBuf[LINE_SIZE * 3 + 1];
  87:Source\azure_iot_sdk\c-utility\src/xlogging.c ****     size_t countbuf = 0;
  88:Source\azure_iot_sdk\c-utility\src/xlogging.c ****     size_t i = 0;
  89:Source\azure_iot_sdk\c-utility\src/xlogging.c ****     const unsigned char* bufAsChar = (const unsigned char*)data;
  90:Source\azure_iot_sdk\c-utility\src/xlogging.c ****     const unsigned char* startPos = bufAsChar;
  91:Source\azure_iot_sdk\c-utility\src/xlogging.c **** 
  92:Source\azure_iot_sdk\c-utility\src/xlogging.c ****     LOG(AZ_LOG_TRACE, LOG_LINE, "%s     %zu bytes", comment, size);
 100              		.loc 1 92 0
 101 000a FFF7FEFF 		bl	xlogging_get_log_function
 102              	.LVL3:
 103 000e 041E     		subs	r4, r0, #0
 104              	.LVL4:
 105 0010 0AD0     		beq	.L8
 106              		.loc 1 92 0 is_stmt 0 discriminator 4
 107 0012 0397     		str	r7, [sp, #12]
 108 0014 0296     		str	r6, [sp, #8]
 109 0016 404B     		ldr	r3, .L22
 110 0018 0193     		str	r3, [sp, #4]
 111 001a 0123     		movs	r3, #1
 112 001c 0093     		str	r3, [sp]
 113 001e 5B33     		adds	r3, r3, #91
 114 0020 3E4A     		ldr	r2, .L22+4
 115 0022 3F49     		ldr	r1, .L22+8
 116 0024 0220     		movs	r0, #2
 117              	.LVL5:
 118 0026 A047     		blx	r4
 119              	.LVL6:
 120              	.L8:
 121              	.LBE2:
  93:Source\azure_iot_sdk\c-utility\src/xlogging.c **** 
  94:Source\azure_iot_sdk\c-utility\src/xlogging.c ****     /* Print the whole buffer. */
  95:Source\azure_iot_sdk\c-utility\src/xlogging.c ****     for (i = 0; i < size; i++)
  96:Source\azure_iot_sdk\c-utility\src/xlogging.c ****     {
  97:Source\azure_iot_sdk\c-utility\src/xlogging.c ****         /* Store the printable value of the char in the charBuf to print. */
  98:Source\azure_iot_sdk\c-utility\src/xlogging.c ****         charBuf[countbuf] = PRINTABLE(*bufAsChar);
  99:Source\azure_iot_sdk\c-utility\src/xlogging.c **** 
 100:Source\azure_iot_sdk\c-utility\src/xlogging.c ****         /* Convert the high nibble to a printable hexadecimal value. */
 101:Source\azure_iot_sdk\c-utility\src/xlogging.c ****         hexBuf[countbuf * 3] = HEX_STR(*bufAsChar >> 4);
 102:Source\azure_iot_sdk\c-utility\src/xlogging.c **** 
 103:Source\azure_iot_sdk\c-utility\src/xlogging.c ****         /* Convert the low nibble to a printable hexadecimal value. */
 104:Source\azure_iot_sdk\c-utility\src/xlogging.c ****         hexBuf[countbuf * 3 + 1] = HEX_STR(*bufAsChar);
 105:Source\azure_iot_sdk\c-utility\src/xlogging.c **** 
 106:Source\azure_iot_sdk\c-utility\src/xlogging.c ****         hexBuf[countbuf * 3 + 2] = ' ';
 107:Source\azure_iot_sdk\c-utility\src/xlogging.c **** 
ARM GAS  C:\Users\Phuong\AppData\Local\Temp\cc2bIkI6.s 			page 5


 108:Source\azure_iot_sdk\c-utility\src/xlogging.c ****         countbuf++;
 109:Source\azure_iot_sdk\c-utility\src/xlogging.c ****         bufAsChar++;
 110:Source\azure_iot_sdk\c-utility\src/xlogging.c ****         /* If the line is full, print it to start another one. */
 111:Source\azure_iot_sdk\c-utility\src/xlogging.c ****         if (countbuf == LINE_SIZE)
 112:Source\azure_iot_sdk\c-utility\src/xlogging.c ****         {
 113:Source\azure_iot_sdk\c-utility\src/xlogging.c ****             charBuf[countbuf] = '\0';
 114:Source\azure_iot_sdk\c-utility\src/xlogging.c ****             hexBuf[countbuf * 3] = '\0';
 115:Source\azure_iot_sdk\c-utility\src/xlogging.c ****             LOG(AZ_LOG_TRACE, LOG_LINE, "%p: %s    %s", startPos, hexBuf, charBuf);
 116:Source\azure_iot_sdk\c-utility\src/xlogging.c ****             countbuf = 0;
 122              		.loc 1 116 0 is_stmt 1 discriminator 1
 123 0028 0795     		str	r5, [sp, #28]
 124 002a 0026     		movs	r6, #0
 125              	.LVL7:
 126 002c 0023     		movs	r3, #0
 127 002e 44E0     		b	.L9
 128              	.LVL8:
 129              	.L16:
  98:Source\azure_iot_sdk\c-utility\src/xlogging.c **** 
 130              		.loc 1 98 0
 131 0030 2A78     		ldrb	r2, [r5]
 132 0032 1100     		movs	r1, r2
 133 0034 2039     		subs	r1, r1, #32
 134 0036 C9B2     		uxtb	r1, r1
 135 0038 5E29     		cmp	r1, #94
 136 003a 00D9     		bls	.L10
 137 003c 2E22     		movs	r2, #46
 138              	.L10:
  98:Source\azure_iot_sdk\c-utility\src/xlogging.c **** 
 139              		.loc 1 98 0 is_stmt 0 discriminator 4
 140 003e 15A9     		add	r1, sp, #84
 141 0040 CA54     		strb	r2, [r1, r3]
 101:Source\azure_iot_sdk\c-utility\src/xlogging.c **** 
 142              		.loc 1 101 0 is_stmt 1 discriminator 4
 143 0042 5A00     		lsls	r2, r3, #1
 144 0044 D218     		adds	r2, r2, r3
 145 0046 2978     		ldrb	r1, [r5]
 146 0048 0909     		lsrs	r1, r1, #4
 147 004a 0929     		cmp	r1, #9
 148 004c 01DC     		bgt	.L11
 101:Source\azure_iot_sdk\c-utility\src/xlogging.c **** 
 149              		.loc 1 101 0 is_stmt 0 discriminator 1
 150 004e 3031     		adds	r1, r1, #48
 151 0050 00E0     		b	.L12
 152              	.L11:
 101:Source\azure_iot_sdk\c-utility\src/xlogging.c **** 
 153              		.loc 1 101 0 discriminator 2
 154 0052 3731     		adds	r1, r1, #55
 155              	.L12:
 101:Source\azure_iot_sdk\c-utility\src/xlogging.c **** 
 156              		.loc 1 101 0 discriminator 4
 157 0054 08A8     		add	r0, sp, #32
 158 0056 8154     		strb	r1, [r0, r2]
 104:Source\azure_iot_sdk\c-utility\src/xlogging.c **** 
 159              		.loc 1 104 0 is_stmt 1 discriminator 4
 160 0058 541C     		adds	r4, r2, #1
 161 005a 2978     		ldrb	r1, [r5]
 162 005c 0F20     		movs	r0, #15
ARM GAS  C:\Users\Phuong\AppData\Local\Temp\cc2bIkI6.s 			page 6


 163 005e 0140     		ands	r1, r0
 164 0060 0929     		cmp	r1, #9
 165 0062 01DC     		bgt	.L13
 104:Source\azure_iot_sdk\c-utility\src/xlogging.c **** 
 166              		.loc 1 104 0 is_stmt 0 discriminator 1
 167 0064 3031     		adds	r1, r1, #48
 168 0066 00E0     		b	.L14
 169              	.L13:
 104:Source\azure_iot_sdk\c-utility\src/xlogging.c **** 
 170              		.loc 1 104 0 discriminator 2
 171 0068 3731     		adds	r1, r1, #55
 172              	.L14:
 104:Source\azure_iot_sdk\c-utility\src/xlogging.c **** 
 173              		.loc 1 104 0 discriminator 4
 174 006a 08A8     		add	r0, sp, #32
 175 006c 0155     		strb	r1, [r0, r4]
 106:Source\azure_iot_sdk\c-utility\src/xlogging.c **** 
 176              		.loc 1 106 0 is_stmt 1 discriminator 4
 177 006e 0232     		adds	r2, r2, #2
 178 0070 2021     		movs	r1, #32
 179 0072 8154     		strb	r1, [r0, r2]
 108:Source\azure_iot_sdk\c-utility\src/xlogging.c ****         bufAsChar++;
 180              		.loc 1 108 0 discriminator 4
 181 0074 0133     		adds	r3, r3, #1
 182              	.LVL9:
 109:Source\azure_iot_sdk\c-utility\src/xlogging.c ****         /* If the line is full, print it to start another one. */
 183              		.loc 1 109 0 discriminator 4
 184 0076 0135     		adds	r5, r5, #1
 185              	.LVL10:
 111:Source\azure_iot_sdk\c-utility\src/xlogging.c ****         {
 186              		.loc 1 111 0 discriminator 4
 187 0078 102B     		cmp	r3, #16
 188 007a 1DD1     		bne	.L15
 113:Source\azure_iot_sdk\c-utility\src/xlogging.c ****             hexBuf[countbuf * 3] = '\0';
 189              		.loc 1 113 0
 190 007c 0021     		movs	r1, #0
 191 007e 15AA     		add	r2, sp, #84
 192 0080 D154     		strb	r1, [r2, r3]
 114:Source\azure_iot_sdk\c-utility\src/xlogging.c ****             LOG(AZ_LOG_TRACE, LOG_LINE, "%p: %s    %s", startPos, hexBuf, charBuf);
 193              		.loc 1 114 0
 194 0082 5A00     		lsls	r2, r3, #1
 195 0084 D318     		adds	r3, r2, r3
 196              	.LVL11:
 197 0086 C154     		strb	r1, [r0, r3]
 198              	.LBB3:
 115:Source\azure_iot_sdk\c-utility\src/xlogging.c ****             countbuf = 0;
 199              		.loc 1 115 0
 200 0088 FFF7FEFF 		bl	xlogging_get_log_function
 201              	.LVL12:
 202 008c 041E     		subs	r4, r0, #0
 203              	.LVL13:
 204 008e 11D0     		beq	.L21
 115:Source\azure_iot_sdk\c-utility\src/xlogging.c ****             countbuf = 0;
 205              		.loc 1 115 0 is_stmt 0 discriminator 4
 206 0090 15AB     		add	r3, sp, #84
 207 0092 0493     		str	r3, [sp, #16]
 208 0094 08AB     		add	r3, sp, #32
ARM GAS  C:\Users\Phuong\AppData\Local\Temp\cc2bIkI6.s 			page 7


 209 0096 0393     		str	r3, [sp, #12]
 210 0098 079B     		ldr	r3, [sp, #28]
 211 009a 0293     		str	r3, [sp, #8]
 212 009c 214B     		ldr	r3, .L22+12
 213 009e 0193     		str	r3, [sp, #4]
 214 00a0 0123     		movs	r3, #1
 215 00a2 0093     		str	r3, [sp]
 216 00a4 7233     		adds	r3, r3, #114
 217 00a6 1D4A     		ldr	r2, .L22+4
 218 00a8 1D49     		ldr	r1, .L22+8
 219 00aa 0220     		movs	r0, #2
 220              	.LVL14:
 221 00ac A047     		blx	r4
 222              	.LVL15:
 223              	.LBE3:
 117:Source\azure_iot_sdk\c-utility\src/xlogging.c ****             startPos = bufAsChar;
 224              		.loc 1 117 0 is_stmt 1 discriminator 4
 225 00ae 0795     		str	r5, [sp, #28]
 226              	.LVL16:
 116:Source\azure_iot_sdk\c-utility\src/xlogging.c ****             startPos = bufAsChar;
 227              		.loc 1 116 0 discriminator 4
 228 00b0 0023     		movs	r3, #0
 229 00b2 01E0     		b	.L15
 230              	.LVL17:
 231              	.L21:
 232              		.loc 1 117 0
 233 00b4 0795     		str	r5, [sp, #28]
 234              	.LVL18:
 116:Source\azure_iot_sdk\c-utility\src/xlogging.c ****             startPos = bufAsChar;
 235              		.loc 1 116 0
 236 00b6 0023     		movs	r3, #0
 237              	.LVL19:
 238              	.L15:
  95:Source\azure_iot_sdk\c-utility\src/xlogging.c ****     {
 239              		.loc 1 95 0 discriminator 2
 240 00b8 0136     		adds	r6, r6, #1
 241              	.LVL20:
 242              	.L9:
  95:Source\azure_iot_sdk\c-utility\src/xlogging.c ****     {
 243              		.loc 1 95 0 is_stmt 0 discriminator 1
 244 00ba BE42     		cmp	r6, r7
 245 00bc B8D3     		bcc	.L16
 118:Source\azure_iot_sdk\c-utility\src/xlogging.c ****         }
 119:Source\azure_iot_sdk\c-utility\src/xlogging.c ****     }
 120:Source\azure_iot_sdk\c-utility\src/xlogging.c **** 
 121:Source\azure_iot_sdk\c-utility\src/xlogging.c ****     /* If the last line does not fit the line size. */
 122:Source\azure_iot_sdk\c-utility\src/xlogging.c ****     if (countbuf > 0)
 246              		.loc 1 122 0 is_stmt 1
 247 00be 002B     		cmp	r3, #0
 248 00c0 28D0     		beq	.L7
 123:Source\azure_iot_sdk\c-utility\src/xlogging.c ****     {
 124:Source\azure_iot_sdk\c-utility\src/xlogging.c ****         /* Close the charBuf string. */
 125:Source\azure_iot_sdk\c-utility\src/xlogging.c ****         charBuf[countbuf] = '\0';
 249              		.loc 1 125 0
 250 00c2 0021     		movs	r1, #0
 251 00c4 15AA     		add	r2, sp, #84
 252 00c6 D154     		strb	r1, [r2, r3]
ARM GAS  C:\Users\Phuong\AppData\Local\Temp\cc2bIkI6.s 			page 8


 126:Source\azure_iot_sdk\c-utility\src/xlogging.c **** 
 127:Source\azure_iot_sdk\c-utility\src/xlogging.c ****         /* Fill the hexBuf with spaces to keep the charBuf alignment. */
 128:Source\azure_iot_sdk\c-utility\src/xlogging.c ****         while ((countbuf++) < LINE_SIZE - 1)
 253              		.loc 1 128 0
 254 00c8 09E0     		b	.L18
 255              	.LVL21:
 256              	.L19:
 129:Source\azure_iot_sdk\c-utility\src/xlogging.c ****         {
 130:Source\azure_iot_sdk\c-utility\src/xlogging.c ****             hexBuf[countbuf * 3] = ' ';
 257              		.loc 1 130 0
 258 00ca 5300     		lsls	r3, r2, #1
 259 00cc 9B18     		adds	r3, r3, r2
 260 00ce 08A9     		add	r1, sp, #32
 261 00d0 2020     		movs	r0, #32
 262 00d2 C854     		strb	r0, [r1, r3]
 131:Source\azure_iot_sdk\c-utility\src/xlogging.c ****             hexBuf[countbuf * 3 + 1] = ' ';
 263              		.loc 1 131 0
 264 00d4 5D1C     		adds	r5, r3, #1
 265 00d6 4855     		strb	r0, [r1, r5]
 132:Source\azure_iot_sdk\c-utility\src/xlogging.c ****             hexBuf[countbuf * 3 + 2] = ' ';
 266              		.loc 1 132 0
 267 00d8 0233     		adds	r3, r3, #2
 268 00da C854     		strb	r0, [r1, r3]
 128:Source\azure_iot_sdk\c-utility\src/xlogging.c ****         {
 269              		.loc 1 128 0
 270 00dc 1300     		movs	r3, r2
 271              	.LVL22:
 272              	.L18:
 273 00de 5A1C     		adds	r2, r3, #1
 274              	.LVL23:
 275 00e0 0E2B     		cmp	r3, #14
 276 00e2 F2D9     		bls	.L19
 133:Source\azure_iot_sdk\c-utility\src/xlogging.c ****         }
 134:Source\azure_iot_sdk\c-utility\src/xlogging.c ****         hexBuf[countbuf * 3] = '\0';
 277              		.loc 1 134 0
 278 00e4 5300     		lsls	r3, r2, #1
 279 00e6 9A18     		adds	r2, r3, r2
 280              	.LVL24:
 281 00e8 0021     		movs	r1, #0
 282 00ea 08AB     		add	r3, sp, #32
 283 00ec 9954     		strb	r1, [r3, r2]
 284              	.LBB4:
 135:Source\azure_iot_sdk\c-utility\src/xlogging.c **** 
 136:Source\azure_iot_sdk\c-utility\src/xlogging.c ****         /* Print the last line. */
 137:Source\azure_iot_sdk\c-utility\src/xlogging.c ****         LOG(AZ_LOG_TRACE, LOG_LINE, "%p: %s    %s", startPos, hexBuf, charBuf);
 285              		.loc 1 137 0
 286 00ee FFF7FEFF 		bl	xlogging_get_log_function
 287              	.LVL25:
 288 00f2 051E     		subs	r5, r0, #0
 289              	.LVL26:
 290 00f4 0ED0     		beq	.L7
 291              		.loc 1 137 0 is_stmt 0 discriminator 4
 292 00f6 15AB     		add	r3, sp, #84
 293 00f8 0493     		str	r3, [sp, #16]
 294 00fa 08AB     		add	r3, sp, #32
 295 00fc 0393     		str	r3, [sp, #12]
 296 00fe 079B     		ldr	r3, [sp, #28]
ARM GAS  C:\Users\Phuong\AppData\Local\Temp\cc2bIkI6.s 			page 9


 297 0100 0293     		str	r3, [sp, #8]
 298 0102 084B     		ldr	r3, .L22+12
 299 0104 0193     		str	r3, [sp, #4]
 300 0106 0123     		movs	r3, #1
 301 0108 0093     		str	r3, [sp]
 302 010a 8833     		adds	r3, r3, #136
 303 010c 034A     		ldr	r2, .L22+4
 304 010e 0449     		ldr	r1, .L22+8
 305 0110 0220     		movs	r0, #2
 306              	.LVL27:
 307 0112 A847     		blx	r5
 308              	.LVL28:
 309              	.L7:
 310              	.LBE4:
 138:Source\azure_iot_sdk\c-utility\src/xlogging.c ****     }
 139:Source\azure_iot_sdk\c-utility\src/xlogging.c **** }
 311              		.loc 1 139 0 is_stmt 1
 312 0114 1BB0     		add	sp, sp, #108
 313              		@ sp needed
 314              	.LVL29:
 315              	.LVL30:
 316 0116 F0BD     		pop	{r4, r5, r6, r7, pc}
 317              	.L23:
 318              		.align	2
 319              	.L22:
 320 0118 30000000 		.word	.LC5
 321 011c 00000000 		.word	.LANCHOR1
 322 0120 00000000 		.word	.LC3
 323 0124 44000000 		.word	.LC7
 324              		.cfi_endproc
 325              	.LFE3:
 326              		.size	LogBinary, .-LogBinary
 327              		.global	global_log_function
 328              		.section	.rodata
 329              		.align	2
 330              		.set	.LANCHOR1,. + 0
 331              		.type	__func__.5450, %object
 332              		.size	__func__.5450, 10
 333              	__func__.5450:
 334 0000 4C6F6742 		.ascii	"LogBinary\000"
 334      696E6172 
 334      7900
 335              		.data
 336              		.align	2
 337              		.set	.LANCHOR0,. + 0
 338              		.type	global_log_function, %object
 339              		.size	global_log_function, 4
 340              	global_log_function:
 341 0000 00000000 		.word	consolelogger_log
 342              		.section	.rodata.str1.4,"aMS",%progbits,1
 343              		.align	2
 344              	.LC3:
 345 0000 536F7572 		.ascii	"Source\\azure_iot_sdk\\c-utility\\src\\xlogging.c\000"
 345      63655C61 
 345      7A757265 
 345      5F696F74 
 345      5F73646B 
ARM GAS  C:\Users\Phuong\AppData\Local\Temp\cc2bIkI6.s 			page 10


 346 002e 0000     		.space	2
 347              	.LC5:
 348 0030 25732020 		.ascii	"%s     %zu bytes\000"
 348      20202025 
 348      7A752062 
 348      79746573 
 348      00
 349 0041 000000   		.space	3
 350              	.LC7:
 351 0044 25703A20 		.ascii	"%p: %s    %s\000"
 351      25732020 
 351      20202573 
 351      00
 352              		.text
 353              	.Letext0:
 354              		.file 2 "c:\\program files (x86)\\cypress\\psoc creator\\4.2\\psoc creator\\import\\gnu\\arm\\5.4.
 355              		.file 3 ".\\Source\\azure_iot_sdk\\c-utility\\inc/azure_c_shared_utility/xlogging.h"
 356              		.section	.debug_info,"",%progbits
 357              	.Ldebug_info0:
 358 0000 78030000 		.4byte	0x378
 359 0004 0400     		.2byte	0x4
 360 0006 00000000 		.4byte	.Ldebug_abbrev0
 361 000a 04       		.byte	0x4
 362 000b 01       		.uleb128 0x1
 363 000c 20020000 		.4byte	.LASF29
 364 0010 0C       		.byte	0xc
 365 0011 BE020000 		.4byte	.LASF30
 366 0015 DF000000 		.4byte	.LASF31
 367 0019 00000000 		.4byte	.Ldebug_ranges0+0
 368 001d 00000000 		.4byte	0
 369 0021 00000000 		.4byte	.Ldebug_line0
 370 0025 02       		.uleb128 0x2
 371 0026 01       		.byte	0x1
 372 0027 06       		.byte	0x6
 373 0028 B2020000 		.4byte	.LASF0
 374 002c 02       		.uleb128 0x2
 375 002d 01       		.byte	0x1
 376 002e 08       		.byte	0x8
 377 002f C4000000 		.4byte	.LASF1
 378 0033 02       		.uleb128 0x2
 379 0034 02       		.byte	0x2
 380 0035 05       		.byte	0x5
 381 0036 DB010000 		.4byte	.LASF2
 382 003a 02       		.uleb128 0x2
 383 003b 02       		.byte	0x2
 384 003c 07       		.byte	0x7
 385 003d 94000000 		.4byte	.LASF3
 386 0041 02       		.uleb128 0x2
 387 0042 04       		.byte	0x4
 388 0043 05       		.byte	0x5
 389 0044 F1010000 		.4byte	.LASF4
 390 0048 02       		.uleb128 0x2
 391 0049 04       		.byte	0x4
 392 004a 07       		.byte	0x7
 393 004b 71000000 		.4byte	.LASF5
 394 004f 02       		.uleb128 0x2
 395 0050 08       		.byte	0x8
ARM GAS  C:\Users\Phuong\AppData\Local\Temp\cc2bIkI6.s 			page 11


 396 0051 05       		.byte	0x5
 397 0052 C8010000 		.4byte	.LASF6
 398 0056 02       		.uleb128 0x2
 399 0057 08       		.byte	0x8
 400 0058 07       		.byte	0x7
 401 0059 84010000 		.4byte	.LASF7
 402 005d 03       		.uleb128 0x3
 403 005e 04       		.byte	0x4
 404 005f 05       		.byte	0x5
 405 0060 696E7400 		.ascii	"int\000"
 406 0064 02       		.uleb128 0x2
 407 0065 04       		.byte	0x4
 408 0066 07       		.byte	0x7
 409 0067 D2000000 		.4byte	.LASF8
 410 006b 04       		.uleb128 0x4
 411 006c 27000000 		.4byte	.LASF15
 412 0070 02       		.byte	0x2
 413 0071 D8       		.byte	0xd8
 414 0072 64000000 		.4byte	0x64
 415 0076 02       		.uleb128 0x2
 416 0077 08       		.byte	0x8
 417 0078 04       		.byte	0x4
 418 0079 14020000 		.4byte	.LASF9
 419 007d 02       		.uleb128 0x2
 420 007e 04       		.byte	0x4
 421 007f 07       		.byte	0x7
 422 0080 B7010000 		.4byte	.LASF10
 423 0084 02       		.uleb128 0x2
 424 0085 01       		.byte	0x1
 425 0086 08       		.byte	0x8
 426 0087 D6010000 		.4byte	.LASF11
 427 008b 05       		.uleb128 0x5
 428 008c 04       		.byte	0x4
 429 008d 91000000 		.4byte	0x91
 430 0091 06       		.uleb128 0x6
 431 0092 84000000 		.4byte	0x84
 432 0096 07       		.uleb128 0x7
 433 0097 83000000 		.4byte	.LASF32
 434 009b 01       		.byte	0x1
 435 009c 2C000000 		.4byte	0x2c
 436 00a0 03       		.byte	0x3
 437 00a1 22       		.byte	0x22
 438 00a2 B9000000 		.4byte	0xb9
 439 00a6 08       		.uleb128 0x8
 440 00a7 F1020000 		.4byte	.LASF12
 441 00ab 00       		.byte	0
 442 00ac 08       		.uleb128 0x8
 443 00ad E5010000 		.4byte	.LASF13
 444 00b1 01       		.byte	0x1
 445 00b2 08       		.uleb128 0x8
 446 00b3 64000000 		.4byte	.LASF14
 447 00b7 02       		.byte	0x2
 448 00b8 00       		.byte	0
 449 00b9 04       		.uleb128 0x4
 450 00ba A7000000 		.4byte	.LASF16
 451 00be 03       		.byte	0x3
 452 00bf 27       		.byte	0x27
ARM GAS  C:\Users\Phuong\AppData\Local\Temp\cc2bIkI6.s 			page 12


 453 00c0 96000000 		.4byte	0x96
 454 00c4 04       		.uleb128 0x4
 455 00c5 2E000000 		.4byte	.LASF17
 456 00c9 03       		.byte	0x3
 457 00ca 2F       		.byte	0x2f
 458 00cb CF000000 		.4byte	0xcf
 459 00cf 05       		.uleb128 0x5
 460 00d0 04       		.byte	0x4
 461 00d1 D5000000 		.4byte	0xd5
 462 00d5 09       		.uleb128 0x9
 463 00d6 FA000000 		.4byte	0xfa
 464 00da 0A       		.uleb128 0xa
 465 00db B9000000 		.4byte	0xb9
 466 00df 0A       		.uleb128 0xa
 467 00e0 8B000000 		.4byte	0x8b
 468 00e4 0A       		.uleb128 0xa
 469 00e5 8B000000 		.4byte	0x8b
 470 00e9 0A       		.uleb128 0xa
 471 00ea 5D000000 		.4byte	0x5d
 472 00ee 0A       		.uleb128 0xa
 473 00ef 64000000 		.4byte	0x64
 474 00f3 0A       		.uleb128 0xa
 475 00f4 8B000000 		.4byte	0x8b
 476 00f8 0B       		.uleb128 0xb
 477 00f9 00       		.byte	0
 478 00fa 0C       		.uleb128 0xc
 479 00fb FA010000 		.4byte	.LASF18
 480 00ff 01       		.byte	0x1
 481 0100 31       		.byte	0x31
 482 0101 00000000 		.4byte	.LFB1
 483 0105 0C000000 		.4byte	.LFE1-.LFB1
 484 0109 01       		.uleb128 0x1
 485 010a 9C       		.byte	0x9c
 486 010b 1D010000 		.4byte	0x11d
 487 010f 0D       		.uleb128 0xd
 488 0110 1A000000 		.4byte	.LASF20
 489 0114 01       		.byte	0x1
 490 0115 31       		.byte	0x31
 491 0116 C4000000 		.4byte	0xc4
 492 011a 01       		.uleb128 0x1
 493 011b 50       		.byte	0x50
 494 011c 00       		.byte	0
 495 011d 0E       		.uleb128 0xe
 496 011e 00000000 		.4byte	.LASF33
 497 0122 01       		.byte	0x1
 498 0123 36       		.byte	0x36
 499 0124 C4000000 		.4byte	0xc4
 500 0128 00000000 		.4byte	.LFB2
 501 012c 0C000000 		.4byte	.LFE2-.LFB2
 502 0130 01       		.uleb128 0x1
 503 0131 9C       		.byte	0x9c
 504 0132 0C       		.uleb128 0xc
 505 0133 9B010000 		.4byte	.LASF19
 506 0137 01       		.byte	0x1
 507 0138 53       		.byte	0x53
 508 0139 00000000 		.4byte	.LFB3
 509 013d 28010000 		.4byte	.LFE3-.LFB3
ARM GAS  C:\Users\Phuong\AppData\Local\Temp\cc2bIkI6.s 			page 13


 510 0141 01       		.uleb128 0x1
 511 0142 9C       		.byte	0x9c
 512 0143 23030000 		.4byte	0x323
 513 0147 0F       		.uleb128 0xf
 514 0148 AF010000 		.4byte	.LASF21
 515 014c 01       		.byte	0x1
 516 014d 53       		.byte	0x53
 517 014e 8B000000 		.4byte	0x8b
 518 0152 00000000 		.4byte	.LLST0
 519 0156 0F       		.uleb128 0xf
 520 0157 5F000000 		.4byte	.LASF22
 521 015b 01       		.byte	0x1
 522 015c 53       		.byte	0x53
 523 015d 23030000 		.4byte	0x323
 524 0161 2C000000 		.4byte	.LLST1
 525 0165 0F       		.uleb128 0xf
 526 0166 EC020000 		.4byte	.LASF23
 527 016a 01       		.byte	0x1
 528 016b 53       		.byte	0x53
 529 016c 6B000000 		.4byte	0x6b
 530 0170 58000000 		.4byte	.LLST2
 531 0174 10       		.uleb128 0x10
 532 0175 C0010000 		.4byte	.LASF24
 533 0179 01       		.byte	0x1
 534 017a 55       		.byte	0x55
 535 017b 2A030000 		.4byte	0x32a
 536 017f 02       		.uleb128 0x2
 537 0180 91       		.byte	0x91
 538 0181 54       		.sleb128 -44
 539 0182 10       		.uleb128 0x10
 540 0183 B4000000 		.4byte	.LASF25
 541 0187 01       		.byte	0x1
 542 0188 56       		.byte	0x56
 543 0189 3A030000 		.4byte	0x33a
 544 018d 03       		.uleb128 0x3
 545 018e 91       		.byte	0x91
 546 018f A07F     		.sleb128 -96
 547 0191 11       		.uleb128 0x11
 548 0192 BB000000 		.4byte	.LASF26
 549 0196 01       		.byte	0x1
 550 0197 57       		.byte	0x57
 551 0198 6B000000 		.4byte	0x6b
 552 019c 84000000 		.4byte	.LLST3
 553 01a0 12       		.uleb128 0x12
 554 01a1 6900     		.ascii	"i\000"
 555 01a3 01       		.byte	0x1
 556 01a4 58       		.byte	0x58
 557 01a5 6B000000 		.4byte	0x6b
 558 01a9 CF000000 		.4byte	.LLST4
 559 01ad 11       		.uleb128 0x11
 560 01ae A5010000 		.4byte	.LASF27
 561 01b2 01       		.byte	0x1
 562 01b3 59       		.byte	0x59
 563 01b4 4A030000 		.4byte	0x34a
 564 01b8 EE000000 		.4byte	.LLST5
 565 01bc 11       		.uleb128 0x11
 566 01bd 39000000 		.4byte	.LASF28
ARM GAS  C:\Users\Phuong\AppData\Local\Temp\cc2bIkI6.s 			page 14


 567 01c1 01       		.byte	0x1
 568 01c2 5A       		.byte	0x5a
 569 01c3 4A030000 		.4byte	0x34a
 570 01c7 0C010000 		.4byte	.LLST6
 571 01cb 13       		.uleb128 0x13
 572 01cc 56000000 		.4byte	.LASF34
 573 01d0 65030000 		.4byte	0x365
 574 01d4 05       		.uleb128 0x5
 575 01d5 03       		.byte	0x3
 576 01d6 00000000 		.4byte	__func__.5450
 577 01da 14       		.uleb128 0x14
 578 01db 0A000000 		.4byte	.LBB2
 579 01df 1E000000 		.4byte	.LBE2-.LBB2
 580 01e3 42020000 		.4byte	0x242
 581 01e7 12       		.uleb128 0x12
 582 01e8 6C00     		.ascii	"l\000"
 583 01ea 01       		.byte	0x1
 584 01eb 5C       		.byte	0x5c
 585 01ec C4000000 		.4byte	0xc4
 586 01f0 51010000 		.4byte	.LLST7
 587 01f4 15       		.uleb128 0x15
 588 01f5 0E000000 		.4byte	.LVL3
 589 01f9 1D010000 		.4byte	0x11d
 590 01fd 16       		.uleb128 0x16
 591 01fe 28000000 		.4byte	.LVL6
 592 0202 02       		.uleb128 0x2
 593 0203 74       		.byte	0x74
 594 0204 00       		.sleb128 0
 595 0205 17       		.uleb128 0x17
 596 0206 01       		.uleb128 0x1
 597 0207 50       		.byte	0x50
 598 0208 01       		.uleb128 0x1
 599 0209 32       		.byte	0x32
 600 020a 17       		.uleb128 0x17
 601 020b 01       		.uleb128 0x1
 602 020c 51       		.byte	0x51
 603 020d 05       		.uleb128 0x5
 604 020e 03       		.byte	0x3
 605 020f 00000000 		.4byte	.LC3
 606 0213 17       		.uleb128 0x17
 607 0214 01       		.uleb128 0x1
 608 0215 52       		.byte	0x52
 609 0216 05       		.uleb128 0x5
 610 0217 03       		.byte	0x3
 611 0218 00000000 		.4byte	.LANCHOR1
 612 021c 17       		.uleb128 0x17
 613 021d 01       		.uleb128 0x1
 614 021e 53       		.byte	0x53
 615 021f 02       		.uleb128 0x2
 616 0220 08       		.byte	0x8
 617 0221 5C       		.byte	0x5c
 618 0222 17       		.uleb128 0x17
 619 0223 02       		.uleb128 0x2
 620 0224 7D       		.byte	0x7d
 621 0225 00       		.sleb128 0
 622 0226 01       		.uleb128 0x1
 623 0227 31       		.byte	0x31
ARM GAS  C:\Users\Phuong\AppData\Local\Temp\cc2bIkI6.s 			page 15


 624 0228 17       		.uleb128 0x17
 625 0229 02       		.uleb128 0x2
 626 022a 7D       		.byte	0x7d
 627 022b 04       		.sleb128 4
 628 022c 05       		.uleb128 0x5
 629 022d 03       		.byte	0x3
 630 022e 30000000 		.4byte	.LC5
 631 0232 17       		.uleb128 0x17
 632 0233 02       		.uleb128 0x2
 633 0234 7D       		.byte	0x7d
 634 0235 08       		.sleb128 8
 635 0236 02       		.uleb128 0x2
 636 0237 76       		.byte	0x76
 637 0238 00       		.sleb128 0
 638 0239 17       		.uleb128 0x17
 639 023a 02       		.uleb128 0x2
 640 023b 7D       		.byte	0x7d
 641 023c 0C       		.sleb128 12
 642 023d 02       		.uleb128 0x2
 643 023e 77       		.byte	0x77
 644 023f 00       		.sleb128 0
 645 0240 00       		.byte	0
 646 0241 00       		.byte	0
 647 0242 14       		.uleb128 0x14
 648 0243 88000000 		.4byte	.LBB3
 649 0247 26000000 		.4byte	.LBE3-.LBB3
 650 024b B4020000 		.4byte	0x2b4
 651 024f 12       		.uleb128 0x12
 652 0250 6C00     		.ascii	"l\000"
 653 0252 01       		.byte	0x1
 654 0253 73       		.byte	0x73
 655 0254 C4000000 		.4byte	0xc4
 656 0258 6F010000 		.4byte	.LLST8
 657 025c 15       		.uleb128 0x15
 658 025d 8C000000 		.4byte	.LVL12
 659 0261 1D010000 		.4byte	0x11d
 660 0265 16       		.uleb128 0x16
 661 0266 AE000000 		.4byte	.LVL15
 662 026a 02       		.uleb128 0x2
 663 026b 74       		.byte	0x74
 664 026c 00       		.sleb128 0
 665 026d 17       		.uleb128 0x17
 666 026e 01       		.uleb128 0x1
 667 026f 50       		.byte	0x50
 668 0270 01       		.uleb128 0x1
 669 0271 32       		.byte	0x32
 670 0272 17       		.uleb128 0x17
 671 0273 01       		.uleb128 0x1
 672 0274 51       		.byte	0x51
 673 0275 05       		.uleb128 0x5
 674 0276 03       		.byte	0x3
 675 0277 00000000 		.4byte	.LC3
 676 027b 17       		.uleb128 0x17
 677 027c 01       		.uleb128 0x1
 678 027d 52       		.byte	0x52
 679 027e 05       		.uleb128 0x5
 680 027f 03       		.byte	0x3
ARM GAS  C:\Users\Phuong\AppData\Local\Temp\cc2bIkI6.s 			page 16


 681 0280 00000000 		.4byte	.LANCHOR1
 682 0284 17       		.uleb128 0x17
 683 0285 01       		.uleb128 0x1
 684 0286 53       		.byte	0x53
 685 0287 02       		.uleb128 0x2
 686 0288 08       		.byte	0x8
 687 0289 73       		.byte	0x73
 688 028a 17       		.uleb128 0x17
 689 028b 02       		.uleb128 0x2
 690 028c 7D       		.byte	0x7d
 691 028d 00       		.sleb128 0
 692 028e 01       		.uleb128 0x1
 693 028f 31       		.byte	0x31
 694 0290 17       		.uleb128 0x17
 695 0291 02       		.uleb128 0x2
 696 0292 7D       		.byte	0x7d
 697 0293 04       		.sleb128 4
 698 0294 05       		.uleb128 0x5
 699 0295 03       		.byte	0x3
 700 0296 44000000 		.4byte	.LC7
 701 029a 17       		.uleb128 0x17
 702 029b 02       		.uleb128 0x2
 703 029c 7D       		.byte	0x7d
 704 029d 08       		.sleb128 8
 705 029e 04       		.uleb128 0x4
 706 029f 91       		.byte	0x91
 707 02a0 9C7F     		.sleb128 -100
 708 02a2 06       		.byte	0x6
 709 02a3 17       		.uleb128 0x17
 710 02a4 02       		.uleb128 0x2
 711 02a5 7D       		.byte	0x7d
 712 02a6 0C       		.sleb128 12
 713 02a7 03       		.uleb128 0x3
 714 02a8 91       		.byte	0x91
 715 02a9 A07F     		.sleb128 -96
 716 02ab 17       		.uleb128 0x17
 717 02ac 02       		.uleb128 0x2
 718 02ad 7D       		.byte	0x7d
 719 02ae 10       		.sleb128 16
 720 02af 02       		.uleb128 0x2
 721 02b0 91       		.byte	0x91
 722 02b1 54       		.sleb128 -44
 723 02b2 00       		.byte	0
 724 02b3 00       		.byte	0
 725 02b4 18       		.uleb128 0x18
 726 02b5 EE000000 		.4byte	.LBB4
 727 02b9 26000000 		.4byte	.LBE4-.LBB4
 728 02bd 12       		.uleb128 0x12
 729 02be 6C00     		.ascii	"l\000"
 730 02c0 01       		.byte	0x1
 731 02c1 89       		.byte	0x89
 732 02c2 C4000000 		.4byte	0xc4
 733 02c6 98010000 		.4byte	.LLST9
 734 02ca 15       		.uleb128 0x15
 735 02cb F2000000 		.4byte	.LVL25
 736 02cf 1D010000 		.4byte	0x11d
 737 02d3 16       		.uleb128 0x16
ARM GAS  C:\Users\Phuong\AppData\Local\Temp\cc2bIkI6.s 			page 17


 738 02d4 14010000 		.4byte	.LVL28
 739 02d8 02       		.uleb128 0x2
 740 02d9 75       		.byte	0x75
 741 02da 00       		.sleb128 0
 742 02db 17       		.uleb128 0x17
 743 02dc 01       		.uleb128 0x1
 744 02dd 50       		.byte	0x50
 745 02de 01       		.uleb128 0x1
 746 02df 32       		.byte	0x32
 747 02e0 17       		.uleb128 0x17
 748 02e1 01       		.uleb128 0x1
 749 02e2 51       		.byte	0x51
 750 02e3 05       		.uleb128 0x5
 751 02e4 03       		.byte	0x3
 752 02e5 00000000 		.4byte	.LC3
 753 02e9 17       		.uleb128 0x17
 754 02ea 01       		.uleb128 0x1
 755 02eb 52       		.byte	0x52
 756 02ec 05       		.uleb128 0x5
 757 02ed 03       		.byte	0x3
 758 02ee 00000000 		.4byte	.LANCHOR1
 759 02f2 17       		.uleb128 0x17
 760 02f3 01       		.uleb128 0x1
 761 02f4 53       		.byte	0x53
 762 02f5 02       		.uleb128 0x2
 763 02f6 08       		.byte	0x8
 764 02f7 89       		.byte	0x89
 765 02f8 17       		.uleb128 0x17
 766 02f9 02       		.uleb128 0x2
 767 02fa 7D       		.byte	0x7d
 768 02fb 00       		.sleb128 0
 769 02fc 01       		.uleb128 0x1
 770 02fd 31       		.byte	0x31
 771 02fe 17       		.uleb128 0x17
 772 02ff 02       		.uleb128 0x2
 773 0300 7D       		.byte	0x7d
 774 0301 04       		.sleb128 4
 775 0302 05       		.uleb128 0x5
 776 0303 03       		.byte	0x3
 777 0304 44000000 		.4byte	.LC7
 778 0308 17       		.uleb128 0x17
 779 0309 02       		.uleb128 0x2
 780 030a 7D       		.byte	0x7d
 781 030b 08       		.sleb128 8
 782 030c 04       		.uleb128 0x4
 783 030d 91       		.byte	0x91
 784 030e 9C7F     		.sleb128 -100
 785 0310 06       		.byte	0x6
 786 0311 17       		.uleb128 0x17
 787 0312 02       		.uleb128 0x2
 788 0313 7D       		.byte	0x7d
 789 0314 0C       		.sleb128 12
 790 0315 03       		.uleb128 0x3
 791 0316 91       		.byte	0x91
 792 0317 A07F     		.sleb128 -96
 793 0319 17       		.uleb128 0x17
 794 031a 02       		.uleb128 0x2
ARM GAS  C:\Users\Phuong\AppData\Local\Temp\cc2bIkI6.s 			page 18


 795 031b 7D       		.byte	0x7d
 796 031c 10       		.sleb128 16
 797 031d 02       		.uleb128 0x2
 798 031e 91       		.byte	0x91
 799 031f 54       		.sleb128 -44
 800 0320 00       		.byte	0
 801 0321 00       		.byte	0
 802 0322 00       		.byte	0
 803 0323 05       		.uleb128 0x5
 804 0324 04       		.byte	0x4
 805 0325 29030000 		.4byte	0x329
 806 0329 19       		.uleb128 0x19
 807 032a 1A       		.uleb128 0x1a
 808 032b 84000000 		.4byte	0x84
 809 032f 3A030000 		.4byte	0x33a
 810 0333 1B       		.uleb128 0x1b
 811 0334 7D000000 		.4byte	0x7d
 812 0338 10       		.byte	0x10
 813 0339 00       		.byte	0
 814 033a 1A       		.uleb128 0x1a
 815 033b 84000000 		.4byte	0x84
 816 033f 4A030000 		.4byte	0x34a
 817 0343 1B       		.uleb128 0x1b
 818 0344 7D000000 		.4byte	0x7d
 819 0348 30       		.byte	0x30
 820 0349 00       		.byte	0
 821 034a 05       		.uleb128 0x5
 822 034b 04       		.byte	0x4
 823 034c 50030000 		.4byte	0x350
 824 0350 06       		.uleb128 0x6
 825 0351 2C000000 		.4byte	0x2c
 826 0355 1A       		.uleb128 0x1a
 827 0356 91000000 		.4byte	0x91
 828 035a 65030000 		.4byte	0x365
 829 035e 1B       		.uleb128 0x1b
 830 035f 7D000000 		.4byte	0x7d
 831 0363 09       		.byte	0x9
 832 0364 00       		.byte	0
 833 0365 06       		.uleb128 0x6
 834 0366 55030000 		.4byte	0x355
 835 036a 1C       		.uleb128 0x1c
 836 036b 42000000 		.4byte	.LASF35
 837 036f 01       		.byte	0x1
 838 0370 2F       		.byte	0x2f
 839 0371 C4000000 		.4byte	0xc4
 840 0375 05       		.uleb128 0x5
 841 0376 03       		.byte	0x3
 842 0377 00000000 		.4byte	global_log_function
 843 037b 00       		.byte	0
 844              		.section	.debug_abbrev,"",%progbits
 845              	.Ldebug_abbrev0:
 846 0000 01       		.uleb128 0x1
 847 0001 11       		.uleb128 0x11
 848 0002 01       		.byte	0x1
 849 0003 25       		.uleb128 0x25
 850 0004 0E       		.uleb128 0xe
 851 0005 13       		.uleb128 0x13
ARM GAS  C:\Users\Phuong\AppData\Local\Temp\cc2bIkI6.s 			page 19


 852 0006 0B       		.uleb128 0xb
 853 0007 03       		.uleb128 0x3
 854 0008 0E       		.uleb128 0xe
 855 0009 1B       		.uleb128 0x1b
 856 000a 0E       		.uleb128 0xe
 857 000b 55       		.uleb128 0x55
 858 000c 17       		.uleb128 0x17
 859 000d 11       		.uleb128 0x11
 860 000e 01       		.uleb128 0x1
 861 000f 10       		.uleb128 0x10
 862 0010 17       		.uleb128 0x17
 863 0011 00       		.byte	0
 864 0012 00       		.byte	0
 865 0013 02       		.uleb128 0x2
 866 0014 24       		.uleb128 0x24
 867 0015 00       		.byte	0
 868 0016 0B       		.uleb128 0xb
 869 0017 0B       		.uleb128 0xb
 870 0018 3E       		.uleb128 0x3e
 871 0019 0B       		.uleb128 0xb
 872 001a 03       		.uleb128 0x3
 873 001b 0E       		.uleb128 0xe
 874 001c 00       		.byte	0
 875 001d 00       		.byte	0
 876 001e 03       		.uleb128 0x3
 877 001f 24       		.uleb128 0x24
 878 0020 00       		.byte	0
 879 0021 0B       		.uleb128 0xb
 880 0022 0B       		.uleb128 0xb
 881 0023 3E       		.uleb128 0x3e
 882 0024 0B       		.uleb128 0xb
 883 0025 03       		.uleb128 0x3
 884 0026 08       		.uleb128 0x8
 885 0027 00       		.byte	0
 886 0028 00       		.byte	0
 887 0029 04       		.uleb128 0x4
 888 002a 16       		.uleb128 0x16
 889 002b 00       		.byte	0
 890 002c 03       		.uleb128 0x3
 891 002d 0E       		.uleb128 0xe
 892 002e 3A       		.uleb128 0x3a
 893 002f 0B       		.uleb128 0xb
 894 0030 3B       		.uleb128 0x3b
 895 0031 0B       		.uleb128 0xb
 896 0032 49       		.uleb128 0x49
 897 0033 13       		.uleb128 0x13
 898 0034 00       		.byte	0
 899 0035 00       		.byte	0
 900 0036 05       		.uleb128 0x5
 901 0037 0F       		.uleb128 0xf
 902 0038 00       		.byte	0
 903 0039 0B       		.uleb128 0xb
 904 003a 0B       		.uleb128 0xb
 905 003b 49       		.uleb128 0x49
 906 003c 13       		.uleb128 0x13
 907 003d 00       		.byte	0
 908 003e 00       		.byte	0
ARM GAS  C:\Users\Phuong\AppData\Local\Temp\cc2bIkI6.s 			page 20


 909 003f 06       		.uleb128 0x6
 910 0040 26       		.uleb128 0x26
 911 0041 00       		.byte	0
 912 0042 49       		.uleb128 0x49
 913 0043 13       		.uleb128 0x13
 914 0044 00       		.byte	0
 915 0045 00       		.byte	0
 916 0046 07       		.uleb128 0x7
 917 0047 04       		.uleb128 0x4
 918 0048 01       		.byte	0x1
 919 0049 03       		.uleb128 0x3
 920 004a 0E       		.uleb128 0xe
 921 004b 0B       		.uleb128 0xb
 922 004c 0B       		.uleb128 0xb
 923 004d 49       		.uleb128 0x49
 924 004e 13       		.uleb128 0x13
 925 004f 3A       		.uleb128 0x3a
 926 0050 0B       		.uleb128 0xb
 927 0051 3B       		.uleb128 0x3b
 928 0052 0B       		.uleb128 0xb
 929 0053 01       		.uleb128 0x1
 930 0054 13       		.uleb128 0x13
 931 0055 00       		.byte	0
 932 0056 00       		.byte	0
 933 0057 08       		.uleb128 0x8
 934 0058 28       		.uleb128 0x28
 935 0059 00       		.byte	0
 936 005a 03       		.uleb128 0x3
 937 005b 0E       		.uleb128 0xe
 938 005c 1C       		.uleb128 0x1c
 939 005d 0B       		.uleb128 0xb
 940 005e 00       		.byte	0
 941 005f 00       		.byte	0
 942 0060 09       		.uleb128 0x9
 943 0061 15       		.uleb128 0x15
 944 0062 01       		.byte	0x1
 945 0063 27       		.uleb128 0x27
 946 0064 19       		.uleb128 0x19
 947 0065 01       		.uleb128 0x1
 948 0066 13       		.uleb128 0x13
 949 0067 00       		.byte	0
 950 0068 00       		.byte	0
 951 0069 0A       		.uleb128 0xa
 952 006a 05       		.uleb128 0x5
 953 006b 00       		.byte	0
 954 006c 49       		.uleb128 0x49
 955 006d 13       		.uleb128 0x13
 956 006e 00       		.byte	0
 957 006f 00       		.byte	0
 958 0070 0B       		.uleb128 0xb
 959 0071 18       		.uleb128 0x18
 960 0072 00       		.byte	0
 961 0073 00       		.byte	0
 962 0074 00       		.byte	0
 963 0075 0C       		.uleb128 0xc
 964 0076 2E       		.uleb128 0x2e
 965 0077 01       		.byte	0x1
ARM GAS  C:\Users\Phuong\AppData\Local\Temp\cc2bIkI6.s 			page 21


 966 0078 3F       		.uleb128 0x3f
 967 0079 19       		.uleb128 0x19
 968 007a 03       		.uleb128 0x3
 969 007b 0E       		.uleb128 0xe
 970 007c 3A       		.uleb128 0x3a
 971 007d 0B       		.uleb128 0xb
 972 007e 3B       		.uleb128 0x3b
 973 007f 0B       		.uleb128 0xb
 974 0080 27       		.uleb128 0x27
 975 0081 19       		.uleb128 0x19
 976 0082 11       		.uleb128 0x11
 977 0083 01       		.uleb128 0x1
 978 0084 12       		.uleb128 0x12
 979 0085 06       		.uleb128 0x6
 980 0086 40       		.uleb128 0x40
 981 0087 18       		.uleb128 0x18
 982 0088 9742     		.uleb128 0x2117
 983 008a 19       		.uleb128 0x19
 984 008b 01       		.uleb128 0x1
 985 008c 13       		.uleb128 0x13
 986 008d 00       		.byte	0
 987 008e 00       		.byte	0
 988 008f 0D       		.uleb128 0xd
 989 0090 05       		.uleb128 0x5
 990 0091 00       		.byte	0
 991 0092 03       		.uleb128 0x3
 992 0093 0E       		.uleb128 0xe
 993 0094 3A       		.uleb128 0x3a
 994 0095 0B       		.uleb128 0xb
 995 0096 3B       		.uleb128 0x3b
 996 0097 0B       		.uleb128 0xb
 997 0098 49       		.uleb128 0x49
 998 0099 13       		.uleb128 0x13
 999 009a 02       		.uleb128 0x2
 1000 009b 18       		.uleb128 0x18
 1001 009c 00       		.byte	0
 1002 009d 00       		.byte	0
 1003 009e 0E       		.uleb128 0xe
 1004 009f 2E       		.uleb128 0x2e
 1005 00a0 00       		.byte	0
 1006 00a1 3F       		.uleb128 0x3f
 1007 00a2 19       		.uleb128 0x19
 1008 00a3 03       		.uleb128 0x3
 1009 00a4 0E       		.uleb128 0xe
 1010 00a5 3A       		.uleb128 0x3a
 1011 00a6 0B       		.uleb128 0xb
 1012 00a7 3B       		.uleb128 0x3b
 1013 00a8 0B       		.uleb128 0xb
 1014 00a9 27       		.uleb128 0x27
 1015 00aa 19       		.uleb128 0x19
 1016 00ab 49       		.uleb128 0x49
 1017 00ac 13       		.uleb128 0x13
 1018 00ad 11       		.uleb128 0x11
 1019 00ae 01       		.uleb128 0x1
 1020 00af 12       		.uleb128 0x12
 1021 00b0 06       		.uleb128 0x6
 1022 00b1 40       		.uleb128 0x40
ARM GAS  C:\Users\Phuong\AppData\Local\Temp\cc2bIkI6.s 			page 22


 1023 00b2 18       		.uleb128 0x18
 1024 00b3 9742     		.uleb128 0x2117
 1025 00b5 19       		.uleb128 0x19
 1026 00b6 00       		.byte	0
 1027 00b7 00       		.byte	0
 1028 00b8 0F       		.uleb128 0xf
 1029 00b9 05       		.uleb128 0x5
 1030 00ba 00       		.byte	0
 1031 00bb 03       		.uleb128 0x3
 1032 00bc 0E       		.uleb128 0xe
 1033 00bd 3A       		.uleb128 0x3a
 1034 00be 0B       		.uleb128 0xb
 1035 00bf 3B       		.uleb128 0x3b
 1036 00c0 0B       		.uleb128 0xb
 1037 00c1 49       		.uleb128 0x49
 1038 00c2 13       		.uleb128 0x13
 1039 00c3 02       		.uleb128 0x2
 1040 00c4 17       		.uleb128 0x17
 1041 00c5 00       		.byte	0
 1042 00c6 00       		.byte	0
 1043 00c7 10       		.uleb128 0x10
 1044 00c8 34       		.uleb128 0x34
 1045 00c9 00       		.byte	0
 1046 00ca 03       		.uleb128 0x3
 1047 00cb 0E       		.uleb128 0xe
 1048 00cc 3A       		.uleb128 0x3a
 1049 00cd 0B       		.uleb128 0xb
 1050 00ce 3B       		.uleb128 0x3b
 1051 00cf 0B       		.uleb128 0xb
 1052 00d0 49       		.uleb128 0x49
 1053 00d1 13       		.uleb128 0x13
 1054 00d2 02       		.uleb128 0x2
 1055 00d3 18       		.uleb128 0x18
 1056 00d4 00       		.byte	0
 1057 00d5 00       		.byte	0
 1058 00d6 11       		.uleb128 0x11
 1059 00d7 34       		.uleb128 0x34
 1060 00d8 00       		.byte	0
 1061 00d9 03       		.uleb128 0x3
 1062 00da 0E       		.uleb128 0xe
 1063 00db 3A       		.uleb128 0x3a
 1064 00dc 0B       		.uleb128 0xb
 1065 00dd 3B       		.uleb128 0x3b
 1066 00de 0B       		.uleb128 0xb
 1067 00df 49       		.uleb128 0x49
 1068 00e0 13       		.uleb128 0x13
 1069 00e1 02       		.uleb128 0x2
 1070 00e2 17       		.uleb128 0x17
 1071 00e3 00       		.byte	0
 1072 00e4 00       		.byte	0
 1073 00e5 12       		.uleb128 0x12
 1074 00e6 34       		.uleb128 0x34
 1075 00e7 00       		.byte	0
 1076 00e8 03       		.uleb128 0x3
 1077 00e9 08       		.uleb128 0x8
 1078 00ea 3A       		.uleb128 0x3a
 1079 00eb 0B       		.uleb128 0xb
ARM GAS  C:\Users\Phuong\AppData\Local\Temp\cc2bIkI6.s 			page 23


 1080 00ec 3B       		.uleb128 0x3b
 1081 00ed 0B       		.uleb128 0xb
 1082 00ee 49       		.uleb128 0x49
 1083 00ef 13       		.uleb128 0x13
 1084 00f0 02       		.uleb128 0x2
 1085 00f1 17       		.uleb128 0x17
 1086 00f2 00       		.byte	0
 1087 00f3 00       		.byte	0
 1088 00f4 13       		.uleb128 0x13
 1089 00f5 34       		.uleb128 0x34
 1090 00f6 00       		.byte	0
 1091 00f7 03       		.uleb128 0x3
 1092 00f8 0E       		.uleb128 0xe
 1093 00f9 49       		.uleb128 0x49
 1094 00fa 13       		.uleb128 0x13
 1095 00fb 34       		.uleb128 0x34
 1096 00fc 19       		.uleb128 0x19
 1097 00fd 02       		.uleb128 0x2
 1098 00fe 18       		.uleb128 0x18
 1099 00ff 00       		.byte	0
 1100 0100 00       		.byte	0
 1101 0101 14       		.uleb128 0x14
 1102 0102 0B       		.uleb128 0xb
 1103 0103 01       		.byte	0x1
 1104 0104 11       		.uleb128 0x11
 1105 0105 01       		.uleb128 0x1
 1106 0106 12       		.uleb128 0x12
 1107 0107 06       		.uleb128 0x6
 1108 0108 01       		.uleb128 0x1
 1109 0109 13       		.uleb128 0x13
 1110 010a 00       		.byte	0
 1111 010b 00       		.byte	0
 1112 010c 15       		.uleb128 0x15
 1113 010d 898201   		.uleb128 0x4109
 1114 0110 00       		.byte	0
 1115 0111 11       		.uleb128 0x11
 1116 0112 01       		.uleb128 0x1
 1117 0113 31       		.uleb128 0x31
 1118 0114 13       		.uleb128 0x13
 1119 0115 00       		.byte	0
 1120 0116 00       		.byte	0
 1121 0117 16       		.uleb128 0x16
 1122 0118 898201   		.uleb128 0x4109
 1123 011b 01       		.byte	0x1
 1124 011c 11       		.uleb128 0x11
 1125 011d 01       		.uleb128 0x1
 1126 011e 9342     		.uleb128 0x2113
 1127 0120 18       		.uleb128 0x18
 1128 0121 00       		.byte	0
 1129 0122 00       		.byte	0
 1130 0123 17       		.uleb128 0x17
 1131 0124 8A8201   		.uleb128 0x410a
 1132 0127 00       		.byte	0
 1133 0128 02       		.uleb128 0x2
 1134 0129 18       		.uleb128 0x18
 1135 012a 9142     		.uleb128 0x2111
 1136 012c 18       		.uleb128 0x18
ARM GAS  C:\Users\Phuong\AppData\Local\Temp\cc2bIkI6.s 			page 24


 1137 012d 00       		.byte	0
 1138 012e 00       		.byte	0
 1139 012f 18       		.uleb128 0x18
 1140 0130 0B       		.uleb128 0xb
 1141 0131 01       		.byte	0x1
 1142 0132 11       		.uleb128 0x11
 1143 0133 01       		.uleb128 0x1
 1144 0134 12       		.uleb128 0x12
 1145 0135 06       		.uleb128 0x6
 1146 0136 00       		.byte	0
 1147 0137 00       		.byte	0
 1148 0138 19       		.uleb128 0x19
 1149 0139 26       		.uleb128 0x26
 1150 013a 00       		.byte	0
 1151 013b 00       		.byte	0
 1152 013c 00       		.byte	0
 1153 013d 1A       		.uleb128 0x1a
 1154 013e 01       		.uleb128 0x1
 1155 013f 01       		.byte	0x1
 1156 0140 49       		.uleb128 0x49
 1157 0141 13       		.uleb128 0x13
 1158 0142 01       		.uleb128 0x1
 1159 0143 13       		.uleb128 0x13
 1160 0144 00       		.byte	0
 1161 0145 00       		.byte	0
 1162 0146 1B       		.uleb128 0x1b
 1163 0147 21       		.uleb128 0x21
 1164 0148 00       		.byte	0
 1165 0149 49       		.uleb128 0x49
 1166 014a 13       		.uleb128 0x13
 1167 014b 2F       		.uleb128 0x2f
 1168 014c 0B       		.uleb128 0xb
 1169 014d 00       		.byte	0
 1170 014e 00       		.byte	0
 1171 014f 1C       		.uleb128 0x1c
 1172 0150 34       		.uleb128 0x34
 1173 0151 00       		.byte	0
 1174 0152 03       		.uleb128 0x3
 1175 0153 0E       		.uleb128 0xe
 1176 0154 3A       		.uleb128 0x3a
 1177 0155 0B       		.uleb128 0xb
 1178 0156 3B       		.uleb128 0x3b
 1179 0157 0B       		.uleb128 0xb
 1180 0158 49       		.uleb128 0x49
 1181 0159 13       		.uleb128 0x13
 1182 015a 3F       		.uleb128 0x3f
 1183 015b 19       		.uleb128 0x19
 1184 015c 02       		.uleb128 0x2
 1185 015d 18       		.uleb128 0x18
 1186 015e 00       		.byte	0
 1187 015f 00       		.byte	0
 1188 0160 00       		.byte	0
 1189              		.section	.debug_loc,"",%progbits
 1190              	.Ldebug_loc0:
 1191              	.LLST0:
 1192 0000 00000000 		.4byte	.LVL1
 1193 0004 0D000000 		.4byte	.LVL3-1
ARM GAS  C:\Users\Phuong\AppData\Local\Temp\cc2bIkI6.s 			page 25


 1194 0008 0100     		.2byte	0x1
 1195 000a 50       		.byte	0x50
 1196 000b 0D000000 		.4byte	.LVL3-1
 1197 000f 2C000000 		.4byte	.LVL7
 1198 0013 0100     		.2byte	0x1
 1199 0015 56       		.byte	0x56
 1200 0016 2C000000 		.4byte	.LVL7
 1201 001a 28010000 		.4byte	.LFE3
 1202 001e 0400     		.2byte	0x4
 1203 0020 F3       		.byte	0xf3
 1204 0021 01       		.uleb128 0x1
 1205 0022 50       		.byte	0x50
 1206 0023 9F       		.byte	0x9f
 1207 0024 00000000 		.4byte	0
 1208 0028 00000000 		.4byte	0
 1209              	.LLST1:
 1210 002c 00000000 		.4byte	.LVL1
 1211 0030 0D000000 		.4byte	.LVL3-1
 1212 0034 0100     		.2byte	0x1
 1213 0036 51       		.byte	0x51
 1214 0037 0D000000 		.4byte	.LVL3-1
 1215 003b 30000000 		.4byte	.LVL8
 1216 003f 0100     		.2byte	0x1
 1217 0041 55       		.byte	0x55
 1218 0042 30000000 		.4byte	.LVL8
 1219 0046 28010000 		.4byte	.LFE3
 1220 004a 0400     		.2byte	0x4
 1221 004c F3       		.byte	0xf3
 1222 004d 01       		.uleb128 0x1
 1223 004e 51       		.byte	0x51
 1224 004f 9F       		.byte	0x9f
 1225 0050 00000000 		.4byte	0
 1226 0054 00000000 		.4byte	0
 1227              	.LLST2:
 1228 0058 00000000 		.4byte	.LVL1
 1229 005c 0D000000 		.4byte	.LVL3-1
 1230 0060 0100     		.2byte	0x1
 1231 0062 52       		.byte	0x52
 1232 0063 0D000000 		.4byte	.LVL3-1
 1233 0067 16010000 		.4byte	.LVL30
 1234 006b 0100     		.2byte	0x1
 1235 006d 57       		.byte	0x57
 1236 006e 16010000 		.4byte	.LVL30
 1237 0072 28010000 		.4byte	.LFE3
 1238 0076 0400     		.2byte	0x4
 1239 0078 F3       		.byte	0xf3
 1240 0079 01       		.uleb128 0x1
 1241 007a 52       		.byte	0x52
 1242 007b 9F       		.byte	0x9f
 1243 007c 00000000 		.4byte	0
 1244 0080 00000000 		.4byte	0
 1245              	.LLST3:
 1246 0084 0A000000 		.4byte	.LVL2
 1247 0088 30000000 		.4byte	.LVL8
 1248 008c 0200     		.2byte	0x2
 1249 008e 30       		.byte	0x30
 1250 008f 9F       		.byte	0x9f
ARM GAS  C:\Users\Phuong\AppData\Local\Temp\cc2bIkI6.s 			page 26


 1251 0090 30000000 		.4byte	.LVL8
 1252 0094 86000000 		.4byte	.LVL11
 1253 0098 0100     		.2byte	0x1
 1254 009a 53       		.byte	0x53
 1255 009b B8000000 		.4byte	.LVL19
 1256 009f CA000000 		.4byte	.LVL21
 1257 00a3 0100     		.2byte	0x1
 1258 00a5 53       		.byte	0x53
 1259 00a6 CA000000 		.4byte	.LVL21
 1260 00aa DE000000 		.4byte	.LVL22
 1261 00ae 0100     		.2byte	0x1
 1262 00b0 52       		.byte	0x52
 1263 00b1 DE000000 		.4byte	.LVL22
 1264 00b5 E0000000 		.4byte	.LVL23
 1265 00b9 0100     		.2byte	0x1
 1266 00bb 53       		.byte	0x53
 1267 00bc E0000000 		.4byte	.LVL23
 1268 00c0 E8000000 		.4byte	.LVL24
 1269 00c4 0100     		.2byte	0x1
 1270 00c6 52       		.byte	0x52
 1271 00c7 00000000 		.4byte	0
 1272 00cb 00000000 		.4byte	0
 1273              	.LLST4:
 1274 00cf 0A000000 		.4byte	.LVL2
 1275 00d3 30000000 		.4byte	.LVL8
 1276 00d7 0200     		.2byte	0x2
 1277 00d9 30       		.byte	0x30
 1278 00da 9F       		.byte	0x9f
 1279 00db 30000000 		.4byte	.LVL8
 1280 00df 16010000 		.4byte	.LVL29
 1281 00e3 0100     		.2byte	0x1
 1282 00e5 56       		.byte	0x56
 1283 00e6 00000000 		.4byte	0
 1284 00ea 00000000 		.4byte	0
 1285              	.LLST5:
 1286 00ee 0A000000 		.4byte	.LVL2
 1287 00f2 0D000000 		.4byte	.LVL3-1
 1288 00f6 0100     		.2byte	0x1
 1289 00f8 51       		.byte	0x51
 1290 00f9 0D000000 		.4byte	.LVL3-1
 1291 00fd CA000000 		.4byte	.LVL21
 1292 0101 0100     		.2byte	0x1
 1293 0103 55       		.byte	0x55
 1294 0104 00000000 		.4byte	0
 1295 0108 00000000 		.4byte	0
 1296              	.LLST6:
 1297 010c 0A000000 		.4byte	.LVL2
 1298 0110 0D000000 		.4byte	.LVL3-1
 1299 0114 0100     		.2byte	0x1
 1300 0116 51       		.byte	0x51
 1301 0117 0D000000 		.4byte	.LVL3-1
 1302 011b 30000000 		.4byte	.LVL8
 1303 011f 0100     		.2byte	0x1
 1304 0121 55       		.byte	0x55
 1305 0122 30000000 		.4byte	.LVL8
 1306 0126 B0000000 		.4byte	.LVL16
 1307 012a 0300     		.2byte	0x3
ARM GAS  C:\Users\Phuong\AppData\Local\Temp\cc2bIkI6.s 			page 27


 1308 012c 91       		.byte	0x91
 1309 012d 9C7F     		.sleb128 -100
 1310 012f B4000000 		.4byte	.LVL17
 1311 0133 B6000000 		.4byte	.LVL18
 1312 0137 0300     		.2byte	0x3
 1313 0139 91       		.byte	0x91
 1314 013a 9C7F     		.sleb128 -100
 1315 013c B8000000 		.4byte	.LVL19
 1316 0140 28010000 		.4byte	.LFE3
 1317 0144 0300     		.2byte	0x3
 1318 0146 91       		.byte	0x91
 1319 0147 9C7F     		.sleb128 -100
 1320 0149 00000000 		.4byte	0
 1321 014d 00000000 		.4byte	0
 1322              	.LLST7:
 1323 0151 10000000 		.4byte	.LVL4
 1324 0155 26000000 		.4byte	.LVL5
 1325 0159 0100     		.2byte	0x1
 1326 015b 50       		.byte	0x50
 1327 015c 26000000 		.4byte	.LVL5
 1328 0160 30000000 		.4byte	.LVL8
 1329 0164 0100     		.2byte	0x1
 1330 0166 54       		.byte	0x54
 1331 0167 00000000 		.4byte	0
 1332 016b 00000000 		.4byte	0
 1333              	.LLST8:
 1334 016f 8E000000 		.4byte	.LVL13
 1335 0173 AC000000 		.4byte	.LVL14
 1336 0177 0100     		.2byte	0x1
 1337 0179 50       		.byte	0x50
 1338 017a AC000000 		.4byte	.LVL14
 1339 017e B4000000 		.4byte	.LVL17
 1340 0182 0100     		.2byte	0x1
 1341 0184 54       		.byte	0x54
 1342 0185 B4000000 		.4byte	.LVL17
 1343 0189 B8000000 		.4byte	.LVL19
 1344 018d 0100     		.2byte	0x1
 1345 018f 50       		.byte	0x50
 1346 0190 00000000 		.4byte	0
 1347 0194 00000000 		.4byte	0
 1348              	.LLST9:
 1349 0198 F4000000 		.4byte	.LVL26
 1350 019c 12010000 		.4byte	.LVL27
 1351 01a0 0100     		.2byte	0x1
 1352 01a2 50       		.byte	0x50
 1353 01a3 12010000 		.4byte	.LVL27
 1354 01a7 14010000 		.4byte	.LVL28
 1355 01ab 0100     		.2byte	0x1
 1356 01ad 55       		.byte	0x55
 1357 01ae 00000000 		.4byte	0
 1358 01b2 00000000 		.4byte	0
 1359              		.section	.debug_aranges,"",%progbits
 1360 0000 2C000000 		.4byte	0x2c
 1361 0004 0200     		.2byte	0x2
 1362 0006 00000000 		.4byte	.Ldebug_info0
 1363 000a 04       		.byte	0x4
 1364 000b 00       		.byte	0
ARM GAS  C:\Users\Phuong\AppData\Local\Temp\cc2bIkI6.s 			page 28


 1365 000c 0000     		.2byte	0
 1366 000e 0000     		.2byte	0
 1367 0010 00000000 		.4byte	.LFB1
 1368 0014 0C000000 		.4byte	.LFE1-.LFB1
 1369 0018 00000000 		.4byte	.LFB2
 1370 001c 0C000000 		.4byte	.LFE2-.LFB2
 1371 0020 00000000 		.4byte	.LFB3
 1372 0024 28010000 		.4byte	.LFE3-.LFB3
 1373 0028 00000000 		.4byte	0
 1374 002c 00000000 		.4byte	0
 1375              		.section	.debug_ranges,"",%progbits
 1376              	.Ldebug_ranges0:
 1377 0000 00000000 		.4byte	.LFB1
 1378 0004 0C000000 		.4byte	.LFE1
 1379 0008 00000000 		.4byte	.LFB2
 1380 000c 0C000000 		.4byte	.LFE2
 1381 0010 00000000 		.4byte	.LFB3
 1382 0014 28010000 		.4byte	.LFE3
 1383 0018 00000000 		.4byte	0
 1384 001c 00000000 		.4byte	0
 1385              		.section	.debug_line,"",%progbits
 1386              	.Ldebug_line0:
 1387 0000 D8010000 		.section	.debug_str,"MS",%progbits,1
 1387      02001001 
 1387      00000201 
 1387      FB0E0D00 
 1387      01010101 
 1388              	.LASF33:
 1389 0000 786C6F67 		.ascii	"xlogging_get_log_function\000"
 1389      67696E67 
 1389      5F676574 
 1389      5F6C6F67 
 1389      5F66756E 
 1390              	.LASF20:
 1391 001a 6C6F675F 		.ascii	"log_function\000"
 1391      66756E63 
 1391      74696F6E 
 1391      00
 1392              	.LASF15:
 1393 0027 73697A65 		.ascii	"size_t\000"
 1393      5F7400
 1394              	.LASF17:
 1395 002e 4C4F4747 		.ascii	"LOGGER_LOG\000"
 1395      45525F4C 
 1395      4F4700
 1396              	.LASF28:
 1397 0039 73746172 		.ascii	"startPos\000"
 1397      74506F73 
 1397      00
 1398              	.LASF35:
 1399 0042 676C6F62 		.ascii	"global_log_function\000"
 1399      616C5F6C 
 1399      6F675F66 
 1399      756E6374 
 1399      696F6E00 
 1400              	.LASF34:
 1401 0056 5F5F6675 		.ascii	"__func__\000"
ARM GAS  C:\Users\Phuong\AppData\Local\Temp\cc2bIkI6.s 			page 29


 1401      6E635F5F 
 1401      00
 1402              	.LASF22:
 1403 005f 64617461 		.ascii	"data\000"
 1403      00
 1404              	.LASF14:
 1405 0064 415A5F4C 		.ascii	"AZ_LOG_TRACE\000"
 1405      4F475F54 
 1405      52414345 
 1405      00
 1406              	.LASF5:
 1407 0071 6C6F6E67 		.ascii	"long unsigned int\000"
 1407      20756E73 
 1407      69676E65 
 1407      6420696E 
 1407      7400
 1408              	.LASF32:
 1409 0083 4C4F475F 		.ascii	"LOG_CATEGORY_TAG\000"
 1409      43415445 
 1409      474F5259 
 1409      5F544147 
 1409      00
 1410              	.LASF3:
 1411 0094 73686F72 		.ascii	"short unsigned int\000"
 1411      7420756E 
 1411      7369676E 
 1411      65642069 
 1411      6E7400
 1412              	.LASF16:
 1413 00a7 4C4F475F 		.ascii	"LOG_CATEGORY\000"
 1413      43415445 
 1413      474F5259 
 1413      00
 1414              	.LASF25:
 1415 00b4 68657842 		.ascii	"hexBuf\000"
 1415      756600
 1416              	.LASF26:
 1417 00bb 636F756E 		.ascii	"countbuf\000"
 1417      74627566 
 1417      00
 1418              	.LASF1:
 1419 00c4 756E7369 		.ascii	"unsigned char\000"
 1419      676E6564 
 1419      20636861 
 1419      7200
 1420              	.LASF8:
 1421 00d2 756E7369 		.ascii	"unsigned int\000"
 1421      676E6564 
 1421      20696E74 
 1421      00
 1422              	.LASF31:
 1423 00df 433A5C55 		.ascii	"C:\\Users\\Phuong\\Documents\\PSoC Creator\\Dec0820"
 1423      73657273 
 1423      5C506875 
 1423      6F6E675C 
 1423      446F6375 
 1424 010d 31385C69 		.ascii	"18\\iot-sdk-iot-dev\\PSOC6_FreeRTOS+LwIP+MbedTLS_Az"
ARM GAS  C:\Users\Phuong\AppData\Local\Temp\cc2bIkI6.s 			page 30


 1424      6F742D73 
 1424      646B2D69 
 1424      6F742D64 
 1424      65765C50 
 1425 013e 7572652D 		.ascii	"ure-IOT-Hub-Demo\\PSOC6_FreeRTOS+LwIP+MbedTLS_Azure"
 1425      494F542D 
 1425      4875622D 
 1425      44656D6F 
 1425      5C50534F 
 1426 0170 2D494F54 		.ascii	"-IOT-Hub-Demo.cydsn\000"
 1426      2D487562 
 1426      2D44656D 
 1426      6F2E6379 
 1426      64736E00 
 1427              	.LASF7:
 1428 0184 6C6F6E67 		.ascii	"long long unsigned int\000"
 1428      206C6F6E 
 1428      6720756E 
 1428      7369676E 
 1428      65642069 
 1429              	.LASF19:
 1430 019b 4C6F6742 		.ascii	"LogBinary\000"
 1430      696E6172 
 1430      7900
 1431              	.LASF27:
 1432 01a5 62756641 		.ascii	"bufAsChar\000"
 1432      73436861 
 1432      7200
 1433              	.LASF21:
 1434 01af 636F6D6D 		.ascii	"comment\000"
 1434      656E7400 
 1435              	.LASF10:
 1436 01b7 73697A65 		.ascii	"sizetype\000"
 1436      74797065 
 1436      00
 1437              	.LASF24:
 1438 01c0 63686172 		.ascii	"charBuf\000"
 1438      42756600 
 1439              	.LASF6:
 1440 01c8 6C6F6E67 		.ascii	"long long int\000"
 1440      206C6F6E 
 1440      6720696E 
 1440      7400
 1441              	.LASF11:
 1442 01d6 63686172 		.ascii	"char\000"
 1442      00
 1443              	.LASF2:
 1444 01db 73686F72 		.ascii	"short int\000"
 1444      7420696E 
 1444      7400
 1445              	.LASF13:
 1446 01e5 415A5F4C 		.ascii	"AZ_LOG_INFO\000"
 1446      4F475F49 
 1446      4E464F00 
 1447              	.LASF4:
 1448 01f1 6C6F6E67 		.ascii	"long int\000"
 1448      20696E74 
ARM GAS  C:\Users\Phuong\AppData\Local\Temp\cc2bIkI6.s 			page 31


 1448      00
 1449              	.LASF18:
 1450 01fa 786C6F67 		.ascii	"xlogging_set_log_function\000"
 1450      67696E67 
 1450      5F736574 
 1450      5F6C6F67 
 1450      5F66756E 
 1451              	.LASF9:
 1452 0214 6C6F6E67 		.ascii	"long double\000"
 1452      20646F75 
 1452      626C6500 
 1453              	.LASF29:
 1454 0220 474E5520 		.ascii	"GNU C11 5.4.1 20160609 (release) [ARM/embedded-5-br"
 1454      43313120 
 1454      352E342E 
 1454      31203230 
 1454      31363036 
 1455 0253 616E6368 		.ascii	"anch revision 237715] -mcpu=cortex-m0plus -mthumb -"
 1455      20726576 
 1455      6973696F 
 1455      6E203233 
 1455      37373135 
 1456 0286 67202D4F 		.ascii	"g -Og -ffunction-sections -ffat-lto-objects\000"
 1456      67202D66 
 1456      66756E63 
 1456      74696F6E 
 1456      2D736563 
 1457              	.LASF0:
 1458 02b2 7369676E 		.ascii	"signed char\000"
 1458      65642063 
 1458      68617200 
 1459              	.LASF30:
 1460 02be 536F7572 		.ascii	"Source\\azure_iot_sdk\\c-utility\\src\\xlogging.c\000"
 1460      63655C61 
 1460      7A757265 
 1460      5F696F74 
 1460      5F73646B 
 1461              	.LASF23:
 1462 02ec 73697A65 		.ascii	"size\000"
 1462      00
 1463              	.LASF12:
 1464 02f1 415A5F4C 		.ascii	"AZ_LOG_ERROR\000"
 1464      4F475F45 
 1464      52524F52 
 1464      00
 1465              		.ident	"GCC: (GNU Tools for ARM Embedded Processors) 5.4.1 20160609 (release) [ARM/embedded-5-bran
