This file contains any messages produced by compilers while
running configure, to aid debugging if configure makes a mistake.

It was created by tinydtls configure 0.8.6, which was
generated by GNU Autoconf 2.69.  Invocation command line was

  $ ./configure --prefix=/home/shrunoti/Downloads/workspace/legato/build/localhost/3rdParty/tinydtls --host=x86_64-linux-gnu CFLAGS=-w -std=gnu99 -DWITH_SHA256 -I/home/shrunoti/Downloads/workspace/legato/3rdParty/Lwm2mCore/include/platform-specific/linux -fPIC --sysroot=/ -O2 -fno-omit-frame-pointer -I build/localhost/system -I/home/shrunoti/Downloads/workspace/legato/interfaces -I/home/shrunoti/Downloads/workspace/legato/framework/include -I. -Iinterfaces/modemServices -Iinterfaces/positioning -Iinterfaces/atServices LDFLAGS=--sysroot=/ 

## --------- ##
## Platform. ##
## --------- ##

hostname = shrunoti-PC
uname -m = x86_64
uname -r = 4.13.0-31-generic
uname -s = Linux
uname -v = #34~16.04.1-Ubuntu SMP Fri Jan 19 17:11:01 UTC 2018

/usr/bin/uname -p = unknown
/bin/uname -X     = unknown

/bin/arch              = unknown
/usr/bin/arch -k       = unknown
/usr/convex/getsysinfo = unknown
/usr/bin/hostinfo      = unknown
/bin/machine           = unknown
/usr/bin/oslevel       = unknown
/bin/universe          = unknown

PATH: /usr/bin/
PATH: /usr/local/sbin
PATH: /usr/local/bin
PATH: /usr/sbin
PATH: /usr/bin
PATH: /sbin
PATH: /bin
PATH: /snap/bin
PATH: /home/shrunoti/Downloads/workspace/legato/bin


## ----------- ##
## Core tests. ##
## ----------- ##

configure:2238: checking for doxygen
configure:2256: found /usr/bin//doxygen
configure:2269: result: /usr/bin//doxygen
configure:2279: checking for etags
configure:2310: result: /bin/false
configure:2321: checking whether make sets $(MAKE)
configure:2343: result: yes
configure:2360: checking for x86_64-linux-gnu-gcc
configure:2387: result: /usr/bin//gcc
configure:2656: checking for C compiler version
configure:2665: /usr/bin//gcc --version >&5
gcc (Ubuntu 5.4.0-6ubuntu1~16.04.9) 5.4.0 20160609
Copyright (C) 2015 Free Software Foundation, Inc.
This is free software; see the source for copying conditions.  There is NO
warranty; not even for MERCHANTABILITY or FITNESS FOR A PARTICULAR PURPOSE.

configure:2676: $? = 0
configure:2665: /usr/bin//gcc -v >&5
Using built-in specs.
COLLECT_GCC=/usr/bin//gcc
COLLECT_LTO_WRAPPER=/usr/lib/gcc/x86_64-linux-gnu/5/lto-wrapper
Target: x86_64-linux-gnu
Configured with: ../src/configure -v --with-pkgversion='Ubuntu 5.4.0-6ubuntu1~16.04.9' --with-bugurl=file:///usr/share/doc/gcc-5/README.Bugs --enable-languages=c,ada,c++,java,go,d,fortran,objc,obj-c++ --prefix=/usr --program-suffix=-5 --enable-shared --enable-linker-build-id --libexecdir=/usr/lib --without-included-gettext --enable-threads=posix --libdir=/usr/lib --enable-nls --with-sysroot=/ --enable-clocale=gnu --enable-libstdcxx-debug --enable-libstdcxx-time=yes --with-default-libstdcxx-abi=new --enable-gnu-unique-object --disable-vtable-verify --enable-libmpx --enable-plugin --with-system-zlib --disable-browser-plugin --enable-java-awt=gtk --enable-gtk-cairo --with-java-home=/usr/lib/jvm/java-1.5.0-gcj-5-amd64/jre --enable-java-home --with-jvm-root-dir=/usr/lib/jvm/java-1.5.0-gcj-5-amd64 --with-jvm-jar-dir=/usr/lib/jvm-exports/java-1.5.0-gcj-5-amd64 --with-arch-directory=amd64 --with-ecj-jar=/usr/share/java/eclipse-ecj.jar --enable-objc-gc --enable-multiarch --disable-werror --with-arch-32=i686 --with-abi=m64 --with-multilib-list=m32,m64,mx32 --enable-multilib --with-tune=generic --enable-checking=release --build=x86_64-linux-gnu --host=x86_64-linux-gnu --target=x86_64-linux-gnu
Thread model: posix
gcc version 5.4.0 20160609 (Ubuntu 5.4.0-6ubuntu1~16.04.9) 
configure:2676: $? = 0
configure:2665: /usr/bin//gcc -V >&5
gcc: error: unrecognized command line option '-V'
gcc: fatal error: no input files
compilation terminated.
configure:2676: $? = 1
configure:2665: /usr/bin//gcc -qversion >&5
gcc: error: unrecognized command line option '-qversion'
gcc: fatal error: no input files
compilation terminated.
configure:2676: $? = 1
configure:2696: checking whether the C compiler works
configure:2718: /usr/bin//gcc -w -std=gnu99 -DWITH_SHA256 -I/home/shrunoti/Downloads/workspace/legato/3rdParty/Lwm2mCore/include/platform-specific/linux -fPIC --sysroot=/ -O2 -fno-omit-frame-pointer -I build/localhost/system -I/home/shrunoti/Downloads/workspace/legato/interfaces -I/home/shrunoti/Downloads/workspace/legato/framework/include -I. -Iinterfaces/modemServices -Iinterfaces/positioning -Iinterfaces/atServices  --sysroot=/  conftest.c  >&5
configure:2722: $? = 0
configure:2770: result: yes
configure:2773: checking for C compiler default output file name
configure:2775: result: a.out
configure:2781: checking for suffix of executables
configure:2788: /usr/bin//gcc -o conftest -w -std=gnu99 -DWITH_SHA256 -I/home/shrunoti/Downloads/workspace/legato/3rdParty/Lwm2mCore/include/platform-specific/linux -fPIC --sysroot=/ -O2 -fno-omit-frame-pointer -I build/localhost/system -I/home/shrunoti/Downloads/workspace/legato/interfaces -I/home/shrunoti/Downloads/workspace/legato/framework/include -I. -Iinterfaces/modemServices -Iinterfaces/positioning -Iinterfaces/atServices  --sysroot=/  conftest.c  >&5
configure:2792: $? = 0
configure:2814: result: 
configure:2836: checking whether we are cross compiling
configure:2844: /usr/bin//gcc -o conftest -w -std=gnu99 -DWITH_SHA256 -I/home/shrunoti/Downloads/workspace/legato/3rdParty/Lwm2mCore/include/platform-specific/linux -fPIC --sysroot=/ -O2 -fno-omit-frame-pointer -I build/localhost/system -I/home/shrunoti/Downloads/workspace/legato/interfaces -I/home/shrunoti/Downloads/workspace/legato/framework/include -I. -Iinterfaces/modemServices -Iinterfaces/positioning -Iinterfaces/atServices  --sysroot=/  conftest.c  >&5
configure:2848: $? = 0
configure:2855: ./conftest
configure:2859: $? = 0
configure:2874: result: no
configure:2879: checking for suffix of object files
configure:2901: /usr/bin//gcc -c -w -std=gnu99 -DWITH_SHA256 -I/home/shrunoti/Downloads/workspace/legato/3rdParty/Lwm2mCore/include/platform-specific/linux -fPIC --sysroot=/ -O2 -fno-omit-frame-pointer -I build/localhost/system -I/home/shrunoti/Downloads/workspace/legato/interfaces -I/home/shrunoti/Downloads/workspace/legato/framework/include -I. -Iinterfaces/modemServices -Iinterfaces/positioning -Iinterfaces/atServices  conftest.c >&5
configure:2905: $? = 0
configure:2926: result: o
configure:2930: checking whether we are using the GNU C compiler
configure:2949: /usr/bin//gcc -c -w -std=gnu99 -DWITH_SHA256 -I/home/shrunoti/Downloads/workspace/legato/3rdParty/Lwm2mCore/include/platform-specific/linux -fPIC --sysroot=/ -O2 -fno-omit-frame-pointer -I build/localhost/system -I/home/shrunoti/Downloads/workspace/legato/interfaces -I/home/shrunoti/Downloads/workspace/legato/framework/include -I. -Iinterfaces/modemServices -Iinterfaces/positioning -Iinterfaces/atServices  conftest.c >&5
configure:2949: $? = 0
configure:2958: result: yes
configure:2967: checking whether /usr/bin//gcc accepts -g
configure:2987: /usr/bin//gcc -c -g  conftest.c >&5
configure:2987: $? = 0
configure:3028: result: yes
configure:3045: checking for /usr/bin//gcc option to accept ISO C89
configure:3108: /usr/bin//gcc  -c -w -std=gnu99 -DWITH_SHA256 -I/home/shrunoti/Downloads/workspace/legato/3rdParty/Lwm2mCore/include/platform-specific/linux -fPIC --sysroot=/ -O2 -fno-omit-frame-pointer -I build/localhost/system -I/home/shrunoti/Downloads/workspace/legato/interfaces -I/home/shrunoti/Downloads/workspace/legato/framework/include -I. -Iinterfaces/modemServices -Iinterfaces/positioning -Iinterfaces/atServices  conftest.c >&5
configure:3108: $? = 0
configure:3121: result: none needed
configure:3144: checking for x86_64-linux-gnu-ranlib
configure:3160: found /usr/bin//x86_64-linux-gnu-ranlib
configure:3171: result: x86_64-linux-gnu-ranlib
configure:3240: checking how to run the C preprocessor
configure:3271: /usr/bin//gcc -E  conftest.c
configure:3271: $? = 0
configure:3285: /usr/bin//gcc -E  conftest.c
conftest.c:9:28: fatal error: ac_nonexistent.h: No such file or directory
compilation terminated.
configure:3285: $? = 1
configure: failed program was:
| /* confdefs.h */
| #define PACKAGE_NAME "tinydtls"
| #define PACKAGE_TARNAME "tinydtls"
| #define PACKAGE_VERSION "0.8.6"
| #define PACKAGE_STRING "tinydtls 0.8.6"
| #define PACKAGE_BUGREPORT ""
| #define PACKAGE_URL ""
| /* end confdefs.h.  */
| #include <ac_nonexistent.h>
configure:3310: result: /usr/bin//gcc -E
configure:3330: /usr/bin//gcc -E  conftest.c
configure:3330: $? = 0
configure:3344: /usr/bin//gcc -E  conftest.c
conftest.c:9:28: fatal error: ac_nonexistent.h: No such file or directory
compilation terminated.
configure:3344: $? = 1
configure: failed program was:
| /* confdefs.h */
| #define PACKAGE_NAME "tinydtls"
| #define PACKAGE_TARNAME "tinydtls"
| #define PACKAGE_VERSION "0.8.6"
| #define PACKAGE_STRING "tinydtls 0.8.6"
| #define PACKAGE_BUGREPORT ""
| #define PACKAGE_URL ""
| /* end confdefs.h.  */
| #include <ac_nonexistent.h>
configure:3373: checking for grep that handles long lines and -e
configure:3431: result: /bin/grep
configure:3436: checking for egrep
configure:3498: result: /bin/grep -E
configure:3503: checking for ANSI C header files
configure:3523: /usr/bin//gcc -c -w -std=gnu99 -DWITH_SHA256 -I/home/shrunoti/Downloads/workspace/legato/3rdParty/Lwm2mCore/include/platform-specific/linux -fPIC --sysroot=/ -O2 -fno-omit-frame-pointer -I build/localhost/system -I/home/shrunoti/Downloads/workspace/legato/interfaces -I/home/shrunoti/Downloads/workspace/legato/framework/include -I. -Iinterfaces/modemServices -Iinterfaces/positioning -Iinterfaces/atServices  conftest.c >&5
configure:3523: $? = 0
configure:3596: /usr/bin//gcc -o conftest -w -std=gnu99 -DWITH_SHA256 -I/home/shrunoti/Downloads/workspace/legato/3rdParty/Lwm2mCore/include/platform-specific/linux -fPIC --sysroot=/ -O2 -fno-omit-frame-pointer -I build/localhost/system -I/home/shrunoti/Downloads/workspace/legato/interfaces -I/home/shrunoti/Downloads/workspace/legato/framework/include -I. -Iinterfaces/modemServices -Iinterfaces/positioning -Iinterfaces/atServices  --sysroot=/  conftest.c  >&5
configure:3596: $? = 0
configure:3596: ./conftest
configure:3596: $? = 0
configure:3607: result: yes
configure:3620: checking for sys/types.h
configure:3620: /usr/bin//gcc -c -w -std=gnu99 -DWITH_SHA256 -I/home/shrunoti/Downloads/workspace/legato/3rdParty/Lwm2mCore/include/platform-specific/linux -fPIC --sysroot=/ -O2 -fno-omit-frame-pointer -I build/localhost/system -I/home/shrunoti/Downloads/workspace/legato/interfaces -I/home/shrunoti/Downloads/workspace/legato/framework/include -I. -Iinterfaces/modemServices -Iinterfaces/positioning -Iinterfaces/atServices  conftest.c >&5
configure:3620: $? = 0
configure:3620: result: yes
configure:3620: checking for sys/stat.h
configure:3620: /usr/bin//gcc -c -w -std=gnu99 -DWITH_SHA256 -I/home/shrunoti/Downloads/workspace/legato/3rdParty/Lwm2mCore/include/platform-specific/linux -fPIC --sysroot=/ -O2 -fno-omit-frame-pointer -I build/localhost/system -I/home/shrunoti/Downloads/workspace/legato/interfaces -I/home/shrunoti/Downloads/workspace/legato/framework/include -I. -Iinterfaces/modemServices -Iinterfaces/positioning -Iinterfaces/atServices  conftest.c >&5
configure:3620: $? = 0
configure:3620: result: yes
configure:3620: checking for stdlib.h
configure:3620: /usr/bin//gcc -c -w -std=gnu99 -DWITH_SHA256 -I/home/shrunoti/Downloads/workspace/legato/3rdParty/Lwm2mCore/include/platform-specific/linux -fPIC --sysroot=/ -O2 -fno-omit-frame-pointer -I build/localhost/system -I/home/shrunoti/Downloads/workspace/legato/interfaces -I/home/shrunoti/Downloads/workspace/legato/framework/include -I. -Iinterfaces/modemServices -Iinterfaces/positioning -Iinterfaces/atServices  conftest.c >&5
configure:3620: $? = 0
configure:3620: result: yes
configure:3620: checking for string.h
configure:3620: /usr/bin//gcc -c -w -std=gnu99 -DWITH_SHA256 -I/home/shrunoti/Downloads/workspace/legato/3rdParty/Lwm2mCore/include/platform-specific/linux -fPIC --sysroot=/ -O2 -fno-omit-frame-pointer -I build/localhost/system -I/home/shrunoti/Downloads/workspace/legato/interfaces -I/home/shrunoti/Downloads/workspace/legato/framework/include -I. -Iinterfaces/modemServices -Iinterfaces/positioning -Iinterfaces/atServices  conftest.c >&5
configure:3620: $? = 0
configure:3620: result: yes
configure:3620: checking for memory.h
configure:3620: /usr/bin//gcc -c -w -std=gnu99 -DWITH_SHA256 -I/home/shrunoti/Downloads/workspace/legato/3rdParty/Lwm2mCore/include/platform-specific/linux -fPIC --sysroot=/ -O2 -fno-omit-frame-pointer -I build/localhost/system -I/home/shrunoti/Downloads/workspace/legato/interfaces -I/home/shrunoti/Downloads/workspace/legato/framework/include -I. -Iinterfaces/modemServices -Iinterfaces/positioning -Iinterfaces/atServices  conftest.c >&5
configure:3620: $? = 0
configure:3620: result: yes
configure:3620: checking for strings.h
configure:3620: /usr/bin//gcc -c -w -std=gnu99 -DWITH_SHA256 -I/home/shrunoti/Downloads/workspace/legato/3rdParty/Lwm2mCore/include/platform-specific/linux -fPIC --sysroot=/ -O2 -fno-omit-frame-pointer -I build/localhost/system -I/home/shrunoti/Downloads/workspace/legato/interfaces -I/home/shrunoti/Downloads/workspace/legato/framework/include -I. -Iinterfaces/modemServices -Iinterfaces/positioning -Iinterfaces/atServices  conftest.c >&5
configure:3620: $? = 0
configure:3620: result: yes
configure:3620: checking for inttypes.h
configure:3620: /usr/bin//gcc -c -w -std=gnu99 -DWITH_SHA256 -I/home/shrunoti/Downloads/workspace/legato/3rdParty/Lwm2mCore/include/platform-specific/linux -fPIC --sysroot=/ -O2 -fno-omit-frame-pointer -I build/localhost/system -I/home/shrunoti/Downloads/workspace/legato/interfaces -I/home/shrunoti/Downloads/workspace/legato/framework/include -I. -Iinterfaces/modemServices -Iinterfaces/positioning -Iinterfaces/atServices  conftest.c >&5
configure:3620: $? = 0
configure:3620: result: yes
configure:3620: checking for stdint.h
configure:3620: /usr/bin//gcc -c -w -std=gnu99 -DWITH_SHA256 -I/home/shrunoti/Downloads/workspace/legato/3rdParty/Lwm2mCore/include/platform-specific/linux -fPIC --sysroot=/ -O2 -fno-omit-frame-pointer -I build/localhost/system -I/home/shrunoti/Downloads/workspace/legato/interfaces -I/home/shrunoti/Downloads/workspace/legato/framework/include -I. -Iinterfaces/modemServices -Iinterfaces/positioning -Iinterfaces/atServices  conftest.c >&5
configure:3620: $? = 0
configure:3620: result: yes
configure:3620: checking for unistd.h
configure:3620: /usr/bin//gcc -c -w -std=gnu99 -DWITH_SHA256 -I/home/shrunoti/Downloads/workspace/legato/3rdParty/Lwm2mCore/include/platform-specific/linux -fPIC --sysroot=/ -O2 -fno-omit-frame-pointer -I build/localhost/system -I/home/shrunoti/Downloads/workspace/legato/interfaces -I/home/shrunoti/Downloads/workspace/legato/framework/include -I. -Iinterfaces/modemServices -Iinterfaces/positioning -Iinterfaces/atServices  conftest.c >&5
configure:3620: $? = 0
configure:3620: result: yes
configure:3632: checking whether byte ordering is bigendian
configure:3647: /usr/bin//gcc -c -w -std=gnu99 -DWITH_SHA256 -I/home/shrunoti/Downloads/workspace/legato/3rdParty/Lwm2mCore/include/platform-specific/linux -fPIC --sysroot=/ -O2 -fno-omit-frame-pointer -I build/localhost/system -I/home/shrunoti/Downloads/workspace/legato/interfaces -I/home/shrunoti/Downloads/workspace/legato/framework/include -I. -Iinterfaces/modemServices -Iinterfaces/positioning -Iinterfaces/atServices  conftest.c >&5
conftest.c:20:9: error: unknown type name 'not'
         not a universal capable compiler
         ^
conftest.c:20:15: error: expected '=', ',', ';', 'asm' or '__attribute__' before 'universal'
         not a universal capable compiler
               ^
conftest.c:20:15: error: unknown type name 'universal'
configure:3647: $? = 1
configure: failed program was:
| /* confdefs.h */
| #define PACKAGE_NAME "tinydtls"
| #define PACKAGE_TARNAME "tinydtls"
| #define PACKAGE_VERSION "0.8.6"
| #define PACKAGE_STRING "tinydtls 0.8.6"
| #define PACKAGE_BUGREPORT ""
| #define PACKAGE_URL ""
| #define STDC_HEADERS 1
| #define HAVE_SYS_TYPES_H 1
| #define HAVE_SYS_STAT_H 1
| #define HAVE_STDLIB_H 1
| #define HAVE_STRING_H 1
| #define HAVE_MEMORY_H 1
| #define HAVE_STRINGS_H 1
| #define HAVE_INTTYPES_H 1
| #define HAVE_STDINT_H 1
| #define HAVE_UNISTD_H 1
| /* end confdefs.h.  */
| #ifndef __APPLE_CC__
| 	       not a universal capable compiler
| 	     #endif
| 	     typedef int dummy;
| 
configure:3692: /usr/bin//gcc -c -w -std=gnu99 -DWITH_SHA256 -I/home/shrunoti/Downloads/workspace/legato/3rdParty/Lwm2mCore/include/platform-specific/linux -fPIC --sysroot=/ -O2 -fno-omit-frame-pointer -I build/localhost/system -I/home/shrunoti/Downloads/workspace/legato/interfaces -I/home/shrunoti/Downloads/workspace/legato/framework/include -I. -Iinterfaces/modemServices -Iinterfaces/positioning -Iinterfaces/atServices  conftest.c >&5
configure:3692: $? = 0
configure:3710: /usr/bin//gcc -c -w -std=gnu99 -DWITH_SHA256 -I/home/shrunoti/Downloads/workspace/legato/3rdParty/Lwm2mCore/include/platform-specific/linux -fPIC --sysroot=/ -O2 -fno-omit-frame-pointer -I build/localhost/system -I/home/shrunoti/Downloads/workspace/legato/interfaces -I/home/shrunoti/Downloads/workspace/legato/framework/include -I. -Iinterfaces/modemServices -Iinterfaces/positioning -Iinterfaces/atServices  conftest.c >&5
conftest.c: In function 'main':
conftest.c:26:4: error: unknown type name 'not'
    not big endian
    ^
conftest.c:26:12: error: expected '=', ',', ';', 'asm' or '__attribute__' before 'endian'
    not big endian
            ^
configure:3710: $? = 1
configure: failed program was:
| /* confdefs.h */
| #define PACKAGE_NAME "tinydtls"
| #define PACKAGE_TARNAME "tinydtls"
| #define PACKAGE_VERSION "0.8.6"
| #define PACKAGE_STRING "tinydtls 0.8.6"
| #define PACKAGE_BUGREPORT ""
| #define PACKAGE_URL ""
| #define STDC_HEADERS 1
| #define HAVE_SYS_TYPES_H 1
| #define HAVE_SYS_STAT_H 1
| #define HAVE_STDLIB_H 1
| #define HAVE_STRING_H 1
| #define HAVE_MEMORY_H 1
| #define HAVE_STRINGS_H 1
| #define HAVE_INTTYPES_H 1
| #define HAVE_STDINT_H 1
| #define HAVE_UNISTD_H 1
| /* end confdefs.h.  */
| #include <sys/types.h>
| 		#include <sys/param.h>
| 
| int
| main ()
| {
| #if BYTE_ORDER != BIG_ENDIAN
| 		 not big endian
| 		#endif
| 
|   ;
|   return 0;
| }
configure:3838: result: no
configure:3858: checking for library containing gethostbyname
configure:3889: /usr/bin//gcc -o conftest -w -std=gnu99 -DWITH_SHA256 -I/home/shrunoti/Downloads/workspace/legato/3rdParty/Lwm2mCore/include/platform-specific/linux -fPIC --sysroot=/ -O2 -fno-omit-frame-pointer -I build/localhost/system -I/home/shrunoti/Downloads/workspace/legato/interfaces -I/home/shrunoti/Downloads/workspace/legato/framework/include -I. -Iinterfaces/modemServices -Iinterfaces/positioning -Iinterfaces/atServices  --sysroot=/  conftest.c  >&5
configure:3889: $? = 0
configure:3906: result: none required
configure:3914: checking for library containing socket
configure:3945: /usr/bin//gcc -o conftest -w -std=gnu99 -DWITH_SHA256 -I/home/shrunoti/Downloads/workspace/legato/3rdParty/Lwm2mCore/include/platform-specific/linux -fPIC --sysroot=/ -O2 -fno-omit-frame-pointer -I build/localhost/system -I/home/shrunoti/Downloads/workspace/legato/interfaces -I/home/shrunoti/Downloads/workspace/legato/framework/include -I. -Iinterfaces/modemServices -Iinterfaces/positioning -Iinterfaces/atServices  --sysroot=/  conftest.c  >&5
configure:3945: $? = 0
configure:3962: result: none required
configure:4022: checking assert.h usability
configure:4022: /usr/bin//gcc -c -w -std=gnu99 -DWITH_SHA256 -I/home/shrunoti/Downloads/workspace/legato/3rdParty/Lwm2mCore/include/platform-specific/linux -fPIC --sysroot=/ -O2 -fno-omit-frame-pointer -I build/localhost/system -I/home/shrunoti/Downloads/workspace/legato/interfaces -I/home/shrunoti/Downloads/workspace/legato/framework/include -I. -Iinterfaces/modemServices -Iinterfaces/positioning -Iinterfaces/atServices  -DDTLSv12 -DWITH_SHA256 conftest.c >&5
configure:4022: $? = 0
configure:4022: result: yes
configure:4022: checking assert.h presence
configure:4022: /usr/bin//gcc -E  -DDTLSv12 -DWITH_SHA256 conftest.c
configure:4022: $? = 0
configure:4022: result: yes
configure:4022: checking for assert.h
configure:4022: result: yes
configure:4022: checking arpa/inet.h usability
configure:4022: /usr/bin//gcc -c -w -std=gnu99 -DWITH_SHA256 -I/home/shrunoti/Downloads/workspace/legato/3rdParty/Lwm2mCore/include/platform-specific/linux -fPIC --sysroot=/ -O2 -fno-omit-frame-pointer -I build/localhost/system -I/home/shrunoti/Downloads/workspace/legato/interfaces -I/home/shrunoti/Downloads/workspace/legato/framework/include -I. -Iinterfaces/modemServices -Iinterfaces/positioning -Iinterfaces/atServices  -DDTLSv12 -DWITH_SHA256 conftest.c >&5
configure:4022: $? = 0
configure:4022: result: yes
configure:4022: checking arpa/inet.h presence
configure:4022: /usr/bin//gcc -E  -DDTLSv12 -DWITH_SHA256 conftest.c
configure:4022: $? = 0
configure:4022: result: yes
configure:4022: checking for arpa/inet.h
configure:4022: result: yes
configure:4022: checking fcntl.h usability
configure:4022: /usr/bin//gcc -c -w -std=gnu99 -DWITH_SHA256 -I/home/shrunoti/Downloads/workspace/legato/3rdParty/Lwm2mCore/include/platform-specific/linux -fPIC --sysroot=/ -O2 -fno-omit-frame-pointer -I build/localhost/system -I/home/shrunoti/Downloads/workspace/legato/interfaces -I/home/shrunoti/Downloads/workspace/legato/framework/include -I. -Iinterfaces/modemServices -Iinterfaces/positioning -Iinterfaces/atServices  -DDTLSv12 -DWITH_SHA256 conftest.c >&5
configure:4022: $? = 0
configure:4022: result: yes
configure:4022: checking fcntl.h presence
configure:4022: /usr/bin//gcc -E  -DDTLSv12 -DWITH_SHA256 conftest.c
configure:4022: $? = 0
configure:4022: result: yes
configure:4022: checking for fcntl.h
configure:4022: result: yes
configure:4022: checking for inttypes.h
configure:4022: result: yes
configure:4022: checking netdb.h usability
configure:4022: /usr/bin//gcc -c -w -std=gnu99 -DWITH_SHA256 -I/home/shrunoti/Downloads/workspace/legato/3rdParty/Lwm2mCore/include/platform-specific/linux -fPIC --sysroot=/ -O2 -fno-omit-frame-pointer -I build/localhost/system -I/home/shrunoti/Downloads/workspace/legato/interfaces -I/home/shrunoti/Downloads/workspace/legato/framework/include -I. -Iinterfaces/modemServices -Iinterfaces/positioning -Iinterfaces/atServices  -DDTLSv12 -DWITH_SHA256 conftest.c >&5
configure:4022: $? = 0
configure:4022: result: yes
configure:4022: checking netdb.h presence
configure:4022: /usr/bin//gcc -E  -DDTLSv12 -DWITH_SHA256 conftest.c
configure:4022: $? = 0
configure:4022: result: yes
configure:4022: checking for netdb.h
configure:4022: result: yes
configure:4022: checking netinet/in.h usability
configure:4022: /usr/bin//gcc -c -w -std=gnu99 -DWITH_SHA256 -I/home/shrunoti/Downloads/workspace/legato/3rdParty/Lwm2mCore/include/platform-specific/linux -fPIC --sysroot=/ -O2 -fno-omit-frame-pointer -I build/localhost/system -I/home/shrunoti/Downloads/workspace/legato/interfaces -I/home/shrunoti/Downloads/workspace/legato/framework/include -I. -Iinterfaces/modemServices -Iinterfaces/positioning -Iinterfaces/atServices  -DDTLSv12 -DWITH_SHA256 conftest.c >&5
configure:4022: $? = 0
configure:4022: result: yes
configure:4022: checking netinet/in.h presence
configure:4022: /usr/bin//gcc -E  -DDTLSv12 -DWITH_SHA256 conftest.c
configure:4022: $? = 0
configure:4022: result: yes
configure:4022: checking for netinet/in.h
configure:4022: result: yes
configure:4022: checking stddef.h usability
configure:4022: /usr/bin//gcc -c -w -std=gnu99 -DWITH_SHA256 -I/home/shrunoti/Downloads/workspace/legato/3rdParty/Lwm2mCore/include/platform-specific/linux -fPIC --sysroot=/ -O2 -fno-omit-frame-pointer -I build/localhost/system -I/home/shrunoti/Downloads/workspace/legato/interfaces -I/home/shrunoti/Downloads/workspace/legato/framework/include -I. -Iinterfaces/modemServices -Iinterfaces/positioning -Iinterfaces/atServices  -DDTLSv12 -DWITH_SHA256 conftest.c >&5
configure:4022: $? = 0
configure:4022: result: yes
configure:4022: checking stddef.h presence
configure:4022: /usr/bin//gcc -E  -DDTLSv12 -DWITH_SHA256 conftest.c
configure:4022: $? = 0
configure:4022: result: yes
configure:4022: checking for stddef.h
configure:4022: result: yes
configure:4022: checking for stdint.h
configure:4022: result: yes
configure:4022: checking for stdlib.h
configure:4022: result: yes
configure:4022: checking for string.h
configure:4022: result: yes
configure:4022: checking for strings.h
configure:4022: result: yes
configure:4022: checking sys/param.h usability
configure:4022: /usr/bin//gcc -c -w -std=gnu99 -DWITH_SHA256 -I/home/shrunoti/Downloads/workspace/legato/3rdParty/Lwm2mCore/include/platform-specific/linux -fPIC --sysroot=/ -O2 -fno-omit-frame-pointer -I build/localhost/system -I/home/shrunoti/Downloads/workspace/legato/interfaces -I/home/shrunoti/Downloads/workspace/legato/framework/include -I. -Iinterfaces/modemServices -Iinterfaces/positioning -Iinterfaces/atServices  -DDTLSv12 -DWITH_SHA256 conftest.c >&5
configure:4022: $? = 0
configure:4022: result: yes
configure:4022: checking sys/param.h presence
configure:4022: /usr/bin//gcc -E  -DDTLSv12 -DWITH_SHA256 conftest.c
configure:4022: $? = 0
configure:4022: result: yes
configure:4022: checking for sys/param.h
configure:4022: result: yes
configure:4022: checking sys/socket.h usability
configure:4022: /usr/bin//gcc -c -w -std=gnu99 -DWITH_SHA256 -I/home/shrunoti/Downloads/workspace/legato/3rdParty/Lwm2mCore/include/platform-specific/linux -fPIC --sysroot=/ -O2 -fno-omit-frame-pointer -I build/localhost/system -I/home/shrunoti/Downloads/workspace/legato/interfaces -I/home/shrunoti/Downloads/workspace/legato/framework/include -I. -Iinterfaces/modemServices -Iinterfaces/positioning -Iinterfaces/atServices  -DDTLSv12 -DWITH_SHA256 conftest.c >&5
configure:4022: $? = 0
configure:4022: result: yes
configure:4022: checking sys/socket.h presence
configure:4022: /usr/bin//gcc -E  -DDTLSv12 -DWITH_SHA256 conftest.c
configure:4022: $? = 0
configure:4022: result: yes
configure:4022: checking for sys/socket.h
configure:4022: result: yes
configure:4022: checking for unistd.h
configure:4022: result: yes
configure:4036: checking sys/time.h usability
configure:4036: /usr/bin//gcc -c -w -std=gnu99 -DWITH_SHA256 -I/home/shrunoti/Downloads/workspace/legato/3rdParty/Lwm2mCore/include/platform-specific/linux -fPIC --sysroot=/ -O2 -fno-omit-frame-pointer -I build/localhost/system -I/home/shrunoti/Downloads/workspace/legato/interfaces -I/home/shrunoti/Downloads/workspace/legato/framework/include -I. -Iinterfaces/modemServices -Iinterfaces/positioning -Iinterfaces/atServices  -DDTLSv12 -DWITH_SHA256 conftest.c >&5
configure:4036: $? = 0
configure:4036: result: yes
configure:4036: checking sys/time.h presence
configure:4036: /usr/bin//gcc -E  -DDTLSv12 -DWITH_SHA256 conftest.c
configure:4036: $? = 0
configure:4036: result: yes
configure:4036: checking for sys/time.h
configure:4036: result: yes
configure:4036: checking time.h usability
configure:4036: /usr/bin//gcc -c -w -std=gnu99 -DWITH_SHA256 -I/home/shrunoti/Downloads/workspace/legato/3rdParty/Lwm2mCore/include/platform-specific/linux -fPIC --sysroot=/ -O2 -fno-omit-frame-pointer -I build/localhost/system -I/home/shrunoti/Downloads/workspace/legato/interfaces -I/home/shrunoti/Downloads/workspace/legato/framework/include -I. -Iinterfaces/modemServices -Iinterfaces/positioning -Iinterfaces/atServices  -DDTLSv12 -DWITH_SHA256 conftest.c >&5
configure:4036: $? = 0
configure:4036: result: yes
configure:4036: checking time.h presence
configure:4036: /usr/bin//gcc -E  -DDTLSv12 -DWITH_SHA256 conftest.c
configure:4036: $? = 0
configure:4036: result: yes
configure:4036: checking for time.h
configure:4036: result: yes
configure:4049: checking for sys/types.h
configure:4049: result: yes
configure:4049: checking for sys/stat.h
configure:4049: result: yes
configure:4061: checking for inline
configure:4077: /usr/bin//gcc -c -w -std=gnu99 -DWITH_SHA256 -I/home/shrunoti/Downloads/workspace/legato/3rdParty/Lwm2mCore/include/platform-specific/linux -fPIC --sysroot=/ -O2 -fno-omit-frame-pointer -I build/localhost/system -I/home/shrunoti/Downloads/workspace/legato/interfaces -I/home/shrunoti/Downloads/workspace/legato/framework/include -I. -Iinterfaces/modemServices -Iinterfaces/positioning -Iinterfaces/atServices  -DDTLSv12 -DWITH_SHA256 conftest.c >&5
configure:4077: $? = 0
configure:4085: result: inline
configure:4103: checking for size_t
configure:4103: /usr/bin//gcc -c -w -std=gnu99 -DWITH_SHA256 -I/home/shrunoti/Downloads/workspace/legato/3rdParty/Lwm2mCore/include/platform-specific/linux -fPIC --sysroot=/ -O2 -fno-omit-frame-pointer -I build/localhost/system -I/home/shrunoti/Downloads/workspace/legato/interfaces -I/home/shrunoti/Downloads/workspace/legato/framework/include -I. -Iinterfaces/modemServices -Iinterfaces/positioning -Iinterfaces/atServices  -DDTLSv12 -DWITH_SHA256 conftest.c >&5
configure:4103: $? = 0
configure:4103: /usr/bin//gcc -c -w -std=gnu99 -DWITH_SHA256 -I/home/shrunoti/Downloads/workspace/legato/3rdParty/Lwm2mCore/include/platform-specific/linux -fPIC --sysroot=/ -O2 -fno-omit-frame-pointer -I build/localhost/system -I/home/shrunoti/Downloads/workspace/legato/interfaces -I/home/shrunoti/Downloads/workspace/legato/framework/include -I. -Iinterfaces/modemServices -Iinterfaces/positioning -Iinterfaces/atServices  -DDTLSv12 -DWITH_SHA256 conftest.c >&5
conftest.c: In function 'main':
conftest.c:75:21: error: expected expression before ')' token
 if (sizeof ((size_t)))
                     ^
configure:4103: $? = 1
configure: failed program was:
| /* confdefs.h */
| #define PACKAGE_NAME "tinydtls"
| #define PACKAGE_TARNAME "tinydtls"
| #define PACKAGE_VERSION "0.8.6"
| #define PACKAGE_STRING "tinydtls 0.8.6"
| #define PACKAGE_BUGREPORT ""
| #define PACKAGE_URL ""
| #define STDC_HEADERS 1
| #define HAVE_SYS_TYPES_H 1
| #define HAVE_SYS_STAT_H 1
| #define HAVE_STDLIB_H 1
| #define HAVE_STRING_H 1
| #define HAVE_MEMORY_H 1
| #define HAVE_STRINGS_H 1
| #define HAVE_INTTYPES_H 1
| #define HAVE_STDINT_H 1
| #define HAVE_UNISTD_H 1
| #define DTLS_ECC 1
| #define DTLS_PSK 1
| #define HAVE_ASSERT_H 1
| #define HAVE_ARPA_INET_H 1
| #define HAVE_FCNTL_H 1
| #define HAVE_INTTYPES_H 1
| #define HAVE_NETDB_H 1
| #define HAVE_NETINET_IN_H 1
| #define HAVE_STDDEF_H 1
| #define HAVE_STDINT_H 1
| #define HAVE_STDLIB_H 1
| #define HAVE_STRING_H 1
| #define HAVE_STRINGS_H 1
| #define HAVE_SYS_PARAM_H 1
| #define HAVE_SYS_SOCKET_H 1
| #define HAVE_UNISTD_H 1
| #define HAVE_SYS_TIME_H 1
| #define HAVE_TIME_H 1
| #define HAVE_SYS_TYPES_H 1
| #define HAVE_SYS_STAT_H 1
| /* end confdefs.h.  */
| #include <stdio.h>
| #ifdef HAVE_SYS_TYPES_H
| # include <sys/types.h>
| #endif
| #ifdef HAVE_SYS_STAT_H
| # include <sys/stat.h>
| #endif
| #ifdef STDC_HEADERS
| # include <stdlib.h>
| # include <stddef.h>
| #else
| # ifdef HAVE_STDLIB_H
| #  include <stdlib.h>
| # endif
| #endif
| #ifdef HAVE_STRING_H
| # if !defined STDC_HEADERS && defined HAVE_MEMORY_H
| #  include <memory.h>
| # endif
| # include <string.h>
| #endif
| #ifdef HAVE_STRINGS_H
| # include <strings.h>
| #endif
| #ifdef HAVE_INTTYPES_H
| # include <inttypes.h>
| #endif
| #ifdef HAVE_STDINT_H
| # include <stdint.h>
| #endif
| #ifdef HAVE_UNISTD_H
| # include <unistd.h>
| #endif
| int
| main ()
| {
| if (sizeof ((size_t)))
| 	    return 0;
|   ;
|   return 0;
| }
configure:4103: result: yes
configure:4115: checking for struct sockaddr_in6.sin6_len
configure:4115: /usr/bin//gcc -c -w -std=gnu99 -DWITH_SHA256 -I/home/shrunoti/Downloads/workspace/legato/3rdParty/Lwm2mCore/include/platform-specific/linux -fPIC --sysroot=/ -O2 -fno-omit-frame-pointer -I build/localhost/system -I/home/shrunoti/Downloads/workspace/legato/interfaces -I/home/shrunoti/Downloads/workspace/legato/framework/include -I. -Iinterfaces/modemServices -Iinterfaces/positioning -Iinterfaces/atServices  -DDTLSv12 -DWITH_SHA256 conftest.c >&5
conftest.c: In function 'main':
conftest.c:45:12: error: 'struct sockaddr_in6' has no member named 'sin6_len'
 if (ac_aggr.sin6_len)
            ^
configure:4115: $? = 1
configure: failed program was:
| /* confdefs.h */
| #define PACKAGE_NAME "tinydtls"
| #define PACKAGE_TARNAME "tinydtls"
| #define PACKAGE_VERSION "0.8.6"
| #define PACKAGE_STRING "tinydtls 0.8.6"
| #define PACKAGE_BUGREPORT ""
| #define PACKAGE_URL ""
| #define STDC_HEADERS 1
| #define HAVE_SYS_TYPES_H 1
| #define HAVE_SYS_STAT_H 1
| #define HAVE_STDLIB_H 1
| #define HAVE_STRING_H 1
| #define HAVE_MEMORY_H 1
| #define HAVE_STRINGS_H 1
| #define HAVE_INTTYPES_H 1
| #define HAVE_STDINT_H 1
| #define HAVE_UNISTD_H 1
| #define DTLS_ECC 1
| #define DTLS_PSK 1
| #define HAVE_ASSERT_H 1
| #define HAVE_ARPA_INET_H 1
| #define HAVE_FCNTL_H 1
| #define HAVE_INTTYPES_H 1
| #define HAVE_NETDB_H 1
| #define HAVE_NETINET_IN_H 1
| #define HAVE_STDDEF_H 1
| #define HAVE_STDINT_H 1
| #define HAVE_STDLIB_H 1
| #define HAVE_STRING_H 1
| #define HAVE_STRINGS_H 1
| #define HAVE_SYS_PARAM_H 1
| #define HAVE_SYS_SOCKET_H 1
| #define HAVE_UNISTD_H 1
| #define HAVE_SYS_TIME_H 1
| #define HAVE_TIME_H 1
| #define HAVE_SYS_TYPES_H 1
| #define HAVE_SYS_STAT_H 1
| /* end confdefs.h.  */
| #include <netinet/in.h>
| 
| int
| main ()
| {
| static struct sockaddr_in6 ac_aggr;
| if (ac_aggr.sin6_len)
| return 0;
|   ;
|   return 0;
| }
configure:4115: /usr/bin//gcc -c -w -std=gnu99 -DWITH_SHA256 -I/home/shrunoti/Downloads/workspace/legato/3rdParty/Lwm2mCore/include/platform-specific/linux -fPIC --sysroot=/ -O2 -fno-omit-frame-pointer -I build/localhost/system -I/home/shrunoti/Downloads/workspace/legato/interfaces -I/home/shrunoti/Downloads/workspace/legato/framework/include -I. -Iinterfaces/modemServices -Iinterfaces/positioning -Iinterfaces/atServices  -DDTLSv12 -DWITH_SHA256 conftest.c >&5
conftest.c: In function 'main':
conftest.c:45:19: error: 'struct sockaddr_in6' has no member named 'sin6_len'
 if (sizeof ac_aggr.sin6_len)
                   ^
configure:4115: $? = 1
configure: failed program was:
| /* confdefs.h */
| #define PACKAGE_NAME "tinydtls"
| #define PACKAGE_TARNAME "tinydtls"
| #define PACKAGE_VERSION "0.8.6"
| #define PACKAGE_STRING "tinydtls 0.8.6"
| #define PACKAGE_BUGREPORT ""
| #define PACKAGE_URL ""
| #define STDC_HEADERS 1
| #define HAVE_SYS_TYPES_H 1
| #define HAVE_SYS_STAT_H 1
| #define HAVE_STDLIB_H 1
| #define HAVE_STRING_H 1
| #define HAVE_MEMORY_H 1
| #define HAVE_STRINGS_H 1
| #define HAVE_INTTYPES_H 1
| #define HAVE_STDINT_H 1
| #define HAVE_UNISTD_H 1
| #define DTLS_ECC 1
| #define DTLS_PSK 1
| #define HAVE_ASSERT_H 1
| #define HAVE_ARPA_INET_H 1
| #define HAVE_FCNTL_H 1
| #define HAVE_INTTYPES_H 1
| #define HAVE_NETDB_H 1
| #define HAVE_NETINET_IN_H 1
| #define HAVE_STDDEF_H 1
| #define HAVE_STDINT_H 1
| #define HAVE_STDLIB_H 1
| #define HAVE_STRING_H 1
| #define HAVE_STRINGS_H 1
| #define HAVE_SYS_PARAM_H 1
| #define HAVE_SYS_SOCKET_H 1
| #define HAVE_UNISTD_H 1
| #define HAVE_SYS_TIME_H 1
| #define HAVE_TIME_H 1
| #define HAVE_SYS_TYPES_H 1
| #define HAVE_SYS_STAT_H 1
| /* end confdefs.h.  */
| #include <netinet/in.h>
| 
| int
| main ()
| {
| static struct sockaddr_in6 ac_aggr;
| if (sizeof ac_aggr.sin6_len)
| return 0;
|   ;
|   return 0;
| }
configure:4115: result: no
configure:4127: checking for stdlib.h
configure:4127: result: yes
configure:4137: checking for GNU libc compatible malloc
configure:4171: result: yes
configure:4195: checking for memset
configure:4195: /usr/bin//gcc -o conftest -w -std=gnu99 -DWITH_SHA256 -I/home/shrunoti/Downloads/workspace/legato/3rdParty/Lwm2mCore/include/platform-specific/linux -fPIC --sysroot=/ -O2 -fno-omit-frame-pointer -I build/localhost/system -I/home/shrunoti/Downloads/workspace/legato/interfaces -I/home/shrunoti/Downloads/workspace/legato/framework/include -I. -Iinterfaces/modemServices -Iinterfaces/positioning -Iinterfaces/atServices  -DDTLSv12 -DWITH_SHA256 --sysroot=/  conftest.c  >&5
configure:4195: $? = 0
configure:4195: result: yes
configure:4195: checking for select
configure:4195: /usr/bin//gcc -o conftest -w -std=gnu99 -DWITH_SHA256 -I/home/shrunoti/Downloads/workspace/legato/3rdParty/Lwm2mCore/include/platform-specific/linux -fPIC --sysroot=/ -O2 -fno-omit-frame-pointer -I build/localhost/system -I/home/shrunoti/Downloads/workspace/legato/interfaces -I/home/shrunoti/Downloads/workspace/legato/framework/include -I. -Iinterfaces/modemServices -Iinterfaces/positioning -Iinterfaces/atServices  -DDTLSv12 -DWITH_SHA256 --sysroot=/  conftest.c  >&5
configure:4195: $? = 0
configure:4195: result: yes
configure:4195: checking for socket
configure:4195: /usr/bin//gcc -o conftest -w -std=gnu99 -DWITH_SHA256 -I/home/shrunoti/Downloads/workspace/legato/3rdParty/Lwm2mCore/include/platform-specific/linux -fPIC --sysroot=/ -O2 -fno-omit-frame-pointer -I build/localhost/system -I/home/shrunoti/Downloads/workspace/legato/interfaces -I/home/shrunoti/Downloads/workspace/legato/framework/include -I. -Iinterfaces/modemServices -Iinterfaces/positioning -Iinterfaces/atServices  -DDTLSv12 -DWITH_SHA256 --sysroot=/  conftest.c  >&5
configure:4195: $? = 0
configure:4195: result: yes
configure:4195: checking for strdup
configure:4195: /usr/bin//gcc -o conftest -w -std=gnu99 -DWITH_SHA256 -I/home/shrunoti/Downloads/workspace/legato/3rdParty/Lwm2mCore/include/platform-specific/linux -fPIC --sysroot=/ -O2 -fno-omit-frame-pointer -I build/localhost/system -I/home/shrunoti/Downloads/workspace/legato/interfaces -I/home/shrunoti/Downloads/workspace/legato/framework/include -I. -Iinterfaces/modemServices -Iinterfaces/positioning -Iinterfaces/atServices  -DDTLSv12 -DWITH_SHA256 --sysroot=/  conftest.c  >&5
configure:4195: $? = 0
configure:4195: result: yes
configure:4195: checking for strerror
configure:4195: /usr/bin//gcc -o conftest -w -std=gnu99 -DWITH_SHA256 -I/home/shrunoti/Downloads/workspace/legato/3rdParty/Lwm2mCore/include/platform-specific/linux -fPIC --sysroot=/ -O2 -fno-omit-frame-pointer -I build/localhost/system -I/home/shrunoti/Downloads/workspace/legato/interfaces -I/home/shrunoti/Downloads/workspace/legato/framework/include -I. -Iinterfaces/modemServices -Iinterfaces/positioning -Iinterfaces/atServices  -DDTLSv12 -DWITH_SHA256 --sysroot=/  conftest.c  >&5
configure:4195: $? = 0
configure:4195: result: yes
configure:4195: checking for strnlen
configure:4195: /usr/bin//gcc -o conftest -w -std=gnu99 -DWITH_SHA256 -I/home/shrunoti/Downloads/workspace/legato/3rdParty/Lwm2mCore/include/platform-specific/linux -fPIC --sysroot=/ -O2 -fno-omit-frame-pointer -I build/localhost/system -I/home/shrunoti/Downloads/workspace/legato/interfaces -I/home/shrunoti/Downloads/workspace/legato/framework/include -I. -Iinterfaces/modemServices -Iinterfaces/positioning -Iinterfaces/atServices  -DDTLSv12 -DWITH_SHA256 --sysroot=/  conftest.c  >&5
configure:4195: $? = 0
configure:4195: result: yes
configure:4195: checking for fls
configure:4195: /usr/bin//gcc -o conftest -w -std=gnu99 -DWITH_SHA256 -I/home/shrunoti/Downloads/workspace/legato/3rdParty/Lwm2mCore/include/platform-specific/linux -fPIC --sysroot=/ -O2 -fno-omit-frame-pointer -I build/localhost/system -I/home/shrunoti/Downloads/workspace/legato/interfaces -I/home/shrunoti/Downloads/workspace/legato/framework/include -I. -Iinterfaces/modemServices -Iinterfaces/positioning -Iinterfaces/atServices  -DDTLSv12 -DWITH_SHA256 --sysroot=/  conftest.c  >&5
/tmp/cc3EoACB.o: In function `main':
conftest.c:(.text.startup+0x7): undefined reference to `fls'
collect2: error: ld returned 1 exit status
configure:4195: $? = 1
configure: failed program was:
| /* confdefs.h */
| #define PACKAGE_NAME "tinydtls"
| #define PACKAGE_TARNAME "tinydtls"
| #define PACKAGE_VERSION "0.8.6"
| #define PACKAGE_STRING "tinydtls 0.8.6"
| #define PACKAGE_BUGREPORT ""
| #define PACKAGE_URL ""
| #define STDC_HEADERS 1
| #define HAVE_SYS_TYPES_H 1
| #define HAVE_SYS_STAT_H 1
| #define HAVE_STDLIB_H 1
| #define HAVE_STRING_H 1
| #define HAVE_MEMORY_H 1
| #define HAVE_STRINGS_H 1
| #define HAVE_INTTYPES_H 1
| #define HAVE_STDINT_H 1
| #define HAVE_UNISTD_H 1
| #define DTLS_ECC 1
| #define DTLS_PSK 1
| #define HAVE_ASSERT_H 1
| #define HAVE_ARPA_INET_H 1
| #define HAVE_FCNTL_H 1
| #define HAVE_INTTYPES_H 1
| #define HAVE_NETDB_H 1
| #define HAVE_NETINET_IN_H 1
| #define HAVE_STDDEF_H 1
| #define HAVE_STDINT_H 1
| #define HAVE_STDLIB_H 1
| #define HAVE_STRING_H 1
| #define HAVE_STRINGS_H 1
| #define HAVE_SYS_PARAM_H 1
| #define HAVE_SYS_SOCKET_H 1
| #define HAVE_UNISTD_H 1
| #define HAVE_SYS_TIME_H 1
| #define HAVE_TIME_H 1
| #define HAVE_SYS_TYPES_H 1
| #define HAVE_SYS_STAT_H 1
| #define HAVE_STDLIB_H 1
| #define HAVE_MALLOC 1
| #define HAVE_MEMSET 1
| #define HAVE_SELECT 1
| #define HAVE_SOCKET 1
| #define HAVE_STRDUP 1
| #define HAVE_STRERROR 1
| #define HAVE_STRNLEN 1
| /* end confdefs.h.  */
| /* Define fls to an innocuous variant, in case <limits.h> declares fls.
|    For example, HP-UX 11i <limits.h> declares gettimeofday.  */
| #define fls innocuous_fls
| 
| /* System header to define __stub macros and hopefully few prototypes,
|     which can conflict with char fls (); below.
|     Prefer <limits.h> to <assert.h> if __STDC__ is defined, since
|     <limits.h> exists even on freestanding compilers.  */
| 
| #ifdef __STDC__
| # include <limits.h>
| #else
| # include <assert.h>
| #endif
| 
| #undef fls
| 
| /* Override any GCC internal prototype to avoid an error.
|    Use char because int might match the return type of a GCC
|    builtin and then its argument prototype would still apply.  */
| #ifdef __cplusplus
| extern "C"
| #endif
| char fls ();
| /* The GNU C library defines this for functions which it implements
|     to always fail with ENOSYS.  Some functions are actually named
|     something starting with __ and the normal name is an alias.  */
| #if defined __stub_fls || defined __stub___fls
| choke me
| #endif
| 
| int
| main ()
| {
| return fls ();
|   ;
|   return 0;
| }
configure:4195: result: no
configure:4195: checking for vprintf
configure:4195: /usr/bin//gcc -o conftest -w -std=gnu99 -DWITH_SHA256 -I/home/shrunoti/Downloads/workspace/legato/3rdParty/Lwm2mCore/include/platform-specific/linux -fPIC --sysroot=/ -O2 -fno-omit-frame-pointer -I build/localhost/system -I/home/shrunoti/Downloads/workspace/legato/interfaces -I/home/shrunoti/Downloads/workspace/legato/framework/include -I. -Iinterfaces/modemServices -Iinterfaces/positioning -Iinterfaces/atServices  -DDTLSv12 -DWITH_SHA256 --sysroot=/  conftest.c  >&5
configure:4195: $? = 0
configure:4195: result: yes
configure:4329: creating ./config.status

## ---------------------- ##
## Running config.status. ##
## ---------------------- ##

This file was extended by tinydtls config.status 0.8.6, which was
generated by GNU Autoconf 2.69.  Invocation command line was

  CONFIG_FILES    = 
  CONFIG_HEADERS  = 
  CONFIG_LINKS    = 
  CONFIG_COMMANDS = 
  $ ./config.status 

on shrunoti-PC

config.status:846: creating Makefile
config.status:846: creating doc/Makefile
config.status:846: creating doc/Doxyfile
config.status:846: creating tests/Makefile
config.status:846: creating platform-specific/Makefile
config.status:846: creating sha2/Makefile
config.status:846: creating aes/Makefile
config.status:846: creating ecc/Makefile
config.status:846: creating dtls_config.h
config.status:1016: dtls_config.h is unchanged
config.status:846: creating tinydtls.h
config.status:1016: tinydtls.h is unchanged

## ---------------- ##
## Cache variables. ##
## ---------------- ##

ac_cv_c_bigendian=no
ac_cv_c_compiler_gnu=yes
ac_cv_c_inline=inline
ac_cv_env_CC_set=set
ac_cv_env_CC_value=/usr/bin//gcc
ac_cv_env_CFLAGS_set=set
ac_cv_env_CFLAGS_value='-w -std=gnu99 -DWITH_SHA256 -I/home/shrunoti/Downloads/workspace/legato/3rdParty/Lwm2mCore/include/platform-specific/linux -fPIC --sysroot=/ -O2 -fno-omit-frame-pointer -I build/localhost/system -I/home/shrunoti/Downloads/workspace/legato/interfaces -I/home/shrunoti/Downloads/workspace/legato/framework/include -I. -Iinterfaces/modemServices -Iinterfaces/positioning -Iinterfaces/atServices'
ac_cv_env_CPPFLAGS_set=
ac_cv_env_CPPFLAGS_value=
ac_cv_env_CPP_set=
ac_cv_env_CPP_value=
ac_cv_env_LDFLAGS_set=set
ac_cv_env_LDFLAGS_value='--sysroot=/ '
ac_cv_env_LIBS_set=
ac_cv_env_LIBS_value=
ac_cv_env_build_alias_set=
ac_cv_env_build_alias_value=
ac_cv_env_host_alias_set=set
ac_cv_env_host_alias_value=x86_64-linux-gnu
ac_cv_env_target_alias_set=
ac_cv_env_target_alias_value=
ac_cv_func_fls=no
ac_cv_func_malloc_0_nonnull=yes
ac_cv_func_memset=yes
ac_cv_func_select=yes
ac_cv_func_socket=yes
ac_cv_func_strdup=yes
ac_cv_func_strerror=yes
ac_cv_func_strnlen=yes
ac_cv_func_vprintf=yes
ac_cv_header_arpa_inet_h=yes
ac_cv_header_assert_h=yes
ac_cv_header_fcntl_h=yes
ac_cv_header_inttypes_h=yes
ac_cv_header_memory_h=yes
ac_cv_header_netdb_h=yes
ac_cv_header_netinet_in_h=yes
ac_cv_header_stdc=yes
ac_cv_header_stddef_h=yes
ac_cv_header_stdint_h=yes
ac_cv_header_stdlib_h=yes
ac_cv_header_string_h=yes
ac_cv_header_strings_h=yes
ac_cv_header_sys_param_h=yes
ac_cv_header_sys_socket_h=yes
ac_cv_header_sys_stat_h=yes
ac_cv_header_sys_time_h=yes
ac_cv_header_sys_types_h=yes
ac_cv_header_time_h=yes
ac_cv_header_unistd_h=yes
ac_cv_member_struct_sockaddr_in6_sin6_len=no
ac_cv_objext=o
ac_cv_path_DOXYGEN=/usr/bin//doxygen
ac_cv_path_EGREP='/bin/grep -E'
ac_cv_path_ETAGS=/bin/false
ac_cv_path_GREP=/bin/grep
ac_cv_prog_CC=/usr/bin//gcc
ac_cv_prog_CPP='/usr/bin//gcc -E'
ac_cv_prog_RANLIB=x86_64-linux-gnu-ranlib
ac_cv_prog_cc_c89=
ac_cv_prog_cc_g=yes
ac_cv_prog_make_make_set=yes
ac_cv_search_gethostbyname='none required'
ac_cv_search_socket='none required'
ac_cv_type_size_t=yes

## ----------------- ##
## Output variables. ##
## ----------------- ##

CC='/usr/bin//gcc'
CFLAGS='-w -std=gnu99 -DWITH_SHA256 -I/home/shrunoti/Downloads/workspace/legato/3rdParty/Lwm2mCore/include/platform-specific/linux -fPIC --sysroot=/ -O2 -fno-omit-frame-pointer -I build/localhost/system -I/home/shrunoti/Downloads/workspace/legato/interfaces -I/home/shrunoti/Downloads/workspace/legato/framework/include -I. -Iinterfaces/modemServices -Iinterfaces/positioning -Iinterfaces/atServices'
CPP='/usr/bin//gcc -E'
CPPFLAGS=' -DDTLSv12 -DWITH_SHA256'
DEFS='-DHAVE_CONFIG_H'
DOXYGEN='/usr/bin//doxygen'
DTLS_ECC='1'
DTLS_PSK='1'
ECHO_C=''
ECHO_N='-n'
ECHO_T=''
EGREP='/bin/grep -E'
ETAGS='/bin/false'
EXEEXT=''
GREP='/bin/grep'
LDFLAGS='--sysroot=/ '
LIBOBJS=''
LIBS=''
LTLIBOBJS=''
NDEBUG=''
OBJEXT='o'
OPT_OBJS=' ecc/ecc.o sha2/sha2.o'
PACKAGE_BUGREPORT=''
PACKAGE_NAME='tinydtls'
PACKAGE_STRING='tinydtls 0.8.6'
PACKAGE_TARNAME='tinydtls'
PACKAGE_URL=''
PACKAGE_VERSION='0.8.6'
PATH_SEPARATOR=':'
RANLIB='x86_64-linux-gnu-ranlib'
SET_MAKE=''
SHELL='/bin/bash'
WITH_CONTIKI=''
ac_ct_CC=''
bindir='${exec_prefix}/bin'
build_alias=''
datadir='${datarootdir}'
datarootdir='${prefix}/share'
docdir='${datarootdir}/doc/${PACKAGE_TARNAME}'
dvidir='${docdir}'
exec_prefix='${prefix}'
host_alias='x86_64-linux-gnu'
htmldir='${docdir}'
includedir='${prefix}/include'
infodir='${datarootdir}/info'
libdir='${exec_prefix}/lib'
libexecdir='${exec_prefix}/libexec'
localedir='${datarootdir}/locale'
localstatedir='${prefix}/var'
mandir='${datarootdir}/man'
oldincludedir='/usr/include'
pdfdir='${docdir}'
prefix='/home/shrunoti/Downloads/workspace/legato/build/localhost/3rdParty/tinydtls'
program_transform_name='s,x,x,'
psdir='${docdir}'
runstatedir='${localstatedir}/run'
sbindir='${exec_prefix}/sbin'
sharedstatedir='${prefix}/com'
sysconfdir='${prefix}/etc'
target_alias=''

## ----------- ##
## confdefs.h. ##
## ----------- ##

/* confdefs.h */
#define PACKAGE_NAME "tinydtls"
#define PACKAGE_TARNAME "tinydtls"
#define PACKAGE_VERSION "0.8.6"
#define PACKAGE_STRING "tinydtls 0.8.6"
#define PACKAGE_BUGREPORT ""
#define PACKAGE_URL ""
#define STDC_HEADERS 1
#define HAVE_SYS_TYPES_H 1
#define HAVE_SYS_STAT_H 1
#define HAVE_STDLIB_H 1
#define HAVE_STRING_H 1
#define HAVE_MEMORY_H 1
#define HAVE_STRINGS_H 1
#define HAVE_INTTYPES_H 1
#define HAVE_STDINT_H 1
#define HAVE_UNISTD_H 1
#define DTLS_ECC 1
#define DTLS_PSK 1
#define HAVE_ASSERT_H 1
#define HAVE_ARPA_INET_H 1
#define HAVE_FCNTL_H 1
#define HAVE_INTTYPES_H 1
#define HAVE_NETDB_H 1
#define HAVE_NETINET_IN_H 1
#define HAVE_STDDEF_H 1
#define HAVE_STDINT_H 1
#define HAVE_STDLIB_H 1
#define HAVE_STRING_H 1
#define HAVE_STRINGS_H 1
#define HAVE_SYS_PARAM_H 1
#define HAVE_SYS_SOCKET_H 1
#define HAVE_UNISTD_H 1
#define HAVE_SYS_TIME_H 1
#define HAVE_TIME_H 1
#define HAVE_SYS_TYPES_H 1
#define HAVE_SYS_STAT_H 1
#define HAVE_STDLIB_H 1
#define HAVE_MALLOC 1
#define HAVE_MEMSET 1
#define HAVE_SELECT 1
#define HAVE_SOCKET 1
#define HAVE_STRDUP 1
#define HAVE_STRERROR 1
#define HAVE_STRNLEN 1
#define HAVE_VPRINTF 1

configure: exit 0
