ARM GAS  C:\Users\Phuong\AppData\Local\Temp\ccbgYlrK.s 			page 1


   1              		.syntax unified
   2              		.cpu cortex-m4
   3              		.eabi_attribute 27, 1
   4              		.fpu fpv4-sp-d16
   5              		.eabi_attribute 20, 1
   6              		.eabi_attribute 21, 1
   7              		.eabi_attribute 23, 3
   8              		.eabi_attribute 24, 1
   9              		.eabi_attribute 25, 1
  10              		.eabi_attribute 26, 1
  11              		.eabi_attribute 30, 1
  12              		.eabi_attribute 34, 1
  13              		.eabi_attribute 18, 4
  14              		.thumb
  15              		.syntax unified
  16              		.file	"cy_ipc_config.c"
  17              		.text
  18              	.Ltext0:
  19              		.cfi_sections	.debug_frame
  20              		.section	.text.Cy_IPC_SystemSemaInit,"ax",%progbits
  21              		.align	2
  22              		.global	Cy_IPC_SystemSemaInit
  23              		.thumb
  24              		.thumb_func
  25              		.type	Cy_IPC_SystemSemaInit, %function
  26              	Cy_IPC_SystemSemaInit:
  27              	.LFB147:
  28              		.file 1 "cy_ipc_config.c"
   1:cy_ipc_config.c **** /***************************************************************************//**
   2:cy_ipc_config.c **** * \file cy_ipc_config.c
   3:cy_ipc_config.c **** * \version 1.20
   4:cy_ipc_config.c **** *
   5:cy_ipc_config.c **** *  Description:
   6:cy_ipc_config.c **** *  This C file is not intended to be part of the IPC driver. It is the code
   7:cy_ipc_config.c **** *  required to configure the device specific IPC channels for semaphores
   8:cy_ipc_config.c **** *  and pipes.
   9:cy_ipc_config.c **** *
  10:cy_ipc_config.c **** ********************************************************************************
  11:cy_ipc_config.c **** * Copyright 2016-2018, Cypress Semiconductor Corporation.  All rights reserved.
  12:cy_ipc_config.c **** * You may use this file only in accordance with the license, terms, conditions,
  13:cy_ipc_config.c **** * disclaimers, and limitations in the end user license agreement accompanying
  14:cy_ipc_config.c **** * the software package with which this file was provided.
  15:cy_ipc_config.c **** *******************************************************************************/
  16:cy_ipc_config.c **** 
  17:cy_ipc_config.c **** #include "ipc/cy_ipc_drv.h"
  18:cy_ipc_config.c **** #include "ipc/cy_ipc_pipe.h"
  19:cy_ipc_config.c **** #include "ipc/cy_ipc_sema.h"
  20:cy_ipc_config.c **** 
  21:cy_ipc_config.c **** #include "cy_ipc_config.h"
  22:cy_ipc_config.c **** 
  23:cy_ipc_config.c **** #if (CY_IPC_CYPIPE_ENABLE)
  24:cy_ipc_config.c **** static void Cy_IPC_SystemPipeIsr(void);
  25:cy_ipc_config.c **** 
  26:cy_ipc_config.c **** #define CY_CYPIPE_DEFAULT_CONFIG    \
  27:cy_ipc_config.c **** {\
  28:cy_ipc_config.c ****     /* .ep0ConfigData */ {\
  29:cy_ipc_config.c ****         /* .ipcNotifierNumber    */  CY_IPC_INTR_CYPIPE_EP0,\
ARM GAS  C:\Users\Phuong\AppData\Local\Temp\ccbgYlrK.s 			page 2


  30:cy_ipc_config.c ****         /* .ipcNotifierPriority  */  CY_IPC_INTR_CYPIPE_PRIOR_EP0,\
  31:cy_ipc_config.c ****         /* .ipcNotifierMuxNumber */  CY_IPC_INTR_CYPIPE_MUX_EP0,\
  32:cy_ipc_config.c ****         /* .epAddress            */  CY_IPC_EP_CYPIPE_CM0_ADDR,\
  33:cy_ipc_config.c ****         /* .epConfig             */  CY_IPC_CYPIPE_CONFIG_EP0\
  34:cy_ipc_config.c ****     },\
  35:cy_ipc_config.c ****     /* .ep1ConfigData */ {\
  36:cy_ipc_config.c ****         /* .ipcNotifierNumber    */  CY_IPC_INTR_CYPIPE_EP1,\
  37:cy_ipc_config.c ****         /* .ipcNotifierPriority  */  CY_IPC_INTR_CYPIPE_PRIOR_EP1,\
  38:cy_ipc_config.c ****         /* .ipcNotifierMuxNumber */  0u,\
  39:cy_ipc_config.c ****         /* .epAddress            */  CY_IPC_EP_CYPIPE_CM4_ADDR,\
  40:cy_ipc_config.c ****         /* .epConfig             */  CY_IPC_CYPIPE_CONFIG_EP1\
  41:cy_ipc_config.c ****     },\
  42:cy_ipc_config.c ****     /* .endpointClientsCount     */  CY_IPC_CYPIPE_CLIENT_CNT,\
  43:cy_ipc_config.c ****     /* .endpointsCallbacksArray  */  cy_ipc_pipe_sysCbArray,\
  44:cy_ipc_config.c ****     /* .userPipeIsrHandler       */  &Cy_IPC_SystemPipeIsr\
  45:cy_ipc_config.c **** }
  46:cy_ipc_config.c **** #endif /* CY_IPC_CYPIPE_ENABLE */
  47:cy_ipc_config.c **** 
  48:cy_ipc_config.c **** /*******************************************************************************
  49:cy_ipc_config.c **** * Function Name: Cy_IPC_SystemSemaInit
  50:cy_ipc_config.c **** ****************************************************************************//**
  51:cy_ipc_config.c **** *
  52:cy_ipc_config.c **** * Initializes the system semaphores. The system semaphores are used by Flash.
  53:cy_ipc_config.c **** *
  54:cy_ipc_config.c **** * This function is called in the SystemInit() function. If the default startup
  55:cy_ipc_config.c **** * file is not used, or SystemInit() is not called in your project,
  56:cy_ipc_config.c **** * call the following three functions prior to executing any flash or EmEEPROM
  57:cy_ipc_config.c **** * write or erase operation:
  58:cy_ipc_config.c **** *  -# Cy_IPC_SystemSemaInit()
  59:cy_ipc_config.c **** *  -# Cy_IPC_SystemPipeInit()
  60:cy_ipc_config.c **** *  -# Cy_Flash_Init()
  61:cy_ipc_config.c **** *
  62:cy_ipc_config.c **** *******************************************************************************/
  63:cy_ipc_config.c **** void Cy_IPC_SystemSemaInit(void)
  64:cy_ipc_config.c **** {
  29              		.loc 1 64 0
  30              		.cfi_startproc
  31              		@ args = 0, pretend = 0, frame = 0
  32              		@ frame_needed = 0, uses_anonymous_args = 0
  33 0000 08B5     		push	{r3, lr}
  34              		.cfi_def_cfa_offset 8
  35              		.cfi_offset 3, -8
  36              		.cfi_offset 14, -4
  65:cy_ipc_config.c **** /* Create array used for semaphores */
  66:cy_ipc_config.c **** #if ((CY_CPU_CORTEX_M0P) || !(__CM0P_PRESENT))
  67:cy_ipc_config.c ****     static uint32_t ipcSemaArray[CY_IPC_SEMA_COUNT / CY_IPC_SEMA_PER_WORD];
  68:cy_ipc_config.c ****     (void) Cy_IPC_Sema_Init(CY_IPC_CHAN_SEMA, CY_IPC_SEMA_COUNT, ipcSemaArray);
  69:cy_ipc_config.c **** #else
  70:cy_ipc_config.c ****     (void) Cy_IPC_Sema_Init(CY_IPC_CHAN_SEMA, 0ul, NULL);
  37              		.loc 1 70 0
  38 0002 0022     		movs	r2, #0
  39 0004 1146     		mov	r1, r2
  40 0006 0420     		movs	r0, #4
  41 0008 FFF7FEFF 		bl	Cy_IPC_Sema_Init
  42              	.LVL0:
  43 000c 08BD     		pop	{r3, pc}
  44              		.cfi_endproc
ARM GAS  C:\Users\Phuong\AppData\Local\Temp\ccbgYlrK.s 			page 3


  45              	.LFE147:
  46              		.size	Cy_IPC_SystemSemaInit, .-Cy_IPC_SystemSemaInit
  47 000e 00BF     		.section	.text.Cy_IPC_SystemPipeInit,"ax",%progbits
  48              		.align	2
  49              		.global	Cy_IPC_SystemPipeInit
  50              		.thumb
  51              		.thumb_func
  52              		.type	Cy_IPC_SystemPipeInit, %function
  53              	Cy_IPC_SystemPipeInit:
  54              	.LFB148:
  71:cy_ipc_config.c **** #endif
  72:cy_ipc_config.c **** }
  73:cy_ipc_config.c **** 
  74:cy_ipc_config.c **** /*******************************************************************************
  75:cy_ipc_config.c **** * Function Name: Cy_IPC_SystemPipeInit
  76:cy_ipc_config.c **** ****************************************************************************//**
  77:cy_ipc_config.c **** *
  78:cy_ipc_config.c **** * Initializes the system pipes. The system pipes are used by BLE and Flash.
  79:cy_ipc_config.c **** * \note The function should be called on all CPUs.
  80:cy_ipc_config.c **** *
  81:cy_ipc_config.c **** * This function is called in the SystemInit() function. If the default startup
  82:cy_ipc_config.c **** * file is not used, or SystemInit() is not called in your project,
  83:cy_ipc_config.c **** * call the following three functions prior to executing any flash or EmEEPROM
  84:cy_ipc_config.c **** * write or erase operation:
  85:cy_ipc_config.c **** *  -# Cy_IPC_SystemSemaInit()
  86:cy_ipc_config.c **** *  -# Cy_IPC_SystemPipeInit()
  87:cy_ipc_config.c **** *  -# Cy_Flash_Init()
  88:cy_ipc_config.c **** *
  89:cy_ipc_config.c **** * Also this function is called to support BLE host/controller communication.
  90:cy_ipc_config.c **** *
  91:cy_ipc_config.c **** *******************************************************************************/
  92:cy_ipc_config.c **** void Cy_IPC_SystemPipeInit(void)
  93:cy_ipc_config.c **** {
  55              		.loc 1 93 0
  56              		.cfi_startproc
  57              		@ args = 0, pretend = 0, frame = 0
  58              		@ frame_needed = 0, uses_anonymous_args = 0
  59 0000 08B5     		push	{r3, lr}
  60              		.cfi_def_cfa_offset 8
  61              		.cfi_offset 3, -8
  62              		.cfi_offset 14, -4
  94:cy_ipc_config.c ****     /* Create an array of endpoint structures */
  95:cy_ipc_config.c ****     static cy_stc_ipc_pipe_ep_t cy_ipc_pipe_sysEpArray[CY_IPC_MAX_ENDPOINTS];
  96:cy_ipc_config.c **** 
  97:cy_ipc_config.c ****     Cy_IPC_Pipe_Config(cy_ipc_pipe_sysEpArray);
  63              		.loc 1 97 0
  64 0002 0248     		ldr	r0, .L5
  65 0004 FFF7FEFF 		bl	Cy_IPC_Pipe_Config
  66              	.LVL1:
  67 0008 08BD     		pop	{r3, pc}
  68              	.L6:
  69 000a 00BF     		.align	2
  70              	.L5:
  71 000c 00000000 		.word	.LANCHOR0
  72              		.cfi_endproc
  73              	.LFE148:
  74              		.size	Cy_IPC_SystemPipeInit, .-Cy_IPC_SystemPipeInit
ARM GAS  C:\Users\Phuong\AppData\Local\Temp\ccbgYlrK.s 			page 4


  75              		.bss
  76              		.align	2
  77              		.set	.LANCHOR0,. + 0
  78              		.type	cy_ipc_pipe_sysEpArray.10257, %object
  79              		.size	cy_ipc_pipe_sysEpArray.10257, 352
  80              	cy_ipc_pipe_sysEpArray.10257:
  81 0000 00000000 		.space	352
  81      00000000 
  81      00000000 
  81      00000000 
  81      00000000 
  82              		.text
  83              	.Letext0:
  84              		.file 2 "c:\\program files (x86)\\cypress\\psoc creator\\4.2\\psoc creator\\import\\gnu\\arm\\5.4.
  85              		.file 3 "c:\\program files (x86)\\cypress\\psoc creator\\4.2\\psoc creator\\import\\gnu\\arm\\5.4.
  86              		.file 4 "Generated_Source\\PSoC6\\pdl\\devices/psoc6/psoc62/include/cy8c6247bzi_d54.h"
  87              		.file 5 "Generated_Source\\PSoC6\\pdl\\devices/psoc6/ip/cyip_ipc.h"
  88              		.file 6 "Generated_Source\\PSoC6\\pdl\\drivers/peripheral/ipc/cy_ipc_pipe.h"
  89              		.file 7 "Generated_Source\\PSoC6\\pdl\\drivers/peripheral/ipc/cy_ipc_sema.h"
  90              		.file 8 "Generated_Source\\PSoC6\\pdl\\cmsis/include/core_cm4.h"
  91              		.section	.debug_info,"",%progbits
  92              	.Ldebug_info0:
  93 0000 F6060000 		.4byte	0x6f6
  94 0004 0400     		.2byte	0x4
  95 0006 00000000 		.4byte	.Ldebug_abbrev0
  96 000a 04       		.byte	0x4
  97 000b 01       		.uleb128 0x1
  98 000c 1E0B0000 		.4byte	.LASF208
  99 0010 0C       		.byte	0xc
 100 0011 02090000 		.4byte	.LASF209
 101 0015 D8030000 		.4byte	.LASF210
 102 0019 00000000 		.4byte	.Ldebug_ranges0+0
 103 001d 00000000 		.4byte	0
 104 0021 00000000 		.4byte	.Ldebug_line0
 105 0025 02       		.uleb128 0x2
 106 0026 01       		.byte	0x1
 107 0027 06       		.byte	0x6
 108 0028 A8020000 		.4byte	.LASF0
 109 002c 02       		.uleb128 0x2
 110 002d 01       		.byte	0x1
 111 002e 08       		.byte	0x8
 112 002f 030D0000 		.4byte	.LASF1
 113 0033 02       		.uleb128 0x2
 114 0034 02       		.byte	0x2
 115 0035 05       		.byte	0x5
 116 0036 B50D0000 		.4byte	.LASF2
 117 003a 02       		.uleb128 0x2
 118 003b 02       		.byte	0x2
 119 003c 07       		.byte	0x7
 120 003d CB070000 		.4byte	.LASF3
 121 0041 03       		.uleb128 0x3
 122 0042 E10F0000 		.4byte	.LASF5
 123 0046 02       		.byte	0x2
 124 0047 3F       		.byte	0x3f
 125 0048 4C000000 		.4byte	0x4c
 126 004c 02       		.uleb128 0x2
 127 004d 04       		.byte	0x4
ARM GAS  C:\Users\Phuong\AppData\Local\Temp\ccbgYlrK.s 			page 5


 128 004e 05       		.byte	0x5
 129 004f 44030000 		.4byte	.LASF4
 130 0053 03       		.uleb128 0x3
 131 0054 A6050000 		.4byte	.LASF6
 132 0058 02       		.byte	0x2
 133 0059 41       		.byte	0x41
 134 005a 5E000000 		.4byte	0x5e
 135 005e 02       		.uleb128 0x2
 136 005f 04       		.byte	0x4
 137 0060 07       		.byte	0x7
 138 0061 0F070000 		.4byte	.LASF7
 139 0065 02       		.uleb128 0x2
 140 0066 08       		.byte	0x8
 141 0067 05       		.byte	0x5
 142 0068 9A020000 		.4byte	.LASF8
 143 006c 02       		.uleb128 0x2
 144 006d 08       		.byte	0x8
 145 006e 07       		.byte	0x7
 146 006f 89010000 		.4byte	.LASF9
 147 0073 04       		.uleb128 0x4
 148 0074 04       		.byte	0x4
 149 0075 05       		.byte	0x5
 150 0076 696E7400 		.ascii	"int\000"
 151 007a 02       		.uleb128 0x2
 152 007b 04       		.byte	0x4
 153 007c 07       		.byte	0x7
 154 007d 7D040000 		.4byte	.LASF10
 155 0081 03       		.uleb128 0x3
 156 0082 3D070000 		.4byte	.LASF11
 157 0086 03       		.byte	0x3
 158 0087 2C       		.byte	0x2c
 159 0088 41000000 		.4byte	0x41
 160 008c 03       		.uleb128 0x3
 161 008d 930E0000 		.4byte	.LASF12
 162 0091 03       		.byte	0x3
 163 0092 30       		.byte	0x30
 164 0093 53000000 		.4byte	0x53
 165 0097 05       		.uleb128 0x5
 166 0098 02       		.byte	0x2
 167 0099 33000000 		.4byte	0x33
 168 009d 04       		.byte	0x4
 169 009e 24       		.byte	0x24
 170 009f 58040000 		.4byte	0x458
 171 00a3 06       		.uleb128 0x6
 172 00a4 58020000 		.4byte	.LASF13
 173 00a8 71       		.sleb128 -15
 174 00a9 06       		.uleb128 0x6
 175 00aa CD0F0000 		.4byte	.LASF14
 176 00ae 72       		.sleb128 -14
 177 00af 06       		.uleb128 0x6
 178 00b0 4D100000 		.4byte	.LASF15
 179 00b4 73       		.sleb128 -13
 180 00b5 06       		.uleb128 0x6
 181 00b6 430C0000 		.4byte	.LASF16
 182 00ba 74       		.sleb128 -12
 183 00bb 06       		.uleb128 0x6
 184 00bc B1050000 		.4byte	.LASF17
ARM GAS  C:\Users\Phuong\AppData\Local\Temp\ccbgYlrK.s 			page 6


 185 00c0 75       		.sleb128 -11
 186 00c1 06       		.uleb128 0x6
 187 00c2 B60E0000 		.4byte	.LASF18
 188 00c6 76       		.sleb128 -10
 189 00c7 06       		.uleb128 0x6
 190 00c8 BF070000 		.4byte	.LASF19
 191 00cc 7B       		.sleb128 -5
 192 00cd 06       		.uleb128 0x6
 193 00ce 84100000 		.4byte	.LASF20
 194 00d2 7C       		.sleb128 -4
 195 00d3 06       		.uleb128 0x6
 196 00d4 F7050000 		.4byte	.LASF21
 197 00d8 7E       		.sleb128 -2
 198 00d9 06       		.uleb128 0x6
 199 00da D8080000 		.4byte	.LASF22
 200 00de 7F       		.sleb128 -1
 201 00df 07       		.uleb128 0x7
 202 00e0 D1010000 		.4byte	.LASF23
 203 00e4 00       		.byte	0
 204 00e5 07       		.uleb128 0x7
 205 00e6 31100000 		.4byte	.LASF24
 206 00ea 01       		.byte	0x1
 207 00eb 07       		.uleb128 0x7
 208 00ec 1B000000 		.4byte	.LASF25
 209 00f0 02       		.byte	0x2
 210 00f1 07       		.uleb128 0x7
 211 00f2 640F0000 		.4byte	.LASF26
 212 00f6 03       		.byte	0x3
 213 00f7 07       		.uleb128 0x7
 214 00f8 80110000 		.4byte	.LASF27
 215 00fc 04       		.byte	0x4
 216 00fd 07       		.uleb128 0x7
 217 00fe 4E060000 		.4byte	.LASF28
 218 0102 05       		.byte	0x5
 219 0103 07       		.uleb128 0x7
 220 0104 82080000 		.4byte	.LASF29
 221 0108 06       		.byte	0x6
 222 0109 07       		.uleb128 0x7
 223 010a E50A0000 		.4byte	.LASF30
 224 010e 07       		.byte	0x7
 225 010f 07       		.uleb128 0x7
 226 0110 86130000 		.4byte	.LASF31
 227 0114 08       		.byte	0x8
 228 0115 07       		.uleb128 0x7
 229 0116 0D020000 		.4byte	.LASF32
 230 011a 09       		.byte	0x9
 231 011b 07       		.uleb128 0x7
 232 011c 710D0000 		.4byte	.LASF33
 233 0120 0A       		.byte	0xa
 234 0121 07       		.uleb128 0x7
 235 0122 260C0000 		.4byte	.LASF34
 236 0126 0B       		.byte	0xb
 237 0127 07       		.uleb128 0x7
 238 0128 B0110000 		.4byte	.LASF35
 239 012c 0C       		.byte	0xc
 240 012d 07       		.uleb128 0x7
 241 012e B1060000 		.4byte	.LASF36
ARM GAS  C:\Users\Phuong\AppData\Local\Temp\ccbgYlrK.s 			page 7


 242 0132 0D       		.byte	0xd
 243 0133 07       		.uleb128 0x7
 244 0134 BB080000 		.4byte	.LASF37
 245 0138 0E       		.byte	0xe
 246 0139 07       		.uleb128 0x7
 247 013a C1040000 		.4byte	.LASF38
 248 013e 0F       		.byte	0xf
 249 013f 07       		.uleb128 0x7
 250 0140 4D120000 		.4byte	.LASF39
 251 0144 10       		.byte	0x10
 252 0145 07       		.uleb128 0x7
 253 0146 22030000 		.4byte	.LASF40
 254 014a 11       		.byte	0x11
 255 014b 07       		.uleb128 0x7
 256 014c 7A000000 		.4byte	.LASF41
 257 0150 12       		.byte	0x12
 258 0151 07       		.uleb128 0x7
 259 0152 E2040000 		.4byte	.LASF42
 260 0156 13       		.byte	0x13
 261 0157 07       		.uleb128 0x7
 262 0158 21070000 		.4byte	.LASF43
 263 015c 14       		.byte	0x14
 264 015d 07       		.uleb128 0x7
 265 015e 9C120000 		.4byte	.LASF44
 266 0162 15       		.byte	0x15
 267 0163 07       		.uleb128 0x7
 268 0164 66000000 		.4byte	.LASF45
 269 0168 16       		.byte	0x16
 270 0169 07       		.uleb128 0x7
 271 016a 03060000 		.4byte	.LASF46
 272 016e 17       		.byte	0x17
 273 016f 07       		.uleb128 0x7
 274 0170 C2000000 		.4byte	.LASF47
 275 0174 18       		.byte	0x18
 276 0175 07       		.uleb128 0x7
 277 0176 A9100000 		.4byte	.LASF48
 278 017a 19       		.byte	0x19
 279 017b 07       		.uleb128 0x7
 280 017c FF070000 		.4byte	.LASF49
 281 0180 1A       		.byte	0x1a
 282 0181 07       		.uleb128 0x7
 283 0182 160A0000 		.4byte	.LASF50
 284 0186 1B       		.byte	0x1b
 285 0187 07       		.uleb128 0x7
 286 0188 480D0000 		.4byte	.LASF51
 287 018c 1C       		.byte	0x1c
 288 018d 07       		.uleb128 0x7
 289 018e 3A010000 		.4byte	.LASF52
 290 0192 1D       		.byte	0x1d
 291 0193 07       		.uleb128 0x7
 292 0194 67030000 		.4byte	.LASF53
 293 0198 1E       		.byte	0x1e
 294 0199 07       		.uleb128 0x7
 295 019a 7F060000 		.4byte	.LASF54
 296 019e 1F       		.byte	0x1f
 297 019f 07       		.uleb128 0x7
 298 01a0 C60E0000 		.4byte	.LASF55
ARM GAS  C:\Users\Phuong\AppData\Local\Temp\ccbgYlrK.s 			page 8


 299 01a4 20       		.byte	0x20
 300 01a5 07       		.uleb128 0x7
 301 01a6 FA100000 		.4byte	.LASF56
 302 01aa 21       		.byte	0x21
 303 01ab 07       		.uleb128 0x7
 304 01ac A2130000 		.4byte	.LASF57
 305 01b0 22       		.byte	0x22
 306 01b1 07       		.uleb128 0x7
 307 01b2 C7120000 		.4byte	.LASF58
 308 01b6 23       		.byte	0x23
 309 01b7 07       		.uleb128 0x7
 310 01b8 56010000 		.4byte	.LASF59
 311 01bc 24       		.byte	0x24
 312 01bd 07       		.uleb128 0x7
 313 01be 9F030000 		.4byte	.LASF60
 314 01c2 25       		.byte	0x25
 315 01c3 07       		.uleb128 0x7
 316 01c4 D4130000 		.4byte	.LASF61
 317 01c8 26       		.byte	0x26
 318 01c9 07       		.uleb128 0x7
 319 01ca FE0E0000 		.4byte	.LASF62
 320 01ce 27       		.byte	0x27
 321 01cf 07       		.uleb128 0x7
 322 01d0 32110000 		.4byte	.LASF63
 323 01d4 28       		.byte	0x28
 324 01d5 07       		.uleb128 0x7
 325 01d6 F6000000 		.4byte	.LASF64
 326 01da 29       		.byte	0x29
 327 01db 07       		.uleb128 0x7
 328 01dc CB050000 		.4byte	.LASF65
 329 01e0 2A       		.byte	0x2a
 330 01e1 07       		.uleb128 0x7
 331 01e2 1C060000 		.4byte	.LASF66
 332 01e6 2B       		.byte	0x2b
 333 01e7 07       		.uleb128 0x7
 334 01e8 A20F0000 		.4byte	.LASF67
 335 01ec 2C       		.byte	0x2c
 336 01ed 07       		.uleb128 0x7
 337 01ee BD0A0000 		.4byte	.LASF68
 338 01f2 2D       		.byte	0x2d
 339 01f3 07       		.uleb128 0x7
 340 01f4 37000000 		.4byte	.LASF69
 341 01f8 2E       		.byte	0x2e
 342 01f9 07       		.uleb128 0x7
 343 01fa 06100000 		.4byte	.LASF70
 344 01fe 2F       		.byte	0x2f
 345 01ff 07       		.uleb128 0x7
 346 0200 77050000 		.4byte	.LASF71
 347 0204 30       		.byte	0x30
 348 0205 07       		.uleb128 0x7
 349 0206 96100000 		.4byte	.LASF72
 350 020a 31       		.byte	0x31
 351 020b 07       		.uleb128 0x7
 352 020c 31120000 		.4byte	.LASF73
 353 0210 32       		.byte	0x32
 354 0211 07       		.uleb128 0x7
 355 0212 8F000000 		.4byte	.LASF74
ARM GAS  C:\Users\Phuong\AppData\Local\Temp\ccbgYlrK.s 			page 9


 356 0216 33       		.byte	0x33
 357 0217 07       		.uleb128 0x7
 358 0218 EA020000 		.4byte	.LASF75
 359 021c 34       		.byte	0x34
 360 021d 07       		.uleb128 0x7
 361 021e 0A0C0000 		.4byte	.LASF76
 362 0222 35       		.byte	0x35
 363 0223 07       		.uleb128 0x7
 364 0224 A5040000 		.4byte	.LASF77
 365 0228 36       		.byte	0x36
 366 0229 07       		.uleb128 0x7
 367 022a 68100000 		.4byte	.LASF78
 368 022e 37       		.byte	0x37
 369 022f 07       		.uleb128 0x7
 370 0230 33050000 		.4byte	.LASF79
 371 0234 38       		.byte	0x38
 372 0235 07       		.uleb128 0x7
 373 0236 00130000 		.4byte	.LASF80
 374 023a 39       		.byte	0x39
 375 023b 07       		.uleb128 0x7
 376 023c B7090000 		.4byte	.LASF81
 377 0240 3A       		.byte	0x3a
 378 0241 07       		.uleb128 0x7
 379 0242 DB0C0000 		.4byte	.LASF82
 380 0246 3B       		.byte	0x3b
 381 0247 07       		.uleb128 0x7
 382 0248 DF090000 		.4byte	.LASF83
 383 024c 3C       		.byte	0x3c
 384 024d 07       		.uleb128 0x7
 385 024e 110D0000 		.4byte	.LASF84
 386 0252 3D       		.byte	0x3d
 387 0253 07       		.uleb128 0x7
 388 0254 470F0000 		.4byte	.LASF85
 389 0258 3E       		.byte	0x3e
 390 0259 07       		.uleb128 0x7
 391 025a 010B0000 		.4byte	.LASF86
 392 025e 3F       		.byte	0x3f
 393 025f 07       		.uleb128 0x7
 394 0260 31060000 		.4byte	.LASF87
 395 0264 40       		.byte	0x40
 396 0265 07       		.uleb128 0x7
 397 0266 65080000 		.4byte	.LASF88
 398 026a 41       		.byte	0x41
 399 026b 07       		.uleb128 0x7
 400 026c A80C0000 		.4byte	.LASF89
 401 0270 42       		.byte	0x42
 402 0271 07       		.uleb128 0x7
 403 0272 E20E0000 		.4byte	.LASF90
 404 0276 43       		.byte	0x43
 405 0277 07       		.uleb128 0x7
 406 0278 16110000 		.4byte	.LASF91
 407 027c 44       		.byte	0x44
 408 027d 07       		.uleb128 0x7
 409 027e 030E0000 		.4byte	.LASF92
 410 0282 45       		.byte	0x45
 411 0283 07       		.uleb128 0x7
 412 0284 20080000 		.4byte	.LASF93
ARM GAS  C:\Users\Phuong\AppData\Local\Temp\ccbgYlrK.s 			page 10


 413 0288 46       		.byte	0x46
 414 0289 07       		.uleb128 0x7
 415 028a 500A0000 		.4byte	.LASF94
 416 028e 47       		.byte	0x47
 417 028f 07       		.uleb128 0x7
 418 0290 E4120000 		.4byte	.LASF95
 419 0294 48       		.byte	0x48
 420 0295 07       		.uleb128 0x7
 421 0296 83030000 		.4byte	.LASF96
 422 029a 49       		.byte	0x49
 423 029b 07       		.uleb128 0x7
 424 029c BC030000 		.4byte	.LASF97
 425 02a0 4A       		.byte	0x4a
 426 02a1 07       		.uleb128 0x7
 427 02a2 CE020000 		.4byte	.LASF98
 428 02a6 4B       		.byte	0x4b
 429 02a7 07       		.uleb128 0x7
 430 02a8 7F120000 		.4byte	.LASF99
 431 02ac 4C       		.byte	0x4c
 432 02ad 07       		.uleb128 0x7
 433 02ae 390E0000 		.4byte	.LASF100
 434 02b2 4D       		.byte	0x4d
 435 02b3 07       		.uleb128 0x7
 436 02b4 14120000 		.4byte	.LASF101
 437 02b8 4E       		.byte	0x4e
 438 02b9 07       		.uleb128 0x7
 439 02ba F2060000 		.4byte	.LASF102
 440 02be 4F       		.byte	0x4f
 441 02bf 07       		.uleb128 0x7
 442 02c0 E5080000 		.4byte	.LASF103
 443 02c4 50       		.byte	0x50
 444 02c5 07       		.uleb128 0x7
 445 02c6 D10B0000 		.4byte	.LASF104
 446 02ca 51       		.byte	0x51
 447 02cb 07       		.uleb128 0x7
 448 02cc A1070000 		.4byte	.LASF105
 449 02d0 52       		.byte	0x52
 450 02d1 07       		.uleb128 0x7
 451 02d2 79090000 		.4byte	.LASF106
 452 02d6 53       		.byte	0x53
 453 02d7 07       		.uleb128 0x7
 454 02d8 7E020000 		.4byte	.LASF107
 455 02dc 54       		.byte	0x54
 456 02dd 07       		.uleb128 0x7
 457 02de 3C080000 		.4byte	.LASF108
 458 02e2 55       		.byte	0x55
 459 02e3 07       		.uleb128 0x7
 460 02e4 66130000 		.4byte	.LASF109
 461 02e8 56       		.byte	0x56
 462 02e9 07       		.uleb128 0x7
 463 02ea ED010000 		.4byte	.LASF110
 464 02ee 57       		.byte	0x57
 465 02ef 07       		.uleb128 0x7
 466 02f0 BF0D0000 		.4byte	.LASF111
 467 02f4 58       		.byte	0x58
 468 02f5 07       		.uleb128 0x7
 469 02f6 4F050000 		.4byte	.LASF112
ARM GAS  C:\Users\Phuong\AppData\Local\Temp\ccbgYlrK.s 			page 11


 470 02fa 59       		.byte	0x59
 471 02fb 07       		.uleb128 0x7
 472 02fc 65120000 		.4byte	.LASF113
 473 0300 5A       		.byte	0x5a
 474 0301 07       		.uleb128 0x7
 475 0302 45070000 		.4byte	.LASF114
 476 0306 5B       		.byte	0x5b
 477 0307 07       		.uleb128 0x7
 478 0308 36090000 		.4byte	.LASF115
 479 030c 5C       		.byte	0x5c
 480 030d 07       		.uleb128 0x7
 481 030e 590C0000 		.4byte	.LASF116
 482 0312 5D       		.byte	0x5d
 483 0313 07       		.uleb128 0x7
 484 0314 4C000000 		.4byte	.LASF117
 485 0318 5E       		.byte	0x5e
 486 0319 07       		.uleb128 0x7
 487 031a B4020000 		.4byte	.LASF118
 488 031e 5F       		.byte	0x5f
 489 031f 07       		.uleb128 0x7
 490 0320 8C050000 		.4byte	.LASF119
 491 0324 60       		.byte	0x60
 492 0325 07       		.uleb128 0x7
 493 0326 1F0E0000 		.4byte	.LASF120
 494 032a 61       		.byte	0x61
 495 032b 07       		.uleb128 0x7
 496 032c E4110000 		.4byte	.LASF121
 497 0330 62       		.byte	0x62
 498 0331 07       		.uleb128 0x7
 499 0332 8E0C0000 		.4byte	.LASF122
 500 0336 63       		.byte	0x63
 501 0337 07       		.uleb128 0x7
 502 0338 9C0E0000 		.4byte	.LASF123
 503 033c 64       		.byte	0x64
 504 033d 07       		.uleb128 0x7
 505 033e E0100000 		.4byte	.LASF124
 506 0342 65       		.byte	0x65
 507 0343 07       		.uleb128 0x7
 508 0344 4C130000 		.4byte	.LASF125
 509 0348 66       		.byte	0x66
 510 0349 07       		.uleb128 0x7
 511 034a E5070000 		.4byte	.LASF126
 512 034e 67       		.byte	0x67
 513 034f 07       		.uleb128 0x7
 514 0350 FC090000 		.4byte	.LASF127
 515 0354 68       		.byte	0x68
 516 0355 07       		.uleb128 0x7
 517 0356 2E0D0000 		.4byte	.LASF128
 518 035a 69       		.byte	0x69
 519 035b 07       		.uleb128 0x7
 520 035c 20010000 		.4byte	.LASF129
 521 0360 6A       		.byte	0x6a
 522 0361 07       		.uleb128 0x7
 523 0362 4D030000 		.4byte	.LASF130
 524 0366 6B       		.byte	0x6b
 525 0367 07       		.uleb128 0x7
 526 0368 B6010000 		.4byte	.LASF131
ARM GAS  C:\Users\Phuong\AppData\Local\Temp\ccbgYlrK.s 			page 12


 527 036c 6C       		.byte	0x6c
 528 036d 07       		.uleb128 0x7
 529 036e 8A040000 		.4byte	.LASF132
 530 0372 6D       		.byte	0x6d
 531 0373 07       		.uleb128 0x7
 532 0374 D7060000 		.4byte	.LASF133
 533 0378 6E       		.byte	0x6e
 534 0379 07       		.uleb128 0x7
 535 037a 50090000 		.4byte	.LASF134
 536 037e 6F       		.byte	0x6f
 537 037f 07       		.uleb128 0x7
 538 0380 65110000 		.4byte	.LASF135
 539 0384 70       		.byte	0x70
 540 0385 07       		.uleb128 0x7
 541 0386 00000000 		.4byte	.LASF136
 542 038a 71       		.byte	0x71
 543 038b 07       		.uleb128 0x7
 544 038c 63020000 		.4byte	.LASF137
 545 0390 72       		.byte	0x72
 546 0391 07       		.uleb128 0x7
 547 0392 A20A0000 		.4byte	.LASF138
 548 0396 73       		.byte	0x73
 549 0397 07       		.uleb128 0x7
 550 0398 DF0D0000 		.4byte	.LASF139
 551 039c 74       		.byte	0x74
 552 039d 07       		.uleb128 0x7
 553 039e EB0F0000 		.4byte	.LASF140
 554 03a2 75       		.byte	0x75
 555 03a3 07       		.uleb128 0x7
 556 03a4 730C0000 		.4byte	.LASF141
 557 03a8 76       		.byte	0x76
 558 03a9 07       		.uleb128 0x7
 559 03aa 780E0000 		.4byte	.LASF142
 560 03ae 77       		.byte	0x77
 561 03af 07       		.uleb128 0x7
 562 03b0 C5100000 		.4byte	.LASF143
 563 03b4 78       		.byte	0x78
 564 03b5 07       		.uleb128 0x7
 565 03b6 1B090000 		.4byte	.LASF144
 566 03ba 79       		.byte	0x79
 567 03bb 07       		.uleb128 0x7
 568 03bc 73010000 		.4byte	.LASF145
 569 03c0 7A       		.byte	0x7a
 570 03c1 07       		.uleb128 0x7
 571 03c2 FE110000 		.4byte	.LASF146
 572 03c6 7B       		.byte	0x7b
 573 03c7 07       		.uleb128 0x7
 574 03c8 9B060000 		.4byte	.LASF147
 575 03cc 7C       		.byte	0x7c
 576 03cd 07       		.uleb128 0x7
 577 03ce A5080000 		.4byte	.LASF148
 578 03d2 7D       		.byte	0x7d
 579 03d3 07       		.uleb128 0x7
 580 03d4 4F110000 		.4byte	.LASF149
 581 03d8 7E       		.byte	0x7e
 582 03d9 07       		.uleb128 0x7
 583 03da BE130000 		.4byte	.LASF150
ARM GAS  C:\Users\Phuong\AppData\Local\Temp\ccbgYlrK.s 			page 13


 584 03de 7F       		.byte	0x7f
 585 03df 07       		.uleb128 0x7
 586 03e0 42020000 		.4byte	.LASF151
 587 03e4 80       		.byte	0x80
 588 03e5 07       		.uleb128 0x7
 589 03e6 6C0A0000 		.4byte	.LASF152
 590 03ea 81       		.byte	0x81
 591 03eb 07       		.uleb128 0x7
 592 03ec 8E0D0000 		.4byte	.LASF153
 593 03f0 82       		.byte	0x82
 594 03f1 07       		.uleb128 0x7
 595 03f2 B70F0000 		.4byte	.LASF154
 596 03f6 83       		.byte	0x83
 597 03f7 07       		.uleb128 0x7
 598 03f8 A0090000 		.4byte	.LASF155
 599 03fc 84       		.byte	0x84
 600 03fd 07       		.uleb128 0x7
 601 03fe C40C0000 		.4byte	.LASF156
 602 0402 85       		.byte	0x85
 603 0403 07       		.uleb128 0x7
 604 0404 AB000000 		.4byte	.LASF157
 605 0408 86       		.byte	0x86
 606 0409 07       		.uleb128 0x7
 607 040a 06030000 		.4byte	.LASF158
 608 040e 87       		.byte	0x87
 609 040f 07       		.uleb128 0x7
 610 0410 E0050000 		.4byte	.LASF159
 611 0414 88       		.byte	0x88
 612 0415 07       		.uleb128 0x7
 613 0416 560E0000 		.4byte	.LASF160
 614 041a 89       		.byte	0x89
 615 041b 07       		.uleb128 0x7
 616 041c 800F0000 		.4byte	.LASF161
 617 0420 8A       		.byte	0x8a
 618 0421 07       		.uleb128 0x7
 619 0422 18050000 		.4byte	.LASF162
 620 0426 8B       		.byte	0x8b
 621 0427 07       		.uleb128 0x7
 622 0428 1B0F0000 		.4byte	.LASF163
 623 042c 8C       		.byte	0x8c
 624 042d 07       		.uleb128 0x7
 625 042e CD110000 		.4byte	.LASF164
 626 0432 8D       		.byte	0x8d
 627 0433 07       		.uleb128 0x7
 628 0434 9C110000 		.4byte	.LASF165
 629 0438 8E       		.byte	0x8e
 630 0439 07       		.uleb128 0x7
 631 043a EE0B0000 		.4byte	.LASF166
 632 043e 8F       		.byte	0x8f
 633 043f 07       		.uleb128 0x7
 634 0440 8A070000 		.4byte	.LASF167
 635 0444 90       		.byte	0x90
 636 0445 07       		.uleb128 0x7
 637 0446 A0010000 		.4byte	.LASF168
 638 044a 91       		.byte	0x91
 639 044b 07       		.uleb128 0x7
 640 044c 29020000 		.4byte	.LASF169
ARM GAS  C:\Users\Phuong\AppData\Local\Temp\ccbgYlrK.s 			page 14


 641 0450 92       		.byte	0x92
 642 0451 07       		.uleb128 0x7
 643 0452 A40D0000 		.4byte	.LASF170
 644 0456 F0       		.byte	0xf0
 645 0457 00       		.byte	0
 646 0458 03       		.uleb128 0x3
 647 0459 980F0000 		.4byte	.LASF171
 648 045d 04       		.byte	0x4
 649 045e F4       		.byte	0xf4
 650 045f 97000000 		.4byte	0x97
 651 0463 02       		.uleb128 0x2
 652 0464 04       		.byte	0x4
 653 0465 07       		.byte	0x7
 654 0466 97090000 		.4byte	.LASF172
 655 046a 08       		.uleb128 0x8
 656 046b 8C000000 		.4byte	0x8c
 657 046f 09       		.uleb128 0x9
 658 0470 6A040000 		.4byte	0x46a
 659 0474 0A       		.uleb128 0xa
 660 0475 6F040000 		.4byte	0x46f
 661 0479 84040000 		.4byte	0x484
 662 047d 0B       		.uleb128 0xb
 663 047e 63040000 		.4byte	0x463
 664 0482 03       		.byte	0x3
 665 0483 00       		.byte	0
 666 0484 0A       		.uleb128 0xa
 667 0485 6F040000 		.4byte	0x46f
 668 0489 94040000 		.4byte	0x494
 669 048d 0B       		.uleb128 0xb
 670 048e 63040000 		.4byte	0x463
 671 0492 02       		.byte	0x2
 672 0493 00       		.byte	0
 673 0494 0C       		.uleb128 0xc
 674 0495 20       		.byte	0x20
 675 0496 05       		.byte	0x5
 676 0497 23       		.byte	0x23
 677 0498 E5040000 		.4byte	0x4e5
 678 049c 0D       		.uleb128 0xd
 679 049d 6F050000 		.4byte	.LASF173
 680 04a1 05       		.byte	0x5
 681 04a2 24       		.byte	0x24
 682 04a3 6F040000 		.4byte	0x46f
 683 04a7 00       		.byte	0
 684 04a8 0D       		.uleb128 0xd
 685 04a9 EE000000 		.4byte	.LASF174
 686 04ad 05       		.byte	0x5
 687 04ae 25       		.byte	0x25
 688 04af 6A040000 		.4byte	0x46a
 689 04b3 04       		.byte	0x4
 690 04b4 0D       		.uleb128 0xd
 691 04b5 9E080000 		.4byte	.LASF175
 692 04b9 05       		.byte	0x5
 693 04ba 26       		.byte	0x26
 694 04bb 6A040000 		.4byte	0x46a
 695 04bf 08       		.byte	0x8
 696 04c0 0D       		.uleb128 0xd
 697 04c1 1B080000 		.4byte	.LASF176
ARM GAS  C:\Users\Phuong\AppData\Local\Temp\ccbgYlrK.s 			page 15


 698 04c5 05       		.byte	0x5
 699 04c6 27       		.byte	0x27
 700 04c7 6A040000 		.4byte	0x46a
 701 04cb 0C       		.byte	0xc
 702 04cc 0D       		.uleb128 0xd
 703 04cd BF050000 		.4byte	.LASF177
 704 04d1 05       		.byte	0x5
 705 04d2 28       		.byte	0x28
 706 04d3 6F040000 		.4byte	0x46f
 707 04d7 10       		.byte	0x10
 708 04d8 0D       		.uleb128 0xd
 709 04d9 FA0D0000 		.4byte	.LASF178
 710 04dd 05       		.byte	0x5
 711 04de 29       		.byte	0x29
 712 04df EA040000 		.4byte	0x4ea
 713 04e3 14       		.byte	0x14
 714 04e4 00       		.byte	0
 715 04e5 08       		.uleb128 0x8
 716 04e6 84040000 		.4byte	0x484
 717 04ea 09       		.uleb128 0x9
 718 04eb E5040000 		.4byte	0x4e5
 719 04ef 03       		.uleb128 0x3
 720 04f0 B7120000 		.4byte	.LASF179
 721 04f4 05       		.byte	0x5
 722 04f5 2A       		.byte	0x2a
 723 04f6 94040000 		.4byte	0x494
 724 04fa 0C       		.uleb128 0xc
 725 04fb 20       		.byte	0x20
 726 04fc 05       		.byte	0x5
 727 04fd 2F       		.byte	0x2f
 728 04fe 3F050000 		.4byte	0x53f
 729 0502 0D       		.uleb128 0xd
 730 0503 820A0000 		.4byte	.LASF180
 731 0507 05       		.byte	0x5
 732 0508 30       		.byte	0x30
 733 0509 6A040000 		.4byte	0x46a
 734 050d 00       		.byte	0
 735 050e 0D       		.uleb128 0xd
 736 050f 12090000 		.4byte	.LASF181
 737 0513 05       		.byte	0x5
 738 0514 31       		.byte	0x31
 739 0515 6A040000 		.4byte	0x46a
 740 0519 04       		.byte	0x4
 741 051a 0D       		.uleb128 0xd
 742 051b 5F070000 		.4byte	.LASF182
 743 051f 05       		.byte	0x5
 744 0520 32       		.byte	0x32
 745 0521 6A040000 		.4byte	0x46a
 746 0525 08       		.byte	0x8
 747 0526 0D       		.uleb128 0xd
 748 0527 38030000 		.4byte	.LASF183
 749 052b 05       		.byte	0x5
 750 052c 33       		.byte	0x33
 751 052d 6F040000 		.4byte	0x46f
 752 0531 0C       		.byte	0xc
 753 0532 0D       		.uleb128 0xd
 754 0533 FA0D0000 		.4byte	.LASF178
ARM GAS  C:\Users\Phuong\AppData\Local\Temp\ccbgYlrK.s 			page 16


 755 0537 05       		.byte	0x5
 756 0538 34       		.byte	0x34
 757 0539 44050000 		.4byte	0x544
 758 053d 10       		.byte	0x10
 759 053e 00       		.byte	0
 760 053f 08       		.uleb128 0x8
 761 0540 74040000 		.4byte	0x474
 762 0544 09       		.uleb128 0x9
 763 0545 3F050000 		.4byte	0x53f
 764 0549 03       		.uleb128 0x3
 765 054a 6A060000 		.4byte	.LASF184
 766 054e 05       		.byte	0x5
 767 054f 35       		.byte	0x35
 768 0550 FA040000 		.4byte	0x4fa
 769 0554 0E       		.uleb128 0xe
 770 0555 04       		.byte	0x4
 771 0556 5A050000 		.4byte	0x55a
 772 055a 0F       		.uleb128 0xf
 773 055b 02       		.uleb128 0x2
 774 055c 01       		.byte	0x1
 775 055d 08       		.byte	0x8
 776 055e 420F0000 		.4byte	.LASF185
 777 0562 02       		.uleb128 0x2
 778 0563 04       		.byte	0x4
 779 0564 04       		.byte	0x4
 780 0565 040C0000 		.4byte	.LASF186
 781 0569 02       		.uleb128 0x2
 782 056a 08       		.byte	0x8
 783 056b 04       		.byte	0x4
 784 056c FE040000 		.4byte	.LASF187
 785 0570 02       		.uleb128 0x2
 786 0571 08       		.byte	0x8
 787 0572 04       		.byte	0x4
 788 0573 360F0000 		.4byte	.LASF188
 789 0577 03       		.uleb128 0x3
 790 0578 870A0000 		.4byte	.LASF189
 791 057c 06       		.byte	0x6
 792 057d 3E       		.byte	0x3e
 793 057e 82050000 		.4byte	0x582
 794 0582 0E       		.uleb128 0xe
 795 0583 04       		.byte	0x4
 796 0584 88050000 		.4byte	0x588
 797 0588 10       		.uleb128 0x10
 798 0589 93050000 		.4byte	0x593
 799 058d 11       		.uleb128 0x11
 800 058e 93050000 		.4byte	0x593
 801 0592 00       		.byte	0
 802 0593 0E       		.uleb128 0xe
 803 0594 04       		.byte	0x4
 804 0595 8C000000 		.4byte	0x8c
 805 0599 03       		.uleb128 0x3
 806 059a 320A0000 		.4byte	.LASF190
 807 059e 06       		.byte	0x6
 808 059f 41       		.byte	0x41
 809 05a0 54050000 		.4byte	0x554
 810 05a4 03       		.uleb128 0x3
 811 05a5 69070000 		.4byte	.LASF191
ARM GAS  C:\Users\Phuong\AppData\Local\Temp\ccbgYlrK.s 			page 17


 812 05a9 06       		.byte	0x6
 813 05aa 44       		.byte	0x44
 814 05ab AF050000 		.4byte	0x5af
 815 05af 0E       		.uleb128 0xe
 816 05b0 04       		.byte	0x4
 817 05b1 77050000 		.4byte	0x577
 818 05b5 0C       		.uleb128 0xc
 819 05b6 2C       		.byte	0x2c
 820 05b7 06       		.byte	0x6
 821 05b8 78       		.byte	0x78
 822 05b9 42060000 		.4byte	0x642
 823 05bd 0D       		.uleb128 0xd
 824 05be DA040000 		.4byte	.LASF192
 825 05c2 06       		.byte	0x6
 826 05c3 7A       		.byte	0x7a
 827 05c4 8C000000 		.4byte	0x8c
 828 05c8 00       		.byte	0
 829 05c9 0D       		.uleb128 0xd
 830 05ca CE060000 		.4byte	.LASF193
 831 05ce 06       		.byte	0x6
 832 05cf 7B       		.byte	0x7b
 833 05d0 8C000000 		.4byte	0x8c
 834 05d4 04       		.byte	0x4
 835 05d5 0D       		.uleb128 0xd
 836 05d6 D3090000 		.4byte	.LASF194
 837 05da 06       		.byte	0x6
 838 05db 7C       		.byte	0x7c
 839 05dc 8C000000 		.4byte	0x8c
 840 05e0 08       		.byte	0x8
 841 05e1 0D       		.uleb128 0xd
 842 05e2 5C100000 		.4byte	.LASF195
 843 05e6 06       		.byte	0x6
 844 05e7 7D       		.byte	0x7d
 845 05e8 58040000 		.4byte	0x458
 846 05ec 0C       		.byte	0xc
 847 05ed 0D       		.uleb128 0xd
 848 05ee DE070000 		.4byte	.LASF196
 849 05f2 06       		.byte	0x6
 850 05f3 7F       		.byte	0x7f
 851 05f4 42060000 		.4byte	0x642
 852 05f8 10       		.byte	0x10
 853 05f9 0D       		.uleb128 0xd
 854 05fa 6D0E0000 		.4byte	.LASF197
 855 05fe 06       		.byte	0x6
 856 05ff 80       		.byte	0x80
 857 0600 48060000 		.4byte	0x648
 858 0604 14       		.byte	0x14
 859 0605 0D       		.uleb128 0xd
 860 0606 1D030000 		.4byte	.LASF198
 861 060a 06       		.byte	0x6
 862 060b 81       		.byte	0x81
 863 060c 8C000000 		.4byte	0x8c
 864 0610 18       		.byte	0x18
 865 0611 0D       		.uleb128 0xd
 866 0612 F70C0000 		.4byte	.LASF199
 867 0616 06       		.byte	0x6
 868 0617 82       		.byte	0x82
ARM GAS  C:\Users\Phuong\AppData\Local\Temp\ccbgYlrK.s 			page 18


 869 0618 8C000000 		.4byte	0x8c
 870 061c 1C       		.byte	0x1c
 871 061d 0D       		.uleb128 0xd
 872 061e 6B090000 		.4byte	.LASF200
 873 0622 06       		.byte	0x6
 874 0623 84       		.byte	0x84
 875 0624 A4050000 		.4byte	0x5a4
 876 0628 20       		.byte	0x20
 877 0629 0D       		.uleb128 0xd
 878 062a D20A0000 		.4byte	.LASF201
 879 062e 06       		.byte	0x6
 880 062f 85       		.byte	0x85
 881 0630 99050000 		.4byte	0x599
 882 0634 24       		.byte	0x24
 883 0635 0D       		.uleb128 0xd
 884 0636 32130000 		.4byte	.LASF202
 885 063a 06       		.byte	0x6
 886 063b 86       		.byte	0x86
 887 063c 99050000 		.4byte	0x599
 888 0640 28       		.byte	0x28
 889 0641 00       		.byte	0
 890 0642 0E       		.uleb128 0xe
 891 0643 04       		.byte	0x4
 892 0644 EF040000 		.4byte	0x4ef
 893 0648 0E       		.uleb128 0xe
 894 0649 04       		.byte	0x4
 895 064a 49050000 		.4byte	0x549
 896 064e 03       		.uleb128 0x3
 897 064f 0B010000 		.4byte	.LASF203
 898 0653 06       		.byte	0x6
 899 0654 87       		.byte	0x87
 900 0655 B5050000 		.4byte	0x5b5
 901 0659 12       		.uleb128 0x12
 902 065a 1C130000 		.4byte	.LASF204
 903 065e 01       		.byte	0x1
 904 065f 3F       		.byte	0x3f
 905 0660 00000000 		.4byte	.LFB147
 906 0664 0E000000 		.4byte	.LFE147-.LFB147
 907 0668 01       		.uleb128 0x1
 908 0669 9C       		.byte	0x9c
 909 066a 88060000 		.4byte	0x688
 910 066e 13       		.uleb128 0x13
 911 066f 0C000000 		.4byte	.LVL0
 912 0673 E3060000 		.4byte	0x6e3
 913 0677 14       		.uleb128 0x14
 914 0678 01       		.uleb128 0x1
 915 0679 50       		.byte	0x50
 916 067a 01       		.uleb128 0x1
 917 067b 34       		.byte	0x34
 918 067c 14       		.uleb128 0x14
 919 067d 01       		.uleb128 0x1
 920 067e 51       		.byte	0x51
 921 067f 01       		.uleb128 0x1
 922 0680 30       		.byte	0x30
 923 0681 14       		.uleb128 0x14
 924 0682 01       		.uleb128 0x1
 925 0683 52       		.byte	0x52
ARM GAS  C:\Users\Phuong\AppData\Local\Temp\ccbgYlrK.s 			page 19


 926 0684 01       		.uleb128 0x1
 927 0685 30       		.byte	0x30
 928 0686 00       		.byte	0
 929 0687 00       		.byte	0
 930 0688 12       		.uleb128 0x12
 931 0689 1B100000 		.4byte	.LASF205
 932 068d 01       		.byte	0x1
 933 068e 5C       		.byte	0x5c
 934 068f 00000000 		.4byte	.LFB148
 935 0693 10000000 		.4byte	.LFE148-.LFB148
 936 0697 01       		.uleb128 0x1
 937 0698 9C       		.byte	0x9c
 938 0699 C2060000 		.4byte	0x6c2
 939 069d 15       		.uleb128 0x15
 940 069e D7000000 		.4byte	.LASF211
 941 06a2 01       		.byte	0x1
 942 06a3 5F       		.byte	0x5f
 943 06a4 C2060000 		.4byte	0x6c2
 944 06a8 05       		.uleb128 0x5
 945 06a9 03       		.byte	0x3
 946 06aa 00000000 		.4byte	cy_ipc_pipe_sysEpArray.10257
 947 06ae 13       		.uleb128 0x13
 948 06af 08000000 		.4byte	.LVL1
 949 06b3 EE060000 		.4byte	0x6ee
 950 06b7 14       		.uleb128 0x14
 951 06b8 01       		.uleb128 0x1
 952 06b9 50       		.byte	0x50
 953 06ba 05       		.uleb128 0x5
 954 06bb 03       		.byte	0x3
 955 06bc 00000000 		.4byte	.LANCHOR0
 956 06c0 00       		.byte	0
 957 06c1 00       		.byte	0
 958 06c2 0A       		.uleb128 0xa
 959 06c3 4E060000 		.4byte	0x64e
 960 06c7 D2060000 		.4byte	0x6d2
 961 06cb 0B       		.uleb128 0xb
 962 06cc 63040000 		.4byte	0x463
 963 06d0 07       		.byte	0x7
 964 06d1 00       		.byte	0
 965 06d2 16       		.uleb128 0x16
 966 06d3 640D0000 		.4byte	.LASF212
 967 06d7 08       		.byte	0x8
 968 06d8 EA07     		.2byte	0x7ea
 969 06da DE060000 		.4byte	0x6de
 970 06de 08       		.uleb128 0x8
 971 06df 81000000 		.4byte	0x81
 972 06e3 17       		.uleb128 0x17
 973 06e4 54080000 		.4byte	.LASF206
 974 06e8 54080000 		.4byte	.LASF206
 975 06ec 07       		.byte	0x7
 976 06ed 65       		.byte	0x65
 977 06ee 17       		.uleb128 0x17
 978 06ef 05050000 		.4byte	.LASF207
 979 06f3 05050000 		.4byte	.LASF207
 980 06f7 06       		.byte	0x6
 981 06f8 FC       		.byte	0xfc
 982 06f9 00       		.byte	0
ARM GAS  C:\Users\Phuong\AppData\Local\Temp\ccbgYlrK.s 			page 20


 983              		.section	.debug_abbrev,"",%progbits
 984              	.Ldebug_abbrev0:
 985 0000 01       		.uleb128 0x1
 986 0001 11       		.uleb128 0x11
 987 0002 01       		.byte	0x1
 988 0003 25       		.uleb128 0x25
 989 0004 0E       		.uleb128 0xe
 990 0005 13       		.uleb128 0x13
 991 0006 0B       		.uleb128 0xb
 992 0007 03       		.uleb128 0x3
 993 0008 0E       		.uleb128 0xe
 994 0009 1B       		.uleb128 0x1b
 995 000a 0E       		.uleb128 0xe
 996 000b 55       		.uleb128 0x55
 997 000c 17       		.uleb128 0x17
 998 000d 11       		.uleb128 0x11
 999 000e 01       		.uleb128 0x1
 1000 000f 10       		.uleb128 0x10
 1001 0010 17       		.uleb128 0x17
 1002 0011 00       		.byte	0
 1003 0012 00       		.byte	0
 1004 0013 02       		.uleb128 0x2
 1005 0014 24       		.uleb128 0x24
 1006 0015 00       		.byte	0
 1007 0016 0B       		.uleb128 0xb
 1008 0017 0B       		.uleb128 0xb
 1009 0018 3E       		.uleb128 0x3e
 1010 0019 0B       		.uleb128 0xb
 1011 001a 03       		.uleb128 0x3
 1012 001b 0E       		.uleb128 0xe
 1013 001c 00       		.byte	0
 1014 001d 00       		.byte	0
 1015 001e 03       		.uleb128 0x3
 1016 001f 16       		.uleb128 0x16
 1017 0020 00       		.byte	0
 1018 0021 03       		.uleb128 0x3
 1019 0022 0E       		.uleb128 0xe
 1020 0023 3A       		.uleb128 0x3a
 1021 0024 0B       		.uleb128 0xb
 1022 0025 3B       		.uleb128 0x3b
 1023 0026 0B       		.uleb128 0xb
 1024 0027 49       		.uleb128 0x49
 1025 0028 13       		.uleb128 0x13
 1026 0029 00       		.byte	0
 1027 002a 00       		.byte	0
 1028 002b 04       		.uleb128 0x4
 1029 002c 24       		.uleb128 0x24
 1030 002d 00       		.byte	0
 1031 002e 0B       		.uleb128 0xb
 1032 002f 0B       		.uleb128 0xb
 1033 0030 3E       		.uleb128 0x3e
 1034 0031 0B       		.uleb128 0xb
 1035 0032 03       		.uleb128 0x3
 1036 0033 08       		.uleb128 0x8
 1037 0034 00       		.byte	0
 1038 0035 00       		.byte	0
 1039 0036 05       		.uleb128 0x5
ARM GAS  C:\Users\Phuong\AppData\Local\Temp\ccbgYlrK.s 			page 21


 1040 0037 04       		.uleb128 0x4
 1041 0038 01       		.byte	0x1
 1042 0039 0B       		.uleb128 0xb
 1043 003a 0B       		.uleb128 0xb
 1044 003b 49       		.uleb128 0x49
 1045 003c 13       		.uleb128 0x13
 1046 003d 3A       		.uleb128 0x3a
 1047 003e 0B       		.uleb128 0xb
 1048 003f 3B       		.uleb128 0x3b
 1049 0040 0B       		.uleb128 0xb
 1050 0041 01       		.uleb128 0x1
 1051 0042 13       		.uleb128 0x13
 1052 0043 00       		.byte	0
 1053 0044 00       		.byte	0
 1054 0045 06       		.uleb128 0x6
 1055 0046 28       		.uleb128 0x28
 1056 0047 00       		.byte	0
 1057 0048 03       		.uleb128 0x3
 1058 0049 0E       		.uleb128 0xe
 1059 004a 1C       		.uleb128 0x1c
 1060 004b 0D       		.uleb128 0xd
 1061 004c 00       		.byte	0
 1062 004d 00       		.byte	0
 1063 004e 07       		.uleb128 0x7
 1064 004f 28       		.uleb128 0x28
 1065 0050 00       		.byte	0
 1066 0051 03       		.uleb128 0x3
 1067 0052 0E       		.uleb128 0xe
 1068 0053 1C       		.uleb128 0x1c
 1069 0054 0B       		.uleb128 0xb
 1070 0055 00       		.byte	0
 1071 0056 00       		.byte	0
 1072 0057 08       		.uleb128 0x8
 1073 0058 35       		.uleb128 0x35
 1074 0059 00       		.byte	0
 1075 005a 49       		.uleb128 0x49
 1076 005b 13       		.uleb128 0x13
 1077 005c 00       		.byte	0
 1078 005d 00       		.byte	0
 1079 005e 09       		.uleb128 0x9
 1080 005f 26       		.uleb128 0x26
 1081 0060 00       		.byte	0
 1082 0061 49       		.uleb128 0x49
 1083 0062 13       		.uleb128 0x13
 1084 0063 00       		.byte	0
 1085 0064 00       		.byte	0
 1086 0065 0A       		.uleb128 0xa
 1087 0066 01       		.uleb128 0x1
 1088 0067 01       		.byte	0x1
 1089 0068 49       		.uleb128 0x49
 1090 0069 13       		.uleb128 0x13
 1091 006a 01       		.uleb128 0x1
 1092 006b 13       		.uleb128 0x13
 1093 006c 00       		.byte	0
 1094 006d 00       		.byte	0
 1095 006e 0B       		.uleb128 0xb
 1096 006f 21       		.uleb128 0x21
ARM GAS  C:\Users\Phuong\AppData\Local\Temp\ccbgYlrK.s 			page 22


 1097 0070 00       		.byte	0
 1098 0071 49       		.uleb128 0x49
 1099 0072 13       		.uleb128 0x13
 1100 0073 2F       		.uleb128 0x2f
 1101 0074 0B       		.uleb128 0xb
 1102 0075 00       		.byte	0
 1103 0076 00       		.byte	0
 1104 0077 0C       		.uleb128 0xc
 1105 0078 13       		.uleb128 0x13
 1106 0079 01       		.byte	0x1
 1107 007a 0B       		.uleb128 0xb
 1108 007b 0B       		.uleb128 0xb
 1109 007c 3A       		.uleb128 0x3a
 1110 007d 0B       		.uleb128 0xb
 1111 007e 3B       		.uleb128 0x3b
 1112 007f 0B       		.uleb128 0xb
 1113 0080 01       		.uleb128 0x1
 1114 0081 13       		.uleb128 0x13
 1115 0082 00       		.byte	0
 1116 0083 00       		.byte	0
 1117 0084 0D       		.uleb128 0xd
 1118 0085 0D       		.uleb128 0xd
 1119 0086 00       		.byte	0
 1120 0087 03       		.uleb128 0x3
 1121 0088 0E       		.uleb128 0xe
 1122 0089 3A       		.uleb128 0x3a
 1123 008a 0B       		.uleb128 0xb
 1124 008b 3B       		.uleb128 0x3b
 1125 008c 0B       		.uleb128 0xb
 1126 008d 49       		.uleb128 0x49
 1127 008e 13       		.uleb128 0x13
 1128 008f 38       		.uleb128 0x38
 1129 0090 0B       		.uleb128 0xb
 1130 0091 00       		.byte	0
 1131 0092 00       		.byte	0
 1132 0093 0E       		.uleb128 0xe
 1133 0094 0F       		.uleb128 0xf
 1134 0095 00       		.byte	0
 1135 0096 0B       		.uleb128 0xb
 1136 0097 0B       		.uleb128 0xb
 1137 0098 49       		.uleb128 0x49
 1138 0099 13       		.uleb128 0x13
 1139 009a 00       		.byte	0
 1140 009b 00       		.byte	0
 1141 009c 0F       		.uleb128 0xf
 1142 009d 15       		.uleb128 0x15
 1143 009e 00       		.byte	0
 1144 009f 27       		.uleb128 0x27
 1145 00a0 19       		.uleb128 0x19
 1146 00a1 00       		.byte	0
 1147 00a2 00       		.byte	0
 1148 00a3 10       		.uleb128 0x10
 1149 00a4 15       		.uleb128 0x15
 1150 00a5 01       		.byte	0x1
 1151 00a6 27       		.uleb128 0x27
 1152 00a7 19       		.uleb128 0x19
 1153 00a8 01       		.uleb128 0x1
ARM GAS  C:\Users\Phuong\AppData\Local\Temp\ccbgYlrK.s 			page 23


 1154 00a9 13       		.uleb128 0x13
 1155 00aa 00       		.byte	0
 1156 00ab 00       		.byte	0
 1157 00ac 11       		.uleb128 0x11
 1158 00ad 05       		.uleb128 0x5
 1159 00ae 00       		.byte	0
 1160 00af 49       		.uleb128 0x49
 1161 00b0 13       		.uleb128 0x13
 1162 00b1 00       		.byte	0
 1163 00b2 00       		.byte	0
 1164 00b3 12       		.uleb128 0x12
 1165 00b4 2E       		.uleb128 0x2e
 1166 00b5 01       		.byte	0x1
 1167 00b6 3F       		.uleb128 0x3f
 1168 00b7 19       		.uleb128 0x19
 1169 00b8 03       		.uleb128 0x3
 1170 00b9 0E       		.uleb128 0xe
 1171 00ba 3A       		.uleb128 0x3a
 1172 00bb 0B       		.uleb128 0xb
 1173 00bc 3B       		.uleb128 0x3b
 1174 00bd 0B       		.uleb128 0xb
 1175 00be 27       		.uleb128 0x27
 1176 00bf 19       		.uleb128 0x19
 1177 00c0 11       		.uleb128 0x11
 1178 00c1 01       		.uleb128 0x1
 1179 00c2 12       		.uleb128 0x12
 1180 00c3 06       		.uleb128 0x6
 1181 00c4 40       		.uleb128 0x40
 1182 00c5 18       		.uleb128 0x18
 1183 00c6 9742     		.uleb128 0x2117
 1184 00c8 19       		.uleb128 0x19
 1185 00c9 01       		.uleb128 0x1
 1186 00ca 13       		.uleb128 0x13
 1187 00cb 00       		.byte	0
 1188 00cc 00       		.byte	0
 1189 00cd 13       		.uleb128 0x13
 1190 00ce 898201   		.uleb128 0x4109
 1191 00d1 01       		.byte	0x1
 1192 00d2 11       		.uleb128 0x11
 1193 00d3 01       		.uleb128 0x1
 1194 00d4 31       		.uleb128 0x31
 1195 00d5 13       		.uleb128 0x13
 1196 00d6 00       		.byte	0
 1197 00d7 00       		.byte	0
 1198 00d8 14       		.uleb128 0x14
 1199 00d9 8A8201   		.uleb128 0x410a
 1200 00dc 00       		.byte	0
 1201 00dd 02       		.uleb128 0x2
 1202 00de 18       		.uleb128 0x18
 1203 00df 9142     		.uleb128 0x2111
 1204 00e1 18       		.uleb128 0x18
 1205 00e2 00       		.byte	0
 1206 00e3 00       		.byte	0
 1207 00e4 15       		.uleb128 0x15
 1208 00e5 34       		.uleb128 0x34
 1209 00e6 00       		.byte	0
 1210 00e7 03       		.uleb128 0x3
ARM GAS  C:\Users\Phuong\AppData\Local\Temp\ccbgYlrK.s 			page 24


 1211 00e8 0E       		.uleb128 0xe
 1212 00e9 3A       		.uleb128 0x3a
 1213 00ea 0B       		.uleb128 0xb
 1214 00eb 3B       		.uleb128 0x3b
 1215 00ec 0B       		.uleb128 0xb
 1216 00ed 49       		.uleb128 0x49
 1217 00ee 13       		.uleb128 0x13
 1218 00ef 02       		.uleb128 0x2
 1219 00f0 18       		.uleb128 0x18
 1220 00f1 00       		.byte	0
 1221 00f2 00       		.byte	0
 1222 00f3 16       		.uleb128 0x16
 1223 00f4 34       		.uleb128 0x34
 1224 00f5 00       		.byte	0
 1225 00f6 03       		.uleb128 0x3
 1226 00f7 0E       		.uleb128 0xe
 1227 00f8 3A       		.uleb128 0x3a
 1228 00f9 0B       		.uleb128 0xb
 1229 00fa 3B       		.uleb128 0x3b
 1230 00fb 05       		.uleb128 0x5
 1231 00fc 49       		.uleb128 0x49
 1232 00fd 13       		.uleb128 0x13
 1233 00fe 3F       		.uleb128 0x3f
 1234 00ff 19       		.uleb128 0x19
 1235 0100 3C       		.uleb128 0x3c
 1236 0101 19       		.uleb128 0x19
 1237 0102 00       		.byte	0
 1238 0103 00       		.byte	0
 1239 0104 17       		.uleb128 0x17
 1240 0105 2E       		.uleb128 0x2e
 1241 0106 00       		.byte	0
 1242 0107 3F       		.uleb128 0x3f
 1243 0108 19       		.uleb128 0x19
 1244 0109 3C       		.uleb128 0x3c
 1245 010a 19       		.uleb128 0x19
 1246 010b 6E       		.uleb128 0x6e
 1247 010c 0E       		.uleb128 0xe
 1248 010d 03       		.uleb128 0x3
 1249 010e 0E       		.uleb128 0xe
 1250 010f 3A       		.uleb128 0x3a
 1251 0110 0B       		.uleb128 0xb
 1252 0111 3B       		.uleb128 0x3b
 1253 0112 0B       		.uleb128 0xb
 1254 0113 00       		.byte	0
 1255 0114 00       		.byte	0
 1256 0115 00       		.byte	0
 1257              		.section	.debug_aranges,"",%progbits
 1258 0000 24000000 		.4byte	0x24
 1259 0004 0200     		.2byte	0x2
 1260 0006 00000000 		.4byte	.Ldebug_info0
 1261 000a 04       		.byte	0x4
 1262 000b 00       		.byte	0
 1263 000c 0000     		.2byte	0
 1264 000e 0000     		.2byte	0
 1265 0010 00000000 		.4byte	.LFB147
 1266 0014 0E000000 		.4byte	.LFE147-.LFB147
 1267 0018 00000000 		.4byte	.LFB148
ARM GAS  C:\Users\Phuong\AppData\Local\Temp\ccbgYlrK.s 			page 25


 1268 001c 10000000 		.4byte	.LFE148-.LFB148
 1269 0020 00000000 		.4byte	0
 1270 0024 00000000 		.4byte	0
 1271              		.section	.debug_ranges,"",%progbits
 1272              	.Ldebug_ranges0:
 1273 0000 00000000 		.4byte	.LFB147
 1274 0004 0E000000 		.4byte	.LFE147
 1275 0008 00000000 		.4byte	.LFB148
 1276 000c 10000000 		.4byte	.LFE148
 1277 0010 00000000 		.4byte	0
 1278 0014 00000000 		.4byte	0
 1279              		.section	.debug_line,"",%progbits
 1280              	.Ldebug_line0:
 1281 0000 5C020000 		.section	.debug_str,"MS",%progbits,1
 1281      02003502 
 1281      00000201 
 1281      FB0E0D00 
 1281      01010101 
 1282              	.LASF136:
 1283 0000 74637077 		.ascii	"tcpwm_1_interrupts_15_IRQn\000"
 1283      6D5F315F 
 1283      696E7465 
 1283      72727570 
 1283      74735F31 
 1284              	.LASF25:
 1285 001b 696F7373 		.ascii	"ioss_interrupts_gpio_2_IRQn\000"
 1285      5F696E74 
 1285      65727275 
 1285      7074735F 
 1285      6770696F 
 1286              	.LASF69:
 1287 0037 7363625F 		.ascii	"scb_5_interrupt_IRQn\000"
 1287      355F696E 
 1287      74657272 
 1287      7570745F 
 1287      4952516E 
 1288              	.LASF117:
 1289 004c 74637077 		.ascii	"tcpwm_0_interrupts_4_IRQn\000"
 1289      6D5F305F 
 1289      696E7465 
 1289      72727570 
 1289      74735F34 
 1290              	.LASF45:
 1291 0066 73727373 		.ascii	"srss_interrupt_IRQn\000"
 1291      5F696E74 
 1291      65727275 
 1291      70745F49 
 1291      52516E00 
 1292              	.LASF41:
 1293 007a 7363625F 		.ascii	"scb_8_interrupt_IRQn\000"
 1293      385F696E 
 1293      74657272 
 1293      7570745F 
 1293      4952516E 
 1294              	.LASF74:
 1295 008f 63707573 		.ascii	"cpuss_interrupts_dw0_1_IRQn\000"
 1295      735F696E 
ARM GAS  C:\Users\Phuong\AppData\Local\Temp\ccbgYlrK.s 			page 26


 1295      74657272 
 1295      75707473 
 1295      5F647730 
 1296              	.LASF157:
 1297 00ab 7564625F 		.ascii	"udb_interrupts_12_IRQn\000"
 1297      696E7465 
 1297      72727570 
 1297      74735F31 
 1297      325F4952 
 1298              	.LASF47:
 1299 00c2 626C6573 		.ascii	"bless_interrupt_IRQn\000"
 1299      735F696E 
 1299      74657272 
 1299      7570745F 
 1299      4952516E 
 1300              	.LASF211:
 1301 00d7 63795F69 		.ascii	"cy_ipc_pipe_sysEpArray\000"
 1301      70635F70 
 1301      6970655F 
 1301      73797345 
 1301      70417272 
 1302              	.LASF174:
 1303 00ee 52454C45 		.ascii	"RELEASE\000"
 1303      41534500 
 1304              	.LASF64:
 1305 00f6 7363625F 		.ascii	"scb_0_interrupt_IRQn\000"
 1305      305F696E 
 1305      74657272 
 1305      7570745F 
 1305      4952516E 
 1306              	.LASF203:
 1307 010b 63795F73 		.ascii	"cy_stc_ipc_pipe_ep_t\000"
 1307      74635F69 
 1307      70635F70 
 1307      6970655F 
 1307      65705F74 
 1308              	.LASF129:
 1309 0120 74637077 		.ascii	"tcpwm_1_interrupts_8_IRQn\000"
 1309      6D5F315F 
 1309      696E7465 
 1309      72727570 
 1309      74735F38 
 1310              	.LASF52:
 1311 013a 63707573 		.ascii	"cpuss_interrupts_ipc_4_IRQn\000"
 1311      735F696E 
 1311      74657272 
 1311      75707473 
 1311      5F697063 
 1312              	.LASF59:
 1313 0156 63707573 		.ascii	"cpuss_interrupts_ipc_11_IRQn\000"
 1313      735F696E 
 1313      74657272 
 1313      75707473 
 1313      5F697063 
 1314              	.LASF145:
 1315 0173 7564625F 		.ascii	"udb_interrupts_0_IRQn\000"
 1315      696E7465 
ARM GAS  C:\Users\Phuong\AppData\Local\Temp\ccbgYlrK.s 			page 27


 1315      72727570 
 1315      74735F30 
 1315      5F495251 
 1316              	.LASF9:
 1317 0189 6C6F6E67 		.ascii	"long long unsigned int\000"
 1317      206C6F6E 
 1317      6720756E 
 1317      7369676E 
 1317      65642069 
 1318              	.LASF168:
 1319 01a0 7573625F 		.ascii	"usb_interrupt_lo_IRQn\000"
 1319      696E7465 
 1319      72727570 
 1319      745F6C6F 
 1319      5F495251 
 1320              	.LASF131:
 1321 01b6 74637077 		.ascii	"tcpwm_1_interrupts_10_IRQn\000"
 1321      6D5F315F 
 1321      696E7465 
 1321      72727570 
 1321      74735F31 
 1322              	.LASF23:
 1323 01d1 696F7373 		.ascii	"ioss_interrupts_gpio_0_IRQn\000"
 1323      5F696E74 
 1323      65727275 
 1323      7074735F 
 1323      6770696F 
 1324              	.LASF110:
 1325 01ed 63707573 		.ascii	"cpuss_interrupts_cm0_cti_1_IRQn\000"
 1325      735F696E 
 1325      74657272 
 1325      75707473 
 1325      5F636D30 
 1326              	.LASF32:
 1327 020d 696F7373 		.ascii	"ioss_interrupts_gpio_9_IRQn\000"
 1327      5F696E74 
 1327      65727275 
 1327      7074735F 
 1327      6770696F 
 1328              	.LASF169:
 1329 0229 70617373 		.ascii	"pass_interrupt_dacs_IRQn\000"
 1329      5F696E74 
 1329      65727275 
 1329      70745F64 
 1329      6163735F 
 1330              	.LASF151:
 1331 0242 7564625F 		.ascii	"udb_interrupts_6_IRQn\000"
 1331      696E7465 
 1331      72727570 
 1331      74735F36 
 1331      5F495251 
 1332              	.LASF13:
 1333 0258 52657365 		.ascii	"Reset_IRQn\000"
 1333      745F4952 
 1333      516E00
 1334              	.LASF137:
 1335 0263 74637077 		.ascii	"tcpwm_1_interrupts_16_IRQn\000"
ARM GAS  C:\Users\Phuong\AppData\Local\Temp\ccbgYlrK.s 			page 28


 1335      6D5F315F 
 1335      696E7465 
 1335      72727570 
 1335      74735F31 
 1336              	.LASF107:
 1337 027e 63707573 		.ascii	"cpuss_interrupt_crypto_IRQn\000"
 1337      735F696E 
 1337      74657272 
 1337      7570745F 
 1337      63727970 
 1338              	.LASF8:
 1339 029a 6C6F6E67 		.ascii	"long long int\000"
 1339      206C6F6E 
 1339      6720696E 
 1339      7400
 1340              	.LASF0:
 1341 02a8 7369676E 		.ascii	"signed char\000"
 1341      65642063 
 1341      68617200 
 1342              	.LASF118:
 1343 02b4 74637077 		.ascii	"tcpwm_0_interrupts_5_IRQn\000"
 1343      6D5F305F 
 1343      696E7465 
 1343      72727570 
 1343      74735F35 
 1344              	.LASF98:
 1345 02ce 63707573 		.ascii	"cpuss_interrupts_dw1_9_IRQn\000"
 1345      735F696E 
 1345      74657272 
 1345      75707473 
 1345      5F647731 
 1346              	.LASF75:
 1347 02ea 63707573 		.ascii	"cpuss_interrupts_dw0_2_IRQn\000"
 1347      735F696E 
 1347      74657272 
 1347      75707473 
 1347      5F647730 
 1348              	.LASF158:
 1349 0306 7564625F 		.ascii	"udb_interrupts_13_IRQn\000"
 1349      696E7465 
 1349      72727570 
 1349      74735F31 
 1349      335F4952 
 1350              	.LASF198:
 1351 031d 62757379 		.ascii	"busy\000"
 1351      00
 1352              	.LASF40:
 1353 0322 6C70636F 		.ascii	"lpcomp_interrupt_IRQn\000"
 1353      6D705F69 
 1353      6E746572 
 1353      72757074 
 1353      5F495251 
 1354              	.LASF183:
 1355 0338 494E5452 		.ascii	"INTR_MASKED\000"
 1355      5F4D4153 
 1355      4B454400 
 1356              	.LASF4:
ARM GAS  C:\Users\Phuong\AppData\Local\Temp\ccbgYlrK.s 			page 29


 1357 0344 6C6F6E67 		.ascii	"long int\000"
 1357      20696E74 
 1357      00
 1358              	.LASF130:
 1359 034d 74637077 		.ascii	"tcpwm_1_interrupts_9_IRQn\000"
 1359      6D5F315F 
 1359      696E7465 
 1359      72727570 
 1359      74735F39 
 1360              	.LASF53:
 1361 0367 63707573 		.ascii	"cpuss_interrupts_ipc_5_IRQn\000"
 1361      735F696E 
 1361      74657272 
 1361      75707473 
 1361      5F697063 
 1362              	.LASF96:
 1363 0383 63707573 		.ascii	"cpuss_interrupts_dw1_7_IRQn\000"
 1363      735F696E 
 1363      74657272 
 1363      75707473 
 1363      5F647731 
 1364              	.LASF60:
 1365 039f 63707573 		.ascii	"cpuss_interrupts_ipc_12_IRQn\000"
 1365      735F696E 
 1365      74657272 
 1365      75707473 
 1365      5F697063 
 1366              	.LASF97:
 1367 03bc 63707573 		.ascii	"cpuss_interrupts_dw1_8_IRQn\000"
 1367      735F696E 
 1367      74657272 
 1367      75707473 
 1367      5F647731 
 1368              	.LASF210:
 1369 03d8 433A5C55 		.ascii	"C:\\Users\\Phuong\\Documents\\PSoC Creator\\Dec0820"
 1369      73657273 
 1369      5C506875 
 1369      6F6E675C 
 1369      446F6375 
 1370 0406 31385C69 		.ascii	"18\\iot-sdk-iot-dev\\PSOC6_FreeRTOS+LwIP+MbedTLS_Az"
 1370      6F742D73 
 1370      646B2D69 
 1370      6F742D64 
 1370      65765C50 
 1371 0437 7572652D 		.ascii	"ure-IOT-Hub-Demo\\PSOC6_FreeRTOS+LwIP+MbedTLS_Azure"
 1371      494F542D 
 1371      4875622D 
 1371      44656D6F 
 1371      5C50534F 
 1372 0469 2D494F54 		.ascii	"-IOT-Hub-Demo.cydsn\000"
 1372      2D487562 
 1372      2D44656D 
 1372      6F2E6379 
 1372      64736E00 
 1373              	.LASF10:
 1374 047d 756E7369 		.ascii	"unsigned int\000"
 1374      676E6564 
ARM GAS  C:\Users\Phuong\AppData\Local\Temp\ccbgYlrK.s 			page 30


 1374      20696E74 
 1374      00
 1375              	.LASF132:
 1376 048a 74637077 		.ascii	"tcpwm_1_interrupts_11_IRQn\000"
 1376      6D5F315F 
 1376      696E7465 
 1376      72727570 
 1376      74735F31 
 1377              	.LASF77:
 1378 04a5 63707573 		.ascii	"cpuss_interrupts_dw0_4_IRQn\000"
 1378      735F696E 
 1378      74657272 
 1378      75707473 
 1378      5F647730 
 1379              	.LASF38:
 1380 04c1 696F7373 		.ascii	"ioss_interrupt_gpio_IRQn\000"
 1380      5F696E74 
 1380      65727275 
 1380      70745F67 
 1380      70696F5F 
 1381              	.LASF192:
 1382 04da 69706343 		.ascii	"ipcChan\000"
 1382      68616E00 
 1383              	.LASF42:
 1384 04e2 73727373 		.ascii	"srss_interrupt_mcwdt_0_IRQn\000"
 1384      5F696E74 
 1384      65727275 
 1384      70745F6D 
 1384      63776474 
 1385              	.LASF187:
 1386 04fe 646F7562 		.ascii	"double\000"
 1386      6C6500
 1387              	.LASF207:
 1388 0505 43795F49 		.ascii	"Cy_IPC_Pipe_Config\000"
 1388      50435F50 
 1388      6970655F 
 1388      436F6E66 
 1388      696700
 1389              	.LASF162:
 1390 0518 61756469 		.ascii	"audioss_interrupt_i2s_IRQn\000"
 1390      6F73735F 
 1390      696E7465 
 1390      72727570 
 1390      745F6932 
 1391              	.LASF79:
 1392 0533 63707573 		.ascii	"cpuss_interrupts_dw0_6_IRQn\000"
 1392      735F696E 
 1392      74657272 
 1392      75707473 
 1392      5F647730 
 1393              	.LASF112:
 1394 054f 63707573 		.ascii	"cpuss_interrupts_cm4_cti_1_IRQn\000"
 1394      735F696E 
 1394      74657272 
 1394      75707473 
 1394      5F636D34 
 1395              	.LASF173:
ARM GAS  C:\Users\Phuong\AppData\Local\Temp\ccbgYlrK.s 			page 31


 1396 056f 41435155 		.ascii	"ACQUIRE\000"
 1396      49524500 
 1397              	.LASF71:
 1398 0577 7363625F 		.ascii	"scb_7_interrupt_IRQn\000"
 1398      375F696E 
 1398      74657272 
 1398      7570745F 
 1398      4952516E 
 1399              	.LASF119:
 1400 058c 74637077 		.ascii	"tcpwm_0_interrupts_6_IRQn\000"
 1400      6D5F305F 
 1400      696E7465 
 1400      72727570 
 1400      74735F36 
 1401              	.LASF6:
 1402 05a6 5F5F7569 		.ascii	"__uint32_t\000"
 1402      6E743332 
 1402      5F7400
 1403              	.LASF17:
 1404 05b1 42757346 		.ascii	"BusFault_IRQn\000"
 1404      61756C74 
 1404      5F495251 
 1404      6E00
 1405              	.LASF177:
 1406 05bf 4C4F434B 		.ascii	"LOCK_STATUS\000"
 1406      5F535441 
 1406      54555300 
 1407              	.LASF65:
 1408 05cb 7363625F 		.ascii	"scb_1_interrupt_IRQn\000"
 1408      315F696E 
 1408      74657272 
 1408      7570745F 
 1408      4952516E 
 1409              	.LASF159:
 1410 05e0 7564625F 		.ascii	"udb_interrupts_14_IRQn\000"
 1410      696E7465 
 1410      72727570 
 1410      74735F31 
 1410      345F4952 
 1411              	.LASF21:
 1412 05f7 50656E64 		.ascii	"PendSV_IRQn\000"
 1412      53565F49 
 1412      52516E00 
 1413              	.LASF46:
 1414 0603 70617373 		.ascii	"pass_interrupt_ctbs_IRQn\000"
 1414      5F696E74 
 1414      65727275 
 1414      70745F63 
 1414      7462735F 
 1415              	.LASF66:
 1416 061c 7363625F 		.ascii	"scb_2_interrupt_IRQn\000"
 1416      325F696E 
 1416      74657272 
 1416      7570745F 
 1416      4952516E 
 1417              	.LASF87:
 1418 0631 63707573 		.ascii	"cpuss_interrupts_dw0_14_IRQn\000"
ARM GAS  C:\Users\Phuong\AppData\Local\Temp\ccbgYlrK.s 			page 32


 1418      735F696E 
 1418      74657272 
 1418      75707473 
 1418      5F647730 
 1419              	.LASF28:
 1420 064e 696F7373 		.ascii	"ioss_interrupts_gpio_5_IRQn\000"
 1420      5F696E74 
 1420      65727275 
 1420      7074735F 
 1420      6770696F 
 1421              	.LASF184:
 1422 066a 4950435F 		.ascii	"IPC_INTR_STRUCT_Type\000"
 1422      494E5452 
 1422      5F535452 
 1422      5543545F 
 1422      54797065 
 1423              	.LASF54:
 1424 067f 63707573 		.ascii	"cpuss_interrupts_ipc_6_IRQn\000"
 1424      735F696E 
 1424      74657272 
 1424      75707473 
 1424      5F697063 
 1425              	.LASF147:
 1426 069b 7564625F 		.ascii	"udb_interrupts_2_IRQn\000"
 1426      696E7465 
 1426      72727570 
 1426      74735F32 
 1426      5F495251 
 1427              	.LASF36:
 1428 06b1 696F7373 		.ascii	"ioss_interrupts_gpio_13_IRQn\000"
 1428      5F696E74 
 1428      65727275 
 1428      7074735F 
 1428      6770696F 
 1429              	.LASF193:
 1430 06ce 696E7472 		.ascii	"intrChan\000"
 1430      4368616E 
 1430      00
 1431              	.LASF133:
 1432 06d7 74637077 		.ascii	"tcpwm_1_interrupts_12_IRQn\000"
 1432      6D5F315F 
 1432      696E7465 
 1432      72727570 
 1432      74735F31 
 1433              	.LASF102:
 1434 06f2 63707573 		.ascii	"cpuss_interrupts_dw1_13_IRQn\000"
 1434      735F696E 
 1434      74657272 
 1434      75707473 
 1434      5F647731 
 1435              	.LASF7:
 1436 070f 6C6F6E67 		.ascii	"long unsigned int\000"
 1436      20756E73 
 1436      69676E65 
 1436      6420696E 
 1436      7400
 1437              	.LASF43:
ARM GAS  C:\Users\Phuong\AppData\Local\Temp\ccbgYlrK.s 			page 33


 1438 0721 73727373 		.ascii	"srss_interrupt_mcwdt_1_IRQn\000"
 1438      5F696E74 
 1438      65727275 
 1438      70745F6D 
 1438      63776474 
 1439              	.LASF11:
 1440 073d 696E7433 		.ascii	"int32_t\000"
 1440      325F7400 
 1441              	.LASF114:
 1442 0745 74637077 		.ascii	"tcpwm_0_interrupts_1_IRQn\000"
 1442      6D5F305F 
 1442      696E7465 
 1442      72727570 
 1442      74735F31 
 1443              	.LASF182:
 1444 075f 494E5452 		.ascii	"INTR_MASK\000"
 1444      5F4D4153 
 1444      4B00
 1445              	.LASF191:
 1446 0769 63795F69 		.ascii	"cy_ipc_pipe_callback_array_ptr_t\000"
 1446      70635F70 
 1446      6970655F 
 1446      63616C6C 
 1446      6261636B 
 1447              	.LASF167:
 1448 078a 7573625F 		.ascii	"usb_interrupt_med_IRQn\000"
 1448      696E7465 
 1448      72727570 
 1448      745F6D65 
 1448      645F4952 
 1449              	.LASF105:
 1450 07a1 63707573 		.ascii	"cpuss_interrupts_fault_0_IRQn\000"
 1450      735F696E 
 1450      74657272 
 1450      75707473 
 1450      5F666175 
 1451              	.LASF19:
 1452 07bf 53564361 		.ascii	"SVCall_IRQn\000"
 1452      6C6C5F49 
 1452      52516E00 
 1453              	.LASF3:
 1454 07cb 73686F72 		.ascii	"short unsigned int\000"
 1454      7420756E 
 1454      7369676E 
 1454      65642069 
 1454      6E7400
 1455              	.LASF196:
 1456 07de 69706350 		.ascii	"ipcPtr\000"
 1456      747200
 1457              	.LASF126:
 1458 07e5 74637077 		.ascii	"tcpwm_1_interrupts_5_IRQn\000"
 1458      6D5F315F 
 1458      696E7465 
 1458      72727570 
 1458      74735F35 
 1459              	.LASF49:
 1460 07ff 63707573 		.ascii	"cpuss_interrupts_ipc_1_IRQn\000"
ARM GAS  C:\Users\Phuong\AppData\Local\Temp\ccbgYlrK.s 			page 34


 1460      735F696E 
 1460      74657272 
 1460      75707473 
 1460      5F697063 
 1461              	.LASF176:
 1462 081b 44415441 		.ascii	"DATA\000"
 1462      00
 1463              	.LASF93:
 1464 0820 63707573 		.ascii	"cpuss_interrupts_dw1_4_IRQn\000"
 1464      735F696E 
 1464      74657272 
 1464      75707473 
 1464      5F647731 
 1465              	.LASF108:
 1466 083c 63707573 		.ascii	"cpuss_interrupt_fm_IRQn\000"
 1466      735F696E 
 1466      74657272 
 1466      7570745F 
 1466      666D5F49 
 1467              	.LASF206:
 1468 0854 43795F49 		.ascii	"Cy_IPC_Sema_Init\000"
 1468      50435F53 
 1468      656D615F 
 1468      496E6974 
 1468      00
 1469              	.LASF88:
 1470 0865 63707573 		.ascii	"cpuss_interrupts_dw0_15_IRQn\000"
 1470      735F696E 
 1470      74657272 
 1470      75707473 
 1470      5F647730 
 1471              	.LASF29:
 1472 0882 696F7373 		.ascii	"ioss_interrupts_gpio_6_IRQn\000"
 1472      5F696E74 
 1472      65727275 
 1472      7074735F 
 1472      6770696F 
 1473              	.LASF175:
 1474 089e 4E4F5449 		.ascii	"NOTIFY\000"
 1474      465900
 1475              	.LASF148:
 1476 08a5 7564625F 		.ascii	"udb_interrupts_3_IRQn\000"
 1476      696E7465 
 1476      72727570 
 1476      74735F33 
 1476      5F495251 
 1477              	.LASF37:
 1478 08bb 696F7373 		.ascii	"ioss_interrupts_gpio_14_IRQn\000"
 1478      5F696E74 
 1478      65727275 
 1478      7074735F 
 1478      6770696F 
 1479              	.LASF22:
 1480 08d8 53797354 		.ascii	"SysTick_IRQn\000"
 1480      69636B5F 
 1480      4952516E 
 1480      00
ARM GAS  C:\Users\Phuong\AppData\Local\Temp\ccbgYlrK.s 			page 35


 1481              	.LASF103:
 1482 08e5 63707573 		.ascii	"cpuss_interrupts_dw1_14_IRQn\000"
 1482      735F696E 
 1482      74657272 
 1482      75707473 
 1482      5F647731 
 1483              	.LASF209:
 1484 0902 63795F69 		.ascii	"cy_ipc_config.c\000"
 1484      70635F63 
 1484      6F6E6669 
 1484      672E6300 
 1485              	.LASF181:
 1486 0912 494E5452 		.ascii	"INTR_SET\000"
 1486      5F534554 
 1486      00
 1487              	.LASF144:
 1488 091b 74637077 		.ascii	"tcpwm_1_interrupts_23_IRQn\000"
 1488      6D5F315F 
 1488      696E7465 
 1488      72727570 
 1488      74735F32 
 1489              	.LASF115:
 1490 0936 74637077 		.ascii	"tcpwm_0_interrupts_2_IRQn\000"
 1490      6D5F305F 
 1490      696E7465 
 1490      72727570 
 1490      74735F32 
 1491              	.LASF134:
 1492 0950 74637077 		.ascii	"tcpwm_1_interrupts_13_IRQn\000"
 1492      6D5F315F 
 1492      696E7465 
 1492      72727570 
 1492      74735F31 
 1493              	.LASF200:
 1494 096b 63616C6C 		.ascii	"callbackArray\000"
 1494      6261636B 
 1494      41727261 
 1494      7900
 1495              	.LASF106:
 1496 0979 63707573 		.ascii	"cpuss_interrupts_fault_1_IRQn\000"
 1496      735F696E 
 1496      74657272 
 1496      75707473 
 1496      5F666175 
 1497              	.LASF172:
 1498 0997 73697A65 		.ascii	"sizetype\000"
 1498      74797065 
 1498      00
 1499              	.LASF155:
 1500 09a0 7564625F 		.ascii	"udb_interrupts_10_IRQn\000"
 1500      696E7465 
 1500      72727570 
 1500      74735F31 
 1500      305F4952 
 1501              	.LASF81:
 1502 09b7 63707573 		.ascii	"cpuss_interrupts_dw0_8_IRQn\000"
 1502      735F696E 
ARM GAS  C:\Users\Phuong\AppData\Local\Temp\ccbgYlrK.s 			page 36


 1502      74657272 
 1502      75707473 
 1502      5F647730 
 1503              	.LASF194:
 1504 09d3 70697065 		.ascii	"pipeIntMask\000"
 1504      496E744D 
 1504      61736B00 
 1505              	.LASF83:
 1506 09df 63707573 		.ascii	"cpuss_interrupts_dw0_10_IRQn\000"
 1506      735F696E 
 1506      74657272 
 1506      75707473 
 1506      5F647730 
 1507              	.LASF127:
 1508 09fc 74637077 		.ascii	"tcpwm_1_interrupts_6_IRQn\000"
 1508      6D5F315F 
 1508      696E7465 
 1508      72727570 
 1508      74735F36 
 1509              	.LASF50:
 1510 0a16 63707573 		.ascii	"cpuss_interrupts_ipc_2_IRQn\000"
 1510      735F696E 
 1510      74657272 
 1510      75707473 
 1510      5F697063 
 1511              	.LASF190:
 1512 0a32 63795F69 		.ascii	"cy_ipc_pipe_relcallback_ptr_t\000"
 1512      70635F70 
 1512      6970655F 
 1512      72656C63 
 1512      616C6C62 
 1513              	.LASF94:
 1514 0a50 63707573 		.ascii	"cpuss_interrupts_dw1_5_IRQn\000"
 1514      735F696E 
 1514      74657272 
 1514      75707473 
 1514      5F647731 
 1515              	.LASF152:
 1516 0a6c 7564625F 		.ascii	"udb_interrupts_7_IRQn\000"
 1516      696E7465 
 1516      72727570 
 1516      74735F37 
 1516      5F495251 
 1517              	.LASF180:
 1518 0a82 494E5452 		.ascii	"INTR\000"
 1518      00
 1519              	.LASF189:
 1520 0a87 63795F69 		.ascii	"cy_ipc_pipe_callback_ptr_t\000"
 1520      70635F70 
 1520      6970655F 
 1520      63616C6C 
 1520      6261636B 
 1521              	.LASF138:
 1522 0aa2 74637077 		.ascii	"tcpwm_1_interrupts_17_IRQn\000"
 1522      6D5F315F 
 1522      696E7465 
 1522      72727570 
ARM GAS  C:\Users\Phuong\AppData\Local\Temp\ccbgYlrK.s 			page 37


 1522      74735F31 
 1523              	.LASF68:
 1524 0abd 7363625F 		.ascii	"scb_4_interrupt_IRQn\000"
 1524      345F696E 
 1524      74657272 
 1524      7570745F 
 1524      4952516E 
 1525              	.LASF201:
 1526 0ad2 72656C65 		.ascii	"releaseCallbackPtr\000"
 1526      61736543 
 1526      616C6C62 
 1526      61636B50 
 1526      747200
 1527              	.LASF30:
 1528 0ae5 696F7373 		.ascii	"ioss_interrupts_gpio_7_IRQn\000"
 1528      5F696E74 
 1528      65727275 
 1528      7074735F 
 1528      6770696F 
 1529              	.LASF86:
 1530 0b01 63707573 		.ascii	"cpuss_interrupts_dw0_13_IRQn\000"
 1530      735F696E 
 1530      74657272 
 1530      75707473 
 1530      5F647730 
 1531              	.LASF208:
 1532 0b1e 474E5520 		.ascii	"GNU C11 5.4.1 20160609 (release) [ARM/embedded-5-br"
 1532      43313120 
 1532      352E342E 
 1532      31203230 
 1532      31363036 
 1533 0b51 616E6368 		.ascii	"anch revision 237715] -mcpu=cortex-m4 -mfloat-abi=s"
 1533      20726576 
 1533      6973696F 
 1533      6E203233 
 1533      37373135 
 1534 0b84 6F667466 		.ascii	"oftfp -mfpu=fpv4-sp-d16 -mthumb -g -Og -ffunction-s"
 1534      70202D6D 
 1534      6670753D 
 1534      66707634 
 1534      2D73702D 
 1535 0bb7 65637469 		.ascii	"ections -ffat-lto-objects\000"
 1535      6F6E7320 
 1535      2D666661 
 1535      742D6C74 
 1535      6F2D6F62 
 1536              	.LASF104:
 1537 0bd1 63707573 		.ascii	"cpuss_interrupts_dw1_15_IRQn\000"
 1537      735F696E 
 1537      74657272 
 1537      75707473 
 1537      5F647731 
 1538              	.LASF166:
 1539 0bee 7573625F 		.ascii	"usb_interrupt_hi_IRQn\000"
 1539      696E7465 
 1539      72727570 
 1539      745F6869 
ARM GAS  C:\Users\Phuong\AppData\Local\Temp\ccbgYlrK.s 			page 38


 1539      5F495251 
 1540              	.LASF186:
 1541 0c04 666C6F61 		.ascii	"float\000"
 1541      7400
 1542              	.LASF76:
 1543 0c0a 63707573 		.ascii	"cpuss_interrupts_dw0_3_IRQn\000"
 1543      735F696E 
 1543      74657272 
 1543      75707473 
 1543      5F647730 
 1544              	.LASF34:
 1545 0c26 696F7373 		.ascii	"ioss_interrupts_gpio_11_IRQn\000"
 1545      5F696E74 
 1545      65727275 
 1545      7074735F 
 1545      6770696F 
 1546              	.LASF16:
 1547 0c43 4D656D6F 		.ascii	"MemoryManagement_IRQn\000"
 1547      72794D61 
 1547      6E616765 
 1547      6D656E74 
 1547      5F495251 
 1548              	.LASF116:
 1549 0c59 74637077 		.ascii	"tcpwm_0_interrupts_3_IRQn\000"
 1549      6D5F305F 
 1549      696E7465 
 1549      72727570 
 1549      74735F33 
 1550              	.LASF141:
 1551 0c73 74637077 		.ascii	"tcpwm_1_interrupts_20_IRQn\000"
 1551      6D5F315F 
 1551      696E7465 
 1551      72727570 
 1551      74735F32 
 1552              	.LASF122:
 1553 0c8e 74637077 		.ascii	"tcpwm_1_interrupts_1_IRQn\000"
 1553      6D5F315F 
 1553      696E7465 
 1553      72727570 
 1553      74735F31 
 1554              	.LASF89:
 1555 0ca8 63707573 		.ascii	"cpuss_interrupts_dw1_0_IRQn\000"
 1555      735F696E 
 1555      74657272 
 1555      75707473 
 1555      5F647731 
 1556              	.LASF156:
 1557 0cc4 7564625F 		.ascii	"udb_interrupts_11_IRQn\000"
 1557      696E7465 
 1557      72727570 
 1557      74735F31 
 1557      315F4952 
 1558              	.LASF82:
 1559 0cdb 63707573 		.ascii	"cpuss_interrupts_dw0_9_IRQn\000"
 1559      735F696E 
 1559      74657272 
 1559      75707473 
ARM GAS  C:\Users\Phuong\AppData\Local\Temp\ccbgYlrK.s 			page 39


 1559      5F647730 
 1560              	.LASF199:
 1561 0cf7 636C6965 		.ascii	"clientCount\000"
 1561      6E74436F 
 1561      756E7400 
 1562              	.LASF1:
 1563 0d03 756E7369 		.ascii	"unsigned char\000"
 1563      676E6564 
 1563      20636861 
 1563      7200
 1564              	.LASF84:
 1565 0d11 63707573 		.ascii	"cpuss_interrupts_dw0_11_IRQn\000"
 1565      735F696E 
 1565      74657272 
 1565      75707473 
 1565      5F647730 
 1566              	.LASF128:
 1567 0d2e 74637077 		.ascii	"tcpwm_1_interrupts_7_IRQn\000"
 1567      6D5F315F 
 1567      696E7465 
 1567      72727570 
 1567      74735F37 
 1568              	.LASF51:
 1569 0d48 63707573 		.ascii	"cpuss_interrupts_ipc_3_IRQn\000"
 1569      735F696E 
 1569      74657272 
 1569      75707473 
 1569      5F697063 
 1570              	.LASF212:
 1571 0d64 49544D5F 		.ascii	"ITM_RxBuffer\000"
 1571      52784275 
 1571      66666572 
 1571      00
 1572              	.LASF33:
 1573 0d71 696F7373 		.ascii	"ioss_interrupts_gpio_10_IRQn\000"
 1573      5F696E74 
 1573      65727275 
 1573      7074735F 
 1573      6770696F 
 1574              	.LASF153:
 1575 0d8e 7564625F 		.ascii	"udb_interrupts_8_IRQn\000"
 1575      696E7465 
 1575      72727570 
 1575      74735F38 
 1575      5F495251 
 1576              	.LASF170:
 1577 0da4 756E636F 		.ascii	"unconnected_IRQn\000"
 1577      6E6E6563 
 1577      7465645F 
 1577      4952516E 
 1577      00
 1578              	.LASF2:
 1579 0db5 73686F72 		.ascii	"short int\000"
 1579      7420696E 
 1579      7400
 1580              	.LASF111:
 1581 0dbf 63707573 		.ascii	"cpuss_interrupts_cm4_cti_0_IRQn\000"
ARM GAS  C:\Users\Phuong\AppData\Local\Temp\ccbgYlrK.s 			page 40


 1581      735F696E 
 1581      74657272 
 1581      75707473 
 1581      5F636D34 
 1582              	.LASF139:
 1583 0ddf 74637077 		.ascii	"tcpwm_1_interrupts_18_IRQn\000"
 1583      6D5F315F 
 1583      696E7465 
 1583      72727570 
 1583      74735F31 
 1584              	.LASF178:
 1585 0dfa 52455345 		.ascii	"RESERVED\000"
 1585      52564544 
 1585      00
 1586              	.LASF92:
 1587 0e03 63707573 		.ascii	"cpuss_interrupts_dw1_3_IRQn\000"
 1587      735F696E 
 1587      74657272 
 1587      75707473 
 1587      5F647731 
 1588              	.LASF120:
 1589 0e1f 74637077 		.ascii	"tcpwm_0_interrupts_7_IRQn\000"
 1589      6D5F305F 
 1589      696E7465 
 1589      72727570 
 1589      74735F37 
 1590              	.LASF100:
 1591 0e39 63707573 		.ascii	"cpuss_interrupts_dw1_11_IRQn\000"
 1591      735F696E 
 1591      74657272 
 1591      75707473 
 1591      5F647731 
 1592              	.LASF160:
 1593 0e56 7564625F 		.ascii	"udb_interrupts_15_IRQn\000"
 1593      696E7465 
 1593      72727570 
 1593      74735F31 
 1593      355F4952 
 1594              	.LASF197:
 1595 0e6d 69706349 		.ascii	"ipcIntrPtr\000"
 1595      6E747250 
 1595      747200
 1596              	.LASF142:
 1597 0e78 74637077 		.ascii	"tcpwm_1_interrupts_21_IRQn\000"
 1597      6D5F315F 
 1597      696E7465 
 1597      72727570 
 1597      74735F32 
 1598              	.LASF12:
 1599 0e93 75696E74 		.ascii	"uint32_t\000"
 1599      33325F74 
 1599      00
 1600              	.LASF123:
 1601 0e9c 74637077 		.ascii	"tcpwm_1_interrupts_2_IRQn\000"
 1601      6D5F315F 
 1601      696E7465 
 1601      72727570 
ARM GAS  C:\Users\Phuong\AppData\Local\Temp\ccbgYlrK.s 			page 41


 1601      74735F32 
 1602              	.LASF18:
 1603 0eb6 55736167 		.ascii	"UsageFault_IRQn\000"
 1603      65466175 
 1603      6C745F49 
 1603      52516E00 
 1604              	.LASF55:
 1605 0ec6 63707573 		.ascii	"cpuss_interrupts_ipc_7_IRQn\000"
 1605      735F696E 
 1605      74657272 
 1605      75707473 
 1605      5F697063 
 1606              	.LASF90:
 1607 0ee2 63707573 		.ascii	"cpuss_interrupts_dw1_1_IRQn\000"
 1607      735F696E 
 1607      74657272 
 1607      75707473 
 1607      5F647731 
 1608              	.LASF62:
 1609 0efe 63707573 		.ascii	"cpuss_interrupts_ipc_14_IRQn\000"
 1609      735F696E 
 1609      74657272 
 1609      75707473 
 1609      5F697063 
 1610              	.LASF163:
 1611 0f1b 61756469 		.ascii	"audioss_interrupt_pdm_IRQn\000"
 1611      6F73735F 
 1611      696E7465 
 1611      72727570 
 1611      745F7064 
 1612              	.LASF188:
 1613 0f36 6C6F6E67 		.ascii	"long double\000"
 1613      20646F75 
 1613      626C6500 
 1614              	.LASF185:
 1615 0f42 63686172 		.ascii	"char\000"
 1615      00
 1616              	.LASF85:
 1617 0f47 63707573 		.ascii	"cpuss_interrupts_dw0_12_IRQn\000"
 1617      735F696E 
 1617      74657272 
 1617      75707473 
 1617      5F647730 
 1618              	.LASF26:
 1619 0f64 696F7373 		.ascii	"ioss_interrupts_gpio_3_IRQn\000"
 1619      5F696E74 
 1619      65727275 
 1619      7074735F 
 1619      6770696F 
 1620              	.LASF161:
 1621 0f80 70617373 		.ascii	"pass_interrupt_sar_IRQn\000"
 1621      5F696E74 
 1621      65727275 
 1621      70745F73 
 1621      61725F49 
 1622              	.LASF171:
 1623 0f98 4952516E 		.ascii	"IRQn_Type\000"
ARM GAS  C:\Users\Phuong\AppData\Local\Temp\ccbgYlrK.s 			page 42


 1623      5F547970 
 1623      6500
 1624              	.LASF67:
 1625 0fa2 7363625F 		.ascii	"scb_3_interrupt_IRQn\000"
 1625      335F696E 
 1625      74657272 
 1625      7570745F 
 1625      4952516E 
 1626              	.LASF154:
 1627 0fb7 7564625F 		.ascii	"udb_interrupts_9_IRQn\000"
 1627      696E7465 
 1627      72727570 
 1627      74735F39 
 1627      5F495251 
 1628              	.LASF14:
 1629 0fcd 4E6F6E4D 		.ascii	"NonMaskableInt_IRQn\000"
 1629      61736B61 
 1629      626C6549 
 1629      6E745F49 
 1629      52516E00 
 1630              	.LASF5:
 1631 0fe1 5F5F696E 		.ascii	"__int32_t\000"
 1631      7433325F 
 1631      7400
 1632              	.LASF140:
 1633 0feb 74637077 		.ascii	"tcpwm_1_interrupts_19_IRQn\000"
 1633      6D5F315F 
 1633      696E7465 
 1633      72727570 
 1633      74735F31 
 1634              	.LASF70:
 1635 1006 7363625F 		.ascii	"scb_6_interrupt_IRQn\000"
 1635      365F696E 
 1635      74657272 
 1635      7570745F 
 1635      4952516E 
 1636              	.LASF205:
 1637 101b 43795F49 		.ascii	"Cy_IPC_SystemPipeInit\000"
 1637      50435F53 
 1637      79737465 
 1637      6D506970 
 1637      65496E69 
 1638              	.LASF24:
 1639 1031 696F7373 		.ascii	"ioss_interrupts_gpio_1_IRQn\000"
 1639      5F696E74 
 1639      65727275 
 1639      7074735F 
 1639      6770696F 
 1640              	.LASF15:
 1641 104d 48617264 		.ascii	"HardFault_IRQn\000"
 1641      4661756C 
 1641      745F4952 
 1641      516E00
 1642              	.LASF195:
 1643 105c 70697065 		.ascii	"pipeIntrSrc\000"
 1643      496E7472 
 1643      53726300 
ARM GAS  C:\Users\Phuong\AppData\Local\Temp\ccbgYlrK.s 			page 43


 1644              	.LASF78:
 1645 1068 63707573 		.ascii	"cpuss_interrupts_dw0_5_IRQn\000"
 1645      735F696E 
 1645      74657272 
 1645      75707473 
 1645      5F647730 
 1646              	.LASF20:
 1647 1084 44656275 		.ascii	"DebugMonitor_IRQn\000"
 1647      674D6F6E 
 1647      69746F72 
 1647      5F495251 
 1647      6E00
 1648              	.LASF72:
 1649 1096 6373645F 		.ascii	"csd_interrupt_IRQn\000"
 1649      696E7465 
 1649      72727570 
 1649      745F4952 
 1649      516E00
 1650              	.LASF48:
 1651 10a9 63707573 		.ascii	"cpuss_interrupts_ipc_0_IRQn\000"
 1651      735F696E 
 1651      74657272 
 1651      75707473 
 1651      5F697063 
 1652              	.LASF143:
 1653 10c5 74637077 		.ascii	"tcpwm_1_interrupts_22_IRQn\000"
 1653      6D5F315F 
 1653      696E7465 
 1653      72727570 
 1653      74735F32 
 1654              	.LASF124:
 1655 10e0 74637077 		.ascii	"tcpwm_1_interrupts_3_IRQn\000"
 1655      6D5F315F 
 1655      696E7465 
 1655      72727570 
 1655      74735F33 
 1656              	.LASF56:
 1657 10fa 63707573 		.ascii	"cpuss_interrupts_ipc_8_IRQn\000"
 1657      735F696E 
 1657      74657272 
 1657      75707473 
 1657      5F697063 
 1658              	.LASF91:
 1659 1116 63707573 		.ascii	"cpuss_interrupts_dw1_2_IRQn\000"
 1659      735F696E 
 1659      74657272 
 1659      75707473 
 1659      5F647731 
 1660              	.LASF63:
 1661 1132 63707573 		.ascii	"cpuss_interrupts_ipc_15_IRQn\000"
 1661      735F696E 
 1661      74657272 
 1661      75707473 
 1661      5F697063 
 1662              	.LASF149:
 1663 114f 7564625F 		.ascii	"udb_interrupts_4_IRQn\000"
 1663      696E7465 
ARM GAS  C:\Users\Phuong\AppData\Local\Temp\ccbgYlrK.s 			page 44


 1663      72727570 
 1663      74735F34 
 1663      5F495251 
 1664              	.LASF135:
 1665 1165 74637077 		.ascii	"tcpwm_1_interrupts_14_IRQn\000"
 1665      6D5F315F 
 1665      696E7465 
 1665      72727570 
 1665      74735F31 
 1666              	.LASF27:
 1667 1180 696F7373 		.ascii	"ioss_interrupts_gpio_4_IRQn\000"
 1667      5F696E74 
 1667      65727275 
 1667      7074735F 
 1667      6770696F 
 1668              	.LASF165:
 1669 119c 736D6966 		.ascii	"smif_interrupt_IRQn\000"
 1669      5F696E74 
 1669      65727275 
 1669      70745F49 
 1669      52516E00 
 1670              	.LASF35:
 1671 11b0 696F7373 		.ascii	"ioss_interrupts_gpio_12_IRQn\000"
 1671      5F696E74 
 1671      65727275 
 1671      7074735F 
 1671      6770696F 
 1672              	.LASF164:
 1673 11cd 70726F66 		.ascii	"profile_interrupt_IRQn\000"
 1673      696C655F 
 1673      696E7465 
 1673      72727570 
 1673      745F4952 
 1674              	.LASF121:
 1675 11e4 74637077 		.ascii	"tcpwm_1_interrupts_0_IRQn\000"
 1675      6D5F315F 
 1675      696E7465 
 1675      72727570 
 1675      74735F30 
 1676              	.LASF146:
 1677 11fe 7564625F 		.ascii	"udb_interrupts_1_IRQn\000"
 1677      696E7465 
 1677      72727570 
 1677      74735F31 
 1677      5F495251 
 1678              	.LASF101:
 1679 1214 63707573 		.ascii	"cpuss_interrupts_dw1_12_IRQn\000"
 1679      735F696E 
 1679      74657272 
 1679      75707473 
 1679      5F647731 
 1680              	.LASF73:
 1681 1231 63707573 		.ascii	"cpuss_interrupts_dw0_0_IRQn\000"
 1681      735F696E 
 1681      74657272 
 1681      75707473 
 1681      5F647730 
ARM GAS  C:\Users\Phuong\AppData\Local\Temp\ccbgYlrK.s 			page 45


 1682              	.LASF39:
 1683 124d 696F7373 		.ascii	"ioss_interrupt_vdd_IRQn\000"
 1683      5F696E74 
 1683      65727275 
 1683      70745F76 
 1683      64645F49 
 1684              	.LASF113:
 1685 1265 74637077 		.ascii	"tcpwm_0_interrupts_0_IRQn\000"
 1685      6D5F305F 
 1685      696E7465 
 1685      72727570 
 1685      74735F30 
 1686              	.LASF99:
 1687 127f 63707573 		.ascii	"cpuss_interrupts_dw1_10_IRQn\000"
 1687      735F696E 
 1687      74657272 
 1687      75707473 
 1687      5F647731 
 1688              	.LASF44:
 1689 129c 73727373 		.ascii	"srss_interrupt_backup_IRQn\000"
 1689      5F696E74 
 1689      65727275 
 1689      70745F62 
 1689      61636B75 
 1690              	.LASF179:
 1691 12b7 4950435F 		.ascii	"IPC_STRUCT_Type\000"
 1691      53545255 
 1691      43545F54 
 1691      79706500 
 1692              	.LASF58:
 1693 12c7 63707573 		.ascii	"cpuss_interrupts_ipc_10_IRQn\000"
 1693      735F696E 
 1693      74657272 
 1693      75707473 
 1693      5F697063 
 1694              	.LASF95:
 1695 12e4 63707573 		.ascii	"cpuss_interrupts_dw1_6_IRQn\000"
 1695      735F696E 
 1695      74657272 
 1695      75707473 
 1695      5F647731 
 1696              	.LASF80:
 1697 1300 63707573 		.ascii	"cpuss_interrupts_dw0_7_IRQn\000"
 1697      735F696E 
 1697      74657272 
 1697      75707473 
 1697      5F647730 
 1698              	.LASF204:
 1699 131c 43795F49 		.ascii	"Cy_IPC_SystemSemaInit\000"
 1699      50435F53 
 1699      79737465 
 1699      6D53656D 
 1699      61496E69 
 1700              	.LASF202:
 1701 1332 64656661 		.ascii	"defaultReleaseCallbackPtr\000"
 1701      756C7452 
 1701      656C6561 
ARM GAS  C:\Users\Phuong\AppData\Local\Temp\ccbgYlrK.s 			page 46


 1701      73654361 
 1701      6C6C6261 
 1702              	.LASF125:
 1703 134c 74637077 		.ascii	"tcpwm_1_interrupts_4_IRQn\000"
 1703      6D5F315F 
 1703      696E7465 
 1703      72727570 
 1703      74735F34 
 1704              	.LASF109:
 1705 1366 63707573 		.ascii	"cpuss_interrupts_cm0_cti_0_IRQn\000"
 1705      735F696E 
 1705      74657272 
 1705      75707473 
 1705      5F636D30 
 1706              	.LASF31:
 1707 1386 696F7373 		.ascii	"ioss_interrupts_gpio_8_IRQn\000"
 1707      5F696E74 
 1707      65727275 
 1707      7074735F 
 1707      6770696F 
 1708              	.LASF57:
 1709 13a2 63707573 		.ascii	"cpuss_interrupts_ipc_9_IRQn\000"
 1709      735F696E 
 1709      74657272 
 1709      75707473 
 1709      5F697063 
 1710              	.LASF150:
 1711 13be 7564625F 		.ascii	"udb_interrupts_5_IRQn\000"
 1711      696E7465 
 1711      72727570 
 1711      74735F35 
 1711      5F495251 
 1712              	.LASF61:
 1713 13d4 63707573 		.ascii	"cpuss_interrupts_ipc_13_IRQn\000"
 1713      735F696E 
 1713      74657272 
 1713      75707473 
 1713      5F697063 
 1714              		.ident	"GCC: (GNU Tools for ARM Embedded Processors) 5.4.1 20160609 (release) [ARM/embedded-5-bran
