ARM GAS  C:\Users\Phuong\AppData\Local\Temp\ccDE0btn.s 			page 1


   1              		.syntax unified
   2              		.cpu cortex-m4
   3              		.eabi_attribute 27, 1
   4              		.fpu fpv4-sp-d16
   5              		.eabi_attribute 20, 1
   6              		.eabi_attribute 21, 1
   7              		.eabi_attribute 23, 3
   8              		.eabi_attribute 24, 1
   9              		.eabi_attribute 25, 1
  10              		.eabi_attribute 26, 1
  11              		.eabi_attribute 30, 1
  12              		.eabi_attribute 34, 1
  13              		.eabi_attribute 18, 4
  14              		.thumb
  15              		.syntax unified
  16              		.file	"main_cm4.c"
  17              		.text
  18              	.Ltext0:
  19              		.cfi_sections	.debug_frame
  20              		.section	.text.main,"ax",%progbits
  21              		.align	2
  22              		.global	main
  23              		.thumb
  24              		.thumb_func
  25              		.type	main, %function
  26              	main:
  27              	.LFB539:
  28              		.file 1 "main_cm4.c"
   1:main_cm4.c    **** /* ========================================
   2:main_cm4.c    ****  *
   3:main_cm4.c    ****  * Copyright YOUR COMPANY, THE YEAR
   4:main_cm4.c    ****  * All Rights Reserved
   5:main_cm4.c    ****  * UNPUBLISHED, LICENSED SOFTWARE.
   6:main_cm4.c    ****  *
   7:main_cm4.c    ****  * CONFIDENTIAL AND PROPRIETARY INFORMATION
   8:main_cm4.c    ****  * WHICH IS THE PROPERTY OF your company.
   9:main_cm4.c    ****  *
  10:main_cm4.c    ****  * ========================================
  11:main_cm4.c    **** */
  12:main_cm4.c    **** #include "project.h"
  13:main_cm4.c    **** 
  14:main_cm4.c    **** int main(void)
  15:main_cm4.c    **** {
  29              		.loc 1 15 0
  30              		.cfi_startproc
  31              		@ Volatile: function does not return.
  32              		@ args = 0, pretend = 0, frame = 0
  33              		@ frame_needed = 0, uses_anonymous_args = 0
  34              		@ link register save eliminated.
  35              	.LBB4:
  36              	.LBB5:
  37              		.file 2 "Generated_Source\\PSoC6\\pdl\\cmsis/include/cmsis_gcc.h"
   1:Generated_Source\PSoC6\pdl\cmsis/include/cmsis_gcc.h **** /**************************************************************************//**
   2:Generated_Source\PSoC6\pdl\cmsis/include/cmsis_gcc.h ****  * @file     cmsis_gcc.h
   3:Generated_Source\PSoC6\pdl\cmsis/include/cmsis_gcc.h ****  * @brief    CMSIS compiler GCC header file
   4:Generated_Source\PSoC6\pdl\cmsis/include/cmsis_gcc.h ****  * @version  V5.0.1
   5:Generated_Source\PSoC6\pdl\cmsis/include/cmsis_gcc.h ****  * @date     02. February 2017
ARM GAS  C:\Users\Phuong\AppData\Local\Temp\ccDE0btn.s 			page 2


   6:Generated_Source\PSoC6\pdl\cmsis/include/cmsis_gcc.h ****  ******************************************************************************/
   7:Generated_Source\PSoC6\pdl\cmsis/include/cmsis_gcc.h **** /*
   8:Generated_Source\PSoC6\pdl\cmsis/include/cmsis_gcc.h ****  * Copyright (c) 2009-2017 ARM Limited. All rights reserved.
   9:Generated_Source\PSoC6\pdl\cmsis/include/cmsis_gcc.h ****  *
  10:Generated_Source\PSoC6\pdl\cmsis/include/cmsis_gcc.h ****  * SPDX-License-Identifier: Apache-2.0
  11:Generated_Source\PSoC6\pdl\cmsis/include/cmsis_gcc.h ****  *
  12:Generated_Source\PSoC6\pdl\cmsis/include/cmsis_gcc.h ****  * Licensed under the Apache License, Version 2.0 (the License); you may
  13:Generated_Source\PSoC6\pdl\cmsis/include/cmsis_gcc.h ****  * not use this file except in compliance with the License.
  14:Generated_Source\PSoC6\pdl\cmsis/include/cmsis_gcc.h ****  * You may obtain a copy of the License at
  15:Generated_Source\PSoC6\pdl\cmsis/include/cmsis_gcc.h ****  *
  16:Generated_Source\PSoC6\pdl\cmsis/include/cmsis_gcc.h ****  * www.apache.org/licenses/LICENSE-2.0
  17:Generated_Source\PSoC6\pdl\cmsis/include/cmsis_gcc.h ****  *
  18:Generated_Source\PSoC6\pdl\cmsis/include/cmsis_gcc.h ****  * Unless required by applicable law or agreed to in writing, software
  19:Generated_Source\PSoC6\pdl\cmsis/include/cmsis_gcc.h ****  * distributed under the License is distributed on an AS IS BASIS, WITHOUT
  20:Generated_Source\PSoC6\pdl\cmsis/include/cmsis_gcc.h ****  * WARRANTIES OR CONDITIONS OF ANY KIND, either express or implied.
  21:Generated_Source\PSoC6\pdl\cmsis/include/cmsis_gcc.h ****  * See the License for the specific language governing permissions and
  22:Generated_Source\PSoC6\pdl\cmsis/include/cmsis_gcc.h ****  * limitations under the License.
  23:Generated_Source\PSoC6\pdl\cmsis/include/cmsis_gcc.h ****  */
  24:Generated_Source\PSoC6\pdl\cmsis/include/cmsis_gcc.h **** 
  25:Generated_Source\PSoC6\pdl\cmsis/include/cmsis_gcc.h **** #ifndef __CMSIS_GCC_H
  26:Generated_Source\PSoC6\pdl\cmsis/include/cmsis_gcc.h **** #define __CMSIS_GCC_H
  27:Generated_Source\PSoC6\pdl\cmsis/include/cmsis_gcc.h **** 
  28:Generated_Source\PSoC6\pdl\cmsis/include/cmsis_gcc.h **** /* ignore some GCC warnings */
  29:Generated_Source\PSoC6\pdl\cmsis/include/cmsis_gcc.h **** #pragma GCC diagnostic push
  30:Generated_Source\PSoC6\pdl\cmsis/include/cmsis_gcc.h **** #pragma GCC diagnostic ignored "-Wsign-conversion"
  31:Generated_Source\PSoC6\pdl\cmsis/include/cmsis_gcc.h **** #pragma GCC diagnostic ignored "-Wconversion"
  32:Generated_Source\PSoC6\pdl\cmsis/include/cmsis_gcc.h **** #pragma GCC diagnostic ignored "-Wunused-parameter"
  33:Generated_Source\PSoC6\pdl\cmsis/include/cmsis_gcc.h **** 
  34:Generated_Source\PSoC6\pdl\cmsis/include/cmsis_gcc.h **** /* CMSIS compiler specific defines */
  35:Generated_Source\PSoC6\pdl\cmsis/include/cmsis_gcc.h **** #ifndef   __ASM
  36:Generated_Source\PSoC6\pdl\cmsis/include/cmsis_gcc.h ****   #define __ASM                     __asm
  37:Generated_Source\PSoC6\pdl\cmsis/include/cmsis_gcc.h **** #endif
  38:Generated_Source\PSoC6\pdl\cmsis/include/cmsis_gcc.h **** #ifndef   __INLINE
  39:Generated_Source\PSoC6\pdl\cmsis/include/cmsis_gcc.h ****   #define __INLINE                  inline
  40:Generated_Source\PSoC6\pdl\cmsis/include/cmsis_gcc.h **** #endif
  41:Generated_Source\PSoC6\pdl\cmsis/include/cmsis_gcc.h **** #ifndef   __STATIC_INLINE
  42:Generated_Source\PSoC6\pdl\cmsis/include/cmsis_gcc.h ****   #define __STATIC_INLINE           static inline
  43:Generated_Source\PSoC6\pdl\cmsis/include/cmsis_gcc.h **** #endif
  44:Generated_Source\PSoC6\pdl\cmsis/include/cmsis_gcc.h **** #ifndef   __NO_RETURN
  45:Generated_Source\PSoC6\pdl\cmsis/include/cmsis_gcc.h ****   #define __NO_RETURN               __attribute__((noreturn))
  46:Generated_Source\PSoC6\pdl\cmsis/include/cmsis_gcc.h **** #endif
  47:Generated_Source\PSoC6\pdl\cmsis/include/cmsis_gcc.h **** #ifndef   __USED
  48:Generated_Source\PSoC6\pdl\cmsis/include/cmsis_gcc.h ****   #define __USED                    __attribute__((used))
  49:Generated_Source\PSoC6\pdl\cmsis/include/cmsis_gcc.h **** #endif
  50:Generated_Source\PSoC6\pdl\cmsis/include/cmsis_gcc.h **** #ifndef   __WEAK
  51:Generated_Source\PSoC6\pdl\cmsis/include/cmsis_gcc.h ****   #define __WEAK                    __attribute__((weak))
  52:Generated_Source\PSoC6\pdl\cmsis/include/cmsis_gcc.h **** #endif
  53:Generated_Source\PSoC6\pdl\cmsis/include/cmsis_gcc.h **** #ifndef   __UNALIGNED_UINT32
  54:Generated_Source\PSoC6\pdl\cmsis/include/cmsis_gcc.h **** #pragma GCC diagnostic push
  55:Generated_Source\PSoC6\pdl\cmsis/include/cmsis_gcc.h **** #pragma GCC diagnostic ignored "-Wpacked"
  56:Generated_Source\PSoC6\pdl\cmsis/include/cmsis_gcc.h **** #pragma GCC diagnostic ignored "-Wattributes"
  57:Generated_Source\PSoC6\pdl\cmsis/include/cmsis_gcc.h ****   struct __attribute__((packed)) T_UINT32 { uint32_t v; };
  58:Generated_Source\PSoC6\pdl\cmsis/include/cmsis_gcc.h **** #pragma GCC diagnostic pop
  59:Generated_Source\PSoC6\pdl\cmsis/include/cmsis_gcc.h ****   #define __UNALIGNED_UINT32(x)     (((struct T_UINT32 *)(x))->v)
  60:Generated_Source\PSoC6\pdl\cmsis/include/cmsis_gcc.h **** #endif
  61:Generated_Source\PSoC6\pdl\cmsis/include/cmsis_gcc.h **** #ifndef   __ALIGNED
  62:Generated_Source\PSoC6\pdl\cmsis/include/cmsis_gcc.h ****   #define __ALIGNED(x)              __attribute__((aligned(x)))
ARM GAS  C:\Users\Phuong\AppData\Local\Temp\ccDE0btn.s 			page 3


  63:Generated_Source\PSoC6\pdl\cmsis/include/cmsis_gcc.h **** #endif
  64:Generated_Source\PSoC6\pdl\cmsis/include/cmsis_gcc.h **** #ifndef   __PACKED
  65:Generated_Source\PSoC6\pdl\cmsis/include/cmsis_gcc.h ****   #define __PACKED                  __attribute__((packed, aligned(1)))
  66:Generated_Source\PSoC6\pdl\cmsis/include/cmsis_gcc.h **** #endif
  67:Generated_Source\PSoC6\pdl\cmsis/include/cmsis_gcc.h **** #ifndef   __PACKED_STRUCT
  68:Generated_Source\PSoC6\pdl\cmsis/include/cmsis_gcc.h ****   #define __PACKED_STRUCT           struct __attribute__((packed, aligned(1)))
  69:Generated_Source\PSoC6\pdl\cmsis/include/cmsis_gcc.h **** #endif
  70:Generated_Source\PSoC6\pdl\cmsis/include/cmsis_gcc.h **** 
  71:Generated_Source\PSoC6\pdl\cmsis/include/cmsis_gcc.h **** 
  72:Generated_Source\PSoC6\pdl\cmsis/include/cmsis_gcc.h **** /* ###########################  Core Function Access  ########################### */
  73:Generated_Source\PSoC6\pdl\cmsis/include/cmsis_gcc.h **** /** \ingroup  CMSIS_Core_FunctionInterface
  74:Generated_Source\PSoC6\pdl\cmsis/include/cmsis_gcc.h ****     \defgroup CMSIS_Core_RegAccFunctions CMSIS Core Register Access Functions
  75:Generated_Source\PSoC6\pdl\cmsis/include/cmsis_gcc.h ****   @{
  76:Generated_Source\PSoC6\pdl\cmsis/include/cmsis_gcc.h ****  */
  77:Generated_Source\PSoC6\pdl\cmsis/include/cmsis_gcc.h **** 
  78:Generated_Source\PSoC6\pdl\cmsis/include/cmsis_gcc.h **** /**
  79:Generated_Source\PSoC6\pdl\cmsis/include/cmsis_gcc.h ****   \brief   Enable IRQ Interrupts
  80:Generated_Source\PSoC6\pdl\cmsis/include/cmsis_gcc.h ****   \details Enables IRQ interrupts by clearing the I-bit in the CPSR.
  81:Generated_Source\PSoC6\pdl\cmsis/include/cmsis_gcc.h ****            Can only be executed in Privileged modes.
  82:Generated_Source\PSoC6\pdl\cmsis/include/cmsis_gcc.h ****  */
  83:Generated_Source\PSoC6\pdl\cmsis/include/cmsis_gcc.h **** __attribute__((always_inline)) __STATIC_INLINE void __enable_irq(void)
  84:Generated_Source\PSoC6\pdl\cmsis/include/cmsis_gcc.h **** {
  85:Generated_Source\PSoC6\pdl\cmsis/include/cmsis_gcc.h ****   __ASM volatile ("cpsie i" : : : "memory");
  38              		.loc 2 85 0
  39              		.syntax unified
  40              	@ 85 "Generated_Source\PSoC6\pdl\cmsis/include/cmsis_gcc.h" 1
  41 0000 62B6     		cpsie i
  42              	@ 0 "" 2
  43              		.thumb
  44              		.syntax unified
  45              	.L2:
  46 0002 FEE7     		b	.L2
  47              	.LBE5:
  48              	.LBE4:
  49              		.cfi_endproc
  50              	.LFE539:
  51              		.size	main, .-main
  52              		.text
  53              	.Letext0:
  54              		.file 3 "c:\\program files (x86)\\cypress\\psoc creator\\4.2\\psoc creator\\import\\gnu\\arm\\5.4.
  55              		.file 4 "c:\\program files (x86)\\cypress\\psoc creator\\4.2\\psoc creator\\import\\gnu\\arm\\5.4.
  56              		.file 5 "Generated_Source\\PSoC6\\pdl\\drivers/peripheral/scb/cy_scb_i2c.h"
  57              		.file 6 "Generated_Source\\PSoC6\\pdl\\drivers/peripheral/scb/cy_scb_uart.h"
  58              		.file 7 "Generated_Source\\PSoC6\\pdl\\cmsis/include/core_cm4.h"
  59              		.file 8 "Generated_Source\\PSoC6/UART_1.h"
  60              		.file 9 "Generated_Source\\PSoC6/I2C.h"
  61              		.file 10 "Generated_Source\\PSoC6/UART_2.h"
  62              		.section	.debug_info,"",%progbits
  63              	.Ldebug_info0:
  64 0000 B4030000 		.4byte	0x3b4
  65 0004 0400     		.2byte	0x4
  66 0006 00000000 		.4byte	.Ldebug_abbrev0
  67 000a 04       		.byte	0x4
  68 000b 01       		.uleb128 0x1
  69 000c C4000000 		.4byte	.LASF69
  70 0010 0C       		.byte	0xc
  71 0011 99010000 		.4byte	.LASF70
ARM GAS  C:\Users\Phuong\AppData\Local\Temp\ccDE0btn.s 			page 4


  72 0015 9E020000 		.4byte	.LASF71
  73 0019 00000000 		.4byte	.Ldebug_ranges0+0
  74 001d 00000000 		.4byte	0
  75 0021 00000000 		.4byte	.Ldebug_line0
  76 0025 02       		.uleb128 0x2
  77 0026 02       		.byte	0x2
  78 0027 05       		.byte	0x5
  79 0028 7B000000 		.4byte	.LASF0
  80 002c 02       		.uleb128 0x2
  81 002d 01       		.byte	0x1
  82 002e 06       		.byte	0x6
  83 002f 43030000 		.4byte	.LASF1
  84 0033 03       		.uleb128 0x3
  85 0034 1E020000 		.4byte	.LASF4
  86 0038 03       		.byte	0x3
  87 0039 1D       		.byte	0x1d
  88 003a 3E000000 		.4byte	0x3e
  89 003e 02       		.uleb128 0x2
  90 003f 01       		.byte	0x1
  91 0040 08       		.byte	0x8
  92 0041 86020000 		.4byte	.LASF2
  93 0045 02       		.uleb128 0x2
  94 0046 02       		.byte	0x2
  95 0047 07       		.byte	0x7
  96 0048 EE030000 		.4byte	.LASF3
  97 004c 03       		.uleb128 0x3
  98 004d 40040000 		.4byte	.LASF5
  99 0051 03       		.byte	0x3
 100 0052 3F       		.byte	0x3f
 101 0053 57000000 		.4byte	0x57
 102 0057 02       		.uleb128 0x2
 103 0058 04       		.byte	0x4
 104 0059 05       		.byte	0x5
 105 005a D7040000 		.4byte	.LASF6
 106 005e 03       		.uleb128 0x3
 107 005f 7C010000 		.4byte	.LASF7
 108 0063 03       		.byte	0x3
 109 0064 41       		.byte	0x41
 110 0065 69000000 		.4byte	0x69
 111 0069 02       		.uleb128 0x2
 112 006a 04       		.byte	0x4
 113 006b 07       		.byte	0x7
 114 006c C3030000 		.4byte	.LASF8
 115 0070 02       		.uleb128 0x2
 116 0071 08       		.byte	0x8
 117 0072 05       		.byte	0x5
 118 0073 DF010000 		.4byte	.LASF9
 119 0077 02       		.uleb128 0x2
 120 0078 08       		.byte	0x8
 121 0079 07       		.byte	0x7
 122 007a 60030000 		.4byte	.LASF10
 123 007e 04       		.uleb128 0x4
 124 007f 04       		.byte	0x4
 125 0080 05       		.byte	0x5
 126 0081 696E7400 		.ascii	"int\000"
 127 0085 02       		.uleb128 0x2
 128 0086 04       		.byte	0x4
ARM GAS  C:\Users\Phuong\AppData\Local\Temp\ccDE0btn.s 			page 5


 129 0087 07       		.byte	0x7
 130 0088 9E030000 		.4byte	.LASF11
 131 008c 03       		.uleb128 0x3
 132 008d A4010000 		.4byte	.LASF12
 133 0091 04       		.byte	0x4
 134 0092 18       		.byte	0x18
 135 0093 33000000 		.4byte	0x33
 136 0097 03       		.uleb128 0x3
 137 0098 38040000 		.4byte	.LASF13
 138 009c 04       		.byte	0x4
 139 009d 2C       		.byte	0x2c
 140 009e 4C000000 		.4byte	0x4c
 141 00a2 03       		.uleb128 0x3
 142 00a3 77030000 		.4byte	.LASF14
 143 00a7 04       		.byte	0x4
 144 00a8 30       		.byte	0x30
 145 00a9 5E000000 		.4byte	0x5e
 146 00ad 02       		.uleb128 0x2
 147 00ae 04       		.byte	0x4
 148 00af 07       		.byte	0x7
 149 00b0 85000000 		.4byte	.LASF15
 150 00b4 05       		.uleb128 0x5
 151 00b5 A2000000 		.4byte	0xa2
 152 00b9 02       		.uleb128 0x2
 153 00ba 08       		.byte	0x8
 154 00bb 04       		.byte	0x4
 155 00bc 71020000 		.4byte	.LASF16
 156 00c0 02       		.uleb128 0x2
 157 00c1 01       		.byte	0x1
 158 00c2 08       		.byte	0x8
 159 00c3 ED010000 		.4byte	.LASF17
 160 00c7 02       		.uleb128 0x2
 161 00c8 04       		.byte	0x4
 162 00c9 04       		.byte	0x4
 163 00ca C9010000 		.4byte	.LASF18
 164 00ce 02       		.uleb128 0x2
 165 00cf 08       		.byte	0x8
 166 00d0 04       		.byte	0x4
 167 00d1 6C040000 		.4byte	.LASF19
 168 00d5 06       		.uleb128 0x6
 169 00d6 04       		.byte	0x4
 170 00d7 02       		.uleb128 0x2
 171 00d8 01       		.byte	0x1
 172 00d9 02       		.byte	0x2
 173 00da 57040000 		.4byte	.LASF20
 174 00de 07       		.uleb128 0x7
 175 00df 01       		.byte	0x1
 176 00e0 3E000000 		.4byte	0x3e
 177 00e4 05       		.byte	0x5
 178 00e5 DE01     		.2byte	0x1de
 179 00e7 F8000000 		.4byte	0xf8
 180 00eb 08       		.uleb128 0x8
 181 00ec 7F040000 		.4byte	.LASF21
 182 00f0 00       		.byte	0
 183 00f1 08       		.uleb128 0x8
 184 00f2 5D040000 		.4byte	.LASF22
 185 00f6 01       		.byte	0x1
ARM GAS  C:\Users\Phuong\AppData\Local\Temp\ccDE0btn.s 			page 6


 186 00f7 00       		.byte	0
 187 00f8 09       		.uleb128 0x9
 188 00f9 AB030000 		.4byte	.LASF23
 189 00fd 05       		.byte	0x5
 190 00fe E101     		.2byte	0x1e1
 191 0100 DE000000 		.4byte	0xde
 192 0104 09       		.uleb128 0x9
 193 0105 80030000 		.4byte	.LASF24
 194 0109 05       		.byte	0x5
 195 010a F301     		.2byte	0x1f3
 196 010c 10010000 		.4byte	0x110
 197 0110 0A       		.uleb128 0xa
 198 0111 04       		.byte	0x4
 199 0112 16010000 		.4byte	0x116
 200 0116 0B       		.uleb128 0xb
 201 0117 21010000 		.4byte	0x121
 202 011b 0C       		.uleb128 0xc
 203 011c A2000000 		.4byte	0xa2
 204 0120 00       		.byte	0
 205 0121 09       		.uleb128 0x9
 206 0122 13040000 		.4byte	.LASF25
 207 0126 05       		.byte	0x5
 208 0127 FE01     		.2byte	0x1fe
 209 0129 2D010000 		.4byte	0x12d
 210 012d 0A       		.uleb128 0xa
 211 012e 04       		.byte	0x4
 212 012f 33010000 		.4byte	0x133
 213 0133 0D       		.uleb128 0xd
 214 0134 F8000000 		.4byte	0xf8
 215 0138 42010000 		.4byte	0x142
 216 013c 0C       		.uleb128 0xc
 217 013d A2000000 		.4byte	0xa2
 218 0141 00       		.byte	0
 219 0142 0E       		.uleb128 0xe
 220 0143 04050000 		.4byte	.LASF49
 221 0147 4C       		.byte	0x4c
 222 0148 05       		.byte	0x5
 223 0149 6502     		.2byte	0x265
 224 014b 61020000 		.4byte	0x261
 225 014f 0F       		.uleb128 0xf
 226 0150 9F040000 		.4byte	.LASF26
 227 0154 05       		.byte	0x5
 228 0155 6802     		.2byte	0x268
 229 0157 D7000000 		.4byte	0xd7
 230 015b 00       		.byte	0
 231 015c 0F       		.uleb128 0xf
 232 015d CF010000 		.4byte	.LASF27
 233 0161 05       		.byte	0x5
 234 0162 6902     		.2byte	0x269
 235 0164 D7000000 		.4byte	0xd7
 236 0168 01       		.byte	0x1
 237 0169 0F       		.uleb128 0xf
 238 016a 56000000 		.4byte	.LASF28
 239 016e 05       		.byte	0x5
 240 016f 6B02     		.2byte	0x26b
 241 0171 B4000000 		.4byte	0xb4
 242 0175 04       		.byte	0x4
ARM GAS  C:\Users\Phuong\AppData\Local\Temp\ccDE0btn.s 			page 7


 243 0176 0F       		.uleb128 0xf
 244 0177 8E000000 		.4byte	.LASF29
 245 017b 05       		.byte	0x5
 246 017c 6D02     		.2byte	0x26d
 247 017e B4000000 		.4byte	0xb4
 248 0182 08       		.byte	0x8
 249 0183 0F       		.uleb128 0xf
 250 0184 B1040000 		.4byte	.LASF30
 251 0188 05       		.byte	0x5
 252 0189 6E02     		.2byte	0x26e
 253 018b D7000000 		.4byte	0xd7
 254 018f 0C       		.byte	0xc
 255 0190 0F       		.uleb128 0xf
 256 0191 12020000 		.4byte	.LASF31
 257 0195 05       		.byte	0x5
 258 0196 6F02     		.2byte	0x26f
 259 0198 D7000000 		.4byte	0xd7
 260 019c 0D       		.byte	0xd
 261 019d 0F       		.uleb128 0xf
 262 019e 4A040000 		.4byte	.LASF32
 263 01a2 05       		.byte	0x5
 264 01a3 7102     		.2byte	0x271
 265 01a5 61020000 		.4byte	0x261
 266 01a9 10       		.byte	0x10
 267 01aa 0F       		.uleb128 0xf
 268 01ab 4F030000 		.4byte	.LASF33
 269 01af 05       		.byte	0x5
 270 01b0 7202     		.2byte	0x272
 271 01b2 A2000000 		.4byte	0xa2
 272 01b6 14       		.byte	0x14
 273 01b7 0F       		.uleb128 0xf
 274 01b8 20000000 		.4byte	.LASF34
 275 01bc 05       		.byte	0x5
 276 01bd 7302     		.2byte	0x273
 277 01bf B4000000 		.4byte	0xb4
 278 01c3 18       		.byte	0x18
 279 01c4 0F       		.uleb128 0xf
 280 01c5 11000000 		.4byte	.LASF35
 281 01c9 05       		.byte	0x5
 282 01ca 7402     		.2byte	0x274
 283 01cc B4000000 		.4byte	0xb4
 284 01d0 1C       		.byte	0x1c
 285 01d1 0F       		.uleb128 0xf
 286 01d2 73040000 		.4byte	.LASF36
 287 01d6 05       		.byte	0x5
 288 01d7 7602     		.2byte	0x276
 289 01d9 B4000000 		.4byte	0xb4
 290 01dd 20       		.byte	0x20
 291 01de 0F       		.uleb128 0xf
 292 01df F4040000 		.4byte	.LASF37
 293 01e3 05       		.byte	0x5
 294 01e4 7702     		.2byte	0x277
 295 01e6 67020000 		.4byte	0x267
 296 01ea 24       		.byte	0x24
 297 01eb 0F       		.uleb128 0xf
 298 01ec 1B050000 		.4byte	.LASF38
 299 01f0 05       		.byte	0x5
ARM GAS  C:\Users\Phuong\AppData\Local\Temp\ccDE0btn.s 			page 8


 300 01f1 7902     		.2byte	0x279
 301 01f3 61020000 		.4byte	0x261
 302 01f7 28       		.byte	0x28
 303 01f8 0F       		.uleb128 0xf
 304 01f9 46020000 		.4byte	.LASF39
 305 01fd 05       		.byte	0x5
 306 01fe 7A02     		.2byte	0x27a
 307 0200 A2000000 		.4byte	0xa2
 308 0204 2C       		.byte	0x2c
 309 0205 0F       		.uleb128 0xf
 310 0206 8E040000 		.4byte	.LASF40
 311 020a 05       		.byte	0x5
 312 020b 7B02     		.2byte	0x27b
 313 020d B4000000 		.4byte	0xb4
 314 0211 30       		.byte	0x30
 315 0212 0F       		.uleb128 0xf
 316 0213 B3000000 		.4byte	.LASF41
 317 0217 05       		.byte	0x5
 318 0218 7C02     		.2byte	0x27c
 319 021a B4000000 		.4byte	0xb4
 320 021e 34       		.byte	0x34
 321 021f 0F       		.uleb128 0xf
 322 0220 3E000000 		.4byte	.LASF42
 323 0224 05       		.byte	0x5
 324 0225 7E02     		.2byte	0x27e
 325 0227 61020000 		.4byte	0x261
 326 022b 38       		.byte	0x38
 327 022c 0F       		.uleb128 0xf
 328 022d F2010000 		.4byte	.LASF43
 329 0231 05       		.byte	0x5
 330 0232 7F02     		.2byte	0x27f
 331 0234 A2000000 		.4byte	0xa2
 332 0238 3C       		.byte	0x3c
 333 0239 0F       		.uleb128 0xf
 334 023a 35020000 		.4byte	.LASF44
 335 023e 05       		.byte	0x5
 336 023f 8002     		.2byte	0x280
 337 0241 B4000000 		.4byte	0xb4
 338 0245 40       		.byte	0x40
 339 0246 0F       		.uleb128 0xf
 340 0247 2F040000 		.4byte	.LASF45
 341 024b 05       		.byte	0x5
 342 024c 8602     		.2byte	0x286
 343 024e 04010000 		.4byte	0x104
 344 0252 44       		.byte	0x44
 345 0253 0F       		.uleb128 0xf
 346 0254 ED040000 		.4byte	.LASF46
 347 0258 05       		.byte	0x5
 348 0259 8D02     		.2byte	0x28d
 349 025b 21010000 		.4byte	0x121
 350 025f 48       		.byte	0x48
 351 0260 00       		.byte	0
 352 0261 0A       		.uleb128 0xa
 353 0262 04       		.byte	0x4
 354 0263 8C000000 		.4byte	0x8c
 355 0267 05       		.uleb128 0x5
 356 0268 D7000000 		.4byte	0xd7
ARM GAS  C:\Users\Phuong\AppData\Local\Temp\ccDE0btn.s 			page 9


 357 026c 09       		.uleb128 0x9
 358 026d 58020000 		.4byte	.LASF47
 359 0271 05       		.byte	0x5
 360 0272 9002     		.2byte	0x290
 361 0274 42010000 		.4byte	0x142
 362 0278 09       		.uleb128 0x9
 363 0279 5C000000 		.4byte	.LASF48
 364 027d 06       		.byte	0x6
 365 027e AB01     		.2byte	0x1ab
 366 0280 10010000 		.4byte	0x110
 367 0284 0E       		.uleb128 0xe
 368 0285 9B000000 		.4byte	.LASF50
 369 0289 38       		.byte	0x38
 370 028a 06       		.byte	0x6
 371 028b 4702     		.2byte	0x247
 372 028d 48030000 		.4byte	0x348
 373 0291 0F       		.uleb128 0xf
 374 0292 87010000 		.4byte	.LASF51
 375 0296 06       		.byte	0x6
 376 0297 4A02     		.2byte	0x24a
 377 0299 B4000000 		.4byte	0xb4
 378 029d 00       		.byte	0
 379 029e 0F       		.uleb128 0xf
 380 029f 7D020000 		.4byte	.LASF52
 381 02a3 06       		.byte	0x6
 382 02a4 4B02     		.2byte	0x24b
 383 02a6 B4000000 		.4byte	0xb4
 384 02aa 04       		.byte	0x4
 385 02ab 0F       		.uleb128 0xf
 386 02ac 94020000 		.4byte	.LASF53
 387 02b0 06       		.byte	0x6
 388 02b1 4D02     		.2byte	0x24d
 389 02b3 D5000000 		.4byte	0xd5
 390 02b7 08       		.byte	0x8
 391 02b8 0F       		.uleb128 0xf
 392 02b9 04020000 		.4byte	.LASF54
 393 02bd 06       		.byte	0x6
 394 02be 4E02     		.2byte	0x24e
 395 02c0 A2000000 		.4byte	0xa2
 396 02c4 0C       		.byte	0xc
 397 02c5 0F       		.uleb128 0xf
 398 02c6 BB010000 		.4byte	.LASF55
 399 02ca 06       		.byte	0x6
 400 02cb 4F02     		.2byte	0x24f
 401 02cd B4000000 		.4byte	0xb4
 402 02d1 10       		.byte	0x10
 403 02d2 0F       		.uleb128 0xf
 404 02d3 30000000 		.4byte	.LASF56
 405 02d7 06       		.byte	0x6
 406 02d8 5002     		.2byte	0x250
 407 02da B4000000 		.4byte	0xb4
 408 02de 14       		.byte	0x14
 409 02df 0F       		.uleb128 0xf
 410 02e0 01040000 		.4byte	.LASF57
 411 02e4 06       		.byte	0x6
 412 02e5 5202     		.2byte	0x252
 413 02e7 D5000000 		.4byte	0xd5
ARM GAS  C:\Users\Phuong\AppData\Local\Temp\ccDE0btn.s 			page 10


 414 02eb 18       		.byte	0x18
 415 02ec 0F       		.uleb128 0xf
 416 02ed 4C000000 		.4byte	.LASF58
 417 02f1 06       		.byte	0x6
 418 02f2 5302     		.2byte	0x253
 419 02f4 A2000000 		.4byte	0xa2
 420 02f8 1C       		.byte	0x1c
 421 02f9 0F       		.uleb128 0xf
 422 02fa 90010000 		.4byte	.LASF59
 423 02fe 06       		.byte	0x6
 424 02ff 5402     		.2byte	0x254
 425 0301 B4000000 		.4byte	0xb4
 426 0305 20       		.byte	0x20
 427 0306 0F       		.uleb128 0xf
 428 0307 D9010000 		.4byte	.LASF60
 429 030b 06       		.byte	0x6
 430 030c 5602     		.2byte	0x256
 431 030e D5000000 		.4byte	0xd5
 432 0312 24       		.byte	0x24
 433 0313 0F       		.uleb128 0xf
 434 0314 E4030000 		.4byte	.LASF61
 435 0318 06       		.byte	0x6
 436 0319 5702     		.2byte	0x257
 437 031b A2000000 		.4byte	0xa2
 438 031f 28       		.byte	0x28
 439 0320 0F       		.uleb128 0xf
 440 0321 00000000 		.4byte	.LASF62
 441 0325 06       		.byte	0x6
 442 0326 5802     		.2byte	0x258
 443 0328 B4000000 		.4byte	0xb4
 444 032c 2C       		.byte	0x2c
 445 032d 0F       		.uleb128 0xf
 446 032e 2F040000 		.4byte	.LASF45
 447 0332 06       		.byte	0x6
 448 0333 5D02     		.2byte	0x25d
 449 0335 78020000 		.4byte	0x278
 450 0339 30       		.byte	0x30
 451 033a 0F       		.uleb128 0xf
 452 033b A9040000 		.4byte	.LASF63
 453 033f 06       		.byte	0x6
 454 0340 6002     		.2byte	0x260
 455 0342 A2000000 		.4byte	0xa2
 456 0346 34       		.byte	0x34
 457 0347 00       		.byte	0
 458 0348 09       		.uleb128 0x9
 459 0349 BD040000 		.4byte	.LASF64
 460 034d 06       		.byte	0x6
 461 034e 6302     		.2byte	0x263
 462 0350 84020000 		.4byte	0x284
 463 0354 10       		.uleb128 0x10
 464 0355 28020000 		.4byte	.LASF72
 465 0359 02       		.byte	0x2
 466 035a 53       		.byte	0x53
 467 035b 03       		.byte	0x3
 468 035c 11       		.uleb128 0x11
 469 035d 77010000 		.4byte	.LASF73
 470 0361 01       		.byte	0x1
ARM GAS  C:\Users\Phuong\AppData\Local\Temp\ccDE0btn.s 			page 11


 471 0362 0E       		.byte	0xe
 472 0363 7E000000 		.4byte	0x7e
 473 0367 00000000 		.4byte	.LFB539
 474 036b 04000000 		.4byte	.LFE539-.LFB539
 475 036f 01       		.uleb128 0x1
 476 0370 9C       		.byte	0x9c
 477 0371 85030000 		.4byte	0x385
 478 0375 12       		.uleb128 0x12
 479 0376 54030000 		.4byte	0x354
 480 037a 00000000 		.4byte	.LBB4
 481 037e 04000000 		.4byte	.LBE4-.LBB4
 482 0382 01       		.byte	0x1
 483 0383 10       		.byte	0x10
 484 0384 00       		.byte	0
 485 0385 13       		.uleb128 0x13
 486 0386 E0040000 		.4byte	.LASF65
 487 038a 07       		.byte	0x7
 488 038b EA07     		.2byte	0x7ea
 489 038d 91030000 		.4byte	0x391
 490 0391 05       		.uleb128 0x5
 491 0392 97000000 		.4byte	0x97
 492 0396 14       		.uleb128 0x14
 493 0397 D5030000 		.4byte	.LASF66
 494 039b 08       		.byte	0x8
 495 039c 87       		.byte	0x87
 496 039d 48030000 		.4byte	0x348
 497 03a1 14       		.uleb128 0x14
 498 03a2 07040000 		.4byte	.LASF67
 499 03a6 09       		.byte	0x9
 500 03a7 7F       		.byte	0x7f
 501 03a8 6C020000 		.4byte	0x26c
 502 03ac 14       		.uleb128 0x14
 503 03ad AC010000 		.4byte	.LASF68
 504 03b1 0A       		.byte	0xa
 505 03b2 87       		.byte	0x87
 506 03b3 48030000 		.4byte	0x348
 507 03b7 00       		.byte	0
 508              		.section	.debug_abbrev,"",%progbits
 509              	.Ldebug_abbrev0:
 510 0000 01       		.uleb128 0x1
 511 0001 11       		.uleb128 0x11
 512 0002 01       		.byte	0x1
 513 0003 25       		.uleb128 0x25
 514 0004 0E       		.uleb128 0xe
 515 0005 13       		.uleb128 0x13
 516 0006 0B       		.uleb128 0xb
 517 0007 03       		.uleb128 0x3
 518 0008 0E       		.uleb128 0xe
 519 0009 1B       		.uleb128 0x1b
 520 000a 0E       		.uleb128 0xe
 521 000b 55       		.uleb128 0x55
 522 000c 17       		.uleb128 0x17
 523 000d 11       		.uleb128 0x11
 524 000e 01       		.uleb128 0x1
 525 000f 10       		.uleb128 0x10
 526 0010 17       		.uleb128 0x17
 527 0011 00       		.byte	0
ARM GAS  C:\Users\Phuong\AppData\Local\Temp\ccDE0btn.s 			page 12


 528 0012 00       		.byte	0
 529 0013 02       		.uleb128 0x2
 530 0014 24       		.uleb128 0x24
 531 0015 00       		.byte	0
 532 0016 0B       		.uleb128 0xb
 533 0017 0B       		.uleb128 0xb
 534 0018 3E       		.uleb128 0x3e
 535 0019 0B       		.uleb128 0xb
 536 001a 03       		.uleb128 0x3
 537 001b 0E       		.uleb128 0xe
 538 001c 00       		.byte	0
 539 001d 00       		.byte	0
 540 001e 03       		.uleb128 0x3
 541 001f 16       		.uleb128 0x16
 542 0020 00       		.byte	0
 543 0021 03       		.uleb128 0x3
 544 0022 0E       		.uleb128 0xe
 545 0023 3A       		.uleb128 0x3a
 546 0024 0B       		.uleb128 0xb
 547 0025 3B       		.uleb128 0x3b
 548 0026 0B       		.uleb128 0xb
 549 0027 49       		.uleb128 0x49
 550 0028 13       		.uleb128 0x13
 551 0029 00       		.byte	0
 552 002a 00       		.byte	0
 553 002b 04       		.uleb128 0x4
 554 002c 24       		.uleb128 0x24
 555 002d 00       		.byte	0
 556 002e 0B       		.uleb128 0xb
 557 002f 0B       		.uleb128 0xb
 558 0030 3E       		.uleb128 0x3e
 559 0031 0B       		.uleb128 0xb
 560 0032 03       		.uleb128 0x3
 561 0033 08       		.uleb128 0x8
 562 0034 00       		.byte	0
 563 0035 00       		.byte	0
 564 0036 05       		.uleb128 0x5
 565 0037 35       		.uleb128 0x35
 566 0038 00       		.byte	0
 567 0039 49       		.uleb128 0x49
 568 003a 13       		.uleb128 0x13
 569 003b 00       		.byte	0
 570 003c 00       		.byte	0
 571 003d 06       		.uleb128 0x6
 572 003e 0F       		.uleb128 0xf
 573 003f 00       		.byte	0
 574 0040 0B       		.uleb128 0xb
 575 0041 0B       		.uleb128 0xb
 576 0042 00       		.byte	0
 577 0043 00       		.byte	0
 578 0044 07       		.uleb128 0x7
 579 0045 04       		.uleb128 0x4
 580 0046 01       		.byte	0x1
 581 0047 0B       		.uleb128 0xb
 582 0048 0B       		.uleb128 0xb
 583 0049 49       		.uleb128 0x49
 584 004a 13       		.uleb128 0x13
ARM GAS  C:\Users\Phuong\AppData\Local\Temp\ccDE0btn.s 			page 13


 585 004b 3A       		.uleb128 0x3a
 586 004c 0B       		.uleb128 0xb
 587 004d 3B       		.uleb128 0x3b
 588 004e 05       		.uleb128 0x5
 589 004f 01       		.uleb128 0x1
 590 0050 13       		.uleb128 0x13
 591 0051 00       		.byte	0
 592 0052 00       		.byte	0
 593 0053 08       		.uleb128 0x8
 594 0054 28       		.uleb128 0x28
 595 0055 00       		.byte	0
 596 0056 03       		.uleb128 0x3
 597 0057 0E       		.uleb128 0xe
 598 0058 1C       		.uleb128 0x1c
 599 0059 0B       		.uleb128 0xb
 600 005a 00       		.byte	0
 601 005b 00       		.byte	0
 602 005c 09       		.uleb128 0x9
 603 005d 16       		.uleb128 0x16
 604 005e 00       		.byte	0
 605 005f 03       		.uleb128 0x3
 606 0060 0E       		.uleb128 0xe
 607 0061 3A       		.uleb128 0x3a
 608 0062 0B       		.uleb128 0xb
 609 0063 3B       		.uleb128 0x3b
 610 0064 05       		.uleb128 0x5
 611 0065 49       		.uleb128 0x49
 612 0066 13       		.uleb128 0x13
 613 0067 00       		.byte	0
 614 0068 00       		.byte	0
 615 0069 0A       		.uleb128 0xa
 616 006a 0F       		.uleb128 0xf
 617 006b 00       		.byte	0
 618 006c 0B       		.uleb128 0xb
 619 006d 0B       		.uleb128 0xb
 620 006e 49       		.uleb128 0x49
 621 006f 13       		.uleb128 0x13
 622 0070 00       		.byte	0
 623 0071 00       		.byte	0
 624 0072 0B       		.uleb128 0xb
 625 0073 15       		.uleb128 0x15
 626 0074 01       		.byte	0x1
 627 0075 27       		.uleb128 0x27
 628 0076 19       		.uleb128 0x19
 629 0077 01       		.uleb128 0x1
 630 0078 13       		.uleb128 0x13
 631 0079 00       		.byte	0
 632 007a 00       		.byte	0
 633 007b 0C       		.uleb128 0xc
 634 007c 05       		.uleb128 0x5
 635 007d 00       		.byte	0
 636 007e 49       		.uleb128 0x49
 637 007f 13       		.uleb128 0x13
 638 0080 00       		.byte	0
 639 0081 00       		.byte	0
 640 0082 0D       		.uleb128 0xd
 641 0083 15       		.uleb128 0x15
ARM GAS  C:\Users\Phuong\AppData\Local\Temp\ccDE0btn.s 			page 14


 642 0084 01       		.byte	0x1
 643 0085 27       		.uleb128 0x27
 644 0086 19       		.uleb128 0x19
 645 0087 49       		.uleb128 0x49
 646 0088 13       		.uleb128 0x13
 647 0089 01       		.uleb128 0x1
 648 008a 13       		.uleb128 0x13
 649 008b 00       		.byte	0
 650 008c 00       		.byte	0
 651 008d 0E       		.uleb128 0xe
 652 008e 13       		.uleb128 0x13
 653 008f 01       		.byte	0x1
 654 0090 03       		.uleb128 0x3
 655 0091 0E       		.uleb128 0xe
 656 0092 0B       		.uleb128 0xb
 657 0093 0B       		.uleb128 0xb
 658 0094 3A       		.uleb128 0x3a
 659 0095 0B       		.uleb128 0xb
 660 0096 3B       		.uleb128 0x3b
 661 0097 05       		.uleb128 0x5
 662 0098 01       		.uleb128 0x1
 663 0099 13       		.uleb128 0x13
 664 009a 00       		.byte	0
 665 009b 00       		.byte	0
 666 009c 0F       		.uleb128 0xf
 667 009d 0D       		.uleb128 0xd
 668 009e 00       		.byte	0
 669 009f 03       		.uleb128 0x3
 670 00a0 0E       		.uleb128 0xe
 671 00a1 3A       		.uleb128 0x3a
 672 00a2 0B       		.uleb128 0xb
 673 00a3 3B       		.uleb128 0x3b
 674 00a4 05       		.uleb128 0x5
 675 00a5 49       		.uleb128 0x49
 676 00a6 13       		.uleb128 0x13
 677 00a7 38       		.uleb128 0x38
 678 00a8 0B       		.uleb128 0xb
 679 00a9 00       		.byte	0
 680 00aa 00       		.byte	0
 681 00ab 10       		.uleb128 0x10
 682 00ac 2E       		.uleb128 0x2e
 683 00ad 00       		.byte	0
 684 00ae 03       		.uleb128 0x3
 685 00af 0E       		.uleb128 0xe
 686 00b0 3A       		.uleb128 0x3a
 687 00b1 0B       		.uleb128 0xb
 688 00b2 3B       		.uleb128 0x3b
 689 00b3 0B       		.uleb128 0xb
 690 00b4 27       		.uleb128 0x27
 691 00b5 19       		.uleb128 0x19
 692 00b6 20       		.uleb128 0x20
 693 00b7 0B       		.uleb128 0xb
 694 00b8 00       		.byte	0
 695 00b9 00       		.byte	0
 696 00ba 11       		.uleb128 0x11
 697 00bb 2E       		.uleb128 0x2e
 698 00bc 01       		.byte	0x1
ARM GAS  C:\Users\Phuong\AppData\Local\Temp\ccDE0btn.s 			page 15


 699 00bd 3F       		.uleb128 0x3f
 700 00be 19       		.uleb128 0x19
 701 00bf 03       		.uleb128 0x3
 702 00c0 0E       		.uleb128 0xe
 703 00c1 3A       		.uleb128 0x3a
 704 00c2 0B       		.uleb128 0xb
 705 00c3 3B       		.uleb128 0x3b
 706 00c4 0B       		.uleb128 0xb
 707 00c5 27       		.uleb128 0x27
 708 00c6 19       		.uleb128 0x19
 709 00c7 49       		.uleb128 0x49
 710 00c8 13       		.uleb128 0x13
 711 00c9 8701     		.uleb128 0x87
 712 00cb 19       		.uleb128 0x19
 713 00cc 11       		.uleb128 0x11
 714 00cd 01       		.uleb128 0x1
 715 00ce 12       		.uleb128 0x12
 716 00cf 06       		.uleb128 0x6
 717 00d0 40       		.uleb128 0x40
 718 00d1 18       		.uleb128 0x18
 719 00d2 9742     		.uleb128 0x2117
 720 00d4 19       		.uleb128 0x19
 721 00d5 01       		.uleb128 0x1
 722 00d6 13       		.uleb128 0x13
 723 00d7 00       		.byte	0
 724 00d8 00       		.byte	0
 725 00d9 12       		.uleb128 0x12
 726 00da 1D       		.uleb128 0x1d
 727 00db 00       		.byte	0
 728 00dc 31       		.uleb128 0x31
 729 00dd 13       		.uleb128 0x13
 730 00de 11       		.uleb128 0x11
 731 00df 01       		.uleb128 0x1
 732 00e0 12       		.uleb128 0x12
 733 00e1 06       		.uleb128 0x6
 734 00e2 58       		.uleb128 0x58
 735 00e3 0B       		.uleb128 0xb
 736 00e4 59       		.uleb128 0x59
 737 00e5 0B       		.uleb128 0xb
 738 00e6 00       		.byte	0
 739 00e7 00       		.byte	0
 740 00e8 13       		.uleb128 0x13
 741 00e9 34       		.uleb128 0x34
 742 00ea 00       		.byte	0
 743 00eb 03       		.uleb128 0x3
 744 00ec 0E       		.uleb128 0xe
 745 00ed 3A       		.uleb128 0x3a
 746 00ee 0B       		.uleb128 0xb
 747 00ef 3B       		.uleb128 0x3b
 748 00f0 05       		.uleb128 0x5
 749 00f1 49       		.uleb128 0x49
 750 00f2 13       		.uleb128 0x13
 751 00f3 3F       		.uleb128 0x3f
 752 00f4 19       		.uleb128 0x19
 753 00f5 3C       		.uleb128 0x3c
 754 00f6 19       		.uleb128 0x19
 755 00f7 00       		.byte	0
ARM GAS  C:\Users\Phuong\AppData\Local\Temp\ccDE0btn.s 			page 16


 756 00f8 00       		.byte	0
 757 00f9 14       		.uleb128 0x14
 758 00fa 34       		.uleb128 0x34
 759 00fb 00       		.byte	0
 760 00fc 03       		.uleb128 0x3
 761 00fd 0E       		.uleb128 0xe
 762 00fe 3A       		.uleb128 0x3a
 763 00ff 0B       		.uleb128 0xb
 764 0100 3B       		.uleb128 0x3b
 765 0101 0B       		.uleb128 0xb
 766 0102 49       		.uleb128 0x49
 767 0103 13       		.uleb128 0x13
 768 0104 3F       		.uleb128 0x3f
 769 0105 19       		.uleb128 0x19
 770 0106 3C       		.uleb128 0x3c
 771 0107 19       		.uleb128 0x19
 772 0108 00       		.byte	0
 773 0109 00       		.byte	0
 774 010a 00       		.byte	0
 775              		.section	.debug_aranges,"",%progbits
 776 0000 1C000000 		.4byte	0x1c
 777 0004 0200     		.2byte	0x2
 778 0006 00000000 		.4byte	.Ldebug_info0
 779 000a 04       		.byte	0x4
 780 000b 00       		.byte	0
 781 000c 0000     		.2byte	0
 782 000e 0000     		.2byte	0
 783 0010 00000000 		.4byte	.LFB539
 784 0014 04000000 		.4byte	.LFE539-.LFB539
 785 0018 00000000 		.4byte	0
 786 001c 00000000 		.4byte	0
 787              		.section	.debug_ranges,"",%progbits
 788              	.Ldebug_ranges0:
 789 0000 00000000 		.4byte	.LFB539
 790 0004 04000000 		.4byte	.LFE539
 791 0008 00000000 		.4byte	0
 792 000c 00000000 		.4byte	0
 793              		.section	.debug_line,"",%progbits
 794              	.Ldebug_line0:
 795 0000 0A020000 		.section	.debug_str,"MS",%progbits,1
 795      0200EF01 
 795      00000201 
 795      FB0E0D00 
 795      01010101 
 796              	.LASF62:
 797 0000 74784C65 		.ascii	"txLeftToTransmit\000"
 797      6674546F 
 797      5472616E 
 797      736D6974 
 797      00
 798              	.LASF35:
 799 0011 6D617374 		.ascii	"masterNumBytes\000"
 799      65724E75 
 799      6D427974 
 799      657300
 800              	.LASF34:
 801 0020 6D617374 		.ascii	"masterBufferIdx\000"
ARM GAS  C:\Users\Phuong\AppData\Local\Temp\ccDE0btn.s 			page 17


 801      65724275 
 801      66666572 
 801      49647800 
 802              	.LASF56:
 803 0030 72785269 		.ascii	"rxRingBufTail\000"
 803      6E674275 
 803      66546169 
 803      6C00
 804              	.LASF42:
 805 003e 736C6176 		.ascii	"slaveRxBuffer\000"
 805      65527842 
 805      75666665 
 805      7200
 806              	.LASF58:
 807 004c 72784275 		.ascii	"rxBufSize\000"
 807      6653697A 
 807      6500
 808              	.LASF28:
 809 0056 73746174 		.ascii	"state\000"
 809      6500
 810              	.LASF48:
 811 005c 63795F63 		.ascii	"cy_cb_scb_uart_handle_events_t\000"
 811      625F7363 
 811      625F7561 
 811      72745F68 
 811      616E646C 
 812              	.LASF0:
 813 007b 73686F72 		.ascii	"short int\000"
 813      7420696E 
 813      7400
 814              	.LASF15:
 815 0085 73697A65 		.ascii	"sizetype\000"
 815      74797065 
 815      00
 816              	.LASF29:
 817 008e 6D617374 		.ascii	"masterStatus\000"
 817      65725374 
 817      61747573 
 817      00
 818              	.LASF50:
 819 009b 63795F73 		.ascii	"cy_stc_scb_uart_context\000"
 819      74635F73 
 819      63625F75 
 819      6172745F 
 819      636F6E74 
 820              	.LASF41:
 821 00b3 736C6176 		.ascii	"slaveTxBufferCnt\000"
 821      65547842 
 821      75666665 
 821      72436E74 
 821      00
 822              	.LASF69:
 823 00c4 474E5520 		.ascii	"GNU C11 5.4.1 20160609 (release) [ARM/embedded-5-br"
 823      43313120 
 823      352E342E 
 823      31203230 
 823      31363036 
ARM GAS  C:\Users\Phuong\AppData\Local\Temp\ccDE0btn.s 			page 18


 824 00f7 616E6368 		.ascii	"anch revision 237715] -mcpu=cortex-m4 -mfloat-abi=s"
 824      20726576 
 824      6973696F 
 824      6E203233 
 824      37373135 
 825 012a 6F667466 		.ascii	"oftfp -mfpu=fpv4-sp-d16 -mthumb -g -Og -ffunction-s"
 825      70202D6D 
 825      6670753D 
 825      66707634 
 825      2D73702D 
 826 015d 65637469 		.ascii	"ections -ffat-lto-objects\000"
 826      6F6E7320 
 826      2D666661 
 826      742D6C74 
 826      6F2D6F62 
 827              	.LASF73:
 828 0177 6D61696E 		.ascii	"main\000"
 828      00
 829              	.LASF7:
 830 017c 5F5F7569 		.ascii	"__uint32_t\000"
 830      6E743332 
 830      5F7400
 831              	.LASF51:
 832 0187 74785374 		.ascii	"txStatus\000"
 832      61747573 
 832      00
 833              	.LASF59:
 834 0190 72784275 		.ascii	"rxBufIdx\000"
 834      66496478 
 834      00
 835              	.LASF70:
 836 0199 6D61696E 		.ascii	"main_cm4.c\000"
 836      5F636D34 
 836      2E6300
 837              	.LASF12:
 838 01a4 75696E74 		.ascii	"uint8_t\000"
 838      385F7400 
 839              	.LASF68:
 840 01ac 55415254 		.ascii	"UART_2_context\000"
 840      5F325F63 
 840      6F6E7465 
 840      787400
 841              	.LASF55:
 842 01bb 72785269 		.ascii	"rxRingBufHead\000"
 842      6E674275 
 842      66486561 
 842      6400
 843              	.LASF18:
 844 01c9 666C6F61 		.ascii	"float\000"
 844      7400
 845              	.LASF27:
 846 01cf 75736554 		.ascii	"useTxFifo\000"
 846      78466966 
 846      6F00
 847              	.LASF60:
 848 01d9 74784275 		.ascii	"txBuf\000"
 848      6600
ARM GAS  C:\Users\Phuong\AppData\Local\Temp\ccDE0btn.s 			page 19


 849              	.LASF9:
 850 01df 6C6F6E67 		.ascii	"long long int\000"
 850      206C6F6E 
 850      6720696E 
 850      7400
 851              	.LASF17:
 852 01ed 63686172 		.ascii	"char\000"
 852      00
 853              	.LASF43:
 854 01f2 736C6176 		.ascii	"slaveRxBufferSize\000"
 854      65527842 
 854      75666665 
 854      7253697A 
 854      6500
 855              	.LASF54:
 856 0204 72785269 		.ascii	"rxRingBufSize\000"
 856      6E674275 
 856      6653697A 
 856      6500
 857              	.LASF31:
 858 0212 6D617374 		.ascii	"masterRdDir\000"
 858      65725264 
 858      44697200 
 859              	.LASF4:
 860 021e 5F5F7569 		.ascii	"__uint8_t\000"
 860      6E74385F 
 860      7400
 861              	.LASF72:
 862 0228 5F5F656E 		.ascii	"__enable_irq\000"
 862      61626C65 
 862      5F697271 
 862      00
 863              	.LASF44:
 864 0235 736C6176 		.ascii	"slaveRxBufferIdx\000"
 864      65527842 
 864      75666665 
 864      72496478 
 864      00
 865              	.LASF39:
 866 0246 736C6176 		.ascii	"slaveTxBufferSize\000"
 866      65547842 
 866      75666665 
 866      7253697A 
 866      6500
 867              	.LASF47:
 868 0258 63795F73 		.ascii	"cy_stc_scb_i2c_context_t\000"
 868      74635F73 
 868      63625F69 
 868      32635F63 
 868      6F6E7465 
 869              	.LASF16:
 870 0271 6C6F6E67 		.ascii	"long double\000"
 870      20646F75 
 870      626C6500 
 871              	.LASF52:
 872 027d 72785374 		.ascii	"rxStatus\000"
 872      61747573 
ARM GAS  C:\Users\Phuong\AppData\Local\Temp\ccDE0btn.s 			page 20


 872      00
 873              	.LASF2:
 874 0286 756E7369 		.ascii	"unsigned char\000"
 874      676E6564 
 874      20636861 
 874      7200
 875              	.LASF53:
 876 0294 72785269 		.ascii	"rxRingBuf\000"
 876      6E674275 
 876      6600
 877              	.LASF71:
 878 029e 433A5C55 		.ascii	"C:\\Users\\Phuong\\Documents\\PSoC Creator\\Dec0820"
 878      73657273 
 878      5C506875 
 878      6F6E675C 
 878      446F6375 
 879 02cc 31385C69 		.ascii	"18\\iot-sdk-iot-dev\\PSOC6_FreeRTOS+LwIP+MbedTLS_Az"
 879      6F742D73 
 879      646B2D69 
 879      6F742D64 
 879      65765C50 
 880 02fd 7572652D 		.ascii	"ure-IOT-Hub-Demo\\PSOC6_FreeRTOS+LwIP+MbedTLS_Azure"
 880      494F542D 
 880      4875622D 
 880      44656D6F 
 880      5C50534F 
 881 032f 2D494F54 		.ascii	"-IOT-Hub-Demo.cydsn\000"
 881      2D487562 
 881      2D44656D 
 881      6F2E6379 
 881      64736E00 
 882              	.LASF1:
 883 0343 7369676E 		.ascii	"signed char\000"
 883      65642063 
 883      68617200 
 884              	.LASF33:
 885 034f 6D617374 		.ascii	"masterBufferSize\000"
 885      65724275 
 885      66666572 
 885      53697A65 
 885      00
 886              	.LASF10:
 887 0360 6C6F6E67 		.ascii	"long long unsigned int\000"
 887      206C6F6E 
 887      6720756E 
 887      7369676E 
 887      65642069 
 888              	.LASF14:
 889 0377 75696E74 		.ascii	"uint32_t\000"
 889      33325F74 
 889      00
 890              	.LASF24:
 891 0380 63795F63 		.ascii	"cy_cb_scb_i2c_handle_events_t\000"
 891      625F7363 
 891      625F6932 
 891      635F6861 
 891      6E646C65 
ARM GAS  C:\Users\Phuong\AppData\Local\Temp\ccDE0btn.s 			page 21


 892              	.LASF11:
 893 039e 756E7369 		.ascii	"unsigned int\000"
 893      676E6564 
 893      20696E74 
 893      00
 894              	.LASF23:
 895 03ab 63795F65 		.ascii	"cy_en_scb_i2c_command_t\000"
 895      6E5F7363 
 895      625F6932 
 895      635F636F 
 895      6D6D616E 
 896              	.LASF8:
 897 03c3 6C6F6E67 		.ascii	"long unsigned int\000"
 897      20756E73 
 897      69676E65 
 897      6420696E 
 897      7400
 898              	.LASF66:
 899 03d5 55415254 		.ascii	"UART_1_context\000"
 899      5F315F63 
 899      6F6E7465 
 899      787400
 900              	.LASF61:
 901 03e4 74784275 		.ascii	"txBufSize\000"
 901      6653697A 
 901      6500
 902              	.LASF3:
 903 03ee 73686F72 		.ascii	"short unsigned int\000"
 903      7420756E 
 903      7369676E 
 903      65642069 
 903      6E7400
 904              	.LASF57:
 905 0401 72784275 		.ascii	"rxBuf\000"
 905      6600
 906              	.LASF67:
 907 0407 4932435F 		.ascii	"I2C_context\000"
 907      636F6E74 
 907      65787400 
 908              	.LASF25:
 909 0413 63795F63 		.ascii	"cy_cb_scb_i2c_handle_addr_t\000"
 909      625F7363 
 909      625F6932 
 909      635F6861 
 909      6E646C65 
 910              	.LASF45:
 911 042f 63624576 		.ascii	"cbEvents\000"
 911      656E7473 
 911      00
 912              	.LASF13:
 913 0438 696E7433 		.ascii	"int32_t\000"
 913      325F7400 
 914              	.LASF5:
 915 0440 5F5F696E 		.ascii	"__int32_t\000"
 915      7433325F 
 915      7400
 916              	.LASF32:
ARM GAS  C:\Users\Phuong\AppData\Local\Temp\ccDE0btn.s 			page 22


 917 044a 6D617374 		.ascii	"masterBuffer\000"
 917      65724275 
 917      66666572 
 917      00
 918              	.LASF20:
 919 0457 5F426F6F 		.ascii	"_Bool\000"
 919      6C00
 920              	.LASF22:
 921 045d 43595F53 		.ascii	"CY_SCB_I2C_NAK\000"
 921      43425F49 
 921      32435F4E 
 921      414B00
 922              	.LASF19:
 923 046c 646F7562 		.ascii	"double\000"
 923      6C6500
 924              	.LASF36:
 925 0473 736C6176 		.ascii	"slaveStatus\000"
 925      65537461 
 925      74757300 
 926              	.LASF21:
 927 047f 43595F53 		.ascii	"CY_SCB_I2C_ACK\000"
 927      43425F49 
 927      32435F41 
 927      434B00
 928              	.LASF40:
 929 048e 736C6176 		.ascii	"slaveTxBufferIdx\000"
 929      65547842 
 929      75666665 
 929      72496478 
 929      00
 930              	.LASF26:
 931 049f 75736552 		.ascii	"useRxFifo\000"
 931      78466966 
 931      6F00
 932              	.LASF63:
 933 04a9 696E6974 		.ascii	"initKey\000"
 933      4B657900 
 934              	.LASF30:
 935 04b1 6D617374 		.ascii	"masterPause\000"
 935      65725061 
 935      75736500 
 936              	.LASF64:
 937 04bd 63795F73 		.ascii	"cy_stc_scb_uart_context_t\000"
 937      74635F73 
 937      63625F75 
 937      6172745F 
 937      636F6E74 
 938              	.LASF6:
 939 04d7 6C6F6E67 		.ascii	"long int\000"
 939      20696E74 
 939      00
 940              	.LASF65:
 941 04e0 49544D5F 		.ascii	"ITM_RxBuffer\000"
 941      52784275 
 941      66666572 
 941      00
 942              	.LASF46:
ARM GAS  C:\Users\Phuong\AppData\Local\Temp\ccDE0btn.s 			page 23


 943 04ed 63624164 		.ascii	"cbAddr\000"
 943      647200
 944              	.LASF37:
 945 04f4 736C6176 		.ascii	"slaveRdBufEmpty\000"
 945      65526442 
 945      7566456D 
 945      70747900 
 946              	.LASF49:
 947 0504 63795F73 		.ascii	"cy_stc_scb_i2c_context\000"
 947      74635F73 
 947      63625F69 
 947      32635F63 
 947      6F6E7465 
 948              	.LASF38:
 949 051b 736C6176 		.ascii	"slaveTxBuffer\000"
 949      65547842 
 949      75666665 
 949      7200
 950              		.ident	"GCC: (GNU Tools for ARM Embedded Processors) 5.4.1 20160609 (release) [ARM/embedded-5-bran
