Determining size of __int64 failed with the following output:
Change Dir: /home/shrunoti/Downloads/workspace/legato/build/localhost/framework/libjansson/CMakeFiles/CMakeTmp

Run Build Command:"/usr/bin/make" "cmTC_292bf/fast"
make[3]: Entering directory '/home/shrunoti/Downloads/workspace/legato/build/localhost/framework/libjansson/CMakeFiles/CMakeTmp'
/usr/bin/make -f CMakeFiles/cmTC_292bf.dir/build.make CMakeFiles/cmTC_292bf.dir/build
make[4]: Entering directory '/home/shrunoti/Downloads/workspace/legato/build/localhost/framework/libjansson/CMakeFiles/CMakeTmp'
Building C object CMakeFiles/cmTC_292bf.dir/__INT64.c.o
/usr/bin//gcc    --sysroot=/   --sysroot=/ -o CMakeFiles/cmTC_292bf.dir/__INT64.c.o   -c /home/shrunoti/Downloads/workspace/legato/build/localhost/framework/libjansson/CMakeFiles/CheckTypeSize/__INT64.c
/home/shrunoti/Downloads/workspace/legato/build/localhost/framework/libjansson/CMakeFiles/CheckTypeSize/__INT64.c:17:22: error: ‘__int64’ undeclared here (not in a function)
 #define SIZE (sizeof(__int64))
                      ^
/home/shrunoti/Downloads/workspace/legato/build/localhost/framework/libjansson/CMakeFiles/CheckTypeSize/__INT64.c:19:12: note: in expansion of macro ‘SIZE’
   ('0' + ((SIZE / 10000)%10)),
            ^
CMakeFiles/cmTC_292bf.dir/build.make:65: recipe for target 'CMakeFiles/cmTC_292bf.dir/__INT64.c.o' failed
make[4]: *** [CMakeFiles/cmTC_292bf.dir/__INT64.c.o] Error 1
make[4]: Leaving directory '/home/shrunoti/Downloads/workspace/legato/build/localhost/framework/libjansson/CMakeFiles/CMakeTmp'
Makefile:126: recipe for target 'cmTC_292bf/fast' failed
make[3]: *** [cmTC_292bf/fast] Error 2
make[3]: Leaving directory '/home/shrunoti/Downloads/workspace/legato/build/localhost/framework/libjansson/CMakeFiles/CMakeTmp'

/home/shrunoti/Downloads/workspace/legato/build/localhost/framework/libjansson/CMakeFiles/CheckTypeSize/__INT64.c:
#include <sys/types.h>
#include <stdint.h>
#include <stddef.h>


#undef KEY
#if defined(__i386)
# define KEY '_','_','i','3','8','6'
#elif defined(__x86_64)
# define KEY '_','_','x','8','6','_','6','4'
#elif defined(__ppc__)
# define KEY '_','_','p','p','c','_','_'
#elif defined(__ppc64__)
# define KEY '_','_','p','p','c','6','4','_','_'
#endif

#define SIZE (sizeof(__int64))
char info_size[] =  {'I', 'N', 'F', 'O', ':', 's','i','z','e','[',
  ('0' + ((SIZE / 10000)%10)),
  ('0' + ((SIZE / 1000)%10)),
  ('0' + ((SIZE / 100)%10)),
  ('0' + ((SIZE / 10)%10)),
  ('0' +  (SIZE    % 10)),
  ']',
#ifdef KEY
  ' ','k','e','y','[', KEY, ']',
#endif
  '\0'};

#ifdef __CLASSIC_C__
int main(argc, argv) int argc; char *argv[];
#else
int main(int argc, char *argv[])
#endif
{
  int require = 0;
  require += info_size[argc];
  (void)argv;
  return require;
}


Determining size of __int32 failed with the following output:
Change Dir: /home/shrunoti/Downloads/workspace/legato/build/localhost/framework/libjansson/CMakeFiles/CMakeTmp

Run Build Command:"/usr/bin/make" "cmTC_03397/fast"
make[3]: Entering directory '/home/shrunoti/Downloads/workspace/legato/build/localhost/framework/libjansson/CMakeFiles/CMakeTmp'
/usr/bin/make -f CMakeFiles/cmTC_03397.dir/build.make CMakeFiles/cmTC_03397.dir/build
make[4]: Entering directory '/home/shrunoti/Downloads/workspace/legato/build/localhost/framework/libjansson/CMakeFiles/CMakeTmp'
Building C object CMakeFiles/cmTC_03397.dir/__INT32.c.o
/usr/bin//gcc    --sysroot=/   --sysroot=/ -o CMakeFiles/cmTC_03397.dir/__INT32.c.o   -c /home/shrunoti/Downloads/workspace/legato/build/localhost/framework/libjansson/CMakeFiles/CheckTypeSize/__INT32.c
/home/shrunoti/Downloads/workspace/legato/build/localhost/framework/libjansson/CMakeFiles/CheckTypeSize/__INT32.c:17:22: error: ‘__int32’ undeclared here (not in a function)
 #define SIZE (sizeof(__int32))
                      ^
/home/shrunoti/Downloads/workspace/legato/build/localhost/framework/libjansson/CMakeFiles/CheckTypeSize/__INT32.c:19:12: note: in expansion of macro ‘SIZE’
   ('0' + ((SIZE / 10000)%10)),
            ^
CMakeFiles/cmTC_03397.dir/build.make:65: recipe for target 'CMakeFiles/cmTC_03397.dir/__INT32.c.o' failed
make[4]: *** [CMakeFiles/cmTC_03397.dir/__INT32.c.o] Error 1
make[4]: Leaving directory '/home/shrunoti/Downloads/workspace/legato/build/localhost/framework/libjansson/CMakeFiles/CMakeTmp'
Makefile:126: recipe for target 'cmTC_03397/fast' failed
make[3]: *** [cmTC_03397/fast] Error 2
make[3]: Leaving directory '/home/shrunoti/Downloads/workspace/legato/build/localhost/framework/libjansson/CMakeFiles/CMakeTmp'

/home/shrunoti/Downloads/workspace/legato/build/localhost/framework/libjansson/CMakeFiles/CheckTypeSize/__INT32.c:
#include <sys/types.h>
#include <stdint.h>
#include <stddef.h>


#undef KEY
#if defined(__i386)
# define KEY '_','_','i','3','8','6'
#elif defined(__x86_64)
# define KEY '_','_','x','8','6','_','6','4'
#elif defined(__ppc__)
# define KEY '_','_','p','p','c','_','_'
#elif defined(__ppc64__)
# define KEY '_','_','p','p','c','6','4','_','_'
#endif

#define SIZE (sizeof(__int32))
char info_size[] =  {'I', 'N', 'F', 'O', ':', 's','i','z','e','[',
  ('0' + ((SIZE / 10000)%10)),
  ('0' + ((SIZE / 1000)%10)),
  ('0' + ((SIZE / 100)%10)),
  ('0' + ((SIZE / 10)%10)),
  ('0' +  (SIZE    % 10)),
  ']',
#ifdef KEY
  ' ','k','e','y','[', KEY, ']',
#endif
  '\0'};

#ifdef __CLASSIC_C__
int main(argc, argv) int argc; char *argv[];
#else
int main(int argc, char *argv[])
#endif
{
  int require = 0;
  require += info_size[argc];
  (void)argv;
  return require;
}


Determining size of __uint32 failed with the following output:
Change Dir: /home/shrunoti/Downloads/workspace/legato/build/localhost/framework/libjansson/CMakeFiles/CMakeTmp

Run Build Command:"/usr/bin/make" "cmTC_c7ea6/fast"
make[3]: Entering directory '/home/shrunoti/Downloads/workspace/legato/build/localhost/framework/libjansson/CMakeFiles/CMakeTmp'
/usr/bin/make -f CMakeFiles/cmTC_c7ea6.dir/build.make CMakeFiles/cmTC_c7ea6.dir/build
make[4]: Entering directory '/home/shrunoti/Downloads/workspace/legato/build/localhost/framework/libjansson/CMakeFiles/CMakeTmp'
Building C object CMakeFiles/cmTC_c7ea6.dir/__UINT32.c.o
/usr/bin//gcc    --sysroot=/   --sysroot=/ -o CMakeFiles/cmTC_c7ea6.dir/__UINT32.c.o   -c /home/shrunoti/Downloads/workspace/legato/build/localhost/framework/libjansson/CMakeFiles/CheckTypeSize/__UINT32.c
/home/shrunoti/Downloads/workspace/legato/build/localhost/framework/libjansson/CMakeFiles/CheckTypeSize/__UINT32.c:17:22: error: ‘__uint32’ undeclared here (not in a function)
 #define SIZE (sizeof(__uint32))
                      ^
/home/shrunoti/Downloads/workspace/legato/build/localhost/framework/libjansson/CMakeFiles/CheckTypeSize/__UINT32.c:19:12: note: in expansion of macro ‘SIZE’
   ('0' + ((SIZE / 10000)%10)),
            ^
CMakeFiles/cmTC_c7ea6.dir/build.make:65: recipe for target 'CMakeFiles/cmTC_c7ea6.dir/__UINT32.c.o' failed
make[4]: *** [CMakeFiles/cmTC_c7ea6.dir/__UINT32.c.o] Error 1
make[4]: Leaving directory '/home/shrunoti/Downloads/workspace/legato/build/localhost/framework/libjansson/CMakeFiles/CMakeTmp'
Makefile:126: recipe for target 'cmTC_c7ea6/fast' failed
make[3]: *** [cmTC_c7ea6/fast] Error 2
make[3]: Leaving directory '/home/shrunoti/Downloads/workspace/legato/build/localhost/framework/libjansson/CMakeFiles/CMakeTmp'

/home/shrunoti/Downloads/workspace/legato/build/localhost/framework/libjansson/CMakeFiles/CheckTypeSize/__UINT32.c:
#include <sys/types.h>
#include <stdint.h>
#include <stddef.h>


#undef KEY
#if defined(__i386)
# define KEY '_','_','i','3','8','6'
#elif defined(__x86_64)
# define KEY '_','_','x','8','6','_','6','4'
#elif defined(__ppc__)
# define KEY '_','_','p','p','c','_','_'
#elif defined(__ppc64__)
# define KEY '_','_','p','p','c','6','4','_','_'
#endif

#define SIZE (sizeof(__uint32))
char info_size[] =  {'I', 'N', 'F', 'O', ':', 's','i','z','e','[',
  ('0' + ((SIZE / 10000)%10)),
  ('0' + ((SIZE / 1000)%10)),
  ('0' + ((SIZE / 100)%10)),
  ('0' + ((SIZE / 10)%10)),
  ('0' +  (SIZE    % 10)),
  ']',
#ifdef KEY
  ' ','k','e','y','[', KEY, ']',
#endif
  '\0'};

#ifdef __CLASSIC_C__
int main(argc, argv) int argc; char *argv[];
#else
int main(int argc, char *argv[])
#endif
{
  int require = 0;
  require += info_size[argc];
  (void)argv;
  return require;
}


Determining size of __uint16 failed with the following output:
Change Dir: /home/shrunoti/Downloads/workspace/legato/build/localhost/framework/libjansson/CMakeFiles/CMakeTmp

Run Build Command:"/usr/bin/make" "cmTC_606ea/fast"
make[3]: Entering directory '/home/shrunoti/Downloads/workspace/legato/build/localhost/framework/libjansson/CMakeFiles/CMakeTmp'
/usr/bin/make -f CMakeFiles/cmTC_606ea.dir/build.make CMakeFiles/cmTC_606ea.dir/build
make[4]: Entering directory '/home/shrunoti/Downloads/workspace/legato/build/localhost/framework/libjansson/CMakeFiles/CMakeTmp'
Building C object CMakeFiles/cmTC_606ea.dir/__UINT16.c.o
/usr/bin//gcc    --sysroot=/   --sysroot=/ -o CMakeFiles/cmTC_606ea.dir/__UINT16.c.o   -c /home/shrunoti/Downloads/workspace/legato/build/localhost/framework/libjansson/CMakeFiles/CheckTypeSize/__UINT16.c
/home/shrunoti/Downloads/workspace/legato/build/localhost/framework/libjansson/CMakeFiles/CheckTypeSize/__UINT16.c:17:22: error: ‘__uint16’ undeclared here (not in a function)
 #define SIZE (sizeof(__uint16))
                      ^
/home/shrunoti/Downloads/workspace/legato/build/localhost/framework/libjansson/CMakeFiles/CheckTypeSize/__UINT16.c:19:12: note: in expansion of macro ‘SIZE’
   ('0' + ((SIZE / 10000)%10)),
            ^
CMakeFiles/cmTC_606ea.dir/build.make:65: recipe for target 'CMakeFiles/cmTC_606ea.dir/__UINT16.c.o' failed
make[4]: *** [CMakeFiles/cmTC_606ea.dir/__UINT16.c.o] Error 1
make[4]: Leaving directory '/home/shrunoti/Downloads/workspace/legato/build/localhost/framework/libjansson/CMakeFiles/CMakeTmp'
Makefile:126: recipe for target 'cmTC_606ea/fast' failed
make[3]: *** [cmTC_606ea/fast] Error 2
make[3]: Leaving directory '/home/shrunoti/Downloads/workspace/legato/build/localhost/framework/libjansson/CMakeFiles/CMakeTmp'

/home/shrunoti/Downloads/workspace/legato/build/localhost/framework/libjansson/CMakeFiles/CheckTypeSize/__UINT16.c:
#include <sys/types.h>
#include <stdint.h>
#include <stddef.h>


#undef KEY
#if defined(__i386)
# define KEY '_','_','i','3','8','6'
#elif defined(__x86_64)
# define KEY '_','_','x','8','6','_','6','4'
#elif defined(__ppc__)
# define KEY '_','_','p','p','c','_','_'
#elif defined(__ppc64__)
# define KEY '_','_','p','p','c','6','4','_','_'
#endif

#define SIZE (sizeof(__uint16))
char info_size[] =  {'I', 'N', 'F', 'O', ':', 's','i','z','e','[',
  ('0' + ((SIZE / 10000)%10)),
  ('0' + ((SIZE / 1000)%10)),
  ('0' + ((SIZE / 100)%10)),
  ('0' + ((SIZE / 10)%10)),
  ('0' +  (SIZE    % 10)),
  ']',
#ifdef KEY
  ' ','k','e','y','[', KEY, ']',
#endif
  '\0'};

#ifdef __CLASSIC_C__
int main(argc, argv) int argc; char *argv[];
#else
int main(int argc, char *argv[])
#endif
{
  int require = 0;
  require += info_size[argc];
  (void)argv;
  return require;
}


Determining size of __uint8 failed with the following output:
Change Dir: /home/shrunoti/Downloads/workspace/legato/build/localhost/framework/libjansson/CMakeFiles/CMakeTmp

Run Build Command:"/usr/bin/make" "cmTC_36c11/fast"
make[3]: Entering directory '/home/shrunoti/Downloads/workspace/legato/build/localhost/framework/libjansson/CMakeFiles/CMakeTmp'
/usr/bin/make -f CMakeFiles/cmTC_36c11.dir/build.make CMakeFiles/cmTC_36c11.dir/build
make[4]: Entering directory '/home/shrunoti/Downloads/workspace/legato/build/localhost/framework/libjansson/CMakeFiles/CMakeTmp'
Building C object CMakeFiles/cmTC_36c11.dir/__UINT8.c.o
/usr/bin//gcc    --sysroot=/   --sysroot=/ -o CMakeFiles/cmTC_36c11.dir/__UINT8.c.o   -c /home/shrunoti/Downloads/workspace/legato/build/localhost/framework/libjansson/CMakeFiles/CheckTypeSize/__UINT8.c
/home/shrunoti/Downloads/workspace/legato/build/localhost/framework/libjansson/CMakeFiles/CheckTypeSize/__UINT8.c:17:22: error: ‘__uint8’ undeclared here (not in a function)
 #define SIZE (sizeof(__uint8))
                      ^
/home/shrunoti/Downloads/workspace/legato/build/localhost/framework/libjansson/CMakeFiles/CheckTypeSize/__UINT8.c:19:12: note: in expansion of macro ‘SIZE’
   ('0' + ((SIZE / 10000)%10)),
            ^
CMakeFiles/cmTC_36c11.dir/build.make:65: recipe for target 'CMakeFiles/cmTC_36c11.dir/__UINT8.c.o' failed
make[4]: *** [CMakeFiles/cmTC_36c11.dir/__UINT8.c.o] Error 1
make[4]: Leaving directory '/home/shrunoti/Downloads/workspace/legato/build/localhost/framework/libjansson/CMakeFiles/CMakeTmp'
Makefile:126: recipe for target 'cmTC_36c11/fast' failed
make[3]: *** [cmTC_36c11/fast] Error 2
make[3]: Leaving directory '/home/shrunoti/Downloads/workspace/legato/build/localhost/framework/libjansson/CMakeFiles/CMakeTmp'

/home/shrunoti/Downloads/workspace/legato/build/localhost/framework/libjansson/CMakeFiles/CheckTypeSize/__UINT8.c:
#include <sys/types.h>
#include <stdint.h>
#include <stddef.h>


#undef KEY
#if defined(__i386)
# define KEY '_','_','i','3','8','6'
#elif defined(__x86_64)
# define KEY '_','_','x','8','6','_','6','4'
#elif defined(__ppc__)
# define KEY '_','_','p','p','c','_','_'
#elif defined(__ppc64__)
# define KEY '_','_','p','p','c','6','4','_','_'
#endif

#define SIZE (sizeof(__uint8))
char info_size[] =  {'I', 'N', 'F', 'O', ':', 's','i','z','e','[',
  ('0' + ((SIZE / 10000)%10)),
  ('0' + ((SIZE / 1000)%10)),
  ('0' + ((SIZE / 100)%10)),
  ('0' + ((SIZE / 10)%10)),
  ('0' +  (SIZE    % 10)),
  ']',
#ifdef KEY
  ' ','k','e','y','[', KEY, ']',
#endif
  '\0'};

#ifdef __CLASSIC_C__
int main(argc, argv) int argc; char *argv[];
#else
int main(int argc, char *argv[])
#endif
{
  int require = 0;
  require += info_size[argc];
  (void)argv;
  return require;
}


Determining size of SSIZE_T failed with the following output:
Change Dir: /home/shrunoti/Downloads/workspace/legato/build/localhost/framework/libjansson/CMakeFiles/CMakeTmp

Run Build Command:"/usr/bin/make" "cmTC_683ee/fast"
make[3]: Entering directory '/home/shrunoti/Downloads/workspace/legato/build/localhost/framework/libjansson/CMakeFiles/CMakeTmp'
/usr/bin/make -f CMakeFiles/cmTC_683ee.dir/build.make CMakeFiles/cmTC_683ee.dir/build
make[4]: Entering directory '/home/shrunoti/Downloads/workspace/legato/build/localhost/framework/libjansson/CMakeFiles/CMakeTmp'
Building C object CMakeFiles/cmTC_683ee.dir/UPPERCASE_SSIZE_T.c.o
/usr/bin//gcc    --sysroot=/   --sysroot=/ -o CMakeFiles/cmTC_683ee.dir/UPPERCASE_SSIZE_T.c.o   -c /home/shrunoti/Downloads/workspace/legato/build/localhost/framework/libjansson/CMakeFiles/CheckTypeSize/UPPERCASE_SSIZE_T.c
/home/shrunoti/Downloads/workspace/legato/build/localhost/framework/libjansson/CMakeFiles/CheckTypeSize/UPPERCASE_SSIZE_T.c:17:22: error: ‘SSIZE_T’ undeclared here (not in a function)
 #define SIZE (sizeof(SSIZE_T))
                      ^
/home/shrunoti/Downloads/workspace/legato/build/localhost/framework/libjansson/CMakeFiles/CheckTypeSize/UPPERCASE_SSIZE_T.c:19:12: note: in expansion of macro ‘SIZE’
   ('0' + ((SIZE / 10000)%10)),
            ^
CMakeFiles/cmTC_683ee.dir/build.make:65: recipe for target 'CMakeFiles/cmTC_683ee.dir/UPPERCASE_SSIZE_T.c.o' failed
make[4]: *** [CMakeFiles/cmTC_683ee.dir/UPPERCASE_SSIZE_T.c.o] Error 1
make[4]: Leaving directory '/home/shrunoti/Downloads/workspace/legato/build/localhost/framework/libjansson/CMakeFiles/CMakeTmp'
Makefile:126: recipe for target 'cmTC_683ee/fast' failed
make[3]: *** [cmTC_683ee/fast] Error 2
make[3]: Leaving directory '/home/shrunoti/Downloads/workspace/legato/build/localhost/framework/libjansson/CMakeFiles/CMakeTmp'

/home/shrunoti/Downloads/workspace/legato/build/localhost/framework/libjansson/CMakeFiles/CheckTypeSize/UPPERCASE_SSIZE_T.c:
#include <sys/types.h>
#include <stdint.h>
#include <stddef.h>


#undef KEY
#if defined(__i386)
# define KEY '_','_','i','3','8','6'
#elif defined(__x86_64)
# define KEY '_','_','x','8','6','_','6','4'
#elif defined(__ppc__)
# define KEY '_','_','p','p','c','_','_'
#elif defined(__ppc64__)
# define KEY '_','_','p','p','c','6','4','_','_'
#endif

#define SIZE (sizeof(SSIZE_T))
char info_size[] =  {'I', 'N', 'F', 'O', ':', 's','i','z','e','[',
  ('0' + ((SIZE / 10000)%10)),
  ('0' + ((SIZE / 1000)%10)),
  ('0' + ((SIZE / 100)%10)),
  ('0' + ((SIZE / 10)%10)),
  ('0' +  (SIZE    % 10)),
  ']',
#ifdef KEY
  ' ','k','e','y','[', KEY, ']',
#endif
  '\0'};

#ifdef __CLASSIC_C__
int main(argc, argv) int argc; char *argv[];
#else
int main(int argc, char *argv[])
#endif
{
  int require = 0;
  require += info_size[argc];
  (void)argv;
  return require;
}


Determining if the function _strtoi64 exists failed with the following output:
Change Dir: /home/shrunoti/Downloads/workspace/legato/build/localhost/framework/libjansson/CMakeFiles/CMakeTmp

Run Build Command:"/usr/bin/make" "cmTC_71934/fast"
make[3]: Entering directory '/home/shrunoti/Downloads/workspace/legato/build/localhost/framework/libjansson/CMakeFiles/CMakeTmp'
/usr/bin/make -f CMakeFiles/cmTC_71934.dir/build.make CMakeFiles/cmTC_71934.dir/build
make[4]: Entering directory '/home/shrunoti/Downloads/workspace/legato/build/localhost/framework/libjansson/CMakeFiles/CMakeTmp'
Building C object CMakeFiles/cmTC_71934.dir/CheckFunctionExists.c.o
/usr/bin//gcc    -DCHECK_FUNCTION_EXISTS=_strtoi64 --sysroot=/   --sysroot=/ -o CMakeFiles/cmTC_71934.dir/CheckFunctionExists.c.o   -c /usr/share/cmake-3.5/Modules/CheckFunctionExists.c
Linking C executable cmTC_71934
/usr/bin/cmake -E cmake_link_script CMakeFiles/cmTC_71934.dir/link.txt --verbose=1
/usr/bin//gcc   -DCHECK_FUNCTION_EXISTS=_strtoi64 --sysroot=/  --sysroot=/  CMakeFiles/cmTC_71934.dir/CheckFunctionExists.c.o  -o cmTC_71934 -rdynamic 
CMakeFiles/cmTC_71934.dir/CheckFunctionExists.c.o: In function `main':
CheckFunctionExists.c:(.text+0x15): undefined reference to `_strtoi64'
collect2: error: ld returned 1 exit status
CMakeFiles/cmTC_71934.dir/build.make:97: recipe for target 'cmTC_71934' failed
make[4]: *** [cmTC_71934] Error 1
make[4]: Leaving directory '/home/shrunoti/Downloads/workspace/legato/build/localhost/framework/libjansson/CMakeFiles/CMakeTmp'
Makefile:126: recipe for target 'cmTC_71934/fast' failed
make[3]: *** [cmTC_71934/fast] Error 2
make[3]: Leaving directory '/home/shrunoti/Downloads/workspace/legato/build/localhost/framework/libjansson/CMakeFiles/CMakeTmp'


