The target system is: Linux - 1 - 
The host system is: Linux - 4.13.0-31-generic - x86_64
Determining if files endian.h exist passed with the following output:
Change Dir: /home/shrunoti/Downloads/workspace/legato/build/localhost/framework/libjansson/CMakeFiles/CMakeTmp

Run Build Command:"/usr/bin/make" "cmTC_dc84e/fast"
make[3]: Entering directory '/home/shrunoti/Downloads/workspace/legato/build/localhost/framework/libjansson/CMakeFiles/CMakeTmp'
/usr/bin/make -f CMakeFiles/cmTC_dc84e.dir/build.make CMakeFiles/cmTC_dc84e.dir/build
make[4]: Entering directory '/home/shrunoti/Downloads/workspace/legato/build/localhost/framework/libjansson/CMakeFiles/CMakeTmp'
Building C object CMakeFiles/cmTC_dc84e.dir/CheckIncludeFiles.c.o
/usr/bin//gcc    --sysroot=/   --sysroot=/ -o CMakeFiles/cmTC_dc84e.dir/CheckIncludeFiles.c.o   -c /home/shrunoti/Downloads/workspace/legato/build/localhost/framework/libjansson/CMakeFiles/CMakeTmp/CheckIncludeFiles.c
Linking C executable cmTC_dc84e
/usr/bin/cmake -E cmake_link_script CMakeFiles/cmTC_dc84e.dir/link.txt --verbose=1
/usr/bin//gcc   --sysroot=/  --sysroot=/  CMakeFiles/cmTC_dc84e.dir/CheckIncludeFiles.c.o  -o cmTC_dc84e -rdynamic 
make[4]: Leaving directory '/home/shrunoti/Downloads/workspace/legato/build/localhost/framework/libjansson/CMakeFiles/CMakeTmp'
make[3]: Leaving directory '/home/shrunoti/Downloads/workspace/legato/build/localhost/framework/libjansson/CMakeFiles/CMakeTmp'


Determining if files fcntl.h exist passed with the following output:
Change Dir: /home/shrunoti/Downloads/workspace/legato/build/localhost/framework/libjansson/CMakeFiles/CMakeTmp

Run Build Command:"/usr/bin/make" "cmTC_e1b8e/fast"
make[3]: Entering directory '/home/shrunoti/Downloads/workspace/legato/build/localhost/framework/libjansson/CMakeFiles/CMakeTmp'
/usr/bin/make -f CMakeFiles/cmTC_e1b8e.dir/build.make CMakeFiles/cmTC_e1b8e.dir/build
make[4]: Entering directory '/home/shrunoti/Downloads/workspace/legato/build/localhost/framework/libjansson/CMakeFiles/CMakeTmp'
Building C object CMakeFiles/cmTC_e1b8e.dir/CheckIncludeFiles.c.o
/usr/bin//gcc    --sysroot=/   --sysroot=/ -o CMakeFiles/cmTC_e1b8e.dir/CheckIncludeFiles.c.o   -c /home/shrunoti/Downloads/workspace/legato/build/localhost/framework/libjansson/CMakeFiles/CMakeTmp/CheckIncludeFiles.c
Linking C executable cmTC_e1b8e
/usr/bin/cmake -E cmake_link_script CMakeFiles/cmTC_e1b8e.dir/link.txt --verbose=1
/usr/bin//gcc   --sysroot=/  --sysroot=/  CMakeFiles/cmTC_e1b8e.dir/CheckIncludeFiles.c.o  -o cmTC_e1b8e -rdynamic 
make[4]: Leaving directory '/home/shrunoti/Downloads/workspace/legato/build/localhost/framework/libjansson/CMakeFiles/CMakeTmp'
make[3]: Leaving directory '/home/shrunoti/Downloads/workspace/legato/build/localhost/framework/libjansson/CMakeFiles/CMakeTmp'


Determining if files sched.h exist passed with the following output:
Change Dir: /home/shrunoti/Downloads/workspace/legato/build/localhost/framework/libjansson/CMakeFiles/CMakeTmp

Run Build Command:"/usr/bin/make" "cmTC_3871f/fast"
make[3]: Entering directory '/home/shrunoti/Downloads/workspace/legato/build/localhost/framework/libjansson/CMakeFiles/CMakeTmp'
/usr/bin/make -f CMakeFiles/cmTC_3871f.dir/build.make CMakeFiles/cmTC_3871f.dir/build
make[4]: Entering directory '/home/shrunoti/Downloads/workspace/legato/build/localhost/framework/libjansson/CMakeFiles/CMakeTmp'
Building C object CMakeFiles/cmTC_3871f.dir/CheckIncludeFiles.c.o
/usr/bin//gcc    --sysroot=/   --sysroot=/ -o CMakeFiles/cmTC_3871f.dir/CheckIncludeFiles.c.o   -c /home/shrunoti/Downloads/workspace/legato/build/localhost/framework/libjansson/CMakeFiles/CMakeTmp/CheckIncludeFiles.c
Linking C executable cmTC_3871f
/usr/bin/cmake -E cmake_link_script CMakeFiles/cmTC_3871f.dir/link.txt --verbose=1
/usr/bin//gcc   --sysroot=/  --sysroot=/  CMakeFiles/cmTC_3871f.dir/CheckIncludeFiles.c.o  -o cmTC_3871f -rdynamic 
make[4]: Leaving directory '/home/shrunoti/Downloads/workspace/legato/build/localhost/framework/libjansson/CMakeFiles/CMakeTmp'
make[3]: Leaving directory '/home/shrunoti/Downloads/workspace/legato/build/localhost/framework/libjansson/CMakeFiles/CMakeTmp'


Determining if files unistd.h exist passed with the following output:
Change Dir: /home/shrunoti/Downloads/workspace/legato/build/localhost/framework/libjansson/CMakeFiles/CMakeTmp

Run Build Command:"/usr/bin/make" "cmTC_93f15/fast"
make[3]: Entering directory '/home/shrunoti/Downloads/workspace/legato/build/localhost/framework/libjansson/CMakeFiles/CMakeTmp'
/usr/bin/make -f CMakeFiles/cmTC_93f15.dir/build.make CMakeFiles/cmTC_93f15.dir/build
make[4]: Entering directory '/home/shrunoti/Downloads/workspace/legato/build/localhost/framework/libjansson/CMakeFiles/CMakeTmp'
Building C object CMakeFiles/cmTC_93f15.dir/CheckIncludeFiles.c.o
/usr/bin//gcc    --sysroot=/   --sysroot=/ -o CMakeFiles/cmTC_93f15.dir/CheckIncludeFiles.c.o   -c /home/shrunoti/Downloads/workspace/legato/build/localhost/framework/libjansson/CMakeFiles/CMakeTmp/CheckIncludeFiles.c
Linking C executable cmTC_93f15
/usr/bin/cmake -E cmake_link_script CMakeFiles/cmTC_93f15.dir/link.txt --verbose=1
/usr/bin//gcc   --sysroot=/  --sysroot=/  CMakeFiles/cmTC_93f15.dir/CheckIncludeFiles.c.o  -o cmTC_93f15 -rdynamic 
make[4]: Leaving directory '/home/shrunoti/Downloads/workspace/legato/build/localhost/framework/libjansson/CMakeFiles/CMakeTmp'
make[3]: Leaving directory '/home/shrunoti/Downloads/workspace/legato/build/localhost/framework/libjansson/CMakeFiles/CMakeTmp'


Determining if files sys/param.h exist passed with the following output:
Change Dir: /home/shrunoti/Downloads/workspace/legato/build/localhost/framework/libjansson/CMakeFiles/CMakeTmp

Run Build Command:"/usr/bin/make" "cmTC_579ad/fast"
make[3]: Entering directory '/home/shrunoti/Downloads/workspace/legato/build/localhost/framework/libjansson/CMakeFiles/CMakeTmp'
/usr/bin/make -f CMakeFiles/cmTC_579ad.dir/build.make CMakeFiles/cmTC_579ad.dir/build
make[4]: Entering directory '/home/shrunoti/Downloads/workspace/legato/build/localhost/framework/libjansson/CMakeFiles/CMakeTmp'
Building C object CMakeFiles/cmTC_579ad.dir/CheckIncludeFiles.c.o
/usr/bin//gcc    --sysroot=/   --sysroot=/ -o CMakeFiles/cmTC_579ad.dir/CheckIncludeFiles.c.o   -c /home/shrunoti/Downloads/workspace/legato/build/localhost/framework/libjansson/CMakeFiles/CMakeTmp/CheckIncludeFiles.c
Linking C executable cmTC_579ad
/usr/bin/cmake -E cmake_link_script CMakeFiles/cmTC_579ad.dir/link.txt --verbose=1
/usr/bin//gcc   --sysroot=/  --sysroot=/  CMakeFiles/cmTC_579ad.dir/CheckIncludeFiles.c.o  -o cmTC_579ad -rdynamic 
make[4]: Leaving directory '/home/shrunoti/Downloads/workspace/legato/build/localhost/framework/libjansson/CMakeFiles/CMakeTmp'
make[3]: Leaving directory '/home/shrunoti/Downloads/workspace/legato/build/localhost/framework/libjansson/CMakeFiles/CMakeTmp'


Determining if files sys/stat.h exist passed with the following output:
Change Dir: /home/shrunoti/Downloads/workspace/legato/build/localhost/framework/libjansson/CMakeFiles/CMakeTmp

Run Build Command:"/usr/bin/make" "cmTC_34713/fast"
make[3]: Entering directory '/home/shrunoti/Downloads/workspace/legato/build/localhost/framework/libjansson/CMakeFiles/CMakeTmp'
/usr/bin/make -f CMakeFiles/cmTC_34713.dir/build.make CMakeFiles/cmTC_34713.dir/build
make[4]: Entering directory '/home/shrunoti/Downloads/workspace/legato/build/localhost/framework/libjansson/CMakeFiles/CMakeTmp'
Building C object CMakeFiles/cmTC_34713.dir/CheckIncludeFiles.c.o
/usr/bin//gcc    --sysroot=/   --sysroot=/ -o CMakeFiles/cmTC_34713.dir/CheckIncludeFiles.c.o   -c /home/shrunoti/Downloads/workspace/legato/build/localhost/framework/libjansson/CMakeFiles/CMakeTmp/CheckIncludeFiles.c
Linking C executable cmTC_34713
/usr/bin/cmake -E cmake_link_script CMakeFiles/cmTC_34713.dir/link.txt --verbose=1
/usr/bin//gcc   --sysroot=/  --sysroot=/  CMakeFiles/cmTC_34713.dir/CheckIncludeFiles.c.o  -o cmTC_34713 -rdynamic 
make[4]: Leaving directory '/home/shrunoti/Downloads/workspace/legato/build/localhost/framework/libjansson/CMakeFiles/CMakeTmp'
make[3]: Leaving directory '/home/shrunoti/Downloads/workspace/legato/build/localhost/framework/libjansson/CMakeFiles/CMakeTmp'


Determining if files sys/time.h exist passed with the following output:
Change Dir: /home/shrunoti/Downloads/workspace/legato/build/localhost/framework/libjansson/CMakeFiles/CMakeTmp

Run Build Command:"/usr/bin/make" "cmTC_1f3c8/fast"
make[3]: Entering directory '/home/shrunoti/Downloads/workspace/legato/build/localhost/framework/libjansson/CMakeFiles/CMakeTmp'
/usr/bin/make -f CMakeFiles/cmTC_1f3c8.dir/build.make CMakeFiles/cmTC_1f3c8.dir/build
make[4]: Entering directory '/home/shrunoti/Downloads/workspace/legato/build/localhost/framework/libjansson/CMakeFiles/CMakeTmp'
Building C object CMakeFiles/cmTC_1f3c8.dir/CheckIncludeFiles.c.o
/usr/bin//gcc    --sysroot=/   --sysroot=/ -o CMakeFiles/cmTC_1f3c8.dir/CheckIncludeFiles.c.o   -c /home/shrunoti/Downloads/workspace/legato/build/localhost/framework/libjansson/CMakeFiles/CMakeTmp/CheckIncludeFiles.c
Linking C executable cmTC_1f3c8
/usr/bin/cmake -E cmake_link_script CMakeFiles/cmTC_1f3c8.dir/link.txt --verbose=1
/usr/bin//gcc   --sysroot=/  --sysroot=/  CMakeFiles/cmTC_1f3c8.dir/CheckIncludeFiles.c.o  -o cmTC_1f3c8 -rdynamic 
make[4]: Leaving directory '/home/shrunoti/Downloads/workspace/legato/build/localhost/framework/libjansson/CMakeFiles/CMakeTmp'
make[3]: Leaving directory '/home/shrunoti/Downloads/workspace/legato/build/localhost/framework/libjansson/CMakeFiles/CMakeTmp'


Determining if files sys/time.h exist passed with the following output:
Change Dir: /home/shrunoti/Downloads/workspace/legato/build/localhost/framework/libjansson/CMakeFiles/CMakeTmp

Run Build Command:"/usr/bin/make" "cmTC_8dbde/fast"
make[3]: Entering directory '/home/shrunoti/Downloads/workspace/legato/build/localhost/framework/libjansson/CMakeFiles/CMakeTmp'
/usr/bin/make -f CMakeFiles/cmTC_8dbde.dir/build.make CMakeFiles/cmTC_8dbde.dir/build
make[4]: Entering directory '/home/shrunoti/Downloads/workspace/legato/build/localhost/framework/libjansson/CMakeFiles/CMakeTmp'
Building C object CMakeFiles/cmTC_8dbde.dir/CheckIncludeFiles.c.o
/usr/bin//gcc    --sysroot=/   --sysroot=/ -o CMakeFiles/cmTC_8dbde.dir/CheckIncludeFiles.c.o   -c /home/shrunoti/Downloads/workspace/legato/build/localhost/framework/libjansson/CMakeFiles/CMakeTmp/CheckIncludeFiles.c
Linking C executable cmTC_8dbde
/usr/bin/cmake -E cmake_link_script CMakeFiles/cmTC_8dbde.dir/link.txt --verbose=1
/usr/bin//gcc   --sysroot=/  --sysroot=/  CMakeFiles/cmTC_8dbde.dir/CheckIncludeFiles.c.o  -o cmTC_8dbde -rdynamic 
make[4]: Leaving directory '/home/shrunoti/Downloads/workspace/legato/build/localhost/framework/libjansson/CMakeFiles/CMakeTmp'
make[3]: Leaving directory '/home/shrunoti/Downloads/workspace/legato/build/localhost/framework/libjansson/CMakeFiles/CMakeTmp'


Determining if the function close exists passed with the following output:
Change Dir: /home/shrunoti/Downloads/workspace/legato/build/localhost/framework/libjansson/CMakeFiles/CMakeTmp

Run Build Command:"/usr/bin/make" "cmTC_7e629/fast"
make[3]: Entering directory '/home/shrunoti/Downloads/workspace/legato/build/localhost/framework/libjansson/CMakeFiles/CMakeTmp'
/usr/bin/make -f CMakeFiles/cmTC_7e629.dir/build.make CMakeFiles/cmTC_7e629.dir/build
make[4]: Entering directory '/home/shrunoti/Downloads/workspace/legato/build/localhost/framework/libjansson/CMakeFiles/CMakeTmp'
Building C object CMakeFiles/cmTC_7e629.dir/CheckFunctionExists.c.o
/usr/bin//gcc    -DCHECK_FUNCTION_EXISTS=close --sysroot=/   --sysroot=/ -o CMakeFiles/cmTC_7e629.dir/CheckFunctionExists.c.o   -c /usr/share/cmake-3.5/Modules/CheckFunctionExists.c
Linking C executable cmTC_7e629
/usr/bin/cmake -E cmake_link_script CMakeFiles/cmTC_7e629.dir/link.txt --verbose=1
/usr/bin//gcc   -DCHECK_FUNCTION_EXISTS=close --sysroot=/  --sysroot=/  CMakeFiles/cmTC_7e629.dir/CheckFunctionExists.c.o  -o cmTC_7e629 -rdynamic 
make[4]: Leaving directory '/home/shrunoti/Downloads/workspace/legato/build/localhost/framework/libjansson/CMakeFiles/CMakeTmp'
make[3]: Leaving directory '/home/shrunoti/Downloads/workspace/legato/build/localhost/framework/libjansson/CMakeFiles/CMakeTmp'


Determining if the function getpid exists passed with the following output:
Change Dir: /home/shrunoti/Downloads/workspace/legato/build/localhost/framework/libjansson/CMakeFiles/CMakeTmp

Run Build Command:"/usr/bin/make" "cmTC_ae706/fast"
make[3]: Entering directory '/home/shrunoti/Downloads/workspace/legato/build/localhost/framework/libjansson/CMakeFiles/CMakeTmp'
/usr/bin/make -f CMakeFiles/cmTC_ae706.dir/build.make CMakeFiles/cmTC_ae706.dir/build
make[4]: Entering directory '/home/shrunoti/Downloads/workspace/legato/build/localhost/framework/libjansson/CMakeFiles/CMakeTmp'
Building C object CMakeFiles/cmTC_ae706.dir/CheckFunctionExists.c.o
/usr/bin//gcc    -DCHECK_FUNCTION_EXISTS=getpid --sysroot=/   --sysroot=/ -o CMakeFiles/cmTC_ae706.dir/CheckFunctionExists.c.o   -c /usr/share/cmake-3.5/Modules/CheckFunctionExists.c
Linking C executable cmTC_ae706
/usr/bin/cmake -E cmake_link_script CMakeFiles/cmTC_ae706.dir/link.txt --verbose=1
/usr/bin//gcc   -DCHECK_FUNCTION_EXISTS=getpid --sysroot=/  --sysroot=/  CMakeFiles/cmTC_ae706.dir/CheckFunctionExists.c.o  -o cmTC_ae706 -rdynamic 
make[4]: Leaving directory '/home/shrunoti/Downloads/workspace/legato/build/localhost/framework/libjansson/CMakeFiles/CMakeTmp'
make[3]: Leaving directory '/home/shrunoti/Downloads/workspace/legato/build/localhost/framework/libjansson/CMakeFiles/CMakeTmp'


Determining if the function gettimeofday exists passed with the following output:
Change Dir: /home/shrunoti/Downloads/workspace/legato/build/localhost/framework/libjansson/CMakeFiles/CMakeTmp

Run Build Command:"/usr/bin/make" "cmTC_5a909/fast"
make[3]: Entering directory '/home/shrunoti/Downloads/workspace/legato/build/localhost/framework/libjansson/CMakeFiles/CMakeTmp'
/usr/bin/make -f CMakeFiles/cmTC_5a909.dir/build.make CMakeFiles/cmTC_5a909.dir/build
make[4]: Entering directory '/home/shrunoti/Downloads/workspace/legato/build/localhost/framework/libjansson/CMakeFiles/CMakeTmp'
Building C object CMakeFiles/cmTC_5a909.dir/CheckFunctionExists.c.o
/usr/bin//gcc    -DCHECK_FUNCTION_EXISTS=gettimeofday --sysroot=/   --sysroot=/ -o CMakeFiles/cmTC_5a909.dir/CheckFunctionExists.c.o   -c /usr/share/cmake-3.5/Modules/CheckFunctionExists.c
Linking C executable cmTC_5a909
/usr/bin/cmake -E cmake_link_script CMakeFiles/cmTC_5a909.dir/link.txt --verbose=1
/usr/bin//gcc   -DCHECK_FUNCTION_EXISTS=gettimeofday --sysroot=/  --sysroot=/  CMakeFiles/cmTC_5a909.dir/CheckFunctionExists.c.o  -o cmTC_5a909 -rdynamic 
make[4]: Leaving directory '/home/shrunoti/Downloads/workspace/legato/build/localhost/framework/libjansson/CMakeFiles/CMakeTmp'
make[3]: Leaving directory '/home/shrunoti/Downloads/workspace/legato/build/localhost/framework/libjansson/CMakeFiles/CMakeTmp'


Determining if the function open exists passed with the following output:
Change Dir: /home/shrunoti/Downloads/workspace/legato/build/localhost/framework/libjansson/CMakeFiles/CMakeTmp

Run Build Command:"/usr/bin/make" "cmTC_657a2/fast"
make[3]: Entering directory '/home/shrunoti/Downloads/workspace/legato/build/localhost/framework/libjansson/CMakeFiles/CMakeTmp'
/usr/bin/make -f CMakeFiles/cmTC_657a2.dir/build.make CMakeFiles/cmTC_657a2.dir/build
make[4]: Entering directory '/home/shrunoti/Downloads/workspace/legato/build/localhost/framework/libjansson/CMakeFiles/CMakeTmp'
Building C object CMakeFiles/cmTC_657a2.dir/CheckFunctionExists.c.o
/usr/bin//gcc    -DCHECK_FUNCTION_EXISTS=open --sysroot=/   --sysroot=/ -o CMakeFiles/cmTC_657a2.dir/CheckFunctionExists.c.o   -c /usr/share/cmake-3.5/Modules/CheckFunctionExists.c
Linking C executable cmTC_657a2
/usr/bin/cmake -E cmake_link_script CMakeFiles/cmTC_657a2.dir/link.txt --verbose=1
/usr/bin//gcc   -DCHECK_FUNCTION_EXISTS=open --sysroot=/  --sysroot=/  CMakeFiles/cmTC_657a2.dir/CheckFunctionExists.c.o  -o cmTC_657a2 -rdynamic 
make[4]: Leaving directory '/home/shrunoti/Downloads/workspace/legato/build/localhost/framework/libjansson/CMakeFiles/CMakeTmp'
make[3]: Leaving directory '/home/shrunoti/Downloads/workspace/legato/build/localhost/framework/libjansson/CMakeFiles/CMakeTmp'


Determining if the function read exists passed with the following output:
Change Dir: /home/shrunoti/Downloads/workspace/legato/build/localhost/framework/libjansson/CMakeFiles/CMakeTmp

Run Build Command:"/usr/bin/make" "cmTC_63319/fast"
make[3]: Entering directory '/home/shrunoti/Downloads/workspace/legato/build/localhost/framework/libjansson/CMakeFiles/CMakeTmp'
/usr/bin/make -f CMakeFiles/cmTC_63319.dir/build.make CMakeFiles/cmTC_63319.dir/build
make[4]: Entering directory '/home/shrunoti/Downloads/workspace/legato/build/localhost/framework/libjansson/CMakeFiles/CMakeTmp'
Building C object CMakeFiles/cmTC_63319.dir/CheckFunctionExists.c.o
/usr/bin//gcc    -DCHECK_FUNCTION_EXISTS=read --sysroot=/   --sysroot=/ -o CMakeFiles/cmTC_63319.dir/CheckFunctionExists.c.o   -c /usr/share/cmake-3.5/Modules/CheckFunctionExists.c
Linking C executable cmTC_63319
/usr/bin/cmake -E cmake_link_script CMakeFiles/cmTC_63319.dir/link.txt --verbose=1
/usr/bin//gcc   -DCHECK_FUNCTION_EXISTS=read --sysroot=/  --sysroot=/  CMakeFiles/cmTC_63319.dir/CheckFunctionExists.c.o  -o cmTC_63319 -rdynamic 
make[4]: Leaving directory '/home/shrunoti/Downloads/workspace/legato/build/localhost/framework/libjansson/CMakeFiles/CMakeTmp'
make[3]: Leaving directory '/home/shrunoti/Downloads/workspace/legato/build/localhost/framework/libjansson/CMakeFiles/CMakeTmp'


Determining if the function sched_yield exists passed with the following output:
Change Dir: /home/shrunoti/Downloads/workspace/legato/build/localhost/framework/libjansson/CMakeFiles/CMakeTmp

Run Build Command:"/usr/bin/make" "cmTC_9579a/fast"
make[3]: Entering directory '/home/shrunoti/Downloads/workspace/legato/build/localhost/framework/libjansson/CMakeFiles/CMakeTmp'
/usr/bin/make -f CMakeFiles/cmTC_9579a.dir/build.make CMakeFiles/cmTC_9579a.dir/build
make[4]: Entering directory '/home/shrunoti/Downloads/workspace/legato/build/localhost/framework/libjansson/CMakeFiles/CMakeTmp'
Building C object CMakeFiles/cmTC_9579a.dir/CheckFunctionExists.c.o
/usr/bin//gcc    -DCHECK_FUNCTION_EXISTS=sched_yield --sysroot=/   --sysroot=/ -o CMakeFiles/cmTC_9579a.dir/CheckFunctionExists.c.o   -c /usr/share/cmake-3.5/Modules/CheckFunctionExists.c
Linking C executable cmTC_9579a
/usr/bin/cmake -E cmake_link_script CMakeFiles/cmTC_9579a.dir/link.txt --verbose=1
/usr/bin//gcc   -DCHECK_FUNCTION_EXISTS=sched_yield --sysroot=/  --sysroot=/  CMakeFiles/cmTC_9579a.dir/CheckFunctionExists.c.o  -o cmTC_9579a -rdynamic 
make[4]: Leaving directory '/home/shrunoti/Downloads/workspace/legato/build/localhost/framework/libjansson/CMakeFiles/CMakeTmp'
make[3]: Leaving directory '/home/shrunoti/Downloads/workspace/legato/build/localhost/framework/libjansson/CMakeFiles/CMakeTmp'


Determining if files stdint.h exist passed with the following output:
Change Dir: /home/shrunoti/Downloads/workspace/legato/build/localhost/framework/libjansson/CMakeFiles/CMakeTmp

Run Build Command:"/usr/bin/make" "cmTC_25dc6/fast"
make[3]: Entering directory '/home/shrunoti/Downloads/workspace/legato/build/localhost/framework/libjansson/CMakeFiles/CMakeTmp'
/usr/bin/make -f CMakeFiles/cmTC_25dc6.dir/build.make CMakeFiles/cmTC_25dc6.dir/build
make[4]: Entering directory '/home/shrunoti/Downloads/workspace/legato/build/localhost/framework/libjansson/CMakeFiles/CMakeTmp'
Building C object CMakeFiles/cmTC_25dc6.dir/CheckIncludeFiles.c.o
/usr/bin//gcc    --sysroot=/   --sysroot=/ -o CMakeFiles/cmTC_25dc6.dir/CheckIncludeFiles.c.o   -c /home/shrunoti/Downloads/workspace/legato/build/localhost/framework/libjansson/CMakeFiles/CMakeTmp/CheckIncludeFiles.c
Linking C executable cmTC_25dc6
/usr/bin/cmake -E cmake_link_script CMakeFiles/cmTC_25dc6.dir/link.txt --verbose=1
/usr/bin//gcc   --sysroot=/  --sysroot=/  CMakeFiles/cmTC_25dc6.dir/CheckIncludeFiles.c.o  -o cmTC_25dc6 -rdynamic 
make[4]: Leaving directory '/home/shrunoti/Downloads/workspace/legato/build/localhost/framework/libjansson/CMakeFiles/CMakeTmp'
make[3]: Leaving directory '/home/shrunoti/Downloads/workspace/legato/build/localhost/framework/libjansson/CMakeFiles/CMakeTmp'


Determining if the include file stddef.h exists passed with the following output:
Change Dir: /home/shrunoti/Downloads/workspace/legato/build/localhost/framework/libjansson/CMakeFiles/CMakeTmp

Run Build Command:"/usr/bin/make" "cmTC_0a02d/fast"
make[3]: Entering directory '/home/shrunoti/Downloads/workspace/legato/build/localhost/framework/libjansson/CMakeFiles/CMakeTmp'
/usr/bin/make -f CMakeFiles/cmTC_0a02d.dir/build.make CMakeFiles/cmTC_0a02d.dir/build
make[4]: Entering directory '/home/shrunoti/Downloads/workspace/legato/build/localhost/framework/libjansson/CMakeFiles/CMakeTmp'
Building C object CMakeFiles/cmTC_0a02d.dir/CheckIncludeFile.c.o
/usr/bin//gcc    --sysroot=/   --sysroot=/ -o CMakeFiles/cmTC_0a02d.dir/CheckIncludeFile.c.o   -c /home/shrunoti/Downloads/workspace/legato/build/localhost/framework/libjansson/CMakeFiles/CMakeTmp/CheckIncludeFile.c
Linking C executable cmTC_0a02d
/usr/bin/cmake -E cmake_link_script CMakeFiles/cmTC_0a02d.dir/link.txt --verbose=1
/usr/bin//gcc   --sysroot=/  --sysroot=/  CMakeFiles/cmTC_0a02d.dir/CheckIncludeFile.c.o  -o cmTC_0a02d -rdynamic 
make[4]: Leaving directory '/home/shrunoti/Downloads/workspace/legato/build/localhost/framework/libjansson/CMakeFiles/CMakeTmp'
make[3]: Leaving directory '/home/shrunoti/Downloads/workspace/legato/build/localhost/framework/libjansson/CMakeFiles/CMakeTmp'


Determining size of int64_t passed with the following output:
Change Dir: /home/shrunoti/Downloads/workspace/legato/build/localhost/framework/libjansson/CMakeFiles/CMakeTmp

Run Build Command:"/usr/bin/make" "cmTC_26f74/fast"
make[3]: Entering directory '/home/shrunoti/Downloads/workspace/legato/build/localhost/framework/libjansson/CMakeFiles/CMakeTmp'
/usr/bin/make -f CMakeFiles/cmTC_26f74.dir/build.make CMakeFiles/cmTC_26f74.dir/build
make[4]: Entering directory '/home/shrunoti/Downloads/workspace/legato/build/localhost/framework/libjansson/CMakeFiles/CMakeTmp'
Building C object CMakeFiles/cmTC_26f74.dir/INT64_T.c.o
/usr/bin//gcc    --sysroot=/   --sysroot=/ -o CMakeFiles/cmTC_26f74.dir/INT64_T.c.o   -c /home/shrunoti/Downloads/workspace/legato/build/localhost/framework/libjansson/CMakeFiles/CheckTypeSize/INT64_T.c
Linking C executable cmTC_26f74
/usr/bin/cmake -E cmake_link_script CMakeFiles/cmTC_26f74.dir/link.txt --verbose=1
/usr/bin//gcc   --sysroot=/  --sysroot=/  CMakeFiles/cmTC_26f74.dir/INT64_T.c.o  -o cmTC_26f74 -rdynamic 
make[4]: Leaving directory '/home/shrunoti/Downloads/workspace/legato/build/localhost/framework/libjansson/CMakeFiles/CMakeTmp'
make[3]: Leaving directory '/home/shrunoti/Downloads/workspace/legato/build/localhost/framework/libjansson/CMakeFiles/CMakeTmp'


Determining size of long long passed with the following output:
Change Dir: /home/shrunoti/Downloads/workspace/legato/build/localhost/framework/libjansson/CMakeFiles/CMakeTmp

Run Build Command:"/usr/bin/make" "cmTC_e9d35/fast"
make[3]: Entering directory '/home/shrunoti/Downloads/workspace/legato/build/localhost/framework/libjansson/CMakeFiles/CMakeTmp'
/usr/bin/make -f CMakeFiles/cmTC_e9d35.dir/build.make CMakeFiles/cmTC_e9d35.dir/build
make[4]: Entering directory '/home/shrunoti/Downloads/workspace/legato/build/localhost/framework/libjansson/CMakeFiles/CMakeTmp'
Building C object CMakeFiles/cmTC_e9d35.dir/LONG_LONG_INT.c.o
/usr/bin//gcc    --sysroot=/   --sysroot=/ -o CMakeFiles/cmTC_e9d35.dir/LONG_LONG_INT.c.o   -c /home/shrunoti/Downloads/workspace/legato/build/localhost/framework/libjansson/CMakeFiles/CheckTypeSize/LONG_LONG_INT.c
Linking C executable cmTC_e9d35
/usr/bin/cmake -E cmake_link_script CMakeFiles/cmTC_e9d35.dir/link.txt --verbose=1
/usr/bin//gcc   --sysroot=/  --sysroot=/  CMakeFiles/cmTC_e9d35.dir/LONG_LONG_INT.c.o  -o cmTC_e9d35 -rdynamic 
make[4]: Leaving directory '/home/shrunoti/Downloads/workspace/legato/build/localhost/framework/libjansson/CMakeFiles/CMakeTmp'
make[3]: Leaving directory '/home/shrunoti/Downloads/workspace/legato/build/localhost/framework/libjansson/CMakeFiles/CMakeTmp'


Determining size of int32_t passed with the following output:
Change Dir: /home/shrunoti/Downloads/workspace/legato/build/localhost/framework/libjansson/CMakeFiles/CMakeTmp

Run Build Command:"/usr/bin/make" "cmTC_f2d6a/fast"
make[3]: Entering directory '/home/shrunoti/Downloads/workspace/legato/build/localhost/framework/libjansson/CMakeFiles/CMakeTmp'
/usr/bin/make -f CMakeFiles/cmTC_f2d6a.dir/build.make CMakeFiles/cmTC_f2d6a.dir/build
make[4]: Entering directory '/home/shrunoti/Downloads/workspace/legato/build/localhost/framework/libjansson/CMakeFiles/CMakeTmp'
Building C object CMakeFiles/cmTC_f2d6a.dir/INT32_T.c.o
/usr/bin//gcc    --sysroot=/   --sysroot=/ -o CMakeFiles/cmTC_f2d6a.dir/INT32_T.c.o   -c /home/shrunoti/Downloads/workspace/legato/build/localhost/framework/libjansson/CMakeFiles/CheckTypeSize/INT32_T.c
Linking C executable cmTC_f2d6a
/usr/bin/cmake -E cmake_link_script CMakeFiles/cmTC_f2d6a.dir/link.txt --verbose=1
/usr/bin//gcc   --sysroot=/  --sysroot=/  CMakeFiles/cmTC_f2d6a.dir/INT32_T.c.o  -o cmTC_f2d6a -rdynamic 
make[4]: Leaving directory '/home/shrunoti/Downloads/workspace/legato/build/localhost/framework/libjansson/CMakeFiles/CMakeTmp'
make[3]: Leaving directory '/home/shrunoti/Downloads/workspace/legato/build/localhost/framework/libjansson/CMakeFiles/CMakeTmp'


Determining size of long passed with the following output:
Change Dir: /home/shrunoti/Downloads/workspace/legato/build/localhost/framework/libjansson/CMakeFiles/CMakeTmp

Run Build Command:"/usr/bin/make" "cmTC_2d3e9/fast"
make[3]: Entering directory '/home/shrunoti/Downloads/workspace/legato/build/localhost/framework/libjansson/CMakeFiles/CMakeTmp'
/usr/bin/make -f CMakeFiles/cmTC_2d3e9.dir/build.make CMakeFiles/cmTC_2d3e9.dir/build
make[4]: Entering directory '/home/shrunoti/Downloads/workspace/legato/build/localhost/framework/libjansson/CMakeFiles/CMakeTmp'
Building C object CMakeFiles/cmTC_2d3e9.dir/LONG_INT.c.o
/usr/bin//gcc    --sysroot=/   --sysroot=/ -o CMakeFiles/cmTC_2d3e9.dir/LONG_INT.c.o   -c /home/shrunoti/Downloads/workspace/legato/build/localhost/framework/libjansson/CMakeFiles/CheckTypeSize/LONG_INT.c
Linking C executable cmTC_2d3e9
/usr/bin/cmake -E cmake_link_script CMakeFiles/cmTC_2d3e9.dir/link.txt --verbose=1
/usr/bin//gcc   --sysroot=/  --sysroot=/  CMakeFiles/cmTC_2d3e9.dir/LONG_INT.c.o  -o cmTC_2d3e9 -rdynamic 
make[4]: Leaving directory '/home/shrunoti/Downloads/workspace/legato/build/localhost/framework/libjansson/CMakeFiles/CMakeTmp'
make[3]: Leaving directory '/home/shrunoti/Downloads/workspace/legato/build/localhost/framework/libjansson/CMakeFiles/CMakeTmp'


Determining size of int passed with the following output:
Change Dir: /home/shrunoti/Downloads/workspace/legato/build/localhost/framework/libjansson/CMakeFiles/CMakeTmp

Run Build Command:"/usr/bin/make" "cmTC_c4ad3/fast"
make[3]: Entering directory '/home/shrunoti/Downloads/workspace/legato/build/localhost/framework/libjansson/CMakeFiles/CMakeTmp'
/usr/bin/make -f CMakeFiles/cmTC_c4ad3.dir/build.make CMakeFiles/cmTC_c4ad3.dir/build
make[4]: Entering directory '/home/shrunoti/Downloads/workspace/legato/build/localhost/framework/libjansson/CMakeFiles/CMakeTmp'
Building C object CMakeFiles/cmTC_c4ad3.dir/INT.c.o
/usr/bin//gcc    --sysroot=/   --sysroot=/ -o CMakeFiles/cmTC_c4ad3.dir/INT.c.o   -c /home/shrunoti/Downloads/workspace/legato/build/localhost/framework/libjansson/CMakeFiles/CheckTypeSize/INT.c
Linking C executable cmTC_c4ad3
/usr/bin/cmake -E cmake_link_script CMakeFiles/cmTC_c4ad3.dir/link.txt --verbose=1
/usr/bin//gcc   --sysroot=/  --sysroot=/  CMakeFiles/cmTC_c4ad3.dir/INT.c.o  -o cmTC_c4ad3 -rdynamic 
make[4]: Leaving directory '/home/shrunoti/Downloads/workspace/legato/build/localhost/framework/libjansson/CMakeFiles/CMakeTmp'
make[3]: Leaving directory '/home/shrunoti/Downloads/workspace/legato/build/localhost/framework/libjansson/CMakeFiles/CMakeTmp'


Determining size of unsigned long passed with the following output:
Change Dir: /home/shrunoti/Downloads/workspace/legato/build/localhost/framework/libjansson/CMakeFiles/CMakeTmp

Run Build Command:"/usr/bin/make" "cmTC_0cfce/fast"
make[3]: Entering directory '/home/shrunoti/Downloads/workspace/legato/build/localhost/framework/libjansson/CMakeFiles/CMakeTmp'
/usr/bin/make -f CMakeFiles/cmTC_0cfce.dir/build.make CMakeFiles/cmTC_0cfce.dir/build
make[4]: Entering directory '/home/shrunoti/Downloads/workspace/legato/build/localhost/framework/libjansson/CMakeFiles/CMakeTmp'
Building C object CMakeFiles/cmTC_0cfce.dir/UNSIGNED_LONG_INT.c.o
/usr/bin//gcc    --sysroot=/   --sysroot=/ -o CMakeFiles/cmTC_0cfce.dir/UNSIGNED_LONG_INT.c.o   -c /home/shrunoti/Downloads/workspace/legato/build/localhost/framework/libjansson/CMakeFiles/CheckTypeSize/UNSIGNED_LONG_INT.c
Linking C executable cmTC_0cfce
/usr/bin/cmake -E cmake_link_script CMakeFiles/cmTC_0cfce.dir/link.txt --verbose=1
/usr/bin//gcc   --sysroot=/  --sysroot=/  CMakeFiles/cmTC_0cfce.dir/UNSIGNED_LONG_INT.c.o  -o cmTC_0cfce -rdynamic 
make[4]: Leaving directory '/home/shrunoti/Downloads/workspace/legato/build/localhost/framework/libjansson/CMakeFiles/CMakeTmp'
make[3]: Leaving directory '/home/shrunoti/Downloads/workspace/legato/build/localhost/framework/libjansson/CMakeFiles/CMakeTmp'


Determining size of unsigned int passed with the following output:
Change Dir: /home/shrunoti/Downloads/workspace/legato/build/localhost/framework/libjansson/CMakeFiles/CMakeTmp

Run Build Command:"/usr/bin/make" "cmTC_df1f8/fast"
make[3]: Entering directory '/home/shrunoti/Downloads/workspace/legato/build/localhost/framework/libjansson/CMakeFiles/CMakeTmp'
/usr/bin/make -f CMakeFiles/cmTC_df1f8.dir/build.make CMakeFiles/cmTC_df1f8.dir/build
make[4]: Entering directory '/home/shrunoti/Downloads/workspace/legato/build/localhost/framework/libjansson/CMakeFiles/CMakeTmp'
Building C object CMakeFiles/cmTC_df1f8.dir/UNSIGNED_INT.c.o
/usr/bin//gcc    --sysroot=/   --sysroot=/ -o CMakeFiles/cmTC_df1f8.dir/UNSIGNED_INT.c.o   -c /home/shrunoti/Downloads/workspace/legato/build/localhost/framework/libjansson/CMakeFiles/CheckTypeSize/UNSIGNED_INT.c
Linking C executable cmTC_df1f8
/usr/bin/cmake -E cmake_link_script CMakeFiles/cmTC_df1f8.dir/link.txt --verbose=1
/usr/bin//gcc   --sysroot=/  --sysroot=/  CMakeFiles/cmTC_df1f8.dir/UNSIGNED_INT.c.o  -o cmTC_df1f8 -rdynamic 
make[4]: Leaving directory '/home/shrunoti/Downloads/workspace/legato/build/localhost/framework/libjansson/CMakeFiles/CMakeTmp'
make[3]: Leaving directory '/home/shrunoti/Downloads/workspace/legato/build/localhost/framework/libjansson/CMakeFiles/CMakeTmp'


Determining size of unsigned short passed with the following output:
Change Dir: /home/shrunoti/Downloads/workspace/legato/build/localhost/framework/libjansson/CMakeFiles/CMakeTmp

Run Build Command:"/usr/bin/make" "cmTC_f2d57/fast"
make[3]: Entering directory '/home/shrunoti/Downloads/workspace/legato/build/localhost/framework/libjansson/CMakeFiles/CMakeTmp'
/usr/bin/make -f CMakeFiles/cmTC_f2d57.dir/build.make CMakeFiles/cmTC_f2d57.dir/build
make[4]: Entering directory '/home/shrunoti/Downloads/workspace/legato/build/localhost/framework/libjansson/CMakeFiles/CMakeTmp'
Building C object CMakeFiles/cmTC_f2d57.dir/UNSIGNED_SHORT.c.o
/usr/bin//gcc    --sysroot=/   --sysroot=/ -o CMakeFiles/cmTC_f2d57.dir/UNSIGNED_SHORT.c.o   -c /home/shrunoti/Downloads/workspace/legato/build/localhost/framework/libjansson/CMakeFiles/CheckTypeSize/UNSIGNED_SHORT.c
Linking C executable cmTC_f2d57
/usr/bin/cmake -E cmake_link_script CMakeFiles/cmTC_f2d57.dir/link.txt --verbose=1
/usr/bin//gcc   --sysroot=/  --sysroot=/  CMakeFiles/cmTC_f2d57.dir/UNSIGNED_SHORT.c.o  -o cmTC_f2d57 -rdynamic 
make[4]: Leaving directory '/home/shrunoti/Downloads/workspace/legato/build/localhost/framework/libjansson/CMakeFiles/CMakeTmp'
make[3]: Leaving directory '/home/shrunoti/Downloads/workspace/legato/build/localhost/framework/libjansson/CMakeFiles/CMakeTmp'


Determining size of uint32_t passed with the following output:
Change Dir: /home/shrunoti/Downloads/workspace/legato/build/localhost/framework/libjansson/CMakeFiles/CMakeTmp

Run Build Command:"/usr/bin/make" "cmTC_43bc7/fast"
make[3]: Entering directory '/home/shrunoti/Downloads/workspace/legato/build/localhost/framework/libjansson/CMakeFiles/CMakeTmp'
/usr/bin/make -f CMakeFiles/cmTC_43bc7.dir/build.make CMakeFiles/cmTC_43bc7.dir/build
make[4]: Entering directory '/home/shrunoti/Downloads/workspace/legato/build/localhost/framework/libjansson/CMakeFiles/CMakeTmp'
Building C object CMakeFiles/cmTC_43bc7.dir/UINT32_T.c.o
/usr/bin//gcc    --sysroot=/   --sysroot=/ -o CMakeFiles/cmTC_43bc7.dir/UINT32_T.c.o   -c /home/shrunoti/Downloads/workspace/legato/build/localhost/framework/libjansson/CMakeFiles/CheckTypeSize/UINT32_T.c
Linking C executable cmTC_43bc7
/usr/bin/cmake -E cmake_link_script CMakeFiles/cmTC_43bc7.dir/link.txt --verbose=1
/usr/bin//gcc   --sysroot=/  --sysroot=/  CMakeFiles/cmTC_43bc7.dir/UINT32_T.c.o  -o cmTC_43bc7 -rdynamic 
make[4]: Leaving directory '/home/shrunoti/Downloads/workspace/legato/build/localhost/framework/libjansson/CMakeFiles/CMakeTmp'
make[3]: Leaving directory '/home/shrunoti/Downloads/workspace/legato/build/localhost/framework/libjansson/CMakeFiles/CMakeTmp'


Determining size of uint16_t passed with the following output:
Change Dir: /home/shrunoti/Downloads/workspace/legato/build/localhost/framework/libjansson/CMakeFiles/CMakeTmp

Run Build Command:"/usr/bin/make" "cmTC_f0b9d/fast"
make[3]: Entering directory '/home/shrunoti/Downloads/workspace/legato/build/localhost/framework/libjansson/CMakeFiles/CMakeTmp'
/usr/bin/make -f CMakeFiles/cmTC_f0b9d.dir/build.make CMakeFiles/cmTC_f0b9d.dir/build
make[4]: Entering directory '/home/shrunoti/Downloads/workspace/legato/build/localhost/framework/libjansson/CMakeFiles/CMakeTmp'
Building C object CMakeFiles/cmTC_f0b9d.dir/UINT16_T.c.o
/usr/bin//gcc    --sysroot=/   --sysroot=/ -o CMakeFiles/cmTC_f0b9d.dir/UINT16_T.c.o   -c /home/shrunoti/Downloads/workspace/legato/build/localhost/framework/libjansson/CMakeFiles/CheckTypeSize/UINT16_T.c
Linking C executable cmTC_f0b9d
/usr/bin/cmake -E cmake_link_script CMakeFiles/cmTC_f0b9d.dir/link.txt --verbose=1
/usr/bin//gcc   --sysroot=/  --sysroot=/  CMakeFiles/cmTC_f0b9d.dir/UINT16_T.c.o  -o cmTC_f0b9d -rdynamic 
make[4]: Leaving directory '/home/shrunoti/Downloads/workspace/legato/build/localhost/framework/libjansson/CMakeFiles/CMakeTmp'
make[3]: Leaving directory '/home/shrunoti/Downloads/workspace/legato/build/localhost/framework/libjansson/CMakeFiles/CMakeTmp'


Determining size of uint8_t passed with the following output:
Change Dir: /home/shrunoti/Downloads/workspace/legato/build/localhost/framework/libjansson/CMakeFiles/CMakeTmp

Run Build Command:"/usr/bin/make" "cmTC_29d1e/fast"
make[3]: Entering directory '/home/shrunoti/Downloads/workspace/legato/build/localhost/framework/libjansson/CMakeFiles/CMakeTmp'
/usr/bin/make -f CMakeFiles/cmTC_29d1e.dir/build.make CMakeFiles/cmTC_29d1e.dir/build
make[4]: Entering directory '/home/shrunoti/Downloads/workspace/legato/build/localhost/framework/libjansson/CMakeFiles/CMakeTmp'
Building C object CMakeFiles/cmTC_29d1e.dir/UINT8_T.c.o
/usr/bin//gcc    --sysroot=/   --sysroot=/ -o CMakeFiles/cmTC_29d1e.dir/UINT8_T.c.o   -c /home/shrunoti/Downloads/workspace/legato/build/localhost/framework/libjansson/CMakeFiles/CheckTypeSize/UINT8_T.c
Linking C executable cmTC_29d1e
/usr/bin/cmake -E cmake_link_script CMakeFiles/cmTC_29d1e.dir/link.txt --verbose=1
/usr/bin//gcc   --sysroot=/  --sysroot=/  CMakeFiles/cmTC_29d1e.dir/UINT8_T.c.o  -o cmTC_29d1e -rdynamic 
make[4]: Leaving directory '/home/shrunoti/Downloads/workspace/legato/build/localhost/framework/libjansson/CMakeFiles/CMakeTmp'
make[3]: Leaving directory '/home/shrunoti/Downloads/workspace/legato/build/localhost/framework/libjansson/CMakeFiles/CMakeTmp'


Determining size of ssize_t passed with the following output:
Change Dir: /home/shrunoti/Downloads/workspace/legato/build/localhost/framework/libjansson/CMakeFiles/CMakeTmp

Run Build Command:"/usr/bin/make" "cmTC_8a83d/fast"
make[3]: Entering directory '/home/shrunoti/Downloads/workspace/legato/build/localhost/framework/libjansson/CMakeFiles/CMakeTmp'
/usr/bin/make -f CMakeFiles/cmTC_8a83d.dir/build.make CMakeFiles/cmTC_8a83d.dir/build
make[4]: Entering directory '/home/shrunoti/Downloads/workspace/legato/build/localhost/framework/libjansson/CMakeFiles/CMakeTmp'
Building C object CMakeFiles/cmTC_8a83d.dir/SSIZE_T.c.o
/usr/bin//gcc    --sysroot=/   --sysroot=/ -o CMakeFiles/cmTC_8a83d.dir/SSIZE_T.c.o   -c /home/shrunoti/Downloads/workspace/legato/build/localhost/framework/libjansson/CMakeFiles/CheckTypeSize/SSIZE_T.c
Linking C executable cmTC_8a83d
/usr/bin/cmake -E cmake_link_script CMakeFiles/cmTC_8a83d.dir/link.txt --verbose=1
/usr/bin//gcc   --sysroot=/  --sysroot=/  CMakeFiles/cmTC_8a83d.dir/SSIZE_T.c.o  -o cmTC_8a83d -rdynamic 
make[4]: Leaving directory '/home/shrunoti/Downloads/workspace/legato/build/localhost/framework/libjansson/CMakeFiles/CMakeTmp'
make[3]: Leaving directory '/home/shrunoti/Downloads/workspace/legato/build/localhost/framework/libjansson/CMakeFiles/CMakeTmp'


Determining if the function strtoll exists passed with the following output:
Change Dir: /home/shrunoti/Downloads/workspace/legato/build/localhost/framework/libjansson/CMakeFiles/CMakeTmp

Run Build Command:"/usr/bin/make" "cmTC_39fd2/fast"
make[3]: Entering directory '/home/shrunoti/Downloads/workspace/legato/build/localhost/framework/libjansson/CMakeFiles/CMakeTmp'
/usr/bin/make -f CMakeFiles/cmTC_39fd2.dir/build.make CMakeFiles/cmTC_39fd2.dir/build
make[4]: Entering directory '/home/shrunoti/Downloads/workspace/legato/build/localhost/framework/libjansson/CMakeFiles/CMakeTmp'
Building C object CMakeFiles/cmTC_39fd2.dir/CheckFunctionExists.c.o
/usr/bin//gcc    -DCHECK_FUNCTION_EXISTS=strtoll --sysroot=/   --sysroot=/ -o CMakeFiles/cmTC_39fd2.dir/CheckFunctionExists.c.o   -c /usr/share/cmake-3.5/Modules/CheckFunctionExists.c
Linking C executable cmTC_39fd2
/usr/bin/cmake -E cmake_link_script CMakeFiles/cmTC_39fd2.dir/link.txt --verbose=1
/usr/bin//gcc   -DCHECK_FUNCTION_EXISTS=strtoll --sysroot=/  --sysroot=/  CMakeFiles/cmTC_39fd2.dir/CheckFunctionExists.c.o  -o cmTC_39fd2 -rdynamic 
make[4]: Leaving directory '/home/shrunoti/Downloads/workspace/legato/build/localhost/framework/libjansson/CMakeFiles/CMakeTmp'
make[3]: Leaving directory '/home/shrunoti/Downloads/workspace/legato/build/localhost/framework/libjansson/CMakeFiles/CMakeTmp'


Determining if the function strtoq exists passed with the following output:
Change Dir: /home/shrunoti/Downloads/workspace/legato/build/localhost/framework/libjansson/CMakeFiles/CMakeTmp

Run Build Command:"/usr/bin/make" "cmTC_1efa0/fast"
make[3]: Entering directory '/home/shrunoti/Downloads/workspace/legato/build/localhost/framework/libjansson/CMakeFiles/CMakeTmp'
/usr/bin/make -f CMakeFiles/cmTC_1efa0.dir/build.make CMakeFiles/cmTC_1efa0.dir/build
make[4]: Entering directory '/home/shrunoti/Downloads/workspace/legato/build/localhost/framework/libjansson/CMakeFiles/CMakeTmp'
Building C object CMakeFiles/cmTC_1efa0.dir/CheckFunctionExists.c.o
/usr/bin//gcc    -DCHECK_FUNCTION_EXISTS=strtoq --sysroot=/   --sysroot=/ -o CMakeFiles/cmTC_1efa0.dir/CheckFunctionExists.c.o   -c /usr/share/cmake-3.5/Modules/CheckFunctionExists.c
Linking C executable cmTC_1efa0
/usr/bin/cmake -E cmake_link_script CMakeFiles/cmTC_1efa0.dir/link.txt --verbose=1
/usr/bin//gcc   -DCHECK_FUNCTION_EXISTS=strtoq --sysroot=/  --sysroot=/  CMakeFiles/cmTC_1efa0.dir/CheckFunctionExists.c.o  -o cmTC_1efa0 -rdynamic 
make[4]: Leaving directory '/home/shrunoti/Downloads/workspace/legato/build/localhost/framework/libjansson/CMakeFiles/CMakeTmp'
make[3]: Leaving directory '/home/shrunoti/Downloads/workspace/legato/build/localhost/framework/libjansson/CMakeFiles/CMakeTmp'


Determining if files locale.h exist passed with the following output:
Change Dir: /home/shrunoti/Downloads/workspace/legato/build/localhost/framework/libjansson/CMakeFiles/CMakeTmp

Run Build Command:"/usr/bin/make" "cmTC_c5e5a/fast"
make[3]: Entering directory '/home/shrunoti/Downloads/workspace/legato/build/localhost/framework/libjansson/CMakeFiles/CMakeTmp'
/usr/bin/make -f CMakeFiles/cmTC_c5e5a.dir/build.make CMakeFiles/cmTC_c5e5a.dir/build
make[4]: Entering directory '/home/shrunoti/Downloads/workspace/legato/build/localhost/framework/libjansson/CMakeFiles/CMakeTmp'
Building C object CMakeFiles/cmTC_c5e5a.dir/CheckIncludeFiles.c.o
/usr/bin//gcc    --sysroot=/   --sysroot=/ -o CMakeFiles/cmTC_c5e5a.dir/CheckIncludeFiles.c.o   -c /home/shrunoti/Downloads/workspace/legato/build/localhost/framework/libjansson/CMakeFiles/CMakeTmp/CheckIncludeFiles.c
Linking C executable cmTC_c5e5a
/usr/bin/cmake -E cmake_link_script CMakeFiles/cmTC_c5e5a.dir/link.txt --verbose=1
/usr/bin//gcc   --sysroot=/  --sysroot=/  CMakeFiles/cmTC_c5e5a.dir/CheckIncludeFiles.c.o  -o cmTC_c5e5a -rdynamic 
make[4]: Leaving directory '/home/shrunoti/Downloads/workspace/legato/build/localhost/framework/libjansson/CMakeFiles/CMakeTmp'
make[3]: Leaving directory '/home/shrunoti/Downloads/workspace/legato/build/localhost/framework/libjansson/CMakeFiles/CMakeTmp'


Determining if the function localeconv exists passed with the following output:
Change Dir: /home/shrunoti/Downloads/workspace/legato/build/localhost/framework/libjansson/CMakeFiles/CMakeTmp

Run Build Command:"/usr/bin/make" "cmTC_84caf/fast"
make[3]: Entering directory '/home/shrunoti/Downloads/workspace/legato/build/localhost/framework/libjansson/CMakeFiles/CMakeTmp'
/usr/bin/make -f CMakeFiles/cmTC_84caf.dir/build.make CMakeFiles/cmTC_84caf.dir/build
make[4]: Entering directory '/home/shrunoti/Downloads/workspace/legato/build/localhost/framework/libjansson/CMakeFiles/CMakeTmp'
Building C object CMakeFiles/cmTC_84caf.dir/CheckFunctionExists.c.o
/usr/bin//gcc    -DCHECK_FUNCTION_EXISTS=localeconv --sysroot=/   --sysroot=/ -o CMakeFiles/cmTC_84caf.dir/CheckFunctionExists.c.o   -c /usr/share/cmake-3.5/Modules/CheckFunctionExists.c
Linking C executable cmTC_84caf
/usr/bin/cmake -E cmake_link_script CMakeFiles/cmTC_84caf.dir/link.txt --verbose=1
/usr/bin//gcc   -DCHECK_FUNCTION_EXISTS=localeconv --sysroot=/  --sysroot=/  CMakeFiles/cmTC_84caf.dir/CheckFunctionExists.c.o  -o cmTC_84caf -rdynamic 
make[4]: Leaving directory '/home/shrunoti/Downloads/workspace/legato/build/localhost/framework/libjansson/CMakeFiles/CMakeTmp'
make[3]: Leaving directory '/home/shrunoti/Downloads/workspace/legato/build/localhost/framework/libjansson/CMakeFiles/CMakeTmp'


Determining if the function setlocale exists passed with the following output:
Change Dir: /home/shrunoti/Downloads/workspace/legato/build/localhost/framework/libjansson/CMakeFiles/CMakeTmp

Run Build Command:"/usr/bin/make" "cmTC_fb6ff/fast"
make[3]: Entering directory '/home/shrunoti/Downloads/workspace/legato/build/localhost/framework/libjansson/CMakeFiles/CMakeTmp'
/usr/bin/make -f CMakeFiles/cmTC_fb6ff.dir/build.make CMakeFiles/cmTC_fb6ff.dir/build
make[4]: Entering directory '/home/shrunoti/Downloads/workspace/legato/build/localhost/framework/libjansson/CMakeFiles/CMakeTmp'
Building C object CMakeFiles/cmTC_fb6ff.dir/CheckFunctionExists.c.o
/usr/bin//gcc    -DCHECK_FUNCTION_EXISTS=setlocale --sysroot=/   --sysroot=/ -o CMakeFiles/cmTC_fb6ff.dir/CheckFunctionExists.c.o   -c /usr/share/cmake-3.5/Modules/CheckFunctionExists.c
Linking C executable cmTC_fb6ff
/usr/bin/cmake -E cmake_link_script CMakeFiles/cmTC_fb6ff.dir/link.txt --verbose=1
/usr/bin//gcc   -DCHECK_FUNCTION_EXISTS=setlocale --sysroot=/  --sysroot=/  CMakeFiles/cmTC_fb6ff.dir/CheckFunctionExists.c.o  -o cmTC_fb6ff -rdynamic 
make[4]: Leaving directory '/home/shrunoti/Downloads/workspace/legato/build/localhost/framework/libjansson/CMakeFiles/CMakeTmp'
make[3]: Leaving directory '/home/shrunoti/Downloads/workspace/legato/build/localhost/framework/libjansson/CMakeFiles/CMakeTmp'


Performing C SOURCE FILE Test HAVE_INLINE succeeded with the following output:
Change Dir: /home/shrunoti/Downloads/workspace/legato/build/localhost/framework/libjansson/CMakeFiles/CMakeTmp

Run Build Command:"/usr/bin/make" "cmTC_64f49/fast"
make[3]: Entering directory '/home/shrunoti/Downloads/workspace/legato/build/localhost/framework/libjansson/CMakeFiles/CMakeTmp'
/usr/bin/make -f CMakeFiles/cmTC_64f49.dir/build.make CMakeFiles/cmTC_64f49.dir/build
make[4]: Entering directory '/home/shrunoti/Downloads/workspace/legato/build/localhost/framework/libjansson/CMakeFiles/CMakeTmp'
Building C object CMakeFiles/cmTC_64f49.dir/src.c.o
/usr/bin//gcc    -DHAVE_INLINE --sysroot=/   --sysroot=/ -o CMakeFiles/cmTC_64f49.dir/src.c.o   -c /home/shrunoti/Downloads/workspace/legato/build/localhost/framework/libjansson/CMakeFiles/CMakeTmp/src.c
Linking C executable cmTC_64f49
/usr/bin/cmake -E cmake_link_script CMakeFiles/cmTC_64f49.dir/link.txt --verbose=1
/usr/bin//gcc   -DHAVE_INLINE --sysroot=/  --sysroot=/  CMakeFiles/cmTC_64f49.dir/src.c.o  -o cmTC_64f49 -rdynamic 
make[4]: Leaving directory '/home/shrunoti/Downloads/workspace/legato/build/localhost/framework/libjansson/CMakeFiles/CMakeTmp'
make[3]: Leaving directory '/home/shrunoti/Downloads/workspace/legato/build/localhost/framework/libjansson/CMakeFiles/CMakeTmp'

Source file was:
inline void func(); void func() { } int main() { func(); return 0; }
Performing C SOURCE FILE Test HAVE___INLINE succeeded with the following output:
Change Dir: /home/shrunoti/Downloads/workspace/legato/build/localhost/framework/libjansson/CMakeFiles/CMakeTmp

Run Build Command:"/usr/bin/make" "cmTC_40c78/fast"
make[3]: Entering directory '/home/shrunoti/Downloads/workspace/legato/build/localhost/framework/libjansson/CMakeFiles/CMakeTmp'
/usr/bin/make -f CMakeFiles/cmTC_40c78.dir/build.make CMakeFiles/cmTC_40c78.dir/build
make[4]: Entering directory '/home/shrunoti/Downloads/workspace/legato/build/localhost/framework/libjansson/CMakeFiles/CMakeTmp'
Building C object CMakeFiles/cmTC_40c78.dir/src.c.o
/usr/bin//gcc    -DHAVE___INLINE --sysroot=/   --sysroot=/ -o CMakeFiles/cmTC_40c78.dir/src.c.o   -c /home/shrunoti/Downloads/workspace/legato/build/localhost/framework/libjansson/CMakeFiles/CMakeTmp/src.c
Linking C executable cmTC_40c78
/usr/bin/cmake -E cmake_link_script CMakeFiles/cmTC_40c78.dir/link.txt --verbose=1
/usr/bin//gcc   -DHAVE___INLINE --sysroot=/  --sysroot=/  CMakeFiles/cmTC_40c78.dir/src.c.o  -o cmTC_40c78 -rdynamic 
make[4]: Leaving directory '/home/shrunoti/Downloads/workspace/legato/build/localhost/framework/libjansson/CMakeFiles/CMakeTmp'
make[3]: Leaving directory '/home/shrunoti/Downloads/workspace/legato/build/localhost/framework/libjansson/CMakeFiles/CMakeTmp'

Source file was:
__inline void func(); void func() { } int main() { func(); return 0; }
Performing C SOURCE FILE Test HAVE___INLINE__ succeeded with the following output:
Change Dir: /home/shrunoti/Downloads/workspace/legato/build/localhost/framework/libjansson/CMakeFiles/CMakeTmp

Run Build Command:"/usr/bin/make" "cmTC_201d2/fast"
make[3]: Entering directory '/home/shrunoti/Downloads/workspace/legato/build/localhost/framework/libjansson/CMakeFiles/CMakeTmp'
/usr/bin/make -f CMakeFiles/cmTC_201d2.dir/build.make CMakeFiles/cmTC_201d2.dir/build
make[4]: Entering directory '/home/shrunoti/Downloads/workspace/legato/build/localhost/framework/libjansson/CMakeFiles/CMakeTmp'
Building C object CMakeFiles/cmTC_201d2.dir/src.c.o
/usr/bin//gcc    -DHAVE___INLINE__ --sysroot=/   --sysroot=/ -o CMakeFiles/cmTC_201d2.dir/src.c.o   -c /home/shrunoti/Downloads/workspace/legato/build/localhost/framework/libjansson/CMakeFiles/CMakeTmp/src.c
Linking C executable cmTC_201d2
/usr/bin/cmake -E cmake_link_script CMakeFiles/cmTC_201d2.dir/link.txt --verbose=1
/usr/bin//gcc   -DHAVE___INLINE__ --sysroot=/  --sysroot=/  CMakeFiles/cmTC_201d2.dir/src.c.o  -o cmTC_201d2 -rdynamic 
make[4]: Leaving directory '/home/shrunoti/Downloads/workspace/legato/build/localhost/framework/libjansson/CMakeFiles/CMakeTmp'
make[3]: Leaving directory '/home/shrunoti/Downloads/workspace/legato/build/localhost/framework/libjansson/CMakeFiles/CMakeTmp'

Source file was:
__inline__ void func(); void func() { } int main() { func(); return 0; }
Performing C SOURCE FILE Test HAVE_SYNC_BUILTINS succeeded with the following output:
Change Dir: /home/shrunoti/Downloads/workspace/legato/build/localhost/framework/libjansson/CMakeFiles/CMakeTmp

Run Build Command:"/usr/bin/make" "cmTC_02139/fast"
make[3]: Entering directory '/home/shrunoti/Downloads/workspace/legato/build/localhost/framework/libjansson/CMakeFiles/CMakeTmp'
/usr/bin/make -f CMakeFiles/cmTC_02139.dir/build.make CMakeFiles/cmTC_02139.dir/build
make[4]: Entering directory '/home/shrunoti/Downloads/workspace/legato/build/localhost/framework/libjansson/CMakeFiles/CMakeTmp'
Building C object CMakeFiles/cmTC_02139.dir/src.c.o
/usr/bin//gcc    -DHAVE_SYNC_BUILTINS --sysroot=/   --sysroot=/ -o CMakeFiles/cmTC_02139.dir/src.c.o   -c /home/shrunoti/Downloads/workspace/legato/build/localhost/framework/libjansson/CMakeFiles/CMakeTmp/src.c
Linking C executable cmTC_02139
/usr/bin/cmake -E cmake_link_script CMakeFiles/cmTC_02139.dir/link.txt --verbose=1
/usr/bin//gcc   -DHAVE_SYNC_BUILTINS --sysroot=/  --sysroot=/  CMakeFiles/cmTC_02139.dir/src.c.o  -o cmTC_02139 -rdynamic 
make[4]: Leaving directory '/home/shrunoti/Downloads/workspace/legato/build/localhost/framework/libjansson/CMakeFiles/CMakeTmp'
make[3]: Leaving directory '/home/shrunoti/Downloads/workspace/legato/build/localhost/framework/libjansson/CMakeFiles/CMakeTmp'

Source file was:
int main() { unsigned long val; __sync_bool_compare_and_swap(&val, 0, 1); return 0; } 
Performing C SOURCE FILE Test HAVE_ATOMIC_BUILTINS succeeded with the following output:
Change Dir: /home/shrunoti/Downloads/workspace/legato/build/localhost/framework/libjansson/CMakeFiles/CMakeTmp

Run Build Command:"/usr/bin/make" "cmTC_6fcad/fast"
make[3]: Entering directory '/home/shrunoti/Downloads/workspace/legato/build/localhost/framework/libjansson/CMakeFiles/CMakeTmp'
/usr/bin/make -f CMakeFiles/cmTC_6fcad.dir/build.make CMakeFiles/cmTC_6fcad.dir/build
make[4]: Entering directory '/home/shrunoti/Downloads/workspace/legato/build/localhost/framework/libjansson/CMakeFiles/CMakeTmp'
Building C object CMakeFiles/cmTC_6fcad.dir/src.c.o
/usr/bin//gcc    -DHAVE_ATOMIC_BUILTINS --sysroot=/   --sysroot=/ -o CMakeFiles/cmTC_6fcad.dir/src.c.o   -c /home/shrunoti/Downloads/workspace/legato/build/localhost/framework/libjansson/CMakeFiles/CMakeTmp/src.c
Linking C executable cmTC_6fcad
/usr/bin/cmake -E cmake_link_script CMakeFiles/cmTC_6fcad.dir/link.txt --verbose=1
/usr/bin//gcc   -DHAVE_ATOMIC_BUILTINS --sysroot=/  --sysroot=/  CMakeFiles/cmTC_6fcad.dir/src.c.o  -o cmTC_6fcad -rdynamic 
make[4]: Leaving directory '/home/shrunoti/Downloads/workspace/legato/build/localhost/framework/libjansson/CMakeFiles/CMakeTmp'
make[3]: Leaving directory '/home/shrunoti/Downloads/workspace/legato/build/localhost/framework/libjansson/CMakeFiles/CMakeTmp'

Source file was:
int main() { char l; unsigned long v; __atomic_test_and_set(&l, __ATOMIC_RELAXED); __atomic_store_n(&v, 1, __ATOMIC_RELEASE); __atomic_load_n(&v, __ATOMIC_ACQUIRE); return 0; }
