#***************************************************************************

#sjplacer

#Version:            1.1

#Build Date:         Dec  5 2017 15:35:27

#File Generated:     Jan 21 2019 12:02:15

#Purpose:            

#Copyright (C) 2010-2011 by Softjin Technologies Pvt Ltd. All rights reserved.

#***************************************************************************

Executing : C:\Program Files (x86)\Cypress\PSoC Creator\4.2\PSoC Creator\bin/sjplacer.exe --proj-name PSOC6_FreeRTOS+LwIP+MbedTLS_Azure-IOT-Hub-Demo --netlist-vh2 PSOC6_FreeRTOS+LwIP+MbedTLS_Azure-IOT-Hub-Demo_p.vh2 --arch p6_udb2x6 --arch-file C:\Users\Phuong\Documents\PSoC Creator\4.2\Devices\arch/udbdsi2_2x6_12.cydata --ip-file C:\Users\Phuong\Documents\PSoC Creator\4.2\Devices\psoc6/0/ip_blocks.cydata --rrg-file C:\Users\Phuong\Documents\PSoC Creator\4.2\Devices\psoc6/0/route_arch-rrg.cydata --irq-file C:\Users\Phuong\Documents\PSoC Creator\4.2\Devices\psoc6/0/irqconn.cydata --drq-file C:\Users\Phuong\Documents\PSoC Creator\4.2\Devices\psoc6/0/triggerconn.cydata --dsi-conn-file C:\Users\Phuong\Documents\PSoC Creator\4.2\Devices\psoc6/0/dsiconn.cydata --pins-file pins_124-BGA.xml --lib-file PSOC6_FreeRTOS+LwIP+MbedTLS_Azure-IOT-Hub-Demo_p.lib --sdc-file PSOC6_FreeRTOS+LwIP+MbedTLS_Azure-IOT-Hub-Demo.sdc --io-pcf PSOC6_FreeRTOS+LwIP+MbedTLS_Azure-IOT-Hub-Demo.pci --outdir .

		Softjin Techologies Placer, Version 1.1

Build Date : Dec  5 2017	15:33:41

D2004: Option and Settings Summary
=============================================================
Netlist vh2 file          - PSOC6_FreeRTOS+LwIP+MbedTLS_Azure-IOT-Hub-Demo_p.vh2
Architecture file         - C:\Users\Phuong\Documents\PSoC Creator\4.2\Devices\arch/udbdsi2_2x6_12.cydata
Package                   - 
Defparam file             - 
SDC file                  - PSOC6_FreeRTOS+LwIP+MbedTLS_Azure-IOT-Hub-Demo.sdc
Output directory          - .
Timing library            - PSOC6_FreeRTOS+LwIP+MbedTLS_Azure-IOT-Hub-Demo_p.lib
IO Placement file         - PSOC6_FreeRTOS+LwIP+MbedTLS_Azure-IOT-Hub-Demo.pci

D2050: Starting reading inputs for placer
=============================================================
D2065: Reading netlist file : "PSOC6_FreeRTOS+LwIP+MbedTLS_Azure-IOT-Hub-Demo_p.vh2"
D2065: Reading arch file : "C:\Users\Phuong\Documents\PSoC Creator\4.2\Devices\arch/udbdsi2_2x6_12.cydata"
D2051: Reading of inputs for placer completed successfully

D2053: Starting placement of the design
=============================================================

Phase 2
Phase 3
I2659: No Constrained paths were found. The placer will run in non-timing driven mode.

Design Statistics after Packing
    Number of Combinational MCs 	:	0
    Number of Sequential MCs    	:	0
    Number of DPs               	:	0
    Number of Controls          	:	0
    Number of Status            	:	0
    Number of SyncCells         	:	0
    Number of count7cells       	:	0

Device Utilization Summary after Packing
    Macrocells                  :	0/96
    UDBS                        :	0/12
    IOs                         :	9/104


D2088: Phase 3, elapsed time : 0.0 (sec)

Phase 4
D2088: Phase 4, elapsed time : 0.0 (sec)

Phase 8
D2088: Phase 8, elapsed time : 0.0 (sec)

D2054: Placement of the design completed successfully

I2076: Total run-time: 0.5 sec.

